[Sun Nov 20 03:28:22 2005] [notice] jk2_init() Found child 16143 in scoreboard slot 1
[Sun Nov 20 03:28:36 2005] [notice] jk2_init() Found child 16147 in scoreboard slot 4
[Sun Nov 20 03:28:36 2005] [notice] jk2_init() Found child 16144 in scoreboard slot 2
[Sun Nov 20 03:28:35 2005] [notice] jk2_init() Found child 16145 in scoreboard slot 0
[Sun Nov 20 03:28:35 2005] [notice] jk2_init() Found child 16146 in scoreboard slot 3
[Sun Nov 20 03:28:38 2005] [notice] workerEnv.init() ok /etc/httpd/conf/workers2.properties
[Sun Nov 20 03:28:38 2005] [error] mod_jk child workerEnv in error state 4
[Sun Nov 20 03:28:56 2005] [notice] workerEnv.init() ok /etc/httpd/conf/workers2.properties
[Sun Nov 20 03:28:56 2005] [notice] workerEnv.init() ok /etc/httpd/conf/workers2.properties
[Sun Nov 20 03:28:56 2005] [notice] workerEnv.init() ok /etc/httpd/conf/workers2.properties
[Sun Nov 20 03:28:58 2005] [error] mod_jk child workerEnv in error state 4
[Sun Nov 20 03:28:58 2005] [error] mod_jk child workerEnv in error state 3
[Sun Nov 20 03:28:58 2005] [error] mod_jk child workerEnv in error state 4
[Sun Nov 20 03:29:26 2005] [notice] jk2_init() Found child 16148 in scoreboard slot 0
[Sun Nov 20 03:29:31 2005] [notice] workerEnv.init() ok /etc/httpd/conf/workers2.properties
[Sun Nov 20 03:29:31 2005] [error] mod_jk child init 1 0
[Sun Nov 20 03:29:31 2005] [error] mod_jk child workerEnv in error state 4
[Sun Nov 20 03:30:21 2005] [notice] jk2_init() Found child 16157 in scoreboard slot 5
[Sun Nov 20 03:30:39 2005] [notice] workerEnv.init() ok /etc/httpd/conf/workers2.properties
[Sun Nov 20 03:30:46 2005] [error] mod_jk child workerEnv in error state 3
[Sun Nov 20 03:31:27 2005] [notice] jk2_init() Found child 16160 in scoreboard slot 3
[Sun Nov 20 03:31:27 2005] [notice] jk2_init() Found child 16161 in scoreboard slot 0
[Sun Nov 20 03:31:27 2005] [notice] jk2_init() Found child 16159 in scoreboard slot 2
[Sun Nov 20 03:31:27 2005] [notice] jk2_init() Found child 16158 in scoreboard slot 1
[Sun Nov 20 03:31:32 2005] [notice] workerEnv.init() ok /etc/httpd/conf/workers2.properties
[Sun Nov 20 03:31:32 2005] [notice] workerEnv.init() ok /etc/httpd/conf/workers2.properties
[Sun Nov 20 03:31:32 2005] [error] mod_jk child workerEnv in error state 3
[Sun Nov 20 03:31:32 2005] [error] mod_jk child workerEnv in error state 3
[Sun Nov 20 03:31:32 2005] [notice] workerEnv.init() ok /etc/httpd/conf/workers2.properties
[Sun Nov 20 03:31:32 2005] [error] mod_jk child init 1 0
[Sun Nov 20 03:31:32 2005] [error] mod_jk child workerEnv in error state 3
[Sun Nov 20 03:31:32 2005] [notice] workerEnv.init() ok /etc/httpd/conf/workers2.properties
[Sun Nov 20 03:31:32 2005] [error] mod_jk child workerEnv in error state 3
[Sun Nov 20 03:36:07 2005] [notice] jk2_init() Found child 16173 in scoreboard slot 4
[Sun Nov 20 03:36:16 2005] [notice] jk2_init() Found child 16176 in scoreboard slot 3
[Sun Nov 20 03:36:16 2005] [notice] jk2_init() Found child 16175 in scoreboard slot 2
[Sun Nov 20 03:36:16 2005] [notice] jk2_init() Found child 16174 in scoreboard slot 1
[Sun Nov 20 03:37:50 2005] [notice] jk2_init() Found child 16182 in scoreboard slot 0
[Sun Nov 20 03:38:07 2005] [notice] jk2_init() Found child 16184 in scoreboard slot 1
[Sun Nov 20 03:38:07 2005] [notice] jk2_init() Found child 16183 in scoreboard slot 4
[Sun Nov 20 03:38:38 2005] [notice] jk2_init() Found child 16187 in scoreboard slot 0
[Sun Nov 20 03:38:38 2005] [notice] jk2_init() Found child 16186 in scoreboard slot 3
[Sun Nov 20 03:38:58 2005] [notice] workerEnv.init() ok /etc/httpd/conf/workers2.properties
[Sun Nov 20 03:38:58 2005] [notice] workerEnv.init() ok /etc/httpd/conf/workers2.properties
[Sun Nov 20 03:38:59 2005] [notice] jk2_init() Found child 16189 in scoreboard slot 1
[Sun Nov 20 03:38:59 2005] [notice] jk2_init() Found child 16190 in scoreboard slot 2
[Sun Nov 20 03:38:59 2005] [notice] jk2_init() Found child 16188 in scoreboard slot 4
[Sun Nov 20 03:38:59 2005] [error] mod_jk child workerEnv in error state 4
[Sun Nov 20 03:38:59 2005] [error] mod_jk child init 1 0
[Sun Nov 20 03:38:59 2005] [error] mod_jk child workerEnv in error state 4
[Sun Nov 20 03:39:04 2005] [notice] workerEnv.init() ok /etc/httpd/conf/workers2.properties
[Sun Nov 20 03:39:04 2005] [error] mod_jk child workerEnv in error state 5
[Sun Nov 20 03:39:04 2005] [notice] workerEnv.init() ok /etc/httpd/conf/workers2.properties
[Sun Nov 20 03:39:04 2005] [error] mod_jk child workerEnv in error state 4
[Sun Nov 20 03:39:04 2005] [notice] workerEnv.init() ok /etc/httpd/conf/workers2.properties
[Sun Nov 20 03:39:04 2005] [error] mod_jk child workerEnv in error state 5
[Sun Nov 20 04:09:08 2005] [notice] Graceful restart requested, doing restart
[Sun Nov 20 04:09:11 2005] [notice] mod_jk2 Shutting down
[Sun Nov 20 04:09:11 2005] [notice] mod_jk2 Shutting down
[Sun Nov 20 04:09:11 2005] [notice] mod_jk2 Shutting down
[Sun Nov 20 04:09:11 2005] [notice] mod_jk2 Shutting down
[Sun Nov 20 04:09:11 2005] [notice] mod_jk2 Shutting down
[Sun Nov 20 04:10:29 2005] [notice] Digest: generating secret for digest authentication ...
[Sun Nov 20 04:10:29 2005] [notice] Digest: done
[Sun Nov 20 04:10:29 2005] [notice] LDAP: Built with OpenLDAP LDAP SDK
[Sun Nov 20 04:10:29 2005] [notice] LDAP: SSL support unavailable
[Sun Nov 20 04:10:30 2005] [error] env.createBean2(): Factory error creating channel.jni:jni ( channel.jni, jni)
[Sun Nov 20 04:10:30 2005] [error] config.update(): Can't create channel.jni:jni
[Sun Nov 20 04:10:30 2005] [error] env.createBean2(): Factory error creating vm: ( vm, )
[Sun Nov 20 04:10:30 2005] [error] config.update(): Can't create vm:
[Sun Nov 20 04:10:30 2005] [error] env.createBean2(): Factory error creating worker.jni:onStartup ( worker.jni, onStartup)
[Sun Nov 20 04:10:30 2005] [error] config.update(): Can't create worker.jni:onStartup
[Sun Nov 20 04:10:30 2005] [error] env.createBean2(): Factory error creating worker.jni:onShutdown ( worker.jni, onShutdown)
[Sun Nov 20 04:10:30 2005] [error] config.update(): Can't create worker.jni:onShutdown
[Sun Nov 20 04:10:39 2005] [notice] mod_python: Creating 32 session mutexes based on 150 max processes and 0 max threads.
[Sun Nov 20 04:10:43 2005] [notice] mod_security/1.9dev2 configured
[Sun Nov 20 04:10:43 2005] [notice] Apache/2.0.49 (Fedora) configured -- resuming normal operations
[Sun Nov 20 04:10:44 2005] [notice] jk2_init() Found child 16845 in scoreboard slot 0
[Sun Nov 20 04:10:44 2005] [notice] jk2_init() Found child 16844 in scoreboard slot 3
[Sun Nov 20 04:10:44 2005] [notice] jk2_init() Found child 16848 in scoreboard slot 2
[Sun Nov 20 04:10:44 2005] [notice] jk2_init() Found child 16847 in scoreboard slot 1
[Sun Nov 20 04:10:44 2005] [notice] jk2_init() Found child 16846 in scoreboard slot 4
[Sun Nov 20 04:10:44 2005] [notice] workerEnv.init() ok /etc/httpd/conf/workers2.properties
[Sun Nov 20 04:10:44 2005] [error] mod_jk child workerEnv in error state 3
[Sun Nov 20 04:10:44 2005] [notice] workerEnv.init() ok /etc/httpd/conf/workers2.properties
[Sun Nov 20 04:10:44 2005] [error] mod_jk child workerEnv in error state 3
[Sun Nov 20 04:10:44 2005] [notice] workerEnv.init() ok /etc/httpd/conf/workers2.properties
[Sun Nov 20 04:10:44 2005] [error] mod_jk child init 1 0
[Sun Nov 20 04:10:44 2005] [error] mod_jk child workerEnv in error state 3
[Sun Nov 20 04:10:44 2005] [notice] workerEnv.init() ok /etc/httpd/conf/workers2.properties
[Sun Nov 20 04:10:44 2005] [error] mod_jk child workerEnv in error state 3
[Sun Nov 20 04:10:44 2005] [notice] workerEnv.init() ok /etc/httpd/conf/workers2.properties
[Sun Nov 20 04:10:44 2005] [error] mod_jk child workerEnv in error state 3
[Sun Nov 20 04:10:45 2005] [notice] jk2_init() Found child 16849 in scoreboard slot 5
[Sun Nov 20 04:10:45 2005] [notice] workerEnv.init() ok /etc/httpd/conf/workers2.properties
[Sun Nov 20 04:10:45 2005] [error] mod_jk child workerEnv in error state 3
[Sun Nov 20 04:10:45 2005] [notice] jk2_init() Found child 16850 in scoreboard slot 6
[Sun Nov 20 04:10:45 2005] [notice] workerEnv.init() ok /etc/httpd/conf/workers2.properties
[Sun Nov 20 04:10:45 2005] [error] mod_jk child workerEnv in error state 3
[Sun Nov 20 04:10:45 2005] [notice] jk2_init() Found child 16851 in scoreboard slot 7
