[Mon Nov 21 08:27:13 2005] [error] mod_jk child workerEnv in error state 4
[Mon Nov 21 08:27:13 2005] [notice] workerEnv.init() ok /etc/httpd/conf/workers2.properties
[Mon Nov 21 08:27:13 2005] [error] mod_jk child workerEnv in error state 5
[Mon Nov 21 08:31:02 2005] [notice] jk2_init() Found child 28164 in scoreboard slot 4
[Mon Nov 21 08:31:02 2005] [notice] jk2_init() Found child 28166 in scoreboard slot 1
[Mon Nov 21 08:31:02 2005] [notice] jk2_init() Found child 28165 in scoreboard slot 0
[Mon Nov 21 08:31:06 2005] [notice] jk2_init() Found child 28167 in scoreboard slot 2
[Mon Nov 21 08:31:06 2005] [notice] jk2_init() Found child 28168 in scoreboard slot 3
[Mon Nov 21 08:31:12 2005] [notice] workerEnv.init() ok /etc/httpd/conf/workers2.properties
[Mon Nov 21 08:31:13 2005] [notice] workerEnv.init() ok /etc/httpd/conf/workers2.properties
[Mon Nov 21 08:31:13 2005] [notice] workerEnv.init() ok /etc/httpd/conf/workers2.properties
[Mon Nov 21 08:31:13 2005] [notice] workerEnv.init() ok /etc/httpd/conf/workers2.properties
[Mon Nov 21 08:31:13 2005] [notice] workerEnv.init() ok /etc/httpd/conf/workers2.properties
[Mon Nov 21 08:31:14 2005] [error] mod_jk child workerEnv in error state 4
[Mon Nov 21 08:31:14 2005] [error] mod_jk child workerEnv in error state 4
[Mon Nov 21 08:31:14 2005] [error] mod_jk child workerEnv in error state 4
[Mon Nov 21 08:31:14 2005] [error] mod_jk child workerEnv in error state 4
[Mon Nov 21 08:31:14 2005] [error] mod_jk child init 1 0
[Mon Nov 21 08:31:14 2005] [error] mod_jk child workerEnv in error state 4
[Mon Nov 21 08:31:34 2005] [notice] jk2_init() Found child 28171 in scoreboard slot 1
[Mon Nov 21 08:31:34 2005] [notice] jk2_init() Found child 28169 in scoreboard slot 4
[Mon Nov 21 08:31:34 2005] [notice] jk2_init() Found child 28170 in scoreboard slot 0
[Mon Nov 21 08:31:38 2005] [notice] workerEnv.init() ok /etc/httpd/conf/workers2.properties
[Mon Nov 21 08:31:38 2005] [error] mod_jk child workerEnv in error state 4
[Mon Nov 21 08:31:38 2005] [notice] workerEnv.init() ok /etc/httpd/conf/workers2.properties
[Mon Nov 21 08:31:38 2005] [error] mod_jk child init 1 0
[Mon Nov 21 08:31:38 2005] [error] mod_jk child workerEnv in error state 4
[Mon Nov 21 08:31:38 2005] [notice] workerEnv.init() ok /etc/httpd/conf/workers2.properties
[Mon Nov 21 08:31:38 2005] [error] mod_jk child workerEnv in error state 4
[Mon Nov 21 08:37:12 2005] [notice] jk2_init() Found child 28192 in scoreboard slot 3
[Mon Nov 21 08:37:12 2005] [notice] jk2_init() Found child 28189 in scoreboard slot 0
[Mon Nov 21 08:37:12 2005] [notice] jk2_init() Found child 28188 in scoreboard slot 4
[Mon Nov 21 08:37:12 2005] [notice] jk2_init() Found child 28191 in scoreboard slot 2
[Mon Nov 21 08:37:12 2005] [notice] jk2_init() Found child 28190 in scoreboard slot 1
[Mon Nov 21 08:37:17 2005] [notice] workerEnv.init() ok /etc/httpd/conf/workers2.properties
[Mon Nov 21 08:37:17 2005] [error] mod_jk child workerEnv in error state 4
[Mon Nov 21 08:37:17 2005] [notice] workerEnv.init() ok /etc/httpd/conf/workers2.properties
[Mon Nov 21 08:37:17 2005] [error] mod_jk child workerEnv in error state 4
[Mon Nov 21 08:37:17 2005] [notice] workerEnv.init() ok /etc/httpd/conf/workers2.properties
[Mon Nov 21 08:37:17 2005] [error] mod_jk child init 1 0
[Mon Nov 21 08:37:17 2005] [error] mod_jk child workerEnv in error state 4
[Mon Nov 21 08:37:17 2005] [notice] workerEnv.init() ok /etc/httpd/conf/workers2.properties
[Mon Nov 21 08:37:17 2005] [error] mod_jk child workerEnv in error state 4
[Mon Nov 21 08:37:17 2005] [notice] workerEnv.init() ok /etc/httpd/conf/workers2.properties
[Mon Nov 21 08:37:17 2005] [error] mod_jk child workerEnv in error state 4
[Mon Nov 21 08:41:02 2005] [notice] jk2_init() Found child 28204 in scoreboard slot 4
[Mon Nov 21 08:41:35 2005] [notice] workerEnv.init() ok /etc/httpd/conf/workers2.properties
[Mon Nov 21 08:41:39 2005] [error] mod_jk child workerEnv in error state 4
[Mon Nov 21 08:41:53 2005] [notice] jk2_init() Found child 28205 in scoreboard slot 0
[Mon Nov 21 08:42:14 2005] [notice] jk2_init() Found child 28206 in scoreboard slot 1
[Mon Nov 21 08:42:14 2005] [notice] jk2_init() Found child 28207 in scoreboard slot 2
[Mon Nov 21 08:43:10 2005] [notice] jk2_init() Found child 28210 in scoreboard slot 0
[Mon Nov 21 08:43:10 2005] [notice] jk2_init() Found child 28211 in scoreboard slot 1
[Mon Nov 21 08:44:27 2005] [notice] jk2_init() Found child 28223 in scoreboard slot 3
[Mon Nov 21 08:44:27 2005] [notice] jk2_init() Found child 28221 in scoreboard slot 1
[Mon Nov 21 08:44:27 2005] [notice] jk2_init() Found child 28222 in scoreboard slot 2
[Mon Nov 21 08:44:27 2005] [notice] jk2_init() Found child 28220 in scoreboard slot 0
[Mon Nov 21 08:44:53 2005] [notice] workerEnv.init() ok /etc/httpd/conf/workers2.properties
[Mon Nov 21 08:45:11 2005] [notice] jk2_init() Found child 28226 in scoreboard slot 1
[Mon Nov 21 08:45:11 2005] [notice] jk2_init() Found child 28227 in scoreboard slot 2
[Mon Nov 21 08:45:11 2005] [notice] jk2_init() Found child 28225 in scoreboard slot 0
[Mon Nov 21 08:45:19 2005] [notice] jk2_init() Found child 28233 in scoreboard slot 4
[Mon Nov 21 08:45:19 2005] [notice] jk2_init() Found child 28228 in scoreboard slot 3
[Mon Nov 21 08:45:21 2005] [notice] workerEnv.init() ok /etc/httpd/conf/workers2.properties
[Mon Nov 21 08:45:21 2005] [notice] workerEnv.init() ok /etc/httpd/conf/workers2.properties
[Mon Nov 21 08:45:21 2005] [notice] workerEnv.init() ok /etc/httpd/conf/workers2.properties
[Mon Nov 21 08:45:21 2005] [notice] workerEnv.init() ok /etc/httpd/conf/workers2.properties
[Mon Nov 21 08:45:21 2005] [notice] workerEnv.init() ok /etc/httpd/conf/workers2.properties
[Mon Nov 21 08:45:21 2005] [error] mod_jk child workerEnv in error state 4
[Mon Nov 21 08:45:21 2005] [error] mod_jk child workerEnv in error state 7
[Mon Nov 21 08:45:21 2005] [error] mod_jk child init 1 0
[Mon Nov 21 08:45:21 2005] [error] mod_jk child workerEnv in error state 7
[Mon Nov 21 08:45:21 2005] [error] mod_jk child workerEnv in error state 6
[Mon Nov 21 08:45:21 2005] [error] mod_jk child workerEnv in error state 5
[Mon Nov 21 08:46:18 2005] [notice] jk2_init() Found child 28234 in scoreboard slot 0
[Mon Nov 21 08:46:36 2005] [notice] jk2_init() Found child 28237 in scoreboard slot 3
[Mon Nov 21 08:46:37 2005] [notice] jk2_init() Found child 28238 in scoreboard slot 4
[Mon Nov 21 08:46:37 2005] [notice] jk2_init() Found child 28236 in scoreboard slot 2
[Mon Nov 21 08:46:36 2005] [notice] jk2_init() Found child 28235 in scoreboard slot 1
[Mon Nov 21 08:48:18 2005] [notice] jk2_init() Found child 28249 in scoreboard slot 0
[Mon Nov 21 08:49:52 2005] [notice] jk2_init() Found child 28261 in scoreboard slot 2
[Mon Nov 21 08:49:52 2005] [notice] jk2_init() Found child 28262 in scoreboard slot 3
[Mon Nov 21 08:53:18 2005] [notice] jk2_init() Found child 28291 in scoreboard slot 0
[Mon Nov 21 08:53:18 2005] [error] jk2_init() Can't find child 28292 in scoreboard
[Mon Nov 21 08:53:18 2005] [error] jk2_init() Can't find child 28293 in scoreboard
[Mon Nov 21 08:53:19 2005] [notice] workerEnv.init() ok /etc/httpd/conf/workers2.properties
[Mon Nov 21 08:53:19 2005] [notice] workerEnv.init() ok /etc/httpd/conf/workers2.properties
[Mon Nov 21 08:53:19 2005] [notice] workerEnv.init() ok /etc/httpd/conf/workers2.properties
[Mon Nov 21 08:53:19 2005] [error] mod_jk child init 1 -2
[Mon Nov 21 08:53:19 2005] [error] mod_jk child init 1 -2
[Mon Nov 21 08:53:19 2005] [error] mod_jk child init 1 0
[Mon Nov 21 08:53:19 2005] [error] mod_jk child workerEnv in error state 6
[Mon Nov 21 08:53:19 2005] [error] jk2_init() Can't find child 28294 in scoreboard
[Mon Nov 21 08:53:19 2005] [notice] workerEnv.init() ok /etc/httpd/conf/workers2.properties
[Mon Nov 21 08:53:19 2005] [error] mod_jk child init 1 -2
[Mon Nov 21 08:53:19 2005] [error] jk2_init() Can't find child 28295 in scoreboard
[Mon Nov 21 08:53:19 2005] [notice] workerEnv.init() ok /etc/httpd/conf/workers2.properties
[Mon Nov 21 08:53:19 2005] [error] mod_jk child init 1 -2
[Mon Nov 21 08:53:20 2005] [error] jk2_init() Can't find child 28297 in scoreboard
[Mon Nov 21 08:53:20 2005] [notice] workerEnv.init() ok /etc/httpd/conf/workers2.properties
