[Sat Nov 19 00:17:31 2005] [notice] jk2_init() Found child 11801 in scoreboard slot 3
[Sat Nov 19 00:17:31 2005] [notice] jk2_init() Found child 11802 in scoreboard slot 0
[Sat Nov 19 00:18:03 2005] [notice] workerEnv.init() ok /etc/httpd/conf/workers2.properties
[Sat Nov 19 00:18:11 2005] [error] mod_jk child init 1 0
[Sat Nov 19 00:18:13 2005] [error] mod_jk child workerEnv in error state 4
[Sat Nov 19 00:18:18 2005] [notice] jk2_init() Found child 11805 in scoreboard slot 4
[Sat Nov 19 00:18:18 2005] [notice] jk2_init() Found child 11804 in scoreboard slot 2
[Sat Nov 19 00:18:18 2005] [notice] jk2_init() Found child 11803 in scoreboard slot 1
[Sat Nov 19 00:18:18 2005] [notice] jk2_init() Found child 11806 in scoreboard slot 3
[Sat Nov 19 00:18:25 2005] [notice] workerEnv.init() ok /etc/httpd/conf/workers2.properties
[Sat Nov 19 00:18:25 2005] [notice] workerEnv.init() ok /etc/httpd/conf/workers2.properties
[Sat Nov 19 00:18:25 2005] [notice] workerEnv.init() ok /etc/httpd/conf/workers2.properties
[Sat Nov 19 00:18:25 2005] [notice] workerEnv.init() ok /etc/httpd/conf/workers2.properties
[Sat Nov 19 00:18:26 2005] [error] mod_jk child workerEnv in error state 4
[Sat Nov 19 00:18:26 2005] [error] mod_jk child workerEnv in error state 4
[Sat Nov 19 00:18:26 2005] [error] mod_jk child workerEnv in error state 3
[Sat Nov 19 00:18:26 2005] [error] mod_jk child workerEnv in error state 3
[Sat Nov 19 00:40:30 2005] [notice] jk2_init() Found child 11858 in scoreboard slot 1
[Sat Nov 19 00:40:30 2005] [notice] jk2_init() Found child 11857 in scoreboard slot 0
[Sat Nov 19 00:40:31 2005] [notice] workerEnv.init() ok /etc/httpd/conf/workers2.properties
[Sat Nov 19 00:40:31 2005] [error] mod_jk child workerEnv in error state 3
[Sat Nov 19 00:40:31 2005] [notice] workerEnv.init() ok /etc/httpd/conf/workers2.properties
[Sat Nov 19 00:40:31 2005] [error] mod_jk child init 1 0
[Sat Nov 19 00:40:31 2005] [error] mod_jk child workerEnv in error state 3
[Sat Nov 19 00:55:56 2005] [notice] jk2_init() Found child 11877 in scoreboard slot 0
[Sat Nov 19 00:55:56 2005] [notice] jk2_init() Found child 11874 in scoreboard slot 2
[Sat Nov 19 00:55:56 2005] [notice] jk2_init() Found child 11876 in scoreboard slot 3
[Sat Nov 19 00:55:56 2005] [notice] jk2_init() Found child 11875 in scoreboard slot 4
[Sat Nov 19 00:55:59 2005] [notice] workerEnv.init() ok /etc/httpd/conf/workers2.properties
[Sat Nov 19 00:55:59 2005] [error] mod_jk child init 1 0
[Sat Nov 19 00:55:59 2005] [error] mod_jk child workerEnv in error state 3
[Sat Nov 19 00:55:59 2005] [notice] workerEnv.init() ok /etc/httpd/conf/workers2.properties
[Sat Nov 19 00:55:59 2005] [error] mod_jk child workerEnv in error state 3
[Sat Nov 19 00:55:59 2005] [notice] workerEnv.init() ok /etc/httpd/conf/workers2.properties
[Sat Nov 19 00:55:59 2005] [error] mod_jk child workerEnv in error state 3
[Sat Nov 19 00:55:59 2005] [notice] workerEnv.init() ok /etc/httpd/conf/workers2.properties
[Sat Nov 19 00:55:59 2005] [error] mod_jk child workerEnv in error state 3
[Sat Nov 19 01:00:32 2005] [notice] jk2_init() Found child 11885 in scoreboard slot 1
[Sat Nov 19 01:00:33 2005] [notice] workerEnv.init() ok /etc/httpd/conf/workers2.properties
[Sat Nov 19 01:00:33 2005] [error] mod_jk child workerEnv in error state 3
[Sat Nov 19 01:06:02 2005] [notice] jk2_init() Found child 11906 in scoreboard slot 4
[Sat Nov 19 01:06:02 2005] [notice] jk2_init() Found child 11907 in scoreboard slot 3
[Sat Nov 19 01:06:02 2005] [notice] jk2_init() Found child 11905 in scoreboard slot 2
[Sat Nov 19 01:06:09 2005] [notice] workerEnv.init() ok /etc/httpd/conf/workers2.properties
[Sat Nov 19 01:06:09 2005] [notice] workerEnv.init() ok /etc/httpd/conf/workers2.properties
[Sat Nov 19 01:06:09 2005] [notice] workerEnv.init() ok /etc/httpd/conf/workers2.properties
[Sat Nov 19 01:06:09 2005] [error] mod_jk child workerEnv in error state 3
[Sat Nov 19 01:06:09 2005] [error] mod_jk child workerEnv in error state 3
[Sat Nov 19 01:06:09 2005] [error] mod_jk child workerEnv in error state 3
[Sat Nov 19 01:06:09 2005] [notice] jk2_init() Found child 11909 in scoreboard slot 1
[Sat Nov 19 01:06:09 2005] [notice] workerEnv.init() ok /etc/httpd/conf/workers2.properties
[Sat Nov 19 01:06:09 2005] [error] mod_jk child workerEnv in error state 3
[Sat Nov 19 01:06:09 2005] [notice] jk2_init() Found child 11908 in scoreboard slot 0
[Sat Nov 19 01:06:09 2005] [notice] workerEnv.init() ok /etc/httpd/conf/workers2.properties
[Sat Nov 19 01:06:09 2005] [error] mod_jk child init 1 0
[Sat Nov 19 01:06:09 2005] [error] mod_jk child workerEnv in error state 3
[Sat Nov 19 01:11:08 2005] [notice] jk2_init() Found child 11922 in scoreboard slot 4
[Sat Nov 19 01:11:08 2005] [notice] jk2_init() Found child 11923 in scoreboard slot 3
[Sat Nov 19 01:11:08 2005] [notice] jk2_init() Found child 11921 in scoreboard slot 2
[Sat Nov 19 01:11:38 2005] [notice] jk2_init() Found child 11925 in scoreboard slot 1
[Sat Nov 19 01:11:38 2005] [notice] jk2_init() Found child 11924 in scoreboard slot 0
[Sat Nov 19 01:12:51 2005] [notice] jk2_init() Found child 11935 in scoreboard slot 0
[Sat Nov 19 01:12:51 2005] [notice] jk2_init() Found child 11934 in scoreboard slot 5
[Sat Nov 19 01:12:51 2005] [notice] jk2_init() Found child 11933 in scoreboard slot 4
[Sat Nov 19 01:12:51 2005] [notice] jk2_init() Found child 11932 in scoreboard slot 2
[Sat Nov 19 01:12:51 2005] [notice] jk2_init() Found child 11930 in scoreboard slot 1
[Sat Nov 19 01:12:55 2005] [notice] workerEnv.init() ok /etc/httpd/conf/workers2.properties
[Sat Nov 19 01:12:55 2005] [error] mod_jk child workerEnv in error state 4
[Sat Nov 19 01:12:55 2005] [notice] workerEnv.init() ok /etc/httpd/conf/workers2.properties
[Sat Nov 19 01:12:55 2005] [error] mod_jk child workerEnv in error state 4
[Sat Nov 19 01:12:55 2005] [notice] workerEnv.init() ok /etc/httpd/conf/workers2.properties
[Sat Nov 19 01:12:55 2005] [error] mod_jk child workerEnv in error state 4
[Sat Nov 19 01:12:55 2005] [notice] workerEnv.init() ok /etc/httpd/conf/workers2.properties
[Sat Nov 19 01:12:55 2005] [error] mod_jk child workerEnv in error state 3
[Sat Nov 19 01:12:55 2005] [notice] workerEnv.init() ok /etc/httpd/conf/workers2.properties
[Sat Nov 19 01:12:55 2005] [error] mod_jk child init 1 0
[Sat Nov 19 01:12:55 2005] [error] mod_jk child workerEnv in error state 4
[Sat Nov 19 01:24:04 2005] [notice] jk2_init() Found child 11957 in scoreboard slot 3
[Sat Nov 19 01:24:07 2005] [error] [client 222.166.160.88] Directory index forbidden by rule: /var/www/html/
[Sat Nov 19 01:24:07 2005] [notice] workerEnv.init() ok /etc/httpd/conf/workers2.properties
[Sat Nov 19 01:24:07 2005] [error] mod_jk child workerEnv in error state 4
[Sat Nov 19 01:51:13 2005] [notice] jk2_init() Found child 12008 in scoreboard slot 1
[Sat Nov 19 01:51:13 2005] [notice] jk2_init() Found child 12009 in scoreboard slot 2
[Sat Nov 19 01:51:15 2005] [notice] workerEnv.init() ok /etc/httpd/conf/workers2.properties
[Sat Nov 19 01:51:15 2005] [error] mod_jk child workerEnv in error state 3
[Sat Nov 19 01:51:15 2005] [notice] workerEnv.init() ok /etc/httpd/conf/workers2.properties
[Sat Nov 19 01:51:15 2005] [error] mod_jk child workerEnv in error state 3
[Sat Nov 19 02:09:24 2005] [notice] jk2_init() Found child 12040 in scoreboard slot 5
[Sat Nov 19 02:09:26 2005] [error] [client 82.138.209.82] Directory index forbidden by rule: /var/www/html/
[Sat Nov 19 02:09:28 2005] [notice] workerEnv.init() ok /etc/httpd/conf/workers2.properties
[Sat Nov 19 02:09:28 2005] [error] mod_jk child workerEnv in error state 3
[Sat Nov 19 02:11:05 2005] [notice] jk2_init() Found child 12052 in scoreboard slot 1
[Sat Nov 19 02:11:05 2005] [notice] jk2_init() Found child 12051 in scoreboard slot 3
[Sat Nov 19 02:11:05 2005] [notice] jk2_init() Found child 12050 in scoreboard slot 0
[Sat Nov 19 02:11:09 2005] [notice] workerEnv.init() ok /etc/httpd/conf/workers2.properties
[Sat Nov 19 02:11:09 2005] [error] mod_jk child init 1 0
[Sat Nov 19 02:11:09 2005] [error] mod_jk child workerEnv in error state 3
[Sat Nov 19 02:11:09 2005] [notice] workerEnv.init() ok /etc/httpd/conf/workers2.properties
[Sat Nov 19 02:11:09 2005] [error] mod_jk child workerEnv in error state 3
[Sat Nov 19 02:11:09 2005] [notice] workerEnv.init() ok /etc/httpd/conf/workers2.properties
