[Mon Nov 21 02:31:27 2005] [notice] workerEnv.init() ok /etc/httpd/conf/workers2.properties
[Mon Nov 21 02:31:27 2005] [notice] workerEnv.init() ok /etc/httpd/conf/workers2.properties
[Mon Nov 21 02:31:30 2005] [error] mod_jk child workerEnv in error state 4
[Mon Nov 21 02:31:30 2005] [error] mod_jk child init 1 0
[Mon Nov 21 02:31:30 2005] [error] mod_jk child workerEnv in error state 4
[Mon Nov 21 02:31:54 2005] [notice] jk2_init() Found child 26071 in scoreboard slot 2
[Mon Nov 21 02:31:54 2005] [notice] jk2_init() Found child 26070 in scoreboard slot 4
[Mon Nov 21 02:32:29 2005] [notice] jk2_init() Found child 26074 in scoreboard slot 1
[Mon Nov 21 02:33:53 2005] [notice] jk2_init() Found child 26083 in scoreboard slot 0
[Mon Nov 21 02:34:58 2005] [notice] jk2_init() Found child 26094 in scoreboard slot 1
[Mon Nov 21 02:34:57 2005] [notice] jk2_init() Found child 26092 in scoreboard slot 5
[Mon Nov 21 02:34:57 2005] [notice] jk2_init() Found child 26091 in scoreboard slot 4
[Mon Nov 21 02:34:57 2005] [notice] jk2_init() Found child 26090 in scoreboard slot 2
[Mon Nov 21 02:34:58 2005] [notice] jk2_init() Found child 26093 in scoreboard slot 0
[Mon Nov 21 02:35:12 2005] [notice] workerEnv.init() ok /etc/httpd/conf/workers2.properties
[Mon Nov 21 02:35:13 2005] [error] mod_jk child init 1 0
[Mon Nov 21 02:35:13 2005] [error] mod_jk child workerEnv in error state 5
[Mon Nov 21 02:35:12 2005] [notice] workerEnv.init() ok /etc/httpd/conf/workers2.properties
[Mon Nov 21 02:35:12 2005] [notice] workerEnv.init() ok /etc/httpd/conf/workers2.properties
[Mon Nov 21 02:35:12 2005] [notice] workerEnv.init() ok /etc/httpd/conf/workers2.properties
[Mon Nov 21 02:35:15 2005] [error] mod_jk child workerEnv in error state 5
[Mon Nov 21 02:35:15 2005] [error] mod_jk child workerEnv in error state 4
[Mon Nov 21 02:35:15 2005] [error] mod_jk child workerEnv in error state 5
[Mon Nov 21 02:35:24 2005] [notice] jk2_init() Found child 26099 in scoreboard slot 2
[Mon Nov 21 02:35:49 2005] [notice] workerEnv.init() ok /etc/httpd/conf/workers2.properties
[Mon Nov 21 02:35:51 2005] [error] mod_jk child workerEnv in error state 7
[Mon Nov 21 02:36:23 2005] [notice] jk2_init() Found child 26100 in scoreboard slot 3
[Mon Nov 21 02:36:33 2005] [notice] jk2_init() Found child 26101 in scoreboard slot 4
[Mon Nov 21 02:36:33 2005] [notice] jk2_init() Found child 26102 in scoreboard slot 0
[Mon Nov 21 02:36:33 2005] [notice] jk2_init() Found child 26103 in scoreboard slot 1
[Mon Nov 21 02:37:14 2005] [notice] jk2_init() Found child 26107 in scoreboard slot 0
[Mon Nov 21 02:37:14 2005] [notice] jk2_init() Found child 26106 in scoreboard slot 4
[Mon Nov 21 02:38:35 2005] [notice] jk2_init() Found child 26118 in scoreboard slot 1
[Mon Nov 21 02:38:35 2005] [notice] jk2_init() Found child 26119 in scoreboard slot 2
[Mon Nov 21 02:38:35 2005] [notice] jk2_init() Found child 26117 in scoreboard slot 0
[Mon Nov 21 02:38:35 2005] [notice] jk2_init() Found child 26116 in scoreboard slot 4
[Mon Nov 21 02:38:35 2005] [notice] jk2_init() Found child 26115 in scoreboard slot 3
[Mon Nov 21 02:38:35 2005] [notice] jk2_init() Found child 26120 in scoreboard slot 5
[Mon Nov 21 02:38:38 2005] [notice] workerEnv.init() ok /etc/httpd/conf/workers2.properties
[Mon Nov 21 02:38:38 2005] [error] mod_jk child workerEnv in error state 5
[Mon Nov 21 02:38:38 2005] [notice] workerEnv.init() ok /etc/httpd/conf/workers2.properties
[Mon Nov 21 02:38:38 2005] [error] mod_jk child workerEnv in error state 4
[Mon Nov 21 02:38:38 2005] [notice] workerEnv.init() ok /etc/httpd/conf/workers2.properties
[Mon Nov 21 02:38:38 2005] [error] mod_jk child workerEnv in error state 6
[Mon Nov 21 02:38:38 2005] [notice] workerEnv.init() ok /etc/httpd/conf/workers2.properties
[Mon Nov 21 02:38:38 2005] [error] mod_jk child init 1 0
[Mon Nov 21 02:38:38 2005] [error] mod_jk child workerEnv in error state 6
[Mon Nov 21 02:38:38 2005] [notice] workerEnv.init() ok /etc/httpd/conf/workers2.properties
[Mon Nov 21 02:38:38 2005] [error] mod_jk child workerEnv in error state 4
[Mon Nov 21 02:38:38 2005] [notice] workerEnv.init() ok /etc/httpd/conf/workers2.properties
[Mon Nov 21 02:38:38 2005] [error] mod_jk child workerEnv in error state 5
[Mon Nov 21 02:38:45 2005] [error] [client 69.245.218.115] Directory index forbidden by rule: /var/www/html/
[Mon Nov 21 02:41:22 2005] [notice] jk2_init() Found child 26133 in scoreboard slot 0
[Mon Nov 21 02:41:22 2005] [notice] jk2_init() Found child 26135 in scoreboard slot 4
[Mon Nov 21 02:41:22 2005] [notice] jk2_init() Found child 26134 in scoreboard slot 1
[Mon Nov 21 02:41:22 2005] [notice] jk2_init() Found child 26132 in scoreboard slot 3
[Mon Nov 21 02:41:44 2005] [notice] workerEnv.init() ok /etc/httpd/conf/workers2.properties
[Mon Nov 21 02:41:44 2005] [notice] workerEnv.init() ok /etc/httpd/conf/workers2.properties
[Mon Nov 21 02:41:46 2005] [error] mod_jk child workerEnv in error state 4
[Mon Nov 21 02:41:46 2005] [error] mod_jk child workerEnv in error state 4
[Mon Nov 21 02:42:05 2005] [notice] jk2_init() Found child 26137 in scoreboard slot 3
[Mon Nov 21 02:42:05 2005] [notice] jk2_init() Found child 26138 in scoreboard slot 0
[Mon Nov 21 02:42:05 2005] [notice] jk2_init() Found child 26136 in scoreboard slot 2
[Mon Nov 21 02:42:50 2005] [notice] jk2_init() Found child 26139 in scoreboard slot 1
[Mon Nov 21 02:42:56 2005] [notice] jk2_init() Found child 26140 in scoreboard slot 4
[Mon Nov 21 02:44:17 2005] [notice] jk2_init() Found child 26149 in scoreboard slot 0
[Mon Nov 21 02:44:17 2005] [notice] jk2_init() Found child 26152 in scoreboard slot 4
[Mon Nov 21 02:44:17 2005] [notice] jk2_init() Found child 26151 in scoreboard slot 3
[Mon Nov 21 02:44:17 2005] [notice] jk2_init() Found child 26150 in scoreboard slot 1
[Mon Nov 21 02:44:17 2005] [notice] jk2_init() Found child 26148 in scoreboard slot 2
[Mon Nov 21 02:44:22 2005] [notice] workerEnv.init() ok /etc/httpd/conf/workers2.properties
[Mon Nov 21 02:44:22 2005] [error] mod_jk child workerEnv in error state 5
[Mon Nov 21 02:44:22 2005] [notice] workerEnv.init() ok /etc/httpd/conf/workers2.properties
[Mon Nov 21 02:44:22 2005] [error] mod_jk child workerEnv in error state 5
[Mon Nov 21 02:44:22 2005] [notice] workerEnv.init() ok /etc/httpd/conf/workers2.properties
[Mon Nov 21 02:44:22 2005] [error] mod_jk child init 1 0
[Mon Nov 21 02:44:22 2005] [error] mod_jk child workerEnv in error state 6
[Mon Nov 21 02:44:22 2005] [notice] workerEnv.init() ok /etc/httpd/conf/workers2.properties
[Mon Nov 21 02:44:22 2005] [error] mod_jk child workerEnv in error state 5
[Mon Nov 21 02:44:22 2005] [notice] workerEnv.init() ok /etc/httpd/conf/workers2.properties
[Mon Nov 21 02:44:22 2005] [error] mod_jk child workerEnv in error state 6
[Mon Nov 21 02:46:04 2005] [notice] jk2_init() Found child 26161 in scoreboard slot 1
[Mon Nov 21 02:46:04 2005] [notice] jk2_init() Found child 26159 in scoreboard slot 2
[Mon Nov 21 02:46:04 2005] [notice] jk2_init() Found child 26160 in scoreboard slot 0
[Mon Nov 21 02:46:30 2005] [notice] jk2_init() Found child 26162 in scoreboard slot 3
[Mon Nov 21 02:47:01 2005] [notice] jk2_init() Found child 26167 in scoreboard slot 3
[Mon Nov 21 02:47:01 2005] [notice] jk2_init() Found child 26165 in scoreboard slot 2
[Mon Nov 21 02:47:01 2005] [notice] jk2_init() Found child 26166 in scoreboard slot 1
[Mon Nov 21 02:47:27 2005] [notice] workerEnv.init() ok /etc/httpd/conf/workers2.properties
[Mon Nov 21 02:49:23 2005] [notice] jk2_init() Found child 26184 in scoreboard slot 0
[Mon Nov 21 02:49:23 2005] [notice] jk2_init() Found child 26182 in scoreboard slot 3
[Mon Nov 21 02:49:23 2005] [notice] jk2_init() Found child 26186 in scoreboard slot 5
[Mon Nov 21 02:49:23 2005] [notice] jk2_init() Found child 26183 in scoreboard slot 4
[Mon Nov 21 02:49:23 2005] [notice] jk2_init() Found child 26185 in scoreboard slot 2
[Mon Nov 21 02:49:44 2005] [notice] workerEnv.init() ok /etc/httpd/conf/workers2.properties
[Mon Nov 21 02:49:49 2005] [error] mod_jk child workerEnv in error state 4
[Mon Nov 21 02:50:00 2005] [notice] jk2_init() Found child 26188 in scoreboard slot 3
[Mon Nov 21 02:50:00 2005] [notice] jk2_init() Found child 26191 in scoreboard slot 4
[Mon Nov 21 02:50:00 2005] [notice] jk2_init() Found child 26190 in scoreboard slot 2
[Mon Nov 21 02:50:00 2005] [notice] jk2_init() Found child 26189 in scoreboard slot 0
