[Thu Dec 01 20:05:53 2005] [notice] workerEnv.init() ok /etc/httpd/conf/workers2.properties
[Thu Dec 01 20:05:53 2005] [error] mod_jk child workerEnv in error state 5
[Thu Dec 01 20:11:20 2005] [notice] jk2_init() Found child 17655 in scoreboard slot 8
[Thu Dec 01 20:11:20 2005] [notice] jk2_init() Found child 17653 in scoreboard slot 7
[Thu Dec 01 20:11:20 2005] [notice] jk2_init() Found child 17652 in scoreboard slot 6
[Thu Dec 01 20:11:20 2005] [notice] jk2_init() Found child 17654 in scoreboard slot 9
[Thu Dec 01 20:11:25 2005] [notice] workerEnv.init() ok /etc/httpd/conf/workers2.properties
[Thu Dec 01 20:11:25 2005] [error] mod_jk child workerEnv in error state 5
[Thu Dec 01 20:11:25 2005] [notice] workerEnv.init() ok /etc/httpd/conf/workers2.properties
[Thu Dec 01 20:11:26 2005] [error] mod_jk child workerEnv in error state 5
[Thu Dec 01 20:11:26 2005] [notice] workerEnv.init() ok /etc/httpd/conf/workers2.properties
[Thu Dec 01 20:11:26 2005] [error] mod_jk child workerEnv in error state 5
[Thu Dec 01 20:11:27 2005] [notice] workerEnv.init() ok /etc/httpd/conf/workers2.properties
[Thu Dec 01 20:11:27 2005] [error] mod_jk child workerEnv in error state 5
[Thu Dec 01 20:19:48 2005] [notice] jk2_init() Found child 17667 in scoreboard slot 10
[Thu Dec 01 20:19:52 2005] [error] [client 220.113.173.164] File does not exist: /var/www/html/scripts/root.exe
[Thu Dec 01 20:19:53 2005] [notice] workerEnv.init() ok /etc/httpd/conf/workers2.properties
[Thu Dec 01 20:19:53 2005] [error] mod_jk child workerEnv in error state 5
[Thu Dec 01 20:19:53 2005] [error] [client 220.113.173.164] File does not exist: /var/www/html/MSADC
[Thu Dec 01 20:19:55 2005] [error] [client 220.113.173.164] File does not exist: /var/www/html/c
[Thu Dec 01 20:19:56 2005] [error] [client 220.113.173.164] File does not exist: /var/www/html/d
[Thu Dec 01 20:19:56 2005] [notice] jk2_init() Found child 17669 in scoreboard slot 11
[Thu Dec 01 20:19:56 2005] [notice] workerEnv.init() ok /etc/httpd/conf/workers2.properties
[Thu Dec 01 20:19:56 2005] [error] mod_jk child workerEnv in error state 5
[Thu Dec 01 20:21:09 2005] [error] [client 64.110.21.157] File does not exist: /var/www/html/scripts/..%5c%5c..
[Thu Dec 01 20:31:22 2005] [notice] jk2_init() Found child 17699 in scoreboard slot 6
[Thu Dec 01 20:31:23 2005] [error] [client 24.68.226.119] Directory index forbidden by rule: /var/www/html/
[Thu Dec 01 20:31:26 2005] [notice] workerEnv.init() ok /etc/httpd/conf/workers2.properties
[Thu Dec 01 20:31:26 2005] [error] mod_jk child workerEnv in error state 5
[Thu Dec 01 20:35:56 2005] [notice] jk2_init() Found child 17713 in scoreboard slot 8
[Thu Dec 01 20:35:56 2005] [notice] jk2_init() Found child 17712 in scoreboard slot 7
[Thu Dec 01 20:35:58 2005] [notice] workerEnv.init() ok /etc/httpd/conf/workers2.properties
[Thu Dec 01 20:35:58 2005] [error] mod_jk child workerEnv in error state 5
[Thu Dec 01 20:35:58 2005] [notice] workerEnv.init() ok /etc/httpd/conf/workers2.properties
[Thu Dec 01 20:35:58 2005] [error] mod_jk child workerEnv in error state 5
[Thu Dec 01 20:40:53 2005] [notice] jk2_init() Found child 17730 in scoreboard slot 6
[Thu Dec 01 20:40:54 2005] [notice] jk2_init() Found child 17729 in scoreboard slot 9
[Thu Dec 01 20:41:36 2005] [notice] jk2_init() Found child 17732 in scoreboard slot 8
[Thu Dec 01 20:41:36 2005] [notice] jk2_init() Found child 17734 in scoreboard slot 6
[Thu Dec 01 20:41:36 2005] [notice] jk2_init() Found child 17731 in scoreboard slot 7
[Thu Dec 01 20:41:36 2005] [notice] jk2_init() Found child 17733 in scoreboard slot 9
[Thu Dec 01 20:41:38 2005] [notice] workerEnv.init() ok /etc/httpd/conf/workers2.properties
[Thu Dec 01 20:41:38 2005] [notice] workerEnv.init() ok /etc/httpd/conf/workers2.properties
[Thu Dec 01 20:41:38 2005] [notice] workerEnv.init() ok /etc/httpd/conf/workers2.properties
[Thu Dec 01 20:41:38 2005] [notice] workerEnv.init() ok /etc/httpd/conf/workers2.properties
[Thu Dec 01 20:41:39 2005] [error] mod_jk child workerEnv in error state 5
[Thu Dec 01 20:41:39 2005] [error] mod_jk child workerEnv in error state 5
[Thu Dec 01 20:41:39 2005] [error] mod_jk child workerEnv in error state 6
[Thu Dec 01 20:41:39 2005] [error] mod_jk child workerEnv in error state 6
[Thu Dec 01 20:43:05 2005] [notice] jk2_init() Found child 17736 in scoreboard slot 10
[Thu Dec 01 20:43:06 2005] [notice] workerEnv.init() ok /etc/httpd/conf/workers2.properties
[Thu Dec 01 20:43:06 2005] [error] mod_jk child workerEnv in error state 5
[Thu Dec 01 20:43:06 2005] [error] [client 203.186.238.252] Directory index forbidden by rule: /var/www/html/
[Thu Dec 01 20:46:28 2005] [notice] jk2_init() Found child 17742 in scoreboard slot 8
[Thu Dec 01 20:46:28 2005] [notice] jk2_init() Found child 17741 in scoreboard slot 7
[Thu Dec 01 20:46:30 2005] [notice] workerEnv.init() ok /etc/httpd/conf/workers2.properties
[Thu Dec 01 20:46:30 2005] [notice] workerEnv.init() ok /etc/httpd/conf/workers2.properties
[Thu Dec 01 20:46:30 2005] [error] mod_jk child workerEnv in error state 5
[Thu Dec 01 20:46:30 2005] [error] mod_jk child workerEnv in error state 5
[Thu Dec 01 20:50:46 2005] [notice] jk2_init() Found child 17752 in scoreboard slot 7
[Thu Dec 01 20:50:46 2005] [notice] jk2_init() Found child 17751 in scoreboard slot 9
[Thu Dec 01 20:50:46 2005] [notice] jk2_init() Found child 17750 in scoreboard slot 6
[Thu Dec 01 20:50:46 2005] [notice] workerEnv.init() ok /etc/httpd/conf/workers2.properties
[Thu Dec 01 20:50:46 2005] [error] mod_jk child workerEnv in error state 5
[Thu Dec 01 20:50:46 2005] [notice] workerEnv.init() ok /etc/httpd/conf/workers2.properties
[Thu Dec 01 20:50:46 2005] [error] mod_jk child workerEnv in error state 5
[Thu Dec 01 20:50:46 2005] [notice] workerEnv.init() ok /etc/httpd/conf/workers2.properties
[Thu Dec 01 20:50:46 2005] [error] mod_jk child workerEnv in error state 5
[Thu Dec 01 20:56:16 2005] [notice] jk2_init() Found child 17758 in scoreboard slot 6
[Thu Dec 01 20:56:16 2005] [notice] jk2_init() Found child 17759 in scoreboard slot 9
[Thu Dec 01 20:56:24 2005] [notice] jk2_init() Found child 17760 in scoreboard slot 7
[Thu Dec 01 20:56:24 2005] [notice] jk2_init() Found child 17761 in scoreboard slot 8
[Thu Dec 01 20:56:32 2005] [notice] workerEnv.init() ok /etc/httpd/conf/workers2.properties
[Thu Dec 01 20:56:32 2005] [notice] workerEnv.init() ok /etc/httpd/conf/workers2.properties
[Thu Dec 01 20:56:37 2005] [error] mod_jk child workerEnv in error state 5
[Thu Dec 01 20:56:37 2005] [error] mod_jk child workerEnv in error state 5
[Thu Dec 01 20:57:02 2005] [notice] jk2_init() Found child 17763 in scoreboard slot 9
[Thu Dec 01 20:57:02 2005] [notice] jk2_init() Found child 17762 in scoreboard slot 6
[Thu Dec 01 20:57:02 2005] [notice] jk2_init() Found child 17764 in scoreboard slot 7
[Thu Dec 01 20:57:05 2005] [notice] workerEnv.init() ok /etc/httpd/conf/workers2.properties
[Thu Dec 01 20:57:05 2005] [error] mod_jk child workerEnv in error state 6
[Thu Dec 01 20:57:05 2005] [notice] workerEnv.init() ok /etc/httpd/conf/workers2.properties
[Thu Dec 01 20:57:05 2005] [error] mod_jk child workerEnv in error state 6
[Thu Dec 01 20:57:05 2005] [notice] workerEnv.init() ok /etc/httpd/conf/workers2.properties
[Thu Dec 01 20:57:05 2005] [error] mod_jk child workerEnv in error state 5
[Thu Dec 01 21:27:28 2005] [notice] jk2_init() Found child 17846 in scoreboard slot 10
[Thu Dec 01 21:27:32 2005] [notice] workerEnv.init() ok /etc/httpd/conf/workers2.properties
[Thu Dec 01 21:27:32 2005] [error] mod_jk child workerEnv in error state 5
[Thu Dec 01 21:27:33 2005] [error] [client 209.26.126.35] Directory index forbidden by rule: /var/www/html/
[Thu Dec 01 22:22:53 2005] [error] [client 207.203.80.15] Directory index forbidden by rule: /var/www/html/
[Thu Dec 01 22:40:40 2005] [error] [client 61.175.244.43] Directory index forbidden by rule: /var/www/html/
[Thu Dec 01 22:46:37 2005] [notice] jk2_init() Found child 17997 in scoreboard slot 6
[Thu Dec 01 22:46:37 2005] [notice] jk2_init() Found child 17998 in scoreboard slot 8
[Thu Dec 01 22:46:41 2005] [notice] workerEnv.init() ok /etc/httpd/conf/workers2.properties
[Thu Dec 01 22:46:41 2005] [error] mod_jk child workerEnv in error state 5
[Thu Dec 01 22:46:41 2005] [notice] workerEnv.init() ok /etc/httpd/conf/workers2.properties
[Thu Dec 01 22:46:41 2005] [error] mod_jk child workerEnv in error state 5
[Thu Dec 01 22:55:47 2005] [notice] jk2_init() Found child 18011 in scoreboard slot 9
[Thu Dec 01 22:55:47 2005] [notice] jk2_init() Found child 18010 in scoreboard slot 7
[Thu Dec 01 22:55:53 2005] [notice] workerEnv.init() ok /etc/httpd/conf/workers2.properties
