[Tue Dec 06 11:35:51 2005] [notice] workerEnv.init() ok /etc/httpd/conf/workers2.properties
[Tue Dec 06 11:35:51 2005] [error] mod_jk child workerEnv in error state 6
[Tue Dec 06 11:35:51 2005] [error] mod_jk child workerEnv in error state 6
[Tue Dec 06 11:40:54 2005] [notice] jk2_init() Found child 9818 in scoreboard slot 7
[Tue Dec 06 11:40:58 2005] [notice] workerEnv.init() ok /etc/httpd/conf/workers2.properties
[Tue Dec 06 11:40:58 2005] [error] mod_jk child workerEnv in error state 6
[Tue Dec 06 11:40:58 2005] [notice] jk2_init() Found child 9819 in scoreboard slot 8
[Tue Dec 06 11:40:58 2005] [notice] workerEnv.init() ok /etc/httpd/conf/workers2.properties
[Tue Dec 06 11:40:58 2005] [error] mod_jk child workerEnv in error state 6
[Tue Dec 06 11:46:18 2005] [notice] jk2_init() Found child 9827 in scoreboard slot 7
[Tue Dec 06 11:46:17 2005] [notice] jk2_init() Found child 9828 in scoreboard slot 8
[Tue Dec 06 11:46:24 2005] [notice] workerEnv.init() ok /etc/httpd/conf/workers2.properties
[Tue Dec 06 11:46:24 2005] [notice] workerEnv.init() ok /etc/httpd/conf/workers2.properties
[Tue Dec 06 11:46:25 2005] [error] mod_jk child workerEnv in error state 6
[Tue Dec 06 11:46:25 2005] [error] mod_jk child workerEnv in error state 6
[Tue Dec 06 11:51:01 2005] [notice] jk2_init() Found child 9838 in scoreboard slot 8
[Tue Dec 06 11:51:01 2005] [notice] jk2_init() Found child 9839 in scoreboard slot 10
[Tue Dec 06 11:51:04 2005] [notice] workerEnv.init() ok /etc/httpd/conf/workers2.properties
[Tue Dec 06 11:51:04 2005] [error] mod_jk child workerEnv in error state 6
[Tue Dec 06 11:51:04 2005] [notice] workerEnv.init() ok /etc/httpd/conf/workers2.properties
[Tue Dec 06 11:51:04 2005] [error] mod_jk child workerEnv in error state 6
[Tue Dec 06 11:55:36 2005] [notice] jk2_init() Found child 9846 in scoreboard slot 7
[Tue Dec 06 11:55:36 2005] [notice] jk2_init() Found child 9847 in scoreboard slot 8
[Tue Dec 06 11:55:42 2005] [notice] workerEnv.init() ok /etc/httpd/conf/workers2.properties
[Tue Dec 06 11:55:42 2005] [notice] workerEnv.init() ok /etc/httpd/conf/workers2.properties
[Tue Dec 06 11:55:42 2005] [error] mod_jk child workerEnv in error state 6
[Tue Dec 06 11:55:42 2005] [error] mod_jk child workerEnv in error state 6
[Tue Dec 06 12:01:15 2005] [notice] jk2_init() Found child 9860 in scoreboard slot 7
[Tue Dec 06 12:01:15 2005] [notice] jk2_init() Found child 9861 in scoreboard slot 8
[Tue Dec 06 12:02:58 2005] [notice] jk2_init() Found child 9878 in scoreboard slot 7
[Tue Dec 06 12:03:00 2005] [notice] workerEnv.init() ok /etc/httpd/conf/workers2.properties
[Tue Dec 06 12:03:00 2005] [error] mod_jk child workerEnv in error state 7
[Tue Dec 06 12:03:05 2005] [error] jk2_init() Can't find child 9879 in scoreboard
[Tue Dec 06 12:03:05 2005] [notice] workerEnv.init() ok /etc/httpd/conf/workers2.properties
[Tue Dec 06 12:03:05 2005] [error] mod_jk child init 1 -2
[Tue Dec 06 12:20:34 2005] [warn] child process 29815 still did not exit, sending a SIGTERM
[Tue Dec 06 12:20:34 2005] [notice] mod_jk2 Shutting down
[Tue Dec 06 12:20:34 2005] [notice] mod_jk2 Shutting down
[Tue Dec 06 12:20:34 2005] [warn] child process 28286 still did not exit, sending a SIGTERM
[Tue Dec 06 12:20:34 2005] [warn] child process 30461 still did not exit, sending a SIGTERM
[Tue Dec 06 12:20:34 2005] [warn] child process 29418 still did not exit, sending a SIGTERM
[Tue Dec 06 12:20:34 2005] [warn] child process 2056 still did not exit, sending a SIGTERM
[Tue Dec 06 12:20:34 2005] [warn] child process 15190 still did not exit, sending a SIGTERM
[Tue Dec 06 12:20:34 2005] [warn] child process 6448 still did not exit, sending a SIGTERM
[Tue Dec 06 12:20:34 2005] [warn] child process 9878 still did not exit, sending a SIGTERM
[Tue Dec 06 12:20:34 2005] [warn] child process 9879 still did not exit, sending a SIGTERM
[Tue Dec 06 12:20:34 2005] [warn] child process 6083 still did not exit, sending a SIGTERM
[Tue Dec 06 12:20:34 2005] [warn] child process 1558 still did not exit, sending a SIGTERM
[Tue Dec 06 12:20:35 2005] [warn] child process 29815 still did not exit, sending a SIGTERM
[Tue Dec 06 12:20:35 2005] [warn] child process 28286 still did not exit, sending a SIGTERM
[Tue Dec 06 12:20:35 2005] [warn] child process 30461 still did not exit, sending a SIGTERM
[Tue Dec 06 12:20:35 2005] [warn] child process 29418 still did not exit, sending a SIGTERM
[Tue Dec 06 12:20:35 2005] [warn] child process 2056 still did not exit, sending a SIGTERM
[Tue Dec 06 12:20:35 2005] [warn] child process 15190 still did not exit, sending a SIGTERM
[Tue Dec 06 12:20:35 2005] [warn] child process 6448 still did not exit, sending a SIGTERM
[Tue Dec 06 12:20:35 2005] [warn] child process 9878 still did not exit, sending a SIGTERM
[Tue Dec 06 12:20:35 2005] [warn] child process 9879 still did not exit, sending a SIGTERM
[Tue Dec 06 12:20:35 2005] [warn] child process 6083 still did not exit, sending a SIGTERM
[Tue Dec 06 12:20:35 2005] [warn] child process 1558 still did not exit, sending a SIGTERM
[Tue Dec 06 12:20:36 2005] [warn] child process 29815 still did not exit, sending a SIGTERM
[Tue Dec 06 12:20:36 2005] [warn] child process 28286 still did not exit, sending a SIGTERM
[Tue Dec 06 12:20:36 2005] [warn] child process 30461 still did not exit, sending a SIGTERM
[Tue Dec 06 12:20:36 2005] [warn] child process 29418 still did not exit, sending a SIGTERM
[Tue Dec 06 12:20:36 2005] [warn] child process 2056 still did not exit, sending a SIGTERM
[Tue Dec 06 12:20:36 2005] [warn] child process 15190 still did not exit, sending a SIGTERM
[Tue Dec 06 12:20:36 2005] [warn] child process 6448 still did not exit, sending a SIGTERM
[Tue Dec 06 12:20:36 2005] [warn] child process 9878 still did not exit, sending a SIGTERM
[Tue Dec 06 12:20:36 2005] [warn] child process 9879 still did not exit, sending a SIGTERM
[Tue Dec 06 12:20:36 2005] [warn] child process 6083 still did not exit, sending a SIGTERM
[Tue Dec 06 12:20:36 2005] [warn] child process 1558 still did not exit, sending a SIGTERM
[Tue Dec 06 12:24:06 2005] [notice] LDAP: Built with OpenLDAP LDAP SDK
[Tue Dec 06 12:24:06 2005] [notice] LDAP: SSL support unavailable
[Tue Dec 06 12:24:06 2005] [notice] suEXEC mechanism enabled (wrapper: /usr/sbin/suexec)
[Tue Dec 06 12:24:08 2005] [notice] Digest: generating secret for digest authentication ...
[Tue Dec 06 12:24:08 2005] [notice] Digest: done
[Tue Dec 06 12:24:08 2005] [notice] LDAP: Built with OpenLDAP LDAP SDK
[Tue Dec 06 12:24:08 2005] [notice] LDAP: SSL support unavailable
[Tue Dec 06 12:24:09 2005] [error] env.createBean2(): Factory error creating channel.jni:jni ( channel.jni, jni)
[Tue Dec 06 12:24:09 2005] [error] config.update(): Can't create channel.jni:jni
[Tue Dec 06 12:24:09 2005] [error] env.createBean2(): Factory error creating vm: ( vm, )
[Tue Dec 06 12:24:09 2005] [error] config.update(): Can't create vm:
[Tue Dec 06 12:24:09 2005] [error] env.createBean2(): Factory error creating worker.jni:onStartup ( worker.jni, onStartup)
[Tue Dec 06 12:24:09 2005] [error] config.update(): Can't create worker.jni:onStartup
[Tue Dec 06 12:24:09 2005] [error] env.createBean2(): Factory error creating worker.jni:onShutdown ( worker.jni, onShutdown)
[Tue Dec 06 12:24:09 2005] [error] config.update(): Can't create worker.jni:onShutdown
[Tue Dec 06 12:24:22 2005] [notice] mod_python: Creating 32 session mutexes based on 150 max processes and 0 max threads.
[Tue Dec 06 12:24:26 2005] [notice] mod_security/1.9dev2 configured
[Tue Dec 06 12:24:26 2005] [error] jk2_init() Can't find child 2328 in scoreboard
[Tue Dec 06 12:24:26 2005] [error] jk2_init() Can't find child 2329 in scoreboard
[Tue Dec 06 12:24:26 2005] [error] jk2_init() Can't find child 2330 in scoreboard
[Tue Dec 06 12:24:26 2005] [notice] jk2_init() Found child 2331 in scoreboard slot 3
[Tue Dec 06 12:24:26 2005] [error] jk2_init() Can't find child 2333 in scoreboard
[Tue Dec 06 12:24:26 2005] [error] jk2_init() Can't find child 2334 in scoreboard
[Tue Dec 06 12:24:26 2005] [error] jk2_init() Can't find child 2335 in scoreboard
[Tue Dec 06 12:24:26 2005] [notice] Apache/2.0.49 (Fedora) configured -- resuming normal operations
[Tue Dec 06 12:24:26 2005] [notice] jk2_init() Found child 2332 in scoreboard slot 4
[Tue Dec 06 12:24:26 2005] [notice] workerEnv.init() ok /etc/httpd/conf/workers2.properties
[Tue Dec 06 12:24:26 2005] [error] mod_jk child init 1 -2
[Tue Dec 06 12:24:26 2005] [notice] workerEnv.init() ok /etc/httpd/conf/workers2.properties
[Tue Dec 06 12:24:26 2005] [error] mod_jk child init 1 -2
