[Mon Nov 28 04:11:51 2005] [error] [client 213.56.42.7] File does not exist: /var/www/html/_vti_bin
[Mon Nov 28 04:11:53 2005] [error] [client 213.56.42.7] File does not exist: /var/www/html/_mem_bin
[Mon Nov 28 04:11:54 2005] [error] [client 213.56.42.7] File does not exist: /var/www/html/msadc
[Mon Nov 28 04:11:55 2005] [error] [client 213.56.42.7] File does not exist: /var/www/html/scripts/..\xc1\x1c..
[Mon Nov 28 04:11:56 2005] [error] [client 213.56.42.7] File does not exist: /var/www/html/scripts/..\xc0\xaf..
[Mon Nov 28 04:11:57 2005] [error] [client 213.56.42.7] File does not exist: /var/www/html/scripts/..\xc1\x9c..
[Mon Nov 28 04:11:58 2005] [error] [client 213.56.42.7] File does not exist: /var/www/html/scripts/..%5c..
[Mon Nov 28 04:11:58 2005] [error] [client 213.56.42.7] File does not exist: /var/www/html/scripts/..%2f..
[Mon Nov 28 04:46:31 2005] [notice] jk2_init() Found child 29794 in scoreboard slot 6
[Mon Nov 28 04:46:31 2005] [notice] jk2_init() Found child 29793 in scoreboard slot 4
[Mon Nov 28 04:46:31 2005] [notice] jk2_init() Found child 29792 in scoreboard slot 7
[Mon Nov 28 04:46:51 2005] [notice] jk2_init() Found child 29795 in scoreboard slot 8
[Mon Nov 28 04:46:51 2005] [notice] jk2_init() Found child 29796 in scoreboard slot 9
[Mon Nov 28 04:47:26 2005] [notice] jk2_init() Found child 29797 in scoreboard slot 7
[Mon Nov 28 04:47:26 2005] [notice] jk2_init() Found child 29798 in scoreboard slot 4
[Mon Nov 28 04:47:36 2005] [notice] jk2_init() Found child 29801 in scoreboard slot 9
[Mon Nov 28 04:47:36 2005] [notice] jk2_init() Found child 29799 in scoreboard slot 6
[Mon Nov 28 04:47:36 2005] [notice] jk2_init() Found child 29800 in scoreboard slot 8
[Mon Nov 28 04:47:40 2005] [notice] workerEnv.init() ok /etc/httpd/conf/workers2.properties
[Mon Nov 28 04:47:40 2005] [notice] workerEnv.init() ok /etc/httpd/conf/workers2.properties
[Mon Nov 28 04:47:40 2005] [notice] workerEnv.init() ok /etc/httpd/conf/workers2.properties
[Mon Nov 28 04:47:40 2005] [notice] workerEnv.init() ok /etc/httpd/conf/workers2.properties
[Mon Nov 28 04:47:40 2005] [notice] workerEnv.init() ok /etc/httpd/conf/workers2.properties
[Mon Nov 28 04:47:40 2005] [error] mod_jk child workerEnv in error state 6
[Mon Nov 28 04:47:40 2005] [error] mod_jk child workerEnv in error state 6
[Mon Nov 28 04:47:40 2005] [error] mod_jk child workerEnv in error state 6
[Mon Nov 28 04:47:40 2005] [error] mod_jk child workerEnv in error state 6
[Mon Nov 28 04:47:40 2005] [error] mod_jk child workerEnv in error state 5
[Mon Nov 28 05:01:19 2005] [notice] jk2_init() Found child 29829 in scoreboard slot 4
[Mon Nov 28 05:01:19 2005] [notice] jk2_init() Found child 29828 in scoreboard slot 7
[Mon Nov 28 05:02:48 2005] [notice] jk2_init() Found child 29841 in scoreboard slot 8
[Mon Nov 28 05:02:48 2005] [notice] jk2_init() Found child 29840 in scoreboard slot 6
[Mon Nov 28 05:02:48 2005] [notice] jk2_init() Found child 29837 in scoreboard slot 7
[Mon Nov 28 05:02:48 2005] [notice] jk2_init() Found child 29838 in scoreboard slot 4
[Mon Nov 28 05:02:48 2005] [notice] jk2_init() Found child 29839 in scoreboard slot 10
[Mon Nov 28 05:02:55 2005] [notice] workerEnv.init() ok /etc/httpd/conf/workers2.properties
[Mon Nov 28 05:02:55 2005] [notice] workerEnv.init() ok /etc/httpd/conf/workers2.properties
[Mon Nov 28 05:02:55 2005] [notice] workerEnv.init() ok /etc/httpd/conf/workers2.properties
[Mon Nov 28 05:02:55 2005] [notice] workerEnv.init() ok /etc/httpd/conf/workers2.properties
[Mon Nov 28 05:02:55 2005] [notice] workerEnv.init() ok /etc/httpd/conf/workers2.properties
[Mon Nov 28 05:02:56 2005] [error] mod_jk child workerEnv in error state 6
[Mon Nov 28 05:02:56 2005] [error] mod_jk child workerEnv in error state 5
[Mon Nov 28 05:02:56 2005] [error] mod_jk child workerEnv in error state 5
[Mon Nov 28 05:02:56 2005] [error] mod_jk child workerEnv in error state 5
[Mon Nov 28 05:02:56 2005] [error] mod_jk child workerEnv in error state 6
[Mon Nov 28 05:21:30 2005] [notice] jk2_init() Found child 29930 in scoreboard slot 9
[Mon Nov 28 05:21:32 2005] [error] [client 202.105.156.245] Directory index forbidden by rule: /var/www/html/
[Mon Nov 28 05:21:33 2005] [notice] workerEnv.init() ok /etc/httpd/conf/workers2.properties
[Mon Nov 28 05:21:33 2005] [error] mod_jk child workerEnv in error state 5
[Mon Nov 28 07:35:09 2005] [notice] jk2_init() Found child 30130 in scoreboard slot 11
[Mon Nov 28 07:35:09 2005] [notice] jk2_init() Found child 30132 in scoreboard slot 13
[Mon Nov 28 07:35:09 2005] [notice] jk2_init() Found child 30131 in scoreboard slot 12
[Mon Nov 28 07:35:10 2005] [error] jk2_init() Can't find child 30134 in scoreboard
[Mon Nov 28 07:35:10 2005] [notice] jk2_init() Found child 30133 in scoreboard slot 14
[Mon Nov 28 07:35:10 2005] [error] jk2_init() Can't find child 30135 in scoreboard
[Mon Nov 28 07:35:10 2005] [notice] jk2_init() Found child 30136 in scoreboard slot 17
[Mon Nov 28 07:35:11 2005] [notice] workerEnv.init() ok /etc/httpd/conf/workers2.properties
[Mon Nov 28 07:35:11 2005] [error] mod_jk child workerEnv in error state 5
[Mon Nov 28 07:35:11 2005] [notice] workerEnv.init() ok /etc/httpd/conf/workers2.properties
[Mon Nov 28 07:35:11 2005] [error] mod_jk child workerEnv in error state 5
[Mon Nov 28 07:35:11 2005] [notice] workerEnv.init() ok /etc/httpd/conf/workers2.properties
[Mon Nov 28 07:35:11 2005] [error] mod_jk child workerEnv in error state 5
[Mon Nov 28 07:35:11 2005] [notice] workerEnv.init() ok /etc/httpd/conf/workers2.properties
[Mon Nov 28 07:35:11 2005] [error] mod_jk child init 1 -2
[Mon Nov 28 07:35:11 2005] [notice] workerEnv.init() ok /etc/httpd/conf/workers2.properties
[Mon Nov 28 07:35:11 2005] [error] mod_jk child workerEnv in error state 5
[Mon Nov 28 07:35:11 2005] [notice] workerEnv.init() ok /etc/httpd/conf/workers2.properties
[Mon Nov 28 07:35:11 2005] [error] mod_jk child workerEnv in error state 5
[Mon Nov 28 07:35:11 2005] [notice] workerEnv.init() ok /etc/httpd/conf/workers2.properties
[Mon Nov 28 07:35:11 2005] [error] mod_jk child init 1 -2
[Mon Nov 28 07:35:11 2005] [error] jk2_init() Can't find child 30137 in scoreboard
[Mon Nov 28 07:35:11 2005] [notice] workerEnv.init() ok /etc/httpd/conf/workers2.properties
[Mon Nov 28 07:35:11 2005] [error] mod_jk child init 1 -2
[Mon Nov 28 07:35:11 2005] [error] jk2_init() Can't find child 30138 in scoreboard
[Mon Nov 28 07:35:11 2005] [notice] workerEnv.init() ok /etc/httpd/conf/workers2.properties
[Mon Nov 28 07:35:11 2005] [error] mod_jk child init 1 -2
[Mon Nov 28 07:35:11 2005] [error] jk2_init() Can't find child 30140 in scoreboard
[Mon Nov 28 07:35:11 2005] [notice] jk2_init() Found child 30141 in scoreboard slot 22
[Mon Nov 28 07:35:11 2005] [notice] workerEnv.init() ok /etc/httpd/conf/workers2.properties
[Mon Nov 28 07:35:11 2005] [error] mod_jk child workerEnv in error state 5
[Mon Nov 28 07:35:11 2005] [notice] jk2_init() Found child 30139 in scoreboard slot 20
[Mon Nov 28 07:35:11 2005] [error] jk2_init() Can't find child 30142 in scoreboard
[Mon Nov 28 07:35:11 2005] [notice] workerEnv.init() ok /etc/httpd/conf/workers2.properties
[Mon Nov 28 07:35:11 2005] [error] mod_jk child init 1 -2
[Mon Nov 28 07:35:11 2005] [notice] workerEnv.init() ok /etc/httpd/conf/workers2.properties
[Mon Nov 28 07:35:11 2005] [error] mod_jk child workerEnv in error state 5
[Mon Nov 28 07:35:11 2005] [notice] workerEnv.init() ok /etc/httpd/conf/workers2.properties
[Mon Nov 28 07:35:11 2005] [error] mod_jk child init 1 -2
[Mon Nov 28 07:35:11 2005] [notice] jk2_init() Found child 30143 in scoreboard slot 24
[Mon Nov 28 07:35:11 2005] [notice] workerEnv.init() ok /etc/httpd/conf/workers2.properties
[Mon Nov 28 07:35:11 2005] [error] mod_jk child workerEnv in error state 5
[Mon Nov 28 07:35:11 2005] [error] jk2_init() Can't find child 30144 in scoreboard
[Mon Nov 28 07:35:11 2005] [notice] workerEnv.init() ok /etc/httpd/conf/workers2.properties
[Mon Nov 28 07:35:11 2005] [error] mod_jk child init 1 -2
[Mon Nov 28 07:35:20 2005] [notice] mod_jk2 Shutting down
[Mon Nov 28 07:35:27 2005] [notice] jk2_init() Found child 30146 in scoreboard slot 26
[Mon Nov 28 07:35:27 2005] [notice] jk2_init() Found child 30147 in scoreboard slot 27
[Mon Nov 28 07:35:27 2005] [error] jk2_init() Can't find child 30148 in scoreboard
[Mon Nov 28 07:35:28 2005] [notice] workerEnv.init() ok /etc/httpd/conf/workers2.properties
[Mon Nov 28 07:35:28 2005] [error] mod_jk child workerEnv in error state 5
