[Mon Dec 05 07:48:04 2005] [notice] jk2_init() Found child 5003 in scoreboard slot 6
[Mon Dec 05 07:48:46 2005] [notice] jk2_init() Found child 5005 in scoreboard slot 9
[Mon Dec 05 07:48:46 2005] [notice] jk2_init() Found child 5006 in scoreboard slot 8
[Mon Dec 05 07:48:55 2005] [notice] workerEnv.init() ok /etc/httpd/conf/workers2.properties
[Mon Dec 05 07:48:55 2005] [notice] workerEnv.init() ok /etc/httpd/conf/workers2.properties
[Mon Dec 05 07:48:55 2005] [error] mod_jk child workerEnv in error state 6
[Mon Dec 05 07:48:55 2005] [error] mod_jk child workerEnv in error state 7
[Mon Dec 05 07:48:56 2005] [notice] jk2_init() Found child 5007 in scoreboard slot 6
[Mon Dec 05 07:48:56 2005] [notice] jk2_init() Found child 5008 in scoreboard slot 7
[Mon Dec 05 07:48:56 2005] [notice] workerEnv.init() ok /etc/httpd/conf/workers2.properties
[Mon Dec 05 07:48:56 2005] [error] mod_jk child workerEnv in error state 6
[Mon Dec 05 07:48:56 2005] [notice] workerEnv.init() ok /etc/httpd/conf/workers2.properties
[Mon Dec 05 07:48:56 2005] [error] mod_jk child workerEnv in error state 7
[Mon Dec 05 07:50:54 2005] [notice] jk2_init() Found child 5017 in scoreboard slot 8
[Mon Dec 05 07:50:54 2005] [notice] jk2_init() Found child 5016 in scoreboard slot 9
[Mon Dec 05 07:51:22 2005] [notice] jk2_init() Found child 5018 in scoreboard slot 6
[Mon Dec 05 07:51:20 2005] [notice] workerEnv.init() ok /etc/httpd/conf/workers2.properties
[Mon Dec 05 07:51:23 2005] [error] mod_jk child workerEnv in error state 6
[Mon Dec 05 07:51:39 2005] [notice] jk2_init() Found child 5020 in scoreboard slot 9
[Mon Dec 05 07:51:39 2005] [notice] jk2_init() Found child 5019 in scoreboard slot 7
[Mon Dec 05 07:51:56 2005] [notice] workerEnv.init() ok /etc/httpd/conf/workers2.properties
[Mon Dec 05 07:51:56 2005] [notice] workerEnv.init() ok /etc/httpd/conf/workers2.properties
[Mon Dec 05 07:52:02 2005] [error] mod_jk child workerEnv in error state 6
[Mon Dec 05 07:52:02 2005] [error] mod_jk child workerEnv in error state 7
[Mon Dec 05 07:52:29 2005] [notice] jk2_init() Found child 5021 in scoreboard slot 8
[Mon Dec 05 07:52:29 2005] [notice] jk2_init() Found child 5022 in scoreboard slot 6
[Mon Dec 05 07:52:56 2005] [notice] jk2_init() Found child 5024 in scoreboard slot 9
[Mon Dec 05 07:52:56 2005] [notice] jk2_init() Found child 5023 in scoreboard slot 7
[Mon Dec 05 07:52:55 2005] [notice] workerEnv.init() ok /etc/httpd/conf/workers2.properties
[Mon Dec 05 07:53:01 2005] [error] mod_jk child workerEnv in error state 7
[Mon Dec 05 07:53:24 2005] [notice] workerEnv.init() ok /etc/httpd/conf/workers2.properties
[Mon Dec 05 07:54:01 2005] [notice] jk2_init() Found child 5029 in scoreboard slot 8
[Mon Dec 05 07:54:02 2005] [notice] jk2_init() Found child 5030 in scoreboard slot 6
[Mon Dec 05 07:54:48 2005] [notice] jk2_init() Found child 5033 in scoreboard slot 8
[Mon Dec 05 07:54:48 2005] [notice] jk2_init() Found child 5032 in scoreboard slot 9
[Mon Dec 05 07:55:00 2005] [notice] jk2_init() Found child 5035 in scoreboard slot 7
[Mon Dec 05 07:55:00 2005] [notice] jk2_init() Found child 5034 in scoreboard slot 6
[Mon Dec 05 07:55:07 2005] [notice] workerEnv.init() ok /etc/httpd/conf/workers2.properties
[Mon Dec 05 07:55:08 2005] [error] mod_jk child workerEnv in error state 8
[Mon Dec 05 07:55:07 2005] [notice] workerEnv.init() ok /etc/httpd/conf/workers2.properties
[Mon Dec 05 07:55:08 2005] [error] mod_jk child workerEnv in error state 7
[Mon Dec 05 07:55:07 2005] [notice] workerEnv.init() ok /etc/httpd/conf/workers2.properties
[Mon Dec 05 07:55:08 2005] [error] mod_jk child workerEnv in error state 7
[Mon Dec 05 07:55:13 2005] [notice] jk2_init() Found child 5036 in scoreboard slot 9
[Mon Dec 05 07:57:01 2005] [notice] jk2_init() Found child 5050 in scoreboard slot 8
[Mon Dec 05 07:57:01 2005] [notice] jk2_init() Found child 5049 in scoreboard slot 7
[Mon Dec 05 07:57:01 2005] [notice] jk2_init() Found child 5048 in scoreboard slot 6
[Mon Dec 05 07:57:02 2005] [notice] jk2_init() Found child 5051 in scoreboard slot 9
[Mon Dec 05 07:57:02 2005] [error] jk2_init() Can't find child 5053 in scoreboard
[Mon Dec 05 07:57:02 2005] [error] jk2_init() Can't find child 5054 in scoreboard
[Mon Dec 05 07:57:02 2005] [notice] jk2_init() Found child 5052 in scoreboard slot 10
[Mon Dec 05 07:57:02 2005] [notice] workerEnv.init() ok /etc/httpd/conf/workers2.properties
[Mon Dec 05 07:57:02 2005] [error] mod_jk child workerEnv in error state 6
[Mon Dec 05 07:57:02 2005] [notice] workerEnv.init() ok /etc/httpd/conf/workers2.properties
[Mon Dec 05 07:57:02 2005] [error] mod_jk child workerEnv in error state 6
[Mon Dec 05 07:57:02 2005] [notice] workerEnv.init() ok /etc/httpd/conf/workers2.properties
[Mon Dec 05 07:57:02 2005] [error] mod_jk child workerEnv in error state 6
[Mon Dec 05 07:57:02 2005] [notice] workerEnv.init() ok /etc/httpd/conf/workers2.properties
[Mon Dec 05 07:57:02 2005] [error] mod_jk child workerEnv in error state 8
[Mon Dec 05 07:57:02 2005] [notice] workerEnv.init() ok /etc/httpd/conf/workers2.properties
[Mon Dec 05 07:57:02 2005] [error] mod_jk child workerEnv in error state 6
[Mon Dec 05 07:57:02 2005] [notice] workerEnv.init() ok /etc/httpd/conf/workers2.properties
[Mon Dec 05 07:57:02 2005] [error] mod_jk child init 1 -2
[Mon Dec 05 07:57:02 2005] [notice] workerEnv.init() ok /etc/httpd/conf/workers2.properties
[Mon Dec 05 07:57:02 2005] [error] mod_jk child init 1 -2
[Mon Dec 05 09:09:48 2005] [error] [client 207.12.15.211] Directory index forbidden by rule: /var/www/html/
[Mon Dec 05 09:36:13 2005] [notice] jk2_init() Found child 5271 in scoreboard slot 7
[Mon Dec 05 09:36:13 2005] [notice] jk2_init() Found child 5270 in scoreboard slot 6
[Mon Dec 05 09:36:14 2005] [notice] workerEnv.init() ok /etc/httpd/conf/workers2.properties
[Mon Dec 05 09:36:14 2005] [error] mod_jk child workerEnv in error state 6
[Mon Dec 05 09:36:14 2005] [notice] workerEnv.init() ok /etc/httpd/conf/workers2.properties
[Mon Dec 05 09:36:14 2005] [error] mod_jk child workerEnv in error state 6
[Mon Dec 05 09:55:21 2005] [notice] jk2_init() Found child 5295 in scoreboard slot 8
[Mon Dec 05 09:55:21 2005] [notice] workerEnv.init() ok /etc/httpd/conf/workers2.properties
[Mon Dec 05 09:55:21 2005] [error] mod_jk child workerEnv in error state 6
[Mon Dec 05 10:10:32 2005] [notice] jk2_init() Found child 5330 in scoreboard slot 9
[Mon Dec 05 10:10:33 2005] [notice] workerEnv.init() ok /etc/httpd/conf/workers2.properties
[Mon Dec 05 10:10:33 2005] [error] mod_jk child workerEnv in error state 6
[Mon Dec 05 10:16:20 2005] [notice] jk2_init() Found child 5344 in scoreboard slot 7
[Mon Dec 05 10:16:52 2005] [notice] jk2_init() Found child 5347 in scoreboard slot 6
[Mon Dec 05 10:16:53 2005] [notice] jk2_init() Found child 5348 in scoreboard slot 7
[Mon Dec 05 10:17:45 2005] [notice] jk2_init() Found child 5350 in scoreboard slot 9
[Mon Dec 05 10:17:45 2005] [notice] jk2_init() Found child 5349 in scoreboard slot 8
[Mon Dec 05 10:17:49 2005] [notice] jk2_init() Found child 5352 in scoreboard slot 7
[Mon Dec 05 10:17:50 2005] [notice] jk2_init() Found child 5351 in scoreboard slot 6
[Mon Dec 05 10:17:51 2005] [notice] workerEnv.init() ok /etc/httpd/conf/workers2.properties
[Mon Dec 05 10:17:51 2005] [notice] workerEnv.init() ok /etc/httpd/conf/workers2.properties
[Mon Dec 05 10:17:51 2005] [notice] workerEnv.init() ok /etc/httpd/conf/workers2.properties
[Mon Dec 05 10:17:51 2005] [notice] workerEnv.init() ok /etc/httpd/conf/workers2.properties
[Mon Dec 05 10:17:51 2005] [error] mod_jk child workerEnv in error state 6
[Mon Dec 05 10:17:51 2005] [error] mod_jk child workerEnv in error state 6
[Mon Dec 05 10:17:51 2005] [error] mod_jk child workerEnv in error state 7
[Mon Dec 05 10:17:51 2005] [error] mod_jk child workerEnv in error state 7
[Mon Dec 05 10:21:05 2005] [notice] jk2_init() Found child 5366 in scoreboard slot 9
[Mon Dec 05 10:21:05 2005] [notice] jk2_init() Found child 5365 in scoreboard slot 8
[Mon Dec 05 10:21:05 2005] [notice] jk2_init() Found child 5367 in scoreboard slot 6
[Mon Dec 05 10:21:07 2005] [notice] jk2_init() Found child 5368 in scoreboard slot 7
[Mon Dec 05 10:21:13 2005] [notice] workerEnv.init() ok /etc/httpd/conf/workers2.properties
[Mon Dec 05 10:21:13 2005] [notice] workerEnv.init() ok /etc/httpd/conf/workers2.properties
[Mon Dec 05 10:21:13 2005] [notice] workerEnv.init() ok /etc/httpd/conf/workers2.properties
