[Sun Nov 20 23:32:46 2005] [error] mod_jk child workerEnv in error state 4
[Sun Nov 20 23:32:46 2005] [error] mod_jk child workerEnv in error state 5
[Sun Nov 20 23:32:46 2005] [error] mod_jk child workerEnv in error state 4
[Sun Nov 20 23:32:46 2005] [error] mod_jk child workerEnv in error state 4
[Sun Nov 20 23:32:46 2005] [error] mod_jk child workerEnv in error state 4
[Sun Nov 20 23:36:12 2005] [notice] jk2_init() Found child 25152 in scoreboard slot 1
[Sun Nov 20 23:36:12 2005] [notice] jk2_init() Found child 25151 in scoreboard slot 2
[Sun Nov 20 23:36:43 2005] [notice] jk2_init() Found child 25153 in scoreboard slot 3
[Sun Nov 20 23:37:13 2005] [notice] jk2_init() Found child 25156 in scoreboard slot 2
[Sun Nov 20 23:37:13 2005] [notice] jk2_init() Found child 25157 in scoreboard slot 1
[Sun Nov 20 23:37:41 2005] [notice] jk2_init() Found child 25158 in scoreboard slot 3
[Sun Nov 20 23:37:41 2005] [notice] jk2_init() Found child 25159 in scoreboard slot 4
[Sun Nov 20 23:37:54 2005] [notice] jk2_init() Found child 25160 in scoreboard slot 0
[Sun Nov 20 23:37:54 2005] [notice] jk2_init() Found child 25161 in scoreboard slot 2
[Sun Nov 20 23:38:34 2005] [notice] jk2_init() Found child 25167 in scoreboard slot 1
[Sun Nov 20 23:38:34 2005] [notice] jk2_init() Found child 25166 in scoreboard slot 2
[Sun Nov 20 23:38:34 2005] [notice] jk2_init() Found child 25163 in scoreboard slot 4
[Sun Nov 20 23:38:34 2005] [notice] jk2_init() Found child 25164 in scoreboard slot 3
[Sun Nov 20 23:38:34 2005] [notice] jk2_init() Found child 25165 in scoreboard slot 0
[Sun Nov 20 23:38:43 2005] [notice] workerEnv.init() ok /etc/httpd/conf/workers2.properties
[Sun Nov 20 23:38:43 2005] [notice] workerEnv.init() ok /etc/httpd/conf/workers2.properties
[Sun Nov 20 23:38:43 2005] [notice] workerEnv.init() ok /etc/httpd/conf/workers2.properties
[Sun Nov 20 23:38:43 2005] [error] mod_jk child workerEnv in error state 7
[Sun Nov 20 23:38:43 2005] [error] mod_jk child init 1 0
[Sun Nov 20 23:38:43 2005] [error] mod_jk child workerEnv in error state 5
[Sun Nov 20 23:38:43 2005] [error] mod_jk child workerEnv in error state 6
[Sun Nov 20 23:38:43 2005] [notice] workerEnv.init() ok /etc/httpd/conf/workers2.properties
[Sun Nov 20 23:38:43 2005] [error] mod_jk child workerEnv in error state 5
[Sun Nov 20 23:38:43 2005] [notice] workerEnv.init() ok /etc/httpd/conf/workers2.properties
[Sun Nov 20 23:38:44 2005] [error] mod_jk child workerEnv in error state 6
[Sun Nov 20 23:41:20 2005] [notice] jk2_init() Found child 25190 in scoreboard slot 4
[Sun Nov 20 23:41:49 2005] [notice] jk2_init() Found child 25191 in scoreboard slot 3
[Sun Nov 20 23:42:14 2005] [notice] jk2_init() Found child 25193 in scoreboard slot 2
[Sun Nov 20 23:42:14 2005] [notice] jk2_init() Found child 25192 in scoreboard slot 0
[Sun Nov 20 23:42:15 2005] [notice] workerEnv.init() ok /etc/httpd/conf/workers2.properties
[Sun Nov 20 23:42:15 2005] [notice] workerEnv.init() ok /etc/httpd/conf/workers2.properties
[Sun Nov 20 23:42:16 2005] [error] mod_jk child workerEnv in error state 4
[Sun Nov 20 23:42:16 2005] [error] mod_jk child workerEnv in error state 4
[Sun Nov 20 23:42:41 2005] [notice] workerEnv.init() ok /etc/httpd/conf/workers2.properties
[Sun Nov 20 23:42:42 2005] [error] mod_jk child workerEnv in error state 4
[Sun Nov 20 23:42:41 2005] [notice] workerEnv.init() ok /etc/httpd/conf/workers2.properties
[Sun Nov 20 23:42:42 2005] [error] mod_jk child init 1 0
[Sun Nov 20 23:42:43 2005] [error] mod_jk child workerEnv in error state 4
[Sun Nov 20 23:42:45 2005] [notice] jk2_init() Found child 25194 in scoreboard slot 1
[Sun Nov 20 23:42:46 2005] [notice] jk2_init() Found child 25195 in scoreboard slot 4
[Sun Nov 20 23:42:59 2005] [notice] workerEnv.init() ok /etc/httpd/conf/workers2.properties
[Sun Nov 20 23:42:59 2005] [notice] workerEnv.init() ok /etc/httpd/conf/workers2.properties
[Sun Nov 20 23:43:01 2005] [error] mod_jk child workerEnv in error state 4
[Sun Nov 20 23:43:01 2005] [error] mod_jk child workerEnv in error state 4
[Sun Nov 20 23:43:07 2005] [notice] jk2_init() Found child 25196 in scoreboard slot 3
[Sun Nov 20 23:43:07 2005] [notice] jk2_init() Found child 25197 in scoreboard slot 0
[Sun Nov 20 23:43:07 2005] [notice] jk2_init() Found child 25198 in scoreboard slot 2
[Sun Nov 20 23:43:11 2005] [notice] workerEnv.init() ok /etc/httpd/conf/workers2.properties
[Sun Nov 20 23:43:11 2005] [error] mod_jk child workerEnv in error state 4
[Sun Nov 20 23:43:11 2005] [notice] workerEnv.init() ok /etc/httpd/conf/workers2.properties
[Sun Nov 20 23:43:11 2005] [error] mod_jk child workerEnv in error state 4
[Sun Nov 20 23:43:11 2005] [notice] workerEnv.init() ok /etc/httpd/conf/workers2.properties
[Sun Nov 20 23:43:11 2005] [error] mod_jk child init 1 0
[Sun Nov 20 23:43:11 2005] [error] mod_jk child workerEnv in error state 4
[Sun Nov 20 23:46:07 2005] [notice] jk2_init() Found child 25206 in scoreboard slot 1
[Sun Nov 20 23:46:07 2005] [notice] jk2_init() Found child 25207 in scoreboard slot 4
[Sun Nov 20 23:46:41 2005] [notice] jk2_init() Found child 25209 in scoreboard slot 0
[Sun Nov 20 23:46:41 2005] [notice] jk2_init() Found child 25208 in scoreboard slot 3
[Sun Nov 20 23:46:41 2005] [notice] jk2_init() Found child 25210 in scoreboard slot 2
[Sun Nov 20 23:47:39 2005] [notice] jk2_init() Found child 25218 in scoreboard slot 3
[Sun Nov 20 23:47:38 2005] [notice] jk2_init() Found child 25217 in scoreboard slot 4
[Sun Nov 20 23:48:01 2005] [notice] jk2_init() Found child 25220 in scoreboard slot 2
[Sun Nov 20 23:48:22 2005] [notice] jk2_init() Found child 25223 in scoreboard slot 3
[Sun Nov 20 23:48:22 2005] [notice] jk2_init() Found child 25224 in scoreboard slot 0
[Sun Nov 20 23:48:22 2005] [notice] jk2_init() Found child 25222 in scoreboard slot 4
[Sun Nov 20 23:49:32 2005] [notice] jk2_init() Found child 25227 in scoreboard slot 4
[Sun Nov 20 23:49:32 2005] [notice] jk2_init() Found child 25231 in scoreboard slot 1
[Sun Nov 20 23:49:32 2005] [notice] jk2_init() Found child 25228 in scoreboard slot 3
[Sun Nov 20 23:49:32 2005] [notice] jk2_init() Found child 25229 in scoreboard slot 0
[Sun Nov 20 23:49:32 2005] [notice] jk2_init() Found child 25230 in scoreboard slot 2
[Sun Nov 20 23:49:42 2005] [notice] workerEnv.init() ok /etc/httpd/conf/workers2.properties
[Sun Nov 20 23:49:42 2005] [notice] workerEnv.init() ok /etc/httpd/conf/workers2.properties
[Sun Nov 20 23:49:42 2005] [notice] workerEnv.init() ok /etc/httpd/conf/workers2.properties
[Sun Nov 20 23:49:42 2005] [notice] workerEnv.init() ok /etc/httpd/conf/workers2.properties
[Sun Nov 20 23:49:42 2005] [notice] workerEnv.init() ok /etc/httpd/conf/workers2.properties
[Sun Nov 20 23:49:43 2005] [error] mod_jk child workerEnv in error state 7
[Sun Nov 20 23:49:43 2005] [error] mod_jk child workerEnv in error state 6
[Sun Nov 20 23:49:43 2005] [error] mod_jk child workerEnv in error state 5
[Sun Nov 20 23:49:43 2005] [error] mod_jk child workerEnv in error state 6
[Sun Nov 20 23:49:43 2005] [error] mod_jk child init 1 0
[Sun Nov 20 23:49:43 2005] [error] mod_jk child workerEnv in error state 6
[Sun Nov 20 23:55:35 2005] [notice] jk2_init() Found child 25271 in scoreboard slot 3
[Sun Nov 20 23:55:35 2005] [notice] jk2_init() Found child 25270 in scoreboard slot 4
[Sun Nov 20 23:55:36 2005] [notice] workerEnv.init() ok /etc/httpd/conf/workers2.properties
[Sun Nov 20 23:55:36 2005] [error] mod_jk child workerEnv in error state 4
[Sun Nov 20 23:55:36 2005] [notice] workerEnv.init() ok /etc/httpd/conf/workers2.properties
[Sun Nov 20 23:55:36 2005] [error] mod_jk child workerEnv in error state 4
[Mon Nov 21 00:00:48 2005] [notice] jk2_init() Found child 25279 in scoreboard slot 0
[Mon Nov 21 00:00:50 2005] [notice] jk2_init() Found child 25280 in scoreboard slot 2
[Mon Nov 21 00:00:52 2005] [notice] workerEnv.init() ok /etc/httpd/conf/workers2.properties
[Mon Nov 21 00:00:52 2005] [error] mod_jk child workerEnv in error state 4
[Mon Nov 21 00:00:52 2005] [notice] workerEnv.init() ok /etc/httpd/conf/workers2.properties
[Mon Nov 21 00:00:52 2005] [error] mod_jk child init 1 0
[Mon Nov 21 00:00:52 2005] [error] mod_jk child workerEnv in error state 4
[Mon Nov 21 00:05:29 2005] [notice] jk2_init() Found child 25299 in scoreboard slot 1
