[Tue Jan 24 12:52:25 2006] [error] [client 211.99.203.228] File does not exist: /var/www/html/xmlrpc
[Tue Jan 24 12:52:25 2006] [error] [client 211.99.203.228] File does not exist: /var/www/html/xmlsrv
[Tue Jan 24 12:52:26 2006] [error] [client 211.99.203.228] File does not exist: /var/www/html/xmlsrv
[Tue Jan 24 12:52:27 2006] [error] [client 211.99.203.228] File does not exist: /var/www/html/xmlsrv
[Tue Jan 24 12:52:27 2006] [error] [client 211.99.203.228] File does not exist: /var/www/html/xmlrpc
[Tue Jan 24 12:52:28 2006] [error] [client 211.99.203.228] File does not exist: /var/www/html/xmlsrv
[Tue Jan 24 12:52:29 2006] [notice] mod_jk2 Shutting down
[Tue Jan 24 14:15:11 2006] [error] [client 129.59.8.10] Directory index forbidden by rule: /var/www/html/
[Tue Jan 24 15:52:38 2006] [error] [client 143.43.14.100] Directory index forbidden by rule: /var/www/html/
[Tue Jan 24 17:59:08 2006] [error] [client 69.134.192.150] Directory index forbidden by rule: /var/www/html/
[Tue Jan 24 18:14:32 2006] [error] [client 220.163.7.170] Directory index forbidden by rule: /var/www/html/
[Tue Jan 24 19:55:26 2006] [error] [client 61.166.53.216] Directory index forbidden by rule: /var/www/html/
[Tue Jan 24 20:49:17 2006] [error] jk2_init() Can't find child 452 in scoreboard
[Tue Jan 24 20:49:17 2006] [notice] workerEnv.init() ok /etc/httpd/conf/workers2.properties
[Tue Jan 24 20:49:17 2006] [error] mod_jk child init 1 -2
[Tue Jan 24 20:49:18 2006] [notice] jk2_init() Found child 453 in scoreboard slot 13
[Tue Jan 24 20:49:18 2006] [notice] workerEnv.init() ok /etc/httpd/conf/workers2.properties
[Tue Jan 24 20:49:18 2006] [error] mod_jk child workerEnv in error state 8
[Tue Jan 24 20:49:18 2006] [error] jk2_init() Can't find child 454 in scoreboard
[Tue Jan 24 20:49:18 2006] [notice] workerEnv.init() ok /etc/httpd/conf/workers2.properties
[Tue Jan 24 20:49:18 2006] [error] mod_jk child init 1 -2
[Tue Jan 24 20:49:19 2006] [notice] jk2_init() Found child 455 in scoreboard slot 15
[Tue Jan 24 20:49:19 2006] [notice] workerEnv.init() ok /etc/httpd/conf/workers2.properties
[Tue Jan 24 20:49:19 2006] [error] mod_jk child workerEnv in error state 8
[Tue Jan 24 20:49:19 2006] [error] jk2_init() Can't find child 456 in scoreboard
[Tue Jan 24 20:49:19 2006] [notice] workerEnv.init() ok /etc/httpd/conf/workers2.properties
[Tue Jan 24 20:49:19 2006] [error] mod_jk child init 1 -2
[Tue Jan 24 20:49:19 2006] [error] jk2_init() Can't find child 457 in scoreboard
[Tue Jan 24 20:49:19 2006] [notice] workerEnv.init() ok /etc/httpd/conf/workers2.properties
[Tue Jan 24 20:49:19 2006] [notice] jk2_init() Found child 458 in scoreboard slot 20
[Tue Jan 24 20:49:19 2006] [notice] workerEnv.init() ok /etc/httpd/conf/workers2.properties
[Tue Jan 24 20:49:19 2006] [error] mod_jk child workerEnv in error state 8
[Tue Jan 24 20:49:19 2006] [error] mod_jk child init 1 -2
[Tue Jan 24 20:49:20 2006] [error] jk2_init() Can't find child 459 in scoreboard
[Tue Jan 24 20:49:20 2006] [notice] workerEnv.init() ok /etc/httpd/conf/workers2.properties
[Tue Jan 24 20:49:20 2006] [error] mod_jk child init 1 -2
[Tue Jan 24 20:49:20 2006] [error] jk2_init() Can't find child 460 in scoreboard
[Tue Jan 24 20:49:20 2006] [notice] workerEnv.init() ok /etc/httpd/conf/workers2.properties
[Tue Jan 24 20:49:20 2006] [error] mod_jk child init 1 -2
[Tue Jan 24 20:49:20 2006] [error] jk2_init() Can't find child 461 in scoreboard
[Tue Jan 24 20:49:20 2006] [notice] workerEnv.init() ok /etc/httpd/conf/workers2.properties
[Tue Jan 24 20:49:20 2006] [error] mod_jk child init 1 -2
[Tue Jan 24 20:49:20 2006] [error] jk2_init() Can't find child 462 in scoreboard
[Tue Jan 24 20:49:20 2006] [notice] workerEnv.init() ok /etc/httpd/conf/workers2.properties
[Tue Jan 24 20:49:20 2006] [error] mod_jk child init 1 -2
[Tue Jan 24 20:49:20 2006] [notice] jk2_init() Found child 463 in scoreboard slot 31
[Tue Jan 24 20:49:20 2006] [notice] workerEnv.init() ok /etc/httpd/conf/workers2.properties
[Tue Jan 24 20:49:20 2006] [error] jk2_init() Can't find child 464 in scoreboard
[Tue Jan 24 20:49:20 2006] [notice] workerEnv.init() ok /etc/httpd/conf/workers2.properties
[Tue Jan 24 20:49:20 2006] [error] mod_jk child init 1 -2
[Tue Jan 24 20:49:20 2006] [error] jk2_init() Can't find child 465 in scoreboard
[Tue Jan 24 20:49:20 2006] [notice] workerEnv.init() ok /etc/httpd/conf/workers2.properties
[Tue Jan 24 20:49:20 2006] [error] mod_jk child init 1 -2
[Tue Jan 24 20:49:20 2006] [error] jk2_init() Can't find child 466 in scoreboard
[Tue Jan 24 20:49:20 2006] [notice] workerEnv.init() ok /etc/httpd/conf/workers2.properties
[Tue Jan 24 20:49:20 2006] [error] mod_jk child init 1 -2
[Tue Jan 24 20:49:21 2006] [error] jk2_init() Can't find child 467 in scoreboard
[Tue Jan 24 20:49:21 2006] [notice] workerEnv.init() ok /etc/httpd/conf/workers2.properties
[Tue Jan 24 20:49:21 2006] [error] mod_jk child init 1 -2
[Tue Jan 24 20:49:21 2006] [notice] jk2_init() Found child 468 in scoreboard slot 36
[Tue Jan 24 20:49:21 2006] [notice] workerEnv.init() ok /etc/httpd/conf/workers2.properties
[Tue Jan 24 20:49:21 2006] [error] jk2_init() Can't find child 469 in scoreboard
[Tue Jan 24 20:49:21 2006] [notice] workerEnv.init() ok /etc/httpd/conf/workers2.properties
[Tue Jan 24 20:49:21 2006] [error] mod_jk child init 1 -2
[Tue Jan 24 20:49:21 2006] [error] jk2_init() Can't find child 470 in scoreboard
[Tue Jan 24 20:49:21 2006] [notice] workerEnv.init() ok /etc/httpd/conf/workers2.properties
[Tue Jan 24 20:49:21 2006] [error] mod_jk child init 1 -2
[Tue Jan 24 20:49:21 2006] [error] jk2_init() Can't find child 471 in scoreboard
[Tue Jan 24 20:49:21 2006] [notice] workerEnv.init() ok /etc/httpd/conf/workers2.properties
[Tue Jan 24 20:49:21 2006] [error] mod_jk child init 1 -2
[Tue Jan 24 20:49:21 2006] [error] jk2_init() Can't find child 472 in scoreboard
[Tue Jan 24 20:49:21 2006] [notice] jk2_init() Found child 473 in scoreboard slot 41
[Tue Jan 24 20:49:21 2006] [error] jk2_init() Can't find child 474 in scoreboard
[Tue Jan 24 20:49:21 2006] [error] jk2_init() Can't find child 475 in scoreboard
[Tue Jan 24 20:49:21 2006] [notice] workerEnv.init() ok /etc/httpd/conf/workers2.properties
[Tue Jan 24 20:49:21 2006] [error] mod_jk child init 1 -2
[Tue Jan 24 20:49:21 2006] [notice] workerEnv.init() ok /etc/httpd/conf/workers2.properties
[Tue Jan 24 20:49:21 2006] [error] mod_jk child init 1 -2
[Tue Jan 24 20:49:21 2006] [error] jk2_init() Can't find child 476 in scoreboard
[Tue Jan 24 20:49:21 2006] [notice] workerEnv.init() ok /etc/httpd/conf/workers2.properties
[Tue Jan 24 20:49:21 2006] [error] mod_jk child init 1 -2
[Tue Jan 24 20:49:21 2006] [error] jk2_init() Can't find child 477 in scoreboard
[Tue Jan 24 20:49:21 2006] [notice] workerEnv.init() ok /etc/httpd/conf/workers2.properties
[Tue Jan 24 20:49:21 2006] [error] mod_jk child init 1 -2
[Tue Jan 24 20:49:21 2006] [notice] workerEnv.init() ok /etc/httpd/conf/workers2.properties
[Tue Jan 24 20:49:21 2006] [error] mod_jk child init 1 -2
[Tue Jan 24 20:49:21 2006] [error] jk2_init() Can't find child 479 in scoreboard
[Tue Jan 24 20:49:21 2006] [notice] workerEnv.init() ok /etc/httpd/conf/workers2.properties
[Tue Jan 24 20:49:21 2006] [error] mod_jk child init 1 -2
[Tue Jan 24 20:49:22 2006] [error] jk2_init() Can't find child 480 in scoreboard
[Tue Jan 24 20:49:22 2006] [notice] workerEnv.init() ok /etc/httpd/conf/workers2.properties
[Tue Jan 24 20:49:22 2006] [notice] jk2_init() Found child 478 in scoreboard slot 46
[Tue Jan 24 20:49:22 2006] [notice] workerEnv.init() ok /etc/httpd/conf/workers2.properties
[Tue Jan 24 20:49:22 2006] [error] jk2_init() Can't find child 481 in scoreboard
[Tue Jan 24 20:49:22 2006] [error] jk2_init() Can't find child 482 in scoreboard
[Tue Jan 24 20:49:22 2006] [notice] workerEnv.init() ok /etc/httpd/conf/workers2.properties
[Tue Jan 24 20:49:22 2006] [error] mod_jk child init 1 -2
[Tue Jan 24 20:49:22 2006] [notice] workerEnv.init() ok /etc/httpd/conf/workers2.properties
[Tue Jan 24 20:49:22 2006] [error] mod_jk child init 1 -2
[Tue Jan 24 20:49:22 2006] [notice] workerEnv.init() ok /etc/httpd/conf/workers2.properties
