[Tue Nov 22 21:50:36 2005] [notice] workerEnv.init() ok /etc/httpd/conf/workers2.properties
[Tue Nov 22 21:50:36 2005] [error] mod_jk child workerEnv in error state 4
[Tue Nov 22 21:55:42 2005] [notice] jk2_init() Found child 2660 in scoreboard slot 4
[Tue Nov 22 21:55:42 2005] [notice] workerEnv.init() ok /etc/httpd/conf/workers2.properties
[Tue Nov 22 21:55:42 2005] [error] mod_jk child workerEnv in error state 4
[Tue Nov 22 21:57:35 2005] [notice] jk2_init() Found child 2661 in scoreboard slot 5
[Tue Nov 22 21:57:35 2005] [notice] workerEnv.init() ok /etc/httpd/conf/workers2.properties
[Tue Nov 22 21:57:35 2005] [error] mod_jk child workerEnv in error state 4
[Tue Nov 22 21:57:35 2005] [error] [client 70.136.201.97] Directory index forbidden by rule: /var/www/html/
[Tue Nov 22 22:00:45 2005] [notice] jk2_init() Found child 2669 in scoreboard slot 4
[Tue Nov 22 22:00:46 2005] [notice] workerEnv.init() ok /etc/httpd/conf/workers2.properties
[Tue Nov 22 22:00:46 2005] [error] mod_jk child workerEnv in error state 4
[Tue Nov 22 22:05:25 2005] [notice] jk2_init() Found child 2688 in scoreboard slot 4
[Tue Nov 22 22:05:26 2005] [notice] workerEnv.init() ok /etc/httpd/conf/workers2.properties
[Tue Nov 22 22:05:26 2005] [error] mod_jk child workerEnv in error state 4
[Tue Nov 22 22:10:46 2005] [notice] jk2_init() Found child 2697 in scoreboard slot 4
[Tue Nov 22 22:10:49 2005] [notice] workerEnv.init() ok /etc/httpd/conf/workers2.properties
[Tue Nov 22 22:10:49 2005] [error] mod_jk child workerEnv in error state 4
[Tue Nov 22 22:15:44 2005] [notice] jk2_init() Found child 2710 in scoreboard slot 4
[Tue Nov 22 22:15:46 2005] [notice] workerEnv.init() ok /etc/httpd/conf/workers2.properties
[Tue Nov 22 22:15:46 2005] [error] mod_jk child workerEnv in error state 4
[Tue Nov 22 22:21:19 2005] [notice] jk2_init() Found child 2726 in scoreboard slot 4
[Tue Nov 22 22:21:21 2005] [notice] workerEnv.init() ok /etc/httpd/conf/workers2.properties
[Tue Nov 22 22:21:21 2005] [error] mod_jk child workerEnv in error state 4
[Tue Nov 22 23:03:15 2005] [notice] jk2_init() Found child 2799 in scoreboard slot 5
[Tue Nov 22 23:03:16 2005] [notice] workerEnv.init() ok /etc/httpd/conf/workers2.properties
[Tue Nov 22 23:03:16 2005] [error] mod_jk child workerEnv in error state 4
[Tue Nov 22 23:03:23 2005] [error] [client 82.138.209.82] Directory index forbidden by rule: /var/www/html/
[Tue Nov 22 23:30:44 2005] [notice] jk2_init() Found child 2856 in scoreboard slot 4
[Tue Nov 22 23:30:46 2005] [notice] workerEnv.init() ok /etc/httpd/conf/workers2.properties
[Tue Nov 22 23:30:46 2005] [error] mod_jk child workerEnv in error state 4
[Tue Nov 22 23:35:40 2005] [notice] jk2_init() Found child 2869 in scoreboard slot 4
[Tue Nov 22 23:35:41 2005] [notice] workerEnv.init() ok /etc/httpd/conf/workers2.properties
[Tue Nov 22 23:35:41 2005] [error] mod_jk child workerEnv in error state 4
[Tue Nov 22 23:40:47 2005] [notice] jk2_init() Found child 2877 in scoreboard slot 4
[Tue Nov 22 23:40:47 2005] [notice] workerEnv.init() ok /etc/httpd/conf/workers2.properties
[Tue Nov 22 23:40:47 2005] [error] mod_jk child workerEnv in error state 4
[Tue Nov 22 23:45:35 2005] [notice] jk2_init() Found child 2882 in scoreboard slot 4
[Tue Nov 22 23:45:36 2005] [notice] workerEnv.init() ok /etc/httpd/conf/workers2.properties
[Tue Nov 22 23:45:36 2005] [error] mod_jk child workerEnv in error state 4
[Tue Nov 22 23:50:30 2005] [notice] jk2_init() Found child 2890 in scoreboard slot 4
[Tue Nov 22 23:50:31 2005] [notice] workerEnv.init() ok /etc/httpd/conf/workers2.properties
[Tue Nov 22 23:50:31 2005] [error] mod_jk child workerEnv in error state 4
[Tue Nov 22 23:55:34 2005] [notice] jk2_init() Found child 2903 in scoreboard slot 4
[Tue Nov 22 23:55:35 2005] [notice] workerEnv.init() ok /etc/httpd/conf/workers2.properties
[Tue Nov 22 23:55:35 2005] [error] mod_jk child workerEnv in error state 4
[Wed Nov 23 00:00:33 2005] [notice] jk2_init() Found child 2911 in scoreboard slot 4
[Wed Nov 23 00:00:34 2005] [notice] workerEnv.init() ok /etc/httpd/conf/workers2.properties
[Wed Nov 23 00:00:34 2005] [error] mod_jk child workerEnv in error state 4
[Wed Nov 23 00:05:33 2005] [notice] jk2_init() Found child 2931 in scoreboard slot 4
[Wed Nov 23 00:05:34 2005] [notice] workerEnv.init() ok /etc/httpd/conf/workers2.properties
[Wed Nov 23 00:05:34 2005] [error] mod_jk child workerEnv in error state 4
[Wed Nov 23 00:10:51 2005] [notice] jk2_init() Found child 2940 in scoreboard slot 4
[Wed Nov 23 00:10:53 2005] [notice] workerEnv.init() ok /etc/httpd/conf/workers2.properties
[Wed Nov 23 00:10:53 2005] [error] mod_jk child workerEnv in error state 4
[Wed Nov 23 00:16:05 2005] [notice] jk2_init() Found child 2953 in scoreboard slot 4
[Wed Nov 23 00:16:07 2005] [notice] workerEnv.init() ok /etc/httpd/conf/workers2.properties
[Wed Nov 23 00:16:07 2005] [error] mod_jk child workerEnv in error state 4
[Wed Nov 23 00:21:31 2005] [notice] jk2_init() Found child 2970 in scoreboard slot 4
[Wed Nov 23 00:21:36 2005] [notice] workerEnv.init() ok /etc/httpd/conf/workers2.properties
[Wed Nov 23 00:21:36 2005] [error] mod_jk child workerEnv in error state 4
[Wed Nov 23 00:23:23 2005] [notice] jk2_init() Found child 2972 in scoreboard slot 5
[Wed Nov 23 00:23:25 2005] [error] [client 68.184.97.32] Directory index forbidden by rule: /var/www/html/
[Wed Nov 23 00:23:27 2005] [notice] workerEnv.init() ok /etc/httpd/conf/workers2.properties
[Wed Nov 23 00:23:27 2005] [error] mod_jk child workerEnv in error state 4
[Wed Nov 23 00:30:45 2005] [notice] jk2_init() Found child 2995 in scoreboard slot 4
[Wed Nov 23 00:30:46 2005] [notice] workerEnv.init() ok /etc/httpd/conf/workers2.properties
[Wed Nov 23 00:30:46 2005] [error] mod_jk child workerEnv in error state 4
[Wed Nov 23 00:35:45 2005] [notice] jk2_init() Found child 3010 in scoreboard slot 4
[Wed Nov 23 00:35:46 2005] [notice] workerEnv.init() ok /etc/httpd/conf/workers2.properties
[Wed Nov 23 00:35:46 2005] [error] mod_jk child workerEnv in error state 4
[Wed Nov 23 00:40:55 2005] [notice] jk2_init() Found child 3027 in scoreboard slot 4
[Wed Nov 23 00:40:56 2005] [notice] workerEnv.init() ok /etc/httpd/conf/workers2.properties
[Wed Nov 23 00:40:56 2005] [error] mod_jk child workerEnv in error state 4
[Wed Nov 23 00:41:23 2005] [notice] jk2_init() Found child 3028 in scoreboard slot 5
[Wed Nov 23 00:41:23 2005] [notice] workerEnv.init() ok /etc/httpd/conf/workers2.properties
[Wed Nov 23 00:41:23 2005] [error] mod_jk child workerEnv in error state 4
[Wed Nov 23 00:41:26 2005] [error] [client 222.166.160.22] Directory index forbidden by rule: /var/www/html/
[Wed Nov 23 00:45:49 2005] [notice] jk2_init() Found child 3033 in scoreboard slot 4
[Wed Nov 23 00:45:50 2005] [notice] workerEnv.init() ok /etc/httpd/conf/workers2.properties
[Wed Nov 23 00:45:50 2005] [error] mod_jk child workerEnv in error state 4
[Wed Nov 23 00:50:32 2005] [notice] jk2_init() Found child 3041 in scoreboard slot 4
[Wed Nov 23 00:50:32 2005] [notice] workerEnv.init() ok /etc/httpd/conf/workers2.properties
[Wed Nov 23 00:50:32 2005] [error] mod_jk child workerEnv in error state 4
[Wed Nov 23 00:55:32 2005] [notice] jk2_init() Found child 3046 in scoreboard slot 4
[Wed Nov 23 00:55:32 2005] [notice] workerEnv.init() ok /etc/httpd/conf/workers2.properties
[Wed Nov 23 00:55:32 2005] [error] mod_jk child workerEnv in error state 4
[Wed Nov 23 01:00:30 2005] [notice] jk2_init() Found child 3054 in scoreboard slot 4
[Wed Nov 23 01:00:30 2005] [notice] workerEnv.init() ok /etc/httpd/conf/workers2.properties
[Wed Nov 23 01:00:30 2005] [error] mod_jk child workerEnv in error state 4
[Wed Nov 23 01:05:29 2005] [notice] jk2_init() Found child 3073 in scoreboard slot 4
[Wed Nov 23 01:05:30 2005] [notice] workerEnv.init() ok /etc/httpd/conf/workers2.properties
[Wed Nov 23 01:05:30 2005] [error] mod_jk child workerEnv in error state 4
[Wed Nov 23 01:10:41 2005] [notice] jk2_init() Found child 3083 in scoreboard slot 4
[Wed Nov 23 01:10:42 2005] [notice] workerEnv.init() ok /etc/httpd/conf/workers2.properties
[Wed Nov 23 01:10:42 2005] [error] mod_jk child workerEnv in error state 4
[Wed Nov 23 01:16:23 2005] [notice] jk2_init() Found child 3097 in scoreboard slot 4
[Wed Nov 23 01:16:25 2005] [notice] workerEnv.init() ok /etc/httpd/conf/workers2.properties
[Wed Nov 23 01:16:25 2005] [error] mod_jk child workerEnv in error state 4
[Wed Nov 23 01:25:37 2005] [notice] jk2_init() Found child 3120 in scoreboard slot 4
