[Sun Nov 20 11:39:01 2005] [error] mod_jk child workerEnv in error state 6
[Sun Nov 20 11:39:01 2005] [error] mod_jk child init 1 0
[Sun Nov 20 11:39:01 2005] [error] mod_jk child workerEnv in error state 5
[Sun Nov 20 11:39:01 2005] [error] mod_jk child workerEnv in error state 6
[Sun Nov 20 11:39:01 2005] [error] mod_jk child workerEnv in error state 4
[Sun Nov 20 12:26:07 2005] [notice] jk2_init() Found child 22260 in scoreboard slot 1
[Sun Nov 20 12:26:07 2005] [notice] jk2_init() Found child 22259 in scoreboard slot 4
[Sun Nov 20 12:26:09 2005] [notice] workerEnv.init() ok /etc/httpd/conf/workers2.properties
[Sun Nov 20 12:26:09 2005] [error] mod_jk child workerEnv in error state 4
[Sun Nov 20 12:26:09 2005] [notice] workerEnv.init() ok /etc/httpd/conf/workers2.properties
[Sun Nov 20 12:26:09 2005] [error] mod_jk child workerEnv in error state 4
[Sun Nov 20 12:31:04 2005] [notice] jk2_init() Found child 22269 in scoreboard slot 0
[Sun Nov 20 12:31:04 2005] [notice] jk2_init() Found child 22270 in scoreboard slot 2
[Sun Nov 20 12:31:04 2005] [notice] jk2_init() Found child 22271 in scoreboard slot 3
[Sun Nov 20 12:31:07 2005] [notice] jk2_init() Found child 22272 in scoreboard slot 4
[Sun Nov 20 12:31:10 2005] [notice] workerEnv.init() ok /etc/httpd/conf/workers2.properties
[Sun Nov 20 12:31:10 2005] [error] mod_jk child workerEnv in error state 4
[Sun Nov 20 12:31:10 2005] [notice] workerEnv.init() ok /etc/httpd/conf/workers2.properties
[Sun Nov 20 12:31:10 2005] [error] mod_jk child workerEnv in error state 4
[Sun Nov 20 12:31:10 2005] [notice] workerEnv.init() ok /etc/httpd/conf/workers2.properties
[Sun Nov 20 12:31:10 2005] [error] mod_jk child workerEnv in error state 4
[Sun Nov 20 12:31:10 2005] [notice] workerEnv.init() ok /etc/httpd/conf/workers2.properties
[Sun Nov 20 12:31:10 2005] [error] mod_jk child init 1 0
[Sun Nov 20 12:31:10 2005] [error] mod_jk child workerEnv in error state 4
[Sun Nov 20 12:36:09 2005] [notice] jk2_init() Found child 22284 in scoreboard slot 1
[Sun Nov 20 12:36:14 2005] [notice] jk2_init() Found child 22285 in scoreboard slot 0
[Sun Nov 20 12:36:14 2005] [notice] jk2_init() Found child 22286 in scoreboard slot 2
[Sun Nov 20 12:36:37 2005] [notice] workerEnv.init() ok /etc/httpd/conf/workers2.properties
[Sun Nov 20 12:36:37 2005] [notice] workerEnv.init() ok /etc/httpd/conf/workers2.properties
[Sun Nov 20 12:36:41 2005] [error] mod_jk child init 1 0
[Sun Nov 20 12:36:41 2005] [error] mod_jk child workerEnv in error state 4
[Sun Nov 20 12:36:41 2005] [error] mod_jk child workerEnv in error state 4
[Sun Nov 20 12:37:11 2005] [notice] jk2_init() Found child 22287 in scoreboard slot 3
[Sun Nov 20 12:37:11 2005] [notice] jk2_init() Found child 22288 in scoreboard slot 4
[Sun Nov 20 12:37:40 2005] [notice] jk2_init() Found child 22289 in scoreboard slot 1
[Sun Nov 20 12:38:14 2005] [notice] jk2_init() Found child 22292 in scoreboard slot 3
[Sun Nov 20 12:38:14 2005] [notice] jk2_init() Found child 22291 in scoreboard slot 2
[Sun Nov 20 12:38:14 2005] [notice] jk2_init() Found child 22293 in scoreboard slot 4
[Sun Nov 20 12:38:44 2005] [notice] jk2_init() Found child 22295 in scoreboard slot 0
[Sun Nov 20 12:39:28 2005] [notice] jk2_init() Found child 22302 in scoreboard slot 3
[Sun Nov 20 12:39:28 2005] [notice] jk2_init() Found child 22300 in scoreboard slot 0
[Sun Nov 20 12:39:28 2005] [notice] jk2_init() Found child 22301 in scoreboard slot 2
[Sun Nov 20 12:39:28 2005] [notice] jk2_init() Found child 22303 in scoreboard slot 4
[Sun Nov 20 12:39:28 2005] [notice] jk2_init() Found child 22299 in scoreboard slot 1
[Sun Nov 20 12:39:34 2005] [notice] workerEnv.init() ok /etc/httpd/conf/workers2.properties
[Sun Nov 20 12:39:34 2005] [notice] workerEnv.init() ok /etc/httpd/conf/workers2.properties
[Sun Nov 20 12:39:34 2005] [notice] workerEnv.init() ok /etc/httpd/conf/workers2.properties
[Sun Nov 20 12:39:34 2005] [notice] workerEnv.init() ok /etc/httpd/conf/workers2.properties
[Sun Nov 20 12:39:34 2005] [notice] workerEnv.init() ok /etc/httpd/conf/workers2.properties
[Sun Nov 20 12:39:34 2005] [error] mod_jk child workerEnv in error state 6
[Sun Nov 20 12:39:34 2005] [error] mod_jk child init 1 0
[Sun Nov 20 12:39:34 2005] [error] mod_jk child workerEnv in error state 5
[Sun Nov 20 12:39:34 2005] [error] mod_jk child workerEnv in error state 5
[Sun Nov 20 12:39:34 2005] [error] mod_jk child workerEnv in error state 6
[Sun Nov 20 12:39:34 2005] [error] mod_jk child workerEnv in error state 6
[Sun Nov 20 12:41:11 2005] [notice] jk2_init() Found child 22321 in scoreboard slot 7
[Sun Nov 20 12:41:11 2005] [notice] jk2_init() Found child 22320 in scoreboard slot 6
[Sun Nov 20 12:41:11 2005] [notice] jk2_init() Found child 22314 in scoreboard slot 1
[Sun Nov 20 12:41:11 2005] [notice] jk2_init() Found child 22315 in scoreboard slot 0
[Sun Nov 20 12:41:11 2005] [notice] jk2_init() Found child 22316 in scoreboard slot 2
[Sun Nov 20 12:41:11 2005] [notice] jk2_init() Found child 22317 in scoreboard slot 3
[Sun Nov 20 12:41:11 2005] [notice] jk2_init() Found child 22319 in scoreboard slot 5
[Sun Nov 20 12:41:11 2005] [notice] jk2_init() Found child 22318 in scoreboard slot 4
[Sun Nov 20 12:41:13 2005] [notice] workerEnv.init() ok /etc/httpd/conf/workers2.properties
[Sun Nov 20 12:41:13 2005] [error] mod_jk child workerEnv in error state 4
[Sun Nov 20 12:41:13 2005] [notice] workerEnv.init() ok /etc/httpd/conf/workers2.properties
[Sun Nov 20 12:41:13 2005] [error] mod_jk child init 1 0
[Sun Nov 20 12:41:13 2005] [error] mod_jk child workerEnv in error state 4
[Sun Nov 20 12:41:13 2005] [notice] workerEnv.init() ok /etc/httpd/conf/workers2.properties
[Sun Nov 20 12:41:13 2005] [error] mod_jk child workerEnv in error state 4
[Sun Nov 20 12:41:13 2005] [notice] workerEnv.init() ok /etc/httpd/conf/workers2.properties
[Sun Nov 20 12:41:13 2005] [error] mod_jk child workerEnv in error state 4
[Sun Nov 20 12:41:13 2005] [notice] workerEnv.init() ok /etc/httpd/conf/workers2.properties
[Sun Nov 20 12:41:13 2005] [error] mod_jk child workerEnv in error state 4
[Sun Nov 20 12:41:13 2005] [notice] workerEnv.init() ok /etc/httpd/conf/workers2.properties
[Sun Nov 20 12:41:13 2005] [error] mod_jk child workerEnv in error state 4
[Sun Nov 20 12:41:13 2005] [notice] workerEnv.init() ok /etc/httpd/conf/workers2.properties
[Sun Nov 20 12:41:13 2005] [error] mod_jk child workerEnv in error state 4
[Sun Nov 20 12:41:13 2005] [notice] workerEnv.init() ok /etc/httpd/conf/workers2.properties
[Sun Nov 20 12:41:13 2005] [error] mod_jk child workerEnv in error state 4
[Sun Nov 20 12:42:13 2005] [error] [client 219.234.81.125] Directory index forbidden by rule: /var/www/html/
[Sun Nov 20 12:46:18 2005] [notice] jk2_init() Found child 22326 in scoreboard slot 0
[Sun Nov 20 12:46:45 2005] [notice] jk2_init() Found child 22327 in scoreboard slot 1
[Sun Nov 20 12:46:45 2005] [notice] jk2_init() Found child 22328 in scoreboard slot 2
[Sun Nov 20 12:46:45 2005] [notice] jk2_init() Found child 22329 in scoreboard slot 3
[Sun Nov 20 12:46:58 2005] [notice] workerEnv.init() ok /etc/httpd/conf/workers2.properties
[Sun Nov 20 12:47:05 2005] [error] mod_jk child workerEnv in error state 4
[Sun Nov 20 12:47:02 2005] [notice] workerEnv.init() ok /etc/httpd/conf/workers2.properties
[Sun Nov 20 12:48:05 2005] [notice] jk2_init() Found child 22332 in scoreboard slot 1
[Sun Nov 20 12:48:05 2005] [notice] jk2_init() Found child 22333 in scoreboard slot 2
[Sun Nov 20 12:48:21 2005] [notice] jk2_init() Found child 22336 in scoreboard slot 0
[Sun Nov 20 12:48:21 2005] [notice] jk2_init() Found child 22334 in scoreboard slot 3
[Sun Nov 20 12:48:21 2005] [notice] jk2_init() Found child 22335 in scoreboard slot 4
[Sun Nov 20 12:48:22 2005] [notice] workerEnv.init() ok /etc/httpd/conf/workers2.properties
[Sun Nov 20 12:48:22 2005] [notice] workerEnv.init() ok /etc/httpd/conf/workers2.properties
[Sun Nov 20 12:48:22 2005] [error] mod_jk child workerEnv in error state 5
[Sun Nov 20 12:48:22 2005] [error] mod_jk child workerEnv in error state 5
[Sun Nov 20 12:48:23 2005] [notice] workerEnv.init() ok /etc/httpd/conf/workers2.properties
[Sun Nov 20 12:48:24 2005] [error] mod_jk child init 1 0
[Sun Nov 20 12:48:24 2005] [error] mod_jk child workerEnv in error state 5
