[Tue Nov 22 00:59:24 2005] [notice] workerEnv.init() ok /etc/httpd/conf/workers2.properties
[Tue Nov 22 00:59:24 2005] [error] mod_jk child init 1 -2
[Tue Nov 22 00:59:24 2005] [error] [client 222.76.45.28] Directory index forbidden by rule: /var/www/html/
[Tue Nov 22 00:59:24 2005] [error] jk2_init() Can't find child 30634 in scoreboard
[Tue Nov 22 00:59:24 2005] [notice] workerEnv.init() ok /etc/httpd/conf/workers2.properties
[Tue Nov 22 00:59:24 2005] [error] mod_jk child init 1 -2
[Tue Nov 22 00:59:24 2005] [error] [client 222.76.45.28] Directory index forbidden by rule: /var/www/html/
[Tue Nov 22 00:59:24 2005] [error] jk2_init() Can't find child 30635 in scoreboard
[Tue Nov 22 00:59:24 2005] [error] [client 222.76.45.28] Directory index forbidden by rule: /var/www/html/
[Tue Nov 22 00:59:24 2005] [notice] workerEnv.init() ok /etc/httpd/conf/workers2.properties
[Tue Nov 22 00:59:24 2005] [error] mod_jk child init 1 -2
[Tue Nov 22 00:59:24 2005] [error] [client 222.76.45.28] Directory index forbidden by rule: /var/www/html/
[Tue Nov 22 00:59:24 2005] [error] [client 222.76.45.28] Directory index forbidden by rule: /var/www/html/
[Tue Nov 22 00:59:24 2005] [error] [client 222.76.45.28] Directory index forbidden by rule: /var/www/html/
[Tue Nov 22 00:59:24 2005] [error] [client 222.76.45.28] Directory index forbidden by rule: /var/www/html/
[Tue Nov 22 00:59:24 2005] [error] [client 222.76.45.28] Directory index forbidden by rule: /var/www/html/
[Tue Nov 22 00:59:25 2005] [error] [client 222.76.45.28] Directory index forbidden by rule: /var/www/html/
[Tue Nov 22 00:59:25 2005] [error] [client 222.76.45.28] Directory index forbidden by rule: /var/www/html/
[Tue Nov 22 00:59:25 2005] [error] [client 222.76.45.28] Directory index forbidden by rule: /var/www/html/
[Tue Nov 22 00:59:35 2005] [error] [client 222.76.45.28] Directory index forbidden by rule: /var/www/html/
[Tue Nov 22 01:09:33 2005] [error] [client 80.63.59.10] Directory index forbidden by rule: /var/www/html/
[Tue Nov 22 01:15:55 2005] [notice] jk2_init() Found child 30684 in scoreboard slot 4
[Tue Nov 22 01:16:00 2005] [notice] workerEnv.init() ok /etc/httpd/conf/workers2.properties
[Tue Nov 22 01:16:00 2005] [error] mod_jk child workerEnv in error state 4
[Tue Nov 22 01:20:42 2005] [notice] jk2_init() Found child 30700 in scoreboard slot 4
[Tue Nov 22 01:20:44 2005] [notice] workerEnv.init() ok /etc/httpd/conf/workers2.properties
[Tue Nov 22 01:20:44 2005] [error] mod_jk child workerEnv in error state 4
[Tue Nov 22 01:25:38 2005] [notice] jk2_init() Found child 30712 in scoreboard slot 4
[Tue Nov 22 01:25:40 2005] [notice] workerEnv.init() ok /etc/httpd/conf/workers2.properties
[Tue Nov 22 01:25:40 2005] [error] mod_jk child workerEnv in error state 4
[Tue Nov 22 01:30:40 2005] [notice] jk2_init() Found child 30728 in scoreboard slot 4
[Tue Nov 22 01:30:42 2005] [notice] workerEnv.init() ok /etc/httpd/conf/workers2.properties
[Tue Nov 22 01:30:42 2005] [error] mod_jk child workerEnv in error state 4
[Tue Nov 22 01:36:00 2005] [notice] jk2_init() Found child 30742 in scoreboard slot 4
[Tue Nov 22 01:36:03 2005] [notice] workerEnv.init() ok /etc/httpd/conf/workers2.properties
[Tue Nov 22 01:36:03 2005] [error] mod_jk child workerEnv in error state 4
[Tue Nov 22 01:40:34 2005] [notice] jk2_init() Found child 30754 in scoreboard slot 4
[Tue Nov 22 01:41:11 2005] [notice] jk2_init() Found child 30759 in scoreboard slot 4
[Tue Nov 22 01:41:13 2005] [notice] workerEnv.init() ok /etc/httpd/conf/workers2.properties
[Tue Nov 22 01:41:13 2005] [error] mod_jk child workerEnv in error state 5
[Tue Nov 22 01:50:20 2005] [notice] jk2_init() Found child 30773 in scoreboard slot 4
[Tue Nov 22 01:50:21 2005] [notice] workerEnv.init() ok /etc/httpd/conf/workers2.properties
[Tue Nov 22 01:50:21 2005] [error] mod_jk child workerEnv in error state 4
[Tue Nov 22 02:07:55 2005] [notice] jk2_init() Found child 30803 in scoreboard slot 5
[Tue Nov 22 02:07:56 2005] [error] [client 61.52.178.92] Directory index forbidden by rule: /var/www/html/
[Tue Nov 22 02:07:58 2005] [notice] workerEnv.init() ok /etc/httpd/conf/workers2.properties
[Tue Nov 22 02:07:58 2005] [error] mod_jk child workerEnv in error state 4
[Tue Nov 22 02:13:33 2005] [error] [client 66.214.5.57] Directory index forbidden by rule: /var/www/html/
[Tue Nov 22 02:15:52 2005] [notice] jk2_init() Found child 30821 in scoreboard slot 4
[Tue Nov 22 02:15:53 2005] [notice] workerEnv.init() ok /etc/httpd/conf/workers2.properties
[Tue Nov 22 02:15:53 2005] [error] mod_jk child workerEnv in error state 4
[Tue Nov 22 02:20:43 2005] [notice] jk2_init() Found child 30838 in scoreboard slot 4
[Tue Nov 22 02:20:45 2005] [notice] workerEnv.init() ok /etc/httpd/conf/workers2.properties
[Tue Nov 22 02:20:45 2005] [error] mod_jk child workerEnv in error state 4
[Tue Nov 22 02:25:46 2005] [notice] jk2_init() Found child 30848 in scoreboard slot 4
[Tue Nov 22 02:25:48 2005] [notice] workerEnv.init() ok /etc/httpd/conf/workers2.properties
[Tue Nov 22 02:25:48 2005] [error] mod_jk child workerEnv in error state 4
[Tue Nov 22 02:30:58 2005] [notice] jk2_init() Found child 30863 in scoreboard slot 4
[Tue Nov 22 02:31:00 2005] [notice] workerEnv.init() ok /etc/httpd/conf/workers2.properties
[Tue Nov 22 02:31:00 2005] [error] mod_jk child workerEnv in error state 4
[Tue Nov 22 02:36:26 2005] [notice] jk2_init() Found child 30875 in scoreboard slot 4
[Tue Nov 22 02:36:29 2005] [notice] workerEnv.init() ok /etc/httpd/conf/workers2.properties
[Tue Nov 22 02:36:29 2005] [error] mod_jk child workerEnv in error state 4
[Tue Nov 22 02:40:33 2005] [notice] jk2_init() Found child 30905 in scoreboard slot 4
[Tue Nov 22 02:40:34 2005] [notice] workerEnv.init() ok /etc/httpd/conf/workers2.properties
[Tue Nov 22 02:40:34 2005] [error] mod_jk child workerEnv in error state 4
[Tue Nov 22 02:42:57 2005] [notice] jk2_init() Found child 30906 in scoreboard slot 5
[Tue Nov 22 02:42:57 2005] [notice] workerEnv.init() ok /etc/httpd/conf/workers2.properties
[Tue Nov 22 02:42:57 2005] [error] mod_jk child workerEnv in error state 4
[Tue Nov 22 02:42:58 2005] [error] [client 142.46.80.162] Directory index forbidden by rule: /var/www/html/
[Tue Nov 22 03:00:48 2005] [notice] jk2_init() Found child 30929 in scoreboard slot 4
[Tue Nov 22 03:00:48 2005] [error] [client 69.216.98.169] Directory index forbidden by rule: /var/www/html/
[Tue Nov 22 03:00:50 2005] [notice] workerEnv.init() ok /etc/httpd/conf/workers2.properties
[Tue Nov 22 03:00:50 2005] [error] mod_jk child workerEnv in error state 4
[Tue Nov 22 03:15:39 2005] [notice] jk2_init() Found child 30968 in scoreboard slot 4
[Tue Nov 22 03:15:41 2005] [notice] workerEnv.init() ok /etc/httpd/conf/workers2.properties
[Tue Nov 22 03:15:41 2005] [error] mod_jk child workerEnv in error state 4
[Tue Nov 22 03:20:34 2005] [notice] jk2_init() Found child 30986 in scoreboard slot 4
[Tue Nov 22 03:20:36 2005] [notice] workerEnv.init() ok /etc/httpd/conf/workers2.properties
[Tue Nov 22 03:20:36 2005] [error] mod_jk child workerEnv in error state 4
[Tue Nov 22 03:25:23 2005] [notice] jk2_init() Found child 30997 in scoreboard slot 5
[Tue Nov 22 03:25:45 2005] [notice] workerEnv.init() ok /etc/httpd/conf/workers2.properties
[Tue Nov 22 03:26:12 2005] [notice] jk2_init() Found child 31000 in scoreboard slot 4
[Tue Nov 22 03:26:14 2005] [notice] workerEnv.init() ok /etc/httpd/conf/workers2.properties
[Tue Nov 22 03:26:14 2005] [error] mod_jk child workerEnv in error state 4
[Tue Nov 22 03:30:47 2005] [notice] jk2_init() Found child 31020 in scoreboard slot 4
[Tue Nov 22 03:30:49 2005] [notice] workerEnv.init() ok /etc/httpd/conf/workers2.properties
[Tue Nov 22 03:30:49 2005] [error] mod_jk child workerEnv in error state 4
[Tue Nov 22 03:36:17 2005] [notice] jk2_init() Found child 31033 in scoreboard slot 4
[Tue Nov 22 03:36:21 2005] [notice] workerEnv.init() ok /etc/httpd/conf/workers2.properties
[Tue Nov 22 03:36:21 2005] [error] mod_jk child workerEnv in error state 4
[Tue Nov 22 03:40:22 2005] [notice] jk2_init() Found child 31044 in scoreboard slot 4
[Tue Nov 22 03:40:23 2005] [notice] workerEnv.init() ok /etc/httpd/conf/workers2.properties
[Tue Nov 22 03:40:23 2005] [error] mod_jk child workerEnv in error state 4
[Tue Nov 22 03:40:43 2005] [error] jk2_init() Can't find child 31045 in scoreboard
[Tue Nov 22 03:40:43 2005] [notice] workerEnv.init() ok /etc/httpd/conf/workers2.properties
[Tue Nov 22 03:40:43 2005] [error] mod_jk child init 1 -2
[Tue Nov 22 03:40:44 2005] [error] [client 12.168.121.2] Directory index forbidden by rule: /var/www/html/
[Tue Nov 22 04:00:20 2005] [notice] jk2_init() Found child 31068 in scoreboard slot 4
[Tue Nov 22 04:00:20 2005] [notice] workerEnv.init() ok /etc/httpd/conf/workers2.properties
