12-17 19:31:46.170  2852  3556 D NetworkController.MobileSignalController(0): mSimSubId:0 onDataActivity: direction=0
12-17 19:31:46.171  2852  3556 I NetworkController.MobileSignalController(0): onDataActivity: direction=0
12-17 19:31:46.172  2852  3556 D NetworkController.MobileSignalController(0): mSimSubId:0 onDataActivity: direction=0
12-17 19:31:46.172  2852  2852 I PowerUI : onReceive intent:act:android.intent.action.SCREEN_OFF  flag:1342177296 
12-17 19:31:46.173  2883  3040 I HwSystemManager: TrafficNotifyAfterLocked:mLockStartTraffic = 0;mLockStartTrafficList = {}
12-17 19:31:46.180  3180  3332 I WakelockMonitor: start wakelock monitor.
12-17 19:31:46.181  3180  3578 I ScreenLockClean: call busy and not start clean apps.
12-17 19:31:46.181  3180  3578 I ash     : ash->screen off
12-17 19:31:46.182  3180  3578 I ash     : Default InputMethod : com.baidu.input_huawei
12-17 19:31:46.182  3180  3578 I ash     : screen off inputmethod, delay to hibernation
12-17 19:31:46.182  3180  3578 I ThermalStateManager: handle action thermal policy:301
12-17 19:31:46.183  3180  3180 E libc    : Access denied finding property "persist.sys.smart_power"
12-17 19:31:46.183  3180  3180 E libc    : Access denied finding property "persist.sys.smart_power"
12-17 19:31:46.184  1795  3957 E IzatSvc_OSObserver: I/LocTech-Label :: OSOBSERVER :: Data Items In
12-17 19:31:46.184  1795  3957 E IzatSvc_OSObserver: I/LocTech-Value :: Data Item Value: IS_SCREEN_ON: false
12-17 19:31:46.189  2883  2996 E HwSystemManager: SimCardMethod:/getSimCardInfo: imsi is null
12-17 19:31:46.194  3879  3879 I HwLauncher: Launcher receiver screen off broadcast sendmessage true
12-17 19:31:46.197  2883  2996 I HwSystemManager: NormalTrafficAnalysis:alert byte = 0 last alert byte = 0
12-17 19:31:46.198  2883  2996 E HwSystemManager: NormalTrafficAnalysis:alert byte = 0, so return
12-17 19:31:46.204  3218 13036 E HW-JPEG-DEC: [HME_JPEG_DEC_Delete](3298): HME_JPEG_DEC_Delete: decoder_ctx=null
12-17 19:31:46.205  1795  3111 I AlarmManager: set(PendingIntent{1322f68: PendingIntentRecord{601e5f3 com.huawei.indexsearch.observer broadcastIntent}}) : type=2 triggerAtTime=443442567 win=60000 tElapsed=443442567 maxElapsed=443502567 interval=0 flags=0x8
12-17 19:31:46.209  5215  5215 D wpa_supplicant: wpa_driver_nl80211_driver_cmd SETSUSPENDMODE 1 len = 0, 4096
12-17 19:31:46.209  5215  5215 D wpa_supplicant: CTRL-DEBUG: global_ctrl_sock-sendto: sock=16 sndbuf=229376 outq=0 send_len=3
12-17 19:31:46.209  5215  5215 D wpa_supplicant: nl80211: Event message available
12-17 19:31:46.209  5215  5215 D wpa_supplicant: nl80211: Drv Event 34 (NL80211_CMD_NEW_SCAN_RESULTS) received for wlan0
12-17 19:31:46.209  5215  5215 D wpa_supplicant: wlan0: nl80211: New scan results available
12-17 19:31:46.209  5215  5215 D wpa_supplicant: nl80211: Scan included frequencies: 2412 2417 2422 2427 2432 2437 2442 2447 2452 2457 2462 2467 2472
12-17 19:31:46.209  5215  5215 D wpa_supplicant: wlan0: Event SCAN_RESULTS (3) received
12-17 19:31:46.209  5215  5215 D wpa_supplicant: wlan0: Scan completed in 0.414036 seconds
12-17 19:31:46.209  5215  5215 D wpa_supplicant: nl80211: Associated on 2452 MHz
12-17 19:31:46.209  5215  5215 D wpa_supplicant: nl80211: Associated with 80:38:bc:08:42:c1
12-17 19:31:46.210  5215  5215 D wpa_supplicant: nl80211: Received scan results (27 BSSes)
12-17 19:31:46.210  5215  5215 D wpa_supplicant: nl80211: Scan results indicate BSS status with 80:38:bc:08:42:c1 as associated
12-17 19:31:46.210  5215  5215 D wpa_supplicant: Sorted scan results
12-17 19:31:46.210  5215  5215 D wpa_supplicant: 80:38:bc:08:42:c0 freq=2452 qual=0 noise=-89~ level=-48 snr=41* flags=0xb age=50 est=65000
12-17 19:31:46.210  5215  5215 D wpa_supplicant: IEs - hexdump(len=193): 00 0e 77 6c 61 6e 61 63 63 65 73 73 76 32 2e 30 01 08 82 84 0b 16 0c 12 18 24 03 01 09 05 04 00 ...
12-17 19:31:46.210  5215  5215 D wpa_supplicant: Beacon IEs - hexdump(len=193): 00 0e 77 6c 61 6e 61 63 63 65 73 73 76 32 2e 30 01 08 82 84 0b 16 0c 12 18 24 03 01 09 05 04 00 ...
12-17 19:31:46.210  5215  5215 D wpa_supplicant: 80:38:bc:08:42:c1 freq=2452 qual=0 noise=-89~ level=-48 snr=41* flags=0x2b age=50 est=65000
12-17 19:31:46.210  5215  5215 D wpa_supplicant: IEs - hexdump(len=194): 00 0f 48 75 61 77 65 69 2d 45 6d 70 6c 6f 79 65 65 01 08 82 84 0b 16 0c 12 18 24 03 01 09 05 04 ...
12-17 19:31:46.210  5215  5215 D wpa_supplicant: Beacon IEs - hexdump(len=194): 00 0f 48 75 61 77 65 69 2d 45 6d 70 6c 6f 79 65 65 01 08 82 84 0b 16 0c 12 18 24 03 01 09 05 04 ...
12-17 19:31:46.210  5215  5215 D wpa_supplicant: 80:38:bc:08:42:e0 freq=2472 qual=0 noise=-89~ level=-62 snr=27 flags=0xb age=50 est=65000
12-17 19:31:46.210  5215  5215 D wpa_supplicant: IEs - hexdump(len=193): 00 0e 77 6c 61 6e 61 63 63 65 73 73 76 32 2e 30 01 08 82 84 0b 16 0c 12 18 24 03 01 0d 05 04 00 ...
12-17 19:31:46.210  5215  5215 D wpa_supplicant: Beacon IEs - hexdump(len=193): 00 0e 77 6c 61 6e 61 63 63 65 73 73 76 32 2e 30 01 08 82 84 0b 16 0c 12 18 24 03 01 0d 05 04 00 ...
12-17 19:31:46.210  5215  5215 D wpa_supplicant: 80:38:bc:08:43:00 freq=2472 qual=0 noise=-89~ level=-62 snr=27 flags=0xb age=50 est=65000
12-17 19:31:46.210  5215  5215 D wpa_supplicant: IEs - hexdump(len=193): 00 0e 77 6c 61 6e 61 63 63 65 73 73 76 32 2e 30 01 08 82 84 0b 16 0c 12 18 24 03 01 0d 05 04 00 ...
12-17 19:31:46.210  5215  5215 D wpa_supplicant: Beacon IEs - hexdump(len=193): 00 0e 77 6c 61 6e 61 63 63 65 73 73 76 32 2e 30 01 08 82 84 0b 16 0c 12 18 24 03 01 0d 05 04 00 ...
12-17 19:31:46.210  5215  5215 D wpa_supplicant: 80:38:bc:0a:f2:01 freq=2452 qual=0 noise=-89~ level=-65 snr=24 flags=0xb age=50 est=65000
12-17 19:31:46.210  5215  5215 D wpa_supplicant: IEs - hexdump(len=194): 00 0f 48 75 61 77 65 69 2d 45 6d 70 6c 6f 79 65 65 01 08 82 84 0b 16 0c 12 18 24 03 01 09 05 04 ...
12-17 19:31:46.210  5215  5215 D wpa_supplicant: Beacon IEs - hexdump(len=194): 00 0f 48 75 61 77 65 69 2d 45 6d 70 6c 6f 79 65 65 01 08 82 84 0b 16 0c 12 18 24 03 01 09 05 04 ...
12-17 19:31:46.210  5215  5215 D wpa_supplicant: 00:26:f2:1b:9d:b2 freq=2437 qual=0 noise=-89~ level=-65 snr=24 flags=0xb age=50 est=54000
12-17 19:31:46.210  5215  5215 D wpa_supplicant: IEs - hexdump(len=109): 00 06 4e 54 50 43 30 32 01 08 82 84 8b 96 24 30 48 6c 03 01 06 2a 01 04 2f 01 04 32 04 0c 12 18 ...
12-17 19:31:46.210  5215  5215 D wpa_supplicant: 80:38:bc:0b:16:21 freq=2452 qual=0 noise=-89~ level=-70 snr=19 flags=0xb age=50 est=54000
12-17 19:31:46.210  5215  5215 D wpa_supplicant: IEs - hexdump(len=194): 00 0f 48 75 61 77 65 69 2d 45 6d 70 6c 6f 79 65 65 01 08 82 84 0b 16 0c 12 18 24 03 01 09 05 04 ...
12-17 19:31:46.210  5215  5215 D wpa_supplicant: Beacon IEs - hexdump(len=194): 00 0f 48 75 61 77 65 69 2d 45 6d 70 6c 6f 79 65 65 01 08 82 84 0b 16 0c 12 18 24 03 01 09 05 04 ...
12-17 19:31:46.210  5215  5215 D wpa_supplicant: 80:38:bc:0b:14:41 freq=2472 qual=0 noise=-89~ level=-70 snr=19 flags=0xb age=50 est=54000
12-17 19:31:46.210  5215  5215 D wpa_supplicant: IEs - hexdump(len=194): 00 0f 48 75 61 77 65 69 2d 45 6d 70 6c 6f 79 65 65 01 08 82 84 0b 16 0c 12 18 24 03 01 0d 05 04 ...
12-17 19:31:46.210  5215  5215 D wpa_supplicant: Beacon IEs - hexdump(len=194): 00 0f 48 75 61 77 65 69 2d 45 6d 70 6c 6f 79 65 65 01 08 82 84 0b 16 0c 12 18 24 03 01 0d 05 04 ...
12-17 19:31:46.210  5215  5215 D wpa_supplicant: 80:38:bc:0a:f9:41 freq=2452 qual=0 noise=-89~ level=-72 snr=17 flags=0xb age=50 est=48000
12-17 19:31:46.210  5215  5215 D wpa_supplicant: IEs - hexdump(len=194): 00 0f 48 75 61 77 65 69 2d 45 6d 70 6c 6f 79 65 65 01 08 82 84 0b 16 0c 12 18 24 03 01 09 05 04 ...
12-17 19:31:46.210  5215  5215 D wpa_supplicant: Beacon IEs - hexdump(len=194): 00 0f 48 75 61 77 65 69 2d 45 6d 70 6c 6f 79 65 65 01 08 82 84 0b 16 0c 12 18 24 03 01 09 05 04 ...
12-17 19:31:46.211  5215  5215 D wpa_supplicant: 80:38:bc:0b:29:e1 freq=2452 qual=0 noise=-89~ level=-73 snr=16 flags=0xb age=50 est=48000
12-17 19:31:46.211  5215  5215 D wpa_supplicant: IEs - hexdump(len=194): 00 0f 48 75 61 77 65 69 2d 45 6d 70 6c 6f 79 65 65 01 08 82 84 0b 16 0c 12 18 24 03 01 09 05 04 ...
12-17 19:31:46.211  5215  5215 D wpa_supplicant: Beacon IEs - hexdump(len=194): 00 0f 48 75 61 77 65 69 2d 45 6d 70 6c 6f 79 65 65 01 08 82 84 0b 16 0c 12 18 24 03 01 09 05 04 ...
12-17 19:31:46.211  5215  5215 D wpa_supplicant: 80:38:bc:0b:22:a1 freq=2452 qual=0 noise=-89~ level=-73 snr=16 flags=0xb age=50 est=48000
12-17 19:31:46.211  5215  5215 D wpa_supplicant: IEs - hexdump(len=194): 00 0f 48 75 61 77 65 69 2d 45 6d 70 6c 6f 79 65 65 01 08 82 84 0b 16 0c 12 18 24 03 01 09 05 04 ...
12-17 19:31:46.211  5215  5215 D wpa_supplicant: Beacon IEs - hexdump(len=194): 00 0f 48 75 61 77 65 69 2d 45 6d 70 6c 6f 79 65 65 01 08 82 84 0b 16 0c 12 18 24 03 01 09 05 04 ...
12-17 19:31:46.211  5215  5215 D wpa_supplicant: 80:38:bc:0a:ef:41 freq=2452 qual=0 noise=-89~ level=-75 snr=14 flags=0xb age=50 est=36000
12-17 19:31:46.211  1795  2671 D PowerManagerService: release:lock=244575063, flg=0x0, tag="WifiSuspend", name=android", ws=null, uid=1000, pid=1795
12-17 19:31:46.211  5215  5215 D wpa_supplicant: IEs - hexdump(len=194): 00 0f 48 75 61 77 65 69 2d 45 6d 70 6c 6f 79 65 65 01 08 82 84 0b 16 0c 12 18 24 03 01 09 05 04 ...
12-17 19:31:46.211  5215  5215 D wpa_supplicant: Beacon IEs - hexdump(len=194): 00 0f 48 75 61 77 65 69 2d 45 6d 70 6c 6f 79 65 65 01 08 82 84 0b 16 0c 12 18 24 03 01 09 05 04 ...
12-17 19:31:46.211  5215  5215 D wpa_supplicant: 80:38:bc:0a:fa:e0 freq=2412 qual=0 noise=-89~ level=-78 snr=11 flags=0xb age=50 est=36000
12-17 19:31:46.211  5215  5215 D wpa_supplicant: IEs - hexdump(len=193): 00 0e 77 6c 61 6e 61 63 63 65 73 73 76 32 2e 30 01 08 82 84 0b 16 0c 12 18 24 03 01 01 05 04 00 ...
12-17 19:31:46.211  5215  5215 D wpa_supplicant: Beacon IEs - hexdump(len=193): 00 0e 77 6c 61 6e 61 63 63 65 73 73 76 32 2e 30 01 08 82 84 0b 16 0c 12 18 24 03 01 01 05 04 00 ...
12-17 19:31:46.211  5215  5215 D wpa_supplicant: 68:8f:84:ef:3f:01 freq=2412 qual=0 noise=-89~ level=-81 snr=8 flags=0xb age=50 est=19500
12-17 19:31:46.211  5215  5215 D wpa_supplicant: IEs - hexdump(len=194): 00 0f 48 75 61 77 65 69 2d 45 6d 70 6c 6f 79 65 65 01 08 82 84 0b 16 0c 12 18 24 03 01 01 05 04 ...
12-17 19:31:46.211  5215  5215 D wpa_supplicant: Beacon IEs - hexdump(len=194): 00 0f 48 75 61 77 65 69 2d 45 6d 70 6c 6f 79 65 65 01 08 82 84 0b 16 0c 12 18 24 03 01 01 05 04 ...
12-17 19:31:46.211  5215  5215 D wpa_supplicant: 80:38:bc:0a:f1:e1 freq=2472 qual=0 noise=-89~ level=-81 snr=8 flags=0xb age=50 est=19500
12-17 19:31:46.211  5215  5215 D wpa_supplicant: IEs - hexdump(len=194): 00 0f 48 75 61 77 65 69 2d 45 6d 70 6c 6f 79 65 65 01 08 82 84 0b 16 0c 12 18 24 03 01 0d 05 04 ...
12-17 19:31:46.211  5215  5215 D wpa_supplicant: Beacon IEs - hexdump(len=194): 00 0f 48 75 61 77 65 69 2d 45 6d 70 6c 6f 79 65 65 01 08 82 84 0b 16 0c 12 18 24 03 01 0d 05 04 ...
12-17 19:31:46.211  5215  5215 D wpa_supplicant: 80:38:bc:0a:f4:61 freq=2472 qual=0 noise=-89~ level=-84 snr=5 flags=0xb age=50 est=9000
12-17 19:31:46.211  1795  2671 D PowerManagerService: ready=true,policy=0,wakefulness=0,wksummary=0x10,uasummary=0x0,bootcompleted=true,boostinprogress=false,waitmodeenable=false,mode=true,manual=33,auto=-1,adj=0.0userId=0
12-17 19:31:46.211  5215  5215 D wpa_supplicant: IEs - hexdump(len=194): 00 0f 48 75 61 77 65 69 2d 45 6d 70 6c 6f 79 65 65 01 08 82 84 0b 16 0c 12 18 24 03 01 0d 05 04 ...
12-17 19:31:46.211  5215  5215 D wpa_supplicant: Beacon IEs - hexdump(len=194): 00 0f 48 75 61 77 65 69 2d 45 6d 70 6c 6f 79 65 65 01 08 82 84 0b 16 0c 12 18 24 03 01 0d 05 04 ...
12-17 19:31:46.211  1795  2671 D PowerManagerService: Releasing suspend blocker "PowerManagerService.WakeLocks".
12-17 19:31:46.211  5215  5215 D wpa_supplicant: 80:38:bc:0a:ef:c1 freq=2412 qual=0 noise=-89~ level=-85 snr=4 flags=0xb age=50 est=6500
12-17 19:31:46.211  5215  5215 D wpa_supplicant: IEs - hexdump(len=194): 00 0f 48 75 61 77 65 69 2d 45 6d 70 6c 6f 79 65 65 01 08 82 84 0b 16 0c 12 18 24 03 01 01 05 04 ...
12-17 19:31:46.211  5215  5215 D wpa_supplicant: Beacon IEs - hexdump(len=194): 00 0f 48 75 61 77 65 69 2d 45 6d 70 6c 6f 79 65 65 01 08 82 84 0b 16 0c 12 18 24 03 01 01 05 04 ...
12-17 19:31:46.211  5215  5215 D wpa_supplicant: 80:38:bc:0a:f0:c1 freq=2452 qual=0 noise=-89~ level=-86 snr=3 flags=0xb age=50 est=6500
12-17 19:31:46.211  5215  5215 D wpa_supplicant: IEs - hexdump(len=194): 00 0f 48 75 61 77 65 69 2d 45 6d 70 6c 6f 79 65 65 01 08 82 84 0b 16 0c 12 18 24 03 01 09 05 04 ...
12-17 19:31:46.211  5215  5215 D wpa_supplicant: Beacon IEs - hexdump(len=194): 00 0f 48 75 61 77 65 69 2d 45 6d 70 6c 6f 79 65 65 01 08 82 84 0b 16 0c 12 18 24 03 01 09 05 04 ...
12-17 19:31:46.211  5215  5215 D wpa_supplicant: 80:38:bc:0a:f0:21 freq=2472 qual=0 noise=-89~ level=-89 snr=0 flags=0xb age=50 est=6500
12-17 19:31:46.211  5215  5215 D wpa_supplicant: IEs - hexdump(len=194): 00 0f 48 75 61 77 65 69 2d 45 6d 70 6c 6f 79 65 65 01 08 82 84 0b 16 0c 12 18 24 03 01 0d 05 04 ...
12-17 19:31:46.211  5215  5215 D wpa_supplicant: Beacon IEs - hexdump(len=194): 00 0f 48 75 61 77 65 69 2d 45 6d 70 6c 6f 79 65 65 01 08 82 84 0b 16 0c 12 18 24 03 01 0d 05 04 ...
12-17 19:31:46.211  5215  5215 D wpa_supplicant: 80:38:bc:0b:25:e1 freq=2412 qual=0 noise=-89~ level=-90 snr=-1 flags=0xb age=50 est=6500
12-17 19:31:46.211  5215  5215 D wpa_supplicant: IEs - hexdump(len=194): 00 0f 48 75 61 77 65 69 2d 45 6d 70 6c 6f 79 65 65 01 08 82 84 0b 16 0c 12 18 24 03 01 01 05 04 ...
12-17 19:31:46.211  5215  5215 D wpa_supplicant: Beacon IEs - hexdump(len=194): 00 0f 48 75 61 77 65 69 2d 45 6d 70 6c 6f 79 65 65 01 08 82 84 0b 16 0c 12 18 24 03 01 01 05 04 ...
12-17 19:31:46.212  5215  5215 D wpa_supplicant: ac:85:3d:be:20:21 freq=2412 qual=0 noise=-89~ level=-90 snr=-1 flags=0xb age=50 est=6500
12-17 19:31:46.212  5215  5215 D wpa_supplicant: IEs - hexdump(len=194): 00 0f 48 75 61 77 65 69 2d 45 6d 70 6c 6f 79 65 65 01 08 82 84 0b 16 0c 12 18 24 03 01 01 05 04 ...
12-17 19:31:46.212  5215  5215 D wpa_supplicant: Beacon IEs - hexdump(len=194): 00 0f 48 75 61 77 65 69 2d 45 6d 70 6c 6f 79 65 65 01 08 82 84 0b 16 0c 12 18 24 03 01 01 05 04 ...
12-17 19:31:46.212  5215  5215 D wpa_supplicant: 80:38:bc:0b:21:a0 freq=2472 qual=0 noise=-89~ level=-90 snr=-1 flags=0xb age=50 est=6500
