12-17 19:55:54.618   633 31875 I SDK     : 
12-17 19:55:54.618   633 31875 I SDK     : <2016-12-17 19:55:54> [NOTICE] SDK: UE-SeC 2016-12-17 19:55:54:618 Level[NOTICE] magic[3359111456 6458]:FSM_Tool_TreatFolderEncEx => [START]: pcFileName [anyofficeuserorgcode] 
12-17 19:55:54.618   633 31875 I SDK     : 
12-17 19:55:54.619   633 31875 I SDK     : <2016-12-17 19:55:54> [NOTICE] SDK: UE-SeC 2016-12-17 19:55:54:619 Level[NOTICE] magic[3359111456 1541]:FSM_Tool_Tree_Enc_Path =>Access [/mnt/sdcard/sandbox/AnyOfficeSDK/sdk/QDJ7lEGuRlJb2r2mqrSExBTDjN4QhUgEPVptBL0HnX4=] real path  ok 
12-17 19:55:54.619   633 31875 I SDK     : 
12-17 19:55:54.620   633 31875 I SDK     : <2016-12-17 19:55:54> [NOTICE] SDK: UE-SeC 2016-12-17 19:55:54:619 Level[NOTICE] magic[3359111456 2421]:FileSec: have right to open file due to cur app sec level = 0 is higher than file app(&5ߢ[@ñ?z]) sec level = 0.
12-17 19:55:54.620   633 31875 I SDK     : 
12-17 19:55:54.620   633 31875 I SDK     : <2016-12-17 19:55:54> [NOTICE] SDK: UE-SeC 2016-12-17 19:55:54:620 Level[NOTICE] magic[3359111456 2487]:FSM_OpenFile => [END]
12-17 19:55:54.620   633 31875 I SDK     : 
12-17 19:55:54.621   633 31875 I SDK     : <2016-12-17 19:55:54> [NOTICE] SDK: UE-SeC 2016-12-17 19:55:54:621 Level[NOTICE] magic[3359111456 2589]:ReadSdkGroupItem: no Item[w00290667_orgcode] in group uShare=0
12-17 19:55:54.621   633 31875 I SDK     : 
12-17 19:55:54.621   633 31875 E SDK     : <2016-12-17 19:55:54> [ERR] SDK: UE-SeC 2016-12-17 19:55:54:621 Level[ERR] magic[3359111456 3436]:KeySpace : getkey w00290667_orgcode null
12-17 19:55:54.621   633 31875 E SDK     : 
12-17 19:55:54.621   633 31875 I SDK     : <2016-12-17 19:55:54> [NOTICE] SDK: UE-SeC 2016-12-17 19:55:54:621 Level[NOTICE] magic[3359111456 2326]:FSM_OpenFile => [START],Mode[r]
12-17 19:55:54.621   633 31875 I SDK     : 
12-17 19:55:54.621   633 31875 I SDK     : <2016-12-17 19:55:54> [NOTICE] SDK: UE-SeC 2016-12-17 19:55:54:621 Level[NOTICE] magic[3359111456 6458]:FSM_Tool_TreatFolderEncEx => [START]: pcFileName [anyofficeuserorgcode] 
12-17 19:55:54.621   633 31875 I SDK     : 
12-17 19:55:54.622   633 31875 I SDK     : <2016-12-17 19:55:54> [NOTICE] SDK: UE-SeC 2016-12-17 19:55:54:622 Level[NOTICE] magic[3359111456 1541]:FSM_Tool_Tree_Enc_Path =>Access [/mnt/sdcard/sandbox/AnyOfficeSDK/sdk/QDJ7lEGuRlJb2r2mqrSExBTDjN4QhUgEPVptBL0HnX4=] real path  ok 
12-17 19:55:54.622   633 31875 I SDK     : 
12-17 19:55:54.623   633 31875 I SDK     : <2016-12-17 19:55:54> [NOTICE] SDK: UE-SeC 2016-12-17 19:55:54:623 Level[NOTICE] magic[3359111456 2421]:FileSec: have right to open file due to cur app sec level = 0 is higher than file app(&5ߢ[@ñ?z]) sec level = 0.
12-17 19:55:54.623   633 31875 I SDK     : 
12-17 19:55:54.623   633 31875 I SDK     : <2016-12-17 19:55:54> [NOTICE] SDK: UE-SeC 2016-12-17 19:55:54:623 Level[NOTICE] magic[3359111456 2487]:FSM_OpenFile => [END]
12-17 19:55:54.623   633 31875 I SDK     : 
12-17 19:55:54.624   633 31875 I SDK     : <2016-12-17 19:55:54> [NOTICE] SDK: UE-SeC 2016-12-17 19:55:54:624 Level[NOTICE] magic[3359111456 2579]:ReadSdkGroupItem: Succeed in fetching group item[w00290667_orgname] share[0]
12-17 19:55:54.624   633 31875 I SDK     : 
12-17 19:55:54.624   633 31875 E SDK     : <2016-12-17 19:55:54> [ERR] SDK: UE-SeC 2016-12-17 19:55:54:624 Level[ERR] magic[3359111456 3436]:KeySpace : getkey w00290667_orgname not null
12-17 19:55:54.624   633 31875 E SDK     : 
12-17 19:55:54.625   633 31875 I SDK     : <2016-12-17 19:55:54> [NOTICE] SDK: UE-SeC 2016-12-17 19:55:54:624 Level[NOTICE] magic[3359111456 2326]:FSM_OpenFile => [START],Mode[r]
12-17 19:55:54.625   633 31875 I SDK     : 
12-17 19:55:54.625   633 31875 I SDK     : <2016-12-17 19:55:54> [NOTICE] SDK: UE-SeC 2016-12-17 19:55:54:625 Level[NOTICE] magic[3359111456 6458]:FSM_Tool_TreatFolderEncEx => [START]: pcFileName [anyofficeuserorgcode] 
12-17 19:55:54.625   633 31875 I SDK     : 
12-17 19:55:54.625   633 31875 I SDK     : <2016-12-17 19:55:54> [NOTICE] SDK: UE-SeC 2016-12-17 19:55:54:625 Level[NOTICE] magic[3359111456 1541]:FSM_Tool_Tree_Enc_Path =>Access [/mnt/sdcard/sandbox/AnyOfficeSDK/sdk/QDJ7lEGuRlJb2r2mqrSExBTDjN4QhUgEPVptBL0HnX4=] real path  ok 
12-17 19:55:54.625   633 31875 I SDK     : 
12-17 19:55:54.626   633 31875 I SDK     : <2016-12-17 19:55:54> [NOTICE] SDK: UE-SeC 2016-12-17 19:55:54:626 Level[NOTICE] magic[3359111456 2421]:FileSec: have right to open file due to cur app sec level = 0 is higher than file app(&5ߢ[@ñ?z]) sec level = 0.
12-17 19:55:54.626   633 31875 I SDK     : 
12-17 19:55:54.626   633 31875 I SDK     : <2016-12-17 19:55:54> [NOTICE] SDK: UE-SeC 2016-12-17 19:55:54:626 Level[NOTICE] magic[3359111456 2487]:FSM_OpenFile => [END]
12-17 19:55:54.626   633 31875 I SDK     : 
12-17 19:55:54.627   633 31875 I SDK     : <2016-12-17 19:55:54> [NOTICE] SDK: UE-SeC 2016-12-17 19:55:54:627 Level[NOTICE] magic[3359111456 2589]:ReadSdkGroupItem: no Item[w00290667_cardid] in group uShare=0
12-17 19:55:54.627   633 31875 I SDK     : 
12-17 19:55:54.627   633 31875 E SDK     : <2016-12-17 19:55:54> [ERR] SDK: UE-SeC 2016-12-17 19:55:54:627 Level[ERR] magic[3359111456 3436]:KeySpace : getkey w00290667_cardid null
12-17 19:55:54.627   633 31875 E SDK     : 
12-17 19:55:54.628   633 31875 I SDK     : <2016-12-17 19:55:54> [NOTICE] SDK: UE-SeC 2016-12-17 19:55:54:627 Level[NOTICE] magic[3359111456 2326]:FSM_OpenFile => [START],Mode[r]
12-17 19:55:54.628   633 31875 I SDK     : 
12-17 19:55:54.628   633 31875 I SDK     : <2016-12-17 19:55:54> [NOTICE] SDK: UE-SeC 2016-12-17 19:55:54:628 Level[NOTICE] magic[3359111456 6458]:FSM_Tool_TreatFolderEncEx => [START]: pcFileName [anyofficeuserorgcode] 
12-17 19:55:54.628   633 31875 I SDK     : 
12-17 19:55:54.628   633 31875 I SDK     : <2016-12-17 19:55:54> [NOTICE] SDK: UE-SeC 2016-12-17 19:55:54:628 Level[NOTICE] magic[3359111456 1541]:FSM_Tool_Tree_Enc_Path =>Access [/mnt/sdcard/sandbox/AnyOfficeSDK/sdk/QDJ7lEGuRlJb2r2mqrSExBTDjN4QhUgEPVptBL0HnX4=] real path  ok 
12-17 19:55:54.628   633 31875 I SDK     : 
12-17 19:55:54.629   633 31875 I SDK     : <2016-12-17 19:55:54> [NOTICE] SDK: UE-SeC 2016-12-17 19:55:54:629 Level[NOTICE] magic[3359111456 2421]:FileSec: have right to open file due to cur app sec level = 0 is higher than file app(&5ߢ[@ñ?z]) sec level = 0.
12-17 19:55:54.629   633 31875 I SDK     : 
12-17 19:55:54.630   633 31875 I SDK     : <2016-12-17 19:55:54> [NOTICE] SDK: UE-SeC 2016-12-17 19:55:54:630 Level[NOTICE] magic[3359111456 2487]:FSM_OpenFile => [END]
12-17 19:55:54.630   633 31875 I SDK     : 
12-17 19:55:54.631   633 31875 I SDK     : <2016-12-17 19:55:54> [NOTICE] SDK: UE-SeC 2016-12-17 19:55:54:630 Level[NOTICE] magic[3359111456 2579]:ReadSdkGroupItem: Succeed in fetching group item[w00290667_fullName] share[0]
12-17 19:55:54.631   633 31875 I SDK     : 
12-17 19:55:54.631   633 31875 E SDK     : <2016-12-17 19:55:54> [ERR] SDK: UE-SeC 2016-12-17 19:55:54:631 Level[ERR] magic[3359111456 3436]:KeySpace : getkey w00290667_fullName not null
12-17 19:55:54.631   633 31875 E SDK     : 
12-17 19:55:54.631   633 31875 I SDK     : <2016-12-17 19:55:54> [NOTICE] SDK: UE-SeC 2016-12-17 19:55:54:631 Level[NOTICE] magic[3359111456 2326]:FSM_OpenFile => [START],Mode[r]
12-17 19:55:54.631   633 31875 I SDK     : 
12-17 19:55:54.631   633 31875 I SDK     : <2016-12-17 19:55:54> [NOTICE] SDK: UE-SeC 2016-12-17 19:55:54:631 Level[NOTICE] magic[3359111456 6458]:FSM_Tool_TreatFolderEncEx => [START]: pcFileName [anyofficeuserorgcode] 
12-17 19:55:54.631   633 31875 I SDK     : 
12-17 19:55:54.632   633 31875 I SDK     : <2016-12-17 19:55:54> [NOTICE] SDK: UE-SeC 2016-12-17 19:55:54:632 Level[NOTICE] magic[3359111456 1541]:FSM_Tool_Tree_Enc_Path =>Access [/mnt/sdcard/sandbox/AnyOfficeSDK/sdk/QDJ7lEGuRlJb2r2mqrSExBTDjN4QhUgEPVptBL0HnX4=] real path  ok 
12-17 19:55:54.632   633 31875 I SDK     : 
12-17 19:55:54.632   633 31875 I SDK     : <2016-12-17 19:55:54> [NOTICE] SDK: UE-SeC 2016-12-17 19:55:54:632 Level[NOTICE] magic[3359111456 2421]:FileSec: have right to open file due to cur app sec level = 0 is higher than file app(&5ߢ[@ñ?z]) sec level = 0.
12-17 19:55:54.632   633 31875 I SDK     : 
12-17 19:55:54.633   633 31875 I SDK     : <2016-12-17 19:55:54> [NOTICE] SDK: UE-SeC 2016-12-17 19:55:54:633 Level[NOTICE] magic[3359111456 2487]:FSM_OpenFile => [END]
12-17 19:55:54.633   633 31875 I SDK     : 
12-17 19:55:54.634   633 31875 I SDK     : <2016-12-17 19:55:54> [NOTICE] SDK: UE-SeC 2016-12-17 19:55:54:634 Level[NOTICE] magic[3359111456 2579]:ReadSdkGroupItem: Succeed in fetching group item[w00290667_position] share[0]
12-17 19:55:54.634   633 31875 I SDK     : 
12-17 19:55:54.634   633 31875 E SDK     : <2016-12-17 19:55:54> [ERR] SDK: UE-SeC 2016-12-17 19:55:54:634 Level[ERR] magic[3359111456 3436]:KeySpace : getkey w00290667_position not null
12-17 19:55:54.634   633 31875 E SDK     : 
12-17 19:55:54.634   633 31875 I SDK     : <2016-12-17 19:55:54> [NOTICE] SDK: UE-SeC 2016-12-17 19:55:54:634 Level[NOTICE] magic[3359111456 2326]:FSM_OpenFile => [START],Mode[r]
12-17 19:55:54.634   633 31875 I SDK     : 
12-17 19:55:54.634   633 31875 I SDK     : <2016-12-17 19:55:54> [NOTICE] SDK: UE-SeC 2016-12-17 19:55:54:634 Level[NOTICE] magic[3359111456 6458]:FSM_Tool_TreatFolderEncEx => [START]: pcFileName [anyofficeuserorgcode] 
12-17 19:55:54.634   633 31875 I SDK     : 
12-17 19:55:54.634   633 31875 I SDK     : <2016-12-17 19:55:54> [NOTICE] SDK: UE-SeC 2016-12-17 19:55:54:634 Level[NOTICE] magic[3359111456 1541]:FSM_Tool_Tree_Enc_Path =>Access [/mnt/sdcard/sandbox/AnyOfficeSDK/sdk/QDJ7lEGuRlJb2r2mqrSExBTDjN4QhUgEPVptBL0HnX4=] real path  ok 
12-17 19:55:54.634   633 31875 I SDK     : 
12-17 19:55:54.635   633 31875 I SDK     : <2016-12-17 19:55:54> [NOTICE] SDK: UE-SeC 2016-12-17 19:55:54:635 Level[NOTICE] magic[3359111456 2421]:FileSec: have right to open file due to cur app sec level = 0 is higher than file app(&5ߢ[@ñ?z]) sec level = 0.
12-17 19:55:54.635   633 31875 I SDK     : 
12-17 19:55:54.635   633 31875 I SDK     : <2016-12-17 19:55:54> [NOTICE] SDK: UE-SeC 2016-12-17 19:55:54:635 Level[NOTICE] magic[3359111456 2487]:FSM_OpenFile => [END]
12-17 19:55:54.635   633 31875 I SDK     : 
12-17 19:55:54.635   633 31875 I SDK     : <2016-12-17 19:55:54> [NOTICE] SDK: UE-SeC 2016-12-17 19:55:54:635 Level[NOTICE] magic[3359111456 2589]:ReadSdkGroupItem: no Item[w00290667_mobilePhoneNumber] in group uShare=0
12-17 19:55:54.635   633 31875 I SDK     : 
12-17 19:55:54.635   633 31875 E SDK     : <2016-12-17 19:55:54> [ERR] SDK: UE-SeC 2016-12-17 19:55:54:635 Level[ERR] magic[3359111456 3436]:KeySpace : getkey w00290667_mobilePhoneNumber null
12-17 19:55:54.635   633 31875 E SDK     : 
12-17 19:55:54.635   633 31875 I SDK     : <2016-12-17 19:55:54> [NOTICE] SDK: UE-SeC 2016-12-17 19:55:54:635 Level[NOTICE] magic[3359111456 2326]:FSM_OpenFile => [START],Mode[r]
12-17 19:55:54.635   633 31875 I SDK     : 
12-17 19:55:54.635   633 31875 I SDK     : <2016-12-17 19:55:54> [NOTICE] SDK: UE-SeC 2016-12-17 19:55:54:635 Level[NOTICE] magic[3359111456 6458]:FSM_Tool_TreatFolderEncEx => [START]: pcFileName [anyofficeuserorgcode] 
12-17 19:55:54.635   633 31875 I SDK     : 
12-17 19:55:54.636   633 31875 I SDK     : <2016-12-17 19:55:54> [NOTICE] SDK: UE-SeC 2016-12-17 19:55:54:635 Level[NOTICE] magic[3359111456 1541]:FSM_Tool_Tree_Enc_Path =>Access [/mnt/sdcard/sandbox/AnyOfficeSDK/sdk/QDJ7lEGuRlJb2r2mqrSExBTDjN4QhUgEPVptBL0HnX4=] real path  ok 
12-17 19:55:54.636   633 31875 I SDK     : 
12-17 19:55:54.636   633 31875 I SDK     : <2016-12-17 19:55:54> [NOTICE] SDK: UE-SeC 2016-12-17 19:55:54:636 Level[NOTICE] magic[3359111456 2421]:FileSec: have right to open file due to cur app sec level = 0 is higher than file app(&5ߢ[@ñ?z]) sec level = 0.
12-17 19:55:54.636   633 31875 I SDK     : 
12-17 19:55:54.636   633 31875 I SDK     : <2016-12-17 19:55:54> [NOTICE] SDK: UE-SeC 2016-12-17 19:55:54:636 Level[NOTICE] magic[3359111456 2487]:FSM_OpenFile => [END]
12-17 19:55:54.636   633 31875 I SDK     : 
12-17 19:55:54.636   633 31875 I SDK     : <2016-12-17 19:55:54> [NOTICE] SDK: UE-SeC 2016-12-17 19:55:54:636 Level[NOTICE] magic[3359111456 2579]:ReadSdkGroupItem: Succeed in fetching group item[w00290667_memberOf] share[0]
12-17 19:55:54.636   633 31875 I SDK     : 
12-17 19:55:54.636   633 31875 E SDK     : <2016-12-17 19:55:54> [ERR] SDK: UE-SeC 2016-12-17 19:55:54:636 Level[ERR] magic[3359111456 3436]:KeySpace : getkey w00290667_memberOf not null
12-17 19:55:54.636   633 31875 E SDK     : 
12-17 19:55:54.637   633 31875 I SDK     : <2016-12-17 19:55:54> [NOTICE] SDK: UE-SeC 2016-12-17 19:55:54:637 Level[NOTICE] magic[3359111456 2326]:FSM_OpenFile => [START],Mode[r]
12-17 19:55:54.637   633 31875 I SDK     : 
12-17 19:55:54.637   633 31875 I SDK     : <2016-12-17 19:55:54> [NOTICE] SDK: UE-SeC 2016-12-17 19:55:54:637 Level[NOTICE] magic[3359111456 6458]:FSM_Tool_TreatFolderEncEx => [START]: pcFileName [anyofficeuserorgcode] 
