12-17 19:35:38.269  3879  4071 I HwLauncher: Workspace updateCustomizeShortcuts view invalidate ShortcutInfo(title=eSpace)
12-17 19:35:38.269  3879  3879 I HwLauncher: Launcher.Folder childCount: 7
12-17 19:35:38.269  3879  3879 I HwLauncher: Launcher.Folder childCount: 2
12-17 19:35:38.270  3879  3879 I HwLauncher: Launcher.Folder childCount: 6
12-17 19:35:38.270  3879  3879 I HwLauncher: Launcher.Folder childCount: 3
12-17 19:35:38.271  4492  4492 V AudioManager: getRingerMode...
12-17 19:35:38.275  3879  4071 I HwLauncher: NewEspaceMessageContentObserver  getNewEspaceMessageCount: 0
12-17 19:35:38.287  4492  4492 V AudioManager: isWiredHeadsetOn...
12-17 19:35:38.291  1795  3225 I AppOpsResource: CallBack is Overload  id=10105 OverloadNumber=39 threshold=200
12-17 19:35:38.291  1795  2377 W RMS.ResourceUtils:  getResourceName: resourceName:APPOPS
12-17 19:35:38.291  1795  2377 W RMS.ResourceRecordStore: uploadBigDataLog: arg1:com.tencent.mm__APPOPS arg2:39
12-17 19:35:38.295  4492  4492 I MediaPlayer: setDataSource(157, 0, 576460752303423487)
12-17 19:35:38.296   814   814 I MediaPlayerService: MediaPlayerService::Client::setDataSource local file://?FileDescriptor=13&Offset=0&Length=20362&Path=/data/system_de/0/ringtones
12-17 19:35:38.297   814   814 D NuPlayer: codec of amr-wb is disabled!
12-17 19:35:38.297   814   814 D NuPlayer: hw fadein is disabled!
12-17 19:35:38.298   814 20712 V NuPlayer: kWhatSetAudioSink
12-17 19:35:38.298   814 20712 V NuPlayer: kWhatSetDataSource
12-17 19:35:38.299  4492  4492 V AudioManager: getStreamVolume  treamType: 5
12-17 19:35:38.310  4492  4492 D HwCust  : Create obj success use class android.app.HwCustNotificationImpl
12-17 19:35:38.312  4492  4492 E HW-JPEG-DEC: [HME_JPEG_DEC_Delete](3298): HME_JPEG_DEC_Delete: decoder_ctx=null
12-17 19:35:38.314  1795 16500 W ActivityManager: getRunningAppProcesses: caller 10105 does not hold REAL_GET_TASKS; limiting output
12-17 19:35:38.335  4492  4492 V AudioManager: getRingerMode...
12-17 19:35:38.340  1795 20747 I NotificationManager: enqueueNotificationInternal: pkg=com.tencent.mm id=4097 notification=Notification(pri=1 contentView=null vibrate=[] sound=null tick defaults=0x0 flags=0x101 color=0x00000000 category=msg vis=PRIVATE)
12-17 19:35:38.342  1795  1795 I NotificationManager: enqueueNotificationInternal: n.getKey = 0|com.tencent.mm|4097|null|10105
12-17 19:35:38.343  1795  1795 V HwNotificationManagerService: isHwSoundAllow pkg=com.tencent.mm, userId=0, cfg=3
12-17 19:35:38.343  1795  1795 V HwNotificationManagerService: isHwVibrateAllow pkg=com.tencent.mm, userId=0, cfg=3
12-17 19:35:38.343  1795  1795 I NotificationManager: updateLightsLocked,mInCall =false,mScreenOn = true,ledNotification == null?false
12-17 19:35:38.343  1795  1795 I NotificationManager: updateLightsLocked,turn off notificationLight
12-17 19:35:38.343  1795  1795 I Sensor  : turn off notificationLight due to incall or screenon
12-17 19:35:38.343  1795  1795 I Sensor  : updateLight --> mIsNotificationExisting: false ledOnMS: 0 ledOffMS :0
12-17 19:35:38.343  1795  1795 I Sensor  : updateLightsLocked --> level:78, status:3
12-17 19:35:38.343  1795  1795 I Sensor  : updateLightsLocked --> mBatteryLight.turnOff
12-17 19:35:38.347  2852  2852 I StatusBar: onNotificationPosted: StatusBarNotification(pkg=com.tencent.mm user=UserHandle{0} id=4097 tag=null key=0|com.tencent.mm|4097|null|10105: Notification(pri=1 contentView=null vibrate=[] sound=null tick defaults=0x0 flags=0x101 color=0x00000000 category=msg vis=PRIVATE)) important=4, post=1481974538341, when=1481974538308, vis=0, userid=0
12-17 19:35:38.348  2852  2852 D StatusBar: updateNotification(StatusBarNotification(pkg=com.tencent.mm user=UserHandle{0} id=4097 tag=null key=0|com.tencent.mm|4097|null|10105: Notification(pri=1 contentView=null vibrate=[] sound=null tick defaults=0x0 flags=0x101 color=0x00000000 category=msg vis=PRIVATE)))
12-17 19:35:38.348  2852  2852 D HwCust  : Create obj success use class android.app.HwCustNotificationImpl
12-17 19:35:38.349  2852  2852 I StatusBarIconView: updateTint: tint=1
12-17 19:35:38.350  2852  2852 D StatusBar: applyInPlace=true shouldPeek=true alertAgain=true
12-17 19:35:38.350  2852  2852 I NotificationGroupManager: onEntryUpdated:0|com.tencent.mm|4097|null|10105
12-17 19:35:38.350  2852  2852 I NotificationGroupManager: onEntryAdded:0|com.tencent.mm|4097|null|10105, group=0|com.tencent.mm|4097|null|10105
12-17 19:35:38.350  2852  2852 D StatusBar: reusing notification for key: 0|com.tencent.mm|4097|null|10105
12-17 19:35:38.350  2852  2852 D HwCust  : Create obj success use class android.app.HwCustNotificationImpl
12-17 19:35:38.351  2852  2852 D HwCust  : Create obj success use class android.app.HwCustNotificationImpl
12-17 19:35:38.351  2852  2852 I StatusBarIconView: updateTint: tint=1
12-17 19:35:38.358  2852  2852 I HeadsUpManager: addHeadsUpEntry: 0|com.tencent.mm|4097|null|10105
12-17 19:35:38.358  2852  2852 I NotificationContentView: transferRemoteInputFocus: 0
12-17 19:35:38.359  2852  2852 W StatusBarWindowManager: Apply window Height MATCH_PARENT
12-17 19:35:38.359  2852  2852 I StatusBarWindowManager: apply mLp:0 -> 0; Height: -1; Flag: 81840068
12-17 19:35:38.360  2852  2852 W StatusBarWindowManager: Apply window Height MATCH_PARENT
12-17 19:35:38.360  2852  2852 I StatusBarWindowManager: apply mLp:0 -> 0; Height: -1; Flag: 81840068
12-17 19:35:38.360  2852  2852 W StatusBarWindowManager: Apply window Height 72
12-17 19:35:38.360  2852  2852 I StatusBarWindowManager: apply mLp:0 -> 0; Height: 72; Flag: 81840068
12-17 19:35:38.361  2852  2852 I PanelBar: panelExpansionChanged 0.0, true
12-17 19:35:38.363  2852  2852 W StatusBarWindowManager: Apply window Height 72
12-17 19:35:38.363  2852  2852 I StatusBarWindowManager: apply skiped :0
12-17 19:35:38.363  2852  2852 D PhoneStatusBar: disable: < expand ICONS* alerts SYSTEM_INFO* back home recent clock navigationbar search quick_settings >
12-17 19:35:38.363  2852  2852 I PhoneStatusBar: suspendAutohide
12-17 19:35:38.363  2852  2852 I BarTransitions.HwPhoneStatusBarView: transitionTo: mode=MODE_TRANSLUCENT, animate=false
12-17 19:35:38.363  2852  2852 I BarTransitions.HwNavigationBarView: transitionTo: mode=MODE_TRANSLUCENT, animate=false
12-17 19:35:38.363  2852  2852 I HwNavigationBarTransitions: transitionTo:mode=2, isEmuiStyle=false
12-17 19:35:38.364  2852  2852 I HwNotificationIconAreaController: showNotificationAll
12-17 19:35:38.364  2852  2852 I HwPhoneStatusBarTransitions: setBackgroundAlpha:alpha=0.0
12-17 19:35:38.364  2852  2852 W ScrimController: startScrimAnimation 1.0 @ com.android.systemui.statusbar.AlphaOptimizedView{d0b83cd V.ED..... ........ 0,0-1080,750 #7f1403fe app:id/heads_up_scrim}
12-17 19:35:38.364  2852  2852 I vol.VolumeDialogControl: C onDismissRequested reason = 2
12-17 19:35:38.365  2852  2852 I HwPhoneStatusBar: updateNotificationShade
12-17 19:35:38.365  2852  2852 I PhoneStatusBar: updateNotificationShade
12-17 19:35:38.365  2852  2852 I PhoneStatusBar: removeNotificationChildren
12-17 19:35:38.366  2852  2852 I StackScroller: generateAddAnimation:null, false
12-17 19:35:38.366  2852  2852 I HwNotificationIconAreaController: showNotificationAll
12-17 19:35:38.366  2852  2852 I NotificationGroupManager: onHeadsUpStateChanged:0|com.tencent.mm|4097|null|10105
12-17 19:35:38.367  2852  2852 I HwPhoneStatusBar: updateNotificationShade
12-17 19:35:38.367  2852  2852 I PhoneStatusBar: updateNotificationShade
12-17 19:35:38.367  2852  2852 I PhoneStatusBar: removeNotificationChildren
12-17 19:35:38.367  1795 17832 I NotificationManager: onNotificationExpansionChanged called
12-17 19:35:38.367  2852  2852 I HwNotificationIconAreaController: showNotificationAll
12-17 19:35:38.368  1795  3139 I NotificationManager: onNotificationExpansionChanged called
12-17 19:35:38.376  2852  2852 I NotificationContentView: transferRemoteInputFocus: 0
12-17 19:35:38.376  2852  2852 I NotificationContentView: transferRemoteInputFocus: 0
12-17 19:35:38.381  2852  2852 I StackScrollAlgorithm: overlapAmount:919.6, previousNotificationEnd:156.0, newYTranslation:-763.6, location:2, i:1, getTopPadding:499.0, getLocationOnScreen():-643
12-17 19:35:38.381  2852  2852 I StackScrollAlgorithm: updateClipping isOverlap:true
12-17 19:35:38.381  2852  2852 I StackScrollAlgorithm: updateDimmedActivatedHideSensitive overlap:true
12-17 19:35:38.382  2852  2852 I ActivatableNotificationView: setOverlap mOverlap:false, mDimmed:false
12-17 19:35:38.383  2852  2852 I ActivatableNotificationView: setOverlap mOverlap:true, mDimmed:false
12-17 19:35:38.405  2852  2852 W StatusBarWindowManager: Apply window Height MATCH_PARENT
12-17 19:35:38.405  2852  2852 I StatusBarWindowManager: apply mLp:0 -> 0; Height: -1; Flag: 81840068
12-17 19:35:38.406  2852  2852 I vol.VolumeDialog: VolumeDialogController.Callbacks onDismissRequested reason = 2
12-17 19:35:38.429  1795  2671 D WifiHW  : wifi_send_command: cmd:'IFNAME=wlan0 SIGNAL_POLL'
12-17 19:35:38.429  5215  5215 D wpa_supplicant: wlan0: Control interface command 'SIGNAL_POLL'
12-17 19:35:38.432  5215  5215 E wpa_supplicant: RSSI=-44;LINKSPEED=72;NOISE=9999;FREQUENCY=2452;
12-17 19:35:38.432  5215  5215 D wpa_supplicant: CTRL-DEBUG: global_ctrl_sock-sendto: sock=16 sndbuf=229376 outq=0 send_len=48
12-17 19:35:38.433  1795  2671 V HwWifiServiceFactory: get AllImpl object = com.android.server.wifi.HwWifiServiceFactoryImpl@c332618
12-17 19:35:38.434  1795  2671 E WifiConfigManager: updateConfiguration freq=2452 BSSID=80:38:bc:08:42:c1 RSSI=-43 "Huawei-Employee"WPA_EAP
12-17 19:35:38.436  1795  2671 V HwWifiServiceFactory: get AllImpl object = com.android.server.wifi.HwWifiServiceFactoryImpl@c332618
12-17 19:35:38.450  2852  2852 I SignalClusterView: applyIconTint ignore
12-17 19:35:38.464  2852  2852 I StackScrollAlgorithm: overlapAmount:525.3814, previousNotificationEnd:258.0, newYTranslation:-267.3814, location:8, i:1, getTopPadding:499.0, getLocationOnScreen():-745
12-17 19:35:38.465  2852  2852 I StackScrollAlgorithm: state.clipTopAmount:501, i:1
12-17 19:35:38.465  2852  2852 I StackScrollAlgorithm: updateClipping isOverlap:true
12-17 19:35:38.465  2852  2852 I StackScrollAlgorithm: updateDimmedActivatedHideSensitive overlap:true
12-17 19:35:38.478  2852  2852 D UnderLayer: ondraw 0, Rect(0, 0 - 1080, 1920)
12-17 19:35:38.665  3879  5881 I HwLauncher: Launcher.LauncherProvider  launcher call - method:setAppBadgeCount arg:null extras:[app_shortcut_custom_id=null][app_shortcut_class_name=com.tencent.mm.ui.LauncherUI][app_badge_count=2] uid =10105 pid =4492
12-17 19:35:38.667  3879  5881 I HwLauncher: ProviderCallUtils callBadge isCloned = false
