12-17 19:33:11.052  5215  5215 E wpa_supplicant: bssid=80:38:bc:0a:ef:61;freq=2472;level=-86;flags=11;ssid=Huawei-Employee;
12-17 19:33:11.052  5215  5215 E wpa_supplicant: bssid=80:38:bc:0a:f0:20;freq=2472;level=-90;flags=11;ssid=wlanaccessv2.0;
12-17 19:33:11.052  5215  5215 E wpa_supplicant: bssid=80:38:bc:0b:14:80;freq=2452;level=-91;flags=11;ssid=wlanaccessv2.0;
12-17 19:33:11.052  5215  5215 E wpa_supplicant: bssid=80:38:bc:0a:fe:e0;freq=2412;level=-94;flags=11;ssid=wlanaccessv2.0;
12-17 19:33:11.052  5215  5215 E wpa_supplicant: bssid=80:38:bc:0a:f0:c1;freq=2452;level=-95;flags=11;ssid=Huawei-Employee;
12-17 19:33:11.052  5215  5215 E wpa_supplicant: bssid=80:38:bc:08:42:e1;freq=2472;level=-48;flags=11;ssid=Huawei-Employee;
12-17 19:33:11.053  5215  5215 E wpa_supplicant: bssid=80:38:bc:0a:f9:21;freq=2472;level=-82;flags=11;ssid=Huawei-Employee;
12-17 19:33:11.053  5215  5215 D wpa_supplicant: CTRL-DEBUG: global_ctrl_sock-sendto: sock=16 sndbuf=229376 outq=0 send_len=3673
12-17 19:33:11.054  5215  5215 D wpa_supplicant: wlan0: Control interface command 'BSS RANGE=497- MASK=0x3029d87'
12-17 19:33:11.054  5215  5215 E wpa_supplicant: bssid=80:38:bc:0b:22:a0;freq=2452;level=-85;flags=11;ssid=wlanaccessv2.0;
12-17 19:33:11.054  5215  5215 E wpa_supplicant: bssid=80:38:bc:0b:36:a1;freq=2472;level=-89;flags=11;ssid=Huawei-Employee;
12-17 19:33:11.054  5215  5215 E wpa_supplicant: bssid=80:38:bc:0a:f1:e0;freq=2472;level=-92;flags=11;ssid=wlanaccessv2.0;
12-17 19:33:11.054  5215  5215 E wpa_supplicant: bssid=80:38:bc:08:42:c0;freq=2452;level=-59;flags=11;ssid=wlanaccessv2.0;
12-17 19:33:11.055  5215  5215 E wpa_supplicant: bssid=80:38:bc:0a:ef:41;freq=2452;level=-69;flags=11;ssid=Huawei-Employee;
12-17 19:33:11.055  5215  5215 E wpa_supplicant: bssid=80:38:bc:0a:ef:c1;freq=2412;level=-78;flags=11;ssid=Huawei-Employee;
12-17 19:33:11.055  5215  5215 E wpa_supplicant: bssid=80:38:bc:08:43:00;freq=2472;level=-80;flags=11;ssid=wlanaccessv2.0;
12-17 19:33:11.055  5215  5215 D wpa_supplicant: CTRL-DEBUG: global_ctrl_sock-sendto: sock=16 sndbuf=229376 outq=0 send_len=3670
12-17 19:33:11.056  5215  5215 D wpa_supplicant: wlan0: Control interface command 'BSS RANGE=497- MASK=0x3029d87'
12-17 19:33:11.056  5215  5215 E wpa_supplicant: bssid=80:38:bc:0b:22:a0;freq=2452;level=-85;flags=11;ssid=wlanaccessv2.0;
12-17 19:33:11.056  5215  5215 E wpa_supplicant: bssid=80:38:bc:0b:36:a1;freq=2472;level=-89;flags=11;ssid=Huawei-Employee;
12-17 19:33:11.056  5215  5215 E wpa_supplicant: bssid=80:38:bc:0a:f1:e0;freq=2472;level=-92;flags=11;ssid=wlanaccessv2.0;
12-17 19:33:11.056  5215  5215 E wpa_supplicant: bssid=80:38:bc:08:42:c0;freq=2452;level=-59;flags=11;ssid=wlanaccessv2.0;
12-17 19:33:11.057  5215  5215 E wpa_supplicant: bssid=80:38:bc:0a:ef:41;freq=2452;level=-69;flags=11;ssid=Huawei-Employee;
12-17 19:33:11.057  5215  5215 E wpa_supplicant: bssid=80:38:bc:0a:ef:c1;freq=2412;level=-78;flags=11;ssid=Huawei-Employee;
12-17 19:33:11.057  5215  5215 E wpa_supplicant: bssid=80:38:bc:08:43:00;freq=2472;level=-80;flags=11;ssid=wlanaccessv2.0;
12-17 19:33:11.057  5215  5215 D wpa_supplicant: CTRL-DEBUG: global_ctrl_sock-sendto: sock=16 sndbuf=229376 outq=0 send_len=3670
12-17 19:33:11.058  5215  5215 D wpa_supplicant: wlan0: Control interface command 'BSS RANGE=504- MASK=0x3029d87'
12-17 19:33:11.058  5215  5215 E wpa_supplicant: bssid=80:38:bc:0b:34:a1;freq=2472;level=-86;flags=11;ssid=Huawei-Employee;
12-17 19:33:11.058  5215  5215 E wpa_supplicant: bssid=80:38:bc:0b:22:a1;freq=2452;level=-86;flags=11;ssid=Huawei-Employee;
12-17 19:33:11.058  5215  5215 E wpa_supplicant: bssid=80:38:bc:0a:f9:60;freq=2472;level=-86;flags=11;ssid=wlanaccessv2.0;
12-17 19:33:11.058  5215  5215 E wpa_supplicant: bssid=80:38:bc:0a:f9:41;freq=2452;level=-87;flags=11;ssid=Huawei-Employee;
12-17 19:33:11.059  5215  5215 E wpa_supplicant: bssid=80:38:bc:0a:ef:21;freq=2412;level=-92;flags=11;ssid=Huawei-Employee;
12-17 19:33:11.059  5215  5215 D wpa_supplicant: CTRL-DEBUG: global_ctrl_sock-sendto: sock=16 sndbuf=229376 outq=0 send_len=2627
12-17 19:33:11.059  5215  5215 D wpa_supplicant: wlan0: Control interface command 'BSS RANGE=504- MASK=0x3029d87'
12-17 19:33:11.059  5215  5215 E wpa_supplicant: bssid=80:38:bc:0b:34:a1;freq=2472;level=-86;flags=11;ssid=Huawei-Employee;
12-17 19:33:11.060  5215  5215 E wpa_supplicant: bssid=80:38:bc:0b:22:a1;freq=2452;level=-86;flags=11;ssid=Huawei-Employee;
12-17 19:33:11.060  5215  5215 E wpa_supplicant: bssid=80:38:bc:0a:f9:60;freq=2472;level=-86;flags=11;ssid=wlanaccessv2.0;
12-17 19:33:11.060  5215  5215 E wpa_supplicant: bssid=80:38:bc:0a:f9:41;freq=2452;level=-87;flags=11;ssid=Huawei-Employee;
12-17 19:33:11.060  5215  5215 E wpa_supplicant: bssid=80:38:bc:0a:ef:21;freq=2412;level=-92;flags=11;ssid=Huawei-Employee;
12-17 19:33:11.060  5215  5215 D wpa_supplicant: CTRL-DEBUG: global_ctrl_sock-sendto: sock=16 sndbuf=229376 outq=0 send_len=2627
12-17 19:33:11.061  5215  5215 D wpa_supplicant: wlan0: Control interface command 'BSS RANGE=509- MASK=0x3029d87'
12-17 19:33:11.061  5215  5215 D wpa_supplicant: CTRL-DEBUG: global_ctrl_sock-sendto: sock=16 sndbuf=229376 outq=0 send_len=0
12-17 19:33:11.063  5215  5215 D wpa_supplicant: wlan0: Control interface command 'BSS RANGE=509- MASK=0x3029d87'
12-17 19:33:11.063  5215  5215 D wpa_supplicant: CTRL-DEBUG: global_ctrl_sock-sendto: sock=16 sndbuf=229376 outq=0 send_len=0
12-17 19:33:11.066  1795  2332 I qti_sensors_hal: [ACC]processReportInd: X: 7.017163 Y: 5.313025 Z: 3.676778  x_offset:0.160831 y_offset:0.184366 z_offset:0.985027
12-17 19:33:11.072 31949 31967 I TCP     : tcp.recv{4790} TcpClientThread.onReceiverWork(TcpClientThread.java:292) connected
12-17 19:33:11.077 31949 31967 I TCP     : tcp.recv{4790} TcpClientThread.onReceiverWork(TcpClientThread.java:307) get tcp message 659
12-17 19:33:11.078 31949 31967 I TCP     : msg.recv{4791} TcpClientThread.onRecv(TcpClientThread.java:515) TCP Msg 659TCP_OK
12-17 19:33:11.078  1795  2750 D SurfaceControl: Excessive delay in setPowerMode(): 213ms
12-17 19:33:11.078  1795  2750 D PowerManagerService: Setting HAL interactive mode to false
12-17 19:33:11.078  1795  2750 I QTI PowerHAL: Got set_interactive hint
12-17 19:33:11.078   625   718 E libnav  : AbaSuspend skips CABL deactivate: state was 3
12-17 19:33:11.079   533  3739 E ANDR-PERF-MPCTL: Invalid profile no. 0, total profiles 0 only
12-17 19:33:11.080 31949 31967 I ECS     : msg.recv{4791} XmlMsg.decodeBuf(XmlMsg.java:237) RECV 663 bytes [12]_00_03_02_05_01_04_81_BE_8E_27_C0_D0 cmdCode(CC_PCheckVersion.0x0501)msgType(MT_ACK.2)msgClass(MC_Push.5)sender(ST_Mobile.0)crypted(false)zipped(false)nobase64(true)length(659)version(3)sno(81BE)
12-17 19:33:11.080  1795  2750 D libfingersense_wrapper: Calling fingersense_on_pause()
12-17 19:33:11.080  1795  2750 D libfingersense_wrapper: fingersense_on_pause() finished
12-17 19:33:11.080  1795  2750 D PowerManagerService: Setting HAL auto-suspend mode to true
12-17 19:33:11.080   836  2387 I knuckle_sensor: Sending SAM_DISABLE to fs_data
12-17 19:33:11.081  1795  1825 I PowerManager_screenOn: DisplayPowerController updatePowerState mPendingRequestLocked=policy=OFF, useProximitySensor=true, useProximitySensorbyPhone=true, screenBrightness=33, screenAutoBrightnessAdjustment=0.0, brightnessSetByUser=true, useAutoBrightness=true, blockScreenOn=false, lowPowerMode=false, boostScreenBrightness=false, dozeScreenBrightness=-1, dozeScreenState=UNKNOWN, useTwilight=false, useSmartBacklight=true, brightnessWaitMode=false, brightnessWaitRet=true, screenAutoBrightness=-1, userId=0
12-17 19:33:11.081  1795  1825 D DisplayPowerController: Animating brightness: target=0, rate=0
12-17 19:33:11.081  1795  1825 D DisplayPowerController: Display ready!
12-17 19:33:11.081  1795  1825 D DisplayPowerController: Finished business...
12-17 19:33:11.081  1795  1825 D PowerManagerService: ready=true,policy=0,wakefulness=0,wksummary=0x11,uasummary=0x0,bootcompleted=true,boostinprogress=false,waitmodeenable=false,mode=true,manual=33,auto=-1,adj=0.0userId=0
12-17 19:33:11.081  1795  1825 I PowerManager_screenOn: PowerManagerNotifier onWakefulnessChangeFinished mInteractiveChanging=true, mInteractive=false
12-17 19:33:11.081  1795  1825 D PowerManagerService: Releasing suspend blocker "PowerManagerService.Display".
12-17 19:33:11.081   836   928 I knuckle_sensor: Got DISABLE response, status = 0, id = 72
12-17 19:33:11.082  1795  1795 V SecInputMethodManagerService: Client requesting input be hidden, pid=1795
12-17 19:33:11.083  1795  1795 V InputMethodManagerService: Unspecified window will hide input
12-17 19:33:11.083  1795  1821 I DisplayManagerService: Display device changed state: "内置屏幕", OFF
12-17 19:33:11.084   832   832 E Parcel  : Reading a NULL string not supported here.
12-17 19:33:11.084   832   832 E Parcel  : Reading a NULL string not supported here.
12-17 19:33:11.085  1795  1795 I PowerManager_screenOn: PowerManagerNotifier Sending go to sleep broadcast.
12-17 19:33:11.085  1795  1795 I SendBroadcastPermission: action:android.intent.action.SCREEN_OFF, mPermissionType:0
12-17 19:33:11.086  1795 16499 D PowerManagerService: ready=true,policy=0,wakefulness=0,wksummary=0x11,uasummary=0x0,bootcompleted=true,boostinprogress=false,waitmodeenable=false,mode=true,manual=33,auto=-1,adj=0.0userId=0
12-17 19:33:11.086  3608  3608 I InCall  : CallList - hasAnyLiveCall call = [Call_10, ACTIVE, [Capabilities: CAPABILITY_HOLD CAPABILITY_SUPPORT_HOLD CAPABILITY_MUTE CAPABILITY_CANNOT_DOWNGRADE_VIDEO_TO_AUDIO], children:[], parent:null, conferenceable:[], videoState:Audio Only, mSessionModificationState:0, VideoSettings:(CameraDir:-1)]
12-17 19:33:11.086  3608  3608 I InCall  : ProximitySensor - isDisplayOn: false
12-17 19:33:11.087  1795 11747 I qti_sensors_hal: batch,376,handle 0, timeout:0 ,period_ns:66667000
12-17 19:33:11.087  1795 11747 I qti_sensors_hal: batch:sensor(android.sensor.accelerometer) handle:0 flags:0x0 period_ns 66667000
12-17 19:33:11.088  2852  2852 I PhoneStatusBar: setSystemUiVisibility vis=c0000000 mask=ffffffff oldVal=c0000600 newVal=c0000000 diff=600
12-17 19:33:11.088  2852  2852 I BarTransitions.HwPhoneStatusBarView: transitionTo: mode=MODE_TRANSLUCENT, animate=false
12-17 19:33:11.088  2852  2852 D BarTransitions.HwPhoneStatusBarView: MODE_TRANSPARENT -> MODE_TRANSLUCENT animate=false
12-17 19:33:11.088  2852  2852 D BarTransitions.HwPhoneStatusBarView: applyModeBackground oldMode=MODE_TRANSPARENT newMode=MODE_TRANSLUCENT animate=false
12-17 19:33:11.089  2852  2852 I BarTransitions.HwNavigationBarView: transitionTo: mode=MODE_TRANSLUCENT, animate=false
12-17 19:33:11.089  2852  2852 I HwNavigationBarTransitions: transitionTo:mode=2, isEmuiStyle=false
12-17 19:33:11.089  2852  2852 I PhoneStatusBar: notifyUiVisibilityChanged:vis=0xc0000000, SystemUiVisibility=0xc0000000
12-17 19:33:11.089  1795  3247 D PowerManagerService: ready=true,policy=0,wakefulness=0,wksummary=0x11,uasummary=0x0,bootcompleted=true,boostinprogress=false,waitmodeenable=false,mode=true,manual=33,auto=-1,adj=0.0userId=0
12-17 19:33:11.089  1795  6985 D PowerManagerService: ready=true,policy=0,wakefulness=0,wksummary=0x11,uasummary=0x0,bootcompleted=true,boostinprogress=false,waitmodeenable=false,mode=true,manual=33,auto=-1,adj=0.0userId=0
12-17 19:33:11.091  1795  2671 I SendBroadcastPermission: action:android.net.wifi.SCAN_RESULTS, mPermissionType:0
12-17 19:33:11.091  1795 15982 D PowerManagerService: ready=true,policy=0,wakefulness=0,wksummary=0x11,uasummary=0x0,bootcompleted=true,boostinprogress=false,waitmodeenable=false,mode=true,manual=33,auto=-1,adj=0.0userId=0
12-17 19:33:11.091  1795  2671 I ActivityManager_broadcast: collectReceiverComponents, callerApp: ProcessRecord{34bf34f 0:system/1000}, intent:android.net.wifi.SCAN_RESULTS, receiver size:1, flags: 10000400
12-17 19:33:11.092  1795  2671 I HwActivityManagerService: Split enqueueing broadcast [callerApp]:ProcessRecord{34bf34f 0:system/1000}
12-17 19:33:11.092  1795  2671 I HwActivityManagerService: Split enqueueing broadcast [callerApp]:ProcessRecord{34bf34f 0:system/1000}
12-17 19:33:11.092  1795  2671 I ActivityManager_broadcast: Enqueueing ordered broadcast[background] BroadcastRecord{208a159 u-1 android.net.wifi.SCAN_RESULTS}: prev had 0
12-17 19:33:11.093  1795  1795 I HwActivityManagerService: Split enqueueing broadcast [callerApp]:ProcessRecord{34bf34f 0:system/1000}
12-17 19:33:11.093  1795  1795 I ActivityManager_broadcast: Enqueueing ordered broadcast[foreground] BroadcastRecord{2ac011e u-1 android.intent.action.SCREEN_OFF}: prev had 0
12-17 19:33:11.094  1795  1808 I ActivityManager_broadcast: dispatch ordered broadcast [background] BroadcastRecord{208a159 u-1 android.net.wifi.SCAN_RESULTS}, has 1 receivers
12-17 19:33:11.096  1795  2671 W WifiStateMachine: attemptAutoConnect: false
12-17 19:33:11.097  1795  1795 I NotificationManager: enqueueNotificationInternal: n.getKey = 0|com.android.incallui|2|null|1001
12-17 19:33:11.097  1795  1808 I ActivityManager_broadcast: dispatch ordered broadcast [foreground] BroadcastRecord{2ac011e u-1 android.intent.action.SCREEN_OFF}, has 55 receivers
12-17 19:33:11.100  1795 11747 I qti_sensors_hal: read from oem info: data_readback
