12-17 19:35:47.735  2852  2852 I NotificationContentView: transferRemoteInputFocus: 0
12-17 19:35:47.741  2852  2852 I StackScrollAlgorithm: overlapAmount:919.6, previousNotificationEnd:156.0, newYTranslation:-763.6, location:2, i:1, getTopPadding:499.0, getLocationOnScreen():-643
12-17 19:35:47.741  2852  2852 I StackScrollAlgorithm: updateClipping isOverlap:true
12-17 19:35:47.741  2852  2852 I StackScrollAlgorithm: updateDimmedActivatedHideSensitive overlap:true
12-17 19:35:47.742  2852  2852 I ActivatableNotificationView: setOverlap mOverlap:false, mDimmed:false
12-17 19:35:47.743  2852  2852 I ActivatableNotificationView: setOverlap mOverlap:true, mDimmed:false
12-17 19:35:47.766  2852  2852 W StatusBarWindowManager: Apply window Height MATCH_PARENT
12-17 19:35:47.766  2852  2852 I StatusBarWindowManager: apply mLp:0 -> 0; Height: -1; Flag: 81840068
12-17 19:35:47.767  2852  2852 I vol.VolumeDialog: VolumeDialogController.Callbacks onDismissRequested reason = 2
12-17 19:35:47.801  2852  2852 I SignalClusterView: applyIconTint ignore
12-17 19:35:47.810  2852  2852 I StackScrollAlgorithm: overlapAmount:525.3814, previousNotificationEnd:258.0, newYTranslation:-267.3814, location:8, i:1, getTopPadding:499.0, getLocationOnScreen():-745
12-17 19:35:47.810  2852  2852 I StackScrollAlgorithm: state.clipTopAmount:501, i:1
12-17 19:35:47.810  2852  2852 I StackScrollAlgorithm: updateClipping isOverlap:true
12-17 19:35:47.810  2852  2852 I StackScrollAlgorithm: updateDimmedActivatedHideSensitive overlap:true
12-17 19:35:47.818  2852  2852 D UnderLayer: ondraw 0, Rect(0, 0 - 1080, 1920)
12-17 19:35:48.031  2852  2852 I SystemUIIdleHandler: enter addToIdleMessage(type:1002), mainloop is busy, add to idleMessage
12-17 19:35:48.072  3879 11576 I HwLauncher: Launcher.LauncherProvider  launcher call - method:setAppBadgeCount arg:null extras:[app_shortcut_custom_id=null][app_shortcut_class_name=com.tencent.mm.ui.LauncherUI][app_badge_count=3] uid =10105 pid =4492
12-17 19:35:48.075  3879 11576 I HwLauncher: ProviderCallUtils callBadge isCloned = false
12-17 19:35:48.095  1795  3110 W ActivityManager: getRunningAppProcesses: caller 10105 does not hold REAL_GET_TASKS; limiting output
12-17 19:35:48.098  3879  3894 I HwLauncher: Launcher.LauncherProvider  launcher call - method:setAppBadgeCount arg:null extras:[app_shortcut_custom_id=[shortcut_c2a51ac39f4ec2a0c386c385c2b37ac2a040c3a7c289c3bec28b547dc2b0c2a6]][app_shortcut_class_name=com.tencent.mm.ui.LauncherUI][app_badge_count=3] uid =10105 pid =4492
12-17 19:35:48.163  1795  3238 W ActivityManager: getRunningAppProcesses: caller 10105 does not hold REAL_GET_TASKS; limiting output
12-17 19:35:48.164  4634  4634 I SendBroadcastPermission: action:com.tencent.mm.plugin.report.service.KVCommCrossProcessReceiver, mPermissionType:0
12-17 19:35:48.164  1795  1805 I ActivityManager_broadcast: collectReceiverComponents, callerApp: ProcessRecord{6be12e7 4634:com.tencent.mm:push/u0a105}, intent:com.tencent.mm.plugin.report.service.KVCommCrossProcessReceiver, receiver size:1, flags: 10000400
12-17 19:35:48.165  1795  1805 I HwActivityManagerService: keyAppBroadcastQueueForIntent intent Intent { act=com.tencent.mm.plugin.report.service.KVCommCrossProcessReceiver flg=0x10 cmp=com.tencent.mm/.plugin.report.service.KVCommCrossProcessReceiver (has extras) } on bgkeyapp queue
12-17 19:35:48.165  1795  1805 I ActivityManager_broadcast: Enqueueing ordered broadcast[bgkeyapp] BroadcastRecord{84f550a u0 com.tencent.mm.plugin.report.service.KVCommCrossProcessReceiver}: prev had 0
12-17 19:35:48.165  1795  1812 I ActivityManager_broadcast: dispatch ordered broadcast [bgkeyapp] BroadcastRecord{84f550a u0 com.tencent.mm.plugin.report.service.KVCommCrossProcessReceiver}, has 1 receivers
12-17 19:35:48.248  2852  2852 I NetworkController.WifiSignalController: Change in state from: connected=true,enabled=true,level=4,inetCondition=1,iconGroup=IconGroup(Wi-Fi Icons),activityIn=false,activityOut=false,rssi=-48,lastModified=12-17 07:35:40,isChaged:false,wifiNoInternet=false,ssid="Huawei-Employee"
12-17 19:35:48.248  2852  2852 I NetworkController.WifiSignalController: 	to: connected=true,enabled=true,level=4,inetCondition=1,iconGroup=IconGroup(Wi-Fi Icons),activityIn=true,activityOut=true,rssi=-48,lastModified=12-17 07:35:40,isChaged:false,wifiNoInternet=false,ssid="Huawei-Employee"
12-17 19:35:48.248  2852  2852 I SignalClusterView: mWifiVisible is:truemWifiStrengthId is:2130839427mWifiDescription is:WLAN 信号强度满格。
12-17 19:35:48.249  2852  2852 D NetWorkUtils: mVSimCurCardType is -1
12-17 19:35:48.250  2852  2852 I HwSignalClusterView: apply hwPhoneState.mSubId:0 anyMobileVisible:false mIsAirplaneMode:false, mobileGroupVisible=true
12-17 19:35:48.251  2852  2852 I SignalClusterView: mWifiVisible is:truemWifiStrengthId is:2130839427mWifiDescription is:WLAN 信号强度满格。
12-17 19:35:48.251  2852  2852 D NetWorkUtils: mVSimCurCardType is -1
12-17 19:35:48.252  2852  2852 I HwSignalClusterView: apply hwPhoneState.mSubId:0 anyMobileVisible:false mIsAirplaneMode:false, mobileGroupVisible=true
12-17 19:35:48.262  2852  2852 I SignalClusterView: applyIconTint ignore
12-17 19:35:48.460  2852  2852 I NotificationContentView: transferRemoteInputFocus: 0
12-17 19:35:48.461  2852  2852 I NotificationContentView: transferRemoteInputFocus: 0
12-17 19:35:48.463  2852  2852 I StackScrollAlgorithm: overlapAmount:525.3814, previousNotificationEnd:258.0, newYTranslation:-267.3814, location:8, i:1, getTopPadding:499.0, getLocationOnScreen():-745
12-17 19:35:48.463  2852  2852 I StackScrollAlgorithm: state.clipTopAmount:501, i:1
12-17 19:35:48.463  2852  2852 I StackScrollAlgorithm: updateClipping isOverlap:true
12-17 19:35:48.463  2852  2852 I StackScrollAlgorithm: updateDimmedActivatedHideSensitive overlap:true
12-17 19:35:48.466  1795  2778 I NotificationManager: onNotificationVisibilityChanged called
12-17 19:35:48.467  1795  3884 I NotificationManager: Marking notification as seen 0|com.tencent.mm|4097|null|10105
12-17 19:35:48.592  3879  4071 D HwLauncher: Launcher.LauncherProvider  launcher-restore query - uri:content://com.huawei.android.launcher.settings/badge
12-17 19:35:48.612  3879  4071 I HwLauncher: Launcher.LauncherProvider  queried count: 1
12-17 19:35:48.616  3879  4071 I HwLauncher: BadgeContentObserver  getBadgeNumber: 3 mComponentName :ComponentInfo{com.tencent.mm/com.tencent.mm.ui.LauncherUI}
12-17 19:35:48.616  3879  4071 I HwLauncher: BadgeContentObserver newBadgeNumber:3,oldBadgeNumber:2 mComponentName : ComponentInfo{com.tencent.mm/com.tencent.mm.ui.LauncherUI}
12-17 19:35:48.619  3879  4071 D ApplicationPackageManager: queryIntentActivitiesAsUser size results:1, for package:com.tencent.mm
12-17 19:35:48.620  3879  4071 I HwLauncher: AllIdleAppsList  updatePackage  isCloneApp =  false
12-17 19:35:48.621  1795 20747 D ApplicationPackageManager: queryIntentActivitiesAsUser size results:1, for package:com.tencent.mm
12-17 19:35:48.622  3879  4071 I HwLauncher: AllIdleAppsList  updatePackage : package[com.tencent.mm] matched activity's size is 1 and data List size is 69
12-17 19:35:48.628  3879  4071 W CfgFilePolicy: No config file found for:/themes/diff/icons
12-17 19:35:48.628  3879  4071 W CfgFilePolicy: CFG_DIRS length : 9
12-17 19:35:48.635  3879  4071 I HwLauncher: Launcher.IconCache, cacheLocked  Utilities.createIconBitmap entry.title = 微信 ComponentName:ComponentInfo{com.tencent.mm/com.tencent.mm.ui.LauncherUI} user:UserHandle{0}
12-17 19:35:48.636  3879  4071 D HwLauncher: Launcher.LauncherProvider  launcher-restore query - uri:content://com.huawei.android.launcher.settings/badge
12-17 19:35:48.643  3879  4071 I HwLauncher: Launcher.LauncherProvider  queried count: 1
12-17 19:35:48.646  3879  4071 I HwLauncher: BadgeContentObserver  getBadgeNumber: 3 mComponentName :ComponentInfo{com.tencent.mm/com.tencent.mm.ui.LauncherUI}
12-17 19:35:48.651  3879  4071 I HwLauncher: Launcher.Utilities  unread scaledHeight = 55;sBigIconSize = 175
12-17 19:35:48.652  3879  4071 I HwLauncher: Workspace  The same unread count.
12-17 19:35:48.652  3879  3879 I HwLauncher: Launcher.Folder childCount: 7
12-17 19:35:48.652  3879  4071 I HwLauncher: Workspace updateCustomizeShortcuts view invalidate ShortcutInfo(title=微信)
12-17 19:35:48.653  3879  4071 D HwLauncher: Launcher.LauncherProvider  launcher-restore query - uri:content://com.huawei.android.launcher.settings/badge
12-17 19:35:48.653  3879  3879 I HwLauncher: Launcher.Folder childCount: 2
12-17 19:35:48.653  3879  3879 I HwLauncher: Launcher.Folder childCount: 6
12-17 19:35:48.653  3879  3879 I HwLauncher: Launcher.Folder childCount: 3
12-17 19:35:48.659  3879  4071 I HwLauncher: Launcher.LauncherProvider  queried count: 1
12-17 19:35:48.663  3879  4071 I HwLauncher: BadgeContentObserver  getBadgeNumber: 3 mComponentName :ComponentInfo{com.tencent.mm/com.tencent.mm.ui.LauncherUI}
12-17 19:35:48.665  3879  4071 I HwLauncher: Launcher.Utilities  unread scaledHeight = 55;sBigIconSize = 175
12-17 19:35:48.759  1795  2748 D HwAmbientLuxFilterAlgo: t=123146376,BT=123147376,DT=123150376,BT1=123150376,DT1=123154376,Bn=false,Dn=false,lx=[129.0/123144872, 119.0/123145173, 124.0/123145474, 121.0/123145774, 121.0/123146075, 113.0/123146376],mLx=17.0,s=5.0,ss=0.26765195,AuIntervened=false,mProximityState=false,bLux=176.0,dLux=3.5,bLux1=176.0,dLux1=3.5
12-17 19:35:48.909  1795  1795 I TrafficMonitor: update:rxPkts:2,txPkts:2,rxBytes:658,txBytes:369
12-17 19:35:48.909  1795  1795 I TrafficMonitor: start expired. level:-1
12-17 19:35:48.909  1795  1795 I TrafficMonitor: gettimer:interval=2000
12-17 19:35:49.035  2852  2852 I NetworkController.WifiSignalController: Change in state from: connected=true,enabled=true,level=4,inetCondition=1,iconGroup=IconGroup(Wi-Fi Icons),activityIn=true,activityOut=true,rssi=-48,lastModified=12-17 07:35:48,isChaged:false,wifiNoInternet=false,ssid="Huawei-Employee"
12-17 19:35:49.035  2852  2852 I NetworkController.WifiSignalController: 	to: connected=true,enabled=true,level=4,inetCondition=1,iconGroup=IconGroup(Wi-Fi Icons),activityIn=false,activityOut=false,rssi=-48,lastModified=12-17 07:35:48,isChaged:false,wifiNoInternet=false,ssid="Huawei-Employee"
12-17 19:35:49.036  2852  2852 I SignalClusterView: mWifiVisible is:truemWifiStrengthId is:2130839427mWifiDescription is:WLAN 信号强度满格。
12-17 19:35:49.037  2852  2852 D NetWorkUtils: mVSimCurCardType is -1
12-17 19:35:49.038  2852  2852 I HwSignalClusterView: apply hwPhoneState.mSubId:0 anyMobileVisible:false mIsAirplaneMode:false, mobileGroupVisible=true
12-17 19:35:49.039  2852  2852 I SignalClusterView: mWifiVisible is:truemWifiStrengthId is:2130839427mWifiDescription is:WLAN 信号强度满格。
12-17 19:35:49.040  2852  2852 D NetWorkUtils: mVSimCurCardType is -1
12-17 19:35:49.041  2852  2852 I HwSignalClusterView: apply hwPhoneState.mSubId:0 anyMobileVisible:false mIsAirplaneMode:false, mobileGroupVisible=true
12-17 19:35:49.057  2852  2852 I SignalClusterView: applyIconTint ignore
12-17 19:35:49.662  1795  2748 D lux trace:: [131.0/123143267, 127.0/123143632, 130.0/123144004, 126.0/123144358, 129.0/123144712, 119.0/123145064, 124.0/123145418, 121.0/123145771, 113.0/123146126, 100.0/123146504, 111.0/123146875, 116.0/123147249]
12-17 19:35:49.689  1795  1825 D PowerManagerService: handleUserActivityTimeout
12-17 19:35:49.689  1795  1825 I PowerManagerService: Screen timeout occured. mStayOn = false, mProximityPositive = false, mWakeLockSummary = 0x0, mUserActivitySummary = 0x2, mScreenBrightnessBoostInProgress = false
12-17 19:35:49.690  1795  1825 D PowerManagerService: ready=false,policy=2,wakefulness=1,wksummary=0x0,uasummary=0x2,bootcompleted=true,boostinprogress=false,waitmodeenable=false,mode=true,manual=33,auto=-1,adj=0.0userId=0
12-17 19:35:49.690  1795  1825 I PowerManager_screenOn: DisplayPowerController updatePowerState mPendingRequestLocked=policy=DIM, useProximitySensor=false, useProximitySensorbyPhone=true, screenBrightness=33, screenAutoBrightnessAdjustment=0.0, brightnessSetByUser=true, useAutoBrightness=true, blockScreenOn=false, lowPowerMode=false, boostScreenBrightness=false, dozeScreenBrightness=-1, dozeScreenState=UNKNOWN, useTwilight=false, useSmartBacklight=true, brightnessWaitMode=false, brightnessWaitRet=true, screenAutoBrightness=-1, userId=0
12-17 19:35:49.690  1795  1825 D DisplayPowerController: Animating brightness: target=6, rate=200
12-17 19:35:49.691  1795  1825 D DisplayPowerController: Unfinished business...
12-17 19:35:49.691  1795  1825 D DisplayPowerController: Display ready!
12-17 19:35:49.691  1795  1825 D PowerManagerService: ready=true,policy=2,wakefulness=1,wksummary=0x0,uasummary=0x2,bootcompleted=true,boostinprogress=false,waitmodeenable=false,mode=true,manual=33,auto=-1,adj=0.0userId=0
12-17 19:35:49.695  1795  1825 D HwGradualBrightnessAlgo: The Dim state
12-17 19:35:49.695  1795  1825 D HwGradualBrightnessAlgo: AutoMode=true,Target=235,Current=1176,amount=5.18828,duration=3.0
12-17 19:35:49.697  1795  2750 D HW_DISPLAY_EFFECT: presently, hw_update_color_temp_for_rg_led interface not achieved.
12-17 19:35:49.712  1795  2750 D HW_DISPLAY_EFFECT: presently, hw_update_color_temp_for_rg_led interface not achieved.
12-17 19:35:49.735  1795  2750 D HW_DISPLAY_EFFECT: presently, hw_update_color_temp_for_rg_led interface not achieved.
12-17 19:35:49.752  1795  2750 D HW_DISPLAY_EFFECT: presently, hw_update_color_temp_for_rg_led interface not achieved.
12-17 19:35:49.769  1795  2750 D HW_DISPLAY_EFFECT: presently, hw_update_color_temp_for_rg_led interface not achieved.
12-17 19:35:49.785  1795  2750 D HW_DISPLAY_EFFECT: presently, hw_update_color_temp_for_rg_led interface not achieved.
12-17 19:35:49.801  1795  2750 D HW_DISPLAY_EFFECT: presently, hw_update_color_temp_for_rg_led interface not achieved.
12-17 19:35:49.818  1795  2750 D HW_DISPLAY_EFFECT: presently, hw_update_color_temp_for_rg_led interface not achieved.
