12-17 19:34:56.373  1046  2704 I soundtrigger: audio_extn_sound_trigger_update_device_status: device 0x57 of type 1 for Event 0, with Raise=1
12-17 19:34:56.373  1046  2704 D sound_trigger_platform: platform_stdev_check_and_update_concurrency: concurrency active 0, tx 0, rx 0, concurrency session_allowed 1
12-17 19:34:56.373  1046  2704 D voice   : voice_stop_usecase: exit: status(0)
12-17 19:34:56.373  1046  2704 D voice_extn: update_calls: cur_state=1 new_state=1 vsid=11dc5000
12-17 19:34:56.373  1046  2704 V msm8916_platform: platform_set_parameters: enter: - 
12-17 19:34:56.373  1046  2704 V msm8916_platform: platform_set_parameters: exit with code(0)
12-17 19:34:56.373  1046  2704 D audio_hw_extn: audio_extn_set_anc_parameters: anc_enabled:0
12-17 19:34:56.373  1046  2704 D audio_hw_spkr_prot: audio_extn_fbsp_set_parameters: Speaker protection disabled
12-17 19:34:56.373  1046  2704 V audio_hw_primary: adev_set_parameters: exit with code(0)
12-17 19:34:56.374  1046 26554 I Huawei_audio_cust: get_spk_pa_type: pa is max98925
12-17 19:34:56.374  1046  1467 I AudioMixer: Pid:1046 deleteTrackName(2)
12-17 19:34:56.374  1046 26554 D Huawei_audio_cust: huawei_cust_get_parameters: returns 
12-17 19:34:56.374  1046 26554 D audio_hw_spkr_prot: audio_extn_fbsp_get_parameters: Speaker protection disabled
12-17 19:34:56.374  1046 26554 D audio_hw_extn: audio_extn_get_parameters: returns 
12-17 19:34:56.374  1046  1053 V APM_AudioPolicyManager: releaseOutput() 13
12-17 19:34:56.374  1046 26554 V msm8916_platform: platform_get_parameters: exit: returns - 
12-17 19:34:56.374  1046 26554 I audio_hw_primary: adev_get_parameters: exit: returns - 
12-17 19:34:56.374  1046 26554 I hash_map_utils: key: 'mode' value: ''
12-17 19:34:56.374  1046 26554 D HuaweiAudioFlinger: AudioException do not check.now is not communication state!
12-17 19:34:56.374  1046  9752 I Huawei_audio_cust: get_spk_pa_type: pa is max98925
12-17 19:34:56.374  1046  9752 D Huawei_audio_cust: huawei_cust_get_parameters: returns 
12-17 19:34:56.374  1046  9752 D audio_hw_spkr_prot: audio_extn_fbsp_get_parameters: Speaker protection disabled
12-17 19:34:56.374  1046  9752 D audio_hw_extn: audio_extn_get_parameters: returns 
12-17 19:34:56.374  1046  9752 V msm8916_platform: platform_get_parameters: exit: returns - 
12-17 19:34:56.374  1046  9752 I audio_hw_primary: adev_get_parameters: exit: returns - 
12-17 19:34:56.374  1046  9752 I hash_map_utils: key: 'VOICE_LVM_Enable' value: ''
12-17 19:34:56.374  1046  1046 V ThreadsEx: HDebug print the key VOICE_PHONE_STATUS
12-17 19:34:56.374  1046  1046 D audio_hw_primary: adev_set_parameters: enter: VOICE_PHONE_STATUS=HANGUP
12-17 19:34:56.374  1046  1046 I Huawei_audio_cust: huawei_audio huawei_choose_HandsFree_device_incall_forHWtest: test Type =4
12-17 19:34:56.374  1046  1046 I Huawei_audio_cust: huawei_audio huawei_choose_Handset_device_incall_forHWtest: test Type =4
12-17 19:34:56.374  1046  1046 I Huawei_audio_cust: get_spk_pa_type: pa is max98925
12-17 19:34:56.374  1046  1046 I Huawei_audio_cust: huawei_common_set_parameters: exit with code(0)
12-17 19:34:56.374  1046  1046 V Huawei_audio_cust: huawei_cust_set_parameters: exit with code(0)
12-17 19:34:56.374  1046  1046 V msm8916_platform: platform_set_parameters: enter: - VOICE_PHONE_STATUS=HANGUP
12-17 19:34:56.374  1795  1795 I NotificationManager: mIntentReceiver-ACTION_PHONE_STATE_CHANGED
12-17 19:34:56.374  1046  1046 V msm8916_platform: platform_set_parameters: exit with code(0)
12-17 19:34:56.374  1046  1046 D audio_hw_extn: audio_extn_set_anc_parameters: anc_enabled:0
12-17 19:34:56.374  1046  1046 D audio_hw_spkr_prot: audio_extn_fbsp_set_parameters: Speaker protection disabled
12-17 19:34:56.374  1046  1046 V audio_hw_primary: adev_set_parameters: exit with code(0)
12-17 19:34:56.375  3382  3399 D QcrilMsgTunnelSocket: readRilMessage: Buffer = [B@204bb9f HexData = [01000000040400002b000000514f454d484f4f4bf70308001b000000767369643d3239373831363036343b63616c6c5f73746174653d31]
12-17 19:34:56.375  3382  3399 D QcrilMsgTunnelSocket: Rcvd UNSOL response with 52 bytes data for SUB0
12-17 19:34:56.375  3382  3399 D QcrilMsgTunnelSocket: AudioState data received: vsid=297816064;call_state=1
12-17 19:34:56.375  3382  3399 D QcrilMsgTunnelSocket: Broadcasting intent ACTION_AUDIO_STATE_CHANGED
12-17 19:34:56.375  3382  3399 I SendBroadcastPermission: action:qualcomm.intent.action.ACTION_AUDIO_STATE_CHANGED, mPermissionType:0
12-17 19:34:56.375  1046 26554 I AudioMixer: NumTracks(3)
12-17 19:34:56.375  1046 26554 I AudioMixer: Pid:1046 add track (2)
12-17 19:34:56.375  1046  2703 V ThreadsEx: HDebug print the key vsid
12-17 19:34:56.375  1046  2703 D audio_hw_primary: adev_set_parameters: enter: vsid=297816064;call_state=1
12-17 19:34:56.375  1046  2703 I Huawei_audio_cust: huawei_audio huawei_choose_HandsFree_device_incall_forHWtest: test Type =4
12-17 19:34:56.375  1046  2703 I Huawei_audio_cust: huawei_audio huawei_choose_Handset_device_incall_forHWtest: test Type =4
12-17 19:34:56.375  1046  2703 I Huawei_audio_cust: get_spk_pa_type: pa is max98925
12-17 19:34:56.375  1046  2703 I Huawei_audio_cust: huawei_common_set_parameters: exit with code(0)
12-17 19:34:56.375  1046  2703 V Huawei_audio_cust: huawei_cust_set_parameters: exit with code(0)
12-17 19:34:56.376  1046  2703 D voice_extn: update_call_states is_call_active:0 in_call:0, mode:2
12-17 19:34:56.376  1046  2703 V msm8916_platform: platform_set_parameters: enter: - 
12-17 19:34:56.376  1046  2703 V msm8916_platform: platform_set_parameters: exit with code(0)
12-17 19:34:56.376  1046  2703 D audio_hw_extn: audio_extn_set_anc_parameters: anc_enabled:0
12-17 19:34:56.376  1046  2703 D audio_hw_spkr_prot: audio_extn_fbsp_set_parameters: Speaker protection disabled
12-17 19:34:56.376  1046  2703 V audio_hw_primary: adev_set_parameters: exit with code(0)
12-17 19:34:56.376  3466  3466 I Contacts: CallLogQueryHandler the same request with the token:59,requestId:104
12-17 19:34:56.376  1795 15988 V AudioManager: setParameters  keyValuePairs: BSD_phone_lines=0_lines;BSD_phone_state=phone_idle
12-17 19:34:56.376  1046  2704 V ThreadsEx: HDebug print the key BSD_phone_lines
12-17 19:34:56.376  1795  3111 D PowerManagerService: acquire lock=247092602, flags=0x1, tag="RILJ_ACK_WL", name=com.android.phone, ws=null, uid=1001, pid=3218
12-17 19:34:56.376  1046  2704 D audio_hw_primary: adev_set_parameters: enter: BSD_phone_lines=0_lines;BSD_phone_state=phone_idle
12-17 19:34:56.376  1046  2704 I Huawei_audio_cust: huawei_audio huawei_choose_HandsFree_device_incall_forHWtest: test Type =4
12-17 19:34:56.376  1046  2704 I Huawei_audio_cust: huawei_audio huawei_choose_Handset_device_incall_forHWtest: test Type =4
12-17 19:34:56.377  1795  3111 D PowerManagerService: ready=true,policy=3,wakefulness=1,wksummary=0x1,uasummary=0x1,bootcompleted=true,boostinprogress=false,waitmodeenable=false,mode=true,manual=33,auto=-1,adj=0.0userId=0
12-17 19:34:56.377  1046  2704 I Huawei_audio_cust: get_spk_pa_type: pa is max98925
12-17 19:34:56.377  1046  2704 I Huawei_audio_cust: huawei_common_set_parameters: exit with code(0)
12-17 19:34:56.377  1046  2704 V Huawei_audio_cust: huawei_cust_set_parameters: exit with code(0)
12-17 19:34:56.377  1046  2704 V msm8916_platform: platform_set_parameters: enter: - BSD_phone_lines=0_lines;BSD_phone_state=phone_idle
12-17 19:34:56.377  1046  2704 V msm8916_platform: platform_set_parameters: exit with code(0)
12-17 19:34:56.377  1046  2704 D audio_hw_extn: audio_extn_set_anc_parameters: anc_enabled:0
12-17 19:34:56.377  1046  2704 D audio_hw_spkr_prot: audio_extn_fbsp_set_parameters: Speaker protection disabled
12-17 19:34:56.377  1046  2704 V audio_hw_primary: adev_set_parameters: exit with code(0)
12-17 19:34:56.377  1046  1467 V ThreadsEx: HDebug print the key vsid
12-17 19:34:56.377  1046  1467 D audio_hw_primary: adev_set_parameters: enter: vsid=297816064;call_state=1
12-17 19:34:56.377  1046  1467 I Huawei_audio_cust: huawei_audio huawei_choose_HandsFree_device_incall_forHWtest: test Type =4
12-17 19:34:56.377  1046  1467 I Huawei_audio_cust: huawei_audio huawei_choose_Handset_device_incall_forHWtest: test Type =4
12-17 19:34:56.377  1046  1467 I Huawei_audio_cust: get_spk_pa_type: pa is max98925
12-17 19:34:56.377  1046  1467 I Huawei_audio_cust: huawei_common_set_parameters: exit with code(0)
12-17 19:34:56.377  1046  1467 V Huawei_audio_cust: huawei_cust_set_parameters: exit with code(0)
12-17 19:34:56.377  1046  1467 D voice_extn: update_call_states is_call_active:0 in_call:0, mode:2
12-17 19:34:56.377  1046  1467 V msm8916_platform: platform_set_parameters: enter: - 
12-17 19:34:56.377  1046  1467 V msm8916_platform: platform_set_parameters: exit with code(0)
12-17 19:34:56.377  1046  1467 D audio_hw_extn: audio_extn_set_anc_parameters: anc_enabled:0
12-17 19:34:56.377  1046  1467 D audio_hw_spkr_prot: audio_extn_fbsp_set_parameters: Speaker protection disabled
12-17 19:34:56.377  1046  1467 V audio_hw_primary: adev_set_parameters: exit with code(0)
12-17 19:34:56.378  1795 15988 D Telecom : CallAudioManager: Call removed with id TC@TC@11 in state DISCONNECTED: CSW.sD@EsU
12-17 19:34:56.379  1795 20551 D AudioTrack: Client defaulted notificationFrames to 192 for frameCount 192
12-17 19:34:56.380  1795 11745 D PowerManagerService: acquire lock=247092602, flags=0x1, tag="RILJ_ACK_WL", name=com.android.phone, ws=null, uid=1001, pid=3218
12-17 19:34:56.380  1795  1795 I NotificationManager: updateLightsLocked,mInCall =false,mScreenOn = true,ledNotification == null?false
12-17 19:34:56.380  1795  1795 I NotificationManager: updateLightsLocked,turn off notificationLight
12-17 19:34:56.380  1795  1795 I Sensor  : turn off notificationLight due to incall or screenon
12-17 19:34:56.380  1795  1795 I Sensor  : updateLight --> mIsNotificationExisting: false ledOnMS: 0 ledOffMS :0
12-17 19:34:56.380  1795  1795 I Sensor  : updateLightsLocked --> level:78, status:3
12-17 19:34:56.380  1795  1795 I Sensor  : updateLightsLocked --> mBatteryLight.turnOff
12-17 19:34:56.380  1795 11745 D PowerManagerService: ready=true,policy=3,wakefulness=1,wksummary=0x1,uasummary=0x1,bootcompleted=true,boostinprogress=false,waitmodeenable=false,mode=true,manual=33,auto=-1,adj=0.0userId=0
12-17 19:34:56.381  1046  2704 I Huawei_audio_cust: get_spk_pa_type: pa is max98925
12-17 19:34:56.381  1046  2704 D Huawei_audio_cust: huawei_cust_get_parameters: returns 
