12-17 19:33:11.033  5215  5215 D wpa_supplicant: CTRL-DEBUG: ctrl_sock-sendmsg: sock=16 sndbuf=229376 outq=0 send_len=42
12-17 19:33:11.033  1795  5219 D WifiMonitor: Dispatching event to interface: wlan0
12-17 19:33:11.033  5215  5215 D wpa_supplicant: CTRL_IFACE monitor sent successfully to /data/misc/wifi/sockets/wpa_ctrl_1795-194\x00
12-17 19:33:11.033  1795  5219 D WifiMonitor: Dispatching event to interface: wlan0
12-17 19:33:11.033  5215  5215 D wpa_supplicant: wlan0: BSS: Remove id 442 BSSID 80:38:bc:08:42:e0 SSID 'wlanaccessv2.0' due to no match in scan
12-17 19:33:11.033  5215  5215 D wpa_supplicant: CTRL-DEBUG: ctrl_sock-sendmsg: sock=16 sndbuf=229376 outq=0 send_len=44
12-17 19:33:11.033  5215  5215 D wpa_supplicant: CTRL_IFACE monitor sent successfully to /data/misc/wifi/sockets/wpa_ctrl_1795-194\x00
12-17 19:33:11.033  1795  5219 D WifiMonitor: Dispatching event to interface: wlan0
12-17 19:33:11.033  5215  5215 D wpa_supplicant: wlan0: BSS: Remove id 409 BSSID 80:38:bc:0b:2b:e1 SSID 'Huawei-Employee' due to no match in scan
12-17 19:33:11.033  5215  5215 D wpa_supplicant: CTRL-DEBUG: ctrl_sock-sendmsg: sock=16 sndbuf=229376 outq=0 send_len=44
12-17 19:33:11.033  5215  5215 D wpa_supplicant: CTRL_IFACE monitor sent successfully to /data/misc/wifi/sockets/wpa_ctrl_1795-194\x00
12-17 19:33:11.033  1795  5219 D WifiMonitor: Dispatching event to interface: wlan0
12-17 19:33:11.033  5215  5215 D wpa_supplicant: wlan0: BSS: Remove id 468 BSSID 80:38:bc:0b:19:61 SSID 'Huawei-Employee' due to no match in scan
12-17 19:33:11.033  5215  5215 D wpa_supplicant: CTRL-DEBUG: ctrl_sock-sendmsg: sock=16 sndbuf=229376 outq=0 send_len=44
12-17 19:33:11.033  5215  5215 D wpa_supplicant: CTRL_IFACE monitor sent successfully to /data/misc/wifi/sockets/wpa_ctrl_1795-194\x00
12-17 19:33:11.033  5215  5215 D wpa_supplicant: wlan0: BSS: Remove id 444 BSSID 80:38:bc:0b:14:41 SSID 'Huawei-Employee' due to no match in scan
12-17 19:33:11.033  5215  5215 D wpa_supplicant: CTRL-DEBUG: ctrl_sock-sendmsg: sock=16 sndbuf=229376 outq=0 send_len=44
12-17 19:33:11.033  5215  5215 D wpa_supplicant: CTRL_IFACE monitor sent successfully to /data/misc/wifi/sockets/wpa_ctrl_1795-194\x00
12-17 19:33:11.033  5215  5215 D wpa_supplicant: wlan0: BSS: Remove id 440 BSSID 80:38:bc:0b:29:61 SSID 'Huawei-Employee' due to no match in scan
12-17 19:33:11.033  5215  5215 D wpa_supplicant: CTRL-DEBUG: ctrl_sock-sendmsg: sock=16 sndbuf=229376 outq=768 send_len=44
12-17 19:33:11.033  5215  5215 D wpa_supplicant: CTRL_IFACE monitor sent successfully to /data/misc/wifi/sockets/wpa_ctrl_1795-194\x00
12-17 19:33:11.033  5215  5215 D wpa_supplicant: wlan0: BSS: Remove id 443 BSSID 80:38:bc:0a:f0:61 SSID 'Huawei-Employee' due to no match in scan
12-17 19:33:11.034  5215  5215 D wpa_supplicant: CTRL-DEBUG: ctrl_sock-sendmsg: sock=16 sndbuf=229376 outq=1536 send_len=44
12-17 19:33:11.034  5215  5215 D wpa_supplicant: CTRL_IFACE monitor sent successfully to /data/misc/wifi/sockets/wpa_ctrl_1795-194\x00
12-17 19:33:11.034  5215  5215 D wpa_supplicant: wlan0: BSS: Remove id 447 BSSID 80:38:bc:0a:f1:e1 SSID 'Huawei-Employee' due to no match in scan
12-17 19:33:11.034  5215  5215 D wpa_supplicant: CTRL-DEBUG: ctrl_sock-sendmsg: sock=16 sndbuf=229376 outq=2304 send_len=44
12-17 19:33:11.034  5215  5215 D wpa_supplicant: CTRL_IFACE monitor sent successfully to /data/misc/wifi/sockets/wpa_ctrl_1795-194\x00
12-17 19:33:11.034  5215  5215 D wpa_supplicant: wlan0: BSS: Remove id 466 BSSID 80:38:bc:0b:04:41 SSID 'Huawei-Employee' due to no match in scan
12-17 19:33:11.034  5215  5215 D wpa_supplicant: CTRL-DEBUG: ctrl_sock-sendmsg: sock=16 sndbuf=229376 outq=3072 send_len=44
12-17 19:33:11.034  5215  5215 D wpa_supplicant: CTRL_IFACE monitor sent successfully to /data/misc/wifi/sockets/wpa_ctrl_1795-194\x00
12-17 19:33:11.034  5215  5215 D wpa_supplicant: wlan0: BSS: Remove id 460 BSSID ac:85:3d:be:20:21 SSID 'Huawei-Employee' due to no match in scan
12-17 19:33:11.034  5215  5215 D wpa_supplicant: CTRL-DEBUG: ctrl_sock-sendmsg: sock=16 sndbuf=229376 outq=3840 send_len=44
12-17 19:33:11.034  5215  5215 D wpa_supplicant: CTRL_IFACE monitor sent successfully to /data/misc/wifi/sockets/wpa_ctrl_1795-194\x00
12-17 19:33:11.034  5215  5215 D wpa_supplicant: wlan0: BSS: Remove id 471 BSSID 80:38:bc:0b:22:20 SSID 'wlanaccessv2.0' due to no match in scan
12-17 19:33:11.034  5215  5215 D wpa_supplicant: CTRL-DEBUG: ctrl_sock-sendmsg: sock=16 sndbuf=229376 outq=4608 send_len=44
12-17 19:33:11.034  5215  5215 D wpa_supplicant: CTRL_IFACE monitor sent successfully to /data/misc/wifi/sockets/wpa_ctrl_1795-194\x00
12-17 19:33:11.034  5215  5215 D wpa_supplicant: wlan0: BSS: Remove id 448 BSSID 80:38:bc:0b:25:e1 SSID 'Huawei-Employee' due to no match in scan
12-17 19:33:11.034  5215  5215 D wpa_supplicant: CTRL-DEBUG: ctrl_sock-sendmsg: sock=16 sndbuf=229376 outq=5376 send_len=44
12-17 19:33:11.034  5215  5215 D wpa_supplicant: CTRL_IFACE monitor sent successfully to /data/misc/wifi/sockets/wpa_ctrl_1795-194\x00
12-17 19:33:11.034  5215  5215 D wpa_supplicant: wlan0: BSS: Remove id 472 BSSID 80:38:bc:0b:36:80 SSID 'wlanaccessv2.0' due to no match in scan
12-17 19:33:11.034  5215  5215 D wpa_supplicant: CTRL-DEBUG: ctrl_sock-sendmsg: sock=16 sndbuf=229376 outq=6144 send_len=44
12-17 19:33:11.034  5215  5215 D wpa_supplicant: CTRL_IFACE monitor sent successfully to /data/misc/wifi/sockets/wpa_ctrl_1795-194\x00
12-17 19:33:11.034  5215  5215 D wpa_supplicant: wlan0: BSS: Remove id 464 BSSID 80:38:bc:0a:f0:21 SSID 'Huawei-Employee' due to no match in scan
12-17 19:33:11.034  5215  5215 D wpa_supplicant: CTRL-DEBUG: ctrl_sock-sendmsg: sock=16 sndbuf=229376 outq=6912 send_len=44
12-17 19:33:11.034  1795  5219 D WifiMonitor: Dispatching event to interface: wlan0
12-17 19:33:11.034  5215  5215 D wpa_supplicant: CTRL_IFACE monitor sent successfully to /data/misc/wifi/sockets/wpa_ctrl_1795-194\x00
12-17 19:33:11.034  5215  5215 D wpa_supplicant: wlan0: BSS: Remove id 473 BSSID 80:38:bc:0b:37:20 SSID 'wlanaccessv2.0' due to no match in scan
12-17 19:33:11.034  5215  5215 D wpa_supplicant: CTRL-DEBUG: ctrl_sock-sendmsg: sock=16 sndbuf=229376 outq=7680 send_len=44
12-17 19:33:11.034  5215  5215 D wpa_supplicant: CTRL_IFACE monitor sent successfully to /data/misc/wifi/sockets/wpa_ctrl_1795-194\x00
12-17 19:33:11.034  5215  5215 D wpa_supplicant: wlan0: BSS: Remove id 467 BSSID 80:38:bc:0a:f4:60 SSID 'wlanaccessv2.0' due to no match in scan
12-17 19:33:11.034  5215  5215 D wpa_supplicant: CTRL-DEBUG: ctrl_sock-sendmsg: sock=16 sndbuf=229376 outq=7680 send_len=44
12-17 19:33:11.034  5215  5215 D wpa_supplicant: CTRL_IFACE monitor sent successfully to /data/misc/wifi/sockets/wpa_ctrl_1795-194\x00
12-17 19:33:11.034  1795  5219 D WifiMonitor: Dispatching event to interface: wlan0
12-17 19:33:11.034  5215  5215 D wpa_supplicant: BSS: last_scan_res_used=32/64
12-17 19:33:11.034  5215  5215 D wpa_supplicant: Add randomness: count=861 entropy=464
12-17 19:33:11.034  5215  5215 D wpa_supplicant: random pool - hexdump(len=128): [REMOVED]
12-17 19:33:11.034  1795  5219 D WifiMonitor: Dispatching event to interface: wlan0
12-17 19:33:11.034  5215  5215 D wpa_supplicant: random_mix_pool - hexdump(len=16): [REMOVED]
12-17 19:33:11.034  5215  5215 D wpa_supplicant: random_mix_pool - hexdump(len=5): [REMOVED]
12-17 19:33:11.034  5215  5215 D wpa_supplicant: random pool - hexdump(len=128): [REMOVED]
12-17 19:33:11.034  1795  5219 D WifiMonitor: Dispatching event to interface: wlan0
12-17 19:33:11.034  5215  5215 D wpa_supplicant: Add randomness: count=862 entropy=465
12-17 19:33:11.034  5215  5215 D wpa_supplicant: random pool - hexdump(len=128): [REMOVED]
12-17 19:33:11.034  5215  5215 D wpa_supplicant: random_mix_pool - hexdump(len=16): [REMOVED]
12-17 19:33:11.034  5215  5215 D wpa_supplicant: random_mix_pool - hexdump(len=5): [REMOVED]
12-17 19:33:11.034  1795  5219 D WifiMonitor: Dispatching event to interface: wlan0
12-17 19:33:11.034  5215  5215 D wpa_supplicant: random pool - hexdump(len=128): [REMOVED]
12-17 19:33:11.034  5215  5215 D wpa_supplicant: Add randomness: count=863 entropy=466
12-17 19:33:11.034  5215  5215 D wpa_supplicant: random pool - hexdump(len=128): [REMOVED]
12-17 19:33:11.034  5215  5215 D wpa_supplicant: random_mix_pool - hexdump(len=16): [REMOVED]
12-17 19:33:11.034  1795  5219 D WifiMonitor: Dispatching event to interface: wlan0
12-17 19:33:11.034  5215  5215 D wpa_supplicant: random_mix_pool - hexdump(len=5): [REMOVED]
12-17 19:33:11.034  5215  5215 D wpa_supplicant: random pool - hexdump(len=128): [REMOVED]
12-17 19:33:11.034  5215  5215 D wpa_supplicant: Add randomness: count=864 entropy=467
12-17 19:33:11.034  1795  5219 D WifiMonitor: Dispatching event to interface: wlan0
12-17 19:33:11.034  5215  5215 D wpa_supplicant: random pool - hexdump(len=128): [REMOVED]
12-17 19:33:11.034  5215  5215 D wpa_supplicant: random_mix_pool - hexdump(len=16): [REMOVED]
12-17 19:33:11.034  5215  5215 D wpa_supplicant: random_mix_pool - hexdump(len=5): [REMOVED]
12-17 19:33:11.034  1795  5219 D WifiMonitor: Dispatching event to interface: wlan0
12-17 19:33:11.034  5215  5215 D wpa_supplicant: random pool - hexdump(len=128): [REMOVED]
12-17 19:33:11.034  5215  5215 D wpa_supplicant: Add randomness: count=865 entropy=468
12-17 19:33:11.034  5215  5215 D wpa_supplicant: random pool - hexdump(len=128): [REMOVED]
12-17 19:33:11.034  1795  5219 D WifiMonitor: Dispatching event to interface: wlan0
12-17 19:33:11.034  5215  5215 D wpa_supplicant: random_mix_pool - hexdump(len=16): [REMOVED]
12-17 19:33:11.034  5215  5215 D wpa_supplicant: random_mix_pool - hexdump(len=5): [REMOVED]
12-17 19:33:11.034  5215  5215 D wpa_supplicant: random pool - hexdump(len=128): [REMOVED]
12-17 19:33:11.034  5215  5215 D wpa_supplicant: Add randomness: count=866 entropy=469
12-17 19:33:11.034  1795  5219 D WifiMonitor: Dispatching event to interface: wlan0
12-17 19:33:11.034  5215  5215 D wpa_supplicant: random pool - hexdump(len=128): [REMOVED]
12-17 19:33:11.034  5215  5215 D wpa_supplicant: random_mix_pool - hexdump(len=16): [REMOVED]
12-17 19:33:11.034  5215  5215 D wpa_supplicant: random_mix_pool - hexdump(len=5): [REMOVED]
12-17 19:33:11.034  1795  5219 D WifiMonitor: Dispatching event to interface: wlan0
12-17 19:33:11.034  5215  5215 D wpa_supplicant: random pool - hexdump(len=128): [REMOVED]
12-17 19:33:11.034  5215  5215 D wpa_supplicant: Add randomness: count=867 entropy=470
12-17 19:33:11.034  5215  5215 D wpa_supplicant: random pool - hexdump(len=128): [REMOVED]
12-17 19:33:11.034  5215  5215 D wpa_supplicant: random_mix_pool - hexdump(len=16): [REMOVED]
12-17 19:33:11.034  1795  5219 D WifiMonitor: Dispatching event to interface: wlan0
12-17 19:33:11.034  5215  5215 D wpa_supplicant: random_mix_pool - hexdump(len=5): [REMOVED]
12-17 19:33:11.034  5215  5215 D wpa_supplicant: random pool - hexdump(len=128): [REMOVED]
12-17 19:33:11.035  1795  5219 D WifiMonitor: Dispatching event to interface: wlan0
