12-17 19:32:06.424  5215  5215 D wpa_supplicant: random pool - hexdump(len=128): [REMOVED]
12-17 19:32:06.424  5215  5215 D wpa_supplicant: random_mix_pool - hexdump(len=16): [REMOVED]
12-17 19:32:06.424  5215  5215 D wpa_supplicant: random_mix_pool - hexdump(len=5): [REMOVED]
12-17 19:32:06.424  5215  5215 D wpa_supplicant: random pool - hexdump(len=128): [REMOVED]
12-17 19:32:06.424  5215  5215 D wpa_supplicant: Add randomness: count=837 entropy=440
12-17 19:32:06.424  5215  5215 D wpa_supplicant: random pool - hexdump(len=128): [REMOVED]
12-17 19:32:06.424  5215  5215 D wpa_supplicant: random_mix_pool - hexdump(len=16): [REMOVED]
12-17 19:32:06.424  5215  5215 D wpa_supplicant: random_mix_pool - hexdump(len=5): [REMOVED]
12-17 19:32:06.424  5215  5215 D wpa_supplicant: random pool - hexdump(len=128): [REMOVED]
12-17 19:32:06.424  5215  5215 D wpa_supplicant: Add randomness: count=838 entropy=441
12-17 19:32:06.424  5215  5215 D wpa_supplicant: random pool - hexdump(len=128): [REMOVED]
12-17 19:32:06.424 31949 31967 I TCP     : tcp.conn{4787} TcpClientThread.connectSocket(TcpClientThread.java:349) connecting max 30000ms to uc.huawei.com:7801
12-17 19:32:06.424  5215  5215 D wpa_supplicant: random_mix_pool - hexdump(len=16): [REMOVED]
12-17 19:32:06.424  5215  5215 D wpa_supplicant: random_mix_pool - hexdump(len=5): [REMOVED]
12-17 19:32:06.424  5215  5215 D wpa_supplicant: random pool - hexdump(len=128): [REMOVED]
12-17 19:32:06.424  5215  5215 D wpa_supplicant: Add randomness: count=839 entropy=442
12-17 19:32:06.424  5215  5215 D wpa_supplicant: random pool - hexdump(len=128): [REMOVED]
12-17 19:32:06.424  5215  5215 D wpa_supplicant: random_mix_pool - hexdump(len=16): [REMOVED]
12-17 19:32:06.424  5215  5215 D wpa_supplicant: random_mix_pool - hexdump(len=5): [REMOVED]
12-17 19:32:06.424  5215  5215 D wpa_supplicant: random pool - hexdump(len=128): [REMOVED]
12-17 19:32:06.424  5215  5215 D wpa_supplicant: Add randomness: count=840 entropy=443
12-17 19:32:06.424  5215  5215 D wpa_supplicant: random pool - hexdump(len=128): [REMOVED]
12-17 19:32:06.424  5215  5215 D wpa_supplicant: random_mix_pool - hexdump(len=16): [REMOVED]
12-17 19:32:06.424  5215  5215 D wpa_supplicant: random_mix_pool - hexdump(len=5): [REMOVED]
12-17 19:32:06.424  5215  5215 D wpa_supplicant: random pool - hexdump(len=128): [REMOVED]
12-17 19:32:06.424  5215  5215 D wpa_supplicant: wlan0: Scan-only results received
12-17 19:32:06.424  5215  5215 D wpa_supplicant: CTRL-DEBUG: ctrl_sock-sendmsg: sock=16 sndbuf=229376 outq=0 send_len=24
12-17 19:32:06.424  5215  5215 D wpa_supplicant: CTRL_IFACE monitor sent successfully to /data/misc/wifi/sockets/wpa_ctrl_1795-194\x00
12-17 19:32:06.424  5215  5215 D wpa_supplicant: wlan0: Radio work 'scan'@0x7fb502f3c0 done in 0.475118 seconds
12-17 19:32:06.424  5215  5215 D wpa_supplicant: wlan0: radio_work_free('scan'@0x7fb502f3c0: num_active_works --> 0
12-17 19:32:06.424  5215  5215 D wpa_supplicant: nl80211: Event message available
12-17 19:32:06.424  5215  5215 D wpa_supplicant: nl80211: Drv Event 79 (NL80211_CMD_SET_REKEY_OFFLOAD) received for wlan0
12-17 19:32:06.424  5215  5215 D wpa_supplicant: nl80211: Rekey offload event for BSSID 80:38:bc:08:42:c1
12-17 19:32:06.424  5215  5215 D wpa_supplicant: nl80211: Rekey offload - Replay Counter - hexdump(len=8): 00 00 00 00 00 00 00 02
12-17 19:32:06.424  5215  5215 D wpa_supplicant: wlan0: Event DRIVER_GTK_REKEY (35) received
12-17 19:32:06.425  1795  5219 D WifiMonitor: Dispatching event to interface: wlan0
12-17 19:32:06.425  1795  5219 E WifiMonitor: WifiMonitor:wlan0 cnt=30999 dispatchEvent: CTRL-EVENT-SCAN-RESULTS 
12-17 19:32:06.425 31949 31967 E TCP     : tcp.recv{4790} TcpClientThread.readSocket(TcpClientThread.java:459) <<< ERROR(6) >>> length too small 6
12-17 19:32:06.425  1795  2680 I AlarmManager: remove(null) changed bounds; rebatching
12-17 19:32:06.426 31949 31967 I TCP     : tcp.recv{4790} TcpClientThread.onReceiverWork(TcpClientThread.java:314) disconnected
12-17 19:32:06.426  5215  5215 D wpa_supplicant: wlan0: Control interface command 'BSS RANGE=0- MASK=0x3029d87'
12-17 19:32:06.426  5215  5215 E wpa_supplicant: bssid=80:38:bc:0b:2b:e1;freq=2432;level=-55;flags=11;ssid=Huawei-Employee;
12-17 19:32:06.427  5215  5215 E wpa_supplicant: bssid=00:26:f2:1b:9d:b2;freq=2437;level=-65;flags=11;ssid=NTPC02;
12-17 19:32:06.427  5215  5215 E wpa_supplicant: bssid=80:38:bc:08:42:c1;freq=2452;level=-48;flags=43;ssid=Huawei-Employee;
12-17 19:32:06.427  5215  5215 E wpa_supplicant: bssid=80:38:bc:0b:29:61;freq=2412;level=-77;flags=11;ssid=Huawei-Employee;
12-17 19:32:06.427  5215  5215 E wpa_supplicant: bssid=80:38:bc:0a:fa:e0;freq=2412;level=-84;flags=11;ssid=wlanaccessv2.0;
12-17 19:32:06.427  5215  5215 E wpa_supplicant: bssid=80:38:bc:08:42:e0;freq=2472;level=-54;flags=11;ssid=wlanaccessv2.0;
12-17 19:32:06.427  5215  5215 E wpa_supplicant: bssid=80:38:bc:0a:f0:61;freq=2432;level=-83;flags=11;ssid=Huawei-Employee;
12-17 19:32:06.427  5215  5215 E wpa_supplicant: bssid=80:38:bc:0b:14:41;freq=2472;level=-75;flags=11;ssid=Huawei-Employee;
12-17 19:32:06.428  5215  5215 D wpa_supplicant: CTRL-DEBUG: global_ctrl_sock-sendto: sock=16 sndbuf=229376 outq=0 send_len=4022
12-17 19:32:06.429  5215  5215 D wpa_supplicant: wlan0: Control interface command 'BSS RANGE=0- MASK=0x3029d87'
12-17 19:32:06.429  5215  5215 E wpa_supplicant: bssid=80:38:bc:0b:2b:e1;freq=2432;level=-55;flags=11;ssid=Huawei-Employee;
12-17 19:32:06.429  5215  5215 E wpa_supplicant: bssid=00:26:f2:1b:9d:b2;freq=2437;level=-65;flags=11;ssid=NTPC02;
12-17 19:32:06.429  5215  5215 E wpa_supplicant: bssid=80:38:bc:08:42:c1;freq=2452;level=-48;flags=43;ssid=Huawei-Employee;
12-17 19:32:06.429  3608  3608 I InCall  : ProximitySensor - ProximitySensor{keybrd=0, dpad=0, offhook=1, hor=0, ui=1, aud=EARPIECE}
12-17 19:32:06.429  3608  3608 D InCall  : ProximitySensor - Turning on proximity sensor
12-17 19:32:06.429  3608  3608 I InCall  : ProximitySensor - Proximity wake lock already acquired
12-17 19:32:06.430  5215  5215 E wpa_supplicant: bssid=80:38:bc:0b:29:61;freq=2412;level=-77;flags=11;ssid=Huawei-Employee;
12-17 19:32:06.430  5215  5215 E wpa_supplicant: bssid=80:38:bc:0a:fa:e0;freq=2412;level=-84;flags=11;ssid=wlanaccessv2.0;
12-17 19:32:06.430  5215  5215 E wpa_supplicant: bssid=80:38:bc:08:42:e0;freq=2472;level=-54;flags=11;ssid=wlanaccessv2.0;
12-17 19:32:06.430  5215  5215 E wpa_supplicant: bssid=80:38:bc:0a:f0:61;freq=2432;level=-83;flags=11;ssid=Huawei-Employee;
12-17 19:32:06.430  5215  5215 E wpa_supplicant: bssid=80:38:bc:0b:14:41;freq=2472;level=-75;flags=11;ssid=Huawei-Employee;
12-17 19:32:06.430  5215  5215 D wpa_supplicant: CTRL-DEBUG: global_ctrl_sock-sendto: sock=16 sndbuf=229376 outq=0 send_len=4022
12-17 19:32:06.430  1795  1795 D PowerManagerService: Releasing suspend blocker "PowerManagerService.Broadcasts".
12-17 19:32:06.431  5215  5215 D wpa_supplicant: wlan0: Control interface command 'BSS RANGE=445- MASK=0x3029d87'
12-17 19:32:06.431  5215  5215 E wpa_supplicant: bssid=80:38:bc:0a:ef:c1;freq=2412;level=-85;flags=11;ssid=Huawei-Employee;
12-17 19:32:06.431  5215  5215 E wpa_supplicant: bssid=80:38:bc:0b:29:e1;freq=2452;level=-73;flags=11;ssid=Huawei-Employee;
12-17 19:32:06.431  5215  5215 E wpa_supplicant: bssid=80:38:bc:0a:f1:e1;freq=2472;level=-87;flags=11;ssid=Huawei-Employee;
12-17 19:32:06.431  5215  5215 E wpa_supplicant: bssid=80:38:bc:0b:25:e1;freq=2412;level=-90;flags=11;ssid=Huawei-Employee;
12-17 19:32:06.432  5215  5215 E wpa_supplicant: bssid=ac:85:3d:be:20:21;freq=2412;level=-89;flags=11;ssid=Huawei-Employee;
12-17 19:32:06.432  5215  5215 E wpa_supplicant: bssid=80:38:bc:0a:f2:01;freq=2452;level=-65;flags=11;ssid=Huawei-Employee;
12-17 19:32:06.432  5215  5215 E wpa_supplicant: bssid=80:38:bc:0a:f4:c0;freq=2412;level=-93;flags=11;ssid=wlanaccessv2.0;
12-17 19:32:06.432  5215  5215 D wpa_supplicant: CTRL-DEBUG: global_ctrl_sock-sendto: sock=16 sndbuf=229376 outq=0 send_len=3679
12-17 19:32:06.433  5215  5215 D wpa_supplicant: wlan0: Control interface command 'BSS RANGE=445- MASK=0x3029d87'
12-17 19:32:06.433  5215  5215 E wpa_supplicant: bssid=80:38:bc:0a:ef:c1;freq=2412;level=-85;flags=11;ssid=Huawei-Employee;
12-17 19:32:06.433  5215  5215 E wpa_supplicant: bssid=80:38:bc:0b:29:e1;freq=2452;level=-73;flags=11;ssid=Huawei-Employee;
12-17 19:32:06.433  5215  5215 E wpa_supplicant: bssid=80:38:bc:0a:f1:e1;freq=2472;level=-87;flags=11;ssid=Huawei-Employee;
12-17 19:32:06.433  5215  5215 E wpa_supplicant: bssid=80:38:bc:0b:25:e1;freq=2412;level=-90;flags=11;ssid=Huawei-Employee;
12-17 19:32:06.434  5215  5215 E wpa_supplicant: bssid=ac:85:3d:be:20:21;freq=2412;level=-89;flags=11;ssid=Huawei-Employee;
12-17 19:32:06.434  5215  5215 E wpa_supplicant: bssid=80:38:bc:0a:f2:01;freq=2452;level=-65;flags=11;ssid=Huawei-Employee;
12-17 19:32:06.434  5215  5215 E wpa_supplicant: bssid=80:38:bc:0a:f4:c0;freq=2412;level=-93;flags=11;ssid=wlanaccessv2.0;
12-17 19:32:06.434  5215  5215 D wpa_supplicant: CTRL-DEBUG: global_ctrl_sock-sendto: sock=16 sndbuf=229376 outq=0 send_len=3679
12-17 19:32:06.435  5215  5215 D wpa_supplicant: wlan0: Control interface command 'BSS RANGE=464- MASK=0x3029d87'
12-17 19:32:06.436  5215  5215 E wpa_supplicant: bssid=80:38:bc:0a:f0:21;freq=2472;level=-91;flags=11;ssid=Huawei-Employee;
12-17 19:32:06.436  5215  5215 E wpa_supplicant: bssid=80:38:bc:0a:f9:61;freq=2472;level=-94;flags=11;ssid=Huawei-Employee;
12-17 19:32:06.436  5215  5215 E wpa_supplicant: bssid=80:38:bc:0b:04:41;freq=2472;level=-88;flags=11;ssid=Huawei-Employee;
12-17 19:32:06.436  5215  5215 E wpa_supplicant: bssid=80:38:bc:0a:f4:60;freq=2472;level=-95;flags=11;ssid=wlanaccessv2.0;
12-17 19:32:06.436  5215  5215 E wpa_supplicant: bssid=80:38:bc:0b:19:61;freq=2432;level=-73;flags=11;ssid=Huawei-Employee;
12-17 19:32:06.436  5215  5215 E wpa_supplicant: bssid=80:38:bc:0b:36:e1;freq=2452;level=-88;flags=11;ssid=Huawei-Employee;
12-17 19:32:06.436  5215  5215 E wpa_supplicant: bssid=80:38:bc:0b:1d:81;freq=2472;level=-88;flags=11;ssid=Huawei-Employee;
12-17 19:32:06.437  5215  5215 D wpa_supplicant: CTRL-DEBUG: global_ctrl_sock-sendto: sock=16 sndbuf=229376 outq=0 send_len=3679
12-17 19:32:06.437  5215  5215 D wpa_supplicant: wlan0: Control interface command 'BSS RANGE=464- MASK=0x3029d87'
12-17 19:32:06.437  1795  3253 W ActivityManager: getRunningAppProcesses: caller 10105 does not hold REAL_GET_TASKS; limiting output
12-17 19:32:06.437  5215  5215 E wpa_supplicant: bssid=80:38:bc:0a:f0:21;freq=2472;level=-91;flags=11;ssid=Huawei-Employee;
12-17 19:32:06.437  5215  5215 E wpa_supplicant: bssid=80:38:bc:0a:f9:61;freq=2472;level=-94;flags=11;ssid=Huawei-Employee;
12-17 19:32:06.438  5215  5215 E wpa_supplicant: bssid=80:38:bc:0b:04:41;freq=2472;level=-88;flags=11;ssid=Huawei-Employee;
12-17 19:32:06.438  5215  5215 E wpa_supplicant: bssid=80:38:bc:0a:f4:60;freq=2472;level=-95;flags=11;ssid=wlanaccessv2.0;
12-17 19:32:06.438  5215  5215 E wpa_supplicant: bssid=80:38:bc:0b:19:61;freq=2432;level=-73;flags=11;ssid=Huawei-Employee;
12-17 19:32:06.438  5215  5215 E wpa_supplicant: bssid=80:38:bc:0b:36:e1;freq=2452;level=-88;flags=11;ssid=Huawei-Employee;
12-17 19:32:06.438  5215  5215 E wpa_supplicant: bssid=80:38:bc:0b:1d:81;freq=2472;level=-88;flags=11;ssid=Huawei-Employee;
