12-17 19:34:57.092  1046  1125 D msm8916_platform: platform_can_split_snd_device: snd_device(1) num devices(0) new_snd_devices(0)
12-17 19:34:57.097  1046  1125 D aud_dev_arbi: releaseOneDevice: not sending command, device argument (1) does not match any registered device
12-17 19:34:57.097  1046  1125 D aud_dev_arbi: releaseOneDevice: device 1 owner is 0
12-17 19:34:57.097  1046  1125 I soundtrigger: audio_extn_sound_trigger_update_device_status: device 0x1 of type 0 for Event 0, with Raise=0
12-17 19:34:57.097  1046  1125 V audio_hw_primary: stop_output_stream: exit: status(0)
12-17 19:34:57.097  1046  1125 D audio_hw_primary: out_standby: exit
12-17 19:34:57.098  1795  2396 D PowerManagerService: release:lock=114996894, flg=0x0, tag="AudioMix", name=audioserver", ws=null, uid=1041, pid=0
12-17 19:34:57.099  1795  2396 D PowerManagerService: ready=true,policy=3,wakefulness=1,wksummary=0x0,uasummary=0x1,bootcompleted=true,boostinprogress=false,waitmodeenable=false,mode=true,manual=33,auto=-1,adj=0.0userId=0
12-17 19:34:57.099  1795  2396 D PowerManagerService: Releasing suspend blocker "PowerManagerService.WakeLocks".
12-17 19:34:57.201  1795 16501 W ActivityManager: getRunningAppProcesses: caller 10102 does not hold REAL_GET_TASKS; limiting output
12-17 19:34:57.244  3608  3608 D InCall  : CallList - EVENT_DISCONNECTED_TIMEOUT [Call_10, DISCONNECTED, [Capabilities: CAPABILITY_HOLD CAPABILITY_SUPPORT_HOLD CAPABILITY_MUTE CAPABILITY_CANNOT_DOWNGRADE_VIDEO_TO_AUDIO], children:[], parent:null, conferenceable:[], videoState:Audio Only, mSessionModificationState:0, VideoSettings:(CameraDir:-1)]
12-17 19:34:57.244  3608  3608 D ExceptionRadar: traceUIHide
12-17 19:34:57.244  3608  3608 D ExceptionRadar: traceCoverHideAfterDisconnect
12-17 19:34:57.244  3608  3608 D InCall  : AnswerPresenter - onCallListChange callList=com.android.incallui.CallList@86c7f97
12-17 19:34:57.244  3608  3608 D InCall  : InCallPresenter - onCallListChange callList=com.android.incallui.CallList@86c7f97
12-17 19:34:57.244  3608  3608 D InCall  : InCallPresenter - onCallListChange oldState= INCALL newState=NO_CALLS
12-17 19:34:57.245  3608  3608 D InCall  : InCallPresenter - startOrFinishUi: INCALL -> NO_CALLS
12-17 19:34:57.245  3608  3608 I InCall  : InCallPresenter - Hide in call UI: true
12-17 19:34:57.245  3608  3608 I InCall  : CallList - no active call on sub 0
12-17 19:34:57.245  3608  3608 D InCall  : InCallPresenter - Switch active sub. Last disc cause = 3
12-17 19:34:57.248  3608  3608 I InCall  : CallList - no no_disconnect call on sub 1
12-17 19:34:57.253  1795  3253 D ActivityManager: setExcludeFromRecents:pkgName=null
12-17 19:34:57.254  3608  3608 I InCall  : InCallActivity - finish().  Dialog showing: false
12-17 19:34:57.255  1795  6988 I ActivityManager: moveTaskToBack: TaskRecord{42e2826 #310 A=com.android.incallui U=0 StackId=1 sz=1}
12-17 19:34:57.255  1795  6988 I ActivityManager_activity: inValidate task: TaskRecord{35d0d96 #359 A=com.tencent.mm U=0 StackId=1 sz=0}
12-17 19:34:57.258  1795  6988 I WindowManger_keyguard: Setting mHideLockScreen to true by win Window{e6a6b5e u0 com.android.incallui/com.android.incallui.InCallActivity}
12-17 19:34:57.269  1795  6988 I ActivityManager_activity: moveTaskToBack, setTaskToReturnTo: taskToReturnTo=0numTasks=7,isOnHomeDisplay=true,isOverHomeStack=false, prevIsHome=false
12-17 19:34:57.270  1795  6988 I ActivityManager_activity: resumeTopActivityLocked: Pausing ActivityRecord{b46dc67 u0 com.android.incallui/.InCallActivity t310}
12-17 19:34:57.270  1795  6988 I ActivityManager_activity: Start pausing: ActivityRecord{b46dc67 u0 com.android.incallui/.InCallActivity t310}
12-17 19:34:57.271  1795  6988 D PowerManagerService: acquire lock=230301592, flags=0x1, tag="*launch*", name=android, ws=WorkSource{10102}, uid=1000, pid=1795
12-17 19:34:57.271  1795  6988 D PowerManagerService: ready=true,policy=3,wakefulness=1,wksummary=0x1,uasummary=0x1,bootcompleted=true,boostinprogress=false,waitmodeenable=false,mode=true,manual=33,auto=-1,adj=0.0userId=0
12-17 19:34:57.271  1795  6988 D PowerManagerService: Acquiring suspend blocker "PowerManagerService.WakeLocks".
12-17 19:34:57.273  1795  6988 I ActivityManager_activity: resumeTopActivityLocked: Skip resume: need to start pausing
12-17 19:34:57.275  3608  3608 D InCall  : InCallActivity - getPendingAppTransition 11
12-17 19:34:57.276  1795  3110 I WindowManger_keyguard: Setting mHideLockScreen to true by win Window{e6a6b5e u0 com.android.incallui/com.android.incallui.InCallActivity}
12-17 19:34:57.287  1795  3110 I WindowManger_keyguard: Setting mHideLockScreen to true by win Window{e6a6b5e u0 com.android.incallui/com.android.incallui.InCallActivity}
12-17 19:34:57.297  1795  2748 D HwAmbientLuxFilterAlgo: earliestValidTime + POWER_ON_BRIGHTENING_LIGHT_DEBOUNCE
12-17 19:34:57.297  1795  2748 D HwAmbientLuxFilterAlgo: earliestValidTime + POWER_ON_DARKENING_LIGHT_DEBOUNCE
12-17 19:34:57.303  3608  3608 D InCall  : InCallActivity - doFinish end
12-17 19:34:57.303  3608  3608 D InCall  : InCall - removeCoverItem:null
12-17 19:34:57.303  3608  3608 I InCall  : ProximitySensor - Proximity wake lock already released
12-17 19:34:57.303  3608  3608 I InCall  : InCallPresenter - attemptCleanup? false
12-17 19:34:57.303  3608  3608 I InCall  : InCallPresenter - attemptCleanup() mInCallActivity = com.android.incallui.InCallActivity@2594e38, newState = NO_CALLS
12-17 19:34:57.304  3608  3608 D InCall  : InCallPresenter - onCallListChange newState changed to NO_CALLS
12-17 19:34:57.305  3608  3608 I InCall  : InCallPresenter - Phone switching state: INCALL -> NO_CALLS
12-17 19:34:57.305  3608  3608 D InCall  : InCallPresenter - Notify com.android.incallui.VTCallButtonPresenter@890efc of state NO_CALLS
12-17 19:34:57.305  3608  3608 I InCall  : VTCallButtonPresenter - onStateChange: newstate is: NO_CALLS
12-17 19:34:57.306  3608  3608 I InCall  : VTCallButtonFragment - updateAudioButtons - speaker toggle mode
12-17 19:34:57.307  3608  3608 I InCall  : VTCallButtonPresenter - --- displayDialPad ---false
12-17 19:34:57.307  3608  3608 D InCall  : InCallPresenter - Notify com.android.incallui.ProximitySensor@18f03d8 of state NO_CALLS
12-17 19:34:57.307  3608  3608 D InCall  : ProximitySensor - unregister DisplayListener
12-17 19:34:57.307  3608  3608 D InCall  : InCallPresenter - Notify com.android.incallui.StatusBarNotifier@98372bb of state NO_CALLS
12-17 19:34:57.307  3608  3608 E InCall  : StatusBarNotifier - incalui onStateChange oldState=INCALLnewStateNO_CALLS
12-17 19:34:57.307  3608  3608 D InCall  : StatusBarNotifier - cancelInCall()...
12-17 19:34:57.307  3608  3608 D InCall  : StatusBarNotifier - updateInCallNotification: timer cleared
12-17 19:34:57.307  3608  3608 D InCall  : InCallPresenter - Notify com.android.incallui.VideoPauseController@adc8584 of state NO_CALLS
12-17 19:34:57.308  3608  3608 D InCall  : VideoPauseController: - VideoPauseController:onStateChange, OldState=INCALL NewState=NO_CALLS
12-17 19:34:57.308  3608  3608 D InCall  : VideoPauseController: - VideoPauseController:onStateChange, hasPrimaryCallChanged=false canVideoPause=false IsInBackground=false
12-17 19:34:57.308  3608  3608 D InCall  : InCallPresenter - Notify com.android.incallui.CallButtonPresenter@f67e3ef of state NO_CALLS
12-17 19:34:57.308  3608  3608 D InCall  : CallButtonPresenter - onStateChangeInCallButton InCallState:NO_CALLS callList:com.android.incallui.CallList@86c7f97
12-17 19:34:57.308  3608  3608 D InCall  : CallButtonFragment - Show call button UI: false
12-17 19:34:57.309  3608  3608 D CallUtils: userSetupComplete = true
12-17 19:34:57.309  3608  3608 D CallUtils: deviceProvisioned = true
12-17 19:34:57.309  3608  3608 D InCall  : CallButtonFragment - updateAudioButtons - speaker toggle mode
12-17 19:34:57.309  3608  3608 D InCall  : CallButtonFragment - audioButtonChecked: false
12-17 19:34:57.309  3608  3608 D InCall  : CallButtonFragment - showSpeakerphoneOnIcon: false
12-17 19:34:57.309  3608  3608 D InCall  : CallButtonFragment - updateAudioButtons - disableSupport
12-17 19:34:57.309  3608  3608 D InCall  : CallButtonFragment - hasCall--audioButtonEnabled: false
12-17 19:34:57.310  3608  3608 D InCall  : InCallPresenter - Notify com.android.incallui.CallCardPresenter@2dcf682 of state NO_CALLS
12-17 19:34:57.310  3608  3608 D InCall  : CallCardPresenter - onStateChange() NO_CALLS
12-17 19:34:57.310  3608  3608 D InCall  : CallCardPresenter - Primary call: null
12-17 19:34:57.311  3608  3608 D InCall  : CallCardPresenter - Canceling the calltime timer
12-17 19:34:57.311  3608  3608 D HwCustCallCardFragmentImpl: state = 2
12-17 19:34:57.314  3608  3608 I InCall  : CallCardPresenter - onStateChangeInCallCard InCallState:NO_CALLS
12-17 19:34:57.314  3608  3608 I InCall  : CallCardPresenter - setCallCardTypeVisible true
12-17 19:34:57.314  3608  3608 D InCall  : InCallPresenter - Notify com.android.incallui.VideoCallPresenter@8a5b08b of state NO_CALLS
12-17 19:34:57.314  3608  3608 I InCall  : VideoCallPresenter - onStateChange oldStateINCALL newState=NO_CALLS isVideoMode=false
12-17 19:34:57.314  3608  3608 D InCall  : VideoCallFragment - cleanupSurfaces
12-17 19:34:57.314  3608  3608 D InCall  : VideoCallFragment - sCleanupSurfaces
12-17 19:34:57.314  3608  3608 I InCall  : VideoCallPresenter - onStateChange primaryChanged=false
12-17 19:34:57.314  3608  3608 I InCall  : VideoCallPresenter - update mVideoCall
12-17 19:34:57.314  3608  3608 D InCall  : InCallPresenter - Notify com.android.incallui.DialpadPresenter@4437bdd of state NO_CALLS
12-17 19:34:57.314  3608  3608 D InCall  : DialpadPresenter - DialpadPresenter mCall = null
12-17 19:34:57.316  3608  3608 D InCall  : InCallActivity - showCurrentOperatorInfo
12-17 19:34:57.319  3608  3608 D InCall  : CallCardFragment - isPresentSub1:true, isPresentSub2:false, presentSubCount:1
12-17 19:34:57.319  3608  3608 I InCall  : CallList - no active call on sub 0
12-17 19:34:57.319  3608  3608 I InCall  : CallList - no active call on sub 1
12-17 19:34:57.319  3608  3608 D InCall  : CallCardFragment - activeSubCount:0 ,activeSub:0
12-17 19:34:57.320  3608  3608 I InCall  : CallList - no active call 
12-17 19:34:57.320  3608  3608 D InCall  : TelecomAdapter - setHoldClickfalse
12-17 19:34:57.321  3608  3608 I InCall  : VideoCallFragment - onPause:
12-17 19:34:57.321  3608  3608 D InCall  : InCallActivity - onPause()...
12-17 19:34:57.321  3608  3608 D InCall  : DialpadFragment - Notifying dtmf key up.
12-17 19:34:57.321  3608  3608 D InCall  : StatusBarNotifier - cancelInCall()...
12-17 19:34:57.321  3608  3608 D InCall  : StatusBarNotifier - updateInCallNotification: timer cleared
12-17 19:34:57.324  3608  3608 I InCall  : ProximitySensor - ProximitySensor{keybrd=0, dpad=0, offhook=0, hor=0, ui=0, aud=EARPIECE}
12-17 19:34:57.324  3608  3608 D InCall  : ProximitySensor - Turning off proximity sensor
12-17 19:34:57.324  3608  3608 I InCall  : ProximitySensor - Proximity wake lock already released
12-17 19:34:57.324  3608  3608 D InCall  : AnswerPresenter - onUiShowingfalse
12-17 19:34:57.324  3608  3608 D InCall  : GlowPadAnswerFragment - Show answer UI: false
