17/02/02 00:25:43 INFO python.PythonRunner: Times: total = 27, boot = -41, init = 42, finish = 26
17/02/02 00:25:43 INFO python.PythonRunner: Times: total = 59, boot = -64, init = 65, finish = 58
17/02/02 00:25:43 INFO executor.Executor: Finished task 841.0 in stage 344.0 (TID 59466). 2410 bytes result sent to driver
17/02/02 00:25:43 INFO executor.CoarseGrainedExecutorBackend: Got assigned task 59499
17/02/02 00:25:43 INFO executor.Executor: Running task 875.0 in stage 344.0 (TID 59499)
17/02/02 00:25:43 INFO storage.ShuffleBlockFetcherIterator: Getting 495 non-empty blocks out of 930 blocks
17/02/02 00:25:43 INFO storage.ShuffleBlockFetcherIterator: Started 6 remote fetches in 1 ms
17/02/02 00:25:43 INFO executor.Executor: Finished task 836.0 in stage 344.0 (TID 59464). 2410 bytes result sent to driver
17/02/02 00:25:43 INFO executor.CoarseGrainedExecutorBackend: Got assigned task 59501
17/02/02 00:25:43 INFO executor.Executor: Running task 877.0 in stage 344.0 (TID 59501)
17/02/02 00:25:43 INFO storage.ShuffleBlockFetcherIterator: Getting 495 non-empty blocks out of 930 blocks
17/02/02 00:25:43 INFO storage.ShuffleBlockFetcherIterator: Started 6 remote fetches in 4 ms
17/02/02 00:25:43 INFO python.PythonRunner: Times: total = 370, boot = -22, init = 23, finish = 369
17/02/02 00:25:43 INFO python.PythonRunner: Times: total = 29, boot = -16, init = 17, finish = 28
17/02/02 00:25:43 INFO executor.Executor: Finished task 851.0 in stage 344.0 (TID 59475). 2410 bytes result sent to driver
17/02/02 00:25:43 INFO executor.CoarseGrainedExecutorBackend: Got assigned task 59502
17/02/02 00:25:43 INFO executor.Executor: Running task 878.0 in stage 344.0 (TID 59502)
17/02/02 00:25:43 INFO storage.ShuffleBlockFetcherIterator: Getting 495 non-empty blocks out of 930 blocks
17/02/02 00:25:43 INFO storage.ShuffleBlockFetcherIterator: Started 5 remote fetches in 2 ms
17/02/02 00:25:43 INFO python.PythonRunner: Times: total = 403, boot = -32, init = 33, finish = 402
17/02/02 00:25:43 INFO python.PythonRunner: Times: total = 315, boot = -111, init = 112, finish = 314
17/02/02 00:25:43 INFO python.PythonRunner: Times: total = 34, boot = -39, init = 40, finish = 33
17/02/02 00:25:43 INFO executor.Executor: Finished task 855.0 in stage 344.0 (TID 59478). 2410 bytes result sent to driver
17/02/02 00:25:43 INFO executor.CoarseGrainedExecutorBackend: Got assigned task 59512
17/02/02 00:25:43 INFO executor.Executor: Running task 888.0 in stage 344.0 (TID 59512)
17/02/02 00:25:43 INFO storage.ShuffleBlockFetcherIterator: Getting 495 non-empty blocks out of 930 blocks
17/02/02 00:25:43 INFO storage.ShuffleBlockFetcherIterator: Started 6 remote fetches in 1 ms
17/02/02 00:25:43 INFO python.PythonRunner: Times: total = 28, boot = -45, init = 46, finish = 27
17/02/02 00:25:43 INFO executor.Executor: Finished task 861.0 in stage 344.0 (TID 59486). 2410 bytes result sent to driver
17/02/02 00:25:43 INFO executor.CoarseGrainedExecutorBackend: Got assigned task 59514
17/02/02 00:25:43 INFO executor.Executor: Running task 890.0 in stage 344.0 (TID 59514)
17/02/02 00:25:43 INFO storage.ShuffleBlockFetcherIterator: Getting 495 non-empty blocks out of 930 blocks
17/02/02 00:25:43 INFO storage.ShuffleBlockFetcherIterator: Started 6 remote fetches in 1 ms
17/02/02 00:25:43 INFO python.PythonRunner: Times: total = 288, boot = -89, init = 90, finish = 287
17/02/02 00:25:43 INFO python.PythonRunner: Times: total = 17, boot = -38, init = 38, finish = 17
17/02/02 00:25:43 INFO executor.Executor: Finished task 870.0 in stage 344.0 (TID 59492). 2410 bytes result sent to driver
17/02/02 00:25:43 INFO executor.CoarseGrainedExecutorBackend: Got assigned task 59517
17/02/02 00:25:43 INFO executor.Executor: Running task 893.0 in stage 344.0 (TID 59517)
17/02/02 00:25:43 INFO storage.ShuffleBlockFetcherIterator: Getting 495 non-empty blocks out of 930 blocks
17/02/02 00:25:43 INFO storage.ShuffleBlockFetcherIterator: Started 6 remote fetches in 2 ms
17/02/02 00:25:43 INFO python.PythonRunner: Times: total = 242, boot = -49, init = 51, finish = 240
17/02/02 00:25:43 INFO python.PythonRunner: Times: total = 57, boot = -24, init = 26, finish = 55
17/02/02 00:25:43 INFO executor.Executor: Finished task 875.0 in stage 344.0 (TID 59499). 2410 bytes result sent to driver
17/02/02 00:25:43 INFO executor.CoarseGrainedExecutorBackend: Got assigned task 59527
17/02/02 00:25:43 INFO executor.Executor: Running task 904.0 in stage 344.0 (TID 59527)
17/02/02 00:25:43 INFO storage.ShuffleBlockFetcherIterator: Getting 495 non-empty blocks out of 930 blocks
17/02/02 00:25:43 INFO storage.ShuffleBlockFetcherIterator: Started 6 remote fetches in 2 ms
17/02/02 00:25:43 INFO python.PythonRunner: Times: total = 319, boot = -19, init = 20, finish = 318
17/02/02 00:25:43 INFO python.PythonRunner: Times: total = 270, boot = -60, init = 62, finish = 268
17/02/02 00:25:43 INFO python.PythonRunner: Times: total = 22, boot = -15, init = 16, finish = 21
17/02/02 00:25:43 INFO python.PythonRunner: Times: total = 31, boot = -58, init = 59, finish = 30
17/02/02 00:25:43 INFO executor.Executor: Finished task 878.0 in stage 344.0 (TID 59502). 2410 bytes result sent to driver
17/02/02 00:25:43 INFO executor.CoarseGrainedExecutorBackend: Got assigned task 59531
17/02/02 00:25:43 INFO executor.Executor: Running task 907.0 in stage 344.0 (TID 59531)
17/02/02 00:25:43 INFO storage.ShuffleBlockFetcherIterator: Getting 495 non-empty blocks out of 930 blocks
17/02/02 00:25:43 INFO storage.ShuffleBlockFetcherIterator: Started 6 remote fetches in 1 ms
17/02/02 00:25:43 INFO executor.Executor: Finished task 877.0 in stage 344.0 (TID 59501). 2410 bytes result sent to driver
17/02/02 00:25:43 INFO executor.CoarseGrainedExecutorBackend: Got assigned task 59534
17/02/02 00:25:43 INFO executor.Executor: Running task 908.0 in stage 344.0 (TID 59534)
17/02/02 00:25:43 INFO storage.ShuffleBlockFetcherIterator: Getting 495 non-empty blocks out of 930 blocks
17/02/02 00:25:43 INFO storage.ShuffleBlockFetcherIterator: Started 6 remote fetches in 2 ms
17/02/02 00:25:43 INFO python.PythonRunner: Times: total = 273, boot = -18, init = 19, finish = 272
17/02/02 00:25:43 INFO python.PythonRunner: Times: total = 287, boot = -17, init = 18, finish = 286
17/02/02 00:25:43 INFO python.PythonRunner: Times: total = 21, boot = -67, init = 68, finish = 20
17/02/02 00:25:43 INFO python.PythonRunner: Times: total = 65, boot = -43, init = 44, finish = 64
17/02/02 00:25:43 INFO executor.Executor: Finished task 890.0 in stage 344.0 (TID 59514). 2410 bytes result sent to driver
17/02/02 00:25:43 INFO executor.CoarseGrainedExecutorBackend: Got assigned task 59542
17/02/02 00:25:43 INFO executor.Executor: Running task 918.0 in stage 344.0 (TID 59542)
17/02/02 00:25:43 INFO storage.ShuffleBlockFetcherIterator: Getting 495 non-empty blocks out of 930 blocks
17/02/02 00:25:43 INFO executor.Executor: Finished task 888.0 in stage 344.0 (TID 59512). 2410 bytes result sent to driver
17/02/02 00:25:43 INFO storage.ShuffleBlockFetcherIterator: Started 5 remote fetches in 2 ms
17/02/02 00:25:43 INFO executor.CoarseGrainedExecutorBackend: Got assigned task 59543
17/02/02 00:25:43 INFO executor.Executor: Running task 919.0 in stage 344.0 (TID 59543)
17/02/02 00:25:43 INFO storage.ShuffleBlockFetcherIterator: Getting 495 non-empty blocks out of 930 blocks
17/02/02 00:25:43 INFO storage.ShuffleBlockFetcherIterator: Started 6 remote fetches in 1 ms
17/02/02 00:25:43 INFO python.PythonRunner: Times: total = 298, boot = -55, init = 55, finish = 298
17/02/02 00:25:43 INFO python.PythonRunner: Times: total = 59, boot = -25, init = 26, finish = 58
17/02/02 00:25:43 INFO executor.Executor: Finished task 893.0 in stage 344.0 (TID 59517). 2410 bytes result sent to driver
17/02/02 00:25:43 INFO python.PythonRunner: Times: total = 283, boot = -94, init = 95, finish = 282
17/02/02 00:25:43 INFO python.PythonRunner: Times: total = 24, boot = -88, init = 89, finish = 23
17/02/02 00:25:43 INFO executor.Executor: Finished task 904.0 in stage 344.0 (TID 59527). 2410 bytes result sent to driver
17/02/02 00:25:43 INFO python.PythonRunner: Times: total = 323, boot = -8, init = 9, finish = 322
17/02/02 00:25:43 INFO python.PythonRunner: Times: total = 306, boot = -27, init = 29, finish = 304
17/02/02 00:25:43 INFO python.PythonRunner: Times: total = 32, boot = -126, init = 127, finish = 31
17/02/02 00:25:43 INFO executor.Executor: Finished task 907.0 in stage 344.0 (TID 59531). 2410 bytes result sent to driver
17/02/02 00:25:43 INFO python.PythonRunner: Times: total = 243, boot = -47, init = 48, finish = 242
17/02/02 00:25:43 INFO python.PythonRunner: Times: total = 70, boot = -95, init = 96, finish = 69
17/02/02 00:25:43 INFO executor.Executor: Finished task 908.0 in stage 344.0 (TID 59534). 2410 bytes result sent to driver
17/02/02 00:25:43 INFO python.PythonRunner: Times: total = 282, boot = -19, init = 20, finish = 281
17/02/02 00:25:43 INFO python.PythonRunner: Times: total = 67, boot = -98, init = 100, finish = 65
17/02/02 00:25:43 INFO python.PythonRunner: Times: total = 28, boot = -132, init = 133, finish = 27
17/02/02 00:25:43 INFO executor.Executor: Finished task 919.0 in stage 344.0 (TID 59543). 2410 bytes result sent to driver
17/02/02 00:25:43 INFO executor.Executor: Finished task 918.0 in stage 344.0 (TID 59542). 2410 bytes result sent to driver
17/02/02 00:25:44 INFO executor.CoarseGrainedExecutorBackend: Got assigned task 59554
17/02/02 00:25:44 INFO executor.CoarseGrainedExecutorBackend: Got assigned task 59558
17/02/02 00:25:44 INFO executor.Executor: Running task 0.0 in stage 345.0 (TID 59554)
17/02/02 00:25:44 INFO executor.Executor: Running task 4.0 in stage 345.0 (TID 59558)
17/02/02 00:25:44 INFO executor.CoarseGrainedExecutorBackend: Got assigned task 59562
17/02/02 00:25:44 INFO executor.Executor: Running task 6.0 in stage 345.0 (TID 59562)
17/02/02 00:25:44 INFO executor.CoarseGrainedExecutorBackend: Got assigned task 59566
