17/02/02 00:13:07 INFO python.PythonRunner: Times: total = 287, boot = -44, init = 45, finish = 286
17/02/02 00:13:08 INFO python.PythonRunner: Times: total = 94, boot = -48, init = 49, finish = 93
17/02/02 00:13:08 INFO python.PythonRunner: Times: total = 357, boot = -24, init = 25, finish = 356
17/02/02 00:13:08 INFO executor.Executor: Finished task 192.0 in stage 313.0 (TID 53116). 1928 bytes result sent to driver
17/02/02 00:13:08 INFO executor.CoarseGrainedExecutorBackend: Got assigned task 53136
17/02/02 00:13:08 INFO executor.Executor: Running task 206.0 in stage 313.0 (TID 53136)
17/02/02 00:13:08 INFO storage.ShuffleBlockFetcherIterator: Getting 247 non-empty blocks out of 450 blocks
17/02/02 00:13:08 INFO storage.ShuffleBlockFetcherIterator: Started 5 remote fetches in 1 ms
17/02/02 00:13:08 INFO python.PythonRunner: Times: total = 48, boot = -35, init = 37, finish = 46
17/02/02 00:13:08 INFO executor.Executor: Finished task 193.0 in stage 313.0 (TID 53117). 1928 bytes result sent to driver
17/02/02 00:13:08 INFO python.PythonRunner: Times: total = 90, boot = -104, init = 105, finish = 89
17/02/02 00:13:08 INFO executor.CoarseGrainedExecutorBackend: Got assigned task 53138
17/02/02 00:13:08 INFO executor.Executor: Running task 211.0 in stage 313.0 (TID 53138)
17/02/02 00:13:08 INFO storage.ShuffleBlockFetcherIterator: Getting 247 non-empty blocks out of 450 blocks
17/02/02 00:13:08 INFO storage.ShuffleBlockFetcherIterator: Started 5 remote fetches in 1 ms
17/02/02 00:13:08 INFO executor.Executor: Finished task 196.0 in stage 313.0 (TID 53120). 1928 bytes result sent to driver
17/02/02 00:13:08 INFO executor.CoarseGrainedExecutorBackend: Got assigned task 53139
17/02/02 00:13:08 INFO executor.Executor: Running task 214.0 in stage 313.0 (TID 53139)
17/02/02 00:13:08 INFO storage.ShuffleBlockFetcherIterator: Getting 247 non-empty blocks out of 450 blocks
17/02/02 00:13:08 INFO storage.ShuffleBlockFetcherIterator: Started 6 remote fetches in 0 ms
17/02/02 00:13:08 INFO python.PythonRunner: Times: total = 370, boot = -19, init = 20, finish = 369
17/02/02 00:13:08 INFO python.PythonRunner: Times: total = 309, boot = -57, init = 58, finish = 308
17/02/02 00:13:08 INFO python.PythonRunner: Times: total = 330, boot = -48, init = 49, finish = 329
17/02/02 00:13:08 INFO python.PythonRunner: Times: total = 56, boot = 4, init = 3, finish = 49
17/02/02 00:13:08 INFO python.PythonRunner: Times: total = 100, boot = -98, init = 99, finish = 99
17/02/02 00:13:08 INFO executor.Executor: Finished task 199.0 in stage 313.0 (TID 53127). 1928 bytes result sent to driver
17/02/02 00:13:08 INFO executor.CoarseGrainedExecutorBackend: Got assigned task 53145
17/02/02 00:13:08 INFO executor.Executor: Running task 221.0 in stage 313.0 (TID 53145)
17/02/02 00:13:08 INFO storage.ShuffleBlockFetcherIterator: Getting 247 non-empty blocks out of 450 blocks
17/02/02 00:13:08 INFO storage.ShuffleBlockFetcherIterator: Started 5 remote fetches in 1 ms
17/02/02 00:13:08 INFO python.PythonRunner: Times: total = 108, boot = -67, init = 68, finish = 107
17/02/02 00:13:08 INFO executor.Executor: Finished task 198.0 in stage 313.0 (TID 53125). 1928 bytes result sent to driver
17/02/02 00:13:08 INFO executor.CoarseGrainedExecutorBackend: Got assigned task 53147
17/02/02 00:13:08 INFO executor.Executor: Running task 223.0 in stage 313.0 (TID 53147)
17/02/02 00:13:08 INFO storage.ShuffleBlockFetcherIterator: Getting 247 non-empty blocks out of 450 blocks
17/02/02 00:13:08 INFO storage.ShuffleBlockFetcherIterator: Started 5 remote fetches in 1 ms
17/02/02 00:13:08 INFO executor.Executor: Finished task 201.0 in stage 313.0 (TID 53129). 1928 bytes result sent to driver
17/02/02 00:13:08 INFO executor.CoarseGrainedExecutorBackend: Got assigned task 53148
17/02/02 00:13:08 INFO executor.Executor: Running task 224.0 in stage 313.0 (TID 53148)
17/02/02 00:13:08 INFO storage.ShuffleBlockFetcherIterator: Getting 247 non-empty blocks out of 450 blocks
17/02/02 00:13:08 INFO storage.ShuffleBlockFetcherIterator: Started 4 remote fetches in 1 ms
17/02/02 00:13:08 INFO python.PythonRunner: Times: total = 274, boot = -41, init = 42, finish = 273
17/02/02 00:13:08 INFO python.PythonRunner: Times: total = 328, boot = -6, init = 7, finish = 327
17/02/02 00:13:08 INFO python.PythonRunner: Times: total = 45, boot = -41, init = 42, finish = 44
17/02/02 00:13:08 INFO python.PythonRunner: Times: total = 292, boot = -46, init = 46, finish = 292
17/02/02 00:13:08 INFO executor.Executor: Finished task 206.0 in stage 313.0 (TID 53136). 1928 bytes result sent to driver
17/02/02 00:13:08 INFO executor.CoarseGrainedExecutorBackend: Got assigned task 53154
17/02/02 00:13:08 INFO executor.Executor: Running task 229.0 in stage 313.0 (TID 53154)
17/02/02 00:13:08 INFO storage.ShuffleBlockFetcherIterator: Getting 247 non-empty blocks out of 450 blocks
17/02/02 00:13:08 INFO storage.ShuffleBlockFetcherIterator: Started 5 remote fetches in 1 ms
17/02/02 00:13:08 INFO python.PythonRunner: Times: total = 104, boot = -51, init = 52, finish = 103
17/02/02 00:13:08 INFO executor.Executor: Finished task 211.0 in stage 313.0 (TID 53138). 1928 bytes result sent to driver
17/02/02 00:13:08 INFO python.PythonRunner: Times: total = 86, boot = -56, init = 57, finish = 85
17/02/02 00:13:08 INFO executor.CoarseGrainedExecutorBackend: Got assigned task 53158
17/02/02 00:13:08 INFO executor.Executor: Running task 231.0 in stage 313.0 (TID 53158)
17/02/02 00:13:08 INFO storage.ShuffleBlockFetcherIterator: Getting 247 non-empty blocks out of 450 blocks
17/02/02 00:13:08 INFO storage.ShuffleBlockFetcherIterator: Started 6 remote fetches in 1 ms
17/02/02 00:13:08 INFO executor.Executor: Finished task 214.0 in stage 313.0 (TID 53139). 1928 bytes result sent to driver
17/02/02 00:13:08 INFO executor.CoarseGrainedExecutorBackend: Got assigned task 53160
17/02/02 00:13:08 INFO executor.Executor: Running task 232.0 in stage 313.0 (TID 53160)
17/02/02 00:13:08 INFO storage.ShuffleBlockFetcherIterator: Getting 247 non-empty blocks out of 450 blocks
17/02/02 00:13:08 INFO storage.ShuffleBlockFetcherIterator: Started 5 remote fetches in 1 ms
17/02/02 00:13:08 INFO python.PythonRunner: Times: total = 298, boot = -57, init = 59, finish = 296
17/02/02 00:13:08 INFO python.PythonRunner: Times: total = 86, boot = -145, init = 146, finish = 85
17/02/02 00:13:08 INFO python.PythonRunner: Times: total = 351, boot = -73, init = 74, finish = 350
17/02/02 00:13:08 INFO python.PythonRunner: Times: total = 327, boot = -95, init = 96, finish = 326
17/02/02 00:13:08 INFO executor.Executor: Finished task 221.0 in stage 313.0 (TID 53145). 1928 bytes result sent to driver
17/02/02 00:13:08 INFO executor.CoarseGrainedExecutorBackend: Got assigned task 53165
17/02/02 00:13:08 INFO executor.Executor: Running task 237.0 in stage 313.0 (TID 53165)
17/02/02 00:13:08 INFO storage.ShuffleBlockFetcherIterator: Getting 247 non-empty blocks out of 450 blocks
17/02/02 00:13:08 INFO storage.ShuffleBlockFetcherIterator: Started 5 remote fetches in 1 ms
17/02/02 00:13:08 INFO python.PythonRunner: Times: total = 73, boot = -149, init = 150, finish = 72
17/02/02 00:13:08 INFO python.PythonRunner: Times: total = 97, boot = -148, init = 150, finish = 95
17/02/02 00:13:08 INFO executor.Executor: Finished task 224.0 in stage 313.0 (TID 53148). 1928 bytes result sent to driver
17/02/02 00:13:08 INFO executor.CoarseGrainedExecutorBackend: Got assigned task 53168
17/02/02 00:13:08 INFO executor.Executor: Running task 244.0 in stage 313.0 (TID 53168)
17/02/02 00:13:08 INFO executor.Executor: Finished task 223.0 in stage 313.0 (TID 53147). 1928 bytes result sent to driver
17/02/02 00:13:08 INFO storage.ShuffleBlockFetcherIterator: Getting 247 non-empty blocks out of 450 blocks
17/02/02 00:13:08 INFO storage.ShuffleBlockFetcherIterator: Started 5 remote fetches in 1 ms
17/02/02 00:13:08 INFO executor.CoarseGrainedExecutorBackend: Got assigned task 53169
17/02/02 00:13:08 INFO executor.Executor: Running task 245.0 in stage 313.0 (TID 53169)
17/02/02 00:13:08 INFO storage.ShuffleBlockFetcherIterator: Getting 247 non-empty blocks out of 450 blocks
17/02/02 00:13:08 INFO storage.ShuffleBlockFetcherIterator: Started 5 remote fetches in 1 ms
17/02/02 00:13:08 INFO python.PythonRunner: Times: total = 358, boot = -28, init = 29, finish = 357
17/02/02 00:13:08 INFO python.PythonRunner: Times: total = 323, boot = -74, init = 74, finish = 323
17/02/02 00:13:08 INFO python.PythonRunner: Times: total = 297, boot = -97, init = 98, finish = 296
17/02/02 00:13:08 INFO python.PythonRunner: Times: total = 107, boot = -70, init = 71, finish = 106
17/02/02 00:13:08 INFO python.PythonRunner: Times: total = 92, boot = -33, init = 34, finish = 91
17/02/02 00:13:08 INFO executor.Executor: Finished task 229.0 in stage 313.0 (TID 53154). 1928 bytes result sent to driver
17/02/02 00:13:08 INFO executor.CoarseGrainedExecutorBackend: Got assigned task 53174
17/02/02 00:13:08 INFO executor.Executor: Running task 250.0 in stage 313.0 (TID 53174)
17/02/02 00:13:08 INFO storage.ShuffleBlockFetcherIterator: Getting 247 non-empty blocks out of 450 blocks
17/02/02 00:13:08 INFO storage.ShuffleBlockFetcherIterator: Started 7 remote fetches in 1 ms
17/02/02 00:13:08 INFO python.PythonRunner: Times: total = 108, boot = -35, init = 36, finish = 107
17/02/02 00:13:08 INFO executor.Executor: Finished task 231.0 in stage 313.0 (TID 53158). 1928 bytes result sent to driver
17/02/02 00:13:08 INFO executor.CoarseGrainedExecutorBackend: Got assigned task 53175
17/02/02 00:13:08 INFO executor.Executor: Running task 251.0 in stage 313.0 (TID 53175)
17/02/02 00:13:08 INFO storage.ShuffleBlockFetcherIterator: Getting 247 non-empty blocks out of 450 blocks
17/02/02 00:13:08 INFO storage.ShuffleBlockFetcherIterator: Started 5 remote fetches in 1 ms
17/02/02 00:13:08 INFO executor.Executor: Finished task 232.0 in stage 313.0 (TID 53160). 1928 bytes result sent to driver
