17/02/02 00:27:39 INFO executor.Executor: Running task 508.0 in stage 364.0 (TID 66722)
17/02/02 00:27:39 INFO storage.ShuffleBlockFetcherIterator: Started 4 remote fetches in 0 ms
17/02/02 00:27:39 INFO storage.ShuffleBlockFetcherIterator: Getting 93 non-empty blocks out of 1920 blocks
17/02/02 00:27:39 INFO executor.CoarseGrainedExecutorBackend: Got assigned task 66723
17/02/02 00:27:39 INFO storage.ShuffleBlockFetcherIterator: Getting 93 non-empty blocks out of 1920 blocks
17/02/02 00:27:39 INFO executor.Executor: Running task 509.0 in stage 364.0 (TID 66723)
17/02/02 00:27:39 INFO storage.ShuffleBlockFetcherIterator: Started 4 remote fetches in 1 ms
17/02/02 00:27:39 INFO storage.ShuffleBlockFetcherIterator: Started 4 remote fetches in 0 ms
17/02/02 00:27:39 INFO storage.ShuffleBlockFetcherIterator: Getting 93 non-empty blocks out of 1920 blocks
17/02/02 00:27:39 INFO storage.ShuffleBlockFetcherIterator: Started 4 remote fetches in 0 ms
17/02/02 00:27:39 INFO executor.Executor: Finished task 493.0 in stage 364.0 (TID 66707). 3378 bytes result sent to driver
17/02/02 00:27:39 INFO executor.CoarseGrainedExecutorBackend: Got assigned task 66724
17/02/02 00:27:39 INFO executor.Executor: Running task 510.0 in stage 364.0 (TID 66724)
17/02/02 00:27:39 INFO storage.ShuffleBlockFetcherIterator: Getting 93 non-empty blocks out of 1920 blocks
17/02/02 00:27:39 INFO storage.ShuffleBlockFetcherIterator: Started 4 remote fetches in 1 ms
17/02/02 00:27:39 INFO python.PythonRunner: Times: total = 57, boot = -21, init = 22, finish = 56
17/02/02 00:27:39 INFO python.PythonRunner: Times: total = 54, boot = -22, init = 23, finish = 53
17/02/02 00:27:39 INFO python.PythonRunner: Times: total = 53, boot = -24, init = 26, finish = 51
17/02/02 00:27:39 INFO python.PythonRunner: Times: total = 54, boot = -17, init = 19, finish = 52
17/02/02 00:27:39 INFO executor.Executor: Finished task 497.0 in stage 364.0 (TID 66711). 3378 bytes result sent to driver
17/02/02 00:27:39 INFO python.PythonRunner: Times: total = 55, boot = -17, init = 19, finish = 53
17/02/02 00:27:39 INFO executor.CoarseGrainedExecutorBackend: Got assigned task 66749
17/02/02 00:27:39 INFO executor.Executor: Running task 535.0 in stage 364.0 (TID 66749)
17/02/02 00:27:39 INFO python.PythonRunner: Times: total = 51, boot = -16, init = 17, finish = 50
17/02/02 00:27:39 INFO storage.ShuffleBlockFetcherIterator: Getting 93 non-empty blocks out of 1920 blocks
17/02/02 00:27:39 INFO storage.ShuffleBlockFetcherIterator: Started 4 remote fetches in 1 ms
17/02/02 00:27:39 INFO executor.Executor: Finished task 508.0 in stage 364.0 (TID 66722). 3378 bytes result sent to driver
17/02/02 00:27:39 INFO executor.Executor: Finished task 506.0 in stage 364.0 (TID 66720). 3378 bytes result sent to driver
17/02/02 00:27:39 INFO executor.CoarseGrainedExecutorBackend: Got assigned task 66754
17/02/02 00:27:39 INFO executor.Executor: Running task 540.0 in stage 364.0 (TID 66754)
17/02/02 00:27:39 INFO executor.Executor: Finished task 509.0 in stage 364.0 (TID 66723). 3378 bytes result sent to driver
17/02/02 00:27:39 INFO storage.ShuffleBlockFetcherIterator: Getting 93 non-empty blocks out of 1920 blocks
17/02/02 00:27:39 INFO executor.CoarseGrainedExecutorBackend: Got assigned task 66756
17/02/02 00:27:39 INFO executor.Executor: Running task 542.0 in stage 364.0 (TID 66756)
17/02/02 00:27:39 INFO storage.ShuffleBlockFetcherIterator: Started 4 remote fetches in 1 ms
17/02/02 00:27:39 INFO executor.Executor: Finished task 505.0 in stage 364.0 (TID 66719). 3378 bytes result sent to driver
17/02/02 00:27:39 INFO executor.CoarseGrainedExecutorBackend: Got assigned task 66757
17/02/02 00:27:39 INFO executor.Executor: Running task 543.0 in stage 364.0 (TID 66757)
17/02/02 00:27:39 INFO executor.Executor: Finished task 510.0 in stage 364.0 (TID 66724). 3378 bytes result sent to driver
17/02/02 00:27:39 INFO executor.CoarseGrainedExecutorBackend: Got assigned task 66759
17/02/02 00:27:39 INFO executor.Executor: Running task 545.0 in stage 364.0 (TID 66759)
17/02/02 00:27:39 INFO storage.ShuffleBlockFetcherIterator: Getting 93 non-empty blocks out of 1920 blocks
17/02/02 00:27:39 INFO storage.ShuffleBlockFetcherIterator: Started 4 remote fetches in 1 ms
17/02/02 00:27:39 INFO storage.ShuffleBlockFetcherIterator: Getting 93 non-empty blocks out of 1920 blocks
17/02/02 00:27:39 INFO storage.ShuffleBlockFetcherIterator: Started 4 remote fetches in 0 ms
17/02/02 00:27:39 INFO executor.CoarseGrainedExecutorBackend: Got assigned task 66760
17/02/02 00:27:39 INFO executor.Executor: Running task 546.0 in stage 364.0 (TID 66760)
17/02/02 00:27:39 INFO storage.ShuffleBlockFetcherIterator: Getting 93 non-empty blocks out of 1920 blocks
17/02/02 00:27:39 INFO storage.ShuffleBlockFetcherIterator: Getting 93 non-empty blocks out of 1920 blocks
17/02/02 00:27:39 INFO storage.ShuffleBlockFetcherIterator: Started 4 remote fetches in 2 ms
17/02/02 00:27:39 INFO storage.ShuffleBlockFetcherIterator: Started 4 remote fetches in 1 ms
17/02/02 00:27:39 INFO python.PythonRunner: Times: total = 54, boot = -58, init = 59, finish = 53
17/02/02 00:27:39 INFO executor.Executor: Finished task 535.0 in stage 364.0 (TID 66749). 3378 bytes result sent to driver
17/02/02 00:27:39 INFO executor.CoarseGrainedExecutorBackend: Got assigned task 66778
17/02/02 00:27:39 INFO executor.Executor: Running task 564.0 in stage 364.0 (TID 66778)
17/02/02 00:27:39 INFO python.PythonRunner: Times: total = 55, boot = -56, init = 58, finish = 53
17/02/02 00:27:39 INFO storage.ShuffleBlockFetcherIterator: Getting 93 non-empty blocks out of 1920 blocks
17/02/02 00:27:39 INFO storage.ShuffleBlockFetcherIterator: Started 4 remote fetches in 1 ms
17/02/02 00:27:39 INFO executor.Executor: Finished task 543.0 in stage 364.0 (TID 66757). 3378 bytes result sent to driver
17/02/02 00:27:39 INFO python.PythonRunner: Times: total = 62, boot = -60, init = 62, finish = 60
17/02/02 00:27:39 INFO executor.CoarseGrainedExecutorBackend: Got assigned task 66783
17/02/02 00:27:39 INFO executor.Executor: Running task 569.0 in stage 364.0 (TID 66783)
17/02/02 00:27:39 INFO storage.ShuffleBlockFetcherIterator: Getting 93 non-empty blocks out of 1920 blocks
17/02/02 00:27:39 INFO storage.ShuffleBlockFetcherIterator: Started 4 remote fetches in 1 ms
17/02/02 00:27:39 INFO python.PythonRunner: Times: total = 70, boot = -57, init = 58, finish = 69
17/02/02 00:27:39 INFO executor.Executor: Finished task 542.0 in stage 364.0 (TID 66756). 3378 bytes result sent to driver
17/02/02 00:27:39 INFO python.PythonRunner: Times: total = 65, boot = -61, init = 62, finish = 64
17/02/02 00:27:39 INFO executor.CoarseGrainedExecutorBackend: Got assigned task 66786
17/02/02 00:27:39 INFO executor.Executor: Running task 572.0 in stage 364.0 (TID 66786)
17/02/02 00:27:39 INFO python.PythonRunner: Times: total = 67, boot = -56, init = 58, finish = 65
17/02/02 00:27:39 INFO storage.ShuffleBlockFetcherIterator: Getting 93 non-empty blocks out of 1920 blocks
17/02/02 00:27:39 INFO storage.ShuffleBlockFetcherIterator: Started 4 remote fetches in 0 ms
17/02/02 00:27:39 INFO executor.Executor: Finished task 540.0 in stage 364.0 (TID 66754). 3378 bytes result sent to driver
17/02/02 00:27:39 INFO executor.CoarseGrainedExecutorBackend: Got assigned task 66788
17/02/02 00:27:39 INFO executor.Executor: Running task 574.0 in stage 364.0 (TID 66788)
17/02/02 00:27:39 INFO executor.Executor: Finished task 545.0 in stage 364.0 (TID 66759). 3378 bytes result sent to driver
17/02/02 00:27:39 INFO executor.Executor: Finished task 546.0 in stage 364.0 (TID 66760). 3378 bytes result sent to driver
17/02/02 00:27:39 INFO storage.ShuffleBlockFetcherIterator: Getting 93 non-empty blocks out of 1920 blocks
17/02/02 00:27:39 INFO storage.ShuffleBlockFetcherIterator: Started 4 remote fetches in 0 ms
17/02/02 00:27:39 INFO executor.CoarseGrainedExecutorBackend: Got assigned task 66789
17/02/02 00:27:39 INFO executor.Executor: Running task 575.0 in stage 364.0 (TID 66789)
17/02/02 00:27:39 INFO executor.CoarseGrainedExecutorBackend: Got assigned task 66790
17/02/02 00:27:39 INFO executor.Executor: Running task 576.0 in stage 364.0 (TID 66790)
17/02/02 00:27:39 INFO storage.ShuffleBlockFetcherIterator: Getting 93 non-empty blocks out of 1920 blocks
17/02/02 00:27:39 INFO storage.ShuffleBlockFetcherIterator: Started 4 remote fetches in 0 ms
17/02/02 00:27:39 INFO storage.ShuffleBlockFetcherIterator: Getting 93 non-empty blocks out of 1920 blocks
17/02/02 00:27:39 INFO storage.ShuffleBlockFetcherIterator: Started 4 remote fetches in 1 ms
17/02/02 00:27:39 INFO python.PythonRunner: Times: total = 238, boot = -52, init = 54, finish = 236
17/02/02 00:27:39 INFO python.PythonRunner: Times: total = 231, boot = -52, init = 53, finish = 230
17/02/02 00:27:39 INFO python.PythonRunner: Times: total = 227, boot = -66, init = 68, finish = 225
17/02/02 00:27:39 INFO python.PythonRunner: Times: total = 219, boot = -75, init = 76, finish = 218
17/02/02 00:27:39 INFO executor.Executor: Finished task 572.0 in stage 364.0 (TID 66786). 3378 bytes result sent to driver
17/02/02 00:27:39 INFO python.PythonRunner: Times: total = 226, boot = -74, init = 76, finish = 224
17/02/02 00:27:39 INFO executor.CoarseGrainedExecutorBackend: Got assigned task 66805
17/02/02 00:27:39 INFO executor.Executor: Running task 591.0 in stage 364.0 (TID 66805)
17/02/02 00:27:39 INFO executor.Executor: Finished task 574.0 in stage 364.0 (TID 66788). 3378 bytes result sent to driver
17/02/02 00:27:39 INFO executor.Executor: Finished task 564.0 in stage 364.0 (TID 66778). 3378 bytes result sent to driver
17/02/02 00:27:39 INFO storage.ShuffleBlockFetcherIterator: Getting 93 non-empty blocks out of 1920 blocks
17/02/02 00:27:39 INFO python.PythonRunner: Times: total = 228, boot = -71, init = 72, finish = 227
17/02/02 00:27:39 INFO storage.ShuffleBlockFetcherIterator: Started 4 remote fetches in 0 ms
