17/02/01 23:11:27 INFO storage.ShuffleBlockFetcherIterator: Started 3 remote fetches in 5 ms
17/02/01 23:11:27 INFO executor.Executor: Finished task 335.0 in stage 237.0 (TID 40743). 3378 bytes result sent to driver
17/02/01 23:11:27 INFO executor.CoarseGrainedExecutorBackend: Got assigned task 40767
17/02/01 23:11:27 INFO executor.Executor: Running task 359.0 in stage 237.0 (TID 40767)
17/02/01 23:11:27 INFO storage.ShuffleBlockFetcherIterator: Getting 942 non-empty blocks out of 1890 blocks
17/02/01 23:11:27 INFO storage.ShuffleBlockFetcherIterator: Started 4 remote fetches in 4 ms
17/02/01 23:11:27 INFO python.PythonRunner: Times: total = 104, boot = -57, init = 59, finish = 102
17/02/01 23:11:27 INFO python.PythonRunner: Times: total = 113, boot = -4, init = 15, finish = 102
17/02/01 23:11:27 INFO python.PythonRunner: Times: total = 51, boot = -20, init = 21, finish = 50
17/02/01 23:11:27 INFO executor.Executor: Finished task 336.0 in stage 237.0 (TID 40744). 3378 bytes result sent to driver
17/02/01 23:11:27 INFO executor.CoarseGrainedExecutorBackend: Got assigned task 40773
17/02/01 23:11:27 INFO executor.Executor: Running task 365.0 in stage 237.0 (TID 40773)
17/02/01 23:11:27 INFO storage.ShuffleBlockFetcherIterator: Getting 956 non-empty blocks out of 1890 blocks
17/02/01 23:11:27 INFO storage.ShuffleBlockFetcherIterator: Started 3 remote fetches in 4 ms
17/02/01 23:11:27 INFO python.PythonRunner: Times: total = 58, boot = -42, init = 43, finish = 57
17/02/01 23:11:27 INFO python.PythonRunner: Times: total = 50, boot = -8, init = 9, finish = 49
17/02/01 23:11:27 INFO python.PythonRunner: Times: total = 111, boot = 4, init = 22, finish = 85
17/02/01 23:11:27 INFO python.PythonRunner: Times: total = 124, boot = -11, init = 50, finish = 85
17/02/01 23:11:27 INFO python.PythonRunner: Times: total = 122, boot = -30, init = 38, finish = 114
17/02/01 23:11:27 INFO executor.Executor: Finished task 347.0 in stage 237.0 (TID 40755). 3378 bytes result sent to driver
17/02/01 23:11:27 INFO executor.CoarseGrainedExecutorBackend: Got assigned task 40789
17/02/01 23:11:27 INFO executor.Executor: Running task 381.0 in stage 237.0 (TID 40789)
17/02/01 23:11:27 INFO python.PythonRunner: Times: total = 73, boot = -40, init = 41, finish = 72
17/02/01 23:11:27 INFO python.PythonRunner: Times: total = 67, boot = -45, init = 46, finish = 66
17/02/01 23:11:27 INFO executor.Executor: Finished task 343.0 in stage 237.0 (TID 40751). 3378 bytes result sent to driver
17/02/01 23:11:27 INFO python.PythonRunner: Times: total = 50, boot = -27, init = 28, finish = 49
17/02/01 23:11:27 INFO executor.CoarseGrainedExecutorBackend: Got assigned task 40791
17/02/01 23:11:27 INFO executor.Executor: Running task 383.0 in stage 237.0 (TID 40791)
17/02/01 23:11:27 INFO storage.ShuffleBlockFetcherIterator: Getting 939 non-empty blocks out of 1890 blocks
17/02/01 23:11:27 INFO storage.ShuffleBlockFetcherIterator: Started 3 remote fetches in 2 ms
17/02/01 23:11:27 INFO python.PythonRunner: Times: total = 123, boot = -18, init = 28, finish = 113
17/02/01 23:11:27 INFO executor.Executor: Finished task 354.0 in stage 237.0 (TID 40762). 3378 bytes result sent to driver
17/02/01 23:11:27 INFO storage.ShuffleBlockFetcherIterator: Getting 948 non-empty blocks out of 1890 blocks
17/02/01 23:11:27 INFO executor.CoarseGrainedExecutorBackend: Got assigned task 40794
17/02/01 23:11:27 INFO executor.Executor: Running task 386.0 in stage 237.0 (TID 40794)
17/02/01 23:11:27 INFO executor.Executor: Finished task 356.0 in stage 237.0 (TID 40764). 3378 bytes result sent to driver
17/02/01 23:11:27 INFO executor.CoarseGrainedExecutorBackend: Got assigned task 40795
17/02/01 23:11:27 INFO executor.Executor: Running task 387.0 in stage 237.0 (TID 40795)
17/02/01 23:11:27 INFO storage.ShuffleBlockFetcherIterator: Started 4 remote fetches in 6 ms
17/02/01 23:11:27 INFO storage.ShuffleBlockFetcherIterator: Getting 946 non-empty blocks out of 1890 blocks
17/02/01 23:11:27 INFO storage.ShuffleBlockFetcherIterator: Started 3 remote fetches in 2 ms
17/02/01 23:11:27 INFO storage.ShuffleBlockFetcherIterator: Getting 947 non-empty blocks out of 1890 blocks
17/02/01 23:11:27 INFO executor.Executor: Finished task 359.0 in stage 237.0 (TID 40767). 3378 bytes result sent to driver
17/02/01 23:11:27 INFO storage.ShuffleBlockFetcherIterator: Started 4 remote fetches in 4 ms
17/02/01 23:11:27 INFO executor.CoarseGrainedExecutorBackend: Got assigned task 40796
17/02/01 23:11:27 INFO executor.Executor: Running task 388.0 in stage 237.0 (TID 40796)
17/02/01 23:11:27 INFO storage.ShuffleBlockFetcherIterator: Getting 952 non-empty blocks out of 1890 blocks
17/02/01 23:11:27 INFO storage.ShuffleBlockFetcherIterator: Started 4 remote fetches in 5 ms
17/02/01 23:11:27 INFO python.PythonRunner: Times: total = 49, boot = -76, init = 77, finish = 48
17/02/01 23:11:27 INFO executor.Executor: Finished task 365.0 in stage 237.0 (TID 40773). 3378 bytes result sent to driver
17/02/01 23:11:27 INFO executor.CoarseGrainedExecutorBackend: Got assigned task 40799
17/02/01 23:11:27 INFO executor.Executor: Running task 391.0 in stage 237.0 (TID 40799)
17/02/01 23:11:27 INFO storage.ShuffleBlockFetcherIterator: Getting 960 non-empty blocks out of 1890 blocks
17/02/01 23:11:27 INFO storage.ShuffleBlockFetcherIterator: Started 4 remote fetches in 4 ms
17/02/01 23:11:27 INFO python.PythonRunner: Times: total = 141, boot = -57, init = 61, finish = 137
17/02/01 23:11:27 INFO python.PythonRunner: Times: total = 140, boot = -49, init = 94, finish = 95
17/02/01 23:11:27 INFO python.PythonRunner: Times: total = 144, boot = -37, init = 65, finish = 116
17/02/01 23:11:27 INFO python.PythonRunner: Times: total = 21, boot = -117, init = 118, finish = 20
17/02/01 23:11:27 INFO executor.Executor: Finished task 381.0 in stage 237.0 (TID 40789). 3378 bytes result sent to driver
17/02/01 23:11:27 INFO python.PythonRunner: Times: total = 29, boot = 20, init = 0, finish = 9
17/02/01 23:11:27 INFO executor.CoarseGrainedExecutorBackend: Got assigned task 40810
17/02/01 23:11:27 INFO executor.Executor: Running task 402.0 in stage 237.0 (TID 40810)
17/02/01 23:11:27 INFO python.PythonRunner: Times: total = 166, boot = 9, init = 51, finish = 106
17/02/01 23:11:27 INFO storage.ShuffleBlockFetcherIterator: Getting 948 non-empty blocks out of 1890 blocks
17/02/01 23:11:27 INFO storage.ShuffleBlockFetcherIterator: Started 4 remote fetches in 4 ms
17/02/01 23:11:27 INFO executor.Executor: Finished task 386.0 in stage 237.0 (TID 40794). 3378 bytes result sent to driver
17/02/01 23:11:27 INFO python.PythonRunner: Times: total = 11, boot = -3, init = 4, finish = 10
17/02/01 23:11:27 INFO executor.CoarseGrainedExecutorBackend: Got assigned task 40813
17/02/01 23:11:27 INFO executor.Executor: Running task 405.0 in stage 237.0 (TID 40813)
17/02/01 23:11:27 INFO storage.ShuffleBlockFetcherIterator: Getting 953 non-empty blocks out of 1890 blocks
17/02/01 23:11:27 INFO storage.ShuffleBlockFetcherIterator: Started 4 remote fetches in 3 ms
17/02/01 23:11:27 INFO executor.Executor: Finished task 387.0 in stage 237.0 (TID 40795). 3378 bytes result sent to driver
17/02/01 23:11:27 INFO executor.CoarseGrainedExecutorBackend: Got assigned task 40816
17/02/01 23:11:27 INFO executor.Executor: Running task 408.0 in stage 237.0 (TID 40816)
17/02/01 23:11:27 INFO python.PythonRunner: Times: total = 57, boot = -80, init = 81, finish = 56
17/02/01 23:11:27 INFO storage.ShuffleBlockFetcherIterator: Getting 955 non-empty blocks out of 1890 blocks
17/02/01 23:11:27 INFO storage.ShuffleBlockFetcherIterator: Started 4 remote fetches in 5 ms
17/02/01 23:11:27 INFO executor.Executor: Finished task 383.0 in stage 237.0 (TID 40791). 3378 bytes result sent to driver
17/02/01 23:11:27 INFO python.PythonRunner: Times: total = 187, boot = -2, init = 70, finish = 119
17/02/01 23:11:27 INFO executor.CoarseGrainedExecutorBackend: Got assigned task 40819
17/02/01 23:11:27 INFO executor.Executor: Running task 411.0 in stage 237.0 (TID 40819)
17/02/01 23:11:27 INFO storage.ShuffleBlockFetcherIterator: Getting 949 non-empty blocks out of 1890 blocks
17/02/01 23:11:27 INFO storage.ShuffleBlockFetcherIterator: Started 4 remote fetches in 3 ms
17/02/01 23:11:27 INFO python.PythonRunner: Times: total = 23, boot = -6, init = 8, finish = 21
17/02/01 23:11:27 INFO python.PythonRunner: Times: total = 168, boot = -44, init = 84, finish = 128
17/02/01 23:11:27 INFO executor.Executor: Finished task 388.0 in stage 237.0 (TID 40796). 3378 bytes result sent to driver
17/02/01 23:11:27 INFO executor.CoarseGrainedExecutorBackend: Got assigned task 40823
17/02/01 23:11:27 INFO executor.Executor: Running task 415.0 in stage 237.0 (TID 40823)
17/02/01 23:11:27 INFO storage.ShuffleBlockFetcherIterator: Getting 936 non-empty blocks out of 1890 blocks
17/02/01 23:11:27 INFO storage.ShuffleBlockFetcherIterator: Started 3 remote fetches in 7 ms
17/02/01 23:11:27 INFO python.PythonRunner: Times: total = 83, boot = 2, init = 2, finish = 79
17/02/01 23:11:27 INFO python.PythonRunner: Times: total = 48, boot = -5, init = 6, finish = 47
17/02/01 23:11:27 INFO executor.Executor: Finished task 391.0 in stage 237.0 (TID 40799). 3378 bytes result sent to driver
17/02/01 23:11:27 INFO executor.CoarseGrainedExecutorBackend: Got assigned task 40827
17/02/01 23:11:27 INFO executor.Executor: Running task 419.0 in stage 237.0 (TID 40827)
17/02/01 23:11:27 INFO python.PythonRunner: Times: total = 102, boot = -10, init = 20, finish = 92
17/02/01 23:11:27 INFO storage.ShuffleBlockFetcherIterator: Getting 955 non-empty blocks out of 1890 blocks
17/02/01 23:11:27 INFO storage.ShuffleBlockFetcherIterator: Started 4 remote fetches in 7 ms
17/02/01 23:11:27 INFO python.PythonRunner: Times: total = 47, boot = -4, init = 5, finish = 46
17/02/01 23:11:27 INFO executor.Executor: Finished task 402.0 in stage 237.0 (TID 40810). 3378 bytes result sent to driver
