17/02/02 00:26:05 INFO python.PythonRunner: Times: total = 38, boot = 22, init = 0, finish = 16
17/02/02 00:26:05 INFO executor.Executor: Finished task 212.0 in stage 346.0 (TID 60726). 3348 bytes result sent to driver
17/02/02 00:26:05 INFO python.PythonRunner: Times: total = 477, boot = -424, init = 425, finish = 476
17/02/02 00:26:05 INFO python.PythonRunner: Times: total = 130, boot = -14, init = 15, finish = 129
17/02/02 00:26:05 INFO executor.CoarseGrainedExecutorBackend: Got assigned task 60733
17/02/02 00:26:05 INFO executor.Executor: Running task 220.0 in stage 346.0 (TID 60733)
17/02/02 00:26:05 INFO storage.ShuffleBlockFetcherIterator: Getting 495 non-empty blocks out of 930 blocks
17/02/02 00:26:05 INFO storage.ShuffleBlockFetcherIterator: Started 6 remote fetches in 3 ms
17/02/02 00:26:05 INFO python.PythonRunner: Times: total = 307, boot = -48, init = 133, finish = 222
17/02/02 00:26:05 INFO python.PythonRunner: Times: total = 128, boot = -37, init = 38, finish = 127
17/02/02 00:26:05 INFO executor.Executor: Finished task 216.0 in stage 346.0 (TID 60730). 3348 bytes result sent to driver
17/02/02 00:26:05 INFO executor.CoarseGrainedExecutorBackend: Got assigned task 60734
17/02/02 00:26:05 INFO executor.Executor: Running task 221.0 in stage 346.0 (TID 60734)
17/02/02 00:26:05 INFO storage.ShuffleBlockFetcherIterator: Getting 495 non-empty blocks out of 930 blocks
17/02/02 00:26:05 INFO python.PythonRunner: Times: total = 22, boot = -4, init = 5, finish = 21
17/02/02 00:26:05 INFO storage.ShuffleBlockFetcherIterator: Started 6 remote fetches in 2 ms
17/02/02 00:26:05 INFO executor.Executor: Finished task 207.0 in stage 346.0 (TID 60721). 3348 bytes result sent to driver
17/02/02 00:26:05 INFO executor.CoarseGrainedExecutorBackend: Got assigned task 60735
17/02/02 00:26:05 INFO executor.Executor: Running task 222.0 in stage 346.0 (TID 60735)
17/02/02 00:26:05 INFO storage.ShuffleBlockFetcherIterator: Getting 495 non-empty blocks out of 930 blocks
17/02/02 00:26:05 INFO storage.ShuffleBlockFetcherIterator: Started 5 remote fetches in 2 ms
17/02/02 00:26:05 INFO executor.Executor: Finished task 214.0 in stage 346.0 (TID 60728). 3348 bytes result sent to driver
17/02/02 00:26:05 INFO python.PythonRunner: Times: total = 70, boot = 14, init = 10, finish = 46
17/02/02 00:26:05 INFO executor.CoarseGrainedExecutorBackend: Got assigned task 60736
17/02/02 00:26:05 INFO executor.Executor: Running task 223.0 in stage 346.0 (TID 60736)
17/02/02 00:26:05 INFO storage.ShuffleBlockFetcherIterator: Getting 495 non-empty blocks out of 930 blocks
17/02/02 00:26:05 INFO storage.ShuffleBlockFetcherIterator: Started 6 remote fetches in 2 ms
17/02/02 00:26:05 INFO executor.Executor: Finished task 217.0 in stage 346.0 (TID 60731). 3348 bytes result sent to driver
17/02/02 00:26:05 INFO executor.CoarseGrainedExecutorBackend: Got assigned task 60737
17/02/02 00:26:05 INFO executor.Executor: Running task 225.0 in stage 346.0 (TID 60737)
17/02/02 00:26:05 INFO storage.ShuffleBlockFetcherIterator: Getting 495 non-empty blocks out of 930 blocks
17/02/02 00:26:05 INFO storage.ShuffleBlockFetcherIterator: Started 6 remote fetches in 1 ms
17/02/02 00:26:05 INFO python.PythonRunner: Times: total = 106, boot = -11, init = 11, finish = 106
17/02/02 00:26:05 INFO python.PythonRunner: Times: total = 27, boot = -22, init = 23, finish = 26
17/02/02 00:26:05 INFO executor.Executor: Finished task 218.0 in stage 346.0 (TID 60732). 3348 bytes result sent to driver
17/02/02 00:26:05 INFO executor.CoarseGrainedExecutorBackend: Got assigned task 60738
17/02/02 00:26:05 INFO executor.Executor: Running task 226.0 in stage 346.0 (TID 60738)
17/02/02 00:26:05 INFO storage.ShuffleBlockFetcherIterator: Getting 495 non-empty blocks out of 930 blocks
17/02/02 00:26:05 INFO storage.ShuffleBlockFetcherIterator: Started 6 remote fetches in 1 ms
17/02/02 00:26:05 INFO python.PythonRunner: Times: total = 107, boot = -18, init = 19, finish = 106
17/02/02 00:26:05 INFO python.PythonRunner: Times: total = 23, boot = -5, init = 6, finish = 22
17/02/02 00:26:05 INFO executor.Executor: Finished task 220.0 in stage 346.0 (TID 60733). 3348 bytes result sent to driver
17/02/02 00:26:05 INFO python.PythonRunner: Times: total = 110, boot = -36, init = 37, finish = 109
17/02/02 00:26:05 INFO executor.CoarseGrainedExecutorBackend: Got assigned task 60739
17/02/02 00:26:05 INFO executor.Executor: Running task 227.0 in stage 346.0 (TID 60739)
17/02/02 00:26:05 INFO storage.ShuffleBlockFetcherIterator: Getting 495 non-empty blocks out of 930 blocks
17/02/02 00:26:05 INFO storage.ShuffleBlockFetcherIterator: Started 6 remote fetches in 1 ms
17/02/02 00:26:05 INFO python.PythonRunner: Times: total = 25, boot = -50, init = 51, finish = 24
17/02/02 00:26:05 INFO python.PythonRunner: Times: total = 142, boot = -7, init = 8, finish = 141
17/02/02 00:26:05 INFO executor.Executor: Finished task 222.0 in stage 346.0 (TID 60735). 3348 bytes result sent to driver
17/02/02 00:26:05 INFO executor.CoarseGrainedExecutorBackend: Got assigned task 60742
17/02/02 00:26:05 INFO executor.Executor: Running task 228.0 in stage 346.0 (TID 60742)
17/02/02 00:26:05 INFO storage.ShuffleBlockFetcherIterator: Getting 495 non-empty blocks out of 930 blocks
17/02/02 00:26:05 INFO storage.ShuffleBlockFetcherIterator: Started 6 remote fetches in 1 ms
17/02/02 00:26:05 INFO python.PythonRunner: Times: total = 67, boot = -23, init = 24, finish = 66
17/02/02 00:26:05 INFO executor.Executor: Finished task 221.0 in stage 346.0 (TID 60734). 3348 bytes result sent to driver
17/02/02 00:26:05 INFO executor.CoarseGrainedExecutorBackend: Got assigned task 60745
17/02/02 00:26:05 INFO executor.Executor: Running task 230.0 in stage 346.0 (TID 60745)
17/02/02 00:26:05 INFO python.PythonRunner: Times: total = 140, boot = -59, init = 59, finish = 140
17/02/02 00:26:05 INFO storage.ShuffleBlockFetcherIterator: Getting 495 non-empty blocks out of 930 blocks
17/02/02 00:26:05 INFO python.PythonRunner: Times: total = 188, boot = -28, init = 28, finish = 188
17/02/02 00:26:05 INFO storage.ShuffleBlockFetcherIterator: Started 6 remote fetches in 2 ms
17/02/02 00:26:05 INFO python.PythonRunner: Times: total = 61, boot = -76, init = 77, finish = 60
17/02/02 00:26:05 INFO python.PythonRunner: Times: total = 61, boot = -54, init = 55, finish = 60
17/02/02 00:26:05 INFO executor.Executor: Finished task 225.0 in stage 346.0 (TID 60737). 3348 bytes result sent to driver
17/02/02 00:26:05 INFO executor.Executor: Finished task 226.0 in stage 346.0 (TID 60738). 3348 bytes result sent to driver
17/02/02 00:26:05 INFO executor.CoarseGrainedExecutorBackend: Got assigned task 60748
17/02/02 00:26:05 INFO executor.Executor: Running task 231.0 in stage 346.0 (TID 60748)
17/02/02 00:26:05 INFO executor.CoarseGrainedExecutorBackend: Got assigned task 60749
17/02/02 00:26:05 INFO executor.Executor: Running task 232.0 in stage 346.0 (TID 60749)
17/02/02 00:26:05 INFO storage.ShuffleBlockFetcherIterator: Getting 495 non-empty blocks out of 930 blocks
17/02/02 00:26:05 INFO storage.ShuffleBlockFetcherIterator: Getting 495 non-empty blocks out of 930 blocks
17/02/02 00:26:05 INFO storage.ShuffleBlockFetcherIterator: Started 6 remote fetches in 1 ms
17/02/02 00:26:05 INFO storage.ShuffleBlockFetcherIterator: Started 6 remote fetches in 1 ms
17/02/02 00:26:05 INFO python.PythonRunner: Times: total = 157, boot = -27, init = 28, finish = 156
17/02/02 00:26:05 INFO python.PythonRunner: Times: total = 189, boot = -38, init = 39, finish = 188
17/02/02 00:26:05 INFO python.PythonRunner: Times: total = 28, boot = -3, init = 4, finish = 27
17/02/02 00:26:05 INFO python.PythonRunner: Times: total = 30, boot = -54, init = 55, finish = 29
17/02/02 00:26:05 INFO python.PythonRunner: Times: total = 106, boot = -65, init = 66, finish = 105
17/02/02 00:26:05 INFO executor.Executor: Finished task 227.0 in stage 346.0 (TID 60739). 3348 bytes result sent to driver
17/02/02 00:26:05 INFO executor.Executor: Finished task 228.0 in stage 346.0 (TID 60742). 3348 bytes result sent to driver
17/02/02 00:26:05 INFO executor.CoarseGrainedExecutorBackend: Got assigned task 60750
17/02/02 00:26:05 INFO executor.Executor: Running task 233.0 in stage 346.0 (TID 60750)
17/02/02 00:26:05 INFO executor.CoarseGrainedExecutorBackend: Got assigned task 60751
17/02/02 00:26:05 INFO executor.Executor: Running task 234.0 in stage 346.0 (TID 60751)
17/02/02 00:26:05 INFO storage.ShuffleBlockFetcherIterator: Getting 495 non-empty blocks out of 930 blocks
17/02/02 00:26:05 INFO storage.ShuffleBlockFetcherIterator: Started 5 remote fetches in 1 ms
17/02/02 00:26:05 INFO storage.ShuffleBlockFetcherIterator: Getting 495 non-empty blocks out of 930 blocks
17/02/02 00:26:05 INFO storage.ShuffleBlockFetcherIterator: Started 6 remote fetches in 1 ms
17/02/02 00:26:05 INFO python.PythonRunner: Times: total = 65, boot = -26, init = 27, finish = 64
17/02/02 00:26:05 INFO executor.Executor: Finished task 230.0 in stage 346.0 (TID 60745). 3348 bytes result sent to driver
17/02/02 00:26:05 INFO executor.CoarseGrainedExecutorBackend: Got assigned task 60755
17/02/02 00:26:05 INFO executor.Executor: Running task 241.0 in stage 346.0 (TID 60755)
17/02/02 00:26:05 INFO storage.ShuffleBlockFetcherIterator: Getting 495 non-empty blocks out of 930 blocks
17/02/02 00:26:06 INFO storage.ShuffleBlockFetcherIterator: Started 6 remote fetches in 2 ms
17/02/02 00:26:06 INFO python.PythonRunner: Times: total = 128, boot = -64, init = 65, finish = 127
17/02/02 00:26:06 INFO python.PythonRunner: Times: total = 174, boot = -49, init = 50, finish = 173
17/02/02 00:26:06 INFO python.PythonRunner: Times: total = 55, boot = -54, init = 55, finish = 54
17/02/02 00:26:06 INFO python.PythonRunner: Times: total = 452, boot = -36, init = 37, finish = 451
17/02/02 00:26:06 INFO executor.Executor: Finished task 231.0 in stage 346.0 (TID 60748). 3348 bytes result sent to driver
