17/02/02 00:14:44 INFO storage.ShuffleBlockFetcherIterator: Started 3 remote fetches in 1 ms
17/02/02 00:14:44 INFO python.PythonRunner: Times: total = 66, boot = -3, init = 5, finish = 64
17/02/02 00:14:44 INFO executor.Executor: Finished task 490.0 in stage 331.0 (TID 58125). 1344 bytes result sent to driver
17/02/02 00:14:44 INFO executor.CoarseGrainedExecutorBackend: Got assigned task 58170
17/02/02 00:14:44 INFO executor.Executor: Running task 533.0 in stage 331.0 (TID 58170)
17/02/02 00:14:44 INFO python.PythonRunner: Times: total = 23, boot = -21, init = 22, finish = 22
17/02/02 00:14:44 INFO executor.Executor: Finished task 519.0 in stage 331.0 (TID 58156). 1344 bytes result sent to driver
17/02/02 00:14:44 INFO storage.ShuffleBlockFetcherIterator: Getting 206 non-empty blocks out of 960 blocks
17/02/02 00:14:44 INFO storage.ShuffleBlockFetcherIterator: Started 3 remote fetches in 1 ms
17/02/02 00:14:44 INFO executor.CoarseGrainedExecutorBackend: Got assigned task 58171
17/02/02 00:14:44 INFO executor.Executor: Running task 536.0 in stage 331.0 (TID 58171)
17/02/02 00:14:44 INFO python.PythonRunner: Times: total = 21, boot = -21, init = 22, finish = 20
17/02/02 00:14:44 INFO storage.ShuffleBlockFetcherIterator: Getting 200 non-empty blocks out of 960 blocks
17/02/02 00:14:44 INFO executor.Executor: Finished task 522.0 in stage 331.0 (TID 58158). 1344 bytes result sent to driver
17/02/02 00:14:44 INFO storage.ShuffleBlockFetcherIterator: Started 3 remote fetches in 1 ms
17/02/02 00:14:44 INFO executor.CoarseGrainedExecutorBackend: Got assigned task 58174
17/02/02 00:14:44 INFO executor.Executor: Running task 540.0 in stage 331.0 (TID 58174)
17/02/02 00:14:44 INFO storage.ShuffleBlockFetcherIterator: Getting 195 non-empty blocks out of 960 blocks
17/02/02 00:14:44 INFO storage.ShuffleBlockFetcherIterator: Started 3 remote fetches in 1 ms
17/02/02 00:14:44 INFO python.PythonRunner: Times: total = 22, boot = -6, init = 7, finish = 21
17/02/02 00:14:44 INFO executor.Executor: Finished task 528.0 in stage 331.0 (TID 58165). 1344 bytes result sent to driver
17/02/02 00:14:44 INFO executor.CoarseGrainedExecutorBackend: Got assigned task 58182
17/02/02 00:14:44 INFO executor.Executor: Running task 547.0 in stage 331.0 (TID 58182)
17/02/02 00:14:44 INFO storage.ShuffleBlockFetcherIterator: Getting 208 non-empty blocks out of 960 blocks
17/02/02 00:14:44 INFO storage.ShuffleBlockFetcherIterator: Started 3 remote fetches in 1 ms
17/02/02 00:14:44 INFO python.PythonRunner: Times: total = 26, boot = -18, init = 19, finish = 25
17/02/02 00:14:44 INFO executor.Executor: Finished task 530.0 in stage 331.0 (TID 58166). 1344 bytes result sent to driver
17/02/02 00:14:44 INFO executor.CoarseGrainedExecutorBackend: Got assigned task 58183
17/02/02 00:14:44 INFO executor.Executor: Running task 549.0 in stage 331.0 (TID 58183)
17/02/02 00:14:44 INFO storage.ShuffleBlockFetcherIterator: Getting 205 non-empty blocks out of 960 blocks
17/02/02 00:14:44 INFO storage.ShuffleBlockFetcherIterator: Started 3 remote fetches in 1 ms
17/02/02 00:14:44 INFO python.PythonRunner: Times: total = 24, boot = -1, init = 3, finish = 22
17/02/02 00:14:44 INFO executor.Executor: Finished task 533.0 in stage 331.0 (TID 58170). 1344 bytes result sent to driver
17/02/02 00:14:44 INFO executor.CoarseGrainedExecutorBackend: Got assigned task 58191
17/02/02 00:14:44 INFO executor.Executor: Running task 557.0 in stage 331.0 (TID 58191)
17/02/02 00:14:44 INFO storage.ShuffleBlockFetcherIterator: Getting 204 non-empty blocks out of 960 blocks
17/02/02 00:14:44 INFO python.PythonRunner: Times: total = 23, boot = -8, init = 9, finish = 22
17/02/02 00:14:44 INFO storage.ShuffleBlockFetcherIterator: Started 3 remote fetches in 1 ms
17/02/02 00:14:44 INFO executor.Executor: Finished task 536.0 in stage 331.0 (TID 58171). 1344 bytes result sent to driver
17/02/02 00:14:44 INFO executor.CoarseGrainedExecutorBackend: Got assigned task 58192
17/02/02 00:14:44 INFO executor.Executor: Running task 558.0 in stage 331.0 (TID 58192)
17/02/02 00:14:44 INFO storage.ShuffleBlockFetcherIterator: Getting 194 non-empty blocks out of 960 blocks
17/02/02 00:14:44 INFO storage.ShuffleBlockFetcherIterator: Started 3 remote fetches in 0 ms
17/02/02 00:14:44 INFO python.PythonRunner: Times: total = 26, boot = -7, init = 8, finish = 25
17/02/02 00:14:44 INFO executor.Executor: Finished task 540.0 in stage 331.0 (TID 58174). 1344 bytes result sent to driver
17/02/02 00:14:44 INFO executor.CoarseGrainedExecutorBackend: Got assigned task 58195
17/02/02 00:14:44 INFO executor.Executor: Running task 561.0 in stage 331.0 (TID 58195)
17/02/02 00:14:44 INFO storage.ShuffleBlockFetcherIterator: Getting 204 non-empty blocks out of 960 blocks
17/02/02 00:14:44 INFO storage.ShuffleBlockFetcherIterator: Started 3 remote fetches in 1 ms
17/02/02 00:14:44 INFO python.PythonRunner: Times: total = 23, boot = -5, init = 7, finish = 21
17/02/02 00:14:44 INFO executor.Executor: Finished task 547.0 in stage 331.0 (TID 58182). 1344 bytes result sent to driver
17/02/02 00:14:44 INFO executor.CoarseGrainedExecutorBackend: Got assigned task 58201
17/02/02 00:14:44 INFO executor.Executor: Running task 567.0 in stage 331.0 (TID 58201)
17/02/02 00:14:44 INFO python.PythonRunner: Times: total = 56, boot = -20, init = 21, finish = 55
17/02/02 00:14:44 INFO executor.Executor: Finished task 526.0 in stage 331.0 (TID 58163). 1344 bytes result sent to driver
17/02/02 00:14:44 INFO storage.ShuffleBlockFetcherIterator: Getting 200 non-empty blocks out of 960 blocks
17/02/02 00:14:44 INFO storage.ShuffleBlockFetcherIterator: Started 3 remote fetches in 0 ms
17/02/02 00:14:44 INFO executor.CoarseGrainedExecutorBackend: Got assigned task 58205
17/02/02 00:14:44 INFO executor.Executor: Running task 570.0 in stage 331.0 (TID 58205)
17/02/02 00:14:44 INFO python.PythonRunner: Times: total = 24, boot = -13, init = 14, finish = 23
17/02/02 00:14:44 INFO executor.Executor: Finished task 549.0 in stage 331.0 (TID 58183). 1344 bytes result sent to driver
17/02/02 00:14:44 INFO storage.ShuffleBlockFetcherIterator: Getting 210 non-empty blocks out of 960 blocks
17/02/02 00:14:44 INFO storage.ShuffleBlockFetcherIterator: Started 3 remote fetches in 1 ms
17/02/02 00:14:44 INFO executor.CoarseGrainedExecutorBackend: Got assigned task 58206
17/02/02 00:14:44 INFO executor.Executor: Running task 571.0 in stage 331.0 (TID 58206)
17/02/02 00:14:44 INFO storage.ShuffleBlockFetcherIterator: Getting 209 non-empty blocks out of 960 blocks
17/02/02 00:14:44 INFO storage.ShuffleBlockFetcherIterator: Started 3 remote fetches in 0 ms
17/02/02 00:14:44 INFO python.PythonRunner: Times: total = 25, boot = -18, init = 19, finish = 24
17/02/02 00:14:44 INFO executor.Executor: Finished task 557.0 in stage 331.0 (TID 58191). 1344 bytes result sent to driver
17/02/02 00:14:44 INFO executor.CoarseGrainedExecutorBackend: Got assigned task 58210
17/02/02 00:14:44 INFO executor.Executor: Running task 575.0 in stage 331.0 (TID 58210)
17/02/02 00:14:44 INFO storage.ShuffleBlockFetcherIterator: Getting 203 non-empty blocks out of 960 blocks
17/02/02 00:14:44 INFO storage.ShuffleBlockFetcherIterator: Started 3 remote fetches in 0 ms
17/02/02 00:14:44 INFO python.PythonRunner: Times: total = 32, boot = -13, init = 15, finish = 30
17/02/02 00:14:44 INFO executor.Executor: Finished task 561.0 in stage 331.0 (TID 58195). 1344 bytes result sent to driver
17/02/02 00:14:44 INFO executor.CoarseGrainedExecutorBackend: Got assigned task 58219
17/02/02 00:14:44 INFO executor.Executor: Running task 581.0 in stage 331.0 (TID 58219)
17/02/02 00:14:44 INFO storage.ShuffleBlockFetcherIterator: Getting 203 non-empty blocks out of 960 blocks
17/02/02 00:14:44 INFO storage.ShuffleBlockFetcherIterator: Started 3 remote fetches in 1 ms
17/02/02 00:14:44 INFO python.PythonRunner: Times: total = 26, boot = -19, init = 20, finish = 25
17/02/02 00:14:44 INFO executor.Executor: Finished task 567.0 in stage 331.0 (TID 58201). 1344 bytes result sent to driver
17/02/02 00:14:44 INFO executor.CoarseGrainedExecutorBackend: Got assigned task 58222
17/02/02 00:14:44 INFO executor.Executor: Running task 586.0 in stage 331.0 (TID 58222)
17/02/02 00:14:44 INFO python.PythonRunner: Times: total = 27, boot = -13, init = 15, finish = 25
17/02/02 00:14:44 INFO storage.ShuffleBlockFetcherIterator: Getting 204 non-empty blocks out of 960 blocks
17/02/02 00:14:44 INFO executor.Executor: Finished task 570.0 in stage 331.0 (TID 58205). 1344 bytes result sent to driver
17/02/02 00:14:44 INFO storage.ShuffleBlockFetcherIterator: Started 3 remote fetches in 1 ms
17/02/02 00:14:44 INFO executor.CoarseGrainedExecutorBackend: Got assigned task 58226
17/02/02 00:14:44 INFO executor.Executor: Running task 592.0 in stage 331.0 (TID 58226)
17/02/02 00:14:44 INFO storage.ShuffleBlockFetcherIterator: Getting 207 non-empty blocks out of 960 blocks
17/02/02 00:14:44 INFO storage.ShuffleBlockFetcherIterator: Started 3 remote fetches in 0 ms
17/02/02 00:14:44 INFO python.PythonRunner: Times: total = 30, boot = -11, init = 12, finish = 29
17/02/02 00:14:44 INFO executor.Executor: Finished task 571.0 in stage 331.0 (TID 58206). 1344 bytes result sent to driver
17/02/02 00:14:44 INFO executor.CoarseGrainedExecutorBackend: Got assigned task 58229
17/02/02 00:14:44 INFO executor.Executor: Running task 595.0 in stage 331.0 (TID 58229)
17/02/02 00:14:44 INFO storage.ShuffleBlockFetcherIterator: Getting 206 non-empty blocks out of 960 blocks
17/02/02 00:14:44 INFO storage.ShuffleBlockFetcherIterator: Started 3 remote fetches in 1 ms
17/02/02 00:14:44 INFO python.PythonRunner: Times: total = 29, boot = -3, init = 4, finish = 28
17/02/02 00:14:44 INFO executor.Executor: Finished task 575.0 in stage 331.0 (TID 58210). 1344 bytes result sent to driver
17/02/02 00:14:44 INFO executor.CoarseGrainedExecutorBackend: Got assigned task 58233
