17/02/02 00:26:11 INFO storage.ShuffleBlockFetcherIterator: Getting 495 non-empty blocks out of 930 blocks
17/02/02 00:26:11 INFO storage.ShuffleBlockFetcherIterator: Started 6 remote fetches in 1 ms
17/02/02 00:26:11 INFO executor.Executor: Finished task 547.0 in stage 346.0 (TID 61060). 3348 bytes result sent to driver
17/02/02 00:26:11 INFO python.PythonRunner: Times: total = 163, boot = -27, init = 28, finish = 162
17/02/02 00:26:11 INFO executor.CoarseGrainedExecutorBackend: Got assigned task 61066
17/02/02 00:26:11 INFO executor.Executor: Running task 555.0 in stage 346.0 (TID 61066)
17/02/02 00:26:11 INFO storage.ShuffleBlockFetcherIterator: Getting 495 non-empty blocks out of 930 blocks
17/02/02 00:26:11 INFO storage.ShuffleBlockFetcherIterator: Started 6 remote fetches in 1 ms
17/02/02 00:26:11 INFO python.PythonRunner: Times: total = 24, boot = -75, init = 76, finish = 23
17/02/02 00:26:11 INFO executor.Executor: Finished task 550.0 in stage 346.0 (TID 61062). 3348 bytes result sent to driver
17/02/02 00:26:11 INFO executor.CoarseGrainedExecutorBackend: Got assigned task 61067
17/02/02 00:26:11 INFO executor.Executor: Running task 556.0 in stage 346.0 (TID 61067)
17/02/02 00:26:11 INFO storage.ShuffleBlockFetcherIterator: Getting 495 non-empty blocks out of 930 blocks
17/02/02 00:26:11 INFO storage.ShuffleBlockFetcherIterator: Started 6 remote fetches in 1 ms
17/02/02 00:26:11 INFO python.PythonRunner: Times: total = 220, boot = -42, init = 42, finish = 220
17/02/02 00:26:11 INFO python.PythonRunner: Times: total = 207, boot = -43, init = 44, finish = 206
17/02/02 00:26:11 INFO python.PythonRunner: Times: total = 30, boot = -92, init = 93, finish = 29
17/02/02 00:26:11 INFO python.PythonRunner: Times: total = 146, boot = -21, init = 22, finish = 145
17/02/02 00:26:11 INFO python.PythonRunner: Times: total = 60, boot = -81, init = 82, finish = 59
17/02/02 00:26:11 INFO executor.Executor: Finished task 552.0 in stage 346.0 (TID 61064). 3348 bytes result sent to driver
17/02/02 00:26:11 INFO executor.CoarseGrainedExecutorBackend: Got assigned task 61070
17/02/02 00:26:11 INFO executor.Executor: Running task 557.0 in stage 346.0 (TID 61070)
17/02/02 00:26:11 INFO storage.ShuffleBlockFetcherIterator: Getting 495 non-empty blocks out of 930 blocks
17/02/02 00:26:11 INFO storage.ShuffleBlockFetcherIterator: Started 6 remote fetches in 1 ms
17/02/02 00:26:11 INFO executor.Executor: Finished task 551.0 in stage 346.0 (TID 61063). 3348 bytes result sent to driver
17/02/02 00:26:11 INFO python.PythonRunner: Times: total = 31, boot = -101, init = 102, finish = 30
17/02/02 00:26:11 INFO executor.CoarseGrainedExecutorBackend: Got assigned task 61072
17/02/02 00:26:11 INFO executor.Executor: Running task 558.0 in stage 346.0 (TID 61072)
17/02/02 00:26:11 INFO storage.ShuffleBlockFetcherIterator: Getting 495 non-empty blocks out of 930 blocks
17/02/02 00:26:11 INFO storage.ShuffleBlockFetcherIterator: Started 6 remote fetches in 2 ms
17/02/02 00:26:11 INFO executor.Executor: Finished task 553.0 in stage 346.0 (TID 61065). 3348 bytes result sent to driver
17/02/02 00:26:11 INFO executor.CoarseGrainedExecutorBackend: Got assigned task 61074
17/02/02 00:26:11 INFO executor.Executor: Running task 560.0 in stage 346.0 (TID 61074)
17/02/02 00:26:11 INFO storage.ShuffleBlockFetcherIterator: Getting 495 non-empty blocks out of 930 blocks
17/02/02 00:26:11 INFO storage.ShuffleBlockFetcherIterator: Started 6 remote fetches in 2 ms
17/02/02 00:26:11 INFO python.PythonRunner: Times: total = 233, boot = -28, init = 29, finish = 232
17/02/02 00:26:11 INFO python.PythonRunner: Times: total = 561, boot = -27, init = 404, finish = 184
17/02/02 00:26:11 INFO python.PythonRunner: Times: total = 28, boot = -101, init = 102, finish = 27
17/02/02 00:26:11 INFO executor.Executor: Finished task 556.0 in stage 346.0 (TID 61067). 3348 bytes result sent to driver
17/02/02 00:26:11 INFO executor.CoarseGrainedExecutorBackend: Got assigned task 61080
17/02/02 00:26:11 INFO executor.Executor: Running task 566.0 in stage 346.0 (TID 61080)
17/02/02 00:26:11 INFO storage.ShuffleBlockFetcherIterator: Getting 495 non-empty blocks out of 930 blocks
17/02/02 00:26:11 INFO storage.ShuffleBlockFetcherIterator: Started 6 remote fetches in 1 ms
17/02/02 00:26:11 INFO python.PythonRunner: Times: total = 169, boot = -33, init = 34, finish = 168
17/02/02 00:26:11 INFO python.PythonRunner: Times: total = 61, boot = -105, init = 106, finish = 60
17/02/02 00:26:11 INFO python.PythonRunner: Times: total = 31, boot = -26, init = 27, finish = 30
17/02/02 00:26:11 INFO executor.Executor: Finished task 546.0 in stage 346.0 (TID 61059). 3348 bytes result sent to driver
17/02/02 00:26:11 INFO executor.CoarseGrainedExecutorBackend: Got assigned task 61085
17/02/02 00:26:11 INFO executor.Executor: Running task 571.0 in stage 346.0 (TID 61085)
17/02/02 00:26:11 INFO python.PythonRunner: Times: total = 180, boot = -31, init = 32, finish = 179
17/02/02 00:26:11 INFO storage.ShuffleBlockFetcherIterator: Getting 495 non-empty blocks out of 930 blocks
17/02/02 00:26:11 INFO storage.ShuffleBlockFetcherIterator: Started 6 remote fetches in 2 ms
17/02/02 00:26:11 INFO executor.Executor: Finished task 557.0 in stage 346.0 (TID 61070). 3348 bytes result sent to driver
17/02/02 00:26:11 INFO executor.CoarseGrainedExecutorBackend: Got assigned task 61086
17/02/02 00:26:11 INFO executor.Executor: Running task 574.0 in stage 346.0 (TID 61086)
17/02/02 00:26:11 INFO storage.ShuffleBlockFetcherIterator: Getting 495 non-empty blocks out of 930 blocks
17/02/02 00:26:11 INFO storage.ShuffleBlockFetcherIterator: Started 6 remote fetches in 2 ms
17/02/02 00:26:11 INFO python.PythonRunner: Times: total = 24, boot = -38, init = 39, finish = 23
17/02/02 00:26:11 INFO executor.Executor: Finished task 558.0 in stage 346.0 (TID 61072). 3348 bytes result sent to driver
17/02/02 00:26:11 INFO python.PythonRunner: Times: total = 193, boot = -27, init = 28, finish = 192
17/02/02 00:26:11 INFO executor.CoarseGrainedExecutorBackend: Got assigned task 61087
17/02/02 00:26:11 INFO executor.Executor: Running task 575.0 in stage 346.0 (TID 61087)
17/02/02 00:26:11 INFO storage.ShuffleBlockFetcherIterator: Getting 495 non-empty blocks out of 930 blocks
17/02/02 00:26:11 INFO storage.ShuffleBlockFetcherIterator: Started 6 remote fetches in 1 ms
17/02/02 00:26:11 INFO python.PythonRunner: Times: total = 25, boot = -11, init = 12, finish = 24
17/02/02 00:26:11 INFO python.PythonRunner: Times: total = 403, boot = -14, init = 16, finish = 401
17/02/02 00:26:11 INFO executor.Executor: Finished task 560.0 in stage 346.0 (TID 61074). 3348 bytes result sent to driver
17/02/02 00:26:11 INFO executor.CoarseGrainedExecutorBackend: Got assigned task 61089
17/02/02 00:26:11 INFO executor.Executor: Running task 576.0 in stage 346.0 (TID 61089)
17/02/02 00:26:11 INFO storage.ShuffleBlockFetcherIterator: Getting 495 non-empty blocks out of 930 blocks
17/02/02 00:26:11 INFO storage.ShuffleBlockFetcherIterator: Started 6 remote fetches in 2 ms
17/02/02 00:26:11 INFO python.PythonRunner: Times: total = 112, boot = -118, init = 118, finish = 112
17/02/02 00:26:11 INFO python.PythonRunner: Times: total = 32, boot = -23, init = 24, finish = 31
17/02/02 00:26:11 INFO python.PythonRunner: Times: total = 19, boot = -22, init = 23, finish = 18
17/02/02 00:26:11 INFO executor.Executor: Finished task 555.0 in stage 346.0 (TID 61066). 3348 bytes result sent to driver
17/02/02 00:26:11 INFO executor.CoarseGrainedExecutorBackend: Got assigned task 61091
17/02/02 00:26:11 INFO executor.Executor: Running task 577.0 in stage 346.0 (TID 61091)
17/02/02 00:26:11 INFO executor.Executor: Finished task 566.0 in stage 346.0 (TID 61080). 3348 bytes result sent to driver
17/02/02 00:26:11 INFO storage.ShuffleBlockFetcherIterator: Getting 495 non-empty blocks out of 930 blocks
17/02/02 00:26:11 INFO storage.ShuffleBlockFetcherIterator: Started 6 remote fetches in 2 ms
17/02/02 00:26:11 INFO executor.CoarseGrainedExecutorBackend: Got assigned task 61092
17/02/02 00:26:11 INFO executor.Executor: Running task 578.0 in stage 346.0 (TID 61092)
17/02/02 00:26:11 INFO storage.ShuffleBlockFetcherIterator: Getting 495 non-empty blocks out of 930 blocks
17/02/02 00:26:11 INFO storage.ShuffleBlockFetcherIterator: Started 6 remote fetches in 1 ms
17/02/02 00:26:11 INFO python.PythonRunner: Times: total = 157, boot = -43, init = 44, finish = 156
17/02/02 00:26:11 INFO python.PythonRunner: Times: total = 19, boot = -58, init = 59, finish = 18
17/02/02 00:26:11 INFO executor.Executor: Finished task 571.0 in stage 346.0 (TID 61085). 3348 bytes result sent to driver
17/02/02 00:26:11 INFO executor.CoarseGrainedExecutorBackend: Got assigned task 61096
17/02/02 00:26:11 INFO executor.Executor: Running task 582.0 in stage 346.0 (TID 61096)
17/02/02 00:26:11 INFO storage.ShuffleBlockFetcherIterator: Getting 495 non-empty blocks out of 930 blocks
17/02/02 00:26:11 INFO storage.ShuffleBlockFetcherIterator: Started 6 remote fetches in 1 ms
17/02/02 00:26:11 INFO python.PythonRunner: Times: total = 194, boot = -19, init = 20, finish = 193
17/02/02 00:26:11 INFO python.PythonRunner: Times: total = 31, boot = -95, init = 96, finish = 30
17/02/02 00:26:11 INFO executor.Executor: Finished task 574.0 in stage 346.0 (TID 61086). 3348 bytes result sent to driver
17/02/02 00:26:11 INFO executor.CoarseGrainedExecutorBackend: Got assigned task 61100
17/02/02 00:26:11 INFO executor.Executor: Running task 586.0 in stage 346.0 (TID 61100)
17/02/02 00:26:11 INFO python.PythonRunner: Times: total = 245, boot = -83, init = 84, finish = 244
17/02/02 00:26:11 INFO python.PythonRunner: Times: total = 283, boot = -33, init = 34, finish = 282
17/02/02 00:26:11 INFO python.PythonRunner: Times: total = 239, boot = -12, init = 130, finish = 121
17/02/02 00:26:11 INFO python.PythonRunner: Times: total = 178, boot = -29, init = 30, finish = 177
