17/02/01 23:11:44 INFO storage.ShuffleBlockFetcherIterator: Started 4 remote fetches in 1 ms
17/02/01 23:11:44 INFO executor.Executor: Finished task 465.0 in stage 238.0 (TID 42763). 3378 bytes result sent to driver
17/02/01 23:11:44 INFO executor.CoarseGrainedExecutorBackend: Got assigned task 42821
17/02/01 23:11:44 INFO executor.Executor: Running task 523.0 in stage 238.0 (TID 42821)
17/02/01 23:11:44 INFO storage.ShuffleBlockFetcherIterator: Getting 93 non-empty blocks out of 1920 blocks
17/02/01 23:11:44 INFO executor.Executor: Finished task 508.0 in stage 238.0 (TID 42806). 3378 bytes result sent to driver
17/02/01 23:11:44 INFO storage.ShuffleBlockFetcherIterator: Started 4 remote fetches in 1 ms
17/02/01 23:11:44 INFO executor.CoarseGrainedExecutorBackend: Got assigned task 42823
17/02/01 23:11:44 INFO executor.Executor: Running task 525.0 in stage 238.0 (TID 42823)
17/02/01 23:11:44 INFO storage.ShuffleBlockFetcherIterator: Getting 93 non-empty blocks out of 1920 blocks
17/02/01 23:11:44 INFO storage.ShuffleBlockFetcherIterator: Started 4 remote fetches in 1 ms
17/02/01 23:11:44 INFO python.PythonRunner: Times: total = 15, boot = -3, init = 4, finish = 14
17/02/01 23:11:44 INFO python.PythonRunner: Times: total = 11, boot = -16, init = 17, finish = 10
17/02/01 23:11:44 INFO executor.Executor: Finished task 519.0 in stage 238.0 (TID 42817). 3378 bytes result sent to driver
17/02/01 23:11:44 INFO executor.Executor: Finished task 525.0 in stage 238.0 (TID 42823). 3378 bytes result sent to driver
17/02/01 23:11:44 INFO executor.CoarseGrainedExecutorBackend: Got assigned task 42834
17/02/01 23:11:44 INFO executor.Executor: Running task 536.0 in stage 238.0 (TID 42834)
17/02/01 23:11:44 INFO executor.CoarseGrainedExecutorBackend: Got assigned task 42835
17/02/01 23:11:44 INFO executor.Executor: Running task 537.0 in stage 238.0 (TID 42835)
17/02/01 23:11:44 INFO python.PythonRunner: Times: total = 56, boot = -32, init = 33, finish = 55
17/02/01 23:11:44 INFO storage.ShuffleBlockFetcherIterator: Getting 93 non-empty blocks out of 1920 blocks
17/02/01 23:11:44 INFO storage.ShuffleBlockFetcherIterator: Getting 93 non-empty blocks out of 1920 blocks
17/02/01 23:11:44 INFO storage.ShuffleBlockFetcherIterator: Started 4 remote fetches in 1 ms
17/02/01 23:11:44 INFO storage.ShuffleBlockFetcherIterator: Started 4 remote fetches in 1 ms
17/02/01 23:11:44 INFO python.PythonRunner: Times: total = 53, boot = -12, init = 13, finish = 52
17/02/01 23:11:44 INFO executor.Executor: Finished task 500.0 in stage 238.0 (TID 42798). 3378 bytes result sent to driver
17/02/01 23:11:44 INFO executor.CoarseGrainedExecutorBackend: Got assigned task 42841
17/02/01 23:11:44 INFO executor.Executor: Running task 543.0 in stage 238.0 (TID 42841)
17/02/01 23:11:44 INFO python.PythonRunner: Times: total = 55, boot = 2, init = 0, finish = 53
17/02/01 23:11:44 INFO storage.ShuffleBlockFetcherIterator: Getting 93 non-empty blocks out of 1920 blocks
17/02/01 23:11:44 INFO storage.ShuffleBlockFetcherIterator: Started 4 remote fetches in 2 ms
17/02/01 23:11:44 INFO executor.Executor: Finished task 503.0 in stage 238.0 (TID 42801). 3378 bytes result sent to driver
17/02/01 23:11:44 INFO executor.CoarseGrainedExecutorBackend: Got assigned task 42845
17/02/01 23:11:44 INFO executor.Executor: Running task 547.0 in stage 238.0 (TID 42845)
17/02/01 23:11:44 INFO storage.ShuffleBlockFetcherIterator: Getting 93 non-empty blocks out of 1920 blocks
17/02/01 23:11:44 INFO storage.ShuffleBlockFetcherIterator: Started 4 remote fetches in 1 ms
17/02/01 23:11:44 INFO executor.Executor: Finished task 510.0 in stage 238.0 (TID 42808). 3378 bytes result sent to driver
17/02/01 23:11:44 INFO python.PythonRunner: Times: total = 22, boot = -63, init = 64, finish = 21
17/02/01 23:11:44 INFO executor.CoarseGrainedExecutorBackend: Got assigned task 42849
17/02/01 23:11:44 INFO executor.Executor: Running task 551.0 in stage 238.0 (TID 42849)
17/02/01 23:11:44 INFO storage.ShuffleBlockFetcherIterator: Getting 93 non-empty blocks out of 1920 blocks
17/02/01 23:11:44 INFO storage.ShuffleBlockFetcherIterator: Started 4 remote fetches in 2 ms
17/02/01 23:11:44 INFO python.PythonRunner: Times: total = 53, boot = -15, init = 16, finish = 52
17/02/01 23:11:44 INFO executor.Executor: Finished task 536.0 in stage 238.0 (TID 42834). 3378 bytes result sent to driver
17/02/01 23:11:44 INFO executor.CoarseGrainedExecutorBackend: Got assigned task 42853
17/02/01 23:11:44 INFO executor.Executor: Running task 555.0 in stage 238.0 (TID 42853)
17/02/01 23:11:44 INFO storage.ShuffleBlockFetcherIterator: Getting 93 non-empty blocks out of 1920 blocks
17/02/01 23:11:44 INFO python.PythonRunner: Times: total = 16, boot = -30, init = 31, finish = 15
17/02/01 23:11:44 INFO storage.ShuffleBlockFetcherIterator: Started 4 remote fetches in 1 ms
17/02/01 23:11:44 INFO executor.Executor: Finished task 523.0 in stage 238.0 (TID 42821). 3378 bytes result sent to driver
17/02/01 23:11:44 INFO executor.CoarseGrainedExecutorBackend: Got assigned task 42857
17/02/01 23:11:44 INFO executor.Executor: Running task 559.0 in stage 238.0 (TID 42857)
17/02/01 23:11:44 INFO storage.ShuffleBlockFetcherIterator: Getting 93 non-empty blocks out of 1920 blocks
17/02/01 23:11:44 INFO storage.ShuffleBlockFetcherIterator: Started 4 remote fetches in 1 ms
17/02/01 23:11:44 INFO python.PythonRunner: Times: total = 12, boot = -20, init = 21, finish = 11
17/02/01 23:11:44 INFO python.PythonRunner: Times: total = 20, boot = -13, init = 14, finish = 19
17/02/01 23:11:44 INFO executor.Executor: Finished task 543.0 in stage 238.0 (TID 42841). 3378 bytes result sent to driver
17/02/01 23:11:44 INFO executor.CoarseGrainedExecutorBackend: Got assigned task 42860
17/02/01 23:11:44 INFO executor.Executor: Running task 562.0 in stage 238.0 (TID 42860)
17/02/01 23:11:44 INFO python.PythonRunner: Times: total = 14, boot = -9, init = 11, finish = 12
17/02/01 23:11:44 INFO storage.ShuffleBlockFetcherIterator: Getting 93 non-empty blocks out of 1920 blocks
17/02/01 23:11:44 INFO storage.ShuffleBlockFetcherIterator: Started 4 remote fetches in 2 ms
17/02/01 23:11:44 INFO executor.Executor: Finished task 551.0 in stage 238.0 (TID 42849). 3378 bytes result sent to driver
17/02/01 23:11:44 INFO executor.CoarseGrainedExecutorBackend: Got assigned task 42863
17/02/01 23:11:44 INFO executor.Executor: Running task 565.0 in stage 238.0 (TID 42863)
17/02/01 23:11:44 INFO executor.Executor: Finished task 547.0 in stage 238.0 (TID 42845). 3378 bytes result sent to driver
17/02/01 23:11:44 INFO executor.CoarseGrainedExecutorBackend: Got assigned task 42864
17/02/01 23:11:44 INFO executor.Executor: Running task 566.0 in stage 238.0 (TID 42864)
17/02/01 23:11:44 INFO storage.ShuffleBlockFetcherIterator: Getting 93 non-empty blocks out of 1920 blocks
17/02/01 23:11:44 INFO storage.ShuffleBlockFetcherIterator: Started 4 remote fetches in 1 ms
17/02/01 23:11:44 INFO python.PythonRunner: Times: total = 52, boot = -53, init = 54, finish = 51
17/02/01 23:11:44 INFO storage.ShuffleBlockFetcherIterator: Getting 93 non-empty blocks out of 1920 blocks
17/02/01 23:11:44 INFO python.PythonRunner: Times: total = 16, boot = -15, init = 17, finish = 14
17/02/01 23:11:44 INFO storage.ShuffleBlockFetcherIterator: Started 4 remote fetches in 1 ms
17/02/01 23:11:44 INFO executor.Executor: Finished task 555.0 in stage 238.0 (TID 42853). 3378 bytes result sent to driver
17/02/01 23:11:44 INFO executor.CoarseGrainedExecutorBackend: Got assigned task 42872
17/02/01 23:11:44 INFO executor.Executor: Running task 574.0 in stage 238.0 (TID 42872)
17/02/01 23:11:44 INFO storage.ShuffleBlockFetcherIterator: Getting 93 non-empty blocks out of 1920 blocks
17/02/01 23:11:44 INFO executor.Executor: Finished task 559.0 in stage 238.0 (TID 42857). 3378 bytes result sent to driver
17/02/01 23:11:44 INFO storage.ShuffleBlockFetcherIterator: Started 4 remote fetches in 1 ms
17/02/01 23:11:44 INFO executor.Executor: Finished task 537.0 in stage 238.0 (TID 42835). 3378 bytes result sent to driver
17/02/01 23:11:44 INFO executor.CoarseGrainedExecutorBackend: Got assigned task 42875
17/02/01 23:11:44 INFO executor.Executor: Running task 577.0 in stage 238.0 (TID 42875)
17/02/01 23:11:44 INFO executor.CoarseGrainedExecutorBackend: Got assigned task 42877
17/02/01 23:11:44 INFO executor.Executor: Running task 579.0 in stage 238.0 (TID 42877)
17/02/01 23:11:44 INFO storage.ShuffleBlockFetcherIterator: Getting 93 non-empty blocks out of 1920 blocks
17/02/01 23:11:44 INFO storage.ShuffleBlockFetcherIterator: Getting 93 non-empty blocks out of 1920 blocks
17/02/01 23:11:44 INFO storage.ShuffleBlockFetcherIterator: Started 4 remote fetches in 1 ms
17/02/01 23:11:44 INFO storage.ShuffleBlockFetcherIterator: Started 4 remote fetches in 1 ms
17/02/01 23:11:44 INFO python.PythonRunner: Times: total = 54, boot = -10, init = 13, finish = 51
17/02/01 23:11:44 INFO python.PythonRunner: Times: total = 55, boot = -2, init = 6, finish = 51
17/02/01 23:11:44 INFO executor.Executor: Finished task 562.0 in stage 238.0 (TID 42860). 3378 bytes result sent to driver
17/02/01 23:11:44 INFO python.PythonRunner: Times: total = 10, boot = -3, init = 4, finish = 9
17/02/01 23:11:44 INFO executor.CoarseGrainedExecutorBackend: Got assigned task 42897
17/02/01 23:11:44 INFO executor.Executor: Running task 599.0 in stage 238.0 (TID 42897)
17/02/01 23:11:44 INFO storage.ShuffleBlockFetcherIterator: Getting 93 non-empty blocks out of 1920 blocks
17/02/01 23:11:44 INFO storage.ShuffleBlockFetcherIterator: Started 4 remote fetches in 1 ms
17/02/01 23:11:44 INFO python.PythonRunner: Times: total = 61, boot = 4, init = 0, finish = 57
17/02/01 23:11:44 INFO executor.Executor: Finished task 565.0 in stage 238.0 (TID 42863). 3378 bytes result sent to driver
17/02/01 23:11:44 INFO executor.CoarseGrainedExecutorBackend: Got assigned task 42900
