17/02/02 00:26:41 INFO executor.CoarseGrainedExecutorBackend: Got assigned task 62062
17/02/02 00:26:41 INFO executor.Executor: Running task 1548.0 in stage 346.0 (TID 62062)
17/02/02 00:26:41 INFO storage.ShuffleBlockFetcherIterator: Getting 959 non-empty blocks out of 960 blocks
17/02/02 00:26:41 INFO storage.ShuffleBlockFetcherIterator: Started 6 remote fetches in 2 ms
17/02/02 00:26:41 INFO python.PythonRunner: Times: total = 454, boot = -313, init = 314, finish = 453
17/02/02 00:26:41 INFO python.PythonRunner: Times: total = 389, boot = -282, init = 285, finish = 386
17/02/02 00:26:41 INFO executor.Executor: Finished task 1532.0 in stage 346.0 (TID 62046). 3348 bytes result sent to driver
17/02/02 00:26:41 INFO executor.CoarseGrainedExecutorBackend: Got assigned task 62066
17/02/02 00:26:41 INFO executor.Executor: Running task 1552.0 in stage 346.0 (TID 62066)
17/02/02 00:26:41 INFO storage.ShuffleBlockFetcherIterator: Getting 954 non-empty blocks out of 960 blocks
17/02/02 00:26:41 INFO storage.ShuffleBlockFetcherIterator: Started 6 remote fetches in 2 ms
17/02/02 00:26:41 INFO executor.Executor: Finished task 1529.0 in stage 346.0 (TID 62043). 3348 bytes result sent to driver
17/02/02 00:26:41 INFO executor.CoarseGrainedExecutorBackend: Got assigned task 62067
17/02/02 00:26:41 INFO executor.Executor: Running task 1553.0 in stage 346.0 (TID 62067)
17/02/02 00:26:41 INFO storage.ShuffleBlockFetcherIterator: Getting 960 non-empty blocks out of 960 blocks
17/02/02 00:26:41 INFO storage.ShuffleBlockFetcherIterator: Started 6 remote fetches in 4 ms
17/02/02 00:26:41 INFO python.PythonRunner: Times: total = 216, boot = -360, init = 361, finish = 215
17/02/02 00:26:41 INFO python.PythonRunner: Times: total = 250, boot = -401, init = 402, finish = 249
17/02/02 00:26:41 INFO executor.Executor: Finished task 1534.0 in stage 346.0 (TID 62048). 3348 bytes result sent to driver
17/02/02 00:26:41 INFO executor.CoarseGrainedExecutorBackend: Got assigned task 62071
17/02/02 00:26:41 INFO executor.Executor: Running task 1557.0 in stage 346.0 (TID 62071)
17/02/02 00:26:41 INFO storage.ShuffleBlockFetcherIterator: Getting 954 non-empty blocks out of 960 blocks
17/02/02 00:26:41 INFO storage.ShuffleBlockFetcherIterator: Started 6 remote fetches in 3 ms
17/02/02 00:26:41 INFO python.PythonRunner: Times: total = 279, boot = -381, init = 382, finish = 278
17/02/02 00:26:41 INFO python.PythonRunner: Times: total = 348, boot = -451, init = 452, finish = 347
17/02/02 00:26:41 INFO python.PythonRunner: Times: total = 432, boot = -386, init = 388, finish = 430
17/02/02 00:26:41 INFO executor.Executor: Finished task 1539.0 in stage 346.0 (TID 62053). 3348 bytes result sent to driver
17/02/02 00:26:41 INFO executor.CoarseGrainedExecutorBackend: Got assigned task 62073
17/02/02 00:26:41 INFO executor.Executor: Running task 1559.0 in stage 346.0 (TID 62073)
17/02/02 00:26:41 INFO storage.ShuffleBlockFetcherIterator: Getting 958 non-empty blocks out of 960 blocks
17/02/02 00:26:41 INFO storage.ShuffleBlockFetcherIterator: Started 6 remote fetches in 3 ms
17/02/02 00:26:41 INFO python.PythonRunner: Times: total = 481, boot = -384, init = 385, finish = 480
17/02/02 00:26:42 INFO python.PythonRunner: Times: total = 375, boot = -362, init = 363, finish = 374
17/02/02 00:26:42 INFO python.PythonRunner: Times: total = 446, boot = -395, init = 396, finish = 445
17/02/02 00:26:42 INFO python.PythonRunner: Times: total = 472, boot = -419, init = 421, finish = 470
17/02/02 00:26:42 INFO python.PythonRunner: Times: total = 249, boot = -534, init = 535, finish = 248
17/02/02 00:26:42 INFO python.PythonRunner: Times: total = 324, boot = -513, init = 515, finish = 322
17/02/02 00:26:42 INFO executor.Executor: Finished task 1553.0 in stage 346.0 (TID 62067). 3348 bytes result sent to driver
17/02/02 00:26:42 INFO executor.CoarseGrainedExecutorBackend: Got assigned task 62082
17/02/02 00:26:42 INFO executor.Executor: Running task 1568.0 in stage 346.0 (TID 62082)
17/02/02 00:26:42 INFO storage.ShuffleBlockFetcherIterator: Getting 958 non-empty blocks out of 960 blocks
17/02/02 00:26:42 INFO storage.ShuffleBlockFetcherIterator: Started 6 remote fetches in 2 ms
17/02/02 00:26:42 INFO python.PythonRunner: Times: total = 359, boot = -523, init = 525, finish = 357
17/02/02 00:26:42 INFO executor.Executor: Finished task 1557.0 in stage 346.0 (TID 62071). 3348 bytes result sent to driver
17/02/02 00:26:42 INFO executor.CoarseGrainedExecutorBackend: Got assigned task 62086
17/02/02 00:26:42 INFO executor.Executor: Running task 1572.0 in stage 346.0 (TID 62086)
17/02/02 00:26:42 INFO storage.ShuffleBlockFetcherIterator: Getting 957 non-empty blocks out of 960 blocks
17/02/02 00:26:42 INFO storage.ShuffleBlockFetcherIterator: Started 6 remote fetches in 2 ms
17/02/02 00:26:42 INFO python.PythonRunner: Times: total = 245, boot = -697, init = 699, finish = 243
17/02/02 00:26:42 INFO python.PythonRunner: Times: total = 332, boot = -580, init = 581, finish = 331
17/02/02 00:26:43 INFO executor.Executor: Finished task 1559.0 in stage 346.0 (TID 62073). 3348 bytes result sent to driver
17/02/02 00:26:43 INFO executor.Executor: Finished task 1547.0 in stage 346.0 (TID 62061). 3348 bytes result sent to driver
17/02/02 00:26:43 INFO executor.Executor: Finished task 1548.0 in stage 346.0 (TID 62062). 3348 bytes result sent to driver
17/02/02 00:26:43 INFO executor.Executor: Finished task 1552.0 in stage 346.0 (TID 62066). 3348 bytes result sent to driver
17/02/02 00:26:43 INFO executor.CoarseGrainedExecutorBackend: Got assigned task 62094
17/02/02 00:26:43 INFO executor.Executor: Running task 1580.0 in stage 346.0 (TID 62094)
17/02/02 00:26:43 INFO executor.CoarseGrainedExecutorBackend: Got assigned task 62095
17/02/02 00:26:43 INFO executor.CoarseGrainedExecutorBackend: Got assigned task 62096
17/02/02 00:26:43 INFO executor.Executor: Running task 1581.0 in stage 346.0 (TID 62095)
17/02/02 00:26:43 INFO executor.CoarseGrainedExecutorBackend: Got assigned task 62097
17/02/02 00:26:43 INFO executor.Executor: Running task 1582.0 in stage 346.0 (TID 62096)
17/02/02 00:26:43 INFO executor.Executor: Running task 1583.0 in stage 346.0 (TID 62097)
17/02/02 00:26:43 INFO storage.ShuffleBlockFetcherIterator: Getting 960 non-empty blocks out of 960 blocks
17/02/02 00:26:43 INFO storage.ShuffleBlockFetcherIterator: Getting 956 non-empty blocks out of 960 blocks
17/02/02 00:26:43 INFO storage.ShuffleBlockFetcherIterator: Started 6 remote fetches in 2 ms
17/02/02 00:26:43 INFO storage.ShuffleBlockFetcherIterator: Started 6 remote fetches in 2 ms
17/02/02 00:26:43 INFO storage.ShuffleBlockFetcherIterator: Getting 956 non-empty blocks out of 960 blocks
17/02/02 00:26:43 INFO storage.ShuffleBlockFetcherIterator: Getting 957 non-empty blocks out of 960 blocks
17/02/02 00:26:43 INFO storage.ShuffleBlockFetcherIterator: Started 6 remote fetches in 4 ms
17/02/02 00:26:43 INFO storage.ShuffleBlockFetcherIterator: Started 6 remote fetches in 4 ms
17/02/02 00:26:43 INFO python.PythonRunner: Times: total = 259, boot = -1153, init = 1154, finish = 258
17/02/02 00:26:43 INFO python.PythonRunner: Times: total = 273, boot = -1215, init = 1216, finish = 272
17/02/02 00:26:43 INFO python.PythonRunner: Times: total = 314, boot = -1052, init = 1053, finish = 313
17/02/02 00:26:43 INFO python.PythonRunner: Times: total = 902, boot = -698, init = 700, finish = 900
17/02/02 00:26:43 INFO python.PythonRunner: Times: total = 411, boot = -1015, init = 1016, finish = 410
17/02/02 00:26:43 INFO python.PythonRunner: Times: total = 298, boot = -1061, init = 1063, finish = 296
17/02/02 00:26:43 INFO python.PythonRunner: Times: total = 1178, boot = -811, init = 812, finish = 1177
17/02/02 00:26:43 INFO python.PythonRunner: Times: total = 286, boot = -890, init = 892, finish = 284
17/02/02 00:26:43 INFO python.PythonRunner: Times: total = 359, boot = -1110, init = 1112, finish = 357
17/02/02 00:26:43 INFO executor.Executor: Finished task 1580.0 in stage 346.0 (TID 62094). 3348 bytes result sent to driver
17/02/02 00:26:43 INFO executor.CoarseGrainedExecutorBackend: Got assigned task 62105
17/02/02 00:26:43 INFO executor.Executor: Running task 1591.0 in stage 346.0 (TID 62105)
17/02/02 00:26:43 INFO storage.ShuffleBlockFetcherIterator: Getting 960 non-empty blocks out of 960 blocks
17/02/02 00:26:43 INFO storage.ShuffleBlockFetcherIterator: Started 6 remote fetches in 2 ms
17/02/02 00:26:43 INFO python.PythonRunner: Times: total = 426, boot = -1075, init = 1077, finish = 424
17/02/02 00:26:43 INFO python.PythonRunner: Times: total = 251, boot = -1165, init = 1167, finish = 249
17/02/02 00:26:44 INFO executor.Executor: Finished task 1572.0 in stage 346.0 (TID 62086). 3348 bytes result sent to driver
17/02/02 00:26:44 INFO executor.CoarseGrainedExecutorBackend: Got assigned task 62118
17/02/02 00:26:44 INFO executor.Executor: Running task 1604.0 in stage 346.0 (TID 62118)
17/02/02 00:26:44 INFO storage.ShuffleBlockFetcherIterator: Getting 958 non-empty blocks out of 960 blocks
17/02/02 00:26:44 INFO storage.ShuffleBlockFetcherIterator: Started 6 remote fetches in 2 ms
17/02/02 00:26:44 INFO python.PythonRunner: Times: total = 286, boot = -1072, init = 1073, finish = 285
17/02/02 00:26:44 INFO executor.Executor: Finished task 1568.0 in stage 346.0 (TID 62082). 3348 bytes result sent to driver
17/02/02 00:26:44 INFO executor.CoarseGrainedExecutorBackend: Got assigned task 62122
17/02/02 00:26:44 INFO executor.Executor: Running task 1608.0 in stage 346.0 (TID 62122)
17/02/02 00:26:44 INFO storage.ShuffleBlockFetcherIterator: Getting 958 non-empty blocks out of 960 blocks
17/02/02 00:26:44 INFO storage.ShuffleBlockFetcherIterator: Started 6 remote fetches in 2 ms
17/02/02 00:26:44 INFO executor.Executor: Finished task 1583.0 in stage 346.0 (TID 62097). 3348 bytes result sent to driver
17/02/02 00:26:44 INFO executor.CoarseGrainedExecutorBackend: Got assigned task 62124
17/02/02 00:26:44 INFO executor.Executor: Running task 1610.0 in stage 346.0 (TID 62124)
