17/02/02 00:25:59 INFO python.PythonRunner: Times: total = 240, boot = -233, init = 235, finish = 238
17/02/02 00:25:59 INFO executor.Executor: Finished task 840.0 in stage 345.0 (TID 60397). 2410 bytes result sent to driver
17/02/02 00:25:59 INFO executor.CoarseGrainedExecutorBackend: Got assigned task 60421
17/02/02 00:25:59 INFO executor.Executor: Running task 867.0 in stage 345.0 (TID 60421)
17/02/02 00:25:59 INFO storage.ShuffleBlockFetcherIterator: Getting 61 non-empty blocks out of 960 blocks
17/02/02 00:25:59 INFO storage.ShuffleBlockFetcherIterator: Started 4 remote fetches in 1 ms
17/02/02 00:25:59 INFO executor.Executor: Finished task 844.0 in stage 345.0 (TID 60399). 2410 bytes result sent to driver
17/02/02 00:25:59 INFO executor.CoarseGrainedExecutorBackend: Got assigned task 60422
17/02/02 00:25:59 INFO executor.Executor: Running task 870.0 in stage 345.0 (TID 60422)
17/02/02 00:25:59 INFO storage.ShuffleBlockFetcherIterator: Getting 61 non-empty blocks out of 960 blocks
17/02/02 00:25:59 INFO storage.ShuffleBlockFetcherIterator: Started 4 remote fetches in 0 ms
17/02/02 00:25:59 INFO python.PythonRunner: Times: total = 258, boot = -203, init = 204, finish = 257
17/02/02 00:25:59 INFO python.PythonRunner: Times: total = 236, boot = -223, init = 224, finish = 235
17/02/02 00:25:59 INFO executor.Executor: Finished task 845.0 in stage 345.0 (TID 60402). 2410 bytes result sent to driver
17/02/02 00:25:59 INFO python.PythonRunner: Times: total = 194, boot = -241, init = 242, finish = 193
17/02/02 00:25:59 INFO executor.CoarseGrainedExecutorBackend: Got assigned task 60424
17/02/02 00:25:59 INFO executor.Executor: Running task 871.0 in stage 345.0 (TID 60424)
17/02/02 00:25:59 INFO storage.ShuffleBlockFetcherIterator: Getting 61 non-empty blocks out of 960 blocks
17/02/02 00:25:59 INFO storage.ShuffleBlockFetcherIterator: Started 4 remote fetches in 0 ms
17/02/02 00:25:59 INFO executor.Executor: Finished task 861.0 in stage 345.0 (TID 60416). 2410 bytes result sent to driver
17/02/02 00:25:59 INFO executor.CoarseGrainedExecutorBackend: Got assigned task 60430
17/02/02 00:25:59 INFO executor.Executor: Running task 874.0 in stage 345.0 (TID 60430)
17/02/02 00:25:59 INFO storage.ShuffleBlockFetcherIterator: Getting 61 non-empty blocks out of 960 blocks
17/02/02 00:25:59 INFO storage.ShuffleBlockFetcherIterator: Started 4 remote fetches in 1 ms
17/02/02 00:25:59 INFO executor.Executor: Finished task 855.0 in stage 345.0 (TID 60406). 2410 bytes result sent to driver
17/02/02 00:25:59 INFO executor.CoarseGrainedExecutorBackend: Got assigned task 60431
17/02/02 00:25:59 INFO executor.Executor: Running task 875.0 in stage 345.0 (TID 60431)
17/02/02 00:25:59 INFO storage.ShuffleBlockFetcherIterator: Getting 61 non-empty blocks out of 960 blocks
17/02/02 00:25:59 INFO storage.ShuffleBlockFetcherIterator: Started 4 remote fetches in 0 ms
17/02/02 00:25:59 INFO executor.Executor: Finished task 856.0 in stage 345.0 (TID 60408). 2410 bytes result sent to driver
17/02/02 00:25:59 INFO executor.CoarseGrainedExecutorBackend: Got assigned task 60434
17/02/02 00:25:59 INFO executor.Executor: Running task 880.0 in stage 345.0 (TID 60434)
17/02/02 00:25:59 INFO storage.ShuffleBlockFetcherIterator: Getting 61 non-empty blocks out of 960 blocks
17/02/02 00:25:59 INFO storage.ShuffleBlockFetcherIterator: Started 4 remote fetches in 0 ms
17/02/02 00:25:59 INFO python.PythonRunner: Times: total = 262, boot = -267, init = 268, finish = 261
17/02/02 00:25:59 INFO python.PythonRunner: Times: total = 294, boot = -306, init = 307, finish = 293
17/02/02 00:25:59 INFO python.PythonRunner: Times: total = 249, boot = -189, init = 191, finish = 247
17/02/02 00:25:59 INFO python.PythonRunner: Times: total = 211, boot = -209, init = 210, finish = 210
17/02/02 00:25:59 INFO python.PythonRunner: Times: total = 248, boot = -245, init = 246, finish = 247
17/02/02 00:25:59 INFO executor.Executor: Finished task 870.0 in stage 345.0 (TID 60422). 2410 bytes result sent to driver
17/02/02 00:25:59 INFO executor.CoarseGrainedExecutorBackend: Got assigned task 60445
17/02/02 00:25:59 INFO executor.Executor: Running task 886.0 in stage 345.0 (TID 60445)
17/02/02 00:25:59 INFO storage.ShuffleBlockFetcherIterator: Getting 61 non-empty blocks out of 960 blocks
17/02/02 00:25:59 INFO storage.ShuffleBlockFetcherIterator: Started 4 remote fetches in 0 ms
17/02/02 00:25:59 INFO executor.Executor: Finished task 867.0 in stage 345.0 (TID 60421). 2410 bytes result sent to driver
17/02/02 00:25:59 INFO executor.CoarseGrainedExecutorBackend: Got assigned task 60447
17/02/02 00:25:59 INFO executor.Executor: Running task 891.0 in stage 345.0 (TID 60447)
17/02/02 00:25:59 INFO storage.ShuffleBlockFetcherIterator: Getting 61 non-empty blocks out of 960 blocks
17/02/02 00:25:59 INFO storage.ShuffleBlockFetcherIterator: Started 4 remote fetches in 0 ms
17/02/02 00:25:59 INFO python.PythonRunner: Times: total = 247, boot = -169, init = 171, finish = 245
17/02/02 00:25:59 INFO executor.Executor: Finished task 871.0 in stage 345.0 (TID 60424). 2410 bytes result sent to driver
17/02/02 00:25:59 INFO executor.CoarseGrainedExecutorBackend: Got assigned task 60448
17/02/02 00:25:59 INFO executor.Executor: Running task 893.0 in stage 345.0 (TID 60448)
17/02/02 00:25:59 INFO storage.ShuffleBlockFetcherIterator: Getting 61 non-empty blocks out of 960 blocks
17/02/02 00:25:59 INFO storage.ShuffleBlockFetcherIterator: Started 4 remote fetches in 1 ms
17/02/02 00:25:59 INFO executor.Executor: Finished task 875.0 in stage 345.0 (TID 60431). 2410 bytes result sent to driver
17/02/02 00:25:59 INFO executor.CoarseGrainedExecutorBackend: Got assigned task 60450
17/02/02 00:25:59 INFO executor.Executor: Running task 896.0 in stage 345.0 (TID 60450)
17/02/02 00:25:59 INFO storage.ShuffleBlockFetcherIterator: Getting 61 non-empty blocks out of 960 blocks
17/02/02 00:25:59 INFO storage.ShuffleBlockFetcherIterator: Started 4 remote fetches in 0 ms
17/02/02 00:26:00 INFO executor.Executor: Finished task 874.0 in stage 345.0 (TID 60430). 2410 bytes result sent to driver
17/02/02 00:26:00 INFO executor.CoarseGrainedExecutorBackend: Got assigned task 60451
17/02/02 00:26:00 INFO executor.Executor: Running task 897.0 in stage 345.0 (TID 60451)
17/02/02 00:26:00 INFO storage.ShuffleBlockFetcherIterator: Getting 61 non-empty blocks out of 960 blocks
17/02/02 00:26:00 INFO storage.ShuffleBlockFetcherIterator: Started 4 remote fetches in 1 ms
17/02/02 00:26:00 INFO executor.Executor: Finished task 880.0 in stage 345.0 (TID 60434). 2410 bytes result sent to driver
17/02/02 00:26:00 INFO executor.CoarseGrainedExecutorBackend: Got assigned task 60460
17/02/02 00:26:00 INFO executor.Executor: Running task 904.0 in stage 345.0 (TID 60460)
17/02/02 00:26:00 INFO storage.ShuffleBlockFetcherIterator: Getting 61 non-empty blocks out of 960 blocks
17/02/02 00:26:00 INFO storage.ShuffleBlockFetcherIterator: Started 4 remote fetches in 1 ms
17/02/02 00:26:00 INFO python.PythonRunner: Times: total = 238, boot = -364, init = 366, finish = 236
17/02/02 00:26:00 INFO python.PythonRunner: Times: total = 215, boot = -162, init = 163, finish = 214
17/02/02 00:26:00 INFO python.PythonRunner: Times: total = 264, boot = -204, init = 205, finish = 263
17/02/02 00:26:00 INFO python.PythonRunner: Times: total = 313, boot = -205, init = 206, finish = 312
17/02/02 00:26:00 INFO python.PythonRunner: Times: total = 423, boot = -352, init = 354, finish = 421
17/02/02 00:26:00 INFO executor.Executor: Finished task 897.0 in stage 345.0 (TID 60451). 2410 bytes result sent to driver
17/02/02 00:26:00 INFO executor.CoarseGrainedExecutorBackend: Got assigned task 60475
17/02/02 00:26:00 INFO executor.Executor: Running task 921.0 in stage 345.0 (TID 60475)
17/02/02 00:26:00 INFO storage.ShuffleBlockFetcherIterator: Getting 61 non-empty blocks out of 960 blocks
17/02/02 00:26:00 INFO storage.ShuffleBlockFetcherIterator: Started 4 remote fetches in 1 ms
17/02/02 00:26:00 INFO executor.Executor: Finished task 896.0 in stage 345.0 (TID 60450). 2410 bytes result sent to driver
17/02/02 00:26:00 INFO executor.CoarseGrainedExecutorBackend: Got assigned task 60476
17/02/02 00:26:00 INFO executor.Executor: Running task 923.0 in stage 345.0 (TID 60476)
17/02/02 00:26:00 INFO storage.ShuffleBlockFetcherIterator: Getting 61 non-empty blocks out of 960 blocks
17/02/02 00:26:00 INFO storage.ShuffleBlockFetcherIterator: Started 4 remote fetches in 0 ms
17/02/02 00:26:00 INFO python.PythonRunner: Times: total = 317, boot = -251, init = 252, finish = 316
17/02/02 00:26:00 INFO executor.Executor: Finished task 886.0 in stage 345.0 (TID 60445). 2410 bytes result sent to driver
17/02/02 00:26:00 INFO executor.CoarseGrainedExecutorBackend: Got assigned task 60477
17/02/02 00:26:00 INFO executor.Executor: Running task 925.0 in stage 345.0 (TID 60477)
17/02/02 00:26:00 INFO storage.ShuffleBlockFetcherIterator: Getting 61 non-empty blocks out of 960 blocks
17/02/02 00:26:00 INFO storage.ShuffleBlockFetcherIterator: Started 4 remote fetches in 1 ms
17/02/02 00:26:00 INFO executor.Executor: Finished task 893.0 in stage 345.0 (TID 60448). 2410 bytes result sent to driver
17/02/02 00:26:00 INFO executor.CoarseGrainedExecutorBackend: Got assigned task 60478
17/02/02 00:26:00 INFO executor.Executor: Running task 926.0 in stage 345.0 (TID 60478)
17/02/02 00:26:00 INFO storage.ShuffleBlockFetcherIterator: Getting 61 non-empty blocks out of 960 blocks
17/02/02 00:26:00 INFO storage.ShuffleBlockFetcherIterator: Started 4 remote fetches in 0 ms
17/02/02 00:26:00 INFO executor.Executor: Finished task 891.0 in stage 345.0 (TID 60447). 2410 bytes result sent to driver
17/02/02 00:26:00 INFO executor.CoarseGrainedExecutorBackend: Got assigned task 60481
17/02/02 00:26:00 INFO executor.Executor: Running task 927.0 in stage 345.0 (TID 60481)
17/02/02 00:26:00 INFO storage.ShuffleBlockFetcherIterator: Getting 61 non-empty blocks out of 960 blocks
