17/02/02 00:27:39 INFO executor.Executor: Running task 367.0 in stage 364.0 (TID 66581)
17/02/02 00:27:39 INFO storage.ShuffleBlockFetcherIterator: Getting 93 non-empty blocks out of 1920 blocks
17/02/02 00:27:39 INFO storage.ShuffleBlockFetcherIterator: Started 4 remote fetches in 1 ms
17/02/02 00:27:39 INFO storage.ShuffleBlockFetcherIterator: Getting 93 non-empty blocks out of 1920 blocks
17/02/02 00:27:39 INFO storage.ShuffleBlockFetcherIterator: Started 4 remote fetches in 0 ms
17/02/02 00:27:39 INFO python.PythonRunner: Times: total = 17, boot = -49, init = 51, finish = 15
17/02/02 00:27:39 INFO python.PythonRunner: Times: total = 9, boot = -53, init = 54, finish = 8
17/02/02 00:27:39 INFO executor.Executor: Finished task 361.0 in stage 364.0 (TID 66575). 3378 bytes result sent to driver
17/02/02 00:27:39 INFO executor.CoarseGrainedExecutorBackend: Got assigned task 66589
17/02/02 00:27:39 INFO executor.Executor: Running task 375.0 in stage 364.0 (TID 66589)
17/02/02 00:27:39 INFO python.PythonRunner: Times: total = 14, boot = -38, init = 39, finish = 13
17/02/02 00:27:39 INFO python.PythonRunner: Times: total = 52, boot = -28, init = 30, finish = 50
17/02/02 00:27:39 INFO executor.Executor: Finished task 366.0 in stage 364.0 (TID 66580). 3378 bytes result sent to driver
17/02/02 00:27:39 INFO storage.ShuffleBlockFetcherIterator: Getting 93 non-empty blocks out of 1920 blocks
17/02/02 00:27:39 INFO python.PythonRunner: Times: total = 53, boot = -54, init = 55, finish = 52
17/02/02 00:27:39 INFO storage.ShuffleBlockFetcherIterator: Started 4 remote fetches in 0 ms
17/02/02 00:27:39 INFO executor.CoarseGrainedExecutorBackend: Got assigned task 66592
17/02/02 00:27:39 INFO executor.Executor: Running task 378.0 in stage 364.0 (TID 66592)
17/02/02 00:27:39 INFO storage.ShuffleBlockFetcherIterator: Getting 93 non-empty blocks out of 1920 blocks
17/02/02 00:27:39 INFO storage.ShuffleBlockFetcherIterator: Started 4 remote fetches in 1 ms
17/02/02 00:27:39 INFO executor.Executor: Finished task 367.0 in stage 364.0 (TID 66581). 3378 bytes result sent to driver
17/02/02 00:27:39 INFO executor.CoarseGrainedExecutorBackend: Got assigned task 66596
17/02/02 00:27:39 INFO executor.Executor: Finished task 350.0 in stage 364.0 (TID 66564). 3378 bytes result sent to driver
17/02/02 00:27:39 INFO executor.Executor: Running task 382.0 in stage 364.0 (TID 66596)
17/02/02 00:27:39 INFO executor.CoarseGrainedExecutorBackend: Got assigned task 66597
17/02/02 00:27:39 INFO executor.Executor: Running task 383.0 in stage 364.0 (TID 66597)
17/02/02 00:27:39 INFO executor.Executor: Finished task 349.0 in stage 364.0 (TID 66563). 3378 bytes result sent to driver
17/02/02 00:27:39 INFO storage.ShuffleBlockFetcherIterator: Getting 93 non-empty blocks out of 1920 blocks
17/02/02 00:27:39 INFO python.PythonRunner: Times: total = 52, boot = -39, init = 40, finish = 51
17/02/02 00:27:39 INFO storage.ShuffleBlockFetcherIterator: Started 4 remote fetches in 0 ms
17/02/02 00:27:39 INFO storage.ShuffleBlockFetcherIterator: Getting 93 non-empty blocks out of 1920 blocks
17/02/02 00:27:39 INFO storage.ShuffleBlockFetcherIterator: Started 4 remote fetches in 0 ms
17/02/02 00:27:39 INFO executor.CoarseGrainedExecutorBackend: Got assigned task 66598
17/02/02 00:27:39 INFO executor.Executor: Running task 384.0 in stage 364.0 (TID 66598)
17/02/02 00:27:39 INFO storage.ShuffleBlockFetcherIterator: Getting 93 non-empty blocks out of 1920 blocks
17/02/02 00:27:39 INFO storage.ShuffleBlockFetcherIterator: Started 4 remote fetches in 1 ms
17/02/02 00:27:39 INFO python.PythonRunner: Times: total = 16, boot = -45, init = 46, finish = 15
17/02/02 00:27:39 INFO executor.Executor: Finished task 357.0 in stage 364.0 (TID 66571). 3378 bytes result sent to driver
17/02/02 00:27:39 INFO executor.CoarseGrainedExecutorBackend: Got assigned task 66605
17/02/02 00:27:39 INFO executor.Executor: Running task 391.0 in stage 364.0 (TID 66605)
17/02/02 00:27:39 INFO python.PythonRunner: Times: total = 20, boot = -40, init = 41, finish = 19
17/02/02 00:27:39 INFO storage.ShuffleBlockFetcherIterator: Getting 93 non-empty blocks out of 1920 blocks
17/02/02 00:27:39 INFO storage.ShuffleBlockFetcherIterator: Started 4 remote fetches in 1 ms
17/02/02 00:27:39 INFO executor.Executor: Finished task 375.0 in stage 364.0 (TID 66589). 3378 bytes result sent to driver
17/02/02 00:27:39 INFO executor.CoarseGrainedExecutorBackend: Got assigned task 66608
17/02/02 00:27:39 INFO executor.Executor: Running task 394.0 in stage 364.0 (TID 66608)
17/02/02 00:27:39 INFO python.PythonRunner: Times: total = 17, boot = -39, init = 40, finish = 16
17/02/02 00:27:39 INFO storage.ShuffleBlockFetcherIterator: Getting 93 non-empty blocks out of 1920 blocks
17/02/02 00:27:39 INFO storage.ShuffleBlockFetcherIterator: Started 4 remote fetches in 0 ms
17/02/02 00:27:39 INFO executor.Executor: Finished task 378.0 in stage 364.0 (TID 66592). 3378 bytes result sent to driver
17/02/02 00:27:39 INFO executor.CoarseGrainedExecutorBackend: Got assigned task 66616
17/02/02 00:27:39 INFO executor.Executor: Running task 402.0 in stage 364.0 (TID 66616)
17/02/02 00:27:39 INFO storage.ShuffleBlockFetcherIterator: Getting 93 non-empty blocks out of 1920 blocks
17/02/02 00:27:39 INFO storage.ShuffleBlockFetcherIterator: Started 4 remote fetches in 1 ms
17/02/02 00:27:39 INFO executor.Executor: Finished task 382.0 in stage 364.0 (TID 66596). 3378 bytes result sent to driver
17/02/02 00:27:39 INFO executor.CoarseGrainedExecutorBackend: Got assigned task 66617
17/02/02 00:27:39 INFO executor.Executor: Running task 403.0 in stage 364.0 (TID 66617)
17/02/02 00:27:39 INFO storage.ShuffleBlockFetcherIterator: Getting 93 non-empty blocks out of 1920 blocks
17/02/02 00:27:39 INFO storage.ShuffleBlockFetcherIterator: Started 4 remote fetches in 1 ms
17/02/02 00:27:39 INFO python.PythonRunner: Times: total = 12, boot = -23, init = 24, finish = 11
17/02/02 00:27:39 INFO executor.Executor: Finished task 402.0 in stage 364.0 (TID 66616). 3378 bytes result sent to driver
17/02/02 00:27:39 INFO executor.CoarseGrainedExecutorBackend: Got assigned task 66628
17/02/02 00:27:39 INFO executor.Executor: Running task 414.0 in stage 364.0 (TID 66628)
17/02/02 00:27:39 INFO storage.ShuffleBlockFetcherIterator: Getting 93 non-empty blocks out of 1920 blocks
17/02/02 00:27:39 INFO storage.ShuffleBlockFetcherIterator: Started 4 remote fetches in 1 ms
17/02/02 00:27:39 INFO python.PythonRunner: Times: total = 53, boot = -31, init = 33, finish = 51
17/02/02 00:27:39 INFO python.PythonRunner: Times: total = 56, boot = -29, init = 31, finish = 54
17/02/02 00:27:39 INFO executor.Executor: Finished task 383.0 in stage 364.0 (TID 66597). 3378 bytes result sent to driver
17/02/02 00:27:39 INFO executor.CoarseGrainedExecutorBackend: Got assigned task 66632
17/02/02 00:27:39 INFO executor.Executor: Running task 418.0 in stage 364.0 (TID 66632)
17/02/02 00:27:39 INFO storage.ShuffleBlockFetcherIterator: Getting 93 non-empty blocks out of 1920 blocks
17/02/02 00:27:39 INFO storage.ShuffleBlockFetcherIterator: Started 4 remote fetches in 0 ms
17/02/02 00:27:39 INFO executor.Executor: Finished task 384.0 in stage 364.0 (TID 66598). 3378 bytes result sent to driver
17/02/02 00:27:39 INFO python.PythonRunner: Times: total = 54, boot = -37, init = 38, finish = 53
17/02/02 00:27:39 INFO executor.CoarseGrainedExecutorBackend: Got assigned task 66636
17/02/02 00:27:39 INFO executor.Executor: Running task 422.0 in stage 364.0 (TID 66636)
17/02/02 00:27:39 INFO storage.ShuffleBlockFetcherIterator: Getting 93 non-empty blocks out of 1920 blocks
17/02/02 00:27:39 INFO storage.ShuffleBlockFetcherIterator: Started 4 remote fetches in 0 ms
17/02/02 00:27:39 INFO python.PythonRunner: Times: total = 55, boot = -16, init = 17, finish = 54
17/02/02 00:27:39 INFO executor.Executor: Finished task 391.0 in stage 364.0 (TID 66605). 3378 bytes result sent to driver
17/02/02 00:27:39 INFO executor.CoarseGrainedExecutorBackend: Got assigned task 66642
17/02/02 00:27:39 INFO executor.Executor: Running task 428.0 in stage 364.0 (TID 66642)
17/02/02 00:27:39 INFO storage.ShuffleBlockFetcherIterator: Getting 93 non-empty blocks out of 1920 blocks
17/02/02 00:27:39 INFO storage.ShuffleBlockFetcherIterator: Started 4 remote fetches in 1 ms
17/02/02 00:27:39 INFO python.PythonRunner: Times: total = 13, boot = -56, init = 57, finish = 12
17/02/02 00:27:39 INFO python.PythonRunner: Times: total = 49, boot = -20, init = 21, finish = 48
17/02/02 00:27:39 INFO executor.Executor: Finished task 394.0 in stage 364.0 (TID 66608). 3378 bytes result sent to driver
17/02/02 00:27:39 INFO executor.CoarseGrainedExecutorBackend: Got assigned task 66645
17/02/02 00:27:39 INFO executor.Executor: Running task 431.0 in stage 364.0 (TID 66645)
17/02/02 00:27:39 INFO storage.ShuffleBlockFetcherIterator: Getting 93 non-empty blocks out of 1920 blocks
17/02/02 00:27:39 INFO storage.ShuffleBlockFetcherIterator: Started 4 remote fetches in 1 ms
17/02/02 00:27:39 INFO executor.Executor: Finished task 418.0 in stage 364.0 (TID 66632). 3378 bytes result sent to driver
17/02/02 00:27:39 INFO executor.CoarseGrainedExecutorBackend: Got assigned task 66650
17/02/02 00:27:39 INFO executor.Executor: Running task 436.0 in stage 364.0 (TID 66650)
17/02/02 00:27:39 INFO executor.Executor: Finished task 403.0 in stage 364.0 (TID 66617). 3378 bytes result sent to driver
17/02/02 00:27:39 INFO storage.ShuffleBlockFetcherIterator: Getting 93 non-empty blocks out of 1920 blocks
17/02/02 00:27:39 INFO storage.ShuffleBlockFetcherIterator: Started 4 remote fetches in 0 ms
17/02/02 00:27:39 INFO executor.CoarseGrainedExecutorBackend: Got assigned task 66654
17/02/02 00:27:39 INFO executor.Executor: Running task 440.0 in stage 364.0 (TID 66654)
17/02/02 00:27:39 INFO storage.ShuffleBlockFetcherIterator: Getting 93 non-empty blocks out of 1920 blocks
