17/02/01 23:11:16 INFO executor.CoarseGrainedExecutorBackend: Got assigned task 39680
17/02/01 23:11:16 INFO executor.Executor: Running task 1192.0 in stage 221.0 (TID 39680)
17/02/01 23:11:16 INFO storage.ShuffleBlockFetcherIterator: Getting 939 non-empty blocks out of 1890 blocks
17/02/01 23:11:16 INFO python.PythonRunner: Times: total = 123, boot = 17, init = 0, finish = 106
17/02/01 23:11:16 INFO executor.Executor: Finished task 1173.0 in stage 221.0 (TID 39661). 1251 bytes result sent to driver
17/02/01 23:11:16 INFO storage.ShuffleBlockFetcherIterator: Started 3 remote fetches in 3 ms
17/02/01 23:11:16 INFO executor.CoarseGrainedExecutorBackend: Got assigned task 39681
17/02/01 23:11:16 INFO executor.Executor: Running task 1193.0 in stage 221.0 (TID 39681)
17/02/01 23:11:16 INFO storage.ShuffleBlockFetcherIterator: Getting 951 non-empty blocks out of 1890 blocks
17/02/01 23:11:16 INFO storage.ShuffleBlockFetcherIterator: Started 4 remote fetches in 4 ms
17/02/01 23:11:16 INFO python.PythonRunner: Times: total = 136, boot = 11, init = 6, finish = 119
17/02/01 23:11:16 INFO executor.Executor: Finished task 1174.0 in stage 221.0 (TID 39662). 1251 bytes result sent to driver
17/02/01 23:11:16 INFO executor.CoarseGrainedExecutorBackend: Got assigned task 39684
17/02/01 23:11:16 INFO executor.Executor: Running task 1196.0 in stage 221.0 (TID 39684)
17/02/01 23:11:16 INFO storage.ShuffleBlockFetcherIterator: Getting 954 non-empty blocks out of 1890 blocks
17/02/01 23:11:16 INFO storage.ShuffleBlockFetcherIterator: Started 4 remote fetches in 4 ms
17/02/01 23:11:16 INFO python.PythonRunner: Times: total = 109, boot = 19, init = 0, finish = 90
17/02/01 23:11:16 INFO executor.Executor: Finished task 1183.0 in stage 221.0 (TID 39671). 1251 bytes result sent to driver
17/02/01 23:11:16 INFO executor.CoarseGrainedExecutorBackend: Got assigned task 39688
17/02/01 23:11:16 INFO executor.Executor: Running task 1200.0 in stage 221.0 (TID 39688)
17/02/01 23:11:16 INFO storage.ShuffleBlockFetcherIterator: Getting 956 non-empty blocks out of 1890 blocks
17/02/01 23:11:16 INFO storage.ShuffleBlockFetcherIterator: Started 4 remote fetches in 3 ms
17/02/01 23:11:16 INFO python.PythonRunner: Times: total = 114, boot = 11, init = 0, finish = 103
17/02/01 23:11:16 INFO executor.Executor: Finished task 1185.0 in stage 221.0 (TID 39673). 1251 bytes result sent to driver
17/02/01 23:11:16 INFO executor.CoarseGrainedExecutorBackend: Got assigned task 39694
17/02/01 23:11:16 INFO executor.Executor: Running task 1206.0 in stage 221.0 (TID 39694)
17/02/01 23:11:16 INFO storage.ShuffleBlockFetcherIterator: Getting 941 non-empty blocks out of 1890 blocks
17/02/01 23:11:16 INFO storage.ShuffleBlockFetcherIterator: Started 3 remote fetches in 10 ms
17/02/01 23:11:16 INFO python.PythonRunner: Times: total = 131, boot = 15, init = 0, finish = 116
17/02/01 23:11:16 INFO executor.Executor: Finished task 1186.0 in stage 221.0 (TID 39674). 1251 bytes result sent to driver
17/02/01 23:11:16 INFO executor.CoarseGrainedExecutorBackend: Got assigned task 39697
17/02/01 23:11:16 INFO executor.Executor: Running task 1209.0 in stage 221.0 (TID 39697)
17/02/01 23:11:16 INFO storage.ShuffleBlockFetcherIterator: Getting 939 non-empty blocks out of 1890 blocks
17/02/01 23:11:16 INFO storage.ShuffleBlockFetcherIterator: Started 4 remote fetches in 3 ms
17/02/01 23:11:16 INFO python.PythonRunner: Times: total = 128, boot = 22, init = 0, finish = 106
17/02/01 23:11:16 INFO executor.Executor: Finished task 1192.0 in stage 221.0 (TID 39680). 1251 bytes result sent to driver
17/02/01 23:11:16 INFO executor.CoarseGrainedExecutorBackend: Got assigned task 39700
17/02/01 23:11:16 INFO executor.Executor: Running task 1212.0 in stage 221.0 (TID 39700)
17/02/01 23:11:16 INFO storage.ShuffleBlockFetcherIterator: Getting 949 non-empty blocks out of 1890 blocks
17/02/01 23:11:16 INFO storage.ShuffleBlockFetcherIterator: Started 4 remote fetches in 2 ms
17/02/01 23:11:16 INFO python.PythonRunner: Times: total = 151, boot = 22, init = 0, finish = 129
17/02/01 23:11:16 INFO executor.Executor: Finished task 1193.0 in stage 221.0 (TID 39681). 1251 bytes result sent to driver
17/02/01 23:11:16 INFO executor.CoarseGrainedExecutorBackend: Got assigned task 39704
17/02/01 23:11:16 INFO executor.Executor: Running task 1216.0 in stage 221.0 (TID 39704)
17/02/01 23:11:16 INFO storage.ShuffleBlockFetcherIterator: Getting 946 non-empty blocks out of 1890 blocks
17/02/01 23:11:16 INFO storage.ShuffleBlockFetcherIterator: Started 3 remote fetches in 4 ms
17/02/01 23:11:16 INFO python.PythonRunner: Times: total = 150, boot = 17, init = 1, finish = 132
17/02/01 23:11:16 INFO executor.Executor: Finished task 1196.0 in stage 221.0 (TID 39684). 1251 bytes result sent to driver
17/02/01 23:11:16 INFO executor.CoarseGrainedExecutorBackend: Got assigned task 39706
17/02/01 23:11:16 INFO executor.Executor: Running task 1218.0 in stage 221.0 (TID 39706)
17/02/01 23:11:16 INFO storage.ShuffleBlockFetcherIterator: Getting 954 non-empty blocks out of 1890 blocks
17/02/01 23:11:16 INFO storage.ShuffleBlockFetcherIterator: Started 3 remote fetches in 4 ms
17/02/01 23:11:16 INFO python.PythonRunner: Times: total = 137, boot = 6, init = 0, finish = 131
17/02/01 23:11:16 INFO executor.Executor: Finished task 1206.0 in stage 221.0 (TID 39694). 1251 bytes result sent to driver
17/02/01 23:11:16 INFO executor.CoarseGrainedExecutorBackend: Got assigned task 39715
17/02/01 23:11:16 INFO executor.Executor: Running task 1227.0 in stage 221.0 (TID 39715)
17/02/01 23:11:16 INFO storage.ShuffleBlockFetcherIterator: Getting 942 non-empty blocks out of 1890 blocks
17/02/01 23:11:16 INFO storage.ShuffleBlockFetcherIterator: Started 3 remote fetches in 5 ms
17/02/01 23:11:16 INFO python.PythonRunner: Times: total = 187, boot = 11, init = 0, finish = 176
17/02/01 23:11:16 INFO executor.Executor: Finished task 1200.0 in stage 221.0 (TID 39688). 1251 bytes result sent to driver
17/02/01 23:11:16 INFO executor.CoarseGrainedExecutorBackend: Got assigned task 39716
17/02/01 23:11:16 INFO executor.Executor: Running task 1228.0 in stage 221.0 (TID 39716)
17/02/01 23:11:16 INFO storage.ShuffleBlockFetcherIterator: Getting 939 non-empty blocks out of 1890 blocks
17/02/01 23:11:16 INFO storage.ShuffleBlockFetcherIterator: Started 3 remote fetches in 3 ms
17/02/01 23:11:16 INFO python.PythonRunner: Times: total = 143, boot = 11, init = 1, finish = 131
17/02/01 23:11:16 INFO executor.Executor: Finished task 1212.0 in stage 221.0 (TID 39700). 1251 bytes result sent to driver
17/02/01 23:11:16 INFO executor.CoarseGrainedExecutorBackend: Got assigned task 39720
17/02/01 23:11:16 INFO executor.Executor: Running task 1232.0 in stage 221.0 (TID 39720)
17/02/01 23:11:16 INFO storage.ShuffleBlockFetcherIterator: Getting 947 non-empty blocks out of 1890 blocks
17/02/01 23:11:16 INFO storage.ShuffleBlockFetcherIterator: Started 3 remote fetches in 6 ms
17/02/01 23:11:16 INFO python.PythonRunner: Times: total = 183, boot = 18, init = 0, finish = 165
17/02/01 23:11:16 INFO executor.Executor: Finished task 1209.0 in stage 221.0 (TID 39697). 1251 bytes result sent to driver
17/02/01 23:11:16 INFO executor.CoarseGrainedExecutorBackend: Got assigned task 39722
17/02/01 23:11:16 INFO executor.Executor: Running task 1234.0 in stage 221.0 (TID 39722)
17/02/01 23:11:16 INFO storage.ShuffleBlockFetcherIterator: Getting 950 non-empty blocks out of 1890 blocks
17/02/01 23:11:16 INFO storage.ShuffleBlockFetcherIterator: Started 4 remote fetches in 3 ms
17/02/01 23:11:16 INFO python.PythonRunner: Times: total = 138, boot = 15, init = 0, finish = 123
17/02/01 23:11:16 INFO executor.Executor: Finished task 1218.0 in stage 221.0 (TID 39706). 1251 bytes result sent to driver
17/02/01 23:11:16 INFO python.PythonRunner: Times: total = 161, boot = 10, init = 0, finish = 151
17/02/01 23:11:16 INFO executor.Executor: Finished task 1216.0 in stage 221.0 (TID 39704). 1251 bytes result sent to driver
17/02/01 23:11:16 INFO executor.CoarseGrainedExecutorBackend: Got assigned task 39729
17/02/01 23:11:16 INFO executor.Executor: Running task 1241.0 in stage 221.0 (TID 39729)
17/02/01 23:11:16 INFO executor.CoarseGrainedExecutorBackend: Got assigned task 39730
17/02/01 23:11:16 INFO executor.Executor: Running task 1242.0 in stage 221.0 (TID 39730)
17/02/01 23:11:16 INFO storage.ShuffleBlockFetcherIterator: Getting 952 non-empty blocks out of 1890 blocks
17/02/01 23:11:16 INFO storage.ShuffleBlockFetcherIterator: Getting 942 non-empty blocks out of 1890 blocks
17/02/01 23:11:16 INFO storage.ShuffleBlockFetcherIterator: Started 4 remote fetches in 3 ms
17/02/01 23:11:16 INFO storage.ShuffleBlockFetcherIterator: Started 4 remote fetches in 3 ms
17/02/01 23:11:16 INFO python.PythonRunner: Times: total = 118, boot = 11, init = 0, finish = 107
17/02/01 23:11:16 INFO executor.Executor: Finished task 1227.0 in stage 221.0 (TID 39715). 1251 bytes result sent to driver
17/02/01 23:11:16 INFO executor.CoarseGrainedExecutorBackend: Got assigned task 39733
17/02/01 23:11:16 INFO executor.Executor: Running task 1245.0 in stage 221.0 (TID 39733)
17/02/01 23:11:16 INFO storage.ShuffleBlockFetcherIterator: Getting 948 non-empty blocks out of 1890 blocks
17/02/01 23:11:16 INFO storage.ShuffleBlockFetcherIterator: Started 4 remote fetches in 4 ms
17/02/01 23:11:16 INFO python.PythonRunner: Times: total = 124, boot = 23, init = 1, finish = 100
17/02/01 23:11:16 INFO executor.Executor: Finished task 1228.0 in stage 221.0 (TID 39716). 1251 bytes result sent to driver
17/02/01 23:11:16 INFO executor.CoarseGrainedExecutorBackend: Got assigned task 39736
17/02/01 23:11:16 INFO executor.Executor: Running task 1248.0 in stage 221.0 (TID 39736)
17/02/01 23:11:16 INFO storage.ShuffleBlockFetcherIterator: Getting 944 non-empty blocks out of 1890 blocks
17/02/01 23:11:16 INFO storage.ShuffleBlockFetcherIterator: Started 4 remote fetches in 3 ms
