17/02/02 00:27:52 INFO python.PythonRunner: Times: total = 324, boot = -171, init = 172, finish = 323
17/02/02 00:27:52 INFO executor.Executor: Finished task 409.0 in stage 381.0 (TID 70463). 2354693 bytes result sent to driver
17/02/02 00:27:52 INFO executor.CoarseGrainedExecutorBackend: Got assigned task 70483
17/02/02 00:27:52 INFO executor.Executor: Running task 429.0 in stage 381.0 (TID 70483)
17/02/02 00:27:52 INFO python.PythonRunner: Times: total = 329, boot = -161, init = 161, finish = 329
17/02/02 00:27:52 INFO storage.ShuffleBlockFetcherIterator: Getting 948 non-empty blocks out of 1890 blocks
17/02/02 00:27:52 INFO executor.Executor: Finished task 410.0 in stage 381.0 (TID 70464). 2354658 bytes result sent to driver
17/02/02 00:27:52 INFO storage.ShuffleBlockFetcherIterator: Started 3 remote fetches in 2 ms
17/02/02 00:27:52 INFO executor.CoarseGrainedExecutorBackend: Got assigned task 70484
17/02/02 00:27:52 INFO executor.Executor: Running task 430.0 in stage 381.0 (TID 70484)
17/02/02 00:27:52 INFO storage.ShuffleBlockFetcherIterator: Getting 953 non-empty blocks out of 1890 blocks
17/02/02 00:27:52 INFO storage.ShuffleBlockFetcherIterator: Started 3 remote fetches in 2 ms
17/02/02 00:27:52 INFO python.PythonRunner: Times: total = 181, boot = -330, init = 331, finish = 180
17/02/02 00:27:52 INFO executor.Executor: Finished task 416.0 in stage 381.0 (TID 70470). 2354588 bytes result sent to driver
17/02/02 00:27:52 INFO executor.CoarseGrainedExecutorBackend: Got assigned task 70491
17/02/02 00:27:52 INFO executor.Executor: Running task 437.0 in stage 381.0 (TID 70491)
17/02/02 00:27:52 INFO storage.ShuffleBlockFetcherIterator: Getting 941 non-empty blocks out of 1890 blocks
17/02/02 00:27:52 INFO storage.ShuffleBlockFetcherIterator: Started 3 remote fetches in 2 ms
17/02/02 00:27:52 INFO python.PythonRunner: Times: total = 172, boot = -315, init = 316, finish = 171
17/02/02 00:27:52 INFO executor.Executor: Finished task 419.0 in stage 381.0 (TID 70473). 2354693 bytes result sent to driver
17/02/02 00:27:52 INFO executor.CoarseGrainedExecutorBackend: Got assigned task 70495
17/02/02 00:27:52 INFO executor.Executor: Running task 441.0 in stage 381.0 (TID 70495)
17/02/02 00:27:52 INFO storage.ShuffleBlockFetcherIterator: Getting 948 non-empty blocks out of 1890 blocks
17/02/02 00:27:52 INFO storage.ShuffleBlockFetcherIterator: Started 3 remote fetches in 3 ms
17/02/02 00:27:52 INFO python.PythonRunner: Times: total = 173, boot = -340, init = 341, finish = 172
17/02/02 00:27:52 INFO executor.Executor: Finished task 420.0 in stage 381.0 (TID 70474). 2354518 bytes result sent to driver
17/02/02 00:27:52 INFO executor.CoarseGrainedExecutorBackend: Got assigned task 70499
17/02/02 00:27:52 INFO executor.Executor: Running task 445.0 in stage 381.0 (TID 70499)
17/02/02 00:27:52 INFO storage.ShuffleBlockFetcherIterator: Getting 944 non-empty blocks out of 1890 blocks
17/02/02 00:27:52 INFO storage.ShuffleBlockFetcherIterator: Started 3 remote fetches in 2 ms
17/02/02 00:27:52 INFO python.PythonRunner: Times: total = 164, boot = -350, init = 351, finish = 163
17/02/02 00:27:52 INFO executor.Executor: Finished task 426.0 in stage 381.0 (TID 70480). 2354693 bytes result sent to driver
17/02/02 00:27:52 INFO executor.CoarseGrainedExecutorBackend: Got assigned task 70502
17/02/02 00:27:52 INFO executor.Executor: Running task 448.0 in stage 381.0 (TID 70502)
17/02/02 00:27:52 INFO storage.ShuffleBlockFetcherIterator: Getting 954 non-empty blocks out of 1890 blocks
17/02/02 00:27:52 INFO storage.ShuffleBlockFetcherIterator: Started 3 remote fetches in 2 ms
17/02/02 00:27:52 INFO python.PythonRunner: Times: total = 159, boot = -339, init = 339, finish = 159
17/02/02 00:27:52 INFO executor.Executor: Finished task 429.0 in stage 381.0 (TID 70483). 2354728 bytes result sent to driver
17/02/02 00:27:52 INFO executor.CoarseGrainedExecutorBackend: Got assigned task 70506
17/02/02 00:27:52 INFO executor.Executor: Running task 452.0 in stage 381.0 (TID 70506)
17/02/02 00:27:52 INFO storage.ShuffleBlockFetcherIterator: Getting 933 non-empty blocks out of 1890 blocks
17/02/02 00:27:52 INFO storage.ShuffleBlockFetcherIterator: Started 3 remote fetches in 3 ms
17/02/02 00:27:52 INFO python.PythonRunner: Times: total = 189, boot = -351, init = 352, finish = 188
17/02/02 00:27:52 INFO executor.Executor: Finished task 430.0 in stage 381.0 (TID 70484). 2354728 bytes result sent to driver
17/02/02 00:27:52 INFO executor.CoarseGrainedExecutorBackend: Got assigned task 70512
17/02/02 00:27:52 INFO executor.Executor: Running task 458.0 in stage 381.0 (TID 70512)
17/02/02 00:27:52 INFO storage.ShuffleBlockFetcherIterator: Getting 944 non-empty blocks out of 1890 blocks
17/02/02 00:27:52 INFO storage.ShuffleBlockFetcherIterator: Started 3 remote fetches in 2 ms
17/02/02 00:27:53 INFO python.PythonRunner: Times: total = 189, boot = -208, init = 208, finish = 189
17/02/02 00:27:53 INFO executor.Executor: Finished task 437.0 in stage 381.0 (TID 70491). 2354623 bytes result sent to driver
17/02/02 00:27:53 INFO executor.CoarseGrainedExecutorBackend: Got assigned task 70517
17/02/02 00:27:53 INFO executor.Executor: Running task 463.0 in stage 381.0 (TID 70517)
17/02/02 00:27:53 INFO storage.ShuffleBlockFetcherIterator: Getting 951 non-empty blocks out of 1890 blocks
17/02/02 00:27:53 INFO storage.ShuffleBlockFetcherIterator: Started 3 remote fetches in 2 ms
17/02/02 00:27:53 INFO python.PythonRunner: Times: total = 185, boot = -197, init = 198, finish = 184
17/02/02 00:27:53 INFO executor.Executor: Finished task 441.0 in stage 381.0 (TID 70495). 2354658 bytes result sent to driver
17/02/02 00:27:53 INFO executor.CoarseGrainedExecutorBackend: Got assigned task 70521
17/02/02 00:27:53 INFO executor.Executor: Running task 467.0 in stage 381.0 (TID 70521)
17/02/02 00:27:53 INFO storage.ShuffleBlockFetcherIterator: Getting 926 non-empty blocks out of 1890 blocks
17/02/02 00:27:53 INFO storage.ShuffleBlockFetcherIterator: Started 3 remote fetches in 2 ms
17/02/02 00:27:53 INFO python.PythonRunner: Times: total = 174, boot = -194, init = 194, finish = 174
17/02/02 00:27:53 INFO executor.Executor: Finished task 445.0 in stage 381.0 (TID 70499). 2354766 bytes result sent to driver
17/02/02 00:27:53 INFO executor.CoarseGrainedExecutorBackend: Got assigned task 70525
17/02/02 00:27:53 INFO executor.Executor: Running task 471.0 in stage 381.0 (TID 70525)
17/02/02 00:27:53 INFO storage.ShuffleBlockFetcherIterator: Getting 931 non-empty blocks out of 1890 blocks
17/02/02 00:27:53 INFO storage.ShuffleBlockFetcherIterator: Started 3 remote fetches in 3 ms
17/02/02 00:27:53 INFO python.PythonRunner: Times: total = 177, boot = -192, init = 193, finish = 176
17/02/02 00:27:53 INFO executor.Executor: Finished task 448.0 in stage 381.0 (TID 70502). 2354623 bytes result sent to driver
17/02/02 00:27:53 INFO executor.CoarseGrainedExecutorBackend: Got assigned task 70529
17/02/02 00:27:53 INFO executor.Executor: Running task 475.0 in stage 381.0 (TID 70529)
17/02/02 00:27:53 INFO storage.ShuffleBlockFetcherIterator: Getting 950 non-empty blocks out of 1890 blocks
17/02/02 00:27:53 INFO storage.ShuffleBlockFetcherIterator: Started 3 remote fetches in 2 ms
17/02/02 00:27:53 INFO python.PythonRunner: Times: total = 180, boot = -180, init = 181, finish = 179
17/02/02 00:27:53 INFO executor.Executor: Finished task 452.0 in stage 381.0 (TID 70506). 2346509 bytes result sent to driver
17/02/02 00:27:53 INFO executor.CoarseGrainedExecutorBackend: Got assigned task 70532
17/02/02 00:27:53 INFO executor.Executor: Running task 478.0 in stage 381.0 (TID 70532)
17/02/02 00:27:53 INFO storage.ShuffleBlockFetcherIterator: Getting 940 non-empty blocks out of 1890 blocks
17/02/02 00:27:53 INFO storage.ShuffleBlockFetcherIterator: Started 3 remote fetches in 2 ms
17/02/02 00:27:53 INFO python.PythonRunner: Times: total = 169, boot = -208, init = 209, finish = 168
17/02/02 00:27:53 INFO executor.Executor: Finished task 458.0 in stage 381.0 (TID 70512). 2346617 bytes result sent to driver
17/02/02 00:27:53 INFO executor.CoarseGrainedExecutorBackend: Got assigned task 70537
17/02/02 00:27:53 INFO executor.Executor: Running task 483.0 in stage 381.0 (TID 70537)
17/02/02 00:27:53 INFO storage.ShuffleBlockFetcherIterator: Getting 947 non-empty blocks out of 1890 blocks
17/02/02 00:27:53 INFO storage.ShuffleBlockFetcherIterator: Started 3 remote fetches in 2 ms
17/02/02 00:27:53 INFO python.PythonRunner: Times: total = 147, boot = -208, init = 209, finish = 146
17/02/02 00:27:53 INFO executor.Executor: Finished task 463.0 in stage 381.0 (TID 70517). 2346474 bytes result sent to driver
17/02/02 00:27:53 INFO executor.CoarseGrainedExecutorBackend: Got assigned task 70540
17/02/02 00:27:53 INFO executor.Executor: Running task 486.0 in stage 381.0 (TID 70540)
17/02/02 00:27:53 INFO storage.ShuffleBlockFetcherIterator: Getting 931 non-empty blocks out of 1890 blocks
17/02/02 00:27:53 INFO storage.ShuffleBlockFetcherIterator: Started 3 remote fetches in 2 ms
17/02/02 00:27:53 INFO python.PythonRunner: Times: total = 165, boot = -205, init = 206, finish = 164
17/02/02 00:27:53 INFO executor.Executor: Finished task 467.0 in stage 381.0 (TID 70521). 2346617 bytes result sent to driver
17/02/02 00:27:53 INFO executor.CoarseGrainedExecutorBackend: Got assigned task 70548
17/02/02 00:27:53 INFO executor.Executor: Running task 494.0 in stage 381.0 (TID 70548)
17/02/02 00:27:53 INFO storage.ShuffleBlockFetcherIterator: Getting 947 non-empty blocks out of 1890 blocks
17/02/02 00:27:53 INFO storage.ShuffleBlockFetcherIterator: Started 3 remote fetches in 2 ms
17/02/02 00:27:53 INFO python.PythonRunner: Times: total = 172, boot = -199, init = 200, finish = 171
17/02/02 00:27:53 INFO executor.Executor: Finished task 475.0 in stage 381.0 (TID 70529). 2346509 bytes result sent to driver
17/02/02 00:27:53 INFO python.PythonRunner: Times: total = 216, boot = -198, init = 199, finish = 215
17/02/02 00:27:53 INFO executor.Executor: Finished task 471.0 in stage 381.0 (TID 70525). 2346652 bytes result sent to driver
