17/02/01 23:11:45 INFO executor.Executor: Finished task 1084.0 in stage 238.0 (TID 43382). 3378 bytes result sent to driver
17/02/01 23:11:45 INFO python.PythonRunner: Times: total = 12, boot = -16, init = 17, finish = 11
17/02/01 23:11:45 INFO executor.CoarseGrainedExecutorBackend: Got assigned task 43400
17/02/01 23:11:45 INFO executor.Executor: Running task 1102.0 in stage 238.0 (TID 43400)
17/02/01 23:11:45 INFO storage.ShuffleBlockFetcherIterator: Getting 93 non-empty blocks out of 1920 blocks
17/02/01 23:11:45 INFO executor.Executor: Finished task 1093.0 in stage 238.0 (TID 43391). 3378 bytes result sent to driver
17/02/01 23:11:45 INFO storage.ShuffleBlockFetcherIterator: Started 4 remote fetches in 1 ms
17/02/01 23:11:45 INFO executor.CoarseGrainedExecutorBackend: Got assigned task 43405
17/02/01 23:11:45 INFO storage.ShuffleBlockFetcherIterator: Getting 93 non-empty blocks out of 1920 blocks
17/02/01 23:11:45 INFO executor.Executor: Running task 1107.0 in stage 238.0 (TID 43405)
17/02/01 23:11:45 INFO storage.ShuffleBlockFetcherIterator: Started 4 remote fetches in 2 ms
17/02/01 23:11:45 INFO storage.ShuffleBlockFetcherIterator: Getting 93 non-empty blocks out of 1920 blocks
17/02/01 23:11:45 INFO executor.Executor: Finished task 1059.0 in stage 238.0 (TID 43357). 3378 bytes result sent to driver
17/02/01 23:11:45 INFO storage.ShuffleBlockFetcherIterator: Started 4 remote fetches in 1 ms
17/02/01 23:11:45 INFO executor.Executor: Finished task 1097.0 in stage 238.0 (TID 43395). 3378 bytes result sent to driver
17/02/01 23:11:45 INFO executor.CoarseGrainedExecutorBackend: Got assigned task 43410
17/02/01 23:11:45 INFO executor.Executor: Running task 1112.0 in stage 238.0 (TID 43410)
17/02/01 23:11:45 INFO executor.CoarseGrainedExecutorBackend: Got assigned task 43411
17/02/01 23:11:45 INFO executor.Executor: Running task 1113.0 in stage 238.0 (TID 43411)
17/02/01 23:11:45 INFO storage.ShuffleBlockFetcherIterator: Getting 93 non-empty blocks out of 1920 blocks
17/02/01 23:11:45 INFO storage.ShuffleBlockFetcherIterator: Getting 93 non-empty blocks out of 1920 blocks
17/02/01 23:11:45 INFO storage.ShuffleBlockFetcherIterator: Started 4 remote fetches in 1 ms
17/02/01 23:11:45 INFO storage.ShuffleBlockFetcherIterator: Started 4 remote fetches in 1 ms
17/02/01 23:11:45 INFO python.PythonRunner: Times: total = 48, boot = -27, init = 29, finish = 46
17/02/01 23:11:45 INFO python.PythonRunner: Times: total = 20, boot = -30, init = 31, finish = 19
17/02/01 23:11:45 INFO executor.Executor: Finished task 1086.0 in stage 238.0 (TID 43384). 3378 bytes result sent to driver
17/02/01 23:11:45 INFO executor.Executor: Finished task 1099.0 in stage 238.0 (TID 43397). 3378 bytes result sent to driver
17/02/01 23:11:45 INFO executor.CoarseGrainedExecutorBackend: Got assigned task 43421
17/02/01 23:11:45 INFO executor.Executor: Running task 1123.0 in stage 238.0 (TID 43421)
17/02/01 23:11:45 INFO executor.CoarseGrainedExecutorBackend: Got assigned task 43422
17/02/01 23:11:45 INFO executor.Executor: Running task 1124.0 in stage 238.0 (TID 43422)
17/02/01 23:11:45 INFO python.PythonRunner: Times: total = 17, boot = -3, init = 5, finish = 15
17/02/01 23:11:45 INFO storage.ShuffleBlockFetcherIterator: Getting 93 non-empty blocks out of 1920 blocks
17/02/01 23:11:45 INFO storage.ShuffleBlockFetcherIterator: Started 4 remote fetches in 1 ms
17/02/01 23:11:45 INFO storage.ShuffleBlockFetcherIterator: Getting 93 non-empty blocks out of 1920 blocks
17/02/01 23:11:45 INFO storage.ShuffleBlockFetcherIterator: Started 4 remote fetches in 0 ms
17/02/01 23:11:45 INFO executor.Executor: Finished task 1113.0 in stage 238.0 (TID 43411). 3378 bytes result sent to driver
17/02/01 23:11:45 INFO executor.CoarseGrainedExecutorBackend: Got assigned task 43425
17/02/01 23:11:45 INFO executor.Executor: Running task 1127.0 in stage 238.0 (TID 43425)
17/02/01 23:11:45 INFO storage.ShuffleBlockFetcherIterator: Getting 93 non-empty blocks out of 1920 blocks
17/02/01 23:11:45 INFO storage.ShuffleBlockFetcherIterator: Started 4 remote fetches in 1 ms
17/02/01 23:11:45 INFO python.PythonRunner: Times: total = 19, boot = -9, init = 13, finish = 15
17/02/01 23:11:45 INFO python.PythonRunner: Times: total = 15, boot = -5, init = 6, finish = 14
17/02/01 23:11:45 INFO python.PythonRunner: Times: total = 51, boot = 0, init = 1, finish = 50
17/02/01 23:11:45 INFO executor.Executor: Finished task 1107.0 in stage 238.0 (TID 43405). 3378 bytes result sent to driver
17/02/01 23:11:45 INFO executor.CoarseGrainedExecutorBackend: Got assigned task 43440
17/02/01 23:11:45 INFO executor.Executor: Running task 1142.0 in stage 238.0 (TID 43440)
17/02/01 23:11:45 INFO storage.ShuffleBlockFetcherIterator: Getting 93 non-empty blocks out of 1920 blocks
17/02/01 23:11:45 INFO executor.Executor: Finished task 1102.0 in stage 238.0 (TID 43400). 3378 bytes result sent to driver
17/02/01 23:11:45 INFO storage.ShuffleBlockFetcherIterator: Started 4 remote fetches in 1 ms
17/02/01 23:11:45 INFO executor.CoarseGrainedExecutorBackend: Got assigned task 43445
17/02/01 23:11:45 INFO executor.Executor: Finished task 1112.0 in stage 238.0 (TID 43410). 3378 bytes result sent to driver
17/02/01 23:11:45 INFO executor.Executor: Running task 1147.0 in stage 238.0 (TID 43445)
17/02/01 23:11:45 INFO executor.CoarseGrainedExecutorBackend: Got assigned task 43446
17/02/01 23:11:45 INFO executor.Executor: Running task 1148.0 in stage 238.0 (TID 43446)
17/02/01 23:11:45 INFO storage.ShuffleBlockFetcherIterator: Getting 93 non-empty blocks out of 1920 blocks
17/02/01 23:11:45 INFO storage.ShuffleBlockFetcherIterator: Started 4 remote fetches in 2 ms
17/02/01 23:11:45 INFO python.PythonRunner: Times: total = 50, boot = -16, init = 17, finish = 49
17/02/01 23:11:45 INFO storage.ShuffleBlockFetcherIterator: Getting 93 non-empty blocks out of 1920 blocks
17/02/01 23:11:45 INFO storage.ShuffleBlockFetcherIterator: Started 4 remote fetches in 1 ms
17/02/01 23:11:45 INFO python.PythonRunner: Times: total = 52, boot = -49, init = 50, finish = 51
17/02/01 23:11:45 INFO python.PythonRunner: Times: total = 46, boot = -21, init = 22, finish = 45
17/02/01 23:11:45 INFO executor.Executor: Finished task 1123.0 in stage 238.0 (TID 43421). 3378 bytes result sent to driver
17/02/01 23:11:45 INFO executor.CoarseGrainedExecutorBackend: Got assigned task 43452
17/02/01 23:11:45 INFO executor.Executor: Running task 1154.0 in stage 238.0 (TID 43452)
17/02/01 23:11:45 INFO storage.ShuffleBlockFetcherIterator: Getting 93 non-empty blocks out of 1920 blocks
17/02/01 23:11:45 INFO executor.Executor: Finished task 1124.0 in stage 238.0 (TID 43422). 3378 bytes result sent to driver
17/02/01 23:11:45 INFO storage.ShuffleBlockFetcherIterator: Started 4 remote fetches in 1 ms
17/02/01 23:11:45 INFO executor.CoarseGrainedExecutorBackend: Got assigned task 43455
17/02/01 23:11:45 INFO executor.Executor: Running task 1157.0 in stage 238.0 (TID 43455)
17/02/01 23:11:45 INFO python.PythonRunner: Times: total = 16, boot = -37, init = 38, finish = 15
17/02/01 23:11:45 INFO executor.Executor: Finished task 1127.0 in stage 238.0 (TID 43425). 3378 bytes result sent to driver
17/02/01 23:11:45 INFO storage.ShuffleBlockFetcherIterator: Getting 93 non-empty blocks out of 1920 blocks
17/02/01 23:11:45 INFO python.PythonRunner: Times: total = 14, boot = -35, init = 37, finish = 12
17/02/01 23:11:45 INFO storage.ShuffleBlockFetcherIterator: Started 4 remote fetches in 2 ms
17/02/01 23:11:45 INFO executor.CoarseGrainedExecutorBackend: Got assigned task 43457
17/02/01 23:11:45 INFO executor.Executor: Running task 1159.0 in stage 238.0 (TID 43457)
17/02/01 23:11:45 INFO storage.ShuffleBlockFetcherIterator: Getting 93 non-empty blocks out of 1920 blocks
17/02/01 23:11:45 INFO storage.ShuffleBlockFetcherIterator: Started 4 remote fetches in 1 ms
17/02/01 23:11:45 INFO executor.Executor: Finished task 1142.0 in stage 238.0 (TID 43440). 3378 bytes result sent to driver
17/02/01 23:11:45 INFO executor.CoarseGrainedExecutorBackend: Got assigned task 43463
17/02/01 23:11:45 INFO executor.Executor: Running task 1165.0 in stage 238.0 (TID 43463)
17/02/01 23:11:45 INFO executor.Executor: Finished task 1147.0 in stage 238.0 (TID 43445). 3378 bytes result sent to driver
17/02/01 23:11:45 INFO executor.CoarseGrainedExecutorBackend: Got assigned task 43465
17/02/01 23:11:45 INFO executor.Executor: Running task 1167.0 in stage 238.0 (TID 43465)
17/02/01 23:11:45 INFO storage.ShuffleBlockFetcherIterator: Getting 93 non-empty blocks out of 1920 blocks
17/02/01 23:11:45 INFO storage.ShuffleBlockFetcherIterator: Getting 93 non-empty blocks out of 1920 blocks
17/02/01 23:11:45 INFO storage.ShuffleBlockFetcherIterator: Started 4 remote fetches in 1 ms
17/02/01 23:11:45 INFO storage.ShuffleBlockFetcherIterator: Started 4 remote fetches in 1 ms
17/02/01 23:11:45 INFO python.PythonRunner: Times: total = 16, boot = -46, init = 47, finish = 15
17/02/01 23:11:45 INFO executor.Executor: Finished task 1154.0 in stage 238.0 (TID 43452). 3378 bytes result sent to driver
17/02/01 23:11:45 INFO python.PythonRunner: Times: total = 15, boot = -12, init = 13, finish = 14
17/02/01 23:11:45 INFO executor.CoarseGrainedExecutorBackend: Got assigned task 43470
17/02/01 23:11:45 INFO executor.Executor: Running task 1172.0 in stage 238.0 (TID 43470)
17/02/01 23:11:45 INFO storage.ShuffleBlockFetcherIterator: Getting 93 non-empty blocks out of 1920 blocks
17/02/01 23:11:45 INFO storage.ShuffleBlockFetcherIterator: Started 4 remote fetches in 1 ms
17/02/01 23:11:45 INFO python.PythonRunner: Times: total = 25, boot = -53, init = 55, finish = 23
17/02/01 23:11:45 INFO executor.Executor: Finished task 1159.0 in stage 238.0 (TID 43457). 3378 bytes result sent to driver
17/02/01 23:11:45 INFO python.PythonRunner: Times: total = 15, boot = -1, init = 2, finish = 14
17/02/01 23:11:45 INFO executor.CoarseGrainedExecutorBackend: Got assigned task 43472
