17/02/01 23:11:14 INFO executor.CoarseGrainedExecutorBackend: Got assigned task 39480
17/02/01 23:11:14 INFO executor.Executor: Running task 992.0 in stage 221.0 (TID 39480)
17/02/01 23:11:14 INFO python.PythonRunner: Times: total = 162, boot = 9, init = 0, finish = 153
17/02/01 23:11:14 INFO executor.Executor: Finished task 971.0 in stage 221.0 (TID 39459). 1251 bytes result sent to driver
17/02/01 23:11:14 INFO storage.ShuffleBlockFetcherIterator: Getting 951 non-empty blocks out of 1890 blocks
17/02/01 23:11:14 INFO executor.CoarseGrainedExecutorBackend: Got assigned task 39481
17/02/01 23:11:14 INFO executor.Executor: Running task 993.0 in stage 221.0 (TID 39481)
17/02/01 23:11:14 INFO storage.ShuffleBlockFetcherIterator: Getting 941 non-empty blocks out of 1890 blocks
17/02/01 23:11:14 INFO storage.ShuffleBlockFetcherIterator: Started 4 remote fetches in 10 ms
17/02/01 23:11:14 INFO storage.ShuffleBlockFetcherIterator: Started 4 remote fetches in 3 ms
17/02/01 23:11:14 INFO python.PythonRunner: Times: total = 159, boot = 11, init = 0, finish = 148
17/02/01 23:11:14 INFO executor.Executor: Finished task 977.0 in stage 221.0 (TID 39465). 1251 bytes result sent to driver
17/02/01 23:11:14 INFO executor.CoarseGrainedExecutorBackend: Got assigned task 39488
17/02/01 23:11:14 INFO executor.Executor: Running task 1000.0 in stage 221.0 (TID 39488)
17/02/01 23:11:14 INFO storage.ShuffleBlockFetcherIterator: Getting 942 non-empty blocks out of 1890 blocks
17/02/01 23:11:14 INFO storage.ShuffleBlockFetcherIterator: Started 4 remote fetches in 5 ms
17/02/01 23:11:14 INFO python.PythonRunner: Times: total = 184, boot = 15, init = 1, finish = 168
17/02/01 23:11:14 INFO executor.Executor: Finished task 981.0 in stage 221.0 (TID 39469). 1251 bytes result sent to driver
17/02/01 23:11:14 INFO executor.CoarseGrainedExecutorBackend: Got assigned task 39495
17/02/01 23:11:14 INFO executor.Executor: Running task 1007.0 in stage 221.0 (TID 39495)
17/02/01 23:11:14 INFO storage.ShuffleBlockFetcherIterator: Getting 944 non-empty blocks out of 1890 blocks
17/02/01 23:11:14 INFO storage.ShuffleBlockFetcherIterator: Started 4 remote fetches in 3 ms
17/02/01 23:11:14 INFO python.PythonRunner: Times: total = 146, boot = 15, init = 0, finish = 131
17/02/01 23:11:14 INFO executor.Executor: Finished task 990.0 in stage 221.0 (TID 39478). 1251 bytes result sent to driver
17/02/01 23:11:14 INFO executor.CoarseGrainedExecutorBackend: Got assigned task 39499
17/02/01 23:11:14 INFO executor.Executor: Running task 1011.0 in stage 221.0 (TID 39499)
17/02/01 23:11:14 INFO python.PythonRunner: Times: total = 183, boot = 13, init = 1, finish = 169
17/02/01 23:11:14 INFO executor.Executor: Finished task 984.0 in stage 221.0 (TID 39472). 1251 bytes result sent to driver
17/02/01 23:11:14 INFO executor.CoarseGrainedExecutorBackend: Got assigned task 39500
17/02/01 23:11:14 INFO executor.Executor: Running task 1012.0 in stage 221.0 (TID 39500)
17/02/01 23:11:14 INFO storage.ShuffleBlockFetcherIterator: Getting 938 non-empty blocks out of 1890 blocks
17/02/01 23:11:14 INFO storage.ShuffleBlockFetcherIterator: Getting 938 non-empty blocks out of 1890 blocks
17/02/01 23:11:14 INFO storage.ShuffleBlockFetcherIterator: Started 3 remote fetches in 9 ms
17/02/01 23:11:14 INFO storage.ShuffleBlockFetcherIterator: Started 4 remote fetches in 8 ms
17/02/01 23:11:14 INFO python.PythonRunner: Times: total = 167, boot = 8, init = 2, finish = 157
17/02/01 23:11:14 INFO executor.Executor: Finished task 992.0 in stage 221.0 (TID 39480). 1251 bytes result sent to driver
17/02/01 23:11:14 INFO executor.CoarseGrainedExecutorBackend: Got assigned task 39505
17/02/01 23:11:14 INFO executor.Executor: Running task 1017.0 in stage 221.0 (TID 39505)
17/02/01 23:11:14 INFO storage.ShuffleBlockFetcherIterator: Getting 958 non-empty blocks out of 1890 blocks
17/02/01 23:11:14 INFO storage.ShuffleBlockFetcherIterator: Started 4 remote fetches in 6 ms
17/02/01 23:11:14 INFO python.PythonRunner: Times: total = 190, boot = 10, init = 14, finish = 166
17/02/01 23:11:14 INFO executor.Executor: Finished task 993.0 in stage 221.0 (TID 39481). 1251 bytes result sent to driver
17/02/01 23:11:14 INFO executor.CoarseGrainedExecutorBackend: Got assigned task 39507
17/02/01 23:11:14 INFO executor.Executor: Running task 1019.0 in stage 221.0 (TID 39507)
17/02/01 23:11:14 INFO storage.ShuffleBlockFetcherIterator: Getting 929 non-empty blocks out of 1890 blocks
17/02/01 23:11:14 INFO storage.ShuffleBlockFetcherIterator: Started 3 remote fetches in 4 ms
17/02/01 23:11:14 INFO python.PythonRunner: Times: total = 192, boot = 19, init = 0, finish = 173
17/02/01 23:11:14 INFO executor.Executor: Finished task 1000.0 in stage 221.0 (TID 39488). 1251 bytes result sent to driver
17/02/01 23:11:14 INFO executor.CoarseGrainedExecutorBackend: Got assigned task 39513
17/02/01 23:11:14 INFO executor.Executor: Running task 1025.0 in stage 221.0 (TID 39513)
17/02/01 23:11:14 INFO storage.ShuffleBlockFetcherIterator: Getting 959 non-empty blocks out of 1890 blocks
17/02/01 23:11:14 INFO storage.ShuffleBlockFetcherIterator: Started 4 remote fetches in 6 ms
17/02/01 23:11:14 INFO python.PythonRunner: Times: total = 162, boot = 7, init = 0, finish = 155
17/02/01 23:11:14 INFO executor.Executor: Finished task 1007.0 in stage 221.0 (TID 39495). 1251 bytes result sent to driver
17/02/01 23:11:14 INFO executor.CoarseGrainedExecutorBackend: Got assigned task 39517
17/02/01 23:11:14 INFO executor.Executor: Running task 1029.0 in stage 221.0 (TID 39517)
17/02/01 23:11:14 INFO storage.ShuffleBlockFetcherIterator: Getting 957 non-empty blocks out of 1890 blocks
17/02/01 23:11:14 INFO storage.ShuffleBlockFetcherIterator: Started 4 remote fetches in 5 ms
17/02/01 23:11:14 INFO python.PythonRunner: Times: total = 168, boot = 2, init = 3, finish = 163
17/02/01 23:11:14 INFO executor.Executor: Finished task 1011.0 in stage 221.0 (TID 39499). 1251 bytes result sent to driver
17/02/01 23:11:14 INFO executor.CoarseGrainedExecutorBackend: Got assigned task 39524
17/02/01 23:11:14 INFO executor.Executor: Running task 1036.0 in stage 221.0 (TID 39524)
17/02/01 23:11:14 INFO storage.ShuffleBlockFetcherIterator: Getting 941 non-empty blocks out of 1890 blocks
17/02/01 23:11:14 INFO storage.ShuffleBlockFetcherIterator: Started 3 remote fetches in 5 ms
17/02/01 23:11:14 INFO python.PythonRunner: Times: total = 178, boot = 12, init = 12, finish = 154
17/02/01 23:11:14 INFO executor.Executor: Finished task 1012.0 in stage 221.0 (TID 39500). 1251 bytes result sent to driver
17/02/01 23:11:14 INFO executor.CoarseGrainedExecutorBackend: Got assigned task 39526
17/02/01 23:11:14 INFO executor.Executor: Running task 1038.0 in stage 221.0 (TID 39526)
17/02/01 23:11:14 INFO storage.ShuffleBlockFetcherIterator: Getting 945 non-empty blocks out of 1890 blocks
17/02/01 23:11:14 INFO storage.ShuffleBlockFetcherIterator: Started 4 remote fetches in 6 ms
17/02/01 23:11:14 INFO python.PythonRunner: Times: total = 185, boot = 14, init = 0, finish = 171
17/02/01 23:11:14 INFO executor.Executor: Finished task 1017.0 in stage 221.0 (TID 39505). 1251 bytes result sent to driver
17/02/01 23:11:14 INFO executor.CoarseGrainedExecutorBackend: Got assigned task 39534
17/02/01 23:11:14 INFO executor.Executor: Running task 1046.0 in stage 221.0 (TID 39534)
17/02/01 23:11:14 INFO storage.ShuffleBlockFetcherIterator: Getting 944 non-empty blocks out of 1890 blocks
17/02/01 23:11:14 INFO storage.ShuffleBlockFetcherIterator: Started 4 remote fetches in 8 ms
17/02/01 23:11:15 INFO python.PythonRunner: Times: total = 493, boot = 8, init = 8, finish = 477
17/02/01 23:11:15 INFO executor.Executor: Finished task 1019.0 in stage 221.0 (TID 39507). 1251 bytes result sent to driver
17/02/01 23:11:15 INFO executor.CoarseGrainedExecutorBackend: Got assigned task 39539
17/02/01 23:11:15 INFO executor.Executor: Running task 1051.0 in stage 221.0 (TID 39539)
17/02/01 23:11:15 INFO storage.ShuffleBlockFetcherIterator: Getting 947 non-empty blocks out of 1890 blocks
17/02/01 23:11:15 INFO storage.ShuffleBlockFetcherIterator: Started 4 remote fetches in 6 ms
17/02/01 23:11:15 INFO python.PythonRunner: Times: total = 497, boot = 7, init = 0, finish = 490
17/02/01 23:11:15 INFO executor.Executor: Finished task 1025.0 in stage 221.0 (TID 39513). 1251 bytes result sent to driver
17/02/01 23:11:15 INFO executor.CoarseGrainedExecutorBackend: Got assigned task 39544
17/02/01 23:11:15 INFO executor.Executor: Running task 1056.0 in stage 221.0 (TID 39544)
17/02/01 23:11:15 INFO storage.ShuffleBlockFetcherIterator: Getting 936 non-empty blocks out of 1890 blocks
17/02/01 23:11:15 INFO storage.ShuffleBlockFetcherIterator: Started 4 remote fetches in 6 ms
17/02/01 23:11:15 INFO python.PythonRunner: Times: total = 513, boot = 9, init = 0, finish = 504
17/02/01 23:11:15 INFO executor.Executor: Finished task 1029.0 in stage 221.0 (TID 39517). 1251 bytes result sent to driver
17/02/01 23:11:15 INFO executor.CoarseGrainedExecutorBackend: Got assigned task 39548
17/02/01 23:11:15 INFO executor.Executor: Running task 1060.0 in stage 221.0 (TID 39548)
17/02/01 23:11:15 INFO storage.ShuffleBlockFetcherIterator: Getting 950 non-empty blocks out of 1890 blocks
17/02/01 23:11:15 INFO storage.ShuffleBlockFetcherIterator: Started 4 remote fetches in 5 ms
17/02/01 23:11:15 INFO python.PythonRunner: Times: total = 509, boot = 11, init = 0, finish = 498
17/02/01 23:11:15 INFO executor.Executor: Finished task 1036.0 in stage 221.0 (TID 39524). 1251 bytes result sent to driver
17/02/01 23:11:15 INFO executor.CoarseGrainedExecutorBackend: Got assigned task 39551
17/02/01 23:11:15 INFO executor.Executor: Running task 1063.0 in stage 221.0 (TID 39551)
17/02/01 23:11:15 INFO storage.ShuffleBlockFetcherIterator: Getting 932 non-empty blocks out of 1890 blocks
17/02/01 23:11:15 INFO storage.ShuffleBlockFetcherIterator: Started 3 remote fetches in 5 ms
