17/02/01 23:12:01 INFO executor.CoarseGrainedExecutorBackend: Got assigned task 47100
17/02/01 23:12:01 INFO executor.Executor: Running task 962.0 in stage 255.0 (TID 47100)
17/02/01 23:12:01 INFO storage.ShuffleBlockFetcherIterator: Getting 937 non-empty blocks out of 1890 blocks
17/02/01 23:12:01 INFO storage.ShuffleBlockFetcherIterator: Started 3 remote fetches in 3 ms
17/02/01 23:12:02 INFO python.PythonRunner: Times: total = 120, boot = -365, init = 383, finish = 102
17/02/01 23:12:02 INFO python.PythonRunner: Times: total = 114, boot = -351, init = 383, finish = 82
17/02/01 23:12:02 INFO executor.Executor: Finished task 951.0 in stage 255.0 (TID 47089). 2346582 bytes result sent to driver
17/02/01 23:12:02 INFO executor.Executor: Finished task 952.0 in stage 255.0 (TID 47090). 2346547 bytes result sent to driver
17/02/01 23:12:02 INFO executor.CoarseGrainedExecutorBackend: Got assigned task 47110
17/02/01 23:12:02 INFO executor.Executor: Running task 972.0 in stage 255.0 (TID 47110)
17/02/01 23:12:02 INFO storage.ShuffleBlockFetcherIterator: Getting 946 non-empty blocks out of 1890 blocks
17/02/01 23:12:02 INFO storage.ShuffleBlockFetcherIterator: Started 4 remote fetches in 2 ms
17/02/01 23:12:02 INFO executor.CoarseGrainedExecutorBackend: Got assigned task 47113
17/02/01 23:12:02 INFO executor.Executor: Running task 975.0 in stage 255.0 (TID 47113)
17/02/01 23:12:02 INFO storage.ShuffleBlockFetcherIterator: Getting 922 non-empty blocks out of 1890 blocks
17/02/01 23:12:02 INFO storage.ShuffleBlockFetcherIterator: Started 3 remote fetches in 5 ms
17/02/01 23:12:02 INFO python.PythonRunner: Times: total = 149, boot = -32, init = 81, finish = 100
17/02/01 23:12:02 INFO python.PythonRunner: Times: total = 169, boot = -28, init = 80, finish = 117
17/02/01 23:12:02 INFO executor.Executor: Finished task 959.0 in stage 255.0 (TID 47097). 2346582 bytes result sent to driver
17/02/01 23:12:02 INFO executor.Executor: Finished task 955.0 in stage 255.0 (TID 47093). 2346617 bytes result sent to driver
17/02/01 23:12:02 INFO executor.CoarseGrainedExecutorBackend: Got assigned task 47120
17/02/01 23:12:02 INFO python.PythonRunner: Times: total = 153, boot = -45, init = 106, finish = 92
17/02/01 23:12:02 INFO executor.Executor: Running task 982.0 in stage 255.0 (TID 47120)
17/02/01 23:12:02 INFO executor.Executor: Finished task 960.0 in stage 255.0 (TID 47098). 2346547 bytes result sent to driver
17/02/01 23:12:02 INFO storage.ShuffleBlockFetcherIterator: Getting 946 non-empty blocks out of 1890 blocks
17/02/01 23:12:02 INFO executor.CoarseGrainedExecutorBackend: Got assigned task 47123
17/02/01 23:12:02 INFO executor.Executor: Running task 985.0 in stage 255.0 (TID 47123)
17/02/01 23:12:02 INFO storage.ShuffleBlockFetcherIterator: Started 4 remote fetches in 5 ms
17/02/01 23:12:02 INFO storage.ShuffleBlockFetcherIterator: Getting 946 non-empty blocks out of 1890 blocks
17/02/01 23:12:02 INFO storage.ShuffleBlockFetcherIterator: Started 4 remote fetches in 5 ms
17/02/01 23:12:02 INFO executor.CoarseGrainedExecutorBackend: Got assigned task 47125
17/02/01 23:12:02 INFO executor.Executor: Running task 987.0 in stage 255.0 (TID 47125)
17/02/01 23:12:02 INFO storage.ShuffleBlockFetcherIterator: Getting 940 non-empty blocks out of 1890 blocks
17/02/01 23:12:02 INFO storage.ShuffleBlockFetcherIterator: Started 3 remote fetches in 5 ms
17/02/01 23:12:02 INFO python.PythonRunner: Times: total = 165, boot = -47, init = 109, finish = 103
17/02/01 23:12:02 INFO executor.Executor: Finished task 962.0 in stage 255.0 (TID 47100). 2346582 bytes result sent to driver
17/02/01 23:12:02 INFO executor.CoarseGrainedExecutorBackend: Got assigned task 47129
17/02/01 23:12:02 INFO executor.Executor: Running task 991.0 in stage 255.0 (TID 47129)
17/02/01 23:12:02 INFO storage.ShuffleBlockFetcherIterator: Getting 950 non-empty blocks out of 1890 blocks
17/02/01 23:12:02 INFO storage.ShuffleBlockFetcherIterator: Started 4 remote fetches in 4 ms
17/02/01 23:12:02 INFO python.PythonRunner: Times: total = 143, boot = -100, init = 108, finish = 135
17/02/01 23:12:02 INFO executor.Executor: Finished task 972.0 in stage 255.0 (TID 47110). 2346547 bytes result sent to driver
17/02/01 23:12:02 INFO executor.CoarseGrainedExecutorBackend: Got assigned task 47135
17/02/01 23:12:02 INFO executor.Executor: Running task 997.0 in stage 255.0 (TID 47135)
17/02/01 23:12:02 INFO storage.ShuffleBlockFetcherIterator: Getting 927 non-empty blocks out of 1890 blocks
17/02/01 23:12:02 INFO python.PythonRunner: Times: total = 94, boot = -143, init = 147, finish = 90
17/02/01 23:12:02 INFO storage.ShuffleBlockFetcherIterator: Started 3 remote fetches in 3 ms
17/02/01 23:12:02 INFO executor.Executor: Finished task 982.0 in stage 255.0 (TID 47120). 2346547 bytes result sent to driver
17/02/01 23:12:02 INFO python.PythonRunner: Times: total = 154, boot = -99, init = 118, finish = 135
17/02/01 23:12:02 INFO executor.Executor: Finished task 975.0 in stage 255.0 (TID 47113). 2346582 bytes result sent to driver
17/02/01 23:12:02 INFO executor.CoarseGrainedExecutorBackend: Got assigned task 47137
17/02/01 23:12:02 INFO executor.Executor: Running task 999.0 in stage 255.0 (TID 47137)
17/02/01 23:12:02 INFO storage.ShuffleBlockFetcherIterator: Getting 944 non-empty blocks out of 1890 blocks
17/02/01 23:12:02 INFO executor.CoarseGrainedExecutorBackend: Got assigned task 47139
17/02/01 23:12:02 INFO executor.Executor: Running task 1001.0 in stage 255.0 (TID 47139)
17/02/01 23:12:02 INFO storage.ShuffleBlockFetcherIterator: Started 3 remote fetches in 5 ms
17/02/01 23:12:02 INFO storage.ShuffleBlockFetcherIterator: Getting 935 non-empty blocks out of 1890 blocks
17/02/01 23:12:02 INFO storage.ShuffleBlockFetcherIterator: Started 3 remote fetches in 3 ms
17/02/01 23:12:02 INFO python.PythonRunner: Times: total = 130, boot = -78, init = 94, finish = 114
17/02/01 23:12:02 INFO executor.Executor: Finished task 985.0 in stage 255.0 (TID 47123). 2346509 bytes result sent to driver
17/02/01 23:12:02 INFO executor.CoarseGrainedExecutorBackend: Got assigned task 47145
17/02/01 23:12:02 INFO executor.Executor: Running task 1007.0 in stage 255.0 (TID 47145)
17/02/01 23:12:02 INFO storage.ShuffleBlockFetcherIterator: Getting 944 non-empty blocks out of 1890 blocks
17/02/01 23:12:02 INFO storage.ShuffleBlockFetcherIterator: Started 4 remote fetches in 2 ms
17/02/01 23:12:02 INFO python.PythonRunner: Times: total = 162, boot = -80, init = 106, finish = 136
17/02/01 23:12:02 INFO executor.Executor: Finished task 987.0 in stage 255.0 (TID 47125). 2346509 bytes result sent to driver
17/02/01 23:12:02 INFO python.PythonRunner: Times: total = 137, boot = -45, init = 62, finish = 120
17/02/01 23:12:02 INFO executor.Executor: Finished task 991.0 in stage 255.0 (TID 47129). 2346474 bytes result sent to driver
17/02/01 23:12:02 INFO executor.CoarseGrainedExecutorBackend: Got assigned task 47151
17/02/01 23:12:02 INFO executor.Executor: Running task 1013.0 in stage 255.0 (TID 47151)
17/02/01 23:12:02 INFO storage.ShuffleBlockFetcherIterator: Getting 959 non-empty blocks out of 1890 blocks
17/02/01 23:12:02 INFO storage.ShuffleBlockFetcherIterator: Started 4 remote fetches in 2 ms
17/02/01 23:12:02 INFO executor.CoarseGrainedExecutorBackend: Got assigned task 47153
17/02/01 23:12:02 INFO executor.Executor: Running task 1015.0 in stage 255.0 (TID 47153)
17/02/01 23:12:02 INFO storage.ShuffleBlockFetcherIterator: Getting 953 non-empty blocks out of 1890 blocks
17/02/01 23:12:02 INFO storage.ShuffleBlockFetcherIterator: Started 4 remote fetches in 3 ms
17/02/01 23:12:02 INFO python.PythonRunner: Times: total = 141, boot = -93, init = 97, finish = 137
17/02/01 23:12:02 INFO executor.Executor: Finished task 997.0 in stage 255.0 (TID 47135). 2346652 bytes result sent to driver
17/02/01 23:12:02 INFO executor.CoarseGrainedExecutorBackend: Got assigned task 47159
17/02/01 23:12:02 INFO executor.Executor: Running task 1021.0 in stage 255.0 (TID 47159)
17/02/01 23:12:02 INFO storage.ShuffleBlockFetcherIterator: Getting 940 non-empty blocks out of 1890 blocks
17/02/01 23:12:02 INFO storage.ShuffleBlockFetcherIterator: Started 3 remote fetches in 3 ms
17/02/01 23:12:02 INFO python.PythonRunner: Times: total = 141, boot = -105, init = 111, finish = 135
17/02/01 23:12:02 INFO executor.Executor: Finished task 999.0 in stage 255.0 (TID 47137). 2346652 bytes result sent to driver
17/02/01 23:12:02 INFO executor.CoarseGrainedExecutorBackend: Got assigned task 47163
17/02/01 23:12:02 INFO executor.Executor: Running task 1025.0 in stage 255.0 (TID 47163)
17/02/01 23:12:02 INFO storage.ShuffleBlockFetcherIterator: Getting 959 non-empty blocks out of 1890 blocks
17/02/01 23:12:02 INFO storage.ShuffleBlockFetcherIterator: Started 4 remote fetches in 5 ms
17/02/01 23:12:02 INFO python.PythonRunner: Times: total = 469, boot = -75, init = 96, finish = 448
17/02/01 23:12:02 INFO python.PythonRunner: Times: total = 514, boot = -77, init = 82, finish = 509
17/02/01 23:12:02 INFO python.PythonRunner: Times: total = 561, boot = -84, init = 102, finish = 543
17/02/01 23:12:02 INFO python.PythonRunner: Times: total = 507, boot = -96, init = 99, finish = 504
17/02/01 23:12:02 INFO python.PythonRunner: Times: total = 495, boot = -83, init = 86, finish = 492
17/02/01 23:12:02 INFO python.PythonRunner: Times: total = 472, boot = -58, init = 64, finish = 466
17/02/01 23:12:03 INFO executor.Executor: Finished task 1007.0 in stage 255.0 (TID 47145). 2346474 bytes result sent to driver
17/02/01 23:12:03 INFO executor.Executor: Finished task 1025.0 in stage 255.0 (TID 47163). 2346509 bytes result sent to driver
17/02/01 23:12:03 INFO executor.Executor: Finished task 1015.0 in stage 255.0 (TID 47153). 2346582 bytes result sent to driver
17/02/01 23:12:03 INFO executor.Executor: Finished task 1001.0 in stage 255.0 (TID 47139). 2346474 bytes result sent to driver
17/02/01 23:12:03 INFO executor.Executor: Finished task 1013.0 in stage 255.0 (TID 47151). 2346509 bytes result sent to driver
17/02/01 23:12:03 INFO executor.Executor: Finished task 1021.0 in stage 255.0 (TID 47159). 2346509 bytes result sent to driver
