17/02/02 00:14:39 INFO storage.ShuffleBlockFetcherIterator: Getting 61 non-empty blocks out of 960 blocks
17/02/02 00:14:39 INFO storage.ShuffleBlockFetcherIterator: Started 4 remote fetches in 1 ms
17/02/02 00:14:39 INFO storage.ShuffleBlockFetcherIterator: Started 4 remote fetches in 1 ms
17/02/02 00:14:39 INFO storage.ShuffleBlockFetcherIterator: Started 4 remote fetches in 1 ms
17/02/02 00:14:39 INFO python.PythonRunner: Times: total = 34, boot = -844, init = 846, finish = 32
17/02/02 00:14:39 INFO python.PythonRunner: Times: total = 36, boot = -812, init = 814, finish = 34
17/02/02 00:14:39 INFO executor.Executor: Finished task 4.0 in stage 330.0 (TID 56679). 2410 bytes result sent to driver
17/02/02 00:14:39 INFO executor.CoarseGrainedExecutorBackend: Got assigned task 56701
17/02/02 00:14:39 INFO executor.Executor: Running task 26.0 in stage 330.0 (TID 56701)
17/02/02 00:14:39 INFO storage.ShuffleBlockFetcherIterator: Getting 61 non-empty blocks out of 960 blocks
17/02/02 00:14:39 INFO storage.ShuffleBlockFetcherIterator: Started 4 remote fetches in 0 ms
17/02/02 00:14:39 INFO executor.Executor: Finished task 22.0 in stage 330.0 (TID 56695). 2410 bytes result sent to driver
17/02/02 00:14:39 INFO executor.CoarseGrainedExecutorBackend: Got assigned task 56704
17/02/02 00:14:39 INFO executor.Executor: Running task 30.0 in stage 330.0 (TID 56704)
17/02/02 00:14:39 INFO storage.ShuffleBlockFetcherIterator: Getting 61 non-empty blocks out of 960 blocks
17/02/02 00:14:39 INFO storage.ShuffleBlockFetcherIterator: Started 4 remote fetches in 0 ms
17/02/02 00:14:39 INFO python.PythonRunner: Times: total = 69, boot = -795, init = 797, finish = 67
17/02/02 00:14:39 INFO python.PythonRunner: Times: total = 71, boot = -771, init = 772, finish = 70
17/02/02 00:14:39 INFO python.PythonRunner: Times: total = 77, boot = -698, init = 700, finish = 75
17/02/02 00:14:39 INFO python.PythonRunner: Times: total = 81, boot = -633, init = 635, finish = 79
17/02/02 00:14:39 INFO python.PythonRunner: Times: total = 25, boot = -815, init = 816, finish = 24
17/02/02 00:14:39 INFO executor.Executor: Finished task 11.0 in stage 330.0 (TID 56687). 2410 bytes result sent to driver
17/02/02 00:14:39 INFO executor.Executor: Finished task 7.0 in stage 330.0 (TID 56683). 2410 bytes result sent to driver
17/02/02 00:14:39 INFO executor.Executor: Finished task 16.0 in stage 330.0 (TID 56691). 2410 bytes result sent to driver
17/02/02 00:14:39 INFO executor.Executor: Finished task 30.0 in stage 330.0 (TID 56704). 2410 bytes result sent to driver
17/02/02 00:14:39 INFO python.PythonRunner: Times: total = 63, boot = -789, init = 791, finish = 61
17/02/02 00:14:39 INFO executor.Executor: Finished task 1.0 in stage 330.0 (TID 56675). 2410 bytes result sent to driver
17/02/02 00:14:39 INFO executor.Executor: Finished task 26.0 in stage 330.0 (TID 56701). 2410 bytes result sent to driver
17/02/02 00:14:40 INFO executor.CoarseGrainedExecutorBackend: Got assigned task 56714
17/02/02 00:14:40 INFO executor.Executor: Running task 34.0 in stage 330.0 (TID 56714)
17/02/02 00:14:40 INFO executor.CoarseGrainedExecutorBackend: Got assigned task 56715
17/02/02 00:14:40 INFO executor.CoarseGrainedExecutorBackend: Got assigned task 56716
17/02/02 00:14:40 INFO executor.Executor: Running task 37.0 in stage 330.0 (TID 56715)
17/02/02 00:14:40 INFO executor.Executor: Running task 38.0 in stage 330.0 (TID 56716)
17/02/02 00:14:40 INFO executor.CoarseGrainedExecutorBackend: Got assigned task 56717
17/02/02 00:14:40 INFO executor.Executor: Running task 41.0 in stage 330.0 (TID 56717)
17/02/02 00:14:40 INFO executor.CoarseGrainedExecutorBackend: Got assigned task 56721
17/02/02 00:14:40 INFO executor.Executor: Running task 46.0 in stage 330.0 (TID 56721)
17/02/02 00:14:40 INFO storage.ShuffleBlockFetcherIterator: Getting 61 non-empty blocks out of 960 blocks
17/02/02 00:14:40 INFO executor.CoarseGrainedExecutorBackend: Got assigned task 56725
17/02/02 00:14:40 INFO executor.Executor: Running task 48.0 in stage 330.0 (TID 56725)
17/02/02 00:14:40 INFO storage.ShuffleBlockFetcherIterator: Started 4 remote fetches in 0 ms
17/02/02 00:14:40 INFO storage.ShuffleBlockFetcherIterator: Getting 61 non-empty blocks out of 960 blocks
17/02/02 00:14:40 INFO storage.ShuffleBlockFetcherIterator: Started 4 remote fetches in 1 ms
17/02/02 00:14:40 INFO storage.ShuffleBlockFetcherIterator: Getting 61 non-empty blocks out of 960 blocks
17/02/02 00:14:40 INFO storage.ShuffleBlockFetcherIterator: Getting 61 non-empty blocks out of 960 blocks
17/02/02 00:14:40 INFO storage.ShuffleBlockFetcherIterator: Started 4 remote fetches in 0 ms
17/02/02 00:14:40 INFO storage.ShuffleBlockFetcherIterator: Started 4 remote fetches in 0 ms
17/02/02 00:14:40 INFO storage.ShuffleBlockFetcherIterator: Getting 61 non-empty blocks out of 960 blocks
17/02/02 00:14:40 INFO storage.ShuffleBlockFetcherIterator: Getting 61 non-empty blocks out of 960 blocks
17/02/02 00:14:40 INFO storage.ShuffleBlockFetcherIterator: Started 4 remote fetches in 0 ms
17/02/02 00:14:40 INFO storage.ShuffleBlockFetcherIterator: Started 4 remote fetches in 0 ms
17/02/02 00:14:40 INFO python.PythonRunner: Times: total = 30, boot = -399, init = 401, finish = 28
17/02/02 00:14:40 INFO python.PythonRunner: Times: total = 41, boot = -398, init = 400, finish = 39
17/02/02 00:14:40 INFO python.PythonRunner: Times: total = 40, boot = -86, init = 87, finish = 39
17/02/02 00:14:40 INFO executor.Executor: Finished task 46.0 in stage 330.0 (TID 56721). 2410 bytes result sent to driver
17/02/02 00:14:40 INFO executor.CoarseGrainedExecutorBackend: Got assigned task 56738
17/02/02 00:14:40 INFO executor.Executor: Running task 60.0 in stage 330.0 (TID 56738)
17/02/02 00:14:40 INFO storage.ShuffleBlockFetcherIterator: Getting 61 non-empty blocks out of 960 blocks
17/02/02 00:14:40 INFO storage.ShuffleBlockFetcherIterator: Started 4 remote fetches in 1 ms
17/02/02 00:14:40 INFO python.PythonRunner: Times: total = 51, boot = -399, init = 400, finish = 50
17/02/02 00:14:40 INFO executor.Executor: Finished task 34.0 in stage 330.0 (TID 56714). 2410 bytes result sent to driver
17/02/02 00:14:40 INFO executor.CoarseGrainedExecutorBackend: Got assigned task 56741
17/02/02 00:14:40 INFO executor.Executor: Running task 66.0 in stage 330.0 (TID 56741)
17/02/02 00:14:40 INFO storage.ShuffleBlockFetcherIterator: Getting 61 non-empty blocks out of 960 blocks
17/02/02 00:14:40 INFO storage.ShuffleBlockFetcherIterator: Started 4 remote fetches in 1 ms
17/02/02 00:14:40 INFO executor.Executor: Finished task 41.0 in stage 330.0 (TID 56717). 2410 bytes result sent to driver
17/02/02 00:14:40 INFO executor.CoarseGrainedExecutorBackend: Got assigned task 56743
17/02/02 00:14:40 INFO executor.Executor: Running task 67.0 in stage 330.0 (TID 56743)
17/02/02 00:14:40 INFO storage.ShuffleBlockFetcherIterator: Getting 61 non-empty blocks out of 960 blocks
17/02/02 00:14:40 INFO storage.ShuffleBlockFetcherIterator: Started 4 remote fetches in 1 ms
17/02/02 00:14:40 INFO python.PythonRunner: Times: total = 63, boot = -399, init = 401, finish = 61
17/02/02 00:14:40 INFO executor.Executor: Finished task 37.0 in stage 330.0 (TID 56715). 2410 bytes result sent to driver
17/02/02 00:14:40 INFO python.PythonRunner: Times: total = 74, boot = -82, init = 84, finish = 72
17/02/02 00:14:40 INFO executor.CoarseGrainedExecutorBackend: Got assigned task 56745
17/02/02 00:14:40 INFO executor.Executor: Running task 68.0 in stage 330.0 (TID 56745)
17/02/02 00:14:40 INFO storage.ShuffleBlockFetcherIterator: Getting 61 non-empty blocks out of 960 blocks
17/02/02 00:14:40 INFO storage.ShuffleBlockFetcherIterator: Started 4 remote fetches in 1 ms
17/02/02 00:14:40 INFO executor.Executor: Finished task 38.0 in stage 330.0 (TID 56716). 2410 bytes result sent to driver
17/02/02 00:14:40 INFO executor.CoarseGrainedExecutorBackend: Got assigned task 56746
17/02/02 00:14:40 INFO executor.Executor: Running task 71.0 in stage 330.0 (TID 56746)
17/02/02 00:14:40 INFO storage.ShuffleBlockFetcherIterator: Getting 61 non-empty blocks out of 960 blocks
17/02/02 00:14:40 INFO storage.ShuffleBlockFetcherIterator: Started 4 remote fetches in 1 ms
17/02/02 00:14:40 INFO executor.Executor: Finished task 48.0 in stage 330.0 (TID 56725). 2410 bytes result sent to driver
17/02/02 00:14:40 INFO executor.CoarseGrainedExecutorBackend: Got assigned task 56760
17/02/02 00:14:40 INFO executor.Executor: Running task 78.0 in stage 330.0 (TID 56760)
17/02/02 00:14:40 INFO storage.ShuffleBlockFetcherIterator: Getting 61 non-empty blocks out of 960 blocks
17/02/02 00:14:40 INFO storage.ShuffleBlockFetcherIterator: Started 4 remote fetches in 1 ms
17/02/02 00:14:40 INFO python.PythonRunner: Times: total = 61, boot = -94, init = 95, finish = 60
17/02/02 00:14:40 INFO python.PythonRunner: Times: total = 64, boot = -99, init = 101, finish = 62
17/02/02 00:14:40 INFO python.PythonRunner: Times: total = 61, boot = -97, init = 98, finish = 60
17/02/02 00:14:40 INFO executor.Executor: Finished task 60.0 in stage 330.0 (TID 56738). 2410 bytes result sent to driver
17/02/02 00:14:40 INFO executor.CoarseGrainedExecutorBackend: Got assigned task 56762
17/02/02 00:14:40 INFO executor.Executor: Running task 82.0 in stage 330.0 (TID 56762)
17/02/02 00:14:40 INFO storage.ShuffleBlockFetcherIterator: Getting 61 non-empty blocks out of 960 blocks
17/02/02 00:14:40 INFO storage.ShuffleBlockFetcherIterator: Started 4 remote fetches in 0 ms
17/02/02 00:14:40 INFO python.PythonRunner: Times: total = 23, boot = -112, init = 113, finish = 22
17/02/02 00:14:40 INFO executor.Executor: Finished task 66.0 in stage 330.0 (TID 56741). 2410 bytes result sent to driver
17/02/02 00:14:40 INFO executor.CoarseGrainedExecutorBackend: Got assigned task 56767
17/02/02 00:14:40 INFO executor.Executor: Running task 94.0 in stage 330.0 (TID 56767)
