17/02/02 00:02:07 INFO storage.ShuffleBlockFetcherIterator: Started 6 remote fetches in 1 ms
17/02/02 00:02:07 INFO executor.Executor: Finished task 371.0 in stage 301.0 (TID 51855). 1928 bytes result sent to driver
17/02/02 00:02:07 INFO executor.CoarseGrainedExecutorBackend: Got assigned task 51870
17/02/02 00:02:07 INFO executor.Executor: Running task 385.0 in stage 301.0 (TID 51870)
17/02/02 00:02:07 INFO storage.ShuffleBlockFetcherIterator: Getting 247 non-empty blocks out of 450 blocks
17/02/02 00:02:07 INFO storage.ShuffleBlockFetcherIterator: Started 5 remote fetches in 1 ms
17/02/02 00:02:07 INFO python.PythonRunner: Times: total = 91, boot = -276, init = 277, finish = 90
17/02/02 00:02:07 INFO python.PythonRunner: Times: total = 209, boot = -245, init = 246, finish = 208
17/02/02 00:02:07 INFO executor.Executor: Finished task 375.0 in stage 301.0 (TID 51859). 1928 bytes result sent to driver
17/02/02 00:02:07 INFO executor.CoarseGrainedExecutorBackend: Got assigned task 51876
17/02/02 00:02:07 INFO executor.Executor: Running task 392.0 in stage 301.0 (TID 51876)
17/02/02 00:02:07 INFO storage.ShuffleBlockFetcherIterator: Getting 247 non-empty blocks out of 450 blocks
17/02/02 00:02:07 INFO storage.ShuffleBlockFetcherIterator: Started 6 remote fetches in 1 ms
17/02/02 00:02:08 INFO python.PythonRunner: Times: total = 95, boot = -305, init = 306, finish = 94
17/02/02 00:02:08 INFO executor.Executor: Finished task 369.0 in stage 301.0 (TID 51853). 1928 bytes result sent to driver
17/02/02 00:02:08 INFO executor.CoarseGrainedExecutorBackend: Got assigned task 51879
17/02/02 00:02:08 INFO executor.Executor: Running task 394.0 in stage 301.0 (TID 51879)
17/02/02 00:02:08 INFO storage.ShuffleBlockFetcherIterator: Getting 247 non-empty blocks out of 450 blocks
17/02/02 00:02:08 INFO storage.ShuffleBlockFetcherIterator: Started 5 remote fetches in 1 ms
17/02/02 00:02:08 INFO python.PythonRunner: Times: total = 108, boot = -203, init = 205, finish = 106
17/02/02 00:02:08 INFO executor.Executor: Finished task 379.0 in stage 301.0 (TID 51863). 1928 bytes result sent to driver
17/02/02 00:02:08 INFO executor.CoarseGrainedExecutorBackend: Got assigned task 51882
17/02/02 00:02:08 INFO executor.Executor: Running task 397.0 in stage 301.0 (TID 51882)
17/02/02 00:02:08 INFO storage.ShuffleBlockFetcherIterator: Getting 247 non-empty blocks out of 450 blocks
17/02/02 00:02:08 INFO storage.ShuffleBlockFetcherIterator: Started 5 remote fetches in 0 ms
17/02/02 00:02:08 INFO python.PythonRunner: Times: total = 190, boot = -284, init = 286, finish = 188
17/02/02 00:02:08 INFO python.PythonRunner: Times: total = 51, boot = -181, init = 183, finish = 49
17/02/02 00:02:08 INFO executor.Executor: Finished task 384.0 in stage 301.0 (TID 51868). 1928 bytes result sent to driver
17/02/02 00:02:08 INFO executor.CoarseGrainedExecutorBackend: Got assigned task 51885
17/02/02 00:02:08 INFO executor.Executor: Running task 401.0 in stage 301.0 (TID 51885)
17/02/02 00:02:08 INFO storage.ShuffleBlockFetcherIterator: Getting 247 non-empty blocks out of 450 blocks
17/02/02 00:02:08 INFO storage.ShuffleBlockFetcherIterator: Started 5 remote fetches in 1 ms
17/02/02 00:02:08 INFO python.PythonRunner: Times: total = 249, boot = -249, init = 249, finish = 249
17/02/02 00:02:08 INFO python.PythonRunner: Times: total = 83, boot = -241, init = 242, finish = 82
17/02/02 00:02:08 INFO executor.Executor: Finished task 385.0 in stage 301.0 (TID 51870). 1928 bytes result sent to driver
17/02/02 00:02:08 INFO executor.CoarseGrainedExecutorBackend: Got assigned task 51888
17/02/02 00:02:08 INFO executor.Executor: Running task 403.0 in stage 301.0 (TID 51888)
17/02/02 00:02:08 INFO python.PythonRunner: Times: total = 292, boot = -105, init = 106, finish = 291
17/02/02 00:02:08 INFO storage.ShuffleBlockFetcherIterator: Getting 247 non-empty blocks out of 450 blocks
17/02/02 00:02:08 INFO storage.ShuffleBlockFetcherIterator: Started 4 remote fetches in 1 ms
17/02/02 00:02:08 INFO python.PythonRunner: Times: total = 264, boot = -127, init = 127, finish = 264
17/02/02 00:02:08 INFO python.PythonRunner: Times: total = 90, boot = -268, init = 270, finish = 88
17/02/02 00:02:08 INFO python.PythonRunner: Times: total = 74, boot = -284, init = 286, finish = 72
17/02/02 00:02:08 INFO python.PythonRunner: Times: total = 273, boot = -155, init = 156, finish = 272
17/02/02 00:02:08 INFO executor.Executor: Finished task 392.0 in stage 301.0 (TID 51876). 1928 bytes result sent to driver
17/02/02 00:02:08 INFO executor.CoarseGrainedExecutorBackend: Got assigned task 51891
17/02/02 00:02:08 INFO executor.Executor: Running task 407.0 in stage 301.0 (TID 51891)
17/02/02 00:02:08 INFO storage.ShuffleBlockFetcherIterator: Getting 247 non-empty blocks out of 450 blocks
17/02/02 00:02:08 INFO storage.ShuffleBlockFetcherIterator: Started 6 remote fetches in 1 ms
17/02/02 00:02:08 INFO executor.Executor: Finished task 394.0 in stage 301.0 (TID 51879). 1928 bytes result sent to driver
17/02/02 00:02:08 INFO executor.CoarseGrainedExecutorBackend: Got assigned task 51892
17/02/02 00:02:08 INFO executor.Executor: Running task 408.0 in stage 301.0 (TID 51892)
17/02/02 00:02:08 INFO storage.ShuffleBlockFetcherIterator: Getting 247 non-empty blocks out of 450 blocks
17/02/02 00:02:08 INFO storage.ShuffleBlockFetcherIterator: Started 6 remote fetches in 1 ms
17/02/02 00:02:08 INFO python.PythonRunner: Times: total = 214, boot = -240, init = 242, finish = 212
17/02/02 00:02:08 INFO python.PythonRunner: Times: total = 71, boot = -242, init = 243, finish = 70
17/02/02 00:02:08 INFO executor.Executor: Finished task 397.0 in stage 301.0 (TID 51882). 1928 bytes result sent to driver
17/02/02 00:02:08 INFO executor.CoarseGrainedExecutorBackend: Got assigned task 51895
17/02/02 00:02:08 INFO executor.Executor: Running task 411.0 in stage 301.0 (TID 51895)
17/02/02 00:02:08 INFO storage.ShuffleBlockFetcherIterator: Getting 247 non-empty blocks out of 450 blocks
17/02/02 00:02:08 INFO storage.ShuffleBlockFetcherIterator: Started 5 remote fetches in 1 ms
17/02/02 00:02:08 INFO python.PythonRunner: Times: total = 78, boot = -159, init = 161, finish = 76
17/02/02 00:02:08 INFO executor.Executor: Finished task 401.0 in stage 301.0 (TID 51885). 1928 bytes result sent to driver
17/02/02 00:02:08 INFO executor.CoarseGrainedExecutorBackend: Got assigned task 51899
17/02/02 00:02:08 INFO executor.Executor: Running task 413.0 in stage 301.0 (TID 51899)
17/02/02 00:02:08 INFO storage.ShuffleBlockFetcherIterator: Getting 247 non-empty blocks out of 450 blocks
17/02/02 00:02:08 INFO storage.ShuffleBlockFetcherIterator: Started 5 remote fetches in 1 ms
17/02/02 00:02:08 INFO python.PythonRunner: Times: total = 249, boot = -266, init = 267, finish = 248
17/02/02 00:02:08 INFO python.PythonRunner: Times: total = 246, boot = -220, init = 221, finish = 245
17/02/02 00:02:08 INFO python.PythonRunner: Times: total = 248, boot = -195, init = 196, finish = 247
17/02/02 00:02:08 INFO python.PythonRunner: Times: total = 118, boot = -202, init = 203, finish = 117
17/02/02 00:02:08 INFO executor.Executor: Finished task 403.0 in stage 301.0 (TID 51888). 1928 bytes result sent to driver
17/02/02 00:02:08 INFO executor.CoarseGrainedExecutorBackend: Got assigned task 51909
17/02/02 00:02:08 INFO executor.Executor: Running task 424.0 in stage 301.0 (TID 51909)
17/02/02 00:02:08 INFO storage.ShuffleBlockFetcherIterator: Getting 247 non-empty blocks out of 450 blocks
17/02/02 00:02:08 INFO storage.ShuffleBlockFetcherIterator: Started 5 remote fetches in 1 ms
17/02/02 00:02:08 INFO python.PythonRunner: Times: total = 78, boot = -226, init = 227, finish = 77
17/02/02 00:02:08 INFO executor.Executor: Finished task 407.0 in stage 301.0 (TID 51891). 1928 bytes result sent to driver
17/02/02 00:02:08 INFO executor.CoarseGrainedExecutorBackend: Got assigned task 51911
17/02/02 00:02:08 INFO executor.Executor: Running task 426.0 in stage 301.0 (TID 51911)
17/02/02 00:02:08 INFO python.PythonRunner: Times: total = 91, boot = -238, init = 239, finish = 90
17/02/02 00:02:08 INFO storage.ShuffleBlockFetcherIterator: Getting 247 non-empty blocks out of 450 blocks
17/02/02 00:02:08 INFO storage.ShuffleBlockFetcherIterator: Started 6 remote fetches in 2 ms
17/02/02 00:02:08 INFO python.PythonRunner: Times: total = 269, boot = -158, init = 159, finish = 268
17/02/02 00:02:08 INFO executor.Executor: Finished task 408.0 in stage 301.0 (TID 51892). 1928 bytes result sent to driver
17/02/02 00:02:08 INFO executor.CoarseGrainedExecutorBackend: Got assigned task 51913
17/02/02 00:02:08 INFO executor.Executor: Running task 428.0 in stage 301.0 (TID 51913)
17/02/02 00:02:08 INFO storage.ShuffleBlockFetcherIterator: Getting 247 non-empty blocks out of 450 blocks
17/02/02 00:02:08 INFO storage.ShuffleBlockFetcherIterator: Started 7 remote fetches in 1 ms
17/02/02 00:02:08 INFO python.PythonRunner: Times: total = 255, boot = -173, init = 174, finish = 254
17/02/02 00:02:08 INFO python.PythonRunner: Times: total = 91, boot = -274, init = 276, finish = 89
17/02/02 00:02:08 INFO executor.Executor: Finished task 411.0 in stage 301.0 (TID 51895). 1928 bytes result sent to driver
17/02/02 00:02:08 INFO python.PythonRunner: Times: total = 79, boot = -242, init = 243, finish = 78
17/02/02 00:02:08 INFO executor.CoarseGrainedExecutorBackend: Got assigned task 51915
17/02/02 00:02:08 INFO executor.Executor: Running task 431.0 in stage 301.0 (TID 51915)
17/02/02 00:02:08 INFO storage.ShuffleBlockFetcherIterator: Getting 247 non-empty blocks out of 450 blocks
17/02/02 00:02:08 INFO storage.ShuffleBlockFetcherIterator: Started 5 remote fetches in 1 ms
17/02/02 00:02:08 INFO executor.Executor: Finished task 413.0 in stage 301.0 (TID 51899). 1928 bytes result sent to driver
17/02/02 00:02:08 INFO executor.CoarseGrainedExecutorBackend: Got assigned task 51917
17/02/02 00:02:08 INFO executor.Executor: Running task 433.0 in stage 301.0 (TID 51917)
