17/02/02 00:25:34 INFO python.PythonRunner: Times: total = 25, boot = -64, init = 65, finish = 24
17/02/02 00:25:34 INFO executor.Executor: Finished task 138.0 in stage 344.0 (TID 58744). 2410 bytes result sent to driver
17/02/02 00:25:34 INFO executor.CoarseGrainedExecutorBackend: Got assigned task 58772
17/02/02 00:25:34 INFO executor.Executor: Running task 161.0 in stage 344.0 (TID 58772)
17/02/02 00:25:34 INFO python.PythonRunner: Times: total = 203, boot = -1, init = 1, finish = 203
17/02/02 00:25:34 INFO storage.ShuffleBlockFetcherIterator: Getting 495 non-empty blocks out of 930 blocks
17/02/02 00:25:34 INFO storage.ShuffleBlockFetcherIterator: Started 6 remote fetches in 3 ms
17/02/02 00:25:34 INFO python.PythonRunner: Times: total = 19, boot = -17, init = 18, finish = 18
17/02/02 00:25:34 INFO executor.Executor: Finished task 141.0 in stage 344.0 (TID 58751). 2410 bytes result sent to driver
17/02/02 00:25:34 INFO executor.CoarseGrainedExecutorBackend: Got assigned task 58778
17/02/02 00:25:34 INFO executor.Executor: Running task 167.0 in stage 344.0 (TID 58778)
17/02/02 00:25:34 INFO storage.ShuffleBlockFetcherIterator: Getting 495 non-empty blocks out of 930 blocks
17/02/02 00:25:34 INFO storage.ShuffleBlockFetcherIterator: Started 6 remote fetches in 1 ms
17/02/02 00:25:34 INFO python.PythonRunner: Times: total = 259, boot = 3, init = 0, finish = 256
17/02/02 00:25:34 INFO python.PythonRunner: Times: total = 30, boot = -26, init = 28, finish = 28
17/02/02 00:25:34 INFO executor.Executor: Finished task 142.0 in stage 344.0 (TID 58752). 2410 bytes result sent to driver
17/02/02 00:25:34 INFO executor.CoarseGrainedExecutorBackend: Got assigned task 58786
17/02/02 00:25:34 INFO executor.Executor: Running task 173.0 in stage 344.0 (TID 58786)
17/02/02 00:25:34 INFO storage.ShuffleBlockFetcherIterator: Getting 495 non-empty blocks out of 930 blocks
17/02/02 00:25:34 INFO storage.ShuffleBlockFetcherIterator: Started 6 remote fetches in 2 ms
17/02/02 00:25:34 INFO python.PythonRunner: Times: total = 284, boot = -28, init = 29, finish = 283
17/02/02 00:25:34 INFO python.PythonRunner: Times: total = 29, boot = -22, init = 24, finish = 27
17/02/02 00:25:34 INFO executor.Executor: Finished task 147.0 in stage 344.0 (TID 58757). 2410 bytes result sent to driver
17/02/02 00:25:34 INFO executor.CoarseGrainedExecutorBackend: Got assigned task 58791
17/02/02 00:25:34 INFO executor.Executor: Running task 176.0 in stage 344.0 (TID 58791)
17/02/02 00:25:34 INFO storage.ShuffleBlockFetcherIterator: Getting 495 non-empty blocks out of 930 blocks
17/02/02 00:25:34 INFO storage.ShuffleBlockFetcherIterator: Started 6 remote fetches in 2 ms
17/02/02 00:25:35 INFO python.PythonRunner: Times: total = 306, boot = -37, init = 38, finish = 305
17/02/02 00:25:35 INFO python.PythonRunner: Times: total = 21, boot = -37, init = 38, finish = 20
17/02/02 00:25:35 INFO executor.Executor: Finished task 154.0 in stage 344.0 (TID 58764). 2410 bytes result sent to driver
17/02/02 00:25:35 INFO executor.CoarseGrainedExecutorBackend: Got assigned task 58793
17/02/02 00:25:35 INFO executor.Executor: Running task 181.0 in stage 344.0 (TID 58793)
17/02/02 00:25:35 INFO storage.ShuffleBlockFetcherIterator: Getting 495 non-empty blocks out of 930 blocks
17/02/02 00:25:35 INFO storage.ShuffleBlockFetcherIterator: Started 6 remote fetches in 2 ms
17/02/02 00:25:35 INFO python.PythonRunner: Times: total = 361, boot = 4, init = 0, finish = 357
17/02/02 00:25:35 INFO python.PythonRunner: Times: total = 64, boot = -122, init = 124, finish = 62
17/02/02 00:25:35 INFO executor.Executor: Finished task 158.0 in stage 344.0 (TID 58770). 2410 bytes result sent to driver
17/02/02 00:25:35 INFO executor.CoarseGrainedExecutorBackend: Got assigned task 58806
17/02/02 00:25:35 INFO executor.Executor: Running task 192.0 in stage 344.0 (TID 58806)
17/02/02 00:25:35 INFO storage.ShuffleBlockFetcherIterator: Getting 495 non-empty blocks out of 930 blocks
17/02/02 00:25:35 INFO storage.ShuffleBlockFetcherIterator: Started 6 remote fetches in 2 ms
17/02/02 00:25:35 INFO python.PythonRunner: Times: total = 421, boot = -20, init = 20, finish = 421
17/02/02 00:25:35 INFO python.PythonRunner: Times: total = 410, boot = -28, init = 29, finish = 409
17/02/02 00:25:35 INFO python.PythonRunner: Times: total = 23, boot = -20, init = 21, finish = 22
17/02/02 00:25:35 INFO python.PythonRunner: Times: total = 35, boot = -64, init = 66, finish = 33
17/02/02 00:25:35 INFO executor.Executor: Finished task 167.0 in stage 344.0 (TID 58778). 2410 bytes result sent to driver
17/02/02 00:25:35 INFO executor.CoarseGrainedExecutorBackend: Got assigned task 58811
17/02/02 00:25:35 INFO executor.Executor: Running task 198.0 in stage 344.0 (TID 58811)
17/02/02 00:25:35 INFO executor.Executor: Finished task 161.0 in stage 344.0 (TID 58772). 2410 bytes result sent to driver
17/02/02 00:25:35 INFO storage.ShuffleBlockFetcherIterator: Getting 495 non-empty blocks out of 930 blocks
17/02/02 00:25:35 INFO storage.ShuffleBlockFetcherIterator: Started 5 remote fetches in 1 ms
17/02/02 00:25:35 INFO executor.CoarseGrainedExecutorBackend: Got assigned task 58812
17/02/02 00:25:35 INFO executor.Executor: Running task 199.0 in stage 344.0 (TID 58812)
17/02/02 00:25:35 INFO storage.ShuffleBlockFetcherIterator: Getting 495 non-empty blocks out of 930 blocks
17/02/02 00:25:35 INFO storage.ShuffleBlockFetcherIterator: Started 5 remote fetches in 2 ms
17/02/02 00:25:35 INFO python.PythonRunner: Times: total = 386, boot = -71, init = 72, finish = 385
17/02/02 00:25:35 INFO python.PythonRunner: Times: total = 28, boot = -5, init = 6, finish = 27
17/02/02 00:25:35 INFO executor.Executor: Finished task 173.0 in stage 344.0 (TID 58786). 2410 bytes result sent to driver
17/02/02 00:25:35 INFO executor.CoarseGrainedExecutorBackend: Got assigned task 58816
17/02/02 00:25:35 INFO executor.Executor: Running task 201.0 in stage 344.0 (TID 58816)
17/02/02 00:25:35 INFO storage.ShuffleBlockFetcherIterator: Getting 495 non-empty blocks out of 930 blocks
17/02/02 00:25:35 INFO storage.ShuffleBlockFetcherIterator: Started 6 remote fetches in 2 ms
17/02/02 00:25:35 INFO python.PythonRunner: Times: total = 414, boot = -57, init = 58, finish = 413
17/02/02 00:25:35 INFO python.PythonRunner: Times: total = 376, boot = -69, init = 70, finish = 375
17/02/02 00:25:35 INFO python.PythonRunner: Times: total = 62, boot = -45, init = 46, finish = 61
17/02/02 00:25:35 INFO executor.Executor: Finished task 176.0 in stage 344.0 (TID 58791). 2410 bytes result sent to driver
17/02/02 00:25:35 INFO executor.CoarseGrainedExecutorBackend: Got assigned task 58827
17/02/02 00:25:35 INFO executor.Executor: Running task 214.0 in stage 344.0 (TID 58827)
17/02/02 00:25:35 INFO storage.ShuffleBlockFetcherIterator: Getting 495 non-empty blocks out of 930 blocks
17/02/02 00:25:35 INFO storage.ShuffleBlockFetcherIterator: Started 6 remote fetches in 1 ms
17/02/02 00:25:35 INFO python.PythonRunner: Times: total = 230, boot = -191, init = 192, finish = 229
17/02/02 00:25:35 INFO python.PythonRunner: Times: total = 61, boot = -59, init = 60, finish = 60
17/02/02 00:25:35 INFO python.PythonRunner: Times: total = 28, boot = -41, init = 43, finish = 26
17/02/02 00:25:35 INFO python.PythonRunner: Times: total = 191, boot = -16, init = 17, finish = 190
17/02/02 00:25:35 INFO executor.Executor: Finished task 181.0 in stage 344.0 (TID 58793). 2410 bytes result sent to driver
17/02/02 00:25:35 INFO executor.Executor: Finished task 192.0 in stage 344.0 (TID 58806). 2410 bytes result sent to driver
17/02/02 00:25:35 INFO executor.CoarseGrainedExecutorBackend: Got assigned task 58831
17/02/02 00:25:35 INFO executor.Executor: Running task 216.0 in stage 344.0 (TID 58831)
17/02/02 00:25:35 INFO executor.CoarseGrainedExecutorBackend: Got assigned task 58832
17/02/02 00:25:35 INFO executor.Executor: Running task 217.0 in stage 344.0 (TID 58832)
17/02/02 00:25:35 INFO storage.ShuffleBlockFetcherIterator: Getting 495 non-empty blocks out of 930 blocks
17/02/02 00:25:35 INFO storage.ShuffleBlockFetcherIterator: Started 6 remote fetches in 2 ms
17/02/02 00:25:35 INFO storage.ShuffleBlockFetcherIterator: Getting 495 non-empty blocks out of 930 blocks
17/02/02 00:25:35 INFO storage.ShuffleBlockFetcherIterator: Started 5 remote fetches in 2 ms
17/02/02 00:25:35 INFO python.PythonRunner: Times: total = 55, boot = -9, init = 10, finish = 54
17/02/02 00:25:35 INFO python.PythonRunner: Times: total = 255, boot = -12, init = 13, finish = 254
17/02/02 00:25:35 INFO executor.Executor: Finished task 198.0 in stage 344.0 (TID 58811). 2410 bytes result sent to driver
17/02/02 00:25:35 INFO executor.CoarseGrainedExecutorBackend: Got assigned task 58836
17/02/02 00:25:35 INFO executor.Executor: Running task 221.0 in stage 344.0 (TID 58836)
17/02/02 00:25:35 INFO python.PythonRunner: Times: total = 20, boot = -39, init = 40, finish = 19
17/02/02 00:25:35 INFO storage.ShuffleBlockFetcherIterator: Getting 495 non-empty blocks out of 930 blocks
17/02/02 00:25:35 INFO storage.ShuffleBlockFetcherIterator: Started 6 remote fetches in 3 ms
17/02/02 00:25:35 INFO executor.Executor: Finished task 199.0 in stage 344.0 (TID 58812). 2410 bytes result sent to driver
17/02/02 00:25:35 INFO executor.CoarseGrainedExecutorBackend: Got assigned task 58839
17/02/02 00:25:35 INFO executor.Executor: Running task 223.0 in stage 344.0 (TID 58839)
17/02/02 00:25:35 INFO storage.ShuffleBlockFetcherIterator: Getting 495 non-empty blocks out of 930 blocks
17/02/02 00:25:35 INFO storage.ShuffleBlockFetcherIterator: Started 6 remote fetches in 1 ms
17/02/02 00:25:35 INFO python.PythonRunner: Times: total = 251, boot = -59, init = 60, finish = 250
17/02/02 00:25:35 INFO python.PythonRunner: Times: total = 71, boot = -31, init = 32, finish = 70
17/02/02 00:25:35 INFO executor.Executor: Finished task 201.0 in stage 344.0 (TID 58816). 2410 bytes result sent to driver
