17/02/01 23:11:35 INFO python.PythonRunner: Times: total = 54, boot = -22, init = 24, finish = 52
17/02/01 23:11:35 INFO executor.Executor: Finished task 1293.0 in stage 237.0 (TID 41701). 3378 bytes result sent to driver
17/02/01 23:11:35 INFO executor.CoarseGrainedExecutorBackend: Got assigned task 41724
17/02/01 23:11:35 INFO executor.Executor: Running task 1316.0 in stage 237.0 (TID 41724)
17/02/01 23:11:35 INFO storage.ShuffleBlockFetcherIterator: Getting 939 non-empty blocks out of 1890 blocks
17/02/01 23:11:35 INFO storage.ShuffleBlockFetcherIterator: Started 4 remote fetches in 5 ms
17/02/01 23:11:35 INFO python.PythonRunner: Times: total = 165, boot = -47, init = 50, finish = 162
17/02/01 23:11:35 INFO python.PythonRunner: Times: total = 151, boot = -11, init = 14, finish = 148
17/02/01 23:11:35 INFO python.PythonRunner: Times: total = 161, boot = -9, init = 16, finish = 154
17/02/01 23:11:35 INFO python.PythonRunner: Times: total = 53, boot = -44, init = 45, finish = 52
17/02/01 23:11:35 INFO executor.Executor: Finished task 1294.0 in stage 237.0 (TID 41702). 3378 bytes result sent to driver
17/02/01 23:11:35 INFO python.PythonRunner: Times: total = 49, boot = -15, init = 16, finish = 48
17/02/01 23:11:35 INFO executor.CoarseGrainedExecutorBackend: Got assigned task 41734
17/02/01 23:11:35 INFO executor.Executor: Running task 1326.0 in stage 237.0 (TID 41734)
17/02/01 23:11:35 INFO storage.ShuffleBlockFetcherIterator: Getting 939 non-empty blocks out of 1890 blocks
17/02/01 23:11:35 INFO executor.Executor: Finished task 1298.0 in stage 237.0 (TID 41706). 3378 bytes result sent to driver
17/02/01 23:11:35 INFO executor.CoarseGrainedExecutorBackend: Got assigned task 41735
17/02/01 23:11:35 INFO executor.Executor: Running task 1327.0 in stage 237.0 (TID 41735)
17/02/01 23:11:35 INFO storage.ShuffleBlockFetcherIterator: Started 3 remote fetches in 5 ms
17/02/01 23:11:35 INFO storage.ShuffleBlockFetcherIterator: Getting 949 non-empty blocks out of 1890 blocks
17/02/01 23:11:35 INFO storage.ShuffleBlockFetcherIterator: Started 4 remote fetches in 3 ms
17/02/01 23:11:35 INFO python.PythonRunner: Times: total = 181, boot = 6, init = 8, finish = 167
17/02/01 23:11:35 INFO python.PythonRunner: Times: total = 55, boot = -10, init = 12, finish = 53
17/02/01 23:11:35 INFO executor.Executor: Finished task 1303.0 in stage 237.0 (TID 41711). 3378 bytes result sent to driver
17/02/01 23:11:35 INFO executor.CoarseGrainedExecutorBackend: Got assigned task 41741
17/02/01 23:11:35 INFO executor.Executor: Running task 1333.0 in stage 237.0 (TID 41741)
17/02/01 23:11:35 INFO storage.ShuffleBlockFetcherIterator: Getting 941 non-empty blocks out of 1890 blocks
17/02/01 23:11:35 INFO python.PythonRunner: Times: total = 164, boot = -45, init = 49, finish = 160
17/02/01 23:11:35 INFO storage.ShuffleBlockFetcherIterator: Started 4 remote fetches in 4 ms
17/02/01 23:11:35 INFO python.PythonRunner: Times: total = 48, boot = -11, init = 12, finish = 47
17/02/01 23:11:35 INFO python.PythonRunner: Times: total = 135, boot = -48, init = 53, finish = 130
17/02/01 23:11:35 INFO executor.Executor: Finished task 1305.0 in stage 237.0 (TID 41713). 3378 bytes result sent to driver
17/02/01 23:11:35 INFO executor.CoarseGrainedExecutorBackend: Got assigned task 41746
17/02/01 23:11:35 INFO executor.Executor: Running task 1338.0 in stage 237.0 (TID 41746)
17/02/01 23:11:35 INFO python.PythonRunner: Times: total = 9, boot = -11, init = 12, finish = 8
17/02/01 23:11:35 INFO storage.ShuffleBlockFetcherIterator: Getting 935 non-empty blocks out of 1890 blocks
17/02/01 23:11:35 INFO storage.ShuffleBlockFetcherIterator: Started 4 remote fetches in 7 ms
17/02/01 23:11:35 INFO executor.Executor: Finished task 1316.0 in stage 237.0 (TID 41724). 3378 bytes result sent to driver
17/02/01 23:11:35 INFO executor.CoarseGrainedExecutorBackend: Got assigned task 41749
17/02/01 23:11:35 INFO executor.Executor: Running task 1341.0 in stage 237.0 (TID 41749)
17/02/01 23:11:35 INFO storage.ShuffleBlockFetcherIterator: Getting 946 non-empty blocks out of 1890 blocks
17/02/01 23:11:35 INFO storage.ShuffleBlockFetcherIterator: Started 4 remote fetches in 2 ms
17/02/01 23:11:35 INFO python.PythonRunner: Times: total = 60, boot = -24, init = 25, finish = 59
17/02/01 23:11:35 INFO python.PythonRunner: Times: total = 97, boot = -35, init = 39, finish = 93
17/02/01 23:11:35 INFO executor.Executor: Finished task 1313.0 in stage 237.0 (TID 41721). 3378 bytes result sent to driver
17/02/01 23:11:35 INFO executor.CoarseGrainedExecutorBackend: Got assigned task 41753
17/02/01 23:11:35 INFO executor.Executor: Running task 1345.0 in stage 237.0 (TID 41753)
17/02/01 23:11:35 INFO storage.ShuffleBlockFetcherIterator: Getting 955 non-empty blocks out of 1890 blocks
17/02/01 23:11:35 INFO storage.ShuffleBlockFetcherIterator: Started 4 remote fetches in 3 ms
17/02/01 23:11:35 INFO python.PythonRunner: Times: total = 119, boot = -8, init = 32, finish = 95
17/02/01 23:11:35 INFO python.PythonRunner: Times: total = 49, boot = -8, init = 10, finish = 47
17/02/01 23:11:35 INFO python.PythonRunner: Times: total = 27, boot = 14, init = 1, finish = 12
17/02/01 23:11:35 INFO executor.Executor: Finished task 1327.0 in stage 237.0 (TID 41735). 3378 bytes result sent to driver
17/02/01 23:11:35 INFO executor.Executor: Finished task 1326.0 in stage 237.0 (TID 41734). 3378 bytes result sent to driver
17/02/01 23:11:35 INFO executor.CoarseGrainedExecutorBackend: Got assigned task 41756
17/02/01 23:11:35 INFO executor.Executor: Running task 1348.0 in stage 237.0 (TID 41756)
17/02/01 23:11:35 INFO executor.CoarseGrainedExecutorBackend: Got assigned task 41757
17/02/01 23:11:35 INFO executor.Executor: Running task 1349.0 in stage 237.0 (TID 41757)
17/02/01 23:11:35 INFO storage.ShuffleBlockFetcherIterator: Getting 951 non-empty blocks out of 1890 blocks
17/02/01 23:11:35 INFO storage.ShuffleBlockFetcherIterator: Getting 946 non-empty blocks out of 1890 blocks
17/02/01 23:11:35 INFO storage.ShuffleBlockFetcherIterator: Started 4 remote fetches in 3 ms
17/02/01 23:11:35 INFO storage.ShuffleBlockFetcherIterator: Started 3 remote fetches in 4 ms
17/02/01 23:11:36 INFO python.PythonRunner: Times: total = 502, boot = -3, init = 9, finish = 496
17/02/01 23:11:36 INFO python.PythonRunner: Times: total = 501, boot = -14, init = 18, finish = 497
17/02/01 23:11:36 INFO python.PythonRunner: Times: total = 91, boot = -376, init = 378, finish = 89
17/02/01 23:11:36 INFO python.PythonRunner: Times: total = 55, boot = -408, init = 409, finish = 54
17/02/01 23:11:36 INFO executor.Executor: Finished task 1333.0 in stage 237.0 (TID 41741). 3378 bytes result sent to driver
17/02/01 23:11:36 INFO executor.Executor: Finished task 1338.0 in stage 237.0 (TID 41746). 3378 bytes result sent to driver
17/02/01 23:11:36 INFO executor.CoarseGrainedExecutorBackend: Got assigned task 41771
17/02/01 23:11:36 INFO executor.CoarseGrainedExecutorBackend: Got assigned task 41772
17/02/01 23:11:36 INFO executor.Executor: Running task 1363.0 in stage 237.0 (TID 41771)
17/02/01 23:11:36 INFO executor.Executor: Running task 1364.0 in stage 237.0 (TID 41772)
17/02/01 23:11:36 INFO python.PythonRunner: Times: total = 522, boot = -14, init = 43, finish = 493
17/02/01 23:11:36 INFO storage.ShuffleBlockFetcherIterator: Getting 952 non-empty blocks out of 1890 blocks
17/02/01 23:11:36 INFO storage.ShuffleBlockFetcherIterator: Started 3 remote fetches in 4 ms
17/02/01 23:11:36 INFO storage.ShuffleBlockFetcherIterator: Getting 937 non-empty blocks out of 1890 blocks
17/02/01 23:11:36 INFO storage.ShuffleBlockFetcherIterator: Started 3 remote fetches in 9 ms
17/02/01 23:11:36 INFO python.PythonRunner: Times: total = 503, boot = -42, init = 50, finish = 495
17/02/01 23:11:36 INFO python.PythonRunner: Times: total = 556, boot = -22, init = 42, finish = 536
17/02/01 23:11:36 INFO python.PythonRunner: Times: total = 529, boot = -8, init = 38, finish = 499
17/02/01 23:11:36 INFO python.PythonRunner: Times: total = 67, boot = 5, init = 2, finish = 60
17/02/01 23:11:36 INFO python.PythonRunner: Times: total = 52, boot = -5, init = 6, finish = 51
17/02/01 23:11:36 INFO executor.Executor: Finished task 1341.0 in stage 237.0 (TID 41749). 3378 bytes result sent to driver
17/02/01 23:11:36 INFO executor.CoarseGrainedExecutorBackend: Got assigned task 41780
17/02/01 23:11:36 INFO executor.Executor: Running task 1372.0 in stage 237.0 (TID 41780)
17/02/01 23:11:36 INFO executor.Executor: Finished task 1349.0 in stage 237.0 (TID 41757). 3378 bytes result sent to driver
17/02/01 23:11:36 INFO executor.CoarseGrainedExecutorBackend: Got assigned task 41781
17/02/01 23:11:36 INFO executor.Executor: Running task 1373.0 in stage 237.0 (TID 41781)
17/02/01 23:11:36 INFO storage.ShuffleBlockFetcherIterator: Getting 951 non-empty blocks out of 1890 blocks
17/02/01 23:11:36 INFO python.PythonRunner: Times: total = 55, boot = -12, init = 16, finish = 51
17/02/01 23:11:36 INFO storage.ShuffleBlockFetcherIterator: Started 3 remote fetches in 3 ms
17/02/01 23:11:36 INFO storage.ShuffleBlockFetcherIterator: Getting 944 non-empty blocks out of 1890 blocks
17/02/01 23:11:36 INFO storage.ShuffleBlockFetcherIterator: Started 4 remote fetches in 3 ms
17/02/01 23:11:36 INFO executor.Executor: Finished task 1345.0 in stage 237.0 (TID 41753). 3378 bytes result sent to driver
17/02/01 23:11:36 INFO executor.CoarseGrainedExecutorBackend: Got assigned task 41783
17/02/01 23:11:36 INFO executor.Executor: Running task 1375.0 in stage 237.0 (TID 41783)
17/02/01 23:11:36 INFO storage.ShuffleBlockFetcherIterator: Getting 936 non-empty blocks out of 1890 blocks
17/02/01 23:11:36 INFO python.PythonRunner: Times: total = 56, boot = -52, init = 54, finish = 54
17/02/01 23:11:36 INFO storage.ShuffleBlockFetcherIterator: Started 3 remote fetches in 5 ms
17/02/01 23:11:36 INFO python.PythonRunner: Times: total = 100, boot = -86, init = 95, finish = 91
