17/02/02 00:27:09 INFO executor.Executor: Running task 727.0 in stage 347.0 (TID 63131)
17/02/02 00:27:09 INFO python.PythonRunner: Times: total = 177, boot = -141, init = 142, finish = 176
17/02/02 00:27:09 INFO executor.Executor: Finished task 695.0 in stage 347.0 (TID 63099). 1251 bytes result sent to driver
17/02/02 00:27:09 INFO storage.ShuffleBlockFetcherIterator: Getting 948 non-empty blocks out of 1890 blocks
17/02/02 00:27:09 INFO executor.CoarseGrainedExecutorBackend: Got assigned task 63133
17/02/02 00:27:09 INFO storage.ShuffleBlockFetcherIterator: Started 3 remote fetches in 3 ms
17/02/02 00:27:09 INFO executor.Executor: Running task 729.0 in stage 347.0 (TID 63133)
17/02/02 00:27:09 INFO storage.ShuffleBlockFetcherIterator: Getting 950 non-empty blocks out of 1890 blocks
17/02/02 00:27:09 INFO storage.ShuffleBlockFetcherIterator: Started 3 remote fetches in 3 ms
17/02/02 00:27:09 INFO python.PythonRunner: Times: total = 185, boot = -136, init = 137, finish = 184
17/02/02 00:27:09 INFO executor.Executor: Finished task 699.0 in stage 347.0 (TID 63103). 1251 bytes result sent to driver
17/02/02 00:27:09 INFO executor.CoarseGrainedExecutorBackend: Got assigned task 63139
17/02/02 00:27:09 INFO executor.Executor: Running task 735.0 in stage 347.0 (TID 63139)
17/02/02 00:27:09 INFO storage.ShuffleBlockFetcherIterator: Getting 919 non-empty blocks out of 1890 blocks
17/02/02 00:27:09 INFO storage.ShuffleBlockFetcherIterator: Started 3 remote fetches in 2 ms
17/02/02 00:27:09 INFO python.PythonRunner: Times: total = 143, boot = -185, init = 186, finish = 142
17/02/02 00:27:09 INFO executor.Executor: Finished task 712.0 in stage 347.0 (TID 63116). 1251 bytes result sent to driver
17/02/02 00:27:09 INFO executor.CoarseGrainedExecutorBackend: Got assigned task 63145
17/02/02 00:27:09 INFO executor.Executor: Running task 741.0 in stage 347.0 (TID 63145)
17/02/02 00:27:09 INFO storage.ShuffleBlockFetcherIterator: Getting 943 non-empty blocks out of 1890 blocks
17/02/02 00:27:09 INFO storage.ShuffleBlockFetcherIterator: Started 3 remote fetches in 1 ms
17/02/02 00:27:09 INFO python.PythonRunner: Times: total = 168, boot = -156, init = 157, finish = 167
17/02/02 00:27:09 INFO executor.Executor: Finished task 714.0 in stage 347.0 (TID 63118). 1251 bytes result sent to driver
17/02/02 00:27:09 INFO executor.CoarseGrainedExecutorBackend: Got assigned task 63150
17/02/02 00:27:09 INFO executor.Executor: Running task 746.0 in stage 347.0 (TID 63150)
17/02/02 00:27:09 INFO storage.ShuffleBlockFetcherIterator: Getting 936 non-empty blocks out of 1890 blocks
17/02/02 00:27:09 INFO storage.ShuffleBlockFetcherIterator: Started 3 remote fetches in 2 ms
17/02/02 00:27:09 INFO python.PythonRunner: Times: total = 162, boot = -172, init = 173, finish = 161
17/02/02 00:27:09 INFO executor.Executor: Finished task 719.0 in stage 347.0 (TID 63123). 1251 bytes result sent to driver
17/02/02 00:27:09 INFO executor.CoarseGrainedExecutorBackend: Got assigned task 63155
17/02/02 00:27:09 INFO executor.Executor: Running task 751.0 in stage 347.0 (TID 63155)
17/02/02 00:27:09 INFO storage.ShuffleBlockFetcherIterator: Getting 941 non-empty blocks out of 1890 blocks
17/02/02 00:27:09 INFO storage.ShuffleBlockFetcherIterator: Started 3 remote fetches in 2 ms
17/02/02 00:27:09 INFO python.PythonRunner: Times: total = 155, boot = -194, init = 195, finish = 154
17/02/02 00:27:09 INFO executor.Executor: Finished task 727.0 in stage 347.0 (TID 63131). 1251 bytes result sent to driver
17/02/02 00:27:09 INFO executor.CoarseGrainedExecutorBackend: Got assigned task 63160
17/02/02 00:27:09 INFO executor.Executor: Running task 756.0 in stage 347.0 (TID 63160)
17/02/02 00:27:09 INFO storage.ShuffleBlockFetcherIterator: Getting 962 non-empty blocks out of 1890 blocks
17/02/02 00:27:09 INFO storage.ShuffleBlockFetcherIterator: Started 3 remote fetches in 2 ms
17/02/02 00:27:09 INFO python.PythonRunner: Times: total = 184, boot = -166, init = 167, finish = 183
17/02/02 00:27:09 INFO executor.Executor: Finished task 729.0 in stage 347.0 (TID 63133). 1251 bytes result sent to driver
17/02/02 00:27:09 INFO executor.CoarseGrainedExecutorBackend: Got assigned task 63167
17/02/02 00:27:09 INFO executor.Executor: Running task 763.0 in stage 347.0 (TID 63167)
17/02/02 00:27:09 INFO storage.ShuffleBlockFetcherIterator: Getting 914 non-empty blocks out of 1890 blocks
17/02/02 00:27:09 INFO storage.ShuffleBlockFetcherIterator: Started 3 remote fetches in 5 ms
17/02/02 00:27:09 INFO python.PythonRunner: Times: total = 165, boot = -183, init = 184, finish = 164
17/02/02 00:27:09 INFO executor.Executor: Finished task 735.0 in stage 347.0 (TID 63139). 1251 bytes result sent to driver
17/02/02 00:27:09 INFO executor.CoarseGrainedExecutorBackend: Got assigned task 63169
17/02/02 00:27:09 INFO executor.Executor: Running task 765.0 in stage 347.0 (TID 63169)
17/02/02 00:27:09 INFO storage.ShuffleBlockFetcherIterator: Getting 935 non-empty blocks out of 1890 blocks
17/02/02 00:27:09 INFO storage.ShuffleBlockFetcherIterator: Started 3 remote fetches in 3 ms
17/02/02 00:27:09 INFO python.PythonRunner: Times: total = 168, boot = -125, init = 126, finish = 167
17/02/02 00:27:09 INFO executor.Executor: Finished task 741.0 in stage 347.0 (TID 63145). 1251 bytes result sent to driver
17/02/02 00:27:09 INFO executor.CoarseGrainedExecutorBackend: Got assigned task 63171
17/02/02 00:27:09 INFO executor.Executor: Running task 767.0 in stage 347.0 (TID 63171)
17/02/02 00:27:09 INFO storage.ShuffleBlockFetcherIterator: Getting 942 non-empty blocks out of 1890 blocks
17/02/02 00:27:09 INFO storage.ShuffleBlockFetcherIterator: Started 3 remote fetches in 2 ms
17/02/02 00:27:09 INFO python.PythonRunner: Times: total = 150, boot = -160, init = 161, finish = 149
17/02/02 00:27:09 INFO executor.Executor: Finished task 746.0 in stage 347.0 (TID 63150). 1251 bytes result sent to driver
17/02/02 00:27:09 INFO executor.CoarseGrainedExecutorBackend: Got assigned task 63175
17/02/02 00:27:09 INFO executor.Executor: Running task 771.0 in stage 347.0 (TID 63175)
17/02/02 00:27:09 INFO storage.ShuffleBlockFetcherIterator: Getting 956 non-empty blocks out of 1890 blocks
17/02/02 00:27:09 INFO storage.ShuffleBlockFetcherIterator: Started 3 remote fetches in 1 ms
17/02/02 00:27:09 INFO python.PythonRunner: Times: total = 142, boot = -146, init = 146, finish = 142
17/02/02 00:27:09 INFO executor.Executor: Finished task 751.0 in stage 347.0 (TID 63155). 1251 bytes result sent to driver
17/02/02 00:27:09 INFO executor.CoarseGrainedExecutorBackend: Got assigned task 63178
17/02/02 00:27:09 INFO executor.Executor: Running task 774.0 in stage 347.0 (TID 63178)
17/02/02 00:27:09 INFO storage.ShuffleBlockFetcherIterator: Getting 945 non-empty blocks out of 1890 blocks
17/02/02 00:27:09 INFO storage.ShuffleBlockFetcherIterator: Started 3 remote fetches in 2 ms
17/02/02 00:27:09 INFO python.PythonRunner: Times: total = 338, boot = -149, init = 150, finish = 337
17/02/02 00:27:09 INFO executor.Executor: Finished task 756.0 in stage 347.0 (TID 63160). 1251 bytes result sent to driver
17/02/02 00:27:09 INFO executor.CoarseGrainedExecutorBackend: Got assigned task 63183
17/02/02 00:27:09 INFO executor.Executor: Running task 779.0 in stage 347.0 (TID 63183)
17/02/02 00:27:09 INFO storage.ShuffleBlockFetcherIterator: Getting 935 non-empty blocks out of 1890 blocks
17/02/02 00:27:09 INFO storage.ShuffleBlockFetcherIterator: Started 3 remote fetches in 2 ms
17/02/02 00:27:09 INFO python.PythonRunner: Times: total = 335, boot = -185, init = 186, finish = 334
17/02/02 00:27:09 INFO executor.Executor: Finished task 763.0 in stage 347.0 (TID 63167). 1251 bytes result sent to driver
17/02/02 00:27:09 INFO executor.CoarseGrainedExecutorBackend: Got assigned task 63186
17/02/02 00:27:09 INFO executor.Executor: Running task 782.0 in stage 347.0 (TID 63186)
17/02/02 00:27:10 INFO storage.ShuffleBlockFetcherIterator: Getting 934 non-empty blocks out of 1890 blocks
17/02/02 00:27:10 INFO storage.ShuffleBlockFetcherIterator: Started 3 remote fetches in 5 ms
17/02/02 00:27:10 INFO python.PythonRunner: Times: total = 343, boot = -152, init = 153, finish = 342
17/02/02 00:27:10 INFO executor.Executor: Finished task 765.0 in stage 347.0 (TID 63169). 1251 bytes result sent to driver
17/02/02 00:27:10 INFO executor.CoarseGrainedExecutorBackend: Got assigned task 63190
17/02/02 00:27:10 INFO executor.Executor: Running task 786.0 in stage 347.0 (TID 63190)
17/02/02 00:27:10 INFO storage.ShuffleBlockFetcherIterator: Getting 947 non-empty blocks out of 1890 blocks
17/02/02 00:27:10 INFO storage.ShuffleBlockFetcherIterator: Started 3 remote fetches in 4 ms
17/02/02 00:27:10 INFO python.PythonRunner: Times: total = 351, boot = -159, init = 160, finish = 350
17/02/02 00:27:10 INFO executor.Executor: Finished task 767.0 in stage 347.0 (TID 63171). 1251 bytes result sent to driver
17/02/02 00:27:10 INFO executor.CoarseGrainedExecutorBackend: Got assigned task 63196
17/02/02 00:27:10 INFO executor.Executor: Running task 792.0 in stage 347.0 (TID 63196)
17/02/02 00:27:10 INFO storage.ShuffleBlockFetcherIterator: Getting 921 non-empty blocks out of 1890 blocks
17/02/02 00:27:10 INFO storage.ShuffleBlockFetcherIterator: Started 3 remote fetches in 4 ms
17/02/02 00:27:10 INFO python.PythonRunner: Times: total = 347, boot = -135, init = 136, finish = 346
17/02/02 00:27:10 INFO executor.Executor: Finished task 771.0 in stage 347.0 (TID 63175). 1251 bytes result sent to driver
17/02/02 00:27:10 INFO executor.CoarseGrainedExecutorBackend: Got assigned task 63199
17/02/02 00:27:10 INFO executor.Executor: Running task 795.0 in stage 347.0 (TID 63199)
17/02/02 00:27:10 INFO storage.ShuffleBlockFetcherIterator: Getting 956 non-empty blocks out of 1890 blocks
17/02/02 00:27:10 INFO storage.ShuffleBlockFetcherIterator: Started 3 remote fetches in 2 ms
17/02/02 00:27:10 INFO python.PythonRunner: Times: total = 351, boot = -132, init = 133, finish = 350
