17/02/01 23:11:50 INFO executor.CoarseGrainedExecutorBackend: Got assigned task 45477
17/02/01 23:11:50 INFO executor.Executor: Running task 1259.0 in stage 239.0 (TID 45477)
17/02/01 23:11:50 INFO storage.ShuffleBlockFetcherIterator: Getting 109 non-empty blocks out of 1920 blocks
17/02/01 23:11:50 INFO storage.ShuffleBlockFetcherIterator: Started 4 remote fetches in 1 ms
17/02/01 23:11:50 INFO python.PythonRunner: Times: total = 45, boot = -5, init = 7, finish = 43
17/02/01 23:11:50 INFO executor.Executor: Finished task 1221.0 in stage 239.0 (TID 45439). 1344 bytes result sent to driver
17/02/01 23:11:50 INFO executor.CoarseGrainedExecutorBackend: Got assigned task 45480
17/02/01 23:11:50 INFO executor.Executor: Running task 1262.0 in stage 239.0 (TID 45480)
17/02/01 23:11:50 INFO storage.ShuffleBlockFetcherIterator: Getting 107 non-empty blocks out of 1920 blocks
17/02/01 23:11:50 INFO storage.ShuffleBlockFetcherIterator: Started 4 remote fetches in 1 ms
17/02/01 23:11:50 INFO python.PythonRunner: Times: total = 11, boot = 8, init = 0, finish = 3
17/02/01 23:11:50 INFO executor.Executor: Finished task 1256.0 in stage 239.0 (TID 45474). 1344 bytes result sent to driver
17/02/01 23:11:50 INFO python.PythonRunner: Times: total = 12, boot = 8, init = 1, finish = 3
17/02/01 23:11:50 INFO executor.Executor: Finished task 1255.0 in stage 239.0 (TID 45473). 1344 bytes result sent to driver
17/02/01 23:11:50 INFO executor.CoarseGrainedExecutorBackend: Got assigned task 45484
17/02/01 23:11:50 INFO executor.Executor: Running task 1266.0 in stage 239.0 (TID 45484)
17/02/01 23:11:50 INFO executor.CoarseGrainedExecutorBackend: Got assigned task 45487
17/02/01 23:11:50 INFO executor.Executor: Running task 1269.0 in stage 239.0 (TID 45487)
17/02/01 23:11:50 INFO storage.ShuffleBlockFetcherIterator: Getting 113 non-empty blocks out of 1920 blocks
17/02/01 23:11:50 INFO storage.ShuffleBlockFetcherIterator: Started 4 remote fetches in 1 ms
17/02/01 23:11:50 INFO storage.ShuffleBlockFetcherIterator: Getting 112 non-empty blocks out of 1920 blocks
17/02/01 23:11:50 INFO storage.ShuffleBlockFetcherIterator: Started 4 remote fetches in 1 ms
17/02/01 23:11:50 INFO python.PythonRunner: Times: total = 20, boot = 15, init = 0, finish = 5
17/02/01 23:11:50 INFO executor.Executor: Finished task 1259.0 in stage 239.0 (TID 45477). 1344 bytes result sent to driver
17/02/01 23:11:50 INFO executor.CoarseGrainedExecutorBackend: Got assigned task 45498
17/02/01 23:11:50 INFO executor.Executor: Running task 1280.0 in stage 239.0 (TID 45498)
17/02/01 23:11:50 INFO storage.ShuffleBlockFetcherIterator: Getting 105 non-empty blocks out of 1920 blocks
17/02/01 23:11:50 INFO python.PythonRunner: Times: total = 44, boot = -7, init = 9, finish = 42
17/02/01 23:11:50 INFO storage.ShuffleBlockFetcherIterator: Started 4 remote fetches in 1 ms
17/02/01 23:11:50 INFO executor.Executor: Finished task 1244.0 in stage 239.0 (TID 45462). 1344 bytes result sent to driver
17/02/01 23:11:50 INFO python.PythonRunner: Times: total = 14, boot = 9, init = 1, finish = 4
17/02/01 23:11:50 INFO executor.CoarseGrainedExecutorBackend: Got assigned task 45499
17/02/01 23:11:50 INFO executor.Executor: Running task 1281.0 in stage 239.0 (TID 45499)
17/02/01 23:11:50 INFO executor.Executor: Finished task 1266.0 in stage 239.0 (TID 45484). 1344 bytes result sent to driver
17/02/01 23:11:50 INFO executor.CoarseGrainedExecutorBackend: Got assigned task 45501
17/02/01 23:11:50 INFO executor.Executor: Running task 1283.0 in stage 239.0 (TID 45501)
17/02/01 23:11:50 INFO storage.ShuffleBlockFetcherIterator: Getting 110 non-empty blocks out of 1920 blocks
17/02/01 23:11:50 INFO storage.ShuffleBlockFetcherIterator: Started 4 remote fetches in 1 ms
17/02/01 23:11:50 INFO python.PythonRunner: Times: total = 44, boot = -8, init = 10, finish = 42
17/02/01 23:11:50 INFO executor.Executor: Finished task 1247.0 in stage 239.0 (TID 45465). 1344 bytes result sent to driver
17/02/01 23:11:50 INFO executor.CoarseGrainedExecutorBackend: Got assigned task 45503
17/02/01 23:11:50 INFO executor.Executor: Running task 1285.0 in stage 239.0 (TID 45503)
17/02/01 23:11:50 INFO storage.ShuffleBlockFetcherIterator: Getting 111 non-empty blocks out of 1920 blocks
17/02/01 23:11:50 INFO python.PythonRunner: Times: total = 25, boot = 19, init = 1, finish = 5
17/02/01 23:11:50 INFO executor.Executor: Finished task 1262.0 in stage 239.0 (TID 45480). 1344 bytes result sent to driver
17/02/01 23:11:50 INFO storage.ShuffleBlockFetcherIterator: Started 4 remote fetches in 1 ms
17/02/01 23:11:50 INFO storage.ShuffleBlockFetcherIterator: Getting 113 non-empty blocks out of 1920 blocks
17/02/01 23:11:50 INFO storage.ShuffleBlockFetcherIterator: Started 4 remote fetches in 1 ms
17/02/01 23:11:50 INFO executor.CoarseGrainedExecutorBackend: Got assigned task 45504
17/02/01 23:11:50 INFO executor.Executor: Running task 1286.0 in stage 239.0 (TID 45504)
17/02/01 23:11:50 INFO storage.ShuffleBlockFetcherIterator: Getting 110 non-empty blocks out of 1920 blocks
17/02/01 23:11:50 INFO storage.ShuffleBlockFetcherIterator: Started 4 remote fetches in 1 ms
17/02/01 23:11:50 INFO python.PythonRunner: Times: total = 16, boot = 13, init = 0, finish = 3
17/02/01 23:11:50 INFO executor.Executor: Finished task 1286.0 in stage 239.0 (TID 45504). 1344 bytes result sent to driver
17/02/01 23:11:50 INFO executor.CoarseGrainedExecutorBackend: Got assigned task 45513
17/02/01 23:11:50 INFO executor.Executor: Running task 1295.0 in stage 239.0 (TID 45513)
17/02/01 23:11:50 INFO storage.ShuffleBlockFetcherIterator: Getting 113 non-empty blocks out of 1920 blocks
17/02/01 23:11:50 INFO python.PythonRunner: Times: total = 22, boot = 17, init = 1, finish = 4
17/02/01 23:11:50 INFO executor.Executor: Finished task 1285.0 in stage 239.0 (TID 45503). 1344 bytes result sent to driver
17/02/01 23:11:50 INFO storage.ShuffleBlockFetcherIterator: Started 4 remote fetches in 1 ms
17/02/01 23:11:50 INFO executor.CoarseGrainedExecutorBackend: Got assigned task 45515
17/02/01 23:11:50 INFO executor.Executor: Running task 1297.0 in stage 239.0 (TID 45515)
17/02/01 23:11:50 INFO storage.ShuffleBlockFetcherIterator: Getting 106 non-empty blocks out of 1920 blocks
17/02/01 23:11:50 INFO python.PythonRunner: Times: total = 44, boot = 6, init = 0, finish = 38
17/02/01 23:11:50 INFO executor.Executor: Finished task 1269.0 in stage 239.0 (TID 45487). 1344 bytes result sent to driver
17/02/01 23:11:50 INFO storage.ShuffleBlockFetcherIterator: Started 4 remote fetches in 1 ms
17/02/01 23:11:50 INFO executor.CoarseGrainedExecutorBackend: Got assigned task 45518
17/02/01 23:11:50 INFO executor.Executor: Running task 1300.0 in stage 239.0 (TID 45518)
17/02/01 23:11:50 INFO storage.ShuffleBlockFetcherIterator: Getting 110 non-empty blocks out of 1920 blocks
17/02/01 23:11:50 INFO storage.ShuffleBlockFetcherIterator: Started 4 remote fetches in 1 ms
17/02/01 23:11:50 INFO python.PythonRunner: Times: total = 5, boot = -9, init = 10, finish = 4
17/02/01 23:11:50 INFO executor.Executor: Finished task 1297.0 in stage 239.0 (TID 45515). 1344 bytes result sent to driver
17/02/01 23:11:50 INFO executor.CoarseGrainedExecutorBackend: Got assigned task 45525
17/02/01 23:11:50 INFO executor.Executor: Running task 1307.0 in stage 239.0 (TID 45525)
17/02/01 23:11:50 INFO storage.ShuffleBlockFetcherIterator: Getting 108 non-empty blocks out of 1920 blocks
17/02/01 23:11:50 INFO storage.ShuffleBlockFetcherIterator: Started 4 remote fetches in 1 ms
17/02/01 23:11:50 INFO python.PythonRunner: Times: total = 5, boot = 1, init = 0, finish = 4
17/02/01 23:11:50 INFO executor.Executor: Finished task 1300.0 in stage 239.0 (TID 45518). 1344 bytes result sent to driver
17/02/01 23:11:50 INFO executor.CoarseGrainedExecutorBackend: Got assigned task 45531
17/02/01 23:11:50 INFO executor.Executor: Running task 1313.0 in stage 239.0 (TID 45531)
17/02/01 23:11:50 INFO storage.ShuffleBlockFetcherIterator: Getting 112 non-empty blocks out of 1920 blocks
17/02/01 23:11:50 INFO storage.ShuffleBlockFetcherIterator: Started 4 remote fetches in 2 ms
17/02/01 23:11:50 INFO python.PythonRunner: Times: total = 48, boot = -5, init = 7, finish = 46
17/02/01 23:11:50 INFO python.PythonRunner: Times: total = 44, boot = 1, init = 1, finish = 42
17/02/01 23:11:50 INFO executor.Executor: Finished task 1280.0 in stage 239.0 (TID 45498). 1344 bytes result sent to driver
17/02/01 23:11:50 INFO executor.Executor: Finished task 1281.0 in stage 239.0 (TID 45499). 1344 bytes result sent to driver
17/02/01 23:11:50 INFO executor.CoarseGrainedExecutorBackend: Got assigned task 45536
17/02/01 23:11:50 INFO executor.Executor: Running task 1318.0 in stage 239.0 (TID 45536)
17/02/01 23:11:50 INFO executor.CoarseGrainedExecutorBackend: Got assigned task 45537
17/02/01 23:11:50 INFO executor.Executor: Running task 1319.0 in stage 239.0 (TID 45537)
17/02/01 23:11:50 INFO storage.ShuffleBlockFetcherIterator: Getting 109 non-empty blocks out of 1920 blocks
17/02/01 23:11:50 INFO python.PythonRunner: Times: total = 10, boot = 6, init = 1, finish = 3
17/02/01 23:11:50 INFO storage.ShuffleBlockFetcherIterator: Getting 113 non-empty blocks out of 1920 blocks
17/02/01 23:11:50 INFO storage.ShuffleBlockFetcherIterator: Started 4 remote fetches in 1 ms
17/02/01 23:11:50 INFO executor.Executor: Finished task 1307.0 in stage 239.0 (TID 45525). 1344 bytes result sent to driver
17/02/01 23:11:50 INFO python.PythonRunner: Times: total = 45, boot = 2, init = 1, finish = 42
17/02/01 23:11:50 INFO storage.ShuffleBlockFetcherIterator: Started 4 remote fetches in 1 ms
17/02/01 23:11:50 INFO executor.Executor: Finished task 1283.0 in stage 239.0 (TID 45501). 1344 bytes result sent to driver
17/02/01 23:11:50 INFO executor.CoarseGrainedExecutorBackend: Got assigned task 45541
17/02/01 23:11:50 INFO executor.CoarseGrainedExecutorBackend: Got assigned task 45542
