17/02/01 23:11:36 INFO executor.CoarseGrainedExecutorBackend: Got assigned task 41840
17/02/01 23:11:36 INFO executor.Executor: Running task 1432.0 in stage 237.0 (TID 41840)
17/02/01 23:11:36 INFO storage.ShuffleBlockFetcherIterator: Getting 949 non-empty blocks out of 1890 blocks
17/02/01 23:11:36 INFO python.PythonRunner: Times: total = 91, boot = -39, init = 43, finish = 87
17/02/01 23:11:36 INFO storage.ShuffleBlockFetcherIterator: Started 3 remote fetches in 3 ms
17/02/01 23:11:36 INFO python.PythonRunner: Times: total = 54, boot = -13, init = 14, finish = 53
17/02/01 23:11:37 INFO executor.Executor: Finished task 1409.0 in stage 237.0 (TID 41817). 3378 bytes result sent to driver
17/02/01 23:11:37 INFO executor.CoarseGrainedExecutorBackend: Got assigned task 41841
17/02/01 23:11:37 INFO executor.Executor: Running task 1433.0 in stage 237.0 (TID 41841)
17/02/01 23:11:37 INFO storage.ShuffleBlockFetcherIterator: Getting 925 non-empty blocks out of 1890 blocks
17/02/01 23:11:37 INFO storage.ShuffleBlockFetcherIterator: Started 3 remote fetches in 3 ms
17/02/01 23:11:37 INFO python.PythonRunner: Times: total = 59, boot = -41, init = 42, finish = 58
17/02/01 23:11:37 INFO python.PythonRunner: Times: total = 53, boot = -4, init = 5, finish = 52
17/02/01 23:11:37 INFO executor.Executor: Finished task 1412.0 in stage 237.0 (TID 41820). 3378 bytes result sent to driver
17/02/01 23:11:37 INFO executor.CoarseGrainedExecutorBackend: Got assigned task 41848
17/02/01 23:11:37 INFO executor.Executor: Running task 1440.0 in stage 237.0 (TID 41848)
17/02/01 23:11:37 INFO executor.Executor: Finished task 1416.0 in stage 237.0 (TID 41824). 3378 bytes result sent to driver
17/02/01 23:11:37 INFO storage.ShuffleBlockFetcherIterator: Getting 950 non-empty blocks out of 1890 blocks
17/02/01 23:11:37 INFO executor.CoarseGrainedExecutorBackend: Got assigned task 41850
17/02/01 23:11:37 INFO executor.Executor: Running task 1442.0 in stage 237.0 (TID 41850)
17/02/01 23:11:37 INFO storage.ShuffleBlockFetcherIterator: Started 4 remote fetches in 6 ms
17/02/01 23:11:37 INFO storage.ShuffleBlockFetcherIterator: Getting 955 non-empty blocks out of 1890 blocks
17/02/01 23:11:37 INFO storage.ShuffleBlockFetcherIterator: Started 4 remote fetches in 4 ms
17/02/01 23:11:37 INFO python.PythonRunner: Times: total = 112, boot = -33, init = 39, finish = 106
17/02/01 23:11:37 INFO python.PythonRunner: Times: total = 115, boot = -4, init = 29, finish = 90
17/02/01 23:11:37 INFO python.PythonRunner: Times: total = 18, boot = -26, init = 28, finish = 16
17/02/01 23:11:37 INFO python.PythonRunner: Times: total = 131, boot = -5, init = 36, finish = 100
17/02/01 23:11:37 INFO python.PythonRunner: Times: total = 120, boot = -16, init = 49, finish = 87
17/02/01 23:11:37 INFO python.PythonRunner: Times: total = 52, boot = -65, init = 66, finish = 51
17/02/01 23:11:37 INFO python.PythonRunner: Times: total = 95, boot = -48, init = 60, finish = 83
17/02/01 23:11:37 INFO python.PythonRunner: Times: total = 111, boot = -45, init = 70, finish = 86
17/02/01 23:11:37 INFO python.PythonRunner: Times: total = 52, boot = -54, init = 55, finish = 51
17/02/01 23:11:37 INFO python.PythonRunner: Times: total = 49, boot = -16, init = 17, finish = 48
17/02/01 23:11:37 INFO python.PythonRunner: Times: total = 52, boot = -16, init = 17, finish = 51
17/02/01 23:11:37 INFO python.PythonRunner: Times: total = 55, boot = -29, init = 30, finish = 54
17/02/01 23:11:37 INFO executor.Executor: Finished task 1440.0 in stage 237.0 (TID 41848). 3378 bytes result sent to driver
17/02/01 23:11:37 INFO executor.CoarseGrainedExecutorBackend: Got assigned task 41911
17/02/01 23:11:37 INFO executor.Executor: Running task 1503.0 in stage 237.0 (TID 41911)
17/02/01 23:11:37 INFO executor.Executor: Finished task 1430.0 in stage 237.0 (TID 41838). 3378 bytes result sent to driver
17/02/01 23:11:37 INFO executor.Executor: Finished task 1429.0 in stage 237.0 (TID 41837). 3378 bytes result sent to driver
17/02/01 23:11:37 INFO executor.Executor: Finished task 1432.0 in stage 237.0 (TID 41840). 3378 bytes result sent to driver
17/02/01 23:11:37 INFO executor.Executor: Finished task 1433.0 in stage 237.0 (TID 41841). 3378 bytes result sent to driver
17/02/01 23:11:37 INFO executor.Executor: Finished task 1442.0 in stage 237.0 (TID 41850). 3378 bytes result sent to driver
17/02/01 23:11:37 INFO executor.CoarseGrainedExecutorBackend: Got assigned task 41912
17/02/01 23:11:37 INFO executor.Executor: Running task 1504.0 in stage 237.0 (TID 41912)
17/02/01 23:11:37 INFO executor.CoarseGrainedExecutorBackend: Got assigned task 41913
17/02/01 23:11:37 INFO executor.Executor: Running task 1505.0 in stage 237.0 (TID 41913)
17/02/01 23:11:37 INFO executor.CoarseGrainedExecutorBackend: Got assigned task 41914
17/02/01 23:11:37 INFO storage.ShuffleBlockFetcherIterator: Getting 939 non-empty blocks out of 1890 blocks
17/02/01 23:11:37 INFO executor.CoarseGrainedExecutorBackend: Got assigned task 41915
17/02/01 23:11:37 INFO executor.Executor: Running task 1506.0 in stage 237.0 (TID 41914)
17/02/01 23:11:37 INFO executor.Executor: Running task 1507.0 in stage 237.0 (TID 41915)
17/02/01 23:11:37 INFO executor.CoarseGrainedExecutorBackend: Got assigned task 41916
17/02/01 23:11:37 INFO executor.Executor: Running task 1508.0 in stage 237.0 (TID 41916)
17/02/01 23:11:37 INFO storage.ShuffleBlockFetcherIterator: Started 4 remote fetches in 3 ms
17/02/01 23:11:37 INFO storage.ShuffleBlockFetcherIterator: Getting 933 non-empty blocks out of 1890 blocks
17/02/01 23:11:37 INFO storage.ShuffleBlockFetcherIterator: Getting 963 non-empty blocks out of 1890 blocks
17/02/01 23:11:37 INFO storage.ShuffleBlockFetcherIterator: Getting 945 non-empty blocks out of 1890 blocks
17/02/01 23:11:37 INFO storage.ShuffleBlockFetcherIterator: Getting 941 non-empty blocks out of 1890 blocks
17/02/01 23:11:37 INFO storage.ShuffleBlockFetcherIterator: Started 3 remote fetches in 5 ms
17/02/01 23:11:37 INFO storage.ShuffleBlockFetcherIterator: Getting 953 non-empty blocks out of 1890 blocks
17/02/01 23:11:37 INFO storage.ShuffleBlockFetcherIterator: Started 4 remote fetches in 6 ms
17/02/01 23:11:37 INFO storage.ShuffleBlockFetcherIterator: Started 4 remote fetches in 5 ms
17/02/01 23:11:37 INFO storage.ShuffleBlockFetcherIterator: Started 4 remote fetches in 4 ms
17/02/01 23:11:37 INFO storage.ShuffleBlockFetcherIterator: Started 3 remote fetches in 5 ms
17/02/01 23:11:38 INFO python.PythonRunner: Times: total = 479, boot = -526, init = 528, finish = 477
17/02/01 23:11:38 INFO python.PythonRunner: Times: total = 505, boot = -519, init = 571, finish = 453
17/02/01 23:11:38 INFO python.PythonRunner: Times: total = 514, boot = -509, init = 581, finish = 442
17/02/01 23:11:38 INFO python.PythonRunner: Times: total = 56, boot = -947, init = 948, finish = 55
17/02/01 23:11:38 INFO executor.Executor: Finished task 1503.0 in stage 237.0 (TID 41911). 3378 bytes result sent to driver
17/02/01 23:11:38 INFO executor.CoarseGrainedExecutorBackend: Got assigned task 41927
17/02/01 23:11:38 INFO executor.Executor: Running task 1519.0 in stage 237.0 (TID 41927)
17/02/01 23:11:38 INFO storage.ShuffleBlockFetcherIterator: Getting 955 non-empty blocks out of 1890 blocks
17/02/01 23:11:38 INFO storage.ShuffleBlockFetcherIterator: Started 3 remote fetches in 4 ms
17/02/01 23:11:38 INFO python.PythonRunner: Times: total = 543, boot = -519, init = 569, finish = 493
17/02/01 23:11:38 INFO python.PythonRunner: Times: total = 546, boot = -479, init = 588, finish = 437
17/02/01 23:11:38 INFO python.PythonRunner: Times: total = 551, boot = -489, init = 575, finish = 465
17/02/01 23:11:38 INFO python.PythonRunner: Times: total = 58, boot = -953, init = 955, finish = 56
17/02/01 23:11:38 INFO executor.Executor: Finished task 1504.0 in stage 237.0 (TID 41912). 3378 bytes result sent to driver
17/02/01 23:11:38 INFO python.PythonRunner: Times: total = 53, boot = -942, init = 944, finish = 51
17/02/01 23:11:38 INFO executor.CoarseGrainedExecutorBackend: Got assigned task 41931
17/02/01 23:11:38 INFO executor.Executor: Running task 1523.0 in stage 237.0 (TID 41931)
17/02/01 23:11:38 INFO storage.ShuffleBlockFetcherIterator: Getting 933 non-empty blocks out of 1890 blocks
17/02/01 23:11:38 INFO storage.ShuffleBlockFetcherIterator: Started 3 remote fetches in 5 ms
17/02/01 23:11:38 INFO executor.Executor: Finished task 1508.0 in stage 237.0 (TID 41916). 3378 bytes result sent to driver
17/02/01 23:11:38 INFO executor.CoarseGrainedExecutorBackend: Got assigned task 41932
17/02/01 23:11:38 INFO executor.Executor: Running task 1524.0 in stage 237.0 (TID 41932)
17/02/01 23:11:38 INFO storage.ShuffleBlockFetcherIterator: Getting 941 non-empty blocks out of 1890 blocks
17/02/01 23:11:38 INFO storage.ShuffleBlockFetcherIterator: Started 3 remote fetches in 4 ms
17/02/01 23:11:38 INFO python.PythonRunner: Times: total = 60, boot = -43, init = 45, finish = 58
17/02/01 23:11:38 INFO python.PythonRunner: Times: total = 58, boot = -12, init = 14, finish = 56
17/02/01 23:11:38 INFO python.PythonRunner: Times: total = 53, boot = -1, init = 2, finish = 52
17/02/01 23:11:38 INFO executor.Executor: Finished task 1505.0 in stage 237.0 (TID 41913). 3378 bytes result sent to driver
17/02/01 23:11:38 INFO executor.CoarseGrainedExecutorBackend: Got assigned task 41936
17/02/01 23:11:38 INFO executor.Executor: Running task 1528.0 in stage 237.0 (TID 41936)
17/02/01 23:11:38 INFO executor.Executor: Finished task 1506.0 in stage 237.0 (TID 41914). 3378 bytes result sent to driver
17/02/01 23:11:38 INFO executor.Executor: Finished task 1507.0 in stage 237.0 (TID 41915). 3378 bytes result sent to driver
17/02/01 23:11:38 INFO executor.CoarseGrainedExecutorBackend: Got assigned task 41937
17/02/01 23:11:38 INFO executor.Executor: Running task 1529.0 in stage 237.0 (TID 41937)
17/02/01 23:11:38 INFO executor.CoarseGrainedExecutorBackend: Got assigned task 41938
