17/02/02 00:26:14 INFO python.PythonRunner: Times: total = 203, boot = -31, init = 32, finish = 202
17/02/02 00:26:14 INFO python.PythonRunner: Times: total = 27, boot = -99, init = 100, finish = 26
17/02/02 00:26:14 INFO python.PythonRunner: Times: total = 27, boot = -81, init = 82, finish = 26
17/02/02 00:26:14 INFO executor.Executor: Finished task 755.0 in stage 346.0 (TID 61268). 3348 bytes result sent to driver
17/02/02 00:26:14 INFO executor.CoarseGrainedExecutorBackend: Got assigned task 61282
17/02/02 00:26:14 INFO executor.Executor: Running task 768.0 in stage 346.0 (TID 61282)
17/02/02 00:26:14 INFO storage.ShuffleBlockFetcherIterator: Getting 495 non-empty blocks out of 930 blocks
17/02/02 00:26:14 INFO storage.ShuffleBlockFetcherIterator: Started 6 remote fetches in 1 ms
17/02/02 00:26:14 INFO executor.Executor: Finished task 754.0 in stage 346.0 (TID 61267). 3348 bytes result sent to driver
17/02/02 00:26:14 INFO executor.CoarseGrainedExecutorBackend: Got assigned task 61284
17/02/02 00:26:14 INFO executor.Executor: Running task 770.0 in stage 346.0 (TID 61284)
17/02/02 00:26:14 INFO storage.ShuffleBlockFetcherIterator: Getting 495 non-empty blocks out of 930 blocks
17/02/02 00:26:14 INFO storage.ShuffleBlockFetcherIterator: Started 6 remote fetches in 1 ms
17/02/02 00:26:14 INFO python.PythonRunner: Times: total = 218, boot = -40, init = 41, finish = 217
17/02/02 00:26:14 INFO python.PythonRunner: Times: total = 26, boot = -63, init = 64, finish = 25
17/02/02 00:26:14 INFO executor.Executor: Finished task 757.0 in stage 346.0 (TID 61271). 3348 bytes result sent to driver
17/02/02 00:26:14 INFO executor.CoarseGrainedExecutorBackend: Got assigned task 61286
17/02/02 00:26:14 INFO executor.Executor: Running task 772.0 in stage 346.0 (TID 61286)
17/02/02 00:26:14 INFO storage.ShuffleBlockFetcherIterator: Getting 495 non-empty blocks out of 930 blocks
17/02/02 00:26:14 INFO storage.ShuffleBlockFetcherIterator: Started 6 remote fetches in 3 ms
17/02/02 00:26:14 INFO python.PythonRunner: Times: total = 181, boot = -98, init = 99, finish = 180
17/02/02 00:26:14 INFO python.PythonRunner: Times: total = 286, boot = -59, init = 60, finish = 285
17/02/02 00:26:14 INFO python.PythonRunner: Times: total = 28, boot = -104, init = 105, finish = 27
17/02/02 00:26:14 INFO python.PythonRunner: Times: total = 28, boot = -98, init = 99, finish = 27
17/02/02 00:26:14 INFO executor.Executor: Finished task 761.0 in stage 346.0 (TID 61275). 3348 bytes result sent to driver
17/02/02 00:26:14 INFO executor.CoarseGrainedExecutorBackend: Got assigned task 61290
17/02/02 00:26:14 INFO executor.Executor: Running task 775.0 in stage 346.0 (TID 61290)
17/02/02 00:26:14 INFO executor.Executor: Finished task 756.0 in stage 346.0 (TID 61270). 3348 bytes result sent to driver
17/02/02 00:26:14 INFO storage.ShuffleBlockFetcherIterator: Getting 495 non-empty blocks out of 930 blocks
17/02/02 00:26:14 INFO storage.ShuffleBlockFetcherIterator: Started 6 remote fetches in 2 ms
17/02/02 00:26:14 INFO executor.CoarseGrainedExecutorBackend: Got assigned task 61292
17/02/02 00:26:14 INFO executor.Executor: Running task 780.0 in stage 346.0 (TID 61292)
17/02/02 00:26:14 INFO storage.ShuffleBlockFetcherIterator: Getting 495 non-empty blocks out of 930 blocks
17/02/02 00:26:14 INFO storage.ShuffleBlockFetcherIterator: Started 6 remote fetches in 1 ms
17/02/02 00:26:14 INFO python.PythonRunner: Times: total = 249, boot = -59, init = 60, finish = 248
17/02/02 00:26:14 INFO python.PythonRunner: Times: total = 225, boot = -93, init = 95, finish = 223
17/02/02 00:26:14 INFO python.PythonRunner: Times: total = 28, boot = -78, init = 79, finish = 27
17/02/02 00:26:14 INFO executor.Executor: Finished task 763.0 in stage 346.0 (TID 61277). 3348 bytes result sent to driver
17/02/02 00:26:14 INFO executor.CoarseGrainedExecutorBackend: Got assigned task 61297
17/02/02 00:26:14 INFO executor.Executor: Running task 783.0 in stage 346.0 (TID 61297)
17/02/02 00:26:14 INFO storage.ShuffleBlockFetcherIterator: Getting 495 non-empty blocks out of 930 blocks
17/02/02 00:26:14 INFO storage.ShuffleBlockFetcherIterator: Started 6 remote fetches in 2 ms
17/02/02 00:26:14 INFO python.PythonRunner: Times: total = 174, boot = -95, init = 96, finish = 173
17/02/02 00:26:14 INFO python.PythonRunner: Times: total = 85, boot = -74, init = 75, finish = 84
17/02/02 00:26:14 INFO python.PythonRunner: Times: total = 149, boot = -71, init = 72, finish = 148
17/02/02 00:26:14 INFO python.PythonRunner: Times: total = 36, boot = -105, init = 106, finish = 35
17/02/02 00:26:14 INFO executor.Executor: Finished task 768.0 in stage 346.0 (TID 61282). 3348 bytes result sent to driver
17/02/02 00:26:14 INFO executor.CoarseGrainedExecutorBackend: Got assigned task 61301
17/02/02 00:26:14 INFO executor.Executor: Running task 786.0 in stage 346.0 (TID 61301)
17/02/02 00:26:14 INFO storage.ShuffleBlockFetcherIterator: Getting 495 non-empty blocks out of 930 blocks
17/02/02 00:26:14 INFO storage.ShuffleBlockFetcherIterator: Started 6 remote fetches in 2 ms
17/02/02 00:26:14 INFO executor.Executor: Finished task 772.0 in stage 346.0 (TID 61286). 3348 bytes result sent to driver
17/02/02 00:26:14 INFO executor.CoarseGrainedExecutorBackend: Got assigned task 61302
17/02/02 00:26:14 INFO executor.Executor: Running task 787.0 in stage 346.0 (TID 61302)
17/02/02 00:26:14 INFO storage.ShuffleBlockFetcherIterator: Getting 495 non-empty blocks out of 930 blocks
17/02/02 00:26:14 INFO storage.ShuffleBlockFetcherIterator: Started 5 remote fetches in 2 ms
17/02/02 00:26:14 INFO python.PythonRunner: Times: total = 34, boot = -60, init = 61, finish = 33
17/02/02 00:26:14 INFO executor.Executor: Finished task 775.0 in stage 346.0 (TID 61290). 3348 bytes result sent to driver
17/02/02 00:26:15 INFO executor.CoarseGrainedExecutorBackend: Got assigned task 61304
17/02/02 00:26:15 INFO executor.Executor: Running task 788.0 in stage 346.0 (TID 61304)
17/02/02 00:26:15 INFO python.PythonRunner: Times: total = 190, boot = -50, init = 51, finish = 189
17/02/02 00:26:15 INFO storage.ShuffleBlockFetcherIterator: Getting 495 non-empty blocks out of 930 blocks
17/02/02 00:26:15 INFO storage.ShuffleBlockFetcherIterator: Started 6 remote fetches in 2 ms
17/02/02 00:26:15 INFO python.PythonRunner: Times: total = 32, boot = -33, init = 34, finish = 31
17/02/02 00:26:15 INFO python.PythonRunner: Times: total = 140, boot = -104, init = 105, finish = 139
17/02/02 00:26:15 INFO executor.Executor: Finished task 780.0 in stage 346.0 (TID 61292). 3348 bytes result sent to driver
17/02/02 00:26:15 INFO executor.CoarseGrainedExecutorBackend: Got assigned task 61305
17/02/02 00:26:15 INFO executor.Executor: Running task 791.0 in stage 346.0 (TID 61305)
17/02/02 00:26:15 INFO storage.ShuffleBlockFetcherIterator: Getting 495 non-empty blocks out of 930 blocks
17/02/02 00:26:15 INFO storage.ShuffleBlockFetcherIterator: Started 6 remote fetches in 2 ms
17/02/02 00:26:15 INFO python.PythonRunner: Times: total = 435, boot = -53, init = 362, finish = 126
17/02/02 00:26:15 INFO python.PythonRunner: Times: total = 123, boot = -71, init = 72, finish = 122
17/02/02 00:26:15 INFO python.PythonRunner: Times: total = 64, boot = -67, init = 68, finish = 63
17/02/02 00:26:15 INFO python.PythonRunner: Times: total = 21, boot = -73, init = 74, finish = 20
17/02/02 00:26:15 INFO executor.Executor: Finished task 783.0 in stage 346.0 (TID 61297). 3348 bytes result sent to driver
17/02/02 00:26:15 INFO executor.CoarseGrainedExecutorBackend: Got assigned task 61309
17/02/02 00:26:15 INFO executor.Executor: Running task 795.0 in stage 346.0 (TID 61309)
17/02/02 00:26:15 INFO storage.ShuffleBlockFetcherIterator: Getting 495 non-empty blocks out of 930 blocks
17/02/02 00:26:15 INFO storage.ShuffleBlockFetcherIterator: Started 6 remote fetches in 1 ms
17/02/02 00:26:15 INFO executor.Executor: Finished task 787.0 in stage 346.0 (TID 61302). 3348 bytes result sent to driver
17/02/02 00:26:15 INFO executor.CoarseGrainedExecutorBackend: Got assigned task 61310
17/02/02 00:26:15 INFO executor.Executor: Running task 796.0 in stage 346.0 (TID 61310)
17/02/02 00:26:15 INFO storage.ShuffleBlockFetcherIterator: Getting 495 non-empty blocks out of 930 blocks
17/02/02 00:26:15 INFO storage.ShuffleBlockFetcherIterator: Started 6 remote fetches in 2 ms
17/02/02 00:26:15 INFO python.PythonRunner: Times: total = 58, boot = -88, init = 89, finish = 57
17/02/02 00:26:15 INFO python.PythonRunner: Times: total = 109, boot = -78, init = 79, finish = 108
17/02/02 00:26:15 INFO executor.Executor: Finished task 770.0 in stage 346.0 (TID 61284). 3348 bytes result sent to driver
17/02/02 00:26:15 INFO executor.CoarseGrainedExecutorBackend: Got assigned task 61314
17/02/02 00:26:15 INFO executor.Executor: Running task 800.0 in stage 346.0 (TID 61314)
17/02/02 00:26:15 INFO python.PythonRunner: Times: total = 22, boot = -39, init = 40, finish = 21
17/02/02 00:26:15 INFO storage.ShuffleBlockFetcherIterator: Getting 495 non-empty blocks out of 930 blocks
17/02/02 00:26:15 INFO storage.ShuffleBlockFetcherIterator: Started 6 remote fetches in 2 ms
17/02/02 00:26:15 INFO executor.Executor: Finished task 791.0 in stage 346.0 (TID 61305). 3348 bytes result sent to driver
17/02/02 00:26:15 INFO executor.CoarseGrainedExecutorBackend: Got assigned task 61315
17/02/02 00:26:15 INFO executor.Executor: Running task 801.0 in stage 346.0 (TID 61315)
17/02/02 00:26:15 INFO storage.ShuffleBlockFetcherIterator: Getting 495 non-empty blocks out of 930 blocks
17/02/02 00:26:15 INFO storage.ShuffleBlockFetcherIterator: Started 6 remote fetches in 1 ms
17/02/02 00:26:15 INFO python.PythonRunner: Times: total = 140, boot = -73, init = 74, finish = 139
17/02/02 00:26:15 INFO python.PythonRunner: Times: total = 22, boot = -111, init = 112, finish = 21
17/02/02 00:26:15 INFO python.PythonRunner: Times: total = 149, boot = -64, init = 66, finish = 147
