17/02/02 00:27:24 INFO storage.ShuffleBlockFetcherIterator: Getting 955 non-empty blocks out of 1890 blocks
17/02/02 00:27:24 INFO storage.ShuffleBlockFetcherIterator: Started 3 remote fetches in 3 ms
17/02/02 00:27:24 INFO executor.CoarseGrainedExecutorBackend: Got assigned task 64821
17/02/02 00:27:24 INFO executor.Executor: Running task 497.0 in stage 363.0 (TID 64821)
17/02/02 00:27:24 INFO storage.ShuffleBlockFetcherIterator: Getting 950 non-empty blocks out of 1890 blocks
17/02/02 00:27:24 INFO storage.ShuffleBlockFetcherIterator: Started 3 remote fetches in 1 ms
17/02/02 00:27:24 INFO python.PythonRunner: Times: total = 14, boot = -30, init = 31, finish = 13
17/02/02 00:27:24 INFO executor.Executor: Finished task 474.0 in stage 363.0 (TID 64798). 3378 bytes result sent to driver
17/02/02 00:27:24 INFO executor.CoarseGrainedExecutorBackend: Got assigned task 64825
17/02/02 00:27:24 INFO executor.Executor: Running task 501.0 in stage 363.0 (TID 64825)
17/02/02 00:27:24 INFO python.PythonRunner: Times: total = 71, boot = -74, init = 75, finish = 70
17/02/02 00:27:24 INFO storage.ShuffleBlockFetcherIterator: Getting 959 non-empty blocks out of 1890 blocks
17/02/02 00:27:24 INFO storage.ShuffleBlockFetcherIterator: Started 3 remote fetches in 3 ms
17/02/02 00:27:24 INFO python.PythonRunner: Times: total = 13, boot = -47, init = 49, finish = 11
17/02/02 00:27:24 INFO python.PythonRunner: Times: total = 51, boot = -71, init = 72, finish = 50
17/02/02 00:27:24 INFO executor.Executor: Finished task 488.0 in stage 363.0 (TID 64812). 3378 bytes result sent to driver
17/02/02 00:27:24 INFO executor.CoarseGrainedExecutorBackend: Got assigned task 64826
17/02/02 00:27:24 INFO executor.Executor: Running task 502.0 in stage 363.0 (TID 64826)
17/02/02 00:27:24 INFO storage.ShuffleBlockFetcherIterator: Getting 955 non-empty blocks out of 1890 blocks
17/02/02 00:27:24 INFO storage.ShuffleBlockFetcherIterator: Started 3 remote fetches in 2 ms
17/02/02 00:27:24 INFO executor.Executor: Finished task 472.0 in stage 363.0 (TID 64796). 3378 bytes result sent to driver
17/02/02 00:27:24 INFO executor.CoarseGrainedExecutorBackend: Got assigned task 64827
17/02/02 00:27:24 INFO executor.Executor: Running task 503.0 in stage 363.0 (TID 64827)
17/02/02 00:27:24 INFO storage.ShuffleBlockFetcherIterator: Getting 951 non-empty blocks out of 1890 blocks
17/02/02 00:27:24 INFO storage.ShuffleBlockFetcherIterator: Started 3 remote fetches in 3 ms
17/02/02 00:27:24 INFO python.PythonRunner: Times: total = 95, boot = -84, init = 85, finish = 94
17/02/02 00:27:24 INFO python.PythonRunner: Times: total = 78, boot = -44, init = 45, finish = 77
17/02/02 00:27:24 INFO python.PythonRunner: Times: total = 100, boot = -34, init = 35, finish = 99
17/02/02 00:27:24 INFO python.PythonRunner: Times: total = 50, boot = -53, init = 54, finish = 49
17/02/02 00:27:24 INFO executor.Executor: Finished task 494.0 in stage 363.0 (TID 64818). 3378 bytes result sent to driver
17/02/02 00:27:24 INFO executor.CoarseGrainedExecutorBackend: Got assigned task 64841
17/02/02 00:27:24 INFO executor.Executor: Running task 517.0 in stage 363.0 (TID 64841)
17/02/02 00:27:24 INFO python.PythonRunner: Times: total = 29, boot = -73, init = 74, finish = 28
17/02/02 00:27:24 INFO storage.ShuffleBlockFetcherIterator: Getting 956 non-empty blocks out of 1890 blocks
17/02/02 00:27:24 INFO python.PythonRunner: Times: total = 55, boot = -57, init = 59, finish = 53
17/02/02 00:27:24 INFO storage.ShuffleBlockFetcherIterator: Started 3 remote fetches in 1 ms
17/02/02 00:27:24 INFO executor.Executor: Finished task 497.0 in stage 363.0 (TID 64821). 3378 bytes result sent to driver
17/02/02 00:27:24 INFO executor.CoarseGrainedExecutorBackend: Got assigned task 64844
17/02/02 00:27:24 INFO executor.Executor: Running task 520.0 in stage 363.0 (TID 64844)
17/02/02 00:27:24 INFO executor.Executor: Finished task 496.0 in stage 363.0 (TID 64820). 3378 bytes result sent to driver
17/02/02 00:27:24 INFO python.PythonRunner: Times: total = 95, boot = -35, init = 35, finish = 95
17/02/02 00:27:24 INFO storage.ShuffleBlockFetcherIterator: Getting 941 non-empty blocks out of 1890 blocks
17/02/02 00:27:24 INFO executor.CoarseGrainedExecutorBackend: Got assigned task 64845
17/02/02 00:27:24 INFO executor.Executor: Running task 521.0 in stage 363.0 (TID 64845)
17/02/02 00:27:24 INFO storage.ShuffleBlockFetcherIterator: Started 3 remote fetches in 2 ms
17/02/02 00:27:24 INFO storage.ShuffleBlockFetcherIterator: Getting 953 non-empty blocks out of 1890 blocks
17/02/02 00:27:24 INFO storage.ShuffleBlockFetcherIterator: Started 3 remote fetches in 3 ms
17/02/02 00:27:24 INFO python.PythonRunner: Times: total = 133, boot = -38, init = 42, finish = 129
17/02/02 00:27:24 INFO python.PythonRunner: Times: total = 122, boot = -47, init = 48, finish = 121
17/02/02 00:27:24 INFO python.PythonRunner: Times: total = 53, boot = -83, init = 84, finish = 52
17/02/02 00:27:24 INFO python.PythonRunner: Times: total = 50, boot = -51, init = 53, finish = 48
17/02/02 00:27:24 INFO executor.Executor: Finished task 502.0 in stage 363.0 (TID 64826). 3378 bytes result sent to driver
17/02/02 00:27:24 INFO executor.CoarseGrainedExecutorBackend: Got assigned task 64852
17/02/02 00:27:24 INFO executor.Executor: Running task 528.0 in stage 363.0 (TID 64852)
17/02/02 00:27:24 INFO python.PythonRunner: Times: total = 75, boot = -91, init = 92, finish = 74
17/02/02 00:27:24 INFO storage.ShuffleBlockFetcherIterator: Getting 958 non-empty blocks out of 1890 blocks
17/02/02 00:27:24 INFO storage.ShuffleBlockFetcherIterator: Started 3 remote fetches in 3 ms
17/02/02 00:27:24 INFO executor.Executor: Finished task 501.0 in stage 363.0 (TID 64825). 3378 bytes result sent to driver
17/02/02 00:27:24 INFO executor.CoarseGrainedExecutorBackend: Got assigned task 64853
17/02/02 00:27:24 INFO executor.Executor: Running task 529.0 in stage 363.0 (TID 64853)
17/02/02 00:27:24 INFO python.PythonRunner: Times: total = 11, boot = -54, init = 55, finish = 10
17/02/02 00:27:24 INFO storage.ShuffleBlockFetcherIterator: Getting 957 non-empty blocks out of 1890 blocks
17/02/02 00:27:24 INFO storage.ShuffleBlockFetcherIterator: Started 3 remote fetches in 3 ms
17/02/02 00:27:24 INFO executor.Executor: Finished task 517.0 in stage 363.0 (TID 64841). 3378 bytes result sent to driver
17/02/02 00:27:24 INFO executor.CoarseGrainedExecutorBackend: Got assigned task 64856
17/02/02 00:27:24 INFO executor.Executor: Running task 532.0 in stage 363.0 (TID 64856)
17/02/02 00:27:24 INFO python.PythonRunner: Times: total = 83, boot = -78, init = 78, finish = 83
17/02/02 00:27:24 INFO python.PythonRunner: Times: total = 54, boot = -46, init = 47, finish = 53
17/02/02 00:27:24 INFO storage.ShuffleBlockFetcherIterator: Getting 927 non-empty blocks out of 1890 blocks
17/02/02 00:27:24 INFO storage.ShuffleBlockFetcherIterator: Started 3 remote fetches in 3 ms
17/02/02 00:27:24 INFO executor.Executor: Finished task 503.0 in stage 363.0 (TID 64827). 3378 bytes result sent to driver
17/02/02 00:27:24 INFO executor.CoarseGrainedExecutorBackend: Got assigned task 64861
17/02/02 00:27:24 INFO executor.Executor: Running task 537.0 in stage 363.0 (TID 64861)
17/02/02 00:27:24 INFO storage.ShuffleBlockFetcherIterator: Getting 941 non-empty blocks out of 1890 blocks
17/02/02 00:27:24 INFO storage.ShuffleBlockFetcherIterator: Started 3 remote fetches in 1 ms
17/02/02 00:27:24 INFO python.PythonRunner: Times: total = 113, boot = -53, init = 54, finish = 112
17/02/02 00:27:24 INFO python.PythonRunner: Times: total = 50, boot = -62, init = 64, finish = 48
17/02/02 00:27:24 INFO executor.Executor: Finished task 520.0 in stage 363.0 (TID 64844). 3378 bytes result sent to driver
17/02/02 00:27:24 INFO executor.CoarseGrainedExecutorBackend: Got assigned task 64864
17/02/02 00:27:24 INFO executor.Executor: Running task 540.0 in stage 363.0 (TID 64864)
17/02/02 00:27:24 INFO storage.ShuffleBlockFetcherIterator: Getting 959 non-empty blocks out of 1890 blocks
17/02/02 00:27:24 INFO storage.ShuffleBlockFetcherIterator: Started 3 remote fetches in 3 ms
17/02/02 00:27:24 INFO python.PythonRunner: Times: total = 49, boot = -37, init = 38, finish = 48
17/02/02 00:27:24 INFO python.PythonRunner: Times: total = 99, boot = -48, init = 48, finish = 99
17/02/02 00:27:24 INFO executor.Executor: Finished task 521.0 in stage 363.0 (TID 64845). 3378 bytes result sent to driver
17/02/02 00:27:24 INFO executor.CoarseGrainedExecutorBackend: Got assigned task 64870
17/02/02 00:27:24 INFO executor.Executor: Running task 546.0 in stage 363.0 (TID 64870)
17/02/02 00:27:24 INFO storage.ShuffleBlockFetcherIterator: Getting 944 non-empty blocks out of 1890 blocks
17/02/02 00:27:24 INFO storage.ShuffleBlockFetcherIterator: Started 3 remote fetches in 3 ms
17/02/02 00:27:24 INFO python.PythonRunner: Times: total = 129, boot = -70, init = 71, finish = 128
17/02/02 00:27:24 INFO python.PythonRunner: Times: total = 121, boot = -56, init = 62, finish = 115
17/02/02 00:27:24 INFO python.PythonRunner: Times: total = 13, boot = -96, init = 97, finish = 12
17/02/02 00:27:24 INFO python.PythonRunner: Times: total = 49, boot = -83, init = 84, finish = 48
17/02/02 00:27:24 INFO executor.Executor: Finished task 529.0 in stage 363.0 (TID 64853). 3378 bytes result sent to driver
17/02/02 00:27:24 INFO executor.Executor: Finished task 528.0 in stage 363.0 (TID 64852). 3378 bytes result sent to driver
17/02/02 00:27:24 INFO executor.CoarseGrainedExecutorBackend: Got assigned task 64879
17/02/02 00:27:24 INFO executor.Executor: Running task 555.0 in stage 363.0 (TID 64879)
17/02/02 00:27:24 INFO executor.CoarseGrainedExecutorBackend: Got assigned task 64880
17/02/02 00:27:24 INFO executor.Executor: Running task 556.0 in stage 363.0 (TID 64880)
17/02/02 00:27:24 INFO storage.ShuffleBlockFetcherIterator: Getting 945 non-empty blocks out of 1890 blocks
