17/02/01 23:11:46 INFO executor.Executor: Running task 1633.0 in stage 238.0 (TID 43931)
17/02/01 23:11:46 INFO executor.Executor: Finished task 1605.0 in stage 238.0 (TID 43903). 3378 bytes result sent to driver
17/02/01 23:11:46 INFO storage.ShuffleBlockFetcherIterator: Getting 93 non-empty blocks out of 1920 blocks
17/02/01 23:11:46 INFO storage.ShuffleBlockFetcherIterator: Started 4 remote fetches in 0 ms
17/02/01 23:11:46 INFO executor.CoarseGrainedExecutorBackend: Got assigned task 43932
17/02/01 23:11:46 INFO executor.Executor: Running task 1634.0 in stage 238.0 (TID 43932)
17/02/01 23:11:46 INFO executor.Executor: Finished task 1603.0 in stage 238.0 (TID 43901). 3378 bytes result sent to driver
17/02/01 23:11:46 INFO storage.ShuffleBlockFetcherIterator: Getting 93 non-empty blocks out of 1920 blocks
17/02/01 23:11:46 INFO executor.CoarseGrainedExecutorBackend: Got assigned task 43934
17/02/01 23:11:46 INFO storage.ShuffleBlockFetcherIterator: Started 4 remote fetches in 1 ms
17/02/01 23:11:46 INFO executor.Executor: Running task 1636.0 in stage 238.0 (TID 43934)
17/02/01 23:11:46 INFO storage.ShuffleBlockFetcherIterator: Getting 93 non-empty blocks out of 1920 blocks
17/02/01 23:11:46 INFO storage.ShuffleBlockFetcherIterator: Started 4 remote fetches in 1 ms
17/02/01 23:11:46 INFO python.PythonRunner: Times: total = 51, boot = -65, init = 66, finish = 50
17/02/01 23:11:46 INFO python.PythonRunner: Times: total = 11, boot = -19, init = 20, finish = 10
17/02/01 23:11:46 INFO python.PythonRunner: Times: total = 17, boot = -31, init = 32, finish = 16
17/02/01 23:11:46 INFO executor.Executor: Finished task 1616.0 in stage 238.0 (TID 43914). 3378 bytes result sent to driver
17/02/01 23:11:46 INFO executor.CoarseGrainedExecutorBackend: Got assigned task 43941
17/02/01 23:11:46 INFO executor.Executor: Running task 1643.0 in stage 238.0 (TID 43941)
17/02/01 23:11:46 INFO executor.Executor: Finished task 1634.0 in stage 238.0 (TID 43932). 3378 bytes result sent to driver
17/02/01 23:11:46 INFO executor.CoarseGrainedExecutorBackend: Got assigned task 43943
17/02/01 23:11:46 INFO executor.Executor: Running task 1645.0 in stage 238.0 (TID 43943)
17/02/01 23:11:46 INFO executor.Executor: Finished task 1633.0 in stage 238.0 (TID 43931). 3378 bytes result sent to driver
17/02/01 23:11:46 INFO storage.ShuffleBlockFetcherIterator: Getting 93 non-empty blocks out of 1920 blocks
17/02/01 23:11:46 INFO storage.ShuffleBlockFetcherIterator: Started 4 remote fetches in 1 ms
17/02/01 23:11:46 INFO python.PythonRunner: Times: total = 50, boot = -82, init = 84, finish = 48
17/02/01 23:11:46 INFO executor.CoarseGrainedExecutorBackend: Got assigned task 43945
17/02/01 23:11:46 INFO executor.Executor: Running task 1647.0 in stage 238.0 (TID 43945)
17/02/01 23:11:46 INFO storage.ShuffleBlockFetcherIterator: Getting 93 non-empty blocks out of 1920 blocks
17/02/01 23:11:46 INFO storage.ShuffleBlockFetcherIterator: Getting 93 non-empty blocks out of 1920 blocks
17/02/01 23:11:46 INFO storage.ShuffleBlockFetcherIterator: Started 4 remote fetches in 0 ms
17/02/01 23:11:46 INFO storage.ShuffleBlockFetcherIterator: Started 4 remote fetches in 1 ms
17/02/01 23:11:46 INFO python.PythonRunner: Times: total = 52, boot = -25, init = 26, finish = 51
17/02/01 23:11:46 INFO executor.Executor: Finished task 1621.0 in stage 238.0 (TID 43919). 3378 bytes result sent to driver
17/02/01 23:11:46 INFO executor.CoarseGrainedExecutorBackend: Got assigned task 43949
17/02/01 23:11:46 INFO executor.Executor: Running task 1651.0 in stage 238.0 (TID 43949)
17/02/01 23:11:46 INFO storage.ShuffleBlockFetcherIterator: Getting 93 non-empty blocks out of 1920 blocks
17/02/01 23:11:46 INFO storage.ShuffleBlockFetcherIterator: Started 4 remote fetches in 1 ms
17/02/01 23:11:46 INFO executor.Executor: Finished task 1626.0 in stage 238.0 (TID 43924). 3378 bytes result sent to driver
17/02/01 23:11:46 INFO executor.CoarseGrainedExecutorBackend: Got assigned task 43952
17/02/01 23:11:46 INFO executor.Executor: Running task 1654.0 in stage 238.0 (TID 43952)
17/02/01 23:11:46 INFO storage.ShuffleBlockFetcherIterator: Getting 93 non-empty blocks out of 1920 blocks
17/02/01 23:11:46 INFO storage.ShuffleBlockFetcherIterator: Started 4 remote fetches in 1 ms
17/02/01 23:11:46 INFO python.PythonRunner: Times: total = 11, boot = -9, init = 10, finish = 10
17/02/01 23:11:46 INFO executor.Executor: Finished task 1654.0 in stage 238.0 (TID 43952). 3378 bytes result sent to driver
17/02/01 23:11:46 INFO executor.CoarseGrainedExecutorBackend: Got assigned task 43962
17/02/01 23:11:46 INFO executor.Executor: Running task 1664.0 in stage 238.0 (TID 43962)
17/02/01 23:11:46 INFO storage.ShuffleBlockFetcherIterator: Getting 93 non-empty blocks out of 1920 blocks
17/02/01 23:11:46 INFO storage.ShuffleBlockFetcherIterator: Started 4 remote fetches in 1 ms
17/02/01 23:11:46 INFO python.PythonRunner: Times: total = 55, boot = -14, init = 16, finish = 53
17/02/01 23:11:46 INFO python.PythonRunner: Times: total = 53, boot = -18, init = 19, finish = 52
17/02/01 23:11:46 INFO python.PythonRunner: Times: total = 54, boot = -13, init = 14, finish = 53
17/02/01 23:11:46 INFO executor.Executor: Finished task 1643.0 in stage 238.0 (TID 43941). 3378 bytes result sent to driver
17/02/01 23:11:46 INFO executor.CoarseGrainedExecutorBackend: Got assigned task 43969
17/02/01 23:11:46 INFO executor.Executor: Finished task 1647.0 in stage 238.0 (TID 43945). 3378 bytes result sent to driver
17/02/01 23:11:46 INFO executor.Executor: Running task 1671.0 in stage 238.0 (TID 43969)
17/02/01 23:11:46 INFO executor.CoarseGrainedExecutorBackend: Got assigned task 43971
17/02/01 23:11:46 INFO executor.Executor: Running task 1673.0 in stage 238.0 (TID 43971)
17/02/01 23:11:46 INFO storage.ShuffleBlockFetcherIterator: Getting 93 non-empty blocks out of 1920 blocks
17/02/01 23:11:46 INFO storage.ShuffleBlockFetcherIterator: Getting 93 non-empty blocks out of 1920 blocks
17/02/01 23:11:46 INFO storage.ShuffleBlockFetcherIterator: Started 4 remote fetches in 1 ms
17/02/01 23:11:46 INFO storage.ShuffleBlockFetcherIterator: Started 4 remote fetches in 1 ms
17/02/01 23:11:46 INFO python.PythonRunner: Times: total = 49, boot = -13, init = 14, finish = 48
17/02/01 23:11:46 INFO executor.Executor: Finished task 1645.0 in stage 238.0 (TID 43943). 3378 bytes result sent to driver
17/02/01 23:11:46 INFO python.PythonRunner: Times: total = 54, boot = -7, init = 9, finish = 52
17/02/01 23:11:46 INFO executor.CoarseGrainedExecutorBackend: Got assigned task 43974
17/02/01 23:11:46 INFO executor.Executor: Running task 1676.0 in stage 238.0 (TID 43974)
17/02/01 23:11:46 INFO storage.ShuffleBlockFetcherIterator: Getting 93 non-empty blocks out of 1920 blocks
17/02/01 23:11:46 INFO storage.ShuffleBlockFetcherIterator: Started 4 remote fetches in 2 ms
17/02/01 23:11:46 INFO executor.Executor: Finished task 1636.0 in stage 238.0 (TID 43934). 3378 bytes result sent to driver
17/02/01 23:11:46 INFO executor.CoarseGrainedExecutorBackend: Got assigned task 43977
17/02/01 23:11:46 INFO executor.Executor: Running task 1679.0 in stage 238.0 (TID 43977)
17/02/01 23:11:46 INFO storage.ShuffleBlockFetcherIterator: Getting 93 non-empty blocks out of 1920 blocks
17/02/01 23:11:46 INFO storage.ShuffleBlockFetcherIterator: Started 4 remote fetches in 1 ms
17/02/01 23:11:46 INFO executor.Executor: Finished task 1651.0 in stage 238.0 (TID 43949). 3378 bytes result sent to driver
17/02/01 23:11:46 INFO executor.CoarseGrainedExecutorBackend: Got assigned task 43978
17/02/01 23:11:46 INFO executor.Executor: Running task 1680.0 in stage 238.0 (TID 43978)
17/02/01 23:11:46 INFO storage.ShuffleBlockFetcherIterator: Getting 93 non-empty blocks out of 1920 blocks
17/02/01 23:11:46 INFO storage.ShuffleBlockFetcherIterator: Started 4 remote fetches in 1 ms
17/02/01 23:11:46 INFO python.PythonRunner: Times: total = 50, boot = -29, init = 30, finish = 49
17/02/01 23:11:46 INFO executor.Executor: Finished task 1664.0 in stage 238.0 (TID 43962). 3378 bytes result sent to driver
17/02/01 23:11:46 INFO executor.CoarseGrainedExecutorBackend: Got assigned task 43983
17/02/01 23:11:46 INFO executor.Executor: Running task 1685.0 in stage 238.0 (TID 43983)
17/02/01 23:11:46 INFO storage.ShuffleBlockFetcherIterator: Getting 93 non-empty blocks out of 1920 blocks
17/02/01 23:11:46 INFO storage.ShuffleBlockFetcherIterator: Started 4 remote fetches in 1 ms
17/02/01 23:11:46 INFO python.PythonRunner: Times: total = 212, boot = -45, init = 46, finish = 211
17/02/01 23:11:46 INFO python.PythonRunner: Times: total = 204, boot = 5, init = 1, finish = 198
17/02/01 23:11:46 INFO python.PythonRunner: Times: total = 197, boot = -3, init = 4, finish = 196
17/02/01 23:11:46 INFO python.PythonRunner: Times: total = 209, boot = -25, init = 26, finish = 208
17/02/01 23:11:46 INFO python.PythonRunner: Times: total = 182, boot = -21, init = 22, finish = 181
17/02/01 23:11:46 INFO executor.Executor: Finished task 1679.0 in stage 238.0 (TID 43977). 3378 bytes result sent to driver
17/02/01 23:11:46 INFO executor.Executor: Finished task 1685.0 in stage 238.0 (TID 43983). 3378 bytes result sent to driver
17/02/01 23:11:46 INFO executor.CoarseGrainedExecutorBackend: Got assigned task 44000
17/02/01 23:11:46 INFO executor.Executor: Running task 1702.0 in stage 238.0 (TID 44000)
17/02/01 23:11:46 INFO executor.CoarseGrainedExecutorBackend: Got assigned task 44003
17/02/01 23:11:46 INFO executor.Executor: Running task 1705.0 in stage 238.0 (TID 44003)
17/02/01 23:11:46 INFO storage.ShuffleBlockFetcherIterator: Getting 93 non-empty blocks out of 1920 blocks
17/02/01 23:11:46 INFO executor.Executor: Finished task 1676.0 in stage 238.0 (TID 43974). 3378 bytes result sent to driver
17/02/01 23:11:46 INFO storage.ShuffleBlockFetcherIterator: Started 4 remote fetches in 1 ms
17/02/01 23:11:46 INFO executor.Executor: Finished task 1680.0 in stage 238.0 (TID 43978). 3378 bytes result sent to driver
