17/02/02 00:14:44 INFO storage.ShuffleBlockFetcherIterator: Started 3 remote fetches in 1 ms
17/02/02 00:14:44 INFO python.PythonRunner: Times: total = 16, boot = -18, init = 20, finish = 14
17/02/02 00:14:44 INFO executor.Executor: Finished task 699.0 in stage 331.0 (TID 58340). 1344 bytes result sent to driver
17/02/02 00:14:44 INFO executor.CoarseGrainedExecutorBackend: Got assigned task 58356
17/02/02 00:14:44 INFO executor.Executor: Running task 721.0 in stage 331.0 (TID 58356)
17/02/02 00:14:44 INFO storage.ShuffleBlockFetcherIterator: Getting 205 non-empty blocks out of 960 blocks
17/02/02 00:14:44 INFO storage.ShuffleBlockFetcherIterator: Started 3 remote fetches in 1 ms
17/02/02 00:14:44 INFO python.PythonRunner: Times: total = 60, boot = -7, init = 9, finish = 58
17/02/02 00:14:44 INFO executor.Executor: Finished task 679.0 in stage 331.0 (TID 58314). 1344 bytes result sent to driver
17/02/02 00:14:44 INFO executor.CoarseGrainedExecutorBackend: Got assigned task 58357
17/02/02 00:14:44 INFO executor.Executor: Running task 722.0 in stage 331.0 (TID 58357)
17/02/02 00:14:44 INFO storage.ShuffleBlockFetcherIterator: Getting 208 non-empty blocks out of 960 blocks
17/02/02 00:14:44 INFO storage.ShuffleBlockFetcherIterator: Started 3 remote fetches in 0 ms
17/02/02 00:14:44 INFO python.PythonRunner: Times: total = 19, boot = -13, init = 14, finish = 18
17/02/02 00:14:44 INFO executor.Executor: Finished task 702.0 in stage 331.0 (TID 58343). 1344 bytes result sent to driver
17/02/02 00:14:44 INFO executor.CoarseGrainedExecutorBackend: Got assigned task 58361
17/02/02 00:14:44 INFO executor.Executor: Running task 727.0 in stage 331.0 (TID 58361)
17/02/02 00:14:44 INFO python.PythonRunner: Times: total = 58, boot = -9, init = 11, finish = 56
17/02/02 00:14:44 INFO executor.Executor: Finished task 682.0 in stage 331.0 (TID 58318). 1344 bytes result sent to driver
17/02/02 00:14:44 INFO storage.ShuffleBlockFetcherIterator: Getting 210 non-empty blocks out of 960 blocks
17/02/02 00:14:44 INFO executor.CoarseGrainedExecutorBackend: Got assigned task 58363
17/02/02 00:14:44 INFO executor.Executor: Running task 729.0 in stage 331.0 (TID 58363)
17/02/02 00:14:44 INFO storage.ShuffleBlockFetcherIterator: Started 3 remote fetches in 0 ms
17/02/02 00:14:44 INFO python.PythonRunner: Times: total = 18, boot = -19, init = 20, finish = 17
17/02/02 00:14:44 INFO storage.ShuffleBlockFetcherIterator: Getting 197 non-empty blocks out of 960 blocks
17/02/02 00:14:44 INFO storage.ShuffleBlockFetcherIterator: Started 3 remote fetches in 0 ms
17/02/02 00:14:44 INFO executor.Executor: Finished task 713.0 in stage 331.0 (TID 58348). 1344 bytes result sent to driver
17/02/02 00:14:44 INFO python.PythonRunner: Times: total = 21, boot = -21, init = 22, finish = 20
17/02/02 00:14:44 INFO executor.CoarseGrainedExecutorBackend: Got assigned task 58369
17/02/02 00:14:44 INFO executor.Executor: Running task 735.0 in stage 331.0 (TID 58369)
17/02/02 00:14:44 INFO executor.Executor: Finished task 717.0 in stage 331.0 (TID 58352). 1344 bytes result sent to driver
17/02/02 00:14:44 INFO executor.CoarseGrainedExecutorBackend: Got assigned task 58370
17/02/02 00:14:44 INFO executor.Executor: Running task 736.0 in stage 331.0 (TID 58370)
17/02/02 00:14:44 INFO storage.ShuffleBlockFetcherIterator: Getting 210 non-empty blocks out of 960 blocks
17/02/02 00:14:44 INFO storage.ShuffleBlockFetcherIterator: Started 3 remote fetches in 0 ms
17/02/02 00:14:44 INFO storage.ShuffleBlockFetcherIterator: Getting 198 non-empty blocks out of 960 blocks
17/02/02 00:14:44 INFO storage.ShuffleBlockFetcherIterator: Started 3 remote fetches in 1 ms
17/02/02 00:14:44 INFO python.PythonRunner: Times: total = 26, boot = -21, init = 23, finish = 24
17/02/02 00:14:44 INFO executor.Executor: Finished task 721.0 in stage 331.0 (TID 58356). 1344 bytes result sent to driver
17/02/02 00:14:44 INFO executor.CoarseGrainedExecutorBackend: Got assigned task 58376
17/02/02 00:14:44 INFO executor.Executor: Running task 740.0 in stage 331.0 (TID 58376)
17/02/02 00:14:44 INFO storage.ShuffleBlockFetcherIterator: Getting 209 non-empty blocks out of 960 blocks
17/02/02 00:14:44 INFO storage.ShuffleBlockFetcherIterator: Started 3 remote fetches in 0 ms
17/02/02 00:14:44 INFO python.PythonRunner: Times: total = 25, boot = -13, init = 14, finish = 24
17/02/02 00:14:44 INFO executor.Executor: Finished task 722.0 in stage 331.0 (TID 58357). 1344 bytes result sent to driver
17/02/02 00:14:44 INFO executor.CoarseGrainedExecutorBackend: Got assigned task 58379
17/02/02 00:14:44 INFO executor.Executor: Running task 745.0 in stage 331.0 (TID 58379)
17/02/02 00:14:44 INFO storage.ShuffleBlockFetcherIterator: Getting 203 non-empty blocks out of 960 blocks
17/02/02 00:14:44 INFO storage.ShuffleBlockFetcherIterator: Started 3 remote fetches in 0 ms
17/02/02 00:14:44 INFO python.PythonRunner: Times: total = 28, boot = -7, init = 13, finish = 22
17/02/02 00:14:44 INFO executor.Executor: Finished task 727.0 in stage 331.0 (TID 58361). 1344 bytes result sent to driver
17/02/02 00:14:44 INFO executor.CoarseGrainedExecutorBackend: Got assigned task 58386
17/02/02 00:14:44 INFO executor.Executor: Running task 752.0 in stage 331.0 (TID 58386)
17/02/02 00:14:44 INFO storage.ShuffleBlockFetcherIterator: Getting 209 non-empty blocks out of 960 blocks
17/02/02 00:14:44 INFO storage.ShuffleBlockFetcherIterator: Started 3 remote fetches in 1 ms
17/02/02 00:14:44 INFO python.PythonRunner: Times: total = 30, boot = -10, init = 14, finish = 26
17/02/02 00:14:44 INFO executor.Executor: Finished task 729.0 in stage 331.0 (TID 58363). 1344 bytes result sent to driver
17/02/02 00:14:44 INFO executor.CoarseGrainedExecutorBackend: Got assigned task 58388
17/02/02 00:14:44 INFO executor.Executor: Running task 754.0 in stage 331.0 (TID 58388)
17/02/02 00:14:44 INFO storage.ShuffleBlockFetcherIterator: Getting 205 non-empty blocks out of 960 blocks
17/02/02 00:14:44 INFO storage.ShuffleBlockFetcherIterator: Started 3 remote fetches in 1 ms
17/02/02 00:14:44 INFO python.PythonRunner: Times: total = 32, boot = -2, init = 4, finish = 30
17/02/02 00:14:44 INFO executor.Executor: Finished task 735.0 in stage 331.0 (TID 58369). 1344 bytes result sent to driver
17/02/02 00:14:44 INFO executor.CoarseGrainedExecutorBackend: Got assigned task 58394
17/02/02 00:14:44 INFO executor.Executor: Running task 759.0 in stage 331.0 (TID 58394)
17/02/02 00:14:44 INFO storage.ShuffleBlockFetcherIterator: Getting 205 non-empty blocks out of 960 blocks
17/02/02 00:14:44 INFO storage.ShuffleBlockFetcherIterator: Started 3 remote fetches in 0 ms
17/02/02 00:14:44 INFO python.PythonRunner: Times: total = 39, boot = -6, init = 8, finish = 37
17/02/02 00:14:44 INFO executor.Executor: Finished task 736.0 in stage 331.0 (TID 58370). 1344 bytes result sent to driver
17/02/02 00:14:44 INFO python.PythonRunner: Times: total = 34, boot = -8, init = 9, finish = 33
17/02/02 00:14:44 INFO executor.Executor: Finished task 740.0 in stage 331.0 (TID 58376). 1344 bytes result sent to driver
17/02/02 00:14:44 INFO python.PythonRunner: Times: total = 34, boot = -15, init = 16, finish = 33
17/02/02 00:14:44 INFO executor.Executor: Finished task 754.0 in stage 331.0 (TID 58388). 1344 bytes result sent to driver
17/02/02 00:14:44 INFO python.PythonRunner: Times: total = 30, boot = -22, init = 23, finish = 29
17/02/02 00:14:44 INFO executor.Executor: Finished task 759.0 in stage 331.0 (TID 58394). 1344 bytes result sent to driver
17/02/02 00:14:45 INFO python.PythonRunner: Times: total = 75, boot = -4, init = 5, finish = 74
17/02/02 00:14:45 INFO executor.Executor: Finished task 745.0 in stage 331.0 (TID 58379). 1344 bytes result sent to driver
17/02/02 00:14:45 INFO python.PythonRunner: Times: total = 70, boot = -15, init = 16, finish = 69
17/02/02 00:14:45 INFO executor.Executor: Finished task 752.0 in stage 331.0 (TID 58386). 1344 bytes result sent to driver
17/02/02 00:14:45 INFO executor.CoarseGrainedExecutorBackend: Got assigned task 58399
17/02/02 00:14:45 INFO executor.Executor: Running task 765.0 in stage 331.0 (TID 58399)
17/02/02 00:14:45 INFO executor.CoarseGrainedExecutorBackend: Got assigned task 58404
17/02/02 00:14:45 INFO executor.Executor: Running task 769.0 in stage 331.0 (TID 58404)
17/02/02 00:14:45 INFO executor.CoarseGrainedExecutorBackend: Got assigned task 58409
17/02/02 00:14:45 INFO executor.Executor: Running task 775.0 in stage 331.0 (TID 58409)
17/02/02 00:14:45 INFO executor.CoarseGrainedExecutorBackend: Got assigned task 58412
17/02/02 00:14:45 INFO executor.Executor: Running task 778.0 in stage 331.0 (TID 58412)
17/02/02 00:14:45 INFO storage.ShuffleBlockFetcherIterator: Getting 206 non-empty blocks out of 960 blocks
17/02/02 00:14:45 INFO storage.ShuffleBlockFetcherIterator: Started 3 remote fetches in 1 ms
17/02/02 00:14:45 INFO executor.CoarseGrainedExecutorBackend: Got assigned task 58418
17/02/02 00:14:45 INFO storage.ShuffleBlockFetcherIterator: Getting 202 non-empty blocks out of 960 blocks
17/02/02 00:14:45 INFO executor.Executor: Running task 784.0 in stage 331.0 (TID 58418)
17/02/02 00:14:45 INFO storage.ShuffleBlockFetcherIterator: Getting 208 non-empty blocks out of 960 blocks
17/02/02 00:14:45 INFO executor.CoarseGrainedExecutorBackend: Got assigned task 58420
17/02/02 00:14:45 INFO storage.ShuffleBlockFetcherIterator: Started 3 remote fetches in 1 ms
17/02/02 00:14:45 INFO executor.Executor: Running task 786.0 in stage 331.0 (TID 58420)
17/02/02 00:14:45 INFO storage.ShuffleBlockFetcherIterator: Getting 206 non-empty blocks out of 960 blocks
17/02/02 00:14:45 INFO storage.ShuffleBlockFetcherIterator: Started 3 remote fetches in 0 ms
17/02/02 00:14:45 INFO storage.ShuffleBlockFetcherIterator: Started 3 remote fetches in 1 ms
17/02/02 00:14:45 INFO storage.ShuffleBlockFetcherIterator: Getting 203 non-empty blocks out of 960 blocks
