17/02/02 00:00:46 INFO storage.ShuffleBlockFetcherIterator: Started 4 remote fetches in 1 ms
17/02/02 00:00:46 INFO python.PythonRunner: Times: total = 139, boot = -141, init = 143, finish = 137
17/02/02 00:00:46 INFO executor.Executor: Finished task 130.0 in stage 288.0 (TID 50171). 1688 bytes result sent to driver
17/02/02 00:00:46 INFO executor.CoarseGrainedExecutorBackend: Got assigned task 50200
17/02/02 00:00:46 INFO executor.Executor: Running task 150.0 in stage 288.0 (TID 50200)
17/02/02 00:00:46 INFO storage.ShuffleBlockFetcherIterator: Getting 123 non-empty blocks out of 210 blocks
17/02/02 00:00:46 INFO storage.ShuffleBlockFetcherIterator: Started 4 remote fetches in 1 ms
17/02/02 00:00:46 INFO python.PythonRunner: Times: total = 831, boot = -136, init = 138, finish = 829
17/02/02 00:00:46 INFO python.PythonRunner: Times: total = 151, boot = -143, init = 144, finish = 150
17/02/02 00:00:46 INFO executor.Executor: Finished task 132.0 in stage 288.0 (TID 50181). 1688 bytes result sent to driver
17/02/02 00:00:46 INFO executor.CoarseGrainedExecutorBackend: Got assigned task 50205
17/02/02 00:00:46 INFO executor.Executor: Running task 151.0 in stage 288.0 (TID 50205)
17/02/02 00:00:46 INFO storage.ShuffleBlockFetcherIterator: Getting 123 non-empty blocks out of 210 blocks
17/02/02 00:00:46 INFO storage.ShuffleBlockFetcherIterator: Started 4 remote fetches in 0 ms
17/02/02 00:00:46 INFO python.PythonRunner: Times: total = 1016, boot = -250, init = 252, finish = 1014
17/02/02 00:00:46 INFO python.PythonRunner: Times: total = 850, boot = -84, init = 86, finish = 848
17/02/02 00:00:46 INFO python.PythonRunner: Times: total = 111, boot = -255, init = 256, finish = 110
17/02/02 00:00:46 INFO python.PythonRunner: Times: total = 145, boot = -347, init = 349, finish = 143
17/02/02 00:00:47 INFO executor.Executor: Finished task 134.0 in stage 288.0 (TID 50188). 1688 bytes result sent to driver
17/02/02 00:00:47 INFO executor.Executor: Finished task 135.0 in stage 288.0 (TID 50193). 1688 bytes result sent to driver
17/02/02 00:00:47 INFO executor.CoarseGrainedExecutorBackend: Got assigned task 50215
17/02/02 00:00:47 INFO executor.Executor: Running task 159.0 in stage 288.0 (TID 50215)
17/02/02 00:00:47 INFO executor.CoarseGrainedExecutorBackend: Got assigned task 50216
17/02/02 00:00:47 INFO executor.Executor: Running task 160.0 in stage 288.0 (TID 50216)
17/02/02 00:00:47 INFO storage.ShuffleBlockFetcherIterator: Getting 123 non-empty blocks out of 210 blocks
17/02/02 00:00:47 INFO storage.ShuffleBlockFetcherIterator: Getting 123 non-empty blocks out of 210 blocks
17/02/02 00:00:47 INFO storage.ShuffleBlockFetcherIterator: Started 4 remote fetches in 1 ms
17/02/02 00:00:47 INFO storage.ShuffleBlockFetcherIterator: Started 5 remote fetches in 1 ms
17/02/02 00:00:47 INFO python.PythonRunner: Times: total = 897, boot = -69, init = 72, finish = 894
17/02/02 00:00:47 INFO python.PythonRunner: Times: total = 877, boot = -109, init = 110, finish = 876
17/02/02 00:00:47 INFO python.PythonRunner: Times: total = 176, boot = -54, init = 55, finish = 175
17/02/02 00:00:47 INFO python.PythonRunner: Times: total = 119, boot = -117, init = 119, finish = 117
17/02/02 00:00:47 INFO python.PythonRunner: Times: total = 849, boot = -147, init = 149, finish = 847
17/02/02 00:00:47 INFO executor.Executor: Finished task 144.0 in stage 288.0 (TID 50196). 1688 bytes result sent to driver
17/02/02 00:00:47 INFO executor.CoarseGrainedExecutorBackend: Got assigned task 50225
17/02/02 00:00:47 INFO executor.Executor: Running task 162.0 in stage 288.0 (TID 50225)
17/02/02 00:00:47 INFO storage.ShuffleBlockFetcherIterator: Getting 123 non-empty blocks out of 210 blocks
17/02/02 00:00:47 INFO storage.ShuffleBlockFetcherIterator: Started 5 remote fetches in 0 ms
17/02/02 00:00:47 INFO executor.Executor: Finished task 147.0 in stage 288.0 (TID 50198). 1688 bytes result sent to driver
17/02/02 00:00:47 INFO executor.CoarseGrainedExecutorBackend: Got assigned task 50226
17/02/02 00:00:47 INFO executor.Executor: Running task 165.0 in stage 288.0 (TID 50226)
17/02/02 00:00:47 INFO storage.ShuffleBlockFetcherIterator: Getting 123 non-empty blocks out of 210 blocks
17/02/02 00:00:47 INFO storage.ShuffleBlockFetcherIterator: Started 4 remote fetches in 0 ms
17/02/02 00:00:47 INFO python.PythonRunner: Times: total = 112, boot = -56, init = 58, finish = 110
17/02/02 00:00:47 INFO python.PythonRunner: Times: total = 757, boot = -234, init = 236, finish = 755
17/02/02 00:00:47 INFO executor.Executor: Finished task 150.0 in stage 288.0 (TID 50200). 1688 bytes result sent to driver
17/02/02 00:00:47 INFO executor.CoarseGrainedExecutorBackend: Got assigned task 50228
17/02/02 00:00:47 INFO executor.Executor: Running task 174.0 in stage 288.0 (TID 50228)
17/02/02 00:00:47 INFO storage.ShuffleBlockFetcherIterator: Getting 123 non-empty blocks out of 210 blocks
17/02/02 00:00:47 INFO storage.ShuffleBlockFetcherIterator: Started 4 remote fetches in 0 ms
17/02/02 00:00:47 INFO python.PythonRunner: Times: total = 177, boot = -71, init = 72, finish = 176
17/02/02 00:00:47 INFO executor.Executor: Finished task 151.0 in stage 288.0 (TID 50205). 1688 bytes result sent to driver
17/02/02 00:00:47 INFO executor.CoarseGrainedExecutorBackend: Got assigned task 50231
17/02/02 00:00:47 INFO executor.Executor: Running task 177.0 in stage 288.0 (TID 50231)
17/02/02 00:00:47 INFO storage.ShuffleBlockFetcherIterator: Getting 123 non-empty blocks out of 210 blocks
17/02/02 00:00:47 INFO storage.ShuffleBlockFetcherIterator: Started 4 remote fetches in 0 ms
17/02/02 00:00:47 INFO python.PythonRunner: Times: total = 691, boot = -104, init = 105, finish = 690
17/02/02 00:00:47 INFO python.PythonRunner: Times: total = 119, boot = -263, init = 265, finish = 117
17/02/02 00:00:47 INFO executor.Executor: Finished task 159.0 in stage 288.0 (TID 50215). 1688 bytes result sent to driver
17/02/02 00:00:47 INFO executor.CoarseGrainedExecutorBackend: Got assigned task 50236
17/02/02 00:00:47 INFO executor.Executor: Running task 180.0 in stage 288.0 (TID 50236)
17/02/02 00:00:47 INFO storage.ShuffleBlockFetcherIterator: Getting 123 non-empty blocks out of 210 blocks
17/02/02 00:00:47 INFO storage.ShuffleBlockFetcherIterator: Started 6 remote fetches in 1 ms
17/02/02 00:00:47 INFO python.PythonRunner: Times: total = 834, boot = -119, init = 121, finish = 832
17/02/02 00:00:47 INFO python.PythonRunner: Times: total = 169, boot = -257, init = 258, finish = 168
17/02/02 00:00:48 INFO executor.Executor: Finished task 160.0 in stage 288.0 (TID 50216). 1688 bytes result sent to driver
17/02/02 00:00:48 INFO executor.CoarseGrainedExecutorBackend: Got assigned task 50243
17/02/02 00:00:48 INFO executor.Executor: Running task 181.0 in stage 288.0 (TID 50243)
17/02/02 00:00:48 INFO storage.ShuffleBlockFetcherIterator: Getting 123 non-empty blocks out of 210 blocks
17/02/02 00:00:48 INFO storage.ShuffleBlockFetcherIterator: Started 4 remote fetches in 1 ms
17/02/02 00:00:48 INFO python.PythonRunner: Times: total = 819, boot = -88, init = 89, finish = 818
17/02/02 00:00:48 INFO python.PythonRunner: Times: total = 99, boot = -185, init = 187, finish = 97
17/02/02 00:00:48 INFO python.PythonRunner: Times: total = 906, boot = -42, init = 44, finish = 904
17/02/02 00:00:48 INFO executor.Executor: Finished task 162.0 in stage 288.0 (TID 50225). 1688 bytes result sent to driver
17/02/02 00:00:48 INFO executor.CoarseGrainedExecutorBackend: Got assigned task 50246
17/02/02 00:00:48 INFO executor.Executor: Running task 182.0 in stage 288.0 (TID 50246)
17/02/02 00:00:48 INFO storage.ShuffleBlockFetcherIterator: Getting 123 non-empty blocks out of 210 blocks
17/02/02 00:00:48 INFO storage.ShuffleBlockFetcherIterator: Started 5 remote fetches in 1 ms
17/02/02 00:00:48 INFO python.PythonRunner: Times: total = 162, boot = -140, init = 142, finish = 160
17/02/02 00:00:48 INFO python.PythonRunner: Times: total = 926, boot = -114, init = 116, finish = 924
17/02/02 00:00:48 INFO executor.Executor: Finished task 165.0 in stage 288.0 (TID 50226). 1688 bytes result sent to driver
17/02/02 00:00:48 INFO executor.CoarseGrainedExecutorBackend: Got assigned task 50250
17/02/02 00:00:48 INFO executor.Executor: Running task 190.0 in stage 288.0 (TID 50250)
17/02/02 00:00:48 INFO storage.ShuffleBlockFetcherIterator: Getting 123 non-empty blocks out of 210 blocks
17/02/02 00:00:48 INFO storage.ShuffleBlockFetcherIterator: Started 6 remote fetches in 0 ms
17/02/02 00:00:48 INFO python.PythonRunner: Times: total = 845, boot = -214, init = 216, finish = 843
17/02/02 00:00:48 INFO python.PythonRunner: Times: total = 167, boot = -79, init = 81, finish = 165
17/02/02 00:00:48 INFO executor.Executor: Finished task 174.0 in stage 288.0 (TID 50228). 1688 bytes result sent to driver
17/02/02 00:00:48 INFO executor.CoarseGrainedExecutorBackend: Got assigned task 50256
17/02/02 00:00:48 INFO executor.Executor: Running task 207.0 in stage 288.0 (TID 50256)
17/02/02 00:00:48 INFO storage.ShuffleBlockFetcherIterator: Getting 123 non-empty blocks out of 210 blocks
17/02/02 00:00:48 INFO storage.ShuffleBlockFetcherIterator: Started 4 remote fetches in 0 ms
17/02/02 00:00:48 INFO python.PythonRunner: Times: total = 141, boot = -58, init = 59, finish = 140
17/02/02 00:00:48 INFO executor.Executor: Finished task 177.0 in stage 288.0 (TID 50231). 1688 bytes result sent to driver
17/02/02 00:00:48 INFO python.PythonRunner: Times: total = 768, boot = -89, init = 90, finish = 767
17/02/02 00:00:48 INFO python.PythonRunner: Times: total = 657, boot = -217, init = 220, finish = 654
17/02/02 00:00:48 INFO python.PythonRunner: Times: total = 135, boot = -105, init = 106, finish = 134
17/02/02 00:00:48 INFO executor.CoarseGrainedExecutorBackend: Got assigned task 50258
17/02/02 00:00:48 INFO executor.Executor: Running task 210.0 in stage 288.0 (TID 50258)
17/02/02 00:00:48 INFO executor.Executor: Finished task 180.0 in stage 288.0 (TID 50236). 1688 bytes result sent to driver
