17/02/01 23:11:38 INFO executor.Executor: Finished task 1562.0 in stage 237.0 (TID 41970). 3378 bytes result sent to driver
17/02/01 23:11:38 INFO executor.CoarseGrainedExecutorBackend: Got assigned task 41995
17/02/01 23:11:38 INFO executor.Executor: Running task 1587.0 in stage 237.0 (TID 41995)
17/02/01 23:11:38 INFO storage.ShuffleBlockFetcherIterator: Getting 948 non-empty blocks out of 1890 blocks
17/02/01 23:11:38 INFO storage.ShuffleBlockFetcherIterator: Started 3 remote fetches in 3 ms
17/02/01 23:11:38 INFO python.PythonRunner: Times: total = 147, boot = -34, init = 39, finish = 142
17/02/01 23:11:38 INFO python.PythonRunner: Times: total = 13, boot = -45, init = 46, finish = 12
17/02/01 23:11:38 INFO executor.Executor: Finished task 1571.0 in stage 237.0 (TID 41979). 3378 bytes result sent to driver
17/02/01 23:11:38 INFO executor.CoarseGrainedExecutorBackend: Got assigned task 42003
17/02/01 23:11:38 INFO executor.Executor: Running task 1595.0 in stage 237.0 (TID 42003)
17/02/01 23:11:38 INFO storage.ShuffleBlockFetcherIterator: Getting 945 non-empty blocks out of 1890 blocks
17/02/01 23:11:38 INFO storage.ShuffleBlockFetcherIterator: Started 4 remote fetches in 2 ms
17/02/01 23:11:38 INFO python.PythonRunner: Times: total = 112, boot = -18, init = 38, finish = 92
17/02/01 23:11:38 INFO python.PythonRunner: Times: total = 141, boot = -31, init = 36, finish = 136
17/02/01 23:11:38 INFO python.PythonRunner: Times: total = 108, boot = -31, init = 35, finish = 104
17/02/01 23:11:38 INFO python.PythonRunner: Times: total = 11, boot = -29, init = 30, finish = 10
17/02/01 23:11:38 INFO python.PythonRunner: Times: total = 48, boot = -53, init = 54, finish = 47
17/02/01 23:11:38 INFO executor.Executor: Finished task 1584.0 in stage 237.0 (TID 41992). 3378 bytes result sent to driver
17/02/01 23:11:38 INFO executor.CoarseGrainedExecutorBackend: Got assigned task 42009
17/02/01 23:11:38 INFO executor.Executor: Running task 1601.0 in stage 237.0 (TID 42009)
17/02/01 23:11:38 INFO python.PythonRunner: Times: total = 119, boot = -28, init = 45, finish = 102
17/02/01 23:11:38 INFO storage.ShuffleBlockFetcherIterator: Getting 941 non-empty blocks out of 1890 blocks
17/02/01 23:11:38 INFO executor.Executor: Finished task 1578.0 in stage 237.0 (TID 41986). 3378 bytes result sent to driver
17/02/01 23:11:38 INFO storage.ShuffleBlockFetcherIterator: Started 4 remote fetches in 4 ms
17/02/01 23:11:38 INFO executor.CoarseGrainedExecutorBackend: Got assigned task 42010
17/02/01 23:11:38 INFO executor.Executor: Running task 1602.0 in stage 237.0 (TID 42010)
17/02/01 23:11:38 INFO python.PythonRunner: Times: total = 12, boot = -24, init = 26, finish = 10
17/02/01 23:11:38 INFO python.PythonRunner: Times: total = 57, boot = -4, init = 6, finish = 55
17/02/01 23:11:38 INFO storage.ShuffleBlockFetcherIterator: Getting 951 non-empty blocks out of 1890 blocks
17/02/01 23:11:38 INFO storage.ShuffleBlockFetcherIterator: Started 4 remote fetches in 4 ms
17/02/01 23:11:38 INFO executor.Executor: Finished task 1575.0 in stage 237.0 (TID 41983). 3378 bytes result sent to driver
17/02/01 23:11:38 INFO executor.CoarseGrainedExecutorBackend: Got assigned task 42012
17/02/01 23:11:38 INFO executor.Executor: Running task 1604.0 in stage 237.0 (TID 42012)
17/02/01 23:11:38 INFO executor.Executor: Finished task 1586.0 in stage 237.0 (TID 41994). 3378 bytes result sent to driver
17/02/01 23:11:38 INFO executor.CoarseGrainedExecutorBackend: Got assigned task 42014
17/02/01 23:11:38 INFO executor.Executor: Running task 1606.0 in stage 237.0 (TID 42014)
17/02/01 23:11:38 INFO storage.ShuffleBlockFetcherIterator: Getting 964 non-empty blocks out of 1890 blocks
17/02/01 23:11:38 INFO storage.ShuffleBlockFetcherIterator: Started 4 remote fetches in 4 ms
17/02/01 23:11:38 INFO storage.ShuffleBlockFetcherIterator: Getting 941 non-empty blocks out of 1890 blocks
17/02/01 23:11:38 INFO storage.ShuffleBlockFetcherIterator: Started 3 remote fetches in 4 ms
17/02/01 23:11:38 INFO python.PythonRunner: Times: total = 143, boot = -20, init = 48, finish = 115
17/02/01 23:11:38 INFO python.PythonRunner: Times: total = 132, boot = -72, init = 76, finish = 128
17/02/01 23:11:38 INFO python.PythonRunner: Times: total = 54, boot = -9, init = 10, finish = 53
17/02/01 23:11:38 INFO executor.Executor: Finished task 1587.0 in stage 237.0 (TID 41995). 3378 bytes result sent to driver
17/02/01 23:11:38 INFO executor.CoarseGrainedExecutorBackend: Got assigned task 42026
17/02/01 23:11:38 INFO executor.Executor: Running task 1618.0 in stage 237.0 (TID 42026)
17/02/01 23:11:38 INFO storage.ShuffleBlockFetcherIterator: Getting 948 non-empty blocks out of 1890 blocks
17/02/01 23:11:38 INFO storage.ShuffleBlockFetcherIterator: Started 4 remote fetches in 3 ms
17/02/01 23:11:38 INFO python.PythonRunner: Times: total = 55, boot = -35, init = 36, finish = 54
17/02/01 23:11:38 INFO executor.Executor: Finished task 1595.0 in stage 237.0 (TID 42003). 3378 bytes result sent to driver
17/02/01 23:11:38 INFO executor.CoarseGrainedExecutorBackend: Got assigned task 42030
17/02/01 23:11:38 INFO executor.Executor: Running task 1622.0 in stage 237.0 (TID 42030)
17/02/01 23:11:38 INFO storage.ShuffleBlockFetcherIterator: Getting 958 non-empty blocks out of 1890 blocks
17/02/01 23:11:38 INFO python.PythonRunner: Times: total = 128, boot = -9, init = 27, finish = 110
17/02/01 23:11:38 INFO storage.ShuffleBlockFetcherIterator: Started 4 remote fetches in 3 ms
17/02/01 23:11:38 INFO python.PythonRunner: Times: total = 141, boot = -28, init = 32, finish = 137
17/02/01 23:11:39 INFO python.PythonRunner: Times: total = 159, boot = -7, init = 43, finish = 123
17/02/01 23:11:39 INFO python.PythonRunner: Times: total = 56, boot = -39, init = 42, finish = 53
17/02/01 23:11:39 INFO python.PythonRunner: Times: total = 61, boot = -79, init = 80, finish = 60
17/02/01 23:11:39 INFO executor.Executor: Finished task 1601.0 in stage 237.0 (TID 42009). 3378 bytes result sent to driver
17/02/01 23:11:39 INFO executor.CoarseGrainedExecutorBackend: Got assigned task 42037
17/02/01 23:11:39 INFO executor.Executor: Running task 1629.0 in stage 237.0 (TID 42037)
17/02/01 23:11:39 INFO storage.ShuffleBlockFetcherIterator: Getting 934 non-empty blocks out of 1890 blocks
17/02/01 23:11:39 INFO executor.Executor: Finished task 1602.0 in stage 237.0 (TID 42010). 3378 bytes result sent to driver
17/02/01 23:11:39 INFO storage.ShuffleBlockFetcherIterator: Started 3 remote fetches in 2 ms
17/02/01 23:11:39 INFO executor.CoarseGrainedExecutorBackend: Got assigned task 42038
17/02/01 23:11:39 INFO python.PythonRunner: Times: total = 184, boot = -13, init = 34, finish = 163
17/02/01 23:11:39 INFO executor.Executor: Running task 1630.0 in stage 237.0 (TID 42038)
17/02/01 23:11:39 INFO storage.ShuffleBlockFetcherIterator: Getting 939 non-empty blocks out of 1890 blocks
17/02/01 23:11:39 INFO python.PythonRunner: Times: total = 118, boot = -61, init = 67, finish = 112
17/02/01 23:11:39 INFO storage.ShuffleBlockFetcherIterator: Started 3 remote fetches in 7 ms
17/02/01 23:11:39 INFO python.PythonRunner: Times: total = 49, boot = -27, init = 28, finish = 48
17/02/01 23:11:39 INFO executor.Executor: Finished task 1606.0 in stage 237.0 (TID 42014). 3378 bytes result sent to driver
17/02/01 23:11:39 INFO executor.CoarseGrainedExecutorBackend: Got assigned task 42045
17/02/01 23:11:39 INFO executor.Executor: Running task 1637.0 in stage 237.0 (TID 42045)
17/02/01 23:11:39 INFO storage.ShuffleBlockFetcherIterator: Getting 933 non-empty blocks out of 1890 blocks
17/02/01 23:11:39 INFO storage.ShuffleBlockFetcherIterator: Started 4 remote fetches in 4 ms
17/02/01 23:11:39 INFO python.PythonRunner: Times: total = 111, boot = -36, init = 40, finish = 107
17/02/01 23:11:39 INFO python.PythonRunner: Times: total = 55, boot = -35, init = 37, finish = 53
17/02/01 23:11:39 INFO python.PythonRunner: Times: total = 52, boot = 2, init = 0, finish = 50
17/02/01 23:11:39 INFO executor.Executor: Finished task 1604.0 in stage 237.0 (TID 42012). 3378 bytes result sent to driver
17/02/01 23:11:39 INFO executor.CoarseGrainedExecutorBackend: Got assigned task 42048
17/02/01 23:11:39 INFO executor.Executor: Running task 1640.0 in stage 237.0 (TID 42048)
17/02/01 23:11:39 INFO executor.Executor: Finished task 1618.0 in stage 237.0 (TID 42026). 3378 bytes result sent to driver
17/02/01 23:11:39 INFO executor.CoarseGrainedExecutorBackend: Got assigned task 42049
17/02/01 23:11:39 INFO executor.Executor: Running task 1641.0 in stage 237.0 (TID 42049)
17/02/01 23:11:39 INFO storage.ShuffleBlockFetcherIterator: Getting 933 non-empty blocks out of 1890 blocks
17/02/01 23:11:39 INFO storage.ShuffleBlockFetcherIterator: Getting 947 non-empty blocks out of 1890 blocks
17/02/01 23:11:39 INFO storage.ShuffleBlockFetcherIterator: Started 3 remote fetches in 5 ms
17/02/01 23:11:39 INFO storage.ShuffleBlockFetcherIterator: Started 4 remote fetches in 2 ms
17/02/01 23:11:39 INFO python.PythonRunner: Times: total = 87, boot = -35, init = 42, finish = 80
17/02/01 23:11:39 INFO python.PythonRunner: Times: total = 49, boot = -21, init = 23, finish = 47
17/02/01 23:11:39 INFO executor.Executor: Finished task 1622.0 in stage 237.0 (TID 42030). 3378 bytes result sent to driver
17/02/01 23:11:39 INFO executor.CoarseGrainedExecutorBackend: Got assigned task 42054
17/02/01 23:11:39 INFO executor.Executor: Running task 1646.0 in stage 237.0 (TID 42054)
17/02/01 23:11:39 INFO storage.ShuffleBlockFetcherIterator: Getting 945 non-empty blocks out of 1890 blocks
17/02/01 23:11:39 INFO storage.ShuffleBlockFetcherIterator: Started 4 remote fetches in 3 ms
17/02/01 23:11:39 INFO python.PythonRunner: Times: total = 106, boot = -1, init = 17, finish = 90
17/02/01 23:11:39 INFO python.PythonRunner: Times: total = 56, boot = -12, init = 13, finish = 55
17/02/01 23:11:39 INFO executor.Executor: Finished task 1629.0 in stage 237.0 (TID 42037). 3378 bytes result sent to driver
