17/02/01 23:11:21 INFO python.PythonRunner: Times: total = 105, boot = 18, init = 0, finish = 87
17/02/01 23:11:21 INFO executor.Executor: Finished task 1723.0 in stage 221.0 (TID 40211). 1251 bytes result sent to driver
17/02/01 23:11:21 INFO storage.ShuffleBlockFetcherIterator: Getting 946 non-empty blocks out of 1890 blocks
17/02/01 23:11:21 INFO executor.CoarseGrainedExecutorBackend: Got assigned task 40225
17/02/01 23:11:21 INFO executor.Executor: Running task 1737.0 in stage 221.0 (TID 40225)
17/02/01 23:11:21 INFO storage.ShuffleBlockFetcherIterator: Started 4 remote fetches in 5 ms
17/02/01 23:11:21 INFO storage.ShuffleBlockFetcherIterator: Getting 960 non-empty blocks out of 1890 blocks
17/02/01 23:11:21 INFO storage.ShuffleBlockFetcherIterator: Started 4 remote fetches in 6 ms
17/02/01 23:11:21 INFO python.PythonRunner: Times: total = 172, boot = 14, init = 9, finish = 149
17/02/01 23:11:21 INFO executor.Executor: Finished task 1722.0 in stage 221.0 (TID 40210). 1251 bytes result sent to driver
17/02/01 23:11:21 INFO executor.CoarseGrainedExecutorBackend: Got assigned task 40236
17/02/01 23:11:21 INFO executor.Executor: Running task 1748.0 in stage 221.0 (TID 40236)
17/02/01 23:11:21 INFO storage.ShuffleBlockFetcherIterator: Getting 932 non-empty blocks out of 1890 blocks
17/02/01 23:11:21 INFO storage.ShuffleBlockFetcherIterator: Started 3 remote fetches in 5 ms
17/02/01 23:11:21 INFO python.PythonRunner: Times: total = 172, boot = 14, init = 1, finish = 157
17/02/01 23:11:21 INFO executor.Executor: Finished task 1728.0 in stage 221.0 (TID 40216). 1251 bytes result sent to driver
17/02/01 23:11:21 INFO executor.CoarseGrainedExecutorBackend: Got assigned task 40241
17/02/01 23:11:21 INFO executor.Executor: Running task 1753.0 in stage 221.0 (TID 40241)
17/02/01 23:11:21 INFO python.PythonRunner: Times: total = 165, boot = 15, init = 1, finish = 149
17/02/01 23:11:21 INFO executor.Executor: Finished task 1729.0 in stage 221.0 (TID 40217). 1251 bytes result sent to driver
17/02/01 23:11:21 INFO storage.ShuffleBlockFetcherIterator: Getting 940 non-empty blocks out of 1890 blocks
17/02/01 23:11:21 INFO executor.CoarseGrainedExecutorBackend: Got assigned task 40242
17/02/01 23:11:21 INFO executor.Executor: Running task 1754.0 in stage 221.0 (TID 40242)
17/02/01 23:11:21 INFO storage.ShuffleBlockFetcherIterator: Started 3 remote fetches in 4 ms
17/02/01 23:11:21 INFO storage.ShuffleBlockFetcherIterator: Getting 956 non-empty blocks out of 1890 blocks
17/02/01 23:11:21 INFO storage.ShuffleBlockFetcherIterator: Started 3 remote fetches in 6 ms
17/02/01 23:11:21 INFO python.PythonRunner: Times: total = 168, boot = 16, init = 8, finish = 144
17/02/01 23:11:21 INFO executor.Executor: Finished task 1731.0 in stage 221.0 (TID 40219). 1251 bytes result sent to driver
17/02/01 23:11:21 INFO executor.CoarseGrainedExecutorBackend: Got assigned task 40244
17/02/01 23:11:21 INFO executor.Executor: Running task 1756.0 in stage 221.0 (TID 40244)
17/02/01 23:11:21 INFO storage.ShuffleBlockFetcherIterator: Getting 938 non-empty blocks out of 1890 blocks
17/02/01 23:11:21 INFO storage.ShuffleBlockFetcherIterator: Started 3 remote fetches in 5 ms
17/02/01 23:11:21 INFO python.PythonRunner: Times: total = 132, boot = 18, init = 0, finish = 114
17/02/01 23:11:21 INFO executor.Executor: Finished task 1735.0 in stage 221.0 (TID 40223). 1251 bytes result sent to driver
17/02/01 23:11:21 INFO executor.CoarseGrainedExecutorBackend: Got assigned task 40247
17/02/01 23:11:21 INFO executor.Executor: Running task 1759.0 in stage 221.0 (TID 40247)
17/02/01 23:11:21 INFO storage.ShuffleBlockFetcherIterator: Getting 955 non-empty blocks out of 1890 blocks
17/02/01 23:11:21 INFO storage.ShuffleBlockFetcherIterator: Started 4 remote fetches in 7 ms
17/02/01 23:11:21 INFO python.PythonRunner: Times: total = 146, boot = 15, init = 4, finish = 127
17/02/01 23:11:21 INFO executor.Executor: Finished task 1737.0 in stage 221.0 (TID 40225). 1251 bytes result sent to driver
17/02/01 23:11:21 INFO executor.CoarseGrainedExecutorBackend: Got assigned task 40249
17/02/01 23:11:21 INFO executor.Executor: Running task 1761.0 in stage 221.0 (TID 40249)
17/02/01 23:11:21 INFO storage.ShuffleBlockFetcherIterator: Getting 948 non-empty blocks out of 1890 blocks
17/02/01 23:11:21 INFO storage.ShuffleBlockFetcherIterator: Started 3 remote fetches in 10 ms
17/02/01 23:11:21 INFO python.PythonRunner: Times: total = 99, boot = 16, init = 1, finish = 82
17/02/01 23:11:21 INFO executor.Executor: Finished task 1748.0 in stage 221.0 (TID 40236). 1251 bytes result sent to driver
17/02/01 23:11:21 INFO executor.CoarseGrainedExecutorBackend: Got assigned task 40251
17/02/01 23:11:21 INFO executor.Executor: Running task 1763.0 in stage 221.0 (TID 40251)
17/02/01 23:11:21 INFO storage.ShuffleBlockFetcherIterator: Getting 940 non-empty blocks out of 1890 blocks
17/02/01 23:11:21 INFO storage.ShuffleBlockFetcherIterator: Started 3 remote fetches in 7 ms
17/02/01 23:11:21 INFO python.PythonRunner: Times: total = 115, boot = 18, init = 1, finish = 96
17/02/01 23:11:21 INFO executor.Executor: Finished task 1753.0 in stage 221.0 (TID 40241). 1251 bytes result sent to driver
17/02/01 23:11:21 INFO executor.CoarseGrainedExecutorBackend: Got assigned task 40257
17/02/01 23:11:21 INFO executor.Executor: Running task 1769.0 in stage 221.0 (TID 40257)
17/02/01 23:11:21 INFO storage.ShuffleBlockFetcherIterator: Getting 953 non-empty blocks out of 1890 blocks
17/02/01 23:11:21 INFO storage.ShuffleBlockFetcherIterator: Started 4 remote fetches in 8 ms
17/02/01 23:11:21 INFO python.PythonRunner: Times: total = 140, boot = 17, init = 10, finish = 113
17/02/01 23:11:21 INFO executor.Executor: Finished task 1754.0 in stage 221.0 (TID 40242). 1251 bytes result sent to driver
17/02/01 23:11:21 INFO executor.CoarseGrainedExecutorBackend: Got assigned task 40259
17/02/01 23:11:21 INFO executor.Executor: Running task 1771.0 in stage 221.0 (TID 40259)
17/02/01 23:11:21 INFO storage.ShuffleBlockFetcherIterator: Getting 950 non-empty blocks out of 1890 blocks
17/02/01 23:11:21 INFO storage.ShuffleBlockFetcherIterator: Started 3 remote fetches in 9 ms
17/02/01 23:11:21 INFO python.PythonRunner: Times: total = 140, boot = 14, init = 23, finish = 103
17/02/01 23:11:21 INFO executor.Executor: Finished task 1759.0 in stage 221.0 (TID 40247). 1251 bytes result sent to driver
17/02/01 23:11:21 INFO executor.CoarseGrainedExecutorBackend: Got assigned task 40264
17/02/01 23:11:21 INFO executor.Executor: Running task 1776.0 in stage 221.0 (TID 40264)
17/02/01 23:11:21 INFO python.PythonRunner: Times: total = 166, boot = 10, init = 16, finish = 140
17/02/01 23:11:21 INFO executor.Executor: Finished task 1756.0 in stage 221.0 (TID 40244). 1251 bytes result sent to driver
17/02/01 23:11:21 INFO storage.ShuffleBlockFetcherIterator: Getting 956 non-empty blocks out of 1890 blocks
17/02/01 23:11:21 INFO executor.CoarseGrainedExecutorBackend: Got assigned task 40272
17/02/01 23:11:21 INFO executor.Executor: Running task 1784.0 in stage 221.0 (TID 40272)
17/02/01 23:11:21 INFO storage.ShuffleBlockFetcherIterator: Started 4 remote fetches in 10 ms
17/02/01 23:11:21 INFO storage.ShuffleBlockFetcherIterator: Getting 938 non-empty blocks out of 1890 blocks
17/02/01 23:11:21 INFO storage.ShuffleBlockFetcherIterator: Started 3 remote fetches in 3 ms
17/02/01 23:11:21 INFO python.PythonRunner: Times: total = 153, boot = 9, init = 27, finish = 117
17/02/01 23:11:21 INFO executor.Executor: Finished task 1761.0 in stage 221.0 (TID 40249). 1251 bytes result sent to driver
17/02/01 23:11:21 INFO executor.CoarseGrainedExecutorBackend: Got assigned task 40276
17/02/01 23:11:21 INFO executor.Executor: Running task 1788.0 in stage 221.0 (TID 40276)
17/02/01 23:11:21 INFO storage.ShuffleBlockFetcherIterator: Getting 947 non-empty blocks out of 1890 blocks
17/02/01 23:11:21 INFO storage.ShuffleBlockFetcherIterator: Started 4 remote fetches in 6 ms
17/02/01 23:11:21 INFO python.PythonRunner: Times: total = 454, boot = 11, init = 14, finish = 429
17/02/01 23:11:21 INFO executor.Executor: Finished task 1763.0 in stage 221.0 (TID 40251). 1251 bytes result sent to driver
17/02/01 23:11:21 INFO executor.CoarseGrainedExecutorBackend: Got assigned task 40280
17/02/01 23:11:21 INFO executor.Executor: Running task 1792.0 in stage 221.0 (TID 40280)
17/02/01 23:11:21 INFO storage.ShuffleBlockFetcherIterator: Getting 954 non-empty blocks out of 1890 blocks
17/02/01 23:11:21 INFO storage.ShuffleBlockFetcherIterator: Started 4 remote fetches in 11 ms
17/02/01 23:11:21 INFO python.PythonRunner: Times: total = 453, boot = 7, init = 1, finish = 445
17/02/01 23:11:21 INFO executor.Executor: Finished task 1769.0 in stage 221.0 (TID 40257). 1251 bytes result sent to driver
17/02/01 23:11:21 INFO executor.CoarseGrainedExecutorBackend: Got assigned task 40284
17/02/01 23:11:21 INFO executor.Executor: Running task 1796.0 in stage 221.0 (TID 40284)
17/02/01 23:11:21 INFO storage.ShuffleBlockFetcherIterator: Getting 950 non-empty blocks out of 1890 blocks
17/02/01 23:11:21 INFO storage.ShuffleBlockFetcherIterator: Started 4 remote fetches in 5 ms
17/02/01 23:11:21 INFO python.PythonRunner: Times: total = 481, boot = 6, init = 0, finish = 475
17/02/01 23:11:21 INFO executor.Executor: Finished task 1771.0 in stage 221.0 (TID 40259). 1251 bytes result sent to driver
17/02/01 23:11:21 INFO executor.CoarseGrainedExecutorBackend: Got assigned task 40290
17/02/01 23:11:21 INFO executor.Executor: Running task 1802.0 in stage 221.0 (TID 40290)
17/02/01 23:11:21 INFO storage.ShuffleBlockFetcherIterator: Getting 940 non-empty blocks out of 1890 blocks
17/02/01 23:11:21 INFO storage.ShuffleBlockFetcherIterator: Started 4 remote fetches in 7 ms
17/02/01 23:11:22 INFO python.PythonRunner: Times: total = 490, boot = 2, init = 6, finish = 482
17/02/01 23:11:22 INFO executor.Executor: Finished task 1776.0 in stage 221.0 (TID 40264). 1251 bytes result sent to driver
