17/02/02 00:14:36 INFO storage.ShuffleBlockFetcherIterator: Getting 495 non-empty blocks out of 930 blocks
17/02/02 00:14:36 INFO storage.ShuffleBlockFetcherIterator: Started 6 remote fetches in 2 ms
17/02/02 00:14:36 INFO python.PythonRunner: Times: total = 21, boot = -119, init = 120, finish = 20
17/02/02 00:14:36 INFO executor.Executor: Finished task 656.0 in stage 329.0 (TID 56400). 2410 bytes result sent to driver
17/02/02 00:14:36 INFO executor.CoarseGrainedExecutorBackend: Got assigned task 56420
17/02/02 00:14:36 INFO executor.Executor: Running task 671.0 in stage 329.0 (TID 56420)
17/02/02 00:14:36 INFO storage.ShuffleBlockFetcherIterator: Getting 495 non-empty blocks out of 930 blocks
17/02/02 00:14:36 INFO storage.ShuffleBlockFetcherIterator: Started 6 remote fetches in 2 ms
17/02/02 00:14:36 INFO python.PythonRunner: Times: total = 153, boot = -75, init = 76, finish = 152
17/02/02 00:14:36 INFO python.PythonRunner: Times: total = 21, boot = -106, init = 107, finish = 20
17/02/02 00:14:36 INFO executor.Executor: Finished task 661.0 in stage 329.0 (TID 56405). 2410 bytes result sent to driver
17/02/02 00:14:36 INFO executor.CoarseGrainedExecutorBackend: Got assigned task 56426
17/02/02 00:14:36 INFO executor.Executor: Running task 681.0 in stage 329.0 (TID 56426)
17/02/02 00:14:36 INFO storage.ShuffleBlockFetcherIterator: Getting 495 non-empty blocks out of 930 blocks
17/02/02 00:14:36 INFO storage.ShuffleBlockFetcherIterator: Started 6 remote fetches in 1 ms
17/02/02 00:14:36 INFO python.PythonRunner: Times: total = 241, boot = -43, init = 44, finish = 240
17/02/02 00:14:36 INFO python.PythonRunner: Times: total = 132, boot = -115, init = 117, finish = 130
17/02/02 00:14:36 INFO executor.Executor: Finished task 657.0 in stage 329.0 (TID 56401). 2410 bytes result sent to driver
17/02/02 00:14:36 INFO executor.CoarseGrainedExecutorBackend: Got assigned task 56428
17/02/02 00:14:36 INFO executor.Executor: Running task 683.0 in stage 329.0 (TID 56428)
17/02/02 00:14:36 INFO storage.ShuffleBlockFetcherIterator: Getting 495 non-empty blocks out of 930 blocks
17/02/02 00:14:36 INFO storage.ShuffleBlockFetcherIterator: Started 6 remote fetches in 3 ms
17/02/02 00:14:36 INFO python.PythonRunner: Times: total = 278, boot = -75, init = 76, finish = 277
17/02/02 00:14:36 INFO python.PythonRunner: Times: total = 27, boot = -169, init = 170, finish = 26
17/02/02 00:14:36 INFO executor.Executor: Finished task 663.0 in stage 329.0 (TID 56406). 2410 bytes result sent to driver
17/02/02 00:14:36 INFO executor.CoarseGrainedExecutorBackend: Got assigned task 56434
17/02/02 00:14:36 INFO executor.Executor: Running task 690.0 in stage 329.0 (TID 56434)
17/02/02 00:14:36 INFO storage.ShuffleBlockFetcherIterator: Getting 495 non-empty blocks out of 930 blocks
17/02/02 00:14:36 INFO storage.ShuffleBlockFetcherIterator: Started 6 remote fetches in 2 ms
17/02/02 00:14:36 INFO python.PythonRunner: Times: total = 251, boot = -103, init = 104, finish = 250
17/02/02 00:14:36 INFO python.PythonRunner: Times: total = 273, boot = -117, init = 118, finish = 272
17/02/02 00:14:36 INFO python.PythonRunner: Times: total = 19, boot = -150, init = 150, finish = 19
17/02/02 00:14:36 INFO python.PythonRunner: Times: total = 250, boot = -132, init = 133, finish = 249
17/02/02 00:14:36 INFO executor.Executor: Finished task 666.0 in stage 329.0 (TID 56410). 2410 bytes result sent to driver
17/02/02 00:14:36 INFO executor.CoarseGrainedExecutorBackend: Got assigned task 56437
17/02/02 00:14:36 INFO executor.Executor: Running task 694.0 in stage 329.0 (TID 56437)
17/02/02 00:14:36 INFO storage.ShuffleBlockFetcherIterator: Getting 495 non-empty blocks out of 930 blocks
17/02/02 00:14:36 INFO storage.ShuffleBlockFetcherIterator: Started 6 remote fetches in 2 ms
17/02/02 00:14:36 INFO python.PythonRunner: Times: total = 61, boot = -163, init = 165, finish = 59
17/02/02 00:14:36 INFO executor.Executor: Finished task 669.0 in stage 329.0 (TID 56413). 2410 bytes result sent to driver
17/02/02 00:14:36 INFO python.PythonRunner: Times: total = 48, boot = -128, init = 129, finish = 47
17/02/02 00:14:36 INFO executor.CoarseGrainedExecutorBackend: Got assigned task 56441
17/02/02 00:14:36 INFO executor.Executor: Running task 697.0 in stage 329.0 (TID 56441)
17/02/02 00:14:36 INFO storage.ShuffleBlockFetcherIterator: Getting 495 non-empty blocks out of 930 blocks
17/02/02 00:14:36 INFO storage.ShuffleBlockFetcherIterator: Started 6 remote fetches in 1 ms
17/02/02 00:14:36 INFO executor.Executor: Finished task 671.0 in stage 329.0 (TID 56420). 2410 bytes result sent to driver
17/02/02 00:14:36 INFO python.PythonRunner: Times: total = 243, boot = -115, init = 116, finish = 242
17/02/02 00:14:36 INFO executor.CoarseGrainedExecutorBackend: Got assigned task 56447
17/02/02 00:14:36 INFO executor.Executor: Running task 703.0 in stage 329.0 (TID 56447)
17/02/02 00:14:36 INFO storage.ShuffleBlockFetcherIterator: Getting 495 non-empty blocks out of 930 blocks
17/02/02 00:14:36 INFO storage.ShuffleBlockFetcherIterator: Started 6 remote fetches in 2 ms
17/02/02 00:14:36 INFO python.PythonRunner: Times: total = 197, boot = -159, init = 160, finish = 196
17/02/02 00:14:36 INFO python.PythonRunner: Times: total = 26, boot = -67, init = 68, finish = 25
17/02/02 00:14:36 INFO executor.Executor: Finished task 683.0 in stage 329.0 (TID 56428). 2410 bytes result sent to driver
17/02/02 00:14:36 INFO executor.CoarseGrainedExecutorBackend: Got assigned task 56452
17/02/02 00:14:36 INFO executor.Executor: Running task 708.0 in stage 329.0 (TID 56452)
17/02/02 00:14:36 INFO storage.ShuffleBlockFetcherIterator: Getting 495 non-empty blocks out of 930 blocks
17/02/02 00:14:36 INFO storage.ShuffleBlockFetcherIterator: Started 6 remote fetches in 2 ms
17/02/02 00:14:36 INFO python.PythonRunner: Times: total = 186, boot = -201, init = 202, finish = 185
17/02/02 00:14:36 INFO python.PythonRunner: Times: total = 164, boot = -116, init = 117, finish = 163
17/02/02 00:14:36 INFO python.PythonRunner: Times: total = 17, boot = -110, init = 111, finish = 16
17/02/02 00:14:36 INFO executor.Executor: Finished task 694.0 in stage 329.0 (TID 56437). 2410 bytes result sent to driver
17/02/02 00:14:36 INFO executor.CoarseGrainedExecutorBackend: Got assigned task 56456
17/02/02 00:14:36 INFO executor.Executor: Running task 712.0 in stage 329.0 (TID 56456)
17/02/02 00:14:36 INFO storage.ShuffleBlockFetcherIterator: Getting 495 non-empty blocks out of 930 blocks
17/02/02 00:14:36 INFO storage.ShuffleBlockFetcherIterator: Started 6 remote fetches in 2 ms
17/02/02 00:14:36 INFO python.PythonRunner: Times: total = 67, boot = -115, init = 117, finish = 65
17/02/02 00:14:36 INFO executor.Executor: Finished task 690.0 in stage 329.0 (TID 56434). 2410 bytes result sent to driver
17/02/02 00:14:36 INFO executor.CoarseGrainedExecutorBackend: Got assigned task 56458
17/02/02 00:14:36 INFO executor.Executor: Running task 714.0 in stage 329.0 (TID 56458)
17/02/02 00:14:36 INFO storage.ShuffleBlockFetcherIterator: Getting 495 non-empty blocks out of 930 blocks
17/02/02 00:14:36 INFO storage.ShuffleBlockFetcherIterator: Started 6 remote fetches in 2 ms
17/02/02 00:14:36 INFO python.PythonRunner: Times: total = 178, boot = -89, init = 91, finish = 176
17/02/02 00:14:36 INFO executor.Executor: Finished task 681.0 in stage 329.0 (TID 56426). 2410 bytes result sent to driver
17/02/02 00:14:36 INFO executor.CoarseGrainedExecutorBackend: Got assigned task 56460
17/02/02 00:14:36 INFO executor.Executor: Running task 716.0 in stage 329.0 (TID 56460)
17/02/02 00:14:36 INFO storage.ShuffleBlockFetcherIterator: Getting 495 non-empty blocks out of 930 blocks
17/02/02 00:14:36 INFO storage.ShuffleBlockFetcherIterator: Started 6 remote fetches in 1 ms
17/02/02 00:14:36 INFO python.PythonRunner: Times: total = 213, boot = -88, init = 89, finish = 212
17/02/02 00:14:36 INFO python.PythonRunner: Times: total = 37, boot = -127, init = 129, finish = 35
17/02/02 00:14:36 INFO executor.Executor: Finished task 697.0 in stage 329.0 (TID 56441). 2410 bytes result sent to driver
17/02/02 00:14:36 INFO executor.CoarseGrainedExecutorBackend: Got assigned task 56468
17/02/02 00:14:36 INFO executor.Executor: Running task 724.0 in stage 329.0 (TID 56468)
17/02/02 00:14:36 INFO storage.ShuffleBlockFetcherIterator: Getting 495 non-empty blocks out of 930 blocks
17/02/02 00:14:36 INFO storage.ShuffleBlockFetcherIterator: Started 6 remote fetches in 1 ms
17/02/02 00:14:36 INFO python.PythonRunner: Times: total = 211, boot = -114, init = 115, finish = 210
17/02/02 00:14:36 INFO python.PythonRunner: Times: total = 28, boot = -128, init = 129, finish = 27
17/02/02 00:14:36 INFO executor.Executor: Finished task 708.0 in stage 329.0 (TID 56452). 2410 bytes result sent to driver
17/02/02 00:14:36 INFO executor.CoarseGrainedExecutorBackend: Got assigned task 56471
17/02/02 00:14:36 INFO executor.Executor: Running task 727.0 in stage 329.0 (TID 56471)
17/02/02 00:14:36 INFO storage.ShuffleBlockFetcherIterator: Getting 495 non-empty blocks out of 930 blocks
17/02/02 00:14:36 INFO storage.ShuffleBlockFetcherIterator: Started 6 remote fetches in 2 ms
17/02/02 00:14:36 INFO python.PythonRunner: Times: total = 230, boot = -122, init = 122, finish = 230
17/02/02 00:14:36 INFO python.PythonRunner: Times: total = 26, boot = -196, init = 196, finish = 26
17/02/02 00:14:36 INFO executor.Executor: Finished task 712.0 in stage 329.0 (TID 56456). 2410 bytes result sent to driver
17/02/02 00:14:36 INFO executor.CoarseGrainedExecutorBackend: Got assigned task 56476
17/02/02 00:14:36 INFO executor.Executor: Running task 732.0 in stage 329.0 (TID 56476)
17/02/02 00:14:36 INFO storage.ShuffleBlockFetcherIterator: Getting 495 non-empty blocks out of 930 blocks
17/02/02 00:14:36 INFO storage.ShuffleBlockFetcherIterator: Started 6 remote fetches in 2 ms
17/02/02 00:14:36 INFO python.PythonRunner: Times: total = 471, boot = -70, init = 72, finish = 469
