17/02/02 00:26:04 INFO python.PythonRunner: Times: total = 29, boot = -52, init = 53, finish = 28
17/02/02 00:26:04 INFO executor.Executor: Finished task 160.0 in stage 346.0 (TID 60674). 3348 bytes result sent to driver
17/02/02 00:26:04 INFO executor.CoarseGrainedExecutorBackend: Got assigned task 60684
17/02/02 00:26:04 INFO executor.Executor: Running task 169.0 in stage 346.0 (TID 60684)
17/02/02 00:26:04 INFO storage.ShuffleBlockFetcherIterator: Getting 495 non-empty blocks out of 930 blocks
17/02/02 00:26:04 INFO storage.ShuffleBlockFetcherIterator: Started 6 remote fetches in 1 ms
17/02/02 00:26:04 INFO python.PythonRunner: Times: total = 177, boot = -9, init = 9, finish = 177
17/02/02 00:26:04 INFO python.PythonRunner: Times: total = 141, boot = -5, init = 6, finish = 140
17/02/02 00:26:04 INFO python.PythonRunner: Times: total = 22, boot = -38, init = 38, finish = 22
17/02/02 00:26:04 INFO executor.Executor: Finished task 161.0 in stage 346.0 (TID 60675). 3348 bytes result sent to driver
17/02/02 00:26:04 INFO executor.CoarseGrainedExecutorBackend: Got assigned task 60686
17/02/02 00:26:04 INFO executor.Executor: Running task 170.0 in stage 346.0 (TID 60686)
17/02/02 00:26:04 INFO python.PythonRunner: Times: total = 29, boot = -23, init = 24, finish = 28
17/02/02 00:26:04 INFO storage.ShuffleBlockFetcherIterator: Getting 495 non-empty blocks out of 930 blocks
17/02/02 00:26:04 INFO storage.ShuffleBlockFetcherIterator: Started 6 remote fetches in 2 ms
17/02/02 00:26:04 INFO executor.Executor: Finished task 165.0 in stage 346.0 (TID 60679). 3348 bytes result sent to driver
17/02/02 00:26:04 INFO executor.CoarseGrainedExecutorBackend: Got assigned task 60689
17/02/02 00:26:04 INFO executor.Executor: Running task 172.0 in stage 346.0 (TID 60689)
17/02/02 00:26:04 INFO storage.ShuffleBlockFetcherIterator: Getting 495 non-empty blocks out of 930 blocks
17/02/02 00:26:04 INFO storage.ShuffleBlockFetcherIterator: Started 6 remote fetches in 1 ms
17/02/02 00:26:04 INFO python.PythonRunner: Times: total = 193, boot = -7, init = 8, finish = 192
17/02/02 00:26:04 INFO python.PythonRunner: Times: total = 206, boot = -13, init = 13, finish = 206
17/02/02 00:26:04 INFO python.PythonRunner: Times: total = 36, boot = -11, init = 12, finish = 35
17/02/02 00:26:04 INFO executor.Executor: Finished task 167.0 in stage 346.0 (TID 60681). 3348 bytes result sent to driver
17/02/02 00:26:04 INFO executor.CoarseGrainedExecutorBackend: Got assigned task 60692
17/02/02 00:26:04 INFO executor.Executor: Running task 173.0 in stage 346.0 (TID 60692)
17/02/02 00:26:04 INFO storage.ShuffleBlockFetcherIterator: Getting 495 non-empty blocks out of 930 blocks
17/02/02 00:26:04 INFO storage.ShuffleBlockFetcherIterator: Started 6 remote fetches in 2 ms
17/02/02 00:26:04 INFO python.PythonRunner: Times: total = 75, boot = -25, init = 26, finish = 74
17/02/02 00:26:04 INFO python.PythonRunner: Times: total = 102, boot = -5, init = 6, finish = 101
17/02/02 00:26:04 INFO python.PythonRunner: Times: total = 167, boot = -98, init = 99, finish = 166
17/02/02 00:26:04 INFO python.PythonRunner: Times: total = 18, boot = -44, init = 44, finish = 18
17/02/02 00:26:04 INFO python.PythonRunner: Times: total = 89, boot = -4, init = 5, finish = 88
17/02/02 00:26:04 INFO executor.Executor: Finished task 166.0 in stage 346.0 (TID 60680). 3348 bytes result sent to driver
17/02/02 00:26:04 INFO executor.CoarseGrainedExecutorBackend: Got assigned task 60699
17/02/02 00:26:04 INFO executor.Executor: Running task 185.0 in stage 346.0 (TID 60699)
17/02/02 00:26:04 INFO storage.ShuffleBlockFetcherIterator: Getting 495 non-empty blocks out of 930 blocks
17/02/02 00:26:04 INFO storage.ShuffleBlockFetcherIterator: Started 6 remote fetches in 2 ms
17/02/02 00:26:04 INFO executor.Executor: Finished task 169.0 in stage 346.0 (TID 60684). 3348 bytes result sent to driver
17/02/02 00:26:04 INFO executor.Executor: Finished task 170.0 in stage 346.0 (TID 60686). 3348 bytes result sent to driver
17/02/02 00:26:04 INFO executor.CoarseGrainedExecutorBackend: Got assigned task 60700
17/02/02 00:26:04 INFO executor.Executor: Running task 186.0 in stage 346.0 (TID 60700)
17/02/02 00:26:04 INFO storage.ShuffleBlockFetcherIterator: Getting 495 non-empty blocks out of 930 blocks
17/02/02 00:26:04 INFO storage.ShuffleBlockFetcherIterator: Started 6 remote fetches in 1 ms
17/02/02 00:26:04 INFO executor.CoarseGrainedExecutorBackend: Got assigned task 60701
17/02/02 00:26:04 INFO executor.Executor: Running task 187.0 in stage 346.0 (TID 60701)
17/02/02 00:26:04 INFO storage.ShuffleBlockFetcherIterator: Getting 495 non-empty blocks out of 930 blocks
17/02/02 00:26:04 INFO storage.ShuffleBlockFetcherIterator: Started 6 remote fetches in 1 ms
17/02/02 00:26:04 INFO python.PythonRunner: Times: total = 273, boot = -20, init = 21, finish = 272
17/02/02 00:26:04 INFO python.PythonRunner: Times: total = 39, boot = -157, init = 159, finish = 37
17/02/02 00:26:04 INFO executor.Executor: Finished task 172.0 in stage 346.0 (TID 60689). 3348 bytes result sent to driver
17/02/02 00:26:04 INFO executor.CoarseGrainedExecutorBackend: Got assigned task 60704
17/02/02 00:26:04 INFO executor.Executor: Running task 190.0 in stage 346.0 (TID 60704)
17/02/02 00:26:04 INFO storage.ShuffleBlockFetcherIterator: Getting 495 non-empty blocks out of 930 blocks
17/02/02 00:26:04 INFO storage.ShuffleBlockFetcherIterator: Started 6 remote fetches in 1 ms
17/02/02 00:26:05 INFO python.PythonRunner: Times: total = 997, boot = -16, init = 17, finish = 996
17/02/02 00:26:05 INFO python.PythonRunner: Times: total = 41, boot = -378, init = 379, finish = 40
17/02/02 00:26:05 INFO executor.Executor: Finished task 156.0 in stage 346.0 (TID 60671). 3348 bytes result sent to driver
17/02/02 00:26:05 INFO executor.CoarseGrainedExecutorBackend: Got assigned task 60721
17/02/02 00:26:05 INFO executor.Executor: Running task 207.0 in stage 346.0 (TID 60721)
17/02/02 00:26:05 INFO storage.ShuffleBlockFetcherIterator: Getting 495 non-empty blocks out of 930 blocks
17/02/02 00:26:05 INFO storage.ShuffleBlockFetcherIterator: Started 6 remote fetches in 2 ms
17/02/02 00:26:05 INFO python.PythonRunner: Times: total = 702, boot = -25, init = 26, finish = 701
17/02/02 00:26:05 INFO python.PythonRunner: Times: total = 28, boot = -38, init = 39, finish = 27
17/02/02 00:26:05 INFO executor.Executor: Finished task 173.0 in stage 346.0 (TID 60692). 3348 bytes result sent to driver
17/02/02 00:26:05 INFO executor.CoarseGrainedExecutorBackend: Got assigned task 60726
17/02/02 00:26:05 INFO executor.Executor: Running task 212.0 in stage 346.0 (TID 60726)
17/02/02 00:26:05 INFO storage.ShuffleBlockFetcherIterator: Getting 495 non-empty blocks out of 930 blocks
17/02/02 00:26:05 INFO storage.ShuffleBlockFetcherIterator: Started 6 remote fetches in 2 ms
17/02/02 00:26:05 INFO python.PythonRunner: Times: total = 682, boot = -103, init = 103, finish = 682
17/02/02 00:26:05 INFO python.PythonRunner: Times: total = 55, boot = -85, init = 86, finish = 54
17/02/02 00:26:05 INFO executor.Executor: Finished task 187.0 in stage 346.0 (TID 60701). 3348 bytes result sent to driver
17/02/02 00:26:05 INFO executor.CoarseGrainedExecutorBackend: Got assigned task 60728
17/02/02 00:26:05 INFO executor.Executor: Running task 214.0 in stage 346.0 (TID 60728)
17/02/02 00:26:05 INFO storage.ShuffleBlockFetcherIterator: Getting 495 non-empty blocks out of 930 blocks
17/02/02 00:26:05 INFO storage.ShuffleBlockFetcherIterator: Started 6 remote fetches in 2 ms
17/02/02 00:26:05 INFO python.PythonRunner: Times: total = 835, boot = -102, init = 103, finish = 834
17/02/02 00:26:05 INFO python.PythonRunner: Times: total = 745, boot = -139, init = 147, finish = 737
17/02/02 00:26:05 INFO python.PythonRunner: Times: total = 177, boot = -67, init = 68, finish = 176
17/02/02 00:26:05 INFO executor.Executor: Finished task 186.0 in stage 346.0 (TID 60700). 3348 bytes result sent to driver
17/02/02 00:26:05 INFO python.PythonRunner: Times: total = 25, boot = -98, init = 100, finish = 23
17/02/02 00:26:05 INFO executor.CoarseGrainedExecutorBackend: Got assigned task 60730
17/02/02 00:26:05 INFO executor.Executor: Running task 216.0 in stage 346.0 (TID 60730)
17/02/02 00:26:05 INFO storage.ShuffleBlockFetcherIterator: Getting 495 non-empty blocks out of 930 blocks
17/02/02 00:26:05 INFO storage.ShuffleBlockFetcherIterator: Started 5 remote fetches in 1 ms
17/02/02 00:26:05 INFO executor.Executor: Finished task 190.0 in stage 346.0 (TID 60704). 3348 bytes result sent to driver
17/02/02 00:26:05 INFO executor.CoarseGrainedExecutorBackend: Got assigned task 60731
17/02/02 00:26:05 INFO executor.Executor: Running task 217.0 in stage 346.0 (TID 60731)
17/02/02 00:26:05 INFO storage.ShuffleBlockFetcherIterator: Getting 495 non-empty blocks out of 930 blocks
17/02/02 00:26:05 INFO storage.ShuffleBlockFetcherIterator: Started 6 remote fetches in 2 ms
17/02/02 00:26:05 INFO python.PythonRunner: Times: total = 931, boot = -89, init = 90, finish = 930
17/02/02 00:26:05 INFO python.PythonRunner: Times: total = 73, boot = -7, init = 8, finish = 72
17/02/02 00:26:05 INFO executor.Executor: Finished task 185.0 in stage 346.0 (TID 60699). 3348 bytes result sent to driver
17/02/02 00:26:05 INFO executor.CoarseGrainedExecutorBackend: Got assigned task 60732
17/02/02 00:26:05 INFO executor.Executor: Running task 218.0 in stage 346.0 (TID 60732)
17/02/02 00:26:05 INFO storage.ShuffleBlockFetcherIterator: Getting 495 non-empty blocks out of 930 blocks
17/02/02 00:26:05 INFO storage.ShuffleBlockFetcherIterator: Started 6 remote fetches in 1 ms
17/02/02 00:26:05 INFO python.PythonRunner: Times: total = 389, boot = -76, init = 77, finish = 388
17/02/02 00:26:05 INFO python.PythonRunner: Times: total = 28, boot = -51, init = 53, finish = 26
17/02/02 00:26:05 INFO python.PythonRunner: Times: total = 140, boot = -23, init = 24, finish = 139
