17/02/01 23:47:14 INFO storage.ShuffleBlockFetcherIterator: Started 4 remote fetches in 0 ms
17/02/01 23:47:14 INFO executor.Executor: Finished task 18.0 in stage 270.0 (TID 48837). 1562 bytes result sent to driver
17/02/01 23:47:14 INFO executor.CoarseGrainedExecutorBackend: Got assigned task 48854
17/02/01 23:47:14 INFO executor.Executor: Running task 31.0 in stage 270.0 (TID 48854)
17/02/01 23:47:14 INFO storage.ShuffleBlockFetcherIterator: Getting 120 non-empty blocks out of 120 blocks
17/02/01 23:47:14 INFO storage.ShuffleBlockFetcherIterator: Started 6 remote fetches in 0 ms
17/02/01 23:47:15 INFO executor.Executor: Finished task 16.0 in stage 270.0 (TID 48835). 1562 bytes result sent to driver
17/02/01 23:47:15 INFO executor.CoarseGrainedExecutorBackend: Got assigned task 48855
17/02/01 23:47:15 INFO executor.Executor: Running task 32.0 in stage 270.0 (TID 48855)
17/02/01 23:47:15 INFO storage.ShuffleBlockFetcherIterator: Getting 120 non-empty blocks out of 120 blocks
17/02/01 23:47:15 INFO storage.ShuffleBlockFetcherIterator: Started 4 remote fetches in 0 ms
17/02/01 23:47:15 INFO python.PythonRunner: Times: total = 1106, boot = -1192, init = 1195, finish = 1103
17/02/01 23:47:15 INFO python.PythonRunner: Times: total = 1034, boot = -547, init = 549, finish = 1032
17/02/01 23:47:15 INFO python.PythonRunner: Times: total = 1226, boot = -1316, init = 1320, finish = 1222
17/02/01 23:47:15 INFO executor.Executor: Finished task 27.0 in stage 270.0 (TID 48851). 1562 bytes result sent to driver
17/02/01 23:47:15 INFO executor.CoarseGrainedExecutorBackend: Got assigned task 48856
17/02/01 23:47:15 INFO executor.Executor: Running task 33.0 in stage 270.0 (TID 48856)
17/02/01 23:47:15 INFO storage.ShuffleBlockFetcherIterator: Getting 120 non-empty blocks out of 120 blocks
17/02/01 23:47:15 INFO storage.ShuffleBlockFetcherIterator: Started 6 remote fetches in 1 ms
17/02/01 23:47:15 INFO python.PythonRunner: Times: total = 1011, boot = -926, init = 928, finish = 1009
17/02/01 23:47:16 INFO executor.Executor: Finished task 29.0 in stage 270.0 (TID 48852). 1562 bytes result sent to driver
17/02/01 23:47:16 INFO executor.CoarseGrainedExecutorBackend: Got assigned task 48858
17/02/01 23:47:16 INFO executor.Executor: Running task 35.0 in stage 270.0 (TID 48858)
17/02/01 23:47:16 INFO storage.ShuffleBlockFetcherIterator: Getting 120 non-empty blocks out of 120 blocks
17/02/01 23:47:16 INFO storage.ShuffleBlockFetcherIterator: Started 5 remote fetches in 1 ms
17/02/01 23:47:16 INFO executor.Executor: Finished task 26.0 in stage 270.0 (TID 48850). 1562 bytes result sent to driver
17/02/01 23:47:16 INFO executor.CoarseGrainedExecutorBackend: Got assigned task 48859
17/02/01 23:47:16 INFO executor.Executor: Running task 36.0 in stage 270.0 (TID 48859)
17/02/01 23:47:16 INFO storage.ShuffleBlockFetcherIterator: Getting 120 non-empty blocks out of 120 blocks
17/02/01 23:47:16 INFO storage.ShuffleBlockFetcherIterator: Started 5 remote fetches in 1 ms
17/02/01 23:47:16 INFO python.PythonRunner: Times: total = 1349, boot = -883, init = 885, finish = 1347
17/02/01 23:47:16 INFO executor.Executor: Finished task 30.0 in stage 270.0 (TID 48853). 1562 bytes result sent to driver
17/02/01 23:47:16 INFO executor.CoarseGrainedExecutorBackend: Got assigned task 48862
17/02/01 23:47:16 INFO executor.Executor: Running task 39.0 in stage 270.0 (TID 48862)
17/02/01 23:47:16 INFO storage.ShuffleBlockFetcherIterator: Getting 120 non-empty blocks out of 120 blocks
17/02/01 23:47:16 INFO storage.ShuffleBlockFetcherIterator: Started 6 remote fetches in 1 ms
17/02/01 23:47:16 INFO executor.Executor: Finished task 31.0 in stage 270.0 (TID 48854). 1562 bytes result sent to driver
17/02/01 23:47:16 INFO executor.CoarseGrainedExecutorBackend: Got assigned task 48863
17/02/01 23:47:16 INFO executor.Executor: Running task 40.0 in stage 270.0 (TID 48863)
17/02/01 23:47:16 INFO storage.ShuffleBlockFetcherIterator: Getting 120 non-empty blocks out of 120 blocks
17/02/01 23:47:16 INFO storage.ShuffleBlockFetcherIterator: Started 4 remote fetches in 1 ms
17/02/01 23:47:16 INFO python.PythonRunner: Times: total = 1501, boot = -716, init = 721, finish = 1496
17/02/01 23:47:17 INFO executor.Executor: Finished task 32.0 in stage 270.0 (TID 48855). 1562 bytes result sent to driver
17/02/01 23:47:17 INFO executor.CoarseGrainedExecutorBackend: Got assigned task 48867
17/02/01 23:47:17 INFO executor.Executor: Running task 44.0 in stage 270.0 (TID 48867)
17/02/01 23:47:17 INFO storage.ShuffleBlockFetcherIterator: Getting 120 non-empty blocks out of 120 blocks
17/02/01 23:47:17 INFO storage.ShuffleBlockFetcherIterator: Started 4 remote fetches in 0 ms
17/02/01 23:47:17 INFO python.PythonRunner: Times: total = 1340, boot = -1266, init = 1269, finish = 1337
17/02/01 23:47:17 INFO python.PythonRunner: Times: total = 1037, boot = -764, init = 767, finish = 1034
17/02/01 23:47:17 INFO python.PythonRunner: Times: total = 1373, boot = -1307, init = 1310, finish = 1370
17/02/01 23:47:17 INFO executor.Executor: Finished task 33.0 in stage 270.0 (TID 48856). 1562 bytes result sent to driver
17/02/01 23:47:17 INFO executor.CoarseGrainedExecutorBackend: Got assigned task 48868
17/02/01 23:47:17 INFO executor.Executor: Running task 46.0 in stage 270.0 (TID 48868)
17/02/01 23:47:17 INFO storage.ShuffleBlockFetcherIterator: Getting 120 non-empty blocks out of 120 blocks
17/02/01 23:47:17 INFO storage.ShuffleBlockFetcherIterator: Started 5 remote fetches in 1 ms
17/02/01 23:47:17 INFO executor.Executor: Finished task 36.0 in stage 270.0 (TID 48859). 1562 bytes result sent to driver
17/02/01 23:47:17 INFO executor.CoarseGrainedExecutorBackend: Got assigned task 48869
17/02/01 23:47:17 INFO executor.Executor: Running task 47.0 in stage 270.0 (TID 48869)
17/02/01 23:47:17 INFO storage.ShuffleBlockFetcherIterator: Getting 120 non-empty blocks out of 120 blocks
17/02/01 23:47:17 INFO storage.ShuffleBlockFetcherIterator: Started 5 remote fetches in 1 ms
17/02/01 23:47:17 INFO python.PythonRunner: Times: total = 1114, boot = -1034, init = 1037, finish = 1111
17/02/01 23:47:17 INFO python.PythonRunner: Times: total = 1043, boot = -1137, init = 1141, finish = 1039
17/02/01 23:47:17 INFO executor.Executor: Finished task 35.0 in stage 270.0 (TID 48858). 1562 bytes result sent to driver
17/02/01 23:47:17 INFO executor.CoarseGrainedExecutorBackend: Got assigned task 48870
17/02/01 23:47:17 INFO executor.Executor: Running task 48.0 in stage 270.0 (TID 48870)
17/02/01 23:47:17 INFO storage.ShuffleBlockFetcherIterator: Getting 120 non-empty blocks out of 120 blocks
17/02/01 23:47:17 INFO storage.ShuffleBlockFetcherIterator: Started 6 remote fetches in 0 ms
17/02/01 23:47:18 INFO executor.Executor: Finished task 39.0 in stage 270.0 (TID 48862). 1562 bytes result sent to driver
17/02/01 23:47:18 INFO executor.CoarseGrainedExecutorBackend: Got assigned task 48871
17/02/01 23:47:18 INFO executor.Executor: Running task 49.0 in stage 270.0 (TID 48871)
17/02/01 23:47:18 INFO storage.ShuffleBlockFetcherIterator: Getting 120 non-empty blocks out of 120 blocks
17/02/01 23:47:18 INFO storage.ShuffleBlockFetcherIterator: Started 5 remote fetches in 0 ms
17/02/01 23:47:18 INFO executor.Executor: Finished task 40.0 in stage 270.0 (TID 48863). 1562 bytes result sent to driver
17/02/01 23:47:18 INFO executor.CoarseGrainedExecutorBackend: Got assigned task 48872
17/02/01 23:47:18 INFO executor.Executor: Running task 50.0 in stage 270.0 (TID 48872)
17/02/01 23:47:18 INFO storage.ShuffleBlockFetcherIterator: Getting 120 non-empty blocks out of 120 blocks
17/02/01 23:47:18 INFO storage.ShuffleBlockFetcherIterator: Started 5 remote fetches in 1 ms
17/02/01 23:47:18 INFO python.PythonRunner: Times: total = 1082, boot = -1280, init = 1282, finish = 1080
17/02/01 23:47:18 INFO executor.Executor: Finished task 44.0 in stage 270.0 (TID 48867). 1562 bytes result sent to driver
17/02/01 23:47:18 INFO executor.CoarseGrainedExecutorBackend: Got assigned task 48875
17/02/01 23:47:18 INFO executor.Executor: Running task 54.0 in stage 270.0 (TID 48875)
17/02/01 23:47:18 INFO storage.ShuffleBlockFetcherIterator: Getting 120 non-empty blocks out of 120 blocks
17/02/01 23:47:18 INFO storage.ShuffleBlockFetcherIterator: Started 5 remote fetches in 1 ms
17/02/01 23:47:18 INFO python.PythonRunner: Times: total = 1069, boot = -1252, init = 1256, finish = 1065
17/02/01 23:47:18 INFO python.PythonRunner: Times: total = 1071, boot = -916, init = 922, finish = 1065
17/02/01 23:47:19 INFO executor.Executor: Finished task 46.0 in stage 270.0 (TID 48868). 1562 bytes result sent to driver
17/02/01 23:47:19 INFO executor.CoarseGrainedExecutorBackend: Got assigned task 48878
17/02/01 23:47:19 INFO executor.Executor: Running task 56.0 in stage 270.0 (TID 48878)
17/02/01 23:47:19 INFO storage.ShuffleBlockFetcherIterator: Getting 120 non-empty blocks out of 120 blocks
17/02/01 23:47:19 INFO storage.ShuffleBlockFetcherIterator: Started 4 remote fetches in 1 ms
17/02/01 23:47:19 INFO python.PythonRunner: Times: total = 1068, boot = -783, init = 788, finish = 1063
17/02/01 23:47:19 INFO executor.Executor: Finished task 47.0 in stage 270.0 (TID 48869). 1562 bytes result sent to driver
17/02/01 23:47:19 INFO executor.CoarseGrainedExecutorBackend: Got assigned task 48879
17/02/01 23:47:19 INFO executor.Executor: Running task 59.0 in stage 270.0 (TID 48879)
17/02/01 23:47:19 INFO storage.ShuffleBlockFetcherIterator: Getting 120 non-empty blocks out of 120 blocks
17/02/01 23:47:19 INFO storage.ShuffleBlockFetcherIterator: Started 4 remote fetches in 1 ms
17/02/01 23:47:19 INFO python.PythonRunner: Times: total = 1234, boot = -811, init = 815, finish = 1230
17/02/01 23:47:19 INFO executor.Executor: Finished task 48.0 in stage 270.0 (TID 48870). 1562 bytes result sent to driver
17/02/01 23:47:19 INFO executor.CoarseGrainedExecutorBackend: Got assigned task 48882
17/02/01 23:47:19 INFO executor.Executor: Running task 60.0 in stage 270.0 (TID 48882)
