17/02/02 00:27:44 INFO python.PythonRunner: Times: total = 45, boot = -5, init = 7, finish = 43
17/02/02 00:27:44 INFO executor.Executor: Finished task 265.0 in stage 365.0 (TID 68399). 1344 bytes result sent to driver
17/02/02 00:27:44 INFO storage.ShuffleBlockFetcherIterator: Getting 113 non-empty blocks out of 1920 blocks
17/02/02 00:27:44 INFO storage.ShuffleBlockFetcherIterator: Started 4 remote fetches in 2 ms
17/02/02 00:27:44 INFO executor.CoarseGrainedExecutorBackend: Got assigned task 68433
17/02/02 00:27:44 INFO executor.Executor: Running task 299.0 in stage 365.0 (TID 68433)
17/02/02 00:27:44 INFO storage.ShuffleBlockFetcherIterator: Getting 113 non-empty blocks out of 1920 blocks
17/02/02 00:27:44 INFO storage.ShuffleBlockFetcherIterator: Started 4 remote fetches in 1 ms
17/02/02 00:27:44 INFO python.PythonRunner: Times: total = 44, boot = -5, init = 7, finish = 42
17/02/02 00:27:44 INFO executor.Executor: Finished task 270.0 in stage 365.0 (TID 68404). 1344 bytes result sent to driver
17/02/02 00:27:44 INFO executor.CoarseGrainedExecutorBackend: Got assigned task 68437
17/02/02 00:27:44 INFO executor.Executor: Running task 303.0 in stage 365.0 (TID 68437)
17/02/02 00:27:44 INFO storage.ShuffleBlockFetcherIterator: Getting 115 non-empty blocks out of 1920 blocks
17/02/02 00:27:44 INFO storage.ShuffleBlockFetcherIterator: Started 4 remote fetches in 1 ms
17/02/02 00:27:44 INFO python.PythonRunner: Times: total = 43, boot = -17, init = 18, finish = 42
17/02/02 00:27:44 INFO executor.Executor: Finished task 276.0 in stage 365.0 (TID 68410). 1344 bytes result sent to driver
17/02/02 00:27:44 INFO executor.CoarseGrainedExecutorBackend: Got assigned task 68442
17/02/02 00:27:44 INFO executor.Executor: Running task 308.0 in stage 365.0 (TID 68442)
17/02/02 00:27:44 INFO storage.ShuffleBlockFetcherIterator: Getting 112 non-empty blocks out of 1920 blocks
17/02/02 00:27:44 INFO storage.ShuffleBlockFetcherIterator: Started 4 remote fetches in 1 ms
17/02/02 00:27:44 INFO python.PythonRunner: Times: total = 44, boot = -30, init = 31, finish = 43
17/02/02 00:27:44 INFO executor.Executor: Finished task 293.0 in stage 365.0 (TID 68427). 1344 bytes result sent to driver
17/02/02 00:27:44 INFO python.PythonRunner: Times: total = 48, boot = -29, init = 31, finish = 46
17/02/02 00:27:44 INFO executor.Executor: Finished task 289.0 in stage 365.0 (TID 68423). 1344 bytes result sent to driver
17/02/02 00:27:44 INFO executor.CoarseGrainedExecutorBackend: Got assigned task 68459
17/02/02 00:27:44 INFO executor.Executor: Running task 325.0 in stage 365.0 (TID 68459)
17/02/02 00:27:44 INFO executor.CoarseGrainedExecutorBackend: Got assigned task 68460
17/02/02 00:27:44 INFO executor.Executor: Running task 326.0 in stage 365.0 (TID 68460)
17/02/02 00:27:45 INFO storage.ShuffleBlockFetcherIterator: Getting 115 non-empty blocks out of 1920 blocks
17/02/02 00:27:45 INFO storage.ShuffleBlockFetcherIterator: Started 4 remote fetches in 0 ms
17/02/02 00:27:45 INFO storage.ShuffleBlockFetcherIterator: Getting 110 non-empty blocks out of 1920 blocks
17/02/02 00:27:45 INFO python.PythonRunner: Times: total = 43, boot = -32, init = 34, finish = 41
17/02/02 00:27:45 INFO executor.Executor: Finished task 296.0 in stage 365.0 (TID 68430). 1344 bytes result sent to driver
17/02/02 00:27:45 INFO storage.ShuffleBlockFetcherIterator: Started 4 remote fetches in 1 ms
17/02/02 00:27:45 INFO executor.CoarseGrainedExecutorBackend: Got assigned task 68463
17/02/02 00:27:45 INFO executor.Executor: Running task 329.0 in stage 365.0 (TID 68463)
17/02/02 00:27:45 INFO storage.ShuffleBlockFetcherIterator: Getting 114 non-empty blocks out of 1920 blocks
17/02/02 00:27:45 INFO python.PythonRunner: Times: total = 44, boot = -31, init = 33, finish = 42
17/02/02 00:27:45 INFO storage.ShuffleBlockFetcherIterator: Started 4 remote fetches in 1 ms
17/02/02 00:27:45 INFO executor.Executor: Finished task 299.0 in stage 365.0 (TID 68433). 1344 bytes result sent to driver
17/02/02 00:27:45 INFO executor.CoarseGrainedExecutorBackend: Got assigned task 68464
17/02/02 00:27:45 INFO executor.Executor: Running task 330.0 in stage 365.0 (TID 68464)
17/02/02 00:27:45 INFO storage.ShuffleBlockFetcherIterator: Getting 115 non-empty blocks out of 1920 blocks
17/02/02 00:27:45 INFO storage.ShuffleBlockFetcherIterator: Started 4 remote fetches in 1 ms
17/02/02 00:27:45 INFO python.PythonRunner: Times: total = 44, boot = -33, init = 35, finish = 42
17/02/02 00:27:45 INFO executor.Executor: Finished task 303.0 in stage 365.0 (TID 68437). 1344 bytes result sent to driver
17/02/02 00:27:45 INFO executor.CoarseGrainedExecutorBackend: Got assigned task 68471
17/02/02 00:27:45 INFO executor.Executor: Running task 337.0 in stage 365.0 (TID 68471)
17/02/02 00:27:45 INFO python.PythonRunner: Times: total = 5, boot = -31, init = 32, finish = 4
17/02/02 00:27:45 INFO executor.Executor: Finished task 330.0 in stage 365.0 (TID 68464). 1344 bytes result sent to driver
17/02/02 00:27:45 INFO storage.ShuffleBlockFetcherIterator: Getting 115 non-empty blocks out of 1920 blocks
17/02/02 00:27:45 INFO storage.ShuffleBlockFetcherIterator: Started 4 remote fetches in 1 ms
17/02/02 00:27:45 INFO executor.CoarseGrainedExecutorBackend: Got assigned task 68473
17/02/02 00:27:45 INFO executor.Executor: Running task 339.0 in stage 365.0 (TID 68473)
17/02/02 00:27:45 INFO storage.ShuffleBlockFetcherIterator: Getting 114 non-empty blocks out of 1920 blocks
17/02/02 00:27:45 INFO storage.ShuffleBlockFetcherIterator: Started 4 remote fetches in 0 ms
17/02/02 00:27:45 INFO python.PythonRunner: Times: total = 45, boot = -34, init = 36, finish = 43
17/02/02 00:27:45 INFO executor.Executor: Finished task 308.0 in stage 365.0 (TID 68442). 1344 bytes result sent to driver
17/02/02 00:27:45 INFO executor.CoarseGrainedExecutorBackend: Got assigned task 68477
17/02/02 00:27:45 INFO executor.Executor: Running task 343.0 in stage 365.0 (TID 68477)
17/02/02 00:27:45 INFO storage.ShuffleBlockFetcherIterator: Getting 115 non-empty blocks out of 1920 blocks
17/02/02 00:27:45 INFO storage.ShuffleBlockFetcherIterator: Started 4 remote fetches in 0 ms
17/02/02 00:27:45 INFO python.PythonRunner: Times: total = 44, boot = -34, init = 36, finish = 42
17/02/02 00:27:45 INFO executor.Executor: Finished task 325.0 in stage 365.0 (TID 68459). 1344 bytes result sent to driver
17/02/02 00:27:45 INFO executor.CoarseGrainedExecutorBackend: Got assigned task 68488
17/02/02 00:27:45 INFO executor.Executor: Running task 354.0 in stage 365.0 (TID 68488)
17/02/02 00:27:45 INFO storage.ShuffleBlockFetcherIterator: Getting 111 non-empty blocks out of 1920 blocks
17/02/02 00:27:45 INFO storage.ShuffleBlockFetcherIterator: Started 4 remote fetches in 1 ms
17/02/02 00:27:45 INFO python.PythonRunner: Times: total = 47, boot = -25, init = 28, finish = 44
17/02/02 00:27:45 INFO python.PythonRunner: Times: total = 51, boot = -33, init = 34, finish = 50
17/02/02 00:27:45 INFO executor.Executor: Finished task 326.0 in stage 365.0 (TID 68460). 1344 bytes result sent to driver
17/02/02 00:27:45 INFO executor.Executor: Finished task 329.0 in stage 365.0 (TID 68463). 1344 bytes result sent to driver
17/02/02 00:27:45 INFO python.PythonRunner: Times: total = 5, boot = -29, init = 30, finish = 4
17/02/02 00:27:45 INFO executor.Executor: Finished task 354.0 in stage 365.0 (TID 68488). 1344 bytes result sent to driver
17/02/02 00:27:45 INFO executor.CoarseGrainedExecutorBackend: Got assigned task 68495
17/02/02 00:27:45 INFO executor.Executor: Running task 361.0 in stage 365.0 (TID 68495)
17/02/02 00:27:45 INFO executor.CoarseGrainedExecutorBackend: Got assigned task 68496
17/02/02 00:27:45 INFO executor.Executor: Running task 362.0 in stage 365.0 (TID 68496)
17/02/02 00:27:45 INFO executor.CoarseGrainedExecutorBackend: Got assigned task 68497
17/02/02 00:27:45 INFO executor.Executor: Running task 363.0 in stage 365.0 (TID 68497)
17/02/02 00:27:45 INFO storage.ShuffleBlockFetcherIterator: Getting 115 non-empty blocks out of 1920 blocks
17/02/02 00:27:45 INFO storage.ShuffleBlockFetcherIterator: Getting 114 non-empty blocks out of 1920 blocks
17/02/02 00:27:45 INFO storage.ShuffleBlockFetcherIterator: Started 4 remote fetches in 1 ms
17/02/02 00:27:45 INFO storage.ShuffleBlockFetcherIterator: Started 4 remote fetches in 1 ms
17/02/02 00:27:45 INFO storage.ShuffleBlockFetcherIterator: Getting 113 non-empty blocks out of 1920 blocks
17/02/02 00:27:45 INFO storage.ShuffleBlockFetcherIterator: Started 4 remote fetches in 0 ms
17/02/02 00:27:45 INFO python.PythonRunner: Times: total = 44, boot = -34, init = 35, finish = 43
17/02/02 00:27:45 INFO executor.Executor: Finished task 337.0 in stage 365.0 (TID 68471). 1344 bytes result sent to driver
17/02/02 00:27:45 INFO executor.CoarseGrainedExecutorBackend: Got assigned task 68503
17/02/02 00:27:45 INFO executor.Executor: Running task 369.0 in stage 365.0 (TID 68503)
17/02/02 00:27:45 INFO python.PythonRunner: Times: total = 45, boot = -31, init = 33, finish = 43
17/02/02 00:27:45 INFO executor.Executor: Finished task 339.0 in stage 365.0 (TID 68473). 1344 bytes result sent to driver
17/02/02 00:27:45 INFO storage.ShuffleBlockFetcherIterator: Getting 112 non-empty blocks out of 1920 blocks
17/02/02 00:27:45 INFO executor.CoarseGrainedExecutorBackend: Got assigned task 68504
17/02/02 00:27:45 INFO executor.Executor: Running task 370.0 in stage 365.0 (TID 68504)
17/02/02 00:27:45 INFO storage.ShuffleBlockFetcherIterator: Started 4 remote fetches in 0 ms
17/02/02 00:27:45 INFO python.PythonRunner: Times: total = 44, boot = -8, init = 10, finish = 42
17/02/02 00:27:45 INFO executor.Executor: Finished task 343.0 in stage 365.0 (TID 68477). 1344 bytes result sent to driver
17/02/02 00:27:45 INFO storage.ShuffleBlockFetcherIterator: Getting 113 non-empty blocks out of 1920 blocks
17/02/02 00:27:45 INFO storage.ShuffleBlockFetcherIterator: Started 4 remote fetches in 1 ms
