17/02/02 00:25:57 INFO executor.Executor: Running task 738.0 in stage 345.0 (TID 60291)
17/02/02 00:25:57 INFO storage.ShuffleBlockFetcherIterator: Getting 61 non-empty blocks out of 960 blocks
17/02/02 00:25:57 INFO storage.ShuffleBlockFetcherIterator: Started 4 remote fetches in 1 ms
17/02/02 00:25:57 INFO executor.Executor: Finished task 715.0 in stage 345.0 (TID 60266). 2410 bytes result sent to driver
17/02/02 00:25:57 INFO executor.CoarseGrainedExecutorBackend: Got assigned task 60293
17/02/02 00:25:57 INFO executor.Executor: Running task 740.0 in stage 345.0 (TID 60293)
17/02/02 00:25:57 INFO storage.ShuffleBlockFetcherIterator: Getting 61 non-empty blocks out of 960 blocks
17/02/02 00:25:57 INFO storage.ShuffleBlockFetcherIterator: Started 4 remote fetches in 1 ms
17/02/02 00:25:57 INFO executor.Executor: Finished task 720.0 in stage 345.0 (TID 60275). 2410 bytes result sent to driver
17/02/02 00:25:57 INFO executor.CoarseGrainedExecutorBackend: Got assigned task 60295
17/02/02 00:25:57 INFO executor.Executor: Running task 743.0 in stage 345.0 (TID 60295)
17/02/02 00:25:57 INFO storage.ShuffleBlockFetcherIterator: Getting 61 non-empty blocks out of 960 blocks
17/02/02 00:25:57 INFO storage.ShuffleBlockFetcherIterator: Started 4 remote fetches in 1 ms
17/02/02 00:25:57 INFO executor.Executor: Finished task 728.0 in stage 345.0 (TID 60282). 2410 bytes result sent to driver
17/02/02 00:25:57 INFO executor.CoarseGrainedExecutorBackend: Got assigned task 60299
17/02/02 00:25:57 INFO executor.Executor: Running task 745.0 in stage 345.0 (TID 60299)
17/02/02 00:25:57 INFO storage.ShuffleBlockFetcherIterator: Getting 61 non-empty blocks out of 960 blocks
17/02/02 00:25:57 INFO storage.ShuffleBlockFetcherIterator: Started 4 remote fetches in 0 ms
17/02/02 00:25:57 INFO python.PythonRunner: Times: total = 259, boot = -332, init = 334, finish = 257
17/02/02 00:25:57 INFO python.PythonRunner: Times: total = 269, boot = -310, init = 311, finish = 268
17/02/02 00:25:57 INFO python.PythonRunner: Times: total = 204, boot = -249, init = 250, finish = 203
17/02/02 00:25:57 INFO python.PythonRunner: Times: total = 245, boot = -191, init = 192, finish = 244
17/02/02 00:25:57 INFO python.PythonRunner: Times: total = 243, boot = -195, init = 197, finish = 241
17/02/02 00:25:57 INFO executor.Executor: Finished task 730.0 in stage 345.0 (TID 60287). 2410 bytes result sent to driver
17/02/02 00:25:57 INFO executor.CoarseGrainedExecutorBackend: Got assigned task 60312
17/02/02 00:25:57 INFO executor.Executor: Running task 758.0 in stage 345.0 (TID 60312)
17/02/02 00:25:57 INFO storage.ShuffleBlockFetcherIterator: Getting 61 non-empty blocks out of 960 blocks
17/02/02 00:25:57 INFO storage.ShuffleBlockFetcherIterator: Started 4 remote fetches in 1 ms
17/02/02 00:25:57 INFO executor.Executor: Finished task 738.0 in stage 345.0 (TID 60291). 2410 bytes result sent to driver
17/02/02 00:25:57 INFO executor.CoarseGrainedExecutorBackend: Got assigned task 60313
17/02/02 00:25:57 INFO executor.Executor: Running task 760.0 in stage 345.0 (TID 60313)
17/02/02 00:25:57 INFO storage.ShuffleBlockFetcherIterator: Getting 61 non-empty blocks out of 960 blocks
17/02/02 00:25:57 INFO storage.ShuffleBlockFetcherIterator: Started 4 remote fetches in 1 ms
17/02/02 00:25:57 INFO executor.Executor: Finished task 736.0 in stage 345.0 (TID 60289). 2410 bytes result sent to driver
17/02/02 00:25:57 INFO executor.CoarseGrainedExecutorBackend: Got assigned task 60314
17/02/02 00:25:57 INFO executor.Executor: Running task 761.0 in stage 345.0 (TID 60314)
17/02/02 00:25:57 INFO storage.ShuffleBlockFetcherIterator: Getting 61 non-empty blocks out of 960 blocks
17/02/02 00:25:57 INFO storage.ShuffleBlockFetcherIterator: Started 4 remote fetches in 0 ms
17/02/02 00:25:57 INFO python.PythonRunner: Times: total = 242, boot = -205, init = 206, finish = 241
17/02/02 00:25:57 INFO executor.Executor: Finished task 740.0 in stage 345.0 (TID 60293). 2410 bytes result sent to driver
17/02/02 00:25:57 INFO executor.CoarseGrainedExecutorBackend: Got assigned task 60317
17/02/02 00:25:57 INFO executor.Executor: Running task 765.0 in stage 345.0 (TID 60317)
17/02/02 00:25:57 INFO storage.ShuffleBlockFetcherIterator: Getting 61 non-empty blocks out of 960 blocks
17/02/02 00:25:57 INFO storage.ShuffleBlockFetcherIterator: Started 4 remote fetches in 0 ms
17/02/02 00:25:57 INFO executor.Executor: Finished task 743.0 in stage 345.0 (TID 60295). 2410 bytes result sent to driver
17/02/02 00:25:57 INFO executor.CoarseGrainedExecutorBackend: Got assigned task 60320
17/02/02 00:25:57 INFO executor.Executor: Running task 766.0 in stage 345.0 (TID 60320)
17/02/02 00:25:57 INFO storage.ShuffleBlockFetcherIterator: Getting 61 non-empty blocks out of 960 blocks
17/02/02 00:25:57 INFO storage.ShuffleBlockFetcherIterator: Started 4 remote fetches in 0 ms
17/02/02 00:25:57 INFO executor.Executor: Finished task 745.0 in stage 345.0 (TID 60299). 2410 bytes result sent to driver
17/02/02 00:25:57 INFO executor.CoarseGrainedExecutorBackend: Got assigned task 60321
17/02/02 00:25:57 INFO executor.Executor: Running task 768.0 in stage 345.0 (TID 60321)
17/02/02 00:25:57 INFO storage.ShuffleBlockFetcherIterator: Getting 61 non-empty blocks out of 960 blocks
17/02/02 00:25:57 INFO storage.ShuffleBlockFetcherIterator: Started 4 remote fetches in 0 ms
17/02/02 00:25:57 INFO python.PythonRunner: Times: total = 208, boot = -330, init = 331, finish = 207
17/02/02 00:25:57 INFO python.PythonRunner: Times: total = 207, boot = -159, init = 159, finish = 207
17/02/02 00:25:57 INFO python.PythonRunner: Times: total = 271, boot = -391, init = 392, finish = 270
17/02/02 00:25:57 INFO python.PythonRunner: Times: total = 183, boot = -234, init = 236, finish = 181
17/02/02 00:25:57 INFO executor.Executor: Finished task 760.0 in stage 345.0 (TID 60313). 2410 bytes result sent to driver
17/02/02 00:25:57 INFO executor.CoarseGrainedExecutorBackend: Got assigned task 60333
17/02/02 00:25:57 INFO executor.Executor: Running task 771.0 in stage 345.0 (TID 60333)
17/02/02 00:25:57 INFO storage.ShuffleBlockFetcherIterator: Getting 61 non-empty blocks out of 960 blocks
17/02/02 00:25:57 INFO storage.ShuffleBlockFetcherIterator: Started 4 remote fetches in 0 ms
17/02/02 00:25:57 INFO python.PythonRunner: Times: total = 323, boot = -157, init = 158, finish = 322
17/02/02 00:25:57 INFO executor.Executor: Finished task 761.0 in stage 345.0 (TID 60314). 2410 bytes result sent to driver
17/02/02 00:25:57 INFO executor.CoarseGrainedExecutorBackend: Got assigned task 60336
17/02/02 00:25:57 INFO executor.Executor: Running task 773.0 in stage 345.0 (TID 60336)
17/02/02 00:25:57 INFO storage.ShuffleBlockFetcherIterator: Getting 61 non-empty blocks out of 960 blocks
17/02/02 00:25:57 INFO storage.ShuffleBlockFetcherIterator: Started 4 remote fetches in 1 ms
17/02/02 00:25:57 INFO executor.Executor: Finished task 758.0 in stage 345.0 (TID 60312). 2410 bytes result sent to driver
17/02/02 00:25:57 INFO executor.CoarseGrainedExecutorBackend: Got assigned task 60337
17/02/02 00:25:57 INFO executor.Executor: Running task 777.0 in stage 345.0 (TID 60337)
17/02/02 00:25:57 INFO storage.ShuffleBlockFetcherIterator: Getting 61 non-empty blocks out of 960 blocks
17/02/02 00:25:57 INFO storage.ShuffleBlockFetcherIterator: Started 4 remote fetches in 0 ms
17/02/02 00:25:57 INFO python.PythonRunner: Times: total = 258, boot = -227, init = 228, finish = 257
17/02/02 00:25:58 INFO executor.Executor: Finished task 766.0 in stage 345.0 (TID 60320). 2410 bytes result sent to driver
17/02/02 00:25:58 INFO executor.CoarseGrainedExecutorBackend: Got assigned task 60341
17/02/02 00:25:58 INFO executor.Executor: Running task 787.0 in stage 345.0 (TID 60341)
17/02/02 00:25:58 INFO storage.ShuffleBlockFetcherIterator: Getting 61 non-empty blocks out of 960 blocks
17/02/02 00:25:58 INFO storage.ShuffleBlockFetcherIterator: Started 4 remote fetches in 0 ms
17/02/02 00:25:58 INFO executor.Executor: Finished task 765.0 in stage 345.0 (TID 60317). 2410 bytes result sent to driver
17/02/02 00:25:58 INFO executor.CoarseGrainedExecutorBackend: Got assigned task 60342
17/02/02 00:25:58 INFO executor.Executor: Running task 788.0 in stage 345.0 (TID 60342)
17/02/02 00:25:58 INFO storage.ShuffleBlockFetcherIterator: Getting 61 non-empty blocks out of 960 blocks
17/02/02 00:25:58 INFO storage.ShuffleBlockFetcherIterator: Started 4 remote fetches in 1 ms
17/02/02 00:25:58 INFO executor.Executor: Finished task 768.0 in stage 345.0 (TID 60321). 2410 bytes result sent to driver
17/02/02 00:25:58 INFO executor.CoarseGrainedExecutorBackend: Got assigned task 60344
17/02/02 00:25:58 INFO executor.Executor: Running task 790.0 in stage 345.0 (TID 60344)
17/02/02 00:25:58 INFO storage.ShuffleBlockFetcherIterator: Getting 61 non-empty blocks out of 960 blocks
17/02/02 00:25:58 INFO storage.ShuffleBlockFetcherIterator: Started 4 remote fetches in 1 ms
17/02/02 00:25:58 INFO python.PythonRunner: Times: total = 188, boot = -188, init = 190, finish = 186
17/02/02 00:25:58 INFO python.PythonRunner: Times: total = 267, boot = -345, init = 347, finish = 265
17/02/02 00:25:58 INFO python.PythonRunner: Times: total = 241, boot = -349, init = 350, finish = 240
17/02/02 00:25:58 INFO python.PythonRunner: Times: total = 237, boot = -259, init = 261, finish = 235
17/02/02 00:25:58 INFO executor.Executor: Finished task 777.0 in stage 345.0 (TID 60337). 2410 bytes result sent to driver
17/02/02 00:25:58 INFO executor.CoarseGrainedExecutorBackend: Got assigned task 60352
17/02/02 00:25:58 INFO executor.Executor: Running task 796.0 in stage 345.0 (TID 60352)
17/02/02 00:25:58 INFO storage.ShuffleBlockFetcherIterator: Getting 61 non-empty blocks out of 960 blocks
17/02/02 00:25:58 INFO storage.ShuffleBlockFetcherIterator: Started 4 remote fetches in 0 ms
17/02/02 00:25:58 INFO python.PythonRunner: Times: total = 244, boot = -216, init = 217, finish = 243
