17/02/02 00:14:42 INFO executor.CoarseGrainedExecutorBackend: Got assigned task 57463
17/02/02 00:14:42 INFO executor.Executor: Running task 788.0 in stage 330.0 (TID 57463)
17/02/02 00:14:42 INFO storage.ShuffleBlockFetcherIterator: Getting 61 non-empty blocks out of 960 blocks
17/02/02 00:14:42 INFO storage.ShuffleBlockFetcherIterator: Started 4 remote fetches in 1 ms
17/02/02 00:14:42 INFO python.PythonRunner: Times: total = 60, boot = -79, init = 81, finish = 58
17/02/02 00:14:42 INFO python.PythonRunner: Times: total = 65, boot = -73, init = 74, finish = 64
17/02/02 00:14:42 INFO executor.Executor: Finished task 766.0 in stage 330.0 (TID 57440). 2410 bytes result sent to driver
17/02/02 00:14:42 INFO executor.CoarseGrainedExecutorBackend: Got assigned task 57468
17/02/02 00:14:42 INFO executor.Executor: Running task 795.0 in stage 330.0 (TID 57468)
17/02/02 00:14:42 INFO python.PythonRunner: Times: total = 64, boot = -80, init = 81, finish = 63
17/02/02 00:14:42 INFO storage.ShuffleBlockFetcherIterator: Getting 61 non-empty blocks out of 960 blocks
17/02/02 00:14:42 INFO storage.ShuffleBlockFetcherIterator: Started 4 remote fetches in 0 ms
17/02/02 00:14:42 INFO python.PythonRunner: Times: total = 62, boot = -55, init = 57, finish = 60
17/02/02 00:14:42 INFO executor.Executor: Finished task 767.0 in stage 330.0 (TID 57441). 2410 bytes result sent to driver
17/02/02 00:14:42 INFO executor.CoarseGrainedExecutorBackend: Got assigned task 57473
17/02/02 00:14:42 INFO executor.Executor: Running task 798.0 in stage 330.0 (TID 57473)
17/02/02 00:14:42 INFO storage.ShuffleBlockFetcherIterator: Getting 61 non-empty blocks out of 960 blocks
17/02/02 00:14:42 INFO storage.ShuffleBlockFetcherIterator: Started 4 remote fetches in 1 ms
17/02/02 00:14:42 INFO python.PythonRunner: Times: total = 81, boot = -73, init = 75, finish = 79
17/02/02 00:14:42 INFO executor.Executor: Finished task 772.0 in stage 330.0 (TID 57446). 2410 bytes result sent to driver
17/02/02 00:14:42 INFO executor.CoarseGrainedExecutorBackend: Got assigned task 57476
17/02/02 00:14:42 INFO executor.Executor: Running task 802.0 in stage 330.0 (TID 57476)
17/02/02 00:14:42 INFO storage.ShuffleBlockFetcherIterator: Getting 61 non-empty blocks out of 960 blocks
17/02/02 00:14:42 INFO storage.ShuffleBlockFetcherIterator: Started 4 remote fetches in 0 ms
17/02/02 00:14:42 INFO python.PythonRunner: Times: total = 26, boot = -72, init = 73, finish = 25
17/02/02 00:14:42 INFO python.PythonRunner: Times: total = 67, boot = -63, init = 64, finish = 66
17/02/02 00:14:42 INFO python.PythonRunner: Times: total = 61, boot = -65, init = 66, finish = 60
17/02/02 00:14:42 INFO python.PythonRunner: Times: total = 60, boot = -83, init = 84, finish = 59
17/02/02 00:14:42 INFO executor.Executor: Finished task 776.0 in stage 330.0 (TID 57449). 2410 bytes result sent to driver
17/02/02 00:14:42 INFO executor.Executor: Finished task 788.0 in stage 330.0 (TID 57463). 2410 bytes result sent to driver
17/02/02 00:14:42 INFO executor.Executor: Finished task 795.0 in stage 330.0 (TID 57468). 2410 bytes result sent to driver
17/02/02 00:14:42 INFO executor.Executor: Finished task 768.0 in stage 330.0 (TID 57443). 2410 bytes result sent to driver
17/02/02 00:14:42 INFO executor.Executor: Finished task 802.0 in stage 330.0 (TID 57476). 2410 bytes result sent to driver
17/02/02 00:14:42 INFO executor.CoarseGrainedExecutorBackend: Got assigned task 57522
17/02/02 00:14:42 INFO executor.Executor: Running task 847.0 in stage 330.0 (TID 57522)
17/02/02 00:14:42 INFO executor.CoarseGrainedExecutorBackend: Got assigned task 57523
17/02/02 00:14:42 INFO executor.Executor: Running task 848.0 in stage 330.0 (TID 57523)
17/02/02 00:14:42 INFO executor.CoarseGrainedExecutorBackend: Got assigned task 57524
17/02/02 00:14:42 INFO executor.Executor: Running task 850.0 in stage 330.0 (TID 57524)
17/02/02 00:14:42 INFO executor.CoarseGrainedExecutorBackend: Got assigned task 57525
17/02/02 00:14:42 INFO executor.CoarseGrainedExecutorBackend: Got assigned task 57526
17/02/02 00:14:42 INFO executor.Executor: Running task 851.0 in stage 330.0 (TID 57525)
17/02/02 00:14:42 INFO executor.Executor: Running task 852.0 in stage 330.0 (TID 57526)
17/02/02 00:14:42 INFO storage.ShuffleBlockFetcherIterator: Getting 61 non-empty blocks out of 960 blocks
17/02/02 00:14:42 INFO storage.ShuffleBlockFetcherIterator: Getting 61 non-empty blocks out of 960 blocks
17/02/02 00:14:42 INFO storage.ShuffleBlockFetcherIterator: Started 4 remote fetches in 1 ms
17/02/02 00:14:42 INFO storage.ShuffleBlockFetcherIterator: Getting 61 non-empty blocks out of 960 blocks
17/02/02 00:14:42 INFO storage.ShuffleBlockFetcherIterator: Started 4 remote fetches in 0 ms
17/02/02 00:14:42 INFO storage.ShuffleBlockFetcherIterator: Started 4 remote fetches in 0 ms
17/02/02 00:14:42 INFO storage.ShuffleBlockFetcherIterator: Getting 61 non-empty blocks out of 960 blocks
17/02/02 00:14:42 INFO storage.ShuffleBlockFetcherIterator: Getting 61 non-empty blocks out of 960 blocks
17/02/02 00:14:42 INFO storage.ShuffleBlockFetcherIterator: Started 4 remote fetches in 1 ms
17/02/02 00:14:42 INFO storage.ShuffleBlockFetcherIterator: Started 4 remote fetches in 0 ms
17/02/02 00:14:42 INFO executor.Executor: Finished task 798.0 in stage 330.0 (TID 57473). 2410 bytes result sent to driver
17/02/02 00:14:42 INFO executor.CoarseGrainedExecutorBackend: Got assigned task 57530
17/02/02 00:14:42 INFO executor.Executor: Running task 856.0 in stage 330.0 (TID 57530)
17/02/02 00:14:42 INFO storage.ShuffleBlockFetcherIterator: Getting 61 non-empty blocks out of 960 blocks
17/02/02 00:14:42 INFO storage.ShuffleBlockFetcherIterator: Started 4 remote fetches in 1 ms
17/02/02 00:14:42 INFO python.PythonRunner: Times: total = 59, boot = -199, init = 200, finish = 58
17/02/02 00:14:42 INFO python.PythonRunner: Times: total = 63, boot = -227, init = 228, finish = 62
17/02/02 00:14:42 INFO python.PythonRunner: Times: total = 65, boot = -167, init = 168, finish = 64
17/02/02 00:14:42 INFO python.PythonRunner: Times: total = 63, boot = -157, init = 158, finish = 62
17/02/02 00:14:42 INFO executor.Executor: Finished task 848.0 in stage 330.0 (TID 57523). 2410 bytes result sent to driver
17/02/02 00:14:42 INFO executor.Executor: Finished task 852.0 in stage 330.0 (TID 57526). 2410 bytes result sent to driver
17/02/02 00:14:42 INFO executor.Executor: Finished task 851.0 in stage 330.0 (TID 57525). 2410 bytes result sent to driver
17/02/02 00:14:42 INFO executor.CoarseGrainedExecutorBackend: Got assigned task 57551
17/02/02 00:14:42 INFO executor.Executor: Running task 877.0 in stage 330.0 (TID 57551)
17/02/02 00:14:42 INFO executor.CoarseGrainedExecutorBackend: Got assigned task 57552
17/02/02 00:14:42 INFO executor.Executor: Running task 878.0 in stage 330.0 (TID 57552)
17/02/02 00:14:42 INFO executor.CoarseGrainedExecutorBackend: Got assigned task 57553
17/02/02 00:14:42 INFO executor.Executor: Running task 880.0 in stage 330.0 (TID 57553)
17/02/02 00:14:42 INFO storage.ShuffleBlockFetcherIterator: Getting 61 non-empty blocks out of 960 blocks
17/02/02 00:14:42 INFO storage.ShuffleBlockFetcherIterator: Getting 61 non-empty blocks out of 960 blocks
17/02/02 00:14:42 INFO storage.ShuffleBlockFetcherIterator: Started 4 remote fetches in 0 ms
17/02/02 00:14:42 INFO storage.ShuffleBlockFetcherIterator: Started 4 remote fetches in 1 ms
17/02/02 00:14:42 INFO storage.ShuffleBlockFetcherIterator: Getting 61 non-empty blocks out of 960 blocks
17/02/02 00:14:42 INFO python.PythonRunner: Times: total = 87, boot = -154, init = 155, finish = 86
17/02/02 00:14:42 INFO python.PythonRunner: Times: total = 87, boot = -233, init = 235, finish = 85
17/02/02 00:14:42 INFO storage.ShuffleBlockFetcherIterator: Started 4 remote fetches in 1 ms
17/02/02 00:14:42 INFO executor.Executor: Finished task 856.0 in stage 330.0 (TID 57530). 2410 bytes result sent to driver
17/02/02 00:14:42 INFO executor.CoarseGrainedExecutorBackend: Got assigned task 57558
17/02/02 00:14:42 INFO executor.Executor: Running task 881.0 in stage 330.0 (TID 57558)
17/02/02 00:14:42 INFO executor.Executor: Finished task 850.0 in stage 330.0 (TID 57524). 2410 bytes result sent to driver
17/02/02 00:14:42 INFO executor.Executor: Finished task 847.0 in stage 330.0 (TID 57522). 2410 bytes result sent to driver
17/02/02 00:14:42 INFO storage.ShuffleBlockFetcherIterator: Getting 61 non-empty blocks out of 960 blocks
17/02/02 00:14:42 INFO storage.ShuffleBlockFetcherIterator: Started 4 remote fetches in 0 ms
17/02/02 00:14:42 INFO executor.CoarseGrainedExecutorBackend: Got assigned task 57561
17/02/02 00:14:42 INFO executor.Executor: Running task 886.0 in stage 330.0 (TID 57561)
17/02/02 00:14:42 INFO executor.CoarseGrainedExecutorBackend: Got assigned task 57562
17/02/02 00:14:42 INFO executor.Executor: Running task 888.0 in stage 330.0 (TID 57562)
17/02/02 00:14:42 INFO storage.ShuffleBlockFetcherIterator: Getting 61 non-empty blocks out of 960 blocks
17/02/02 00:14:42 INFO storage.ShuffleBlockFetcherIterator: Getting 61 non-empty blocks out of 960 blocks
17/02/02 00:14:42 INFO storage.ShuffleBlockFetcherIterator: Started 4 remote fetches in 1 ms
17/02/02 00:14:42 INFO storage.ShuffleBlockFetcherIterator: Started 4 remote fetches in 1 ms
17/02/02 00:14:42 INFO python.PythonRunner: Times: total = 25, boot = -221, init = 222, finish = 24
17/02/02 00:14:42 INFO python.PythonRunner: Times: total = 34, boot = -206, init = 208, finish = 32
17/02/02 00:14:42 INFO executor.Executor: Finished task 880.0 in stage 330.0 (TID 57553). 2410 bytes result sent to driver
17/02/02 00:14:42 INFO executor.CoarseGrainedExecutorBackend: Got assigned task 57572
17/02/02 00:14:42 INFO executor.Executor: Running task 896.0 in stage 330.0 (TID 57572)
17/02/02 00:14:42 INFO storage.ShuffleBlockFetcherIterator: Getting 61 non-empty blocks out of 960 blocks
