17/02/02 00:02:01 INFO executor.CoarseGrainedExecutorBackend: Got assigned task 51599
17/02/02 00:02:01 INFO executor.Executor: Running task 109.0 in stage 301.0 (TID 51599)
17/02/02 00:02:01 INFO storage.ShuffleBlockFetcherIterator: Getting 247 non-empty blocks out of 450 blocks
17/02/02 00:02:01 INFO storage.ShuffleBlockFetcherIterator: Started 5 remote fetches in 1 ms
17/02/02 00:02:01 INFO python.PythonRunner: Times: total = 93, boot = -411, init = 412, finish = 92
17/02/02 00:02:01 INFO python.PythonRunner: Times: total = 76, boot = -433, init = 434, finish = 75
17/02/02 00:02:01 INFO executor.Executor: Finished task 98.0 in stage 301.0 (TID 51582). 1928 bytes result sent to driver
17/02/02 00:02:01 INFO executor.CoarseGrainedExecutorBackend: Got assigned task 51601
17/02/02 00:02:01 INFO executor.Executor: Running task 111.0 in stage 301.0 (TID 51601)
17/02/02 00:02:01 INFO python.PythonRunner: Times: total = 83, boot = -432, init = 433, finish = 82
17/02/02 00:02:01 INFO storage.ShuffleBlockFetcherIterator: Getting 247 non-empty blocks out of 450 blocks
17/02/02 00:02:01 INFO storage.ShuffleBlockFetcherIterator: Started 6 remote fetches in 0 ms
17/02/02 00:02:01 INFO executor.Executor: Finished task 99.0 in stage 301.0 (TID 51583). 1928 bytes result sent to driver
17/02/02 00:02:01 INFO executor.Executor: Finished task 94.0 in stage 301.0 (TID 51578). 1928 bytes result sent to driver
17/02/02 00:02:01 INFO python.PythonRunner: Times: total = 94, boot = -389, init = 390, finish = 93
17/02/02 00:02:01 INFO executor.CoarseGrainedExecutorBackend: Got assigned task 51603
17/02/02 00:02:01 INFO executor.Executor: Running task 113.0 in stage 301.0 (TID 51603)
17/02/02 00:02:01 INFO executor.CoarseGrainedExecutorBackend: Got assigned task 51604
17/02/02 00:02:01 INFO executor.Executor: Running task 114.0 in stage 301.0 (TID 51604)
17/02/02 00:02:01 INFO storage.ShuffleBlockFetcherIterator: Getting 247 non-empty blocks out of 450 blocks
17/02/02 00:02:01 INFO storage.ShuffleBlockFetcherIterator: Getting 247 non-empty blocks out of 450 blocks
17/02/02 00:02:01 INFO storage.ShuffleBlockFetcherIterator: Started 5 remote fetches in 1 ms
17/02/02 00:02:01 INFO storage.ShuffleBlockFetcherIterator: Started 5 remote fetches in 0 ms
17/02/02 00:02:01 INFO executor.Executor: Finished task 96.0 in stage 301.0 (TID 51580). 1928 bytes result sent to driver
17/02/02 00:02:01 INFO executor.CoarseGrainedExecutorBackend: Got assigned task 51605
17/02/02 00:02:01 INFO executor.Executor: Running task 115.0 in stage 301.0 (TID 51605)
17/02/02 00:02:01 INFO storage.ShuffleBlockFetcherIterator: Getting 247 non-empty blocks out of 450 blocks
17/02/02 00:02:01 INFO storage.ShuffleBlockFetcherIterator: Started 5 remote fetches in 0 ms
17/02/02 00:02:01 INFO python.PythonRunner: Times: total = 344, boot = -74, init = 75, finish = 343
17/02/02 00:02:01 INFO python.PythonRunner: Times: total = 272, boot = -91, init = 91, finish = 272
17/02/02 00:02:01 INFO python.PythonRunner: Times: total = 374, boot = -54, init = 56, finish = 372
17/02/02 00:02:01 INFO python.PythonRunner: Times: total = 338, boot = -66, init = 67, finish = 337
17/02/02 00:02:01 INFO python.PythonRunner: Times: total = 82, boot = -298, init = 300, finish = 80
17/02/02 00:02:01 INFO executor.Executor: Finished task 108.0 in stage 301.0 (TID 51598). 1928 bytes result sent to driver
17/02/02 00:02:01 INFO executor.CoarseGrainedExecutorBackend: Got assigned task 51611
17/02/02 00:02:01 INFO executor.Executor: Running task 126.0 in stage 301.0 (TID 51611)
17/02/02 00:02:01 INFO storage.ShuffleBlockFetcherIterator: Getting 247 non-empty blocks out of 450 blocks
17/02/02 00:02:01 INFO storage.ShuffleBlockFetcherIterator: Started 6 remote fetches in 1 ms
17/02/02 00:02:01 INFO python.PythonRunner: Times: total = 88, boot = -293, init = 294, finish = 87
17/02/02 00:02:01 INFO python.PythonRunner: Times: total = 77, boot = -310, init = 311, finish = 76
17/02/02 00:02:01 INFO executor.Executor: Finished task 115.0 in stage 301.0 (TID 51605). 1928 bytes result sent to driver
17/02/02 00:02:01 INFO executor.CoarseGrainedExecutorBackend: Got assigned task 51613
17/02/02 00:02:01 INFO executor.Executor: Running task 128.0 in stage 301.0 (TID 51613)
17/02/02 00:02:01 INFO storage.ShuffleBlockFetcherIterator: Getting 247 non-empty blocks out of 450 blocks
17/02/02 00:02:01 INFO python.PythonRunner: Times: total = 113, boot = -335, init = 337, finish = 111
17/02/02 00:02:01 INFO storage.ShuffleBlockFetcherIterator: Started 5 remote fetches in 1 ms
17/02/02 00:02:01 INFO executor.Executor: Finished task 111.0 in stage 301.0 (TID 51601). 1928 bytes result sent to driver
17/02/02 00:02:01 INFO executor.CoarseGrainedExecutorBackend: Got assigned task 51615
17/02/02 00:02:01 INFO executor.Executor: Running task 131.0 in stage 301.0 (TID 51615)
17/02/02 00:02:01 INFO storage.ShuffleBlockFetcherIterator: Getting 247 non-empty blocks out of 450 blocks
17/02/02 00:02:01 INFO storage.ShuffleBlockFetcherIterator: Started 5 remote fetches in 1 ms
17/02/02 00:02:01 INFO python.PythonRunner: Times: total = 405, boot = -77, init = 78, finish = 404
17/02/02 00:02:01 INFO executor.Executor: Finished task 109.0 in stage 301.0 (TID 51599). 1928 bytes result sent to driver
17/02/02 00:02:01 INFO executor.CoarseGrainedExecutorBackend: Got assigned task 51616
17/02/02 00:02:01 INFO executor.Executor: Running task 132.0 in stage 301.0 (TID 51616)
17/02/02 00:02:01 INFO storage.ShuffleBlockFetcherIterator: Getting 247 non-empty blocks out of 450 blocks
17/02/02 00:02:01 INFO storage.ShuffleBlockFetcherIterator: Started 5 remote fetches in 1 ms
17/02/02 00:02:01 INFO python.PythonRunner: Times: total = 62, boot = -365, init = 366, finish = 61
17/02/02 00:02:01 INFO executor.Executor: Finished task 113.0 in stage 301.0 (TID 51603). 1928 bytes result sent to driver
17/02/02 00:02:01 INFO executor.CoarseGrainedExecutorBackend: Got assigned task 51625
17/02/02 00:02:01 INFO executor.Executor: Running task 141.0 in stage 301.0 (TID 51625)
17/02/02 00:02:01 INFO storage.ShuffleBlockFetcherIterator: Getting 247 non-empty blocks out of 450 blocks
17/02/02 00:02:01 INFO storage.ShuffleBlockFetcherIterator: Started 6 remote fetches in 0 ms
17/02/02 00:02:01 INFO python.PythonRunner: Times: total = 528, boot = -76, init = 77, finish = 527
17/02/02 00:02:01 INFO python.PythonRunner: Times: total = 89, boot = -164, init = 165, finish = 88
17/02/02 00:02:01 INFO executor.Executor: Finished task 114.0 in stage 301.0 (TID 51604). 1928 bytes result sent to driver
17/02/02 00:02:01 INFO executor.CoarseGrainedExecutorBackend: Got assigned task 51632
17/02/02 00:02:01 INFO executor.Executor: Running task 144.0 in stage 301.0 (TID 51632)
17/02/02 00:02:01 INFO storage.ShuffleBlockFetcherIterator: Getting 247 non-empty blocks out of 450 blocks
17/02/02 00:02:01 INFO storage.ShuffleBlockFetcherIterator: Started 6 remote fetches in 1 ms
17/02/02 00:02:01 INFO python.PythonRunner: Times: total = 291, boot = -98, init = 99, finish = 290
17/02/02 00:02:01 INFO python.PythonRunner: Times: total = 303, boot = -92, init = 93, finish = 302
17/02/02 00:02:01 INFO python.PythonRunner: Times: total = 364, boot = -342, init = 343, finish = 363
17/02/02 00:02:01 INFO python.PythonRunner: Times: total = 78, boot = -269, init = 270, finish = 77
17/02/02 00:02:01 INFO python.PythonRunner: Times: total = 325, boot = -92, init = 94, finish = 323
17/02/02 00:02:01 INFO executor.Executor: Finished task 128.0 in stage 301.0 (TID 51613). 1928 bytes result sent to driver
17/02/02 00:02:01 INFO executor.CoarseGrainedExecutorBackend: Got assigned task 51636
17/02/02 00:02:01 INFO executor.Executor: Running task 147.0 in stage 301.0 (TID 51636)
17/02/02 00:02:01 INFO storage.ShuffleBlockFetcherIterator: Getting 247 non-empty blocks out of 450 blocks
17/02/02 00:02:01 INFO storage.ShuffleBlockFetcherIterator: Started 6 remote fetches in 1 ms
17/02/02 00:02:01 INFO python.PythonRunner: Times: total = 79, boot = -261, init = 262, finish = 78
17/02/02 00:02:01 INFO python.PythonRunner: Times: total = 88, boot = -265, init = 266, finish = 87
17/02/02 00:02:01 INFO executor.Executor: Finished task 126.0 in stage 301.0 (TID 51611). 1928 bytes result sent to driver
17/02/02 00:02:01 INFO executor.CoarseGrainedExecutorBackend: Got assigned task 51637
17/02/02 00:02:01 INFO executor.Executor: Running task 151.0 in stage 301.0 (TID 51637)
17/02/02 00:02:01 INFO storage.ShuffleBlockFetcherIterator: Getting 247 non-empty blocks out of 450 blocks
17/02/02 00:02:01 INFO storage.ShuffleBlockFetcherIterator: Started 4 remote fetches in 0 ms
17/02/02 00:02:01 INFO python.PythonRunner: Times: total = 73, boot = -251, init = 253, finish = 71
17/02/02 00:02:01 INFO executor.Executor: Finished task 131.0 in stage 301.0 (TID 51615). 1928 bytes result sent to driver
17/02/02 00:02:01 INFO executor.CoarseGrainedExecutorBackend: Got assigned task 51640
17/02/02 00:02:01 INFO executor.Executor: Running task 156.0 in stage 301.0 (TID 51640)
17/02/02 00:02:01 INFO storage.ShuffleBlockFetcherIterator: Getting 247 non-empty blocks out of 450 blocks
17/02/02 00:02:01 INFO storage.ShuffleBlockFetcherIterator: Started 4 remote fetches in 2 ms
17/02/02 00:02:01 INFO python.PythonRunner: Times: total = 345, boot = -143, init = 144, finish = 344
17/02/02 00:02:01 INFO executor.Executor: Finished task 132.0 in stage 301.0 (TID 51616). 1928 bytes result sent to driver
17/02/02 00:02:02 INFO executor.CoarseGrainedExecutorBackend: Got assigned task 51641
17/02/02 00:02:02 INFO executor.Executor: Running task 157.0 in stage 301.0 (TID 51641)
17/02/02 00:02:02 INFO storage.ShuffleBlockFetcherIterator: Getting 247 non-empty blocks out of 450 blocks
17/02/02 00:02:02 INFO storage.ShuffleBlockFetcherIterator: Started 7 remote fetches in 1 ms
17/02/02 00:02:02 INFO python.PythonRunner: Times: total = 253, boot = -228, init = 229, finish = 252
