17/02/02 00:02:10 INFO executor.Executor: Running task 147.0 in stage 302.0 (TID 52083)
17/02/02 00:02:10 INFO storage.ShuffleBlockFetcherIterator: Getting 45 non-empty blocks out of 480 blocks
17/02/02 00:02:10 INFO storage.ShuffleBlockFetcherIterator: Started 4 remote fetches in 0 ms
17/02/02 00:02:10 INFO executor.Executor: Finished task 132.0 in stage 302.0 (TID 52070). 1928 bytes result sent to driver
17/02/02 00:02:10 INFO executor.CoarseGrainedExecutorBackend: Got assigned task 52089
17/02/02 00:02:10 INFO executor.Executor: Running task 151.0 in stage 302.0 (TID 52089)
17/02/02 00:02:10 INFO storage.ShuffleBlockFetcherIterator: Getting 45 non-empty blocks out of 480 blocks
17/02/02 00:02:10 INFO storage.ShuffleBlockFetcherIterator: Started 4 remote fetches in 1 ms
17/02/02 00:02:10 INFO python.PythonRunner: Times: total = 34, boot = -109, init = 110, finish = 33
17/02/02 00:02:10 INFO python.PythonRunner: Times: total = 49, boot = -123, init = 125, finish = 47
17/02/02 00:02:10 INFO python.PythonRunner: Times: total = 41, boot = -119, init = 120, finish = 40
17/02/02 00:02:10 INFO python.PythonRunner: Times: total = 44, boot = -129, init = 131, finish = 42
17/02/02 00:02:10 INFO executor.Executor: Finished task 139.0 in stage 302.0 (TID 52076). 1928 bytes result sent to driver
17/02/02 00:02:10 INFO executor.CoarseGrainedExecutorBackend: Got assigned task 52091
17/02/02 00:02:10 INFO executor.Executor: Running task 154.0 in stage 302.0 (TID 52091)
17/02/02 00:02:10 INFO storage.ShuffleBlockFetcherIterator: Getting 45 non-empty blocks out of 480 blocks
17/02/02 00:02:10 INFO storage.ShuffleBlockFetcherIterator: Started 4 remote fetches in 0 ms
17/02/02 00:02:10 INFO executor.Executor: Finished task 143.0 in stage 302.0 (TID 52080). 1928 bytes result sent to driver
17/02/02 00:02:10 INFO executor.CoarseGrainedExecutorBackend: Got assigned task 52093
17/02/02 00:02:10 INFO executor.Executor: Running task 156.0 in stage 302.0 (TID 52093)
17/02/02 00:02:10 INFO storage.ShuffleBlockFetcherIterator: Getting 45 non-empty blocks out of 480 blocks
17/02/02 00:02:10 INFO storage.ShuffleBlockFetcherIterator: Started 4 remote fetches in 1 ms
17/02/02 00:02:10 INFO executor.Executor: Finished task 145.0 in stage 302.0 (TID 52081). 1928 bytes result sent to driver
17/02/02 00:02:10 INFO executor.CoarseGrainedExecutorBackend: Got assigned task 52095
17/02/02 00:02:10 INFO executor.Executor: Running task 157.0 in stage 302.0 (TID 52095)
17/02/02 00:02:10 INFO storage.ShuffleBlockFetcherIterator: Getting 45 non-empty blocks out of 480 blocks
17/02/02 00:02:10 INFO storage.ShuffleBlockFetcherIterator: Started 4 remote fetches in 1 ms
17/02/02 00:02:10 INFO executor.Executor: Finished task 142.0 in stage 302.0 (TID 52079). 1928 bytes result sent to driver
17/02/02 00:02:10 INFO executor.CoarseGrainedExecutorBackend: Got assigned task 52096
17/02/02 00:02:10 INFO executor.Executor: Running task 158.0 in stage 302.0 (TID 52096)
17/02/02 00:02:10 INFO storage.ShuffleBlockFetcherIterator: Getting 45 non-empty blocks out of 480 blocks
17/02/02 00:02:10 INFO storage.ShuffleBlockFetcherIterator: Started 4 remote fetches in 0 ms
17/02/02 00:02:10 INFO python.PythonRunner: Times: total = 69, boot = -117, init = 118, finish = 68
17/02/02 00:02:10 INFO executor.Executor: Finished task 147.0 in stage 302.0 (TID 52083). 1928 bytes result sent to driver
17/02/02 00:02:10 INFO executor.CoarseGrainedExecutorBackend: Got assigned task 52102
17/02/02 00:02:10 INFO executor.Executor: Running task 161.0 in stage 302.0 (TID 52102)
17/02/02 00:02:10 INFO storage.ShuffleBlockFetcherIterator: Getting 45 non-empty blocks out of 480 blocks
17/02/02 00:02:10 INFO storage.ShuffleBlockFetcherIterator: Started 4 remote fetches in 1 ms
17/02/02 00:02:10 INFO python.PythonRunner: Times: total = 78, boot = -117, init = 118, finish = 77
17/02/02 00:02:10 INFO executor.Executor: Finished task 151.0 in stage 302.0 (TID 52089). 1928 bytes result sent to driver
17/02/02 00:02:10 INFO executor.CoarseGrainedExecutorBackend: Got assigned task 52105
17/02/02 00:02:10 INFO executor.Executor: Running task 162.0 in stage 302.0 (TID 52105)
17/02/02 00:02:10 INFO storage.ShuffleBlockFetcherIterator: Getting 45 non-empty blocks out of 480 blocks
17/02/02 00:02:10 INFO storage.ShuffleBlockFetcherIterator: Started 4 remote fetches in 0 ms
17/02/02 00:02:10 INFO python.PythonRunner: Times: total = 74, boot = -81, init = 83, finish = 72
17/02/02 00:02:10 INFO python.PythonRunner: Times: total = 32, boot = -107, init = 109, finish = 30
17/02/02 00:02:10 INFO python.PythonRunner: Times: total = 80, boot = -77, init = 78, finish = 79
17/02/02 00:02:10 INFO executor.Executor: Finished task 161.0 in stage 302.0 (TID 52102). 1928 bytes result sent to driver
17/02/02 00:02:10 INFO executor.CoarseGrainedExecutorBackend: Got assigned task 52112
17/02/02 00:02:10 INFO executor.Executor: Running task 169.0 in stage 302.0 (TID 52112)
17/02/02 00:02:10 INFO storage.ShuffleBlockFetcherIterator: Getting 45 non-empty blocks out of 480 blocks
17/02/02 00:02:10 INFO storage.ShuffleBlockFetcherIterator: Started 4 remote fetches in 0 ms
17/02/02 00:02:10 INFO executor.Executor: Finished task 154.0 in stage 302.0 (TID 52091). 1928 bytes result sent to driver
17/02/02 00:02:10 INFO python.PythonRunner: Times: total = 112, boot = -77, init = 79, finish = 110
17/02/02 00:02:10 INFO executor.CoarseGrainedExecutorBackend: Got assigned task 52115
17/02/02 00:02:10 INFO executor.Executor: Running task 172.0 in stage 302.0 (TID 52115)
17/02/02 00:02:10 INFO python.PythonRunner: Times: total = 104, boot = -85, init = 87, finish = 102
17/02/02 00:02:10 INFO storage.ShuffleBlockFetcherIterator: Getting 45 non-empty blocks out of 480 blocks
17/02/02 00:02:10 INFO storage.ShuffleBlockFetcherIterator: Started 4 remote fetches in 1 ms
17/02/02 00:02:10 INFO executor.Executor: Finished task 157.0 in stage 302.0 (TID 52095). 1928 bytes result sent to driver
17/02/02 00:02:10 INFO executor.CoarseGrainedExecutorBackend: Got assigned task 52119
17/02/02 00:02:10 INFO executor.Executor: Running task 173.0 in stage 302.0 (TID 52119)
17/02/02 00:02:10 INFO python.PythonRunner: Times: total = 38, boot = -100, init = 102, finish = 36
17/02/02 00:02:10 INFO storage.ShuffleBlockFetcherIterator: Getting 45 non-empty blocks out of 480 blocks
17/02/02 00:02:10 INFO storage.ShuffleBlockFetcherIterator: Started 4 remote fetches in 1 ms
17/02/02 00:02:10 INFO executor.Executor: Finished task 158.0 in stage 302.0 (TID 52096). 1928 bytes result sent to driver
17/02/02 00:02:10 INFO executor.CoarseGrainedExecutorBackend: Got assigned task 52120
17/02/02 00:02:10 INFO executor.Executor: Running task 175.0 in stage 302.0 (TID 52120)
17/02/02 00:02:10 INFO storage.ShuffleBlockFetcherIterator: Getting 45 non-empty blocks out of 480 blocks
17/02/02 00:02:10 INFO storage.ShuffleBlockFetcherIterator: Started 4 remote fetches in 1 ms
17/02/02 00:02:10 INFO executor.Executor: Finished task 156.0 in stage 302.0 (TID 52093). 1928 bytes result sent to driver
17/02/02 00:02:10 INFO python.PythonRunner: Times: total = 76, boot = -104, init = 106, finish = 74
17/02/02 00:02:10 INFO executor.CoarseGrainedExecutorBackend: Got assigned task 52121
17/02/02 00:02:10 INFO executor.Executor: Running task 177.0 in stage 302.0 (TID 52121)
17/02/02 00:02:10 INFO storage.ShuffleBlockFetcherIterator: Getting 45 non-empty blocks out of 480 blocks
17/02/02 00:02:10 INFO storage.ShuffleBlockFetcherIterator: Started 4 remote fetches in 0 ms
17/02/02 00:02:10 INFO executor.Executor: Finished task 169.0 in stage 302.0 (TID 52112). 1928 bytes result sent to driver
17/02/02 00:02:10 INFO executor.CoarseGrainedExecutorBackend: Got assigned task 52124
17/02/02 00:02:10 INFO executor.Executor: Running task 181.0 in stage 302.0 (TID 52124)
17/02/02 00:02:10 INFO storage.ShuffleBlockFetcherIterator: Getting 45 non-empty blocks out of 480 blocks
17/02/02 00:02:10 INFO storage.ShuffleBlockFetcherIterator: Started 4 remote fetches in 0 ms
17/02/02 00:02:10 INFO executor.Executor: Finished task 162.0 in stage 302.0 (TID 52105). 1928 bytes result sent to driver
17/02/02 00:02:10 INFO executor.CoarseGrainedExecutorBackend: Got assigned task 52129
17/02/02 00:02:10 INFO executor.Executor: Running task 184.0 in stage 302.0 (TID 52129)
17/02/02 00:02:10 INFO storage.ShuffleBlockFetcherIterator: Getting 45 non-empty blocks out of 480 blocks
17/02/02 00:02:10 INFO storage.ShuffleBlockFetcherIterator: Started 4 remote fetches in 1 ms
17/02/02 00:02:10 INFO python.PythonRunner: Times: total = 48, boot = -132, init = 134, finish = 46
17/02/02 00:02:10 INFO python.PythonRunner: Times: total = 74, boot = -122, init = 124, finish = 72
17/02/02 00:02:10 INFO executor.Executor: Finished task 173.0 in stage 302.0 (TID 52119). 1928 bytes result sent to driver
17/02/02 00:02:10 INFO executor.CoarseGrainedExecutorBackend: Got assigned task 52133
17/02/02 00:02:10 INFO executor.Executor: Running task 186.0 in stage 302.0 (TID 52133)
17/02/02 00:02:10 INFO storage.ShuffleBlockFetcherIterator: Getting 45 non-empty blocks out of 480 blocks
17/02/02 00:02:10 INFO storage.ShuffleBlockFetcherIterator: Started 4 remote fetches in 0 ms
17/02/02 00:02:10 INFO executor.Executor: Finished task 172.0 in stage 302.0 (TID 52115). 1928 bytes result sent to driver
17/02/02 00:02:10 INFO python.PythonRunner: Times: total = 77, boot = -129, init = 130, finish = 76
17/02/02 00:02:10 INFO executor.CoarseGrainedExecutorBackend: Got assigned task 52135
17/02/02 00:02:10 INFO executor.Executor: Running task 187.0 in stage 302.0 (TID 52135)
17/02/02 00:02:10 INFO storage.ShuffleBlockFetcherIterator: Getting 45 non-empty blocks out of 480 blocks
17/02/02 00:02:10 INFO storage.ShuffleBlockFetcherIterator: Started 4 remote fetches in 0 ms
17/02/02 00:02:10 INFO python.PythonRunner: Times: total = 78, boot = -111, init = 112, finish = 77
