17/02/01 23:11:44 INFO storage.ShuffleBlockFetcherIterator: Started 4 remote fetches in 1 ms
17/02/01 23:11:44 INFO storage.ShuffleBlockFetcherIterator: Getting 93 non-empty blocks out of 1920 blocks
17/02/01 23:11:44 INFO storage.ShuffleBlockFetcherIterator: Started 4 remote fetches in 1 ms
17/02/01 23:11:44 INFO python.PythonRunner: Times: total = 48, boot = -13, init = 14, finish = 47
17/02/01 23:11:44 INFO python.PythonRunner: Times: total = 49, boot = -10, init = 11, finish = 48
17/02/01 23:11:44 INFO executor.Executor: Finished task 395.0 in stage 238.0 (TID 42693). 3378 bytes result sent to driver
17/02/01 23:11:44 INFO executor.CoarseGrainedExecutorBackend: Got assigned task 42728
17/02/01 23:11:44 INFO executor.Executor: Running task 430.0 in stage 238.0 (TID 42728)
17/02/01 23:11:44 INFO storage.ShuffleBlockFetcherIterator: Getting 93 non-empty blocks out of 1920 blocks
17/02/01 23:11:44 INFO storage.ShuffleBlockFetcherIterator: Started 4 remote fetches in 1 ms
17/02/01 23:11:44 INFO executor.Executor: Finished task 398.0 in stage 238.0 (TID 42696). 3378 bytes result sent to driver
17/02/01 23:11:44 INFO executor.CoarseGrainedExecutorBackend: Got assigned task 42731
17/02/01 23:11:44 INFO executor.Executor: Running task 433.0 in stage 238.0 (TID 42731)
17/02/01 23:11:44 INFO storage.ShuffleBlockFetcherIterator: Getting 93 non-empty blocks out of 1920 blocks
17/02/01 23:11:44 INFO storage.ShuffleBlockFetcherIterator: Started 4 remote fetches in 1 ms
17/02/01 23:11:44 INFO python.PythonRunner: Times: total = 57, boot = -16, init = 18, finish = 55
17/02/01 23:11:44 INFO executor.Executor: Finished task 410.0 in stage 238.0 (TID 42708). 3378 bytes result sent to driver
17/02/01 23:11:44 INFO executor.CoarseGrainedExecutorBackend: Got assigned task 42747
17/02/01 23:11:44 INFO executor.Executor: Running task 449.0 in stage 238.0 (TID 42747)
17/02/01 23:11:44 INFO storage.ShuffleBlockFetcherIterator: Getting 93 non-empty blocks out of 1920 blocks
17/02/01 23:11:44 INFO python.PythonRunner: Times: total = 49, boot = -6, init = 7, finish = 48
17/02/01 23:11:44 INFO storage.ShuffleBlockFetcherIterator: Started 4 remote fetches in 1 ms
17/02/01 23:11:44 INFO python.PythonRunner: Times: total = 48, boot = -12, init = 13, finish = 47
17/02/01 23:11:44 INFO python.PythonRunner: Times: total = 57, boot = -16, init = 18, finish = 55
17/02/01 23:11:44 INFO executor.Executor: Finished task 422.0 in stage 238.0 (TID 42720). 3378 bytes result sent to driver
17/02/01 23:11:44 INFO executor.CoarseGrainedExecutorBackend: Got assigned task 42753
17/02/01 23:11:44 INFO executor.Executor: Running task 455.0 in stage 238.0 (TID 42753)
17/02/01 23:11:44 INFO storage.ShuffleBlockFetcherIterator: Getting 93 non-empty blocks out of 1920 blocks
17/02/01 23:11:44 INFO storage.ShuffleBlockFetcherIterator: Started 4 remote fetches in 1 ms
17/02/01 23:11:44 INFO executor.Executor: Finished task 423.0 in stage 238.0 (TID 42721). 3378 bytes result sent to driver
17/02/01 23:11:44 INFO executor.Executor: Finished task 417.0 in stage 238.0 (TID 42715). 3378 bytes result sent to driver
17/02/01 23:11:44 INFO executor.CoarseGrainedExecutorBackend: Got assigned task 42758
17/02/01 23:11:44 INFO executor.Executor: Running task 460.0 in stage 238.0 (TID 42758)
17/02/01 23:11:44 INFO executor.CoarseGrainedExecutorBackend: Got assigned task 42759
17/02/01 23:11:44 INFO executor.Executor: Running task 461.0 in stage 238.0 (TID 42759)
17/02/01 23:11:44 INFO python.PythonRunner: Times: total = 53, boot = -1, init = 2, finish = 52
17/02/01 23:11:44 INFO storage.ShuffleBlockFetcherIterator: Getting 93 non-empty blocks out of 1920 blocks
17/02/01 23:11:44 INFO storage.ShuffleBlockFetcherIterator: Started 4 remote fetches in 1 ms
17/02/01 23:11:44 INFO storage.ShuffleBlockFetcherIterator: Getting 93 non-empty blocks out of 1920 blocks
17/02/01 23:11:44 INFO storage.ShuffleBlockFetcherIterator: Started 4 remote fetches in 1 ms
17/02/01 23:11:44 INFO python.PythonRunner: Times: total = 49, boot = -8, init = 9, finish = 48
17/02/01 23:11:44 INFO executor.Executor: Finished task 430.0 in stage 238.0 (TID 42728). 3378 bytes result sent to driver
17/02/01 23:11:44 INFO executor.CoarseGrainedExecutorBackend: Got assigned task 42763
17/02/01 23:11:44 INFO executor.Executor: Running task 465.0 in stage 238.0 (TID 42763)
17/02/01 23:11:44 INFO storage.ShuffleBlockFetcherIterator: Getting 93 non-empty blocks out of 1920 blocks
17/02/01 23:11:44 INFO storage.ShuffleBlockFetcherIterator: Started 4 remote fetches in 1 ms
17/02/01 23:11:44 INFO executor.Executor: Finished task 433.0 in stage 238.0 (TID 42731). 3378 bytes result sent to driver
17/02/01 23:11:44 INFO executor.CoarseGrainedExecutorBackend: Got assigned task 42767
17/02/01 23:11:44 INFO executor.Executor: Running task 469.0 in stage 238.0 (TID 42767)
17/02/01 23:11:44 INFO storage.ShuffleBlockFetcherIterator: Getting 93 non-empty blocks out of 1920 blocks
17/02/01 23:11:44 INFO storage.ShuffleBlockFetcherIterator: Started 4 remote fetches in 1 ms
17/02/01 23:11:44 INFO python.PythonRunner: Times: total = 49, boot = -79, init = 80, finish = 48
17/02/01 23:11:44 INFO executor.Executor: Finished task 449.0 in stage 238.0 (TID 42747). 3378 bytes result sent to driver
17/02/01 23:11:44 INFO executor.CoarseGrainedExecutorBackend: Got assigned task 42783
17/02/01 23:11:44 INFO executor.Executor: Running task 485.0 in stage 238.0 (TID 42783)
17/02/01 23:11:44 INFO storage.ShuffleBlockFetcherIterator: Getting 93 non-empty blocks out of 1920 blocks
17/02/01 23:11:44 INFO python.PythonRunner: Times: total = 55, boot = -37, init = 39, finish = 53
17/02/01 23:11:44 INFO storage.ShuffleBlockFetcherIterator: Started 4 remote fetches in 1 ms
17/02/01 23:11:44 INFO python.PythonRunner: Times: total = 53, boot = -41, init = 43, finish = 51
17/02/01 23:11:44 INFO executor.Executor: Finished task 455.0 in stage 238.0 (TID 42753). 3378 bytes result sent to driver
17/02/01 23:11:44 INFO executor.CoarseGrainedExecutorBackend: Got assigned task 42788
17/02/01 23:11:44 INFO executor.Executor: Running task 490.0 in stage 238.0 (TID 42788)
17/02/01 23:11:44 INFO storage.ShuffleBlockFetcherIterator: Getting 93 non-empty blocks out of 1920 blocks
17/02/01 23:11:44 INFO storage.ShuffleBlockFetcherIterator: Started 4 remote fetches in 0 ms
17/02/01 23:11:44 INFO executor.Executor: Finished task 460.0 in stage 238.0 (TID 42758). 3378 bytes result sent to driver
17/02/01 23:11:44 INFO executor.CoarseGrainedExecutorBackend: Got assigned task 42792
17/02/01 23:11:44 INFO executor.Executor: Running task 494.0 in stage 238.0 (TID 42792)
17/02/01 23:11:44 INFO python.PythonRunner: Times: total = 18, boot = -40, init = 41, finish = 17
17/02/01 23:11:44 INFO storage.ShuffleBlockFetcherIterator: Getting 93 non-empty blocks out of 1920 blocks
17/02/01 23:11:44 INFO storage.ShuffleBlockFetcherIterator: Started 4 remote fetches in 1 ms
17/02/01 23:11:44 INFO python.PythonRunner: Times: total = 53, boot = -9, init = 10, finish = 52
17/02/01 23:11:44 INFO executor.Executor: Finished task 485.0 in stage 238.0 (TID 42783). 3378 bytes result sent to driver
17/02/01 23:11:44 INFO python.PythonRunner: Times: total = 15, boot = -36, init = 37, finish = 14
17/02/01 23:11:44 INFO executor.CoarseGrainedExecutorBackend: Got assigned task 42798
17/02/01 23:11:44 INFO executor.Executor: Running task 500.0 in stage 238.0 (TID 42798)
17/02/01 23:11:44 INFO executor.Executor: Finished task 469.0 in stage 238.0 (TID 42767). 3378 bytes result sent to driver
17/02/01 23:11:44 INFO storage.ShuffleBlockFetcherIterator: Getting 93 non-empty blocks out of 1920 blocks
17/02/01 23:11:44 INFO storage.ShuffleBlockFetcherIterator: Started 4 remote fetches in 1 ms
17/02/01 23:11:44 INFO python.PythonRunner: Times: total = 11, boot = -49, init = 50, finish = 10
17/02/01 23:11:44 INFO executor.CoarseGrainedExecutorBackend: Got assigned task 42801
17/02/01 23:11:44 INFO executor.Executor: Running task 503.0 in stage 238.0 (TID 42801)
17/02/01 23:11:44 INFO storage.ShuffleBlockFetcherIterator: Getting 93 non-empty blocks out of 1920 blocks
17/02/01 23:11:44 INFO storage.ShuffleBlockFetcherIterator: Started 4 remote fetches in 2 ms
17/02/01 23:11:44 INFO executor.Executor: Finished task 494.0 in stage 238.0 (TID 42792). 3378 bytes result sent to driver
17/02/01 23:11:44 INFO executor.CoarseGrainedExecutorBackend: Got assigned task 42806
17/02/01 23:11:44 INFO executor.Executor: Running task 508.0 in stage 238.0 (TID 42806)
17/02/01 23:11:44 INFO executor.Executor: Finished task 490.0 in stage 238.0 (TID 42788). 3378 bytes result sent to driver
17/02/01 23:11:44 INFO executor.CoarseGrainedExecutorBackend: Got assigned task 42808
17/02/01 23:11:44 INFO executor.Executor: Running task 510.0 in stage 238.0 (TID 42808)
17/02/01 23:11:44 INFO storage.ShuffleBlockFetcherIterator: Getting 93 non-empty blocks out of 1920 blocks
17/02/01 23:11:44 INFO storage.ShuffleBlockFetcherIterator: Started 4 remote fetches in 1 ms
17/02/01 23:11:44 INFO python.PythonRunner: Times: total = 53, boot = -7, init = 9, finish = 51
17/02/01 23:11:44 INFO storage.ShuffleBlockFetcherIterator: Getting 93 non-empty blocks out of 1920 blocks
17/02/01 23:11:44 INFO storage.ShuffleBlockFetcherIterator: Started 4 remote fetches in 1 ms
17/02/01 23:11:44 INFO python.PythonRunner: Times: total = 50, boot = 3, init = 1, finish = 46
17/02/01 23:11:44 INFO executor.Executor: Finished task 461.0 in stage 238.0 (TID 42759). 3378 bytes result sent to driver
17/02/01 23:11:44 INFO executor.CoarseGrainedExecutorBackend: Got assigned task 42817
17/02/01 23:11:44 INFO executor.Executor: Running task 519.0 in stage 238.0 (TID 42817)
17/02/01 23:11:44 INFO python.PythonRunner: Times: total = 12, boot = -12, init = 13, finish = 11
17/02/01 23:11:44 INFO storage.ShuffleBlockFetcherIterator: Getting 93 non-empty blocks out of 1920 blocks
