17/02/02 00:25:35 INFO executor.CoarseGrainedExecutorBackend: Got assigned task 58851
17/02/02 00:25:35 INFO executor.Executor: Running task 232.0 in stage 344.0 (TID 58851)
17/02/02 00:25:35 INFO storage.ShuffleBlockFetcherIterator: Getting 495 non-empty blocks out of 930 blocks
17/02/02 00:25:35 INFO storage.ShuffleBlockFetcherIterator: Started 6 remote fetches in 1 ms
17/02/02 00:25:35 INFO python.PythonRunner: Times: total = 260, boot = -10, init = 11, finish = 259
17/02/02 00:25:35 INFO python.PythonRunner: Times: total = 25, boot = -71, init = 72, finish = 24
17/02/02 00:25:35 INFO executor.Executor: Finished task 214.0 in stage 344.0 (TID 58827). 2410 bytes result sent to driver
17/02/02 00:25:35 INFO executor.CoarseGrainedExecutorBackend: Got assigned task 58857
17/02/02 00:25:35 INFO executor.Executor: Running task 236.0 in stage 344.0 (TID 58857)
17/02/02 00:25:35 INFO storage.ShuffleBlockFetcherIterator: Getting 495 non-empty blocks out of 930 blocks
17/02/02 00:25:35 INFO storage.ShuffleBlockFetcherIterator: Started 6 remote fetches in 1 ms
17/02/02 00:25:35 INFO python.PythonRunner: Times: total = 258, boot = -18, init = 19, finish = 257
17/02/02 00:25:35 INFO python.PythonRunner: Times: total = 28, boot = -7, init = 8, finish = 27
17/02/02 00:25:35 INFO python.PythonRunner: Times: total = 269, boot = -9, init = 9, finish = 269
17/02/02 00:25:35 INFO executor.Executor: Finished task 217.0 in stage 344.0 (TID 58832). 2410 bytes result sent to driver
17/02/02 00:25:35 INFO executor.CoarseGrainedExecutorBackend: Got assigned task 58863
17/02/02 00:25:35 INFO executor.Executor: Running task 245.0 in stage 344.0 (TID 58863)
17/02/02 00:25:35 INFO storage.ShuffleBlockFetcherIterator: Getting 495 non-empty blocks out of 930 blocks
17/02/02 00:25:35 INFO storage.ShuffleBlockFetcherIterator: Started 6 remote fetches in 1 ms
17/02/02 00:25:35 INFO python.PythonRunner: Times: total = 27, boot = -21, init = 22, finish = 26
17/02/02 00:25:35 INFO executor.Executor: Finished task 216.0 in stage 344.0 (TID 58831). 2410 bytes result sent to driver
17/02/02 00:25:35 INFO executor.CoarseGrainedExecutorBackend: Got assigned task 58865
17/02/02 00:25:35 INFO executor.Executor: Running task 247.0 in stage 344.0 (TID 58865)
17/02/02 00:25:35 INFO storage.ShuffleBlockFetcherIterator: Getting 495 non-empty blocks out of 930 blocks
17/02/02 00:25:35 INFO storage.ShuffleBlockFetcherIterator: Started 6 remote fetches in 2 ms
17/02/02 00:25:35 INFO python.PythonRunner: Times: total = 307, boot = -36, init = 37, finish = 306
17/02/02 00:25:35 INFO python.PythonRunner: Times: total = 328, boot = -62, init = 63, finish = 327
17/02/02 00:25:35 INFO python.PythonRunner: Times: total = 26, boot = -67, init = 68, finish = 25
17/02/02 00:25:35 INFO executor.Executor: Finished task 223.0 in stage 344.0 (TID 58839). 2410 bytes result sent to driver
17/02/02 00:25:35 INFO executor.CoarseGrainedExecutorBackend: Got assigned task 58874
17/02/02 00:25:35 INFO executor.Executor: Running task 255.0 in stage 344.0 (TID 58874)
17/02/02 00:25:35 INFO python.PythonRunner: Times: total = 46, boot = -75, init = 76, finish = 45
17/02/02 00:25:35 INFO storage.ShuffleBlockFetcherIterator: Getting 495 non-empty blocks out of 930 blocks
17/02/02 00:25:35 INFO storage.ShuffleBlockFetcherIterator: Started 6 remote fetches in 2 ms
17/02/02 00:25:35 INFO executor.Executor: Finished task 221.0 in stage 344.0 (TID 58836). 2410 bytes result sent to driver
17/02/02 00:25:35 INFO executor.CoarseGrainedExecutorBackend: Got assigned task 58877
17/02/02 00:25:35 INFO executor.Executor: Running task 259.0 in stage 344.0 (TID 58877)
17/02/02 00:25:35 INFO storage.ShuffleBlockFetcherIterator: Getting 495 non-empty blocks out of 930 blocks
17/02/02 00:25:35 INFO storage.ShuffleBlockFetcherIterator: Started 6 remote fetches in 1 ms
17/02/02 00:25:35 INFO python.PythonRunner: Times: total = 251, boot = -38, init = 39, finish = 250
17/02/02 00:25:36 INFO python.PythonRunner: Times: total = 316, boot = -112, init = 113, finish = 315
17/02/02 00:25:36 INFO python.PythonRunner: Times: total = 35, boot = -40, init = 42, finish = 33
17/02/02 00:25:36 INFO python.PythonRunner: Times: total = 33, boot = -23, init = 25, finish = 31
17/02/02 00:25:36 INFO executor.Executor: Finished task 236.0 in stage 344.0 (TID 58857). 2410 bytes result sent to driver
17/02/02 00:25:36 INFO executor.CoarseGrainedExecutorBackend: Got assigned task 58884
17/02/02 00:25:36 INFO executor.Executor: Running task 266.0 in stage 344.0 (TID 58884)
17/02/02 00:25:36 INFO storage.ShuffleBlockFetcherIterator: Getting 495 non-empty blocks out of 930 blocks
17/02/02 00:25:36 INFO storage.ShuffleBlockFetcherIterator: Started 6 remote fetches in 1 ms
17/02/02 00:25:36 INFO executor.Executor: Finished task 232.0 in stage 344.0 (TID 58851). 2410 bytes result sent to driver
17/02/02 00:25:36 INFO executor.CoarseGrainedExecutorBackend: Got assigned task 58886
17/02/02 00:25:36 INFO executor.Executor: Running task 270.0 in stage 344.0 (TID 58886)
17/02/02 00:25:36 INFO storage.ShuffleBlockFetcherIterator: Getting 495 non-empty blocks out of 930 blocks
17/02/02 00:25:36 INFO storage.ShuffleBlockFetcherIterator: Started 6 remote fetches in 1 ms
17/02/02 00:25:36 INFO python.PythonRunner: Times: total = 248, boot = 2, init = 0, finish = 246
17/02/02 00:25:36 INFO python.PythonRunner: Times: total = 23, boot = -5, init = 6, finish = 22
17/02/02 00:25:36 INFO executor.Executor: Finished task 245.0 in stage 344.0 (TID 58863). 2410 bytes result sent to driver
17/02/02 00:25:36 INFO executor.CoarseGrainedExecutorBackend: Got assigned task 58889
17/02/02 00:25:36 INFO executor.Executor: Running task 271.0 in stage 344.0 (TID 58889)
17/02/02 00:25:36 INFO storage.ShuffleBlockFetcherIterator: Getting 495 non-empty blocks out of 930 blocks
17/02/02 00:25:36 INFO storage.ShuffleBlockFetcherIterator: Started 5 remote fetches in 2 ms
17/02/02 00:25:36 INFO python.PythonRunner: Times: total = 325, boot = -19, init = 20, finish = 324
17/02/02 00:25:36 INFO python.PythonRunner: Times: total = 225, boot = -23, init = 24, finish = 224
17/02/02 00:25:36 INFO python.PythonRunner: Times: total = 29, boot = -73, init = 74, finish = 28
17/02/02 00:25:36 INFO python.PythonRunner: Times: total = 233, boot = -35, init = 36, finish = 232
17/02/02 00:25:36 INFO python.PythonRunner: Times: total = 20, boot = -5, init = 7, finish = 18
17/02/02 00:25:36 INFO executor.Executor: Finished task 255.0 in stage 344.0 (TID 58874). 2410 bytes result sent to driver
17/02/02 00:25:36 INFO python.PythonRunner: Times: total = 59, boot = -67, init = 68, finish = 58
17/02/02 00:25:36 INFO executor.CoarseGrainedExecutorBackend: Got assigned task 58902
17/02/02 00:25:36 INFO executor.Executor: Running task 283.0 in stage 344.0 (TID 58902)
17/02/02 00:25:36 INFO storage.ShuffleBlockFetcherIterator: Getting 495 non-empty blocks out of 930 blocks
17/02/02 00:25:36 INFO storage.ShuffleBlockFetcherIterator: Started 6 remote fetches in 1 ms
17/02/02 00:25:36 INFO executor.Executor: Finished task 259.0 in stage 344.0 (TID 58877). 2410 bytes result sent to driver
17/02/02 00:25:36 INFO executor.Executor: Finished task 247.0 in stage 344.0 (TID 58865). 2410 bytes result sent to driver
17/02/02 00:25:36 INFO executor.CoarseGrainedExecutorBackend: Got assigned task 58904
17/02/02 00:25:36 INFO executor.Executor: Running task 285.0 in stage 344.0 (TID 58904)
17/02/02 00:25:36 INFO executor.CoarseGrainedExecutorBackend: Got assigned task 58906
17/02/02 00:25:36 INFO executor.Executor: Running task 287.0 in stage 344.0 (TID 58906)
17/02/02 00:25:36 INFO storage.ShuffleBlockFetcherIterator: Getting 495 non-empty blocks out of 930 blocks
17/02/02 00:25:36 INFO storage.ShuffleBlockFetcherIterator: Getting 495 non-empty blocks out of 930 blocks
17/02/02 00:25:36 INFO storage.ShuffleBlockFetcherIterator: Started 6 remote fetches in 2 ms
17/02/02 00:25:36 INFO storage.ShuffleBlockFetcherIterator: Started 6 remote fetches in 2 ms
17/02/02 00:25:36 INFO python.PythonRunner: Times: total = 205, boot = 12, init = 0, finish = 193
17/02/02 00:25:36 INFO python.PythonRunner: Times: total = 66, boot = -16, init = 17, finish = 65
17/02/02 00:25:36 INFO python.PythonRunner: Times: total = 260, boot = -1, init = 2, finish = 259
17/02/02 00:25:36 INFO executor.Executor: Finished task 266.0 in stage 344.0 (TID 58884). 2410 bytes result sent to driver
17/02/02 00:25:36 INFO executor.CoarseGrainedExecutorBackend: Got assigned task 58912
17/02/02 00:25:36 INFO executor.Executor: Running task 290.0 in stage 344.0 (TID 58912)
17/02/02 00:25:36 INFO python.PythonRunner: Times: total = 22, boot = -71, init = 72, finish = 21
17/02/02 00:25:36 INFO storage.ShuffleBlockFetcherIterator: Getting 495 non-empty blocks out of 930 blocks
17/02/02 00:25:36 INFO storage.ShuffleBlockFetcherIterator: Started 5 remote fetches in 2 ms
17/02/02 00:25:36 INFO executor.Executor: Finished task 270.0 in stage 344.0 (TID 58886). 2410 bytes result sent to driver
17/02/02 00:25:36 INFO executor.CoarseGrainedExecutorBackend: Got assigned task 58916
17/02/02 00:25:36 INFO executor.Executor: Running task 294.0 in stage 344.0 (TID 58916)
17/02/02 00:25:36 INFO storage.ShuffleBlockFetcherIterator: Getting 495 non-empty blocks out of 930 blocks
17/02/02 00:25:36 INFO storage.ShuffleBlockFetcherIterator: Started 6 remote fetches in 2 ms
17/02/02 00:25:36 INFO python.PythonRunner: Times: total = 283, boot = -22, init = 23, finish = 282
17/02/02 00:25:36 INFO python.PythonRunner: Times: total = 33, boot = -27, init = 28, finish = 32
17/02/02 00:25:36 INFO executor.Executor: Finished task 271.0 in stage 344.0 (TID 58889). 2410 bytes result sent to driver
17/02/02 00:25:36 INFO executor.CoarseGrainedExecutorBackend: Got assigned task 58923
17/02/02 00:25:36 INFO executor.Executor: Running task 300.0 in stage 344.0 (TID 58923)
