17/02/01 23:11:50 INFO storage.ShuffleBlockFetcherIterator: Getting 113 non-empty blocks out of 1920 blocks
17/02/01 23:11:50 INFO storage.ShuffleBlockFetcherIterator: Started 4 remote fetches in 1 ms
17/02/01 23:11:50 INFO python.PythonRunner: Times: total = 43, boot = -10, init = 11, finish = 42
17/02/01 23:11:50 INFO executor.Executor: Finished task 735.0 in stage 239.0 (TID 44953). 1344 bytes result sent to driver
17/02/01 23:11:50 INFO executor.CoarseGrainedExecutorBackend: Got assigned task 44983
17/02/01 23:11:50 INFO executor.Executor: Running task 765.0 in stage 239.0 (TID 44983)
17/02/01 23:11:50 INFO storage.ShuffleBlockFetcherIterator: Getting 114 non-empty blocks out of 1920 blocks
17/02/01 23:11:50 INFO storage.ShuffleBlockFetcherIterator: Started 4 remote fetches in 1 ms
17/02/01 23:11:50 INFO python.PythonRunner: Times: total = 47, boot = -13, init = 15, finish = 45
17/02/01 23:11:50 INFO python.PythonRunner: Times: total = 13, boot = 10, init = 0, finish = 3
17/02/01 23:11:50 INFO executor.Executor: Finished task 762.0 in stage 239.0 (TID 44980). 1344 bytes result sent to driver
17/02/01 23:11:50 INFO executor.Executor: Finished task 737.0 in stage 239.0 (TID 44955). 1344 bytes result sent to driver
17/02/01 23:11:50 INFO executor.CoarseGrainedExecutorBackend: Got assigned task 44988
17/02/01 23:11:50 INFO executor.CoarseGrainedExecutorBackend: Got assigned task 44990
17/02/01 23:11:50 INFO executor.Executor: Running task 770.0 in stage 239.0 (TID 44988)
17/02/01 23:11:50 INFO executor.Executor: Running task 772.0 in stage 239.0 (TID 44990)
17/02/01 23:11:50 INFO storage.ShuffleBlockFetcherIterator: Getting 112 non-empty blocks out of 1920 blocks
17/02/01 23:11:50 INFO storage.ShuffleBlockFetcherIterator: Started 4 remote fetches in 1 ms
17/02/01 23:11:50 INFO storage.ShuffleBlockFetcherIterator: Getting 114 non-empty blocks out of 1920 blocks
17/02/01 23:11:50 INFO python.PythonRunner: Times: total = 43, boot = -7, init = 8, finish = 42
17/02/01 23:11:50 INFO executor.Executor: Finished task 745.0 in stage 239.0 (TID 44963). 1344 bytes result sent to driver
17/02/01 23:11:50 INFO storage.ShuffleBlockFetcherIterator: Started 4 remote fetches in 2 ms
17/02/01 23:11:50 INFO executor.CoarseGrainedExecutorBackend: Got assigned task 44994
17/02/01 23:11:50 INFO executor.Executor: Running task 776.0 in stage 239.0 (TID 44994)
17/02/01 23:11:50 INFO storage.ShuffleBlockFetcherIterator: Getting 113 non-empty blocks out of 1920 blocks
17/02/01 23:11:50 INFO storage.ShuffleBlockFetcherIterator: Started 4 remote fetches in 1 ms
17/02/01 23:11:50 INFO python.PythonRunner: Times: total = 13, boot = 6, init = 0, finish = 7
17/02/01 23:11:50 INFO executor.Executor: Finished task 765.0 in stage 239.0 (TID 44983). 1344 bytes result sent to driver
17/02/01 23:11:50 INFO executor.CoarseGrainedExecutorBackend: Got assigned task 44997
17/02/01 23:11:50 INFO executor.Executor: Running task 779.0 in stage 239.0 (TID 44997)
17/02/01 23:11:50 INFO storage.ShuffleBlockFetcherIterator: Getting 113 non-empty blocks out of 1920 blocks
17/02/01 23:11:50 INFO storage.ShuffleBlockFetcherIterator: Started 4 remote fetches in 1 ms
17/02/01 23:11:50 INFO python.PythonRunner: Times: total = 11, boot = 7, init = 1, finish = 3
17/02/01 23:11:50 INFO executor.Executor: Finished task 776.0 in stage 239.0 (TID 44994). 1344 bytes result sent to driver
17/02/01 23:11:50 INFO executor.CoarseGrainedExecutorBackend: Got assigned task 45002
17/02/01 23:11:50 INFO executor.Executor: Running task 784.0 in stage 239.0 (TID 45002)
17/02/01 23:11:50 INFO storage.ShuffleBlockFetcherIterator: Getting 113 non-empty blocks out of 1920 blocks
17/02/01 23:11:50 INFO storage.ShuffleBlockFetcherIterator: Started 4 remote fetches in 1 ms
17/02/01 23:11:50 INFO python.PythonRunner: Times: total = 45, boot = -13, init = 15, finish = 43
17/02/01 23:11:50 INFO executor.Executor: Finished task 753.0 in stage 239.0 (TID 44971). 1344 bytes result sent to driver
17/02/01 23:11:50 INFO executor.CoarseGrainedExecutorBackend: Got assigned task 45004
17/02/01 23:11:50 INFO executor.Executor: Running task 786.0 in stage 239.0 (TID 45004)
17/02/01 23:11:50 INFO storage.ShuffleBlockFetcherIterator: Getting 110 non-empty blocks out of 1920 blocks
17/02/01 23:11:50 INFO storage.ShuffleBlockFetcherIterator: Started 4 remote fetches in 1 ms
17/02/01 23:11:50 INFO python.PythonRunner: Times: total = 46, boot = -3, init = 4, finish = 45
17/02/01 23:11:50 INFO executor.Executor: Finished task 759.0 in stage 239.0 (TID 44977). 1344 bytes result sent to driver
17/02/01 23:11:50 INFO executor.CoarseGrainedExecutorBackend: Got assigned task 45013
17/02/01 23:11:50 INFO executor.Executor: Running task 795.0 in stage 239.0 (TID 45013)
17/02/01 23:11:50 INFO storage.ShuffleBlockFetcherIterator: Getting 115 non-empty blocks out of 1920 blocks
17/02/01 23:11:50 INFO storage.ShuffleBlockFetcherIterator: Started 4 remote fetches in 1 ms
17/02/01 23:11:50 INFO python.PythonRunner: Times: total = 10, boot = 2, init = 1, finish = 7
17/02/01 23:11:50 INFO executor.Executor: Finished task 795.0 in stage 239.0 (TID 45013). 1344 bytes result sent to driver
17/02/01 23:11:50 INFO python.PythonRunner: Times: total = 44, boot = 0, init = 1, finish = 43
17/02/01 23:11:50 INFO executor.CoarseGrainedExecutorBackend: Got assigned task 45021
17/02/01 23:11:50 INFO executor.Executor: Running task 803.0 in stage 239.0 (TID 45021)
17/02/01 23:11:50 INFO executor.Executor: Finished task 772.0 in stage 239.0 (TID 44990). 1344 bytes result sent to driver
17/02/01 23:11:50 INFO executor.CoarseGrainedExecutorBackend: Got assigned task 45023
17/02/01 23:11:50 INFO executor.Executor: Running task 805.0 in stage 239.0 (TID 45023)
17/02/01 23:11:50 INFO storage.ShuffleBlockFetcherIterator: Getting 117 non-empty blocks out of 1920 blocks
17/02/01 23:11:50 INFO storage.ShuffleBlockFetcherIterator: Started 4 remote fetches in 0 ms
17/02/01 23:11:50 INFO storage.ShuffleBlockFetcherIterator: Getting 112 non-empty blocks out of 1920 blocks
17/02/01 23:11:50 INFO storage.ShuffleBlockFetcherIterator: Started 4 remote fetches in 1 ms
17/02/01 23:11:50 INFO python.PythonRunner: Times: total = 47, boot = -2, init = 3, finish = 46
17/02/01 23:11:50 INFO executor.Executor: Finished task 770.0 in stage 239.0 (TID 44988). 1344 bytes result sent to driver
17/02/01 23:11:50 INFO executor.CoarseGrainedExecutorBackend: Got assigned task 45026
17/02/01 23:11:50 INFO executor.Executor: Running task 808.0 in stage 239.0 (TID 45026)
17/02/01 23:11:50 INFO storage.ShuffleBlockFetcherIterator: Getting 110 non-empty blocks out of 1920 blocks
17/02/01 23:11:50 INFO storage.ShuffleBlockFetcherIterator: Started 4 remote fetches in 1 ms
17/02/01 23:11:50 INFO python.PythonRunner: Times: total = 43, boot = 2, init = 1, finish = 40
17/02/01 23:11:50 INFO executor.Executor: Finished task 779.0 in stage 239.0 (TID 44997). 1344 bytes result sent to driver
17/02/01 23:11:50 INFO executor.CoarseGrainedExecutorBackend: Got assigned task 45032
17/02/01 23:11:50 INFO executor.Executor: Running task 814.0 in stage 239.0 (TID 45032)
17/02/01 23:11:50 INFO storage.ShuffleBlockFetcherIterator: Getting 116 non-empty blocks out of 1920 blocks
17/02/01 23:11:50 INFO storage.ShuffleBlockFetcherIterator: Started 4 remote fetches in 1 ms
17/02/01 23:11:50 INFO python.PythonRunner: Times: total = 45, boot = -3, init = 5, finish = 43
17/02/01 23:11:50 INFO executor.Executor: Finished task 784.0 in stage 239.0 (TID 45002). 1344 bytes result sent to driver
17/02/01 23:11:50 INFO executor.CoarseGrainedExecutorBackend: Got assigned task 45037
17/02/01 23:11:50 INFO executor.Executor: Running task 819.0 in stage 239.0 (TID 45037)
17/02/01 23:11:50 INFO storage.ShuffleBlockFetcherIterator: Getting 115 non-empty blocks out of 1920 blocks
17/02/01 23:11:50 INFO storage.ShuffleBlockFetcherIterator: Started 4 remote fetches in 1 ms
17/02/01 23:11:50 INFO python.PythonRunner: Times: total = 48, boot = -1, init = 2, finish = 47
17/02/01 23:11:50 INFO executor.Executor: Finished task 786.0 in stage 239.0 (TID 45004). 1344 bytes result sent to driver
17/02/01 23:11:50 INFO executor.CoarseGrainedExecutorBackend: Got assigned task 45041
17/02/01 23:11:50 INFO executor.Executor: Running task 823.0 in stage 239.0 (TID 45041)
17/02/01 23:11:50 INFO storage.ShuffleBlockFetcherIterator: Getting 112 non-empty blocks out of 1920 blocks
17/02/01 23:11:50 INFO storage.ShuffleBlockFetcherIterator: Started 4 remote fetches in 1 ms
17/02/01 23:11:50 INFO python.PythonRunner: Times: total = 44, boot = -8, init = 9, finish = 43
17/02/01 23:11:50 INFO python.PythonRunner: Times: total = 45, boot = -14, init = 15, finish = 44
17/02/01 23:11:50 INFO executor.Executor: Finished task 805.0 in stage 239.0 (TID 45023). 1344 bytes result sent to driver
17/02/01 23:11:50 INFO executor.Executor: Finished task 803.0 in stage 239.0 (TID 45021). 1344 bytes result sent to driver
17/02/01 23:11:50 INFO executor.CoarseGrainedExecutorBackend: Got assigned task 45051
17/02/01 23:11:50 INFO executor.Executor: Running task 833.0 in stage 239.0 (TID 45051)
17/02/01 23:11:50 INFO executor.CoarseGrainedExecutorBackend: Got assigned task 45052
17/02/01 23:11:50 INFO executor.Executor: Running task 834.0 in stage 239.0 (TID 45052)
17/02/01 23:11:50 INFO storage.ShuffleBlockFetcherIterator: Getting 113 non-empty blocks out of 1920 blocks
17/02/01 23:11:50 INFO storage.ShuffleBlockFetcherIterator: Started 4 remote fetches in 1 ms
17/02/01 23:11:50 INFO storage.ShuffleBlockFetcherIterator: Getting 113 non-empty blocks out of 1920 blocks
17/02/01 23:11:50 INFO storage.ShuffleBlockFetcherIterator: Started 4 remote fetches in 1 ms
17/02/01 23:11:50 INFO python.PythonRunner: Times: total = 48, boot = -8, init = 10, finish = 46
17/02/01 23:11:50 INFO executor.Executor: Finished task 808.0 in stage 239.0 (TID 45026). 1344 bytes result sent to driver
