17/02/01 23:11:50 INFO storage.ShuffleBlockFetcherIterator: Getting 112 non-empty blocks out of 1920 blocks
17/02/01 23:11:50 INFO storage.ShuffleBlockFetcherIterator: Started 4 remote fetches in 1 ms
17/02/01 23:11:50 INFO python.PythonRunner: Times: total = 17, boot = 10, init = 1, finish = 6
17/02/01 23:11:50 INFO executor.Executor: Finished task 1165.0 in stage 239.0 (TID 45383). 1344 bytes result sent to driver
17/02/01 23:11:50 INFO executor.CoarseGrainedExecutorBackend: Got assigned task 45401
17/02/01 23:11:50 INFO executor.Executor: Running task 1183.0 in stage 239.0 (TID 45401)
17/02/01 23:11:50 INFO storage.ShuffleBlockFetcherIterator: Getting 114 non-empty blocks out of 1920 blocks
17/02/01 23:11:50 INFO storage.ShuffleBlockFetcherIterator: Started 4 remote fetches in 1 ms
17/02/01 23:11:50 INFO python.PythonRunner: Times: total = 49, boot = 6, init = 0, finish = 43
17/02/01 23:11:50 INFO executor.Executor: Finished task 1148.0 in stage 239.0 (TID 45366). 1344 bytes result sent to driver
17/02/01 23:11:50 INFO executor.CoarseGrainedExecutorBackend: Got assigned task 45408
17/02/01 23:11:50 INFO executor.Executor: Running task 1190.0 in stage 239.0 (TID 45408)
17/02/01 23:11:50 INFO python.PythonRunner: Times: total = 21, boot = 10, init = 0, finish = 11
17/02/01 23:11:50 INFO storage.ShuffleBlockFetcherIterator: Getting 112 non-empty blocks out of 1920 blocks
17/02/01 23:11:50 INFO executor.Executor: Finished task 1175.0 in stage 239.0 (TID 45393). 1344 bytes result sent to driver
17/02/01 23:11:50 INFO storage.ShuffleBlockFetcherIterator: Started 4 remote fetches in 1 ms
17/02/01 23:11:50 INFO executor.CoarseGrainedExecutorBackend: Got assigned task 45410
17/02/01 23:11:50 INFO executor.Executor: Running task 1192.0 in stage 239.0 (TID 45410)
17/02/01 23:11:50 INFO storage.ShuffleBlockFetcherIterator: Getting 110 non-empty blocks out of 1920 blocks
17/02/01 23:11:50 INFO storage.ShuffleBlockFetcherIterator: Started 4 remote fetches in 1 ms
17/02/01 23:11:50 INFO python.PythonRunner: Times: total = 55, boot = 6, init = 0, finish = 49
17/02/01 23:11:50 INFO executor.Executor: Finished task 1163.0 in stage 239.0 (TID 45381). 1344 bytes result sent to driver
17/02/01 23:11:50 INFO executor.CoarseGrainedExecutorBackend: Got assigned task 45420
17/02/01 23:11:50 INFO executor.Executor: Running task 1202.0 in stage 239.0 (TID 45420)
17/02/01 23:11:50 INFO storage.ShuffleBlockFetcherIterator: Getting 112 non-empty blocks out of 1920 blocks
17/02/01 23:11:50 INFO storage.ShuffleBlockFetcherIterator: Started 4 remote fetches in 1 ms
17/02/01 23:11:50 INFO python.PythonRunner: Times: total = 59, boot = 6, init = 0, finish = 53
17/02/01 23:11:50 INFO executor.Executor: Finished task 1167.0 in stage 239.0 (TID 45385). 1344 bytes result sent to driver
17/02/01 23:11:50 INFO executor.CoarseGrainedExecutorBackend: Got assigned task 45425
17/02/01 23:11:50 INFO executor.Executor: Running task 1207.0 in stage 239.0 (TID 45425)
17/02/01 23:11:50 INFO storage.ShuffleBlockFetcherIterator: Getting 112 non-empty blocks out of 1920 blocks
17/02/01 23:11:50 INFO storage.ShuffleBlockFetcherIterator: Started 4 remote fetches in 1 ms
17/02/01 23:11:50 INFO python.PythonRunner: Times: total = 63, boot = 15, init = 1, finish = 47
17/02/01 23:11:50 INFO executor.Executor: Finished task 1171.0 in stage 239.0 (TID 45389). 1344 bytes result sent to driver
17/02/01 23:11:50 INFO executor.CoarseGrainedExecutorBackend: Got assigned task 45431
17/02/01 23:11:50 INFO executor.Executor: Running task 1213.0 in stage 239.0 (TID 45431)
17/02/01 23:11:50 INFO python.PythonRunner: Times: total = 49, boot = 1, init = 1, finish = 47
17/02/01 23:11:50 INFO executor.Executor: Finished task 1183.0 in stage 239.0 (TID 45401). 1344 bytes result sent to driver
17/02/01 23:11:50 INFO storage.ShuffleBlockFetcherIterator: Getting 108 non-empty blocks out of 1920 blocks
17/02/01 23:11:50 INFO storage.ShuffleBlockFetcherIterator: Started 4 remote fetches in 1 ms
17/02/01 23:11:50 INFO executor.CoarseGrainedExecutorBackend: Got assigned task 45434
17/02/01 23:11:50 INFO executor.Executor: Running task 1216.0 in stage 239.0 (TID 45434)
17/02/01 23:11:50 INFO storage.ShuffleBlockFetcherIterator: Getting 109 non-empty blocks out of 1920 blocks
17/02/01 23:11:50 INFO storage.ShuffleBlockFetcherIterator: Started 4 remote fetches in 1 ms
17/02/01 23:11:50 INFO python.PythonRunner: Times: total = 45, boot = -5, init = 6, finish = 44
17/02/01 23:11:50 INFO executor.Executor: Finished task 1190.0 in stage 239.0 (TID 45408). 1344 bytes result sent to driver
17/02/01 23:11:50 INFO executor.CoarseGrainedExecutorBackend: Got assigned task 45439
17/02/01 23:11:50 INFO executor.Executor: Running task 1221.0 in stage 239.0 (TID 45439)
17/02/01 23:11:50 INFO python.PythonRunner: Times: total = 5, boot = -26, init = 27, finish = 4
17/02/01 23:11:50 INFO executor.Executor: Finished task 1213.0 in stage 239.0 (TID 45431). 1344 bytes result sent to driver
17/02/01 23:11:50 INFO executor.CoarseGrainedExecutorBackend: Got assigned task 45441
17/02/01 23:11:50 INFO executor.Executor: Running task 1223.0 in stage 239.0 (TID 45441)
17/02/01 23:11:50 INFO storage.ShuffleBlockFetcherIterator: Getting 111 non-empty blocks out of 1920 blocks
17/02/01 23:11:50 INFO storage.ShuffleBlockFetcherIterator: Getting 109 non-empty blocks out of 1920 blocks
17/02/01 23:11:50 INFO storage.ShuffleBlockFetcherIterator: Started 4 remote fetches in 1 ms
17/02/01 23:11:50 INFO storage.ShuffleBlockFetcherIterator: Started 4 remote fetches in 1 ms
17/02/01 23:11:50 INFO python.PythonRunner: Times: total = 48, boot = -11, init = 12, finish = 47
17/02/01 23:11:50 INFO executor.Executor: Finished task 1192.0 in stage 239.0 (TID 45410). 1344 bytes result sent to driver
17/02/01 23:11:50 INFO executor.CoarseGrainedExecutorBackend: Got assigned task 45445
17/02/01 23:11:50 INFO executor.Executor: Running task 1227.0 in stage 239.0 (TID 45445)
17/02/01 23:11:50 INFO storage.ShuffleBlockFetcherIterator: Getting 111 non-empty blocks out of 1920 blocks
17/02/01 23:11:50 INFO storage.ShuffleBlockFetcherIterator: Started 4 remote fetches in 1 ms
17/02/01 23:11:50 INFO python.PythonRunner: Times: total = 45, boot = -15, init = 17, finish = 43
17/02/01 23:11:50 INFO executor.Executor: Finished task 1202.0 in stage 239.0 (TID 45420). 1344 bytes result sent to driver
17/02/01 23:11:50 INFO executor.CoarseGrainedExecutorBackend: Got assigned task 45458
17/02/01 23:11:50 INFO executor.Executor: Running task 1240.0 in stage 239.0 (TID 45458)
17/02/01 23:11:50 INFO storage.ShuffleBlockFetcherIterator: Getting 111 non-empty blocks out of 1920 blocks
17/02/01 23:11:50 INFO storage.ShuffleBlockFetcherIterator: Started 4 remote fetches in 1 ms
17/02/01 23:11:50 INFO python.PythonRunner: Times: total = 16, boot = 9, init = 1, finish = 6
17/02/01 23:11:50 INFO executor.Executor: Finished task 1227.0 in stage 239.0 (TID 45445). 1344 bytes result sent to driver
17/02/01 23:11:50 INFO executor.CoarseGrainedExecutorBackend: Got assigned task 45462
17/02/01 23:11:50 INFO executor.Executor: Running task 1244.0 in stage 239.0 (TID 45462)
17/02/01 23:11:50 INFO storage.ShuffleBlockFetcherIterator: Getting 113 non-empty blocks out of 1920 blocks
17/02/01 23:11:50 INFO storage.ShuffleBlockFetcherIterator: Started 4 remote fetches in 1 ms
17/02/01 23:11:50 INFO python.PythonRunner: Times: total = 44, boot = -19, init = 21, finish = 42
17/02/01 23:11:50 INFO python.PythonRunner: Times: total = 25, boot = 19, init = 0, finish = 6
17/02/01 23:11:50 INFO executor.Executor: Finished task 1207.0 in stage 239.0 (TID 45425). 1344 bytes result sent to driver
17/02/01 23:11:50 INFO executor.Executor: Finished task 1223.0 in stage 239.0 (TID 45441). 1344 bytes result sent to driver
17/02/01 23:11:50 INFO executor.CoarseGrainedExecutorBackend: Got assigned task 45464
17/02/01 23:11:50 INFO executor.Executor: Running task 1246.0 in stage 239.0 (TID 45464)
17/02/01 23:11:50 INFO executor.CoarseGrainedExecutorBackend: Got assigned task 45465
17/02/01 23:11:50 INFO executor.Executor: Running task 1247.0 in stage 239.0 (TID 45465)
17/02/01 23:11:50 INFO storage.ShuffleBlockFetcherIterator: Getting 110 non-empty blocks out of 1920 blocks
17/02/01 23:11:50 INFO storage.ShuffleBlockFetcherIterator: Getting 111 non-empty blocks out of 1920 blocks
17/02/01 23:11:50 INFO storage.ShuffleBlockFetcherIterator: Started 4 remote fetches in 0 ms
17/02/01 23:11:50 INFO storage.ShuffleBlockFetcherIterator: Started 4 remote fetches in 0 ms
17/02/01 23:11:50 INFO python.PythonRunner: Times: total = 16, boot = 10, init = 0, finish = 6
17/02/01 23:11:50 INFO executor.Executor: Finished task 1240.0 in stage 239.0 (TID 45458). 1344 bytes result sent to driver
17/02/01 23:11:50 INFO python.PythonRunner: Times: total = 44, boot = -6, init = 7, finish = 43
17/02/01 23:11:50 INFO executor.Executor: Finished task 1216.0 in stage 239.0 (TID 45434). 1344 bytes result sent to driver
17/02/01 23:11:50 INFO executor.CoarseGrainedExecutorBackend: Got assigned task 45473
17/02/01 23:11:50 INFO executor.Executor: Running task 1255.0 in stage 239.0 (TID 45473)
17/02/01 23:11:50 INFO executor.CoarseGrainedExecutorBackend: Got assigned task 45474
17/02/01 23:11:50 INFO executor.Executor: Running task 1256.0 in stage 239.0 (TID 45474)
17/02/01 23:11:50 INFO storage.ShuffleBlockFetcherIterator: Getting 111 non-empty blocks out of 1920 blocks
17/02/01 23:11:50 INFO storage.ShuffleBlockFetcherIterator: Getting 112 non-empty blocks out of 1920 blocks
17/02/01 23:11:50 INFO python.PythonRunner: Times: total = 10, boot = 8, init = 0, finish = 2
17/02/01 23:11:50 INFO storage.ShuffleBlockFetcherIterator: Started 4 remote fetches in 1 ms
17/02/01 23:11:50 INFO executor.Executor: Finished task 1246.0 in stage 239.0 (TID 45464). 1344 bytes result sent to driver
17/02/01 23:11:50 INFO storage.ShuffleBlockFetcherIterator: Started 4 remote fetches in 1 ms
