17/02/02 00:27:05 INFO storage.ShuffleBlockFetcherIterator: Started 3 remote fetches in 1 ms
17/02/02 00:27:05 INFO python.PythonRunner: Times: total = 167, boot = -100, init = 100, finish = 167
17/02/02 00:27:05 INFO executor.Executor: Finished task 104.0 in stage 347.0 (TID 62508). 1251 bytes result sent to driver
17/02/02 00:27:05 INFO executor.CoarseGrainedExecutorBackend: Got assigned task 62534
17/02/02 00:27:05 INFO executor.Executor: Running task 130.0 in stage 347.0 (TID 62534)
17/02/02 00:27:05 INFO storage.ShuffleBlockFetcherIterator: Getting 930 non-empty blocks out of 1890 blocks
17/02/02 00:27:05 INFO storage.ShuffleBlockFetcherIterator: Started 3 remote fetches in 3 ms
17/02/02 00:27:05 INFO python.PythonRunner: Times: total = 146, boot = -112, init = 113, finish = 145
17/02/02 00:27:05 INFO executor.Executor: Finished task 108.0 in stage 347.0 (TID 62512). 1251 bytes result sent to driver
17/02/02 00:27:05 INFO executor.CoarseGrainedExecutorBackend: Got assigned task 62537
17/02/02 00:27:05 INFO executor.Executor: Running task 133.0 in stage 347.0 (TID 62537)
17/02/02 00:27:05 INFO storage.ShuffleBlockFetcherIterator: Getting 953 non-empty blocks out of 1890 blocks
17/02/02 00:27:05 INFO storage.ShuffleBlockFetcherIterator: Started 3 remote fetches in 2 ms
17/02/02 00:27:05 INFO python.PythonRunner: Times: total = 164, boot = -119, init = 120, finish = 163
17/02/02 00:27:05 INFO executor.Executor: Finished task 111.0 in stage 347.0 (TID 62515). 1251 bytes result sent to driver
17/02/02 00:27:05 INFO executor.CoarseGrainedExecutorBackend: Got assigned task 62543
17/02/02 00:27:05 INFO executor.Executor: Running task 139.0 in stage 347.0 (TID 62543)
17/02/02 00:27:05 INFO storage.ShuffleBlockFetcherIterator: Getting 949 non-empty blocks out of 1890 blocks
17/02/02 00:27:05 INFO storage.ShuffleBlockFetcherIterator: Started 3 remote fetches in 2 ms
17/02/02 00:27:05 INFO python.PythonRunner: Times: total = 149, boot = -152, init = 153, finish = 148
17/02/02 00:27:05 INFO executor.Executor: Finished task 118.0 in stage 347.0 (TID 62522). 1251 bytes result sent to driver
17/02/02 00:27:05 INFO executor.CoarseGrainedExecutorBackend: Got assigned task 62545
17/02/02 00:27:05 INFO executor.Executor: Running task 141.0 in stage 347.0 (TID 62545)
17/02/02 00:27:05 INFO storage.ShuffleBlockFetcherIterator: Getting 963 non-empty blocks out of 1890 blocks
17/02/02 00:27:05 INFO storage.ShuffleBlockFetcherIterator: Started 3 remote fetches in 3 ms
17/02/02 00:27:05 INFO python.PythonRunner: Times: total = 173, boot = -160, init = 161, finish = 172
17/02/02 00:27:05 INFO executor.Executor: Finished task 121.0 in stage 347.0 (TID 62525). 1251 bytes result sent to driver
17/02/02 00:27:05 INFO python.PythonRunner: Times: total = 136, boot = -134, init = 135, finish = 135
17/02/02 00:27:05 INFO executor.Executor: Finished task 125.0 in stage 347.0 (TID 62529). 1251 bytes result sent to driver
17/02/02 00:27:05 INFO executor.CoarseGrainedExecutorBackend: Got assigned task 62548
17/02/02 00:27:05 INFO executor.CoarseGrainedExecutorBackend: Got assigned task 62549
17/02/02 00:27:05 INFO executor.Executor: Running task 144.0 in stage 347.0 (TID 62548)
17/02/02 00:27:05 INFO executor.Executor: Running task 145.0 in stage 347.0 (TID 62549)
17/02/02 00:27:05 INFO storage.ShuffleBlockFetcherIterator: Getting 965 non-empty blocks out of 1890 blocks
17/02/02 00:27:05 INFO storage.ShuffleBlockFetcherIterator: Started 3 remote fetches in 2 ms
17/02/02 00:27:05 INFO storage.ShuffleBlockFetcherIterator: Getting 944 non-empty blocks out of 1890 blocks
17/02/02 00:27:05 INFO storage.ShuffleBlockFetcherIterator: Started 3 remote fetches in 4 ms
17/02/02 00:27:05 INFO python.PythonRunner: Times: total = 172, boot = -142, init = 143, finish = 171
17/02/02 00:27:05 INFO executor.Executor: Finished task 133.0 in stage 347.0 (TID 62537). 1251 bytes result sent to driver
17/02/02 00:27:05 INFO executor.CoarseGrainedExecutorBackend: Got assigned task 62559
17/02/02 00:27:05 INFO executor.Executor: Running task 155.0 in stage 347.0 (TID 62559)
17/02/02 00:27:05 INFO storage.ShuffleBlockFetcherIterator: Getting 940 non-empty blocks out of 1890 blocks
17/02/02 00:27:05 INFO python.PythonRunner: Times: total = 186, boot = -154, init = 155, finish = 185
17/02/02 00:27:05 INFO executor.Executor: Finished task 130.0 in stage 347.0 (TID 62534). 1251 bytes result sent to driver
17/02/02 00:27:05 INFO storage.ShuffleBlockFetcherIterator: Started 3 remote fetches in 3 ms
17/02/02 00:27:05 INFO executor.CoarseGrainedExecutorBackend: Got assigned task 62561
17/02/02 00:27:05 INFO executor.Executor: Running task 157.0 in stage 347.0 (TID 62561)
17/02/02 00:27:05 INFO storage.ShuffleBlockFetcherIterator: Getting 956 non-empty blocks out of 1890 blocks
17/02/02 00:27:05 INFO storage.ShuffleBlockFetcherIterator: Started 3 remote fetches in 2 ms
17/02/02 00:27:05 INFO python.PythonRunner: Times: total = 164, boot = -161, init = 161, finish = 164
17/02/02 00:27:05 INFO executor.Executor: Finished task 139.0 in stage 347.0 (TID 62543). 1251 bytes result sent to driver
17/02/02 00:27:05 INFO executor.CoarseGrainedExecutorBackend: Got assigned task 62568
17/02/02 00:27:05 INFO executor.Executor: Running task 164.0 in stage 347.0 (TID 62568)
17/02/02 00:27:05 INFO storage.ShuffleBlockFetcherIterator: Getting 945 non-empty blocks out of 1890 blocks
17/02/02 00:27:05 INFO storage.ShuffleBlockFetcherIterator: Started 3 remote fetches in 2 ms
17/02/02 00:27:05 INFO python.PythonRunner: Times: total = 136, boot = -162, init = 163, finish = 135
17/02/02 00:27:05 INFO executor.Executor: Finished task 145.0 in stage 347.0 (TID 62549). 1251 bytes result sent to driver
17/02/02 00:27:05 INFO executor.CoarseGrainedExecutorBackend: Got assigned task 62571
17/02/02 00:27:05 INFO executor.Executor: Running task 167.0 in stage 347.0 (TID 62571)
17/02/02 00:27:05 INFO storage.ShuffleBlockFetcherIterator: Getting 955 non-empty blocks out of 1890 blocks
17/02/02 00:27:05 INFO storage.ShuffleBlockFetcherIterator: Started 3 remote fetches in 4 ms
17/02/02 00:27:05 INFO python.PythonRunner: Times: total = 201, boot = -134, init = 135, finish = 200
17/02/02 00:27:05 INFO executor.Executor: Finished task 141.0 in stage 347.0 (TID 62545). 1251 bytes result sent to driver
17/02/02 00:27:05 INFO executor.CoarseGrainedExecutorBackend: Got assigned task 62574
17/02/02 00:27:05 INFO executor.Executor: Running task 170.0 in stage 347.0 (TID 62574)
17/02/02 00:27:05 INFO storage.ShuffleBlockFetcherIterator: Getting 959 non-empty blocks out of 1890 blocks
17/02/02 00:27:05 INFO storage.ShuffleBlockFetcherIterator: Started 3 remote fetches in 3 ms
17/02/02 00:27:05 INFO python.PythonRunner: Times: total = 190, boot = -136, init = 137, finish = 189
17/02/02 00:27:05 INFO executor.Executor: Finished task 144.0 in stage 347.0 (TID 62548). 1251 bytes result sent to driver
17/02/02 00:27:05 INFO executor.CoarseGrainedExecutorBackend: Got assigned task 62580
17/02/02 00:27:05 INFO executor.Executor: Running task 176.0 in stage 347.0 (TID 62580)
17/02/02 00:27:05 INFO storage.ShuffleBlockFetcherIterator: Getting 954 non-empty blocks out of 1890 blocks
17/02/02 00:27:05 INFO storage.ShuffleBlockFetcherIterator: Started 3 remote fetches in 2 ms
17/02/02 00:27:05 INFO python.PythonRunner: Times: total = 142, boot = -166, init = 167, finish = 141
17/02/02 00:27:05 INFO executor.Executor: Finished task 157.0 in stage 347.0 (TID 62561). 1251 bytes result sent to driver
17/02/02 00:27:05 INFO executor.CoarseGrainedExecutorBackend: Got assigned task 62583
17/02/02 00:27:05 INFO executor.Executor: Running task 179.0 in stage 347.0 (TID 62583)
17/02/02 00:27:05 INFO storage.ShuffleBlockFetcherIterator: Getting 946 non-empty blocks out of 1890 blocks
17/02/02 00:27:05 INFO storage.ShuffleBlockFetcherIterator: Started 3 remote fetches in 2 ms
17/02/02 00:27:05 INFO python.PythonRunner: Times: total = 156, boot = -176, init = 177, finish = 155
17/02/02 00:27:05 INFO executor.Executor: Finished task 155.0 in stage 347.0 (TID 62559). 1251 bytes result sent to driver
17/02/02 00:27:05 INFO executor.CoarseGrainedExecutorBackend: Got assigned task 62585
17/02/02 00:27:05 INFO executor.Executor: Running task 181.0 in stage 347.0 (TID 62585)
17/02/02 00:27:05 INFO storage.ShuffleBlockFetcherIterator: Getting 949 non-empty blocks out of 1890 blocks
17/02/02 00:27:05 INFO storage.ShuffleBlockFetcherIterator: Started 3 remote fetches in 3 ms
17/02/02 00:27:05 INFO python.PythonRunner: Times: total = 280, boot = -175, init = 176, finish = 279
17/02/02 00:27:05 INFO executor.Executor: Finished task 164.0 in stage 347.0 (TID 62568). 1251 bytes result sent to driver
17/02/02 00:27:05 INFO executor.CoarseGrainedExecutorBackend: Got assigned task 62597
17/02/02 00:27:05 INFO executor.Executor: Running task 193.0 in stage 347.0 (TID 62597)
17/02/02 00:27:05 INFO storage.ShuffleBlockFetcherIterator: Getting 943 non-empty blocks out of 1890 blocks
17/02/02 00:27:05 INFO storage.ShuffleBlockFetcherIterator: Started 3 remote fetches in 4 ms
17/02/02 00:27:05 INFO python.PythonRunner: Times: total = 297, boot = -177, init = 177, finish = 297
17/02/02 00:27:05 INFO executor.Executor: Finished task 167.0 in stage 347.0 (TID 62571). 1251 bytes result sent to driver
17/02/02 00:27:05 INFO executor.CoarseGrainedExecutorBackend: Got assigned task 62600
17/02/02 00:27:05 INFO executor.Executor: Running task 196.0 in stage 347.0 (TID 62600)
17/02/02 00:27:05 INFO storage.ShuffleBlockFetcherIterator: Getting 953 non-empty blocks out of 1890 blocks
17/02/02 00:27:05 INFO storage.ShuffleBlockFetcherIterator: Started 3 remote fetches in 5 ms
17/02/02 00:27:05 INFO python.PythonRunner: Times: total = 322, boot = -141, init = 142, finish = 321
17/02/02 00:27:05 INFO executor.Executor: Finished task 170.0 in stage 347.0 (TID 62574). 1251 bytes result sent to driver
17/02/02 00:27:05 INFO executor.CoarseGrainedExecutorBackend: Got assigned task 62607
