17/02/01 23:11:08 INFO storage.ShuffleBlockFetcherIterator: Getting 955 non-empty blocks out of 1890 blocks
17/02/01 23:11:08 INFO storage.ShuffleBlockFetcherIterator: Started 4 remote fetches in 10 ms
17/02/01 23:11:08 INFO python.PythonRunner: Times: total = 152, boot = 17, init = 0, finish = 135
17/02/01 23:11:08 INFO executor.Executor: Finished task 218.0 in stage 221.0 (TID 38706). 1251 bytes result sent to driver
17/02/01 23:11:08 INFO executor.CoarseGrainedExecutorBackend: Got assigned task 38729
17/02/01 23:11:08 INFO executor.Executor: Running task 241.0 in stage 221.0 (TID 38729)
17/02/01 23:11:08 INFO storage.ShuffleBlockFetcherIterator: Getting 957 non-empty blocks out of 1890 blocks
17/02/01 23:11:08 INFO storage.ShuffleBlockFetcherIterator: Started 4 remote fetches in 2 ms
17/02/01 23:11:08 INFO python.PythonRunner: Times: total = 120, boot = 13, init = 0, finish = 107
17/02/01 23:11:08 INFO executor.Executor: Finished task 222.0 in stage 221.0 (TID 38710). 1251 bytes result sent to driver
17/02/01 23:11:08 INFO executor.CoarseGrainedExecutorBackend: Got assigned task 38734
17/02/01 23:11:08 INFO executor.Executor: Running task 246.0 in stage 221.0 (TID 38734)
17/02/01 23:11:08 INFO storage.ShuffleBlockFetcherIterator: Getting 966 non-empty blocks out of 1890 blocks
17/02/01 23:11:08 INFO storage.ShuffleBlockFetcherIterator: Started 4 remote fetches in 7 ms
17/02/01 23:11:08 INFO python.PythonRunner: Times: total = 147, boot = 18, init = 15, finish = 114
17/02/01 23:11:08 INFO executor.Executor: Finished task 227.0 in stage 221.0 (TID 38715). 1251 bytes result sent to driver
17/02/01 23:11:08 INFO executor.CoarseGrainedExecutorBackend: Got assigned task 38739
17/02/01 23:11:08 INFO executor.Executor: Running task 251.0 in stage 221.0 (TID 38739)
17/02/01 23:11:08 INFO storage.ShuffleBlockFetcherIterator: Getting 937 non-empty blocks out of 1890 blocks
17/02/01 23:11:08 INFO storage.ShuffleBlockFetcherIterator: Started 3 remote fetches in 5 ms
17/02/01 23:11:08 INFO python.PythonRunner: Times: total = 150, boot = 7, init = 33, finish = 110
17/02/01 23:11:08 INFO executor.Executor: Finished task 230.0 in stage 221.0 (TID 38718). 1251 bytes result sent to driver
17/02/01 23:11:08 INFO executor.CoarseGrainedExecutorBackend: Got assigned task 38743
17/02/01 23:11:08 INFO executor.Executor: Running task 255.0 in stage 221.0 (TID 38743)
17/02/01 23:11:08 INFO python.PythonRunner: Times: total = 136, boot = 19, init = 37, finish = 80
17/02/01 23:11:08 INFO executor.Executor: Finished task 233.0 in stage 221.0 (TID 38721). 1251 bytes result sent to driver
17/02/01 23:11:08 INFO executor.CoarseGrainedExecutorBackend: Got assigned task 38745
17/02/01 23:11:08 INFO executor.Executor: Running task 257.0 in stage 221.0 (TID 38745)
17/02/01 23:11:08 INFO storage.ShuffleBlockFetcherIterator: Getting 959 non-empty blocks out of 1890 blocks
17/02/01 23:11:08 INFO storage.ShuffleBlockFetcherIterator: Started 4 remote fetches in 5 ms
17/02/01 23:11:08 INFO storage.ShuffleBlockFetcherIterator: Getting 935 non-empty blocks out of 1890 blocks
17/02/01 23:11:08 INFO storage.ShuffleBlockFetcherIterator: Started 3 remote fetches in 4 ms
17/02/01 23:11:08 INFO python.PythonRunner: Times: total = 132, boot = 5, init = 42, finish = 85
17/02/01 23:11:08 INFO executor.Executor: Finished task 239.0 in stage 221.0 (TID 38727). 1251 bytes result sent to driver
17/02/01 23:11:08 INFO executor.CoarseGrainedExecutorBackend: Got assigned task 38748
17/02/01 23:11:08 INFO executor.Executor: Running task 260.0 in stage 221.0 (TID 38748)
17/02/01 23:11:08 INFO storage.ShuffleBlockFetcherIterator: Getting 949 non-empty blocks out of 1890 blocks
17/02/01 23:11:08 INFO storage.ShuffleBlockFetcherIterator: Started 4 remote fetches in 4 ms
17/02/01 23:11:08 INFO python.PythonRunner: Times: total = 150, boot = 19, init = 31, finish = 100
17/02/01 23:11:08 INFO executor.Executor: Finished task 241.0 in stage 221.0 (TID 38729). 1251 bytes result sent to driver
17/02/01 23:11:08 INFO executor.CoarseGrainedExecutorBackend: Got assigned task 38753
17/02/01 23:11:08 INFO executor.Executor: Running task 265.0 in stage 221.0 (TID 38753)
17/02/01 23:11:08 INFO storage.ShuffleBlockFetcherIterator: Getting 943 non-empty blocks out of 1890 blocks
17/02/01 23:11:08 INFO storage.ShuffleBlockFetcherIterator: Started 3 remote fetches in 3 ms
17/02/01 23:11:08 INFO python.PythonRunner: Times: total = 142, boot = 5, init = 36, finish = 101
17/02/01 23:11:08 INFO executor.Executor: Finished task 246.0 in stage 221.0 (TID 38734). 1251 bytes result sent to driver
17/02/01 23:11:08 INFO executor.CoarseGrainedExecutorBackend: Got assigned task 38758
17/02/01 23:11:08 INFO executor.Executor: Running task 270.0 in stage 221.0 (TID 38758)
17/02/01 23:11:08 INFO storage.ShuffleBlockFetcherIterator: Getting 932 non-empty blocks out of 1890 blocks
17/02/01 23:11:08 INFO storage.ShuffleBlockFetcherIterator: Started 4 remote fetches in 5 ms
17/02/01 23:11:08 INFO python.PythonRunner: Times: total = 141, boot = 19, init = 14, finish = 108
17/02/01 23:11:08 INFO executor.Executor: Finished task 251.0 in stage 221.0 (TID 38739). 1251 bytes result sent to driver
17/02/01 23:11:08 INFO executor.CoarseGrainedExecutorBackend: Got assigned task 38763
17/02/01 23:11:08 INFO executor.Executor: Running task 275.0 in stage 221.0 (TID 38763)
17/02/01 23:11:08 INFO storage.ShuffleBlockFetcherIterator: Getting 949 non-empty blocks out of 1890 blocks
17/02/01 23:11:08 INFO storage.ShuffleBlockFetcherIterator: Started 4 remote fetches in 6 ms
17/02/01 23:11:08 INFO python.PythonRunner: Times: total = 195, boot = 8, init = 19, finish = 168
17/02/01 23:11:08 INFO executor.Executor: Finished task 255.0 in stage 221.0 (TID 38743). 1251 bytes result sent to driver
17/02/01 23:11:08 INFO executor.CoarseGrainedExecutorBackend: Got assigned task 38774
17/02/01 23:11:08 INFO executor.Executor: Running task 286.0 in stage 221.0 (TID 38774)
17/02/01 23:11:08 INFO storage.ShuffleBlockFetcherIterator: Getting 939 non-empty blocks out of 1890 blocks
17/02/01 23:11:08 INFO storage.ShuffleBlockFetcherIterator: Started 3 remote fetches in 8 ms
17/02/01 23:11:08 INFO python.PythonRunner: Times: total = 218, boot = 10, init = 31, finish = 177
17/02/01 23:11:08 INFO executor.Executor: Finished task 257.0 in stage 221.0 (TID 38745). 1251 bytes result sent to driver
17/02/01 23:11:08 INFO executor.CoarseGrainedExecutorBackend: Got assigned task 38777
17/02/01 23:11:08 INFO executor.Executor: Running task 289.0 in stage 221.0 (TID 38777)
17/02/01 23:11:08 INFO storage.ShuffleBlockFetcherIterator: Getting 943 non-empty blocks out of 1890 blocks
17/02/01 23:11:08 INFO storage.ShuffleBlockFetcherIterator: Started 4 remote fetches in 4 ms
17/02/01 23:11:08 INFO python.PythonRunner: Times: total = 226, boot = 13, init = 19, finish = 194
17/02/01 23:11:08 INFO executor.Executor: Finished task 260.0 in stage 221.0 (TID 38748). 1251 bytes result sent to driver
17/02/01 23:11:08 INFO executor.CoarseGrainedExecutorBackend: Got assigned task 38782
17/02/01 23:11:08 INFO executor.Executor: Running task 294.0 in stage 221.0 (TID 38782)
17/02/01 23:11:08 INFO storage.ShuffleBlockFetcherIterator: Getting 958 non-empty blocks out of 1890 blocks
17/02/01 23:11:08 INFO storage.ShuffleBlockFetcherIterator: Started 4 remote fetches in 8 ms
17/02/01 23:11:08 INFO python.PythonRunner: Times: total = 216, boot = 19, init = 0, finish = 197
17/02/01 23:11:08 INFO executor.Executor: Finished task 265.0 in stage 221.0 (TID 38753). 1251 bytes result sent to driver
17/02/01 23:11:08 INFO executor.CoarseGrainedExecutorBackend: Got assigned task 38787
17/02/01 23:11:08 INFO executor.Executor: Running task 299.0 in stage 221.0 (TID 38787)
17/02/01 23:11:08 INFO storage.ShuffleBlockFetcherIterator: Getting 934 non-empty blocks out of 1890 blocks
17/02/01 23:11:08 INFO storage.ShuffleBlockFetcherIterator: Started 3 remote fetches in 4 ms
17/02/01 23:11:08 INFO python.PythonRunner: Times: total = 211, boot = 17, init = 9, finish = 185
17/02/01 23:11:08 INFO executor.Executor: Finished task 270.0 in stage 221.0 (TID 38758). 1251 bytes result sent to driver
17/02/01 23:11:08 INFO executor.CoarseGrainedExecutorBackend: Got assigned task 38791
17/02/01 23:11:08 INFO executor.Executor: Running task 303.0 in stage 221.0 (TID 38791)
17/02/01 23:11:08 INFO storage.ShuffleBlockFetcherIterator: Getting 956 non-empty blocks out of 1890 blocks
17/02/01 23:11:08 INFO storage.ShuffleBlockFetcherIterator: Started 4 remote fetches in 4 ms
17/02/01 23:11:08 INFO python.PythonRunner: Times: total = 166, boot = -38, init = 42, finish = 162
17/02/01 23:11:08 INFO executor.Executor: Finished task 275.0 in stage 221.0 (TID 38763). 1251 bytes result sent to driver
17/02/01 23:11:08 INFO executor.CoarseGrainedExecutorBackend: Got assigned task 38798
17/02/01 23:11:08 INFO python.PythonRunner: Times: total = 142, boot = 5, init = 0, finish = 137
17/02/01 23:11:08 INFO executor.Executor: Running task 310.0 in stage 221.0 (TID 38798)
17/02/01 23:11:08 INFO executor.Executor: Finished task 286.0 in stage 221.0 (TID 38774). 1251 bytes result sent to driver
17/02/01 23:11:08 INFO executor.CoarseGrainedExecutorBackend: Got assigned task 38799
17/02/01 23:11:08 INFO executor.Executor: Running task 311.0 in stage 221.0 (TID 38799)
17/02/01 23:11:08 INFO storage.ShuffleBlockFetcherIterator: Getting 945 non-empty blocks out of 1890 blocks
17/02/01 23:11:08 INFO storage.ShuffleBlockFetcherIterator: Getting 955 non-empty blocks out of 1890 blocks
17/02/01 23:11:08 INFO storage.ShuffleBlockFetcherIterator: Started 4 remote fetches in 4 ms
17/02/01 23:11:08 INFO storage.ShuffleBlockFetcherIterator: Started 4 remote fetches in 8 ms
17/02/01 23:11:08 INFO python.PythonRunner: Times: total = 170, boot = 10, init = 0, finish = 160
17/02/01 23:11:08 INFO executor.Executor: Finished task 289.0 in stage 221.0 (TID 38777). 1251 bytes result sent to driver
