17/02/02 00:13:41 INFO python.PythonRunner: Times: total = 646, boot = -522, init = 523, finish = 645
17/02/02 00:13:41 INFO python.PythonRunner: Times: total = 452, boot = -552, init = 553, finish = 451
17/02/02 00:13:41 INFO python.PythonRunner: Times: total = 427, boot = -574, init = 575, finish = 426
17/02/02 00:13:41 INFO python.PythonRunner: Times: total = 619, boot = -439, init = 442, finish = 616
17/02/02 00:13:41 INFO python.PythonRunner: Times: total = 561, boot = -541, init = 543, finish = 559
17/02/02 00:13:41 INFO executor.Executor: Finished task 520.0 in stage 315.0 (TID 54374). 2380 bytes result sent to driver
17/02/02 00:13:41 INFO executor.CoarseGrainedExecutorBackend: Got assigned task 54392
17/02/02 00:13:41 INFO executor.Executor: Running task 538.0 in stage 315.0 (TID 54392)
17/02/02 00:13:41 INFO storage.ShuffleBlockFetcherIterator: Getting 480 non-empty blocks out of 480 blocks
17/02/02 00:13:41 INFO storage.ShuffleBlockFetcherIterator: Started 5 remote fetches in 1 ms
17/02/02 00:13:41 INFO python.PythonRunner: Times: total = 474, boot = -555, init = 556, finish = 473
17/02/02 00:13:41 INFO executor.Executor: Finished task 521.0 in stage 315.0 (TID 54375). 2380 bytes result sent to driver
17/02/02 00:13:41 INFO executor.CoarseGrainedExecutorBackend: Got assigned task 54397
17/02/02 00:13:41 INFO executor.Executor: Running task 543.0 in stage 315.0 (TID 54397)
17/02/02 00:13:41 INFO storage.ShuffleBlockFetcherIterator: Getting 480 non-empty blocks out of 480 blocks
17/02/02 00:13:41 INFO storage.ShuffleBlockFetcherIterator: Started 6 remote fetches in 1 ms
17/02/02 00:13:41 INFO executor.Executor: Finished task 525.0 in stage 315.0 (TID 54379). 2380 bytes result sent to driver
17/02/02 00:13:41 INFO executor.CoarseGrainedExecutorBackend: Got assigned task 54398
17/02/02 00:13:41 INFO executor.Executor: Running task 544.0 in stage 315.0 (TID 54398)
17/02/02 00:13:41 INFO storage.ShuffleBlockFetcherIterator: Getting 480 non-empty blocks out of 480 blocks
17/02/02 00:13:41 INFO storage.ShuffleBlockFetcherIterator: Started 6 remote fetches in 1 ms
17/02/02 00:13:42 INFO python.PythonRunner: Times: total = 618, boot = -400, init = 401, finish = 617
17/02/02 00:13:42 INFO executor.Executor: Finished task 528.0 in stage 315.0 (TID 54382). 2380 bytes result sent to driver
17/02/02 00:13:42 INFO executor.CoarseGrainedExecutorBackend: Got assigned task 54403
17/02/02 00:13:42 INFO executor.Executor: Running task 549.0 in stage 315.0 (TID 54403)
17/02/02 00:13:42 INFO storage.ShuffleBlockFetcherIterator: Getting 480 non-empty blocks out of 480 blocks
17/02/02 00:13:42 INFO storage.ShuffleBlockFetcherIterator: Started 6 remote fetches in 1 ms
17/02/02 00:13:42 INFO python.PythonRunner: Times: total = 794, boot = -374, init = 376, finish = 792
17/02/02 00:13:42 INFO python.PythonRunner: Times: total = 864, boot = -363, init = 364, finish = 863
17/02/02 00:13:42 INFO python.PythonRunner: Times: total = 582, boot = -484, init = 485, finish = 581
17/02/02 00:13:42 INFO executor.Executor: Finished task 529.0 in stage 315.0 (TID 54383). 2380 bytes result sent to driver
17/02/02 00:13:42 INFO executor.CoarseGrainedExecutorBackend: Got assigned task 54406
17/02/02 00:13:42 INFO executor.Executor: Running task 552.0 in stage 315.0 (TID 54406)
17/02/02 00:13:42 INFO storage.ShuffleBlockFetcherIterator: Getting 480 non-empty blocks out of 480 blocks
17/02/02 00:13:42 INFO storage.ShuffleBlockFetcherIterator: Started 6 remote fetches in 1 ms
17/02/02 00:13:42 INFO python.PythonRunner: Times: total = 557, boot = -434, init = 434, finish = 557
17/02/02 00:13:42 INFO python.PythonRunner: Times: total = 735, boot = -512, init = 513, finish = 734
17/02/02 00:13:42 INFO executor.Executor: Finished task 530.0 in stage 315.0 (TID 54384). 2380 bytes result sent to driver
17/02/02 00:13:42 INFO executor.CoarseGrainedExecutorBackend: Got assigned task 54408
17/02/02 00:13:42 INFO executor.Executor: Running task 554.0 in stage 315.0 (TID 54408)
17/02/02 00:13:42 INFO storage.ShuffleBlockFetcherIterator: Getting 480 non-empty blocks out of 480 blocks
17/02/02 00:13:42 INFO storage.ShuffleBlockFetcherIterator: Started 6 remote fetches in 1 ms
17/02/02 00:13:42 INFO python.PythonRunner: Times: total = 555, boot = -512, init = 512, finish = 555
17/02/02 00:13:42 INFO python.PythonRunner: Times: total = 725, boot = -520, init = 522, finish = 723
17/02/02 00:13:42 INFO python.PythonRunner: Times: total = 681, boot = -510, init = 512, finish = 679
17/02/02 00:13:42 INFO python.PythonRunner: Times: total = 792, boot = -503, init = 505, finish = 790
17/02/02 00:13:43 INFO python.PythonRunner: Times: total = 632, boot = -662, init = 663, finish = 631
17/02/02 00:13:43 INFO python.PythonRunner: Times: total = 511, boot = -512, init = 513, finish = 510
17/02/02 00:13:43 INFO python.PythonRunner: Times: total = 608, boot = -626, init = 627, finish = 607
17/02/02 00:13:43 INFO executor.Executor: Finished task 543.0 in stage 315.0 (TID 54397). 2380 bytes result sent to driver
17/02/02 00:13:43 INFO executor.CoarseGrainedExecutorBackend: Got assigned task 54412
17/02/02 00:13:43 INFO executor.Executor: Finished task 538.0 in stage 315.0 (TID 54392). 2380 bytes result sent to driver
17/02/02 00:13:43 INFO executor.Executor: Running task 558.0 in stage 315.0 (TID 54412)
17/02/02 00:13:43 INFO storage.ShuffleBlockFetcherIterator: Getting 480 non-empty blocks out of 480 blocks
17/02/02 00:13:43 INFO executor.CoarseGrainedExecutorBackend: Got assigned task 54413
17/02/02 00:13:43 INFO executor.Executor: Running task 559.0 in stage 315.0 (TID 54413)
17/02/02 00:13:43 INFO storage.ShuffleBlockFetcherIterator: Started 6 remote fetches in 1 ms
17/02/02 00:13:43 INFO storage.ShuffleBlockFetcherIterator: Getting 480 non-empty blocks out of 480 blocks
17/02/02 00:13:43 INFO storage.ShuffleBlockFetcherIterator: Started 6 remote fetches in 0 ms
17/02/02 00:13:43 INFO executor.Executor: Finished task 544.0 in stage 315.0 (TID 54398). 2380 bytes result sent to driver
17/02/02 00:13:43 INFO executor.CoarseGrainedExecutorBackend: Got assigned task 54416
17/02/02 00:13:43 INFO executor.Executor: Running task 562.0 in stage 315.0 (TID 54416)
17/02/02 00:13:43 INFO storage.ShuffleBlockFetcherIterator: Getting 480 non-empty blocks out of 480 blocks
17/02/02 00:13:43 INFO storage.ShuffleBlockFetcherIterator: Started 6 remote fetches in 1 ms
17/02/02 00:13:43 INFO executor.Executor: Finished task 549.0 in stage 315.0 (TID 54403). 2380 bytes result sent to driver
17/02/02 00:13:43 INFO executor.CoarseGrainedExecutorBackend: Got assigned task 54417
17/02/02 00:13:43 INFO executor.Executor: Running task 563.0 in stage 315.0 (TID 54417)
17/02/02 00:13:43 INFO storage.ShuffleBlockFetcherIterator: Getting 480 non-empty blocks out of 480 blocks
17/02/02 00:13:43 INFO storage.ShuffleBlockFetcherIterator: Started 6 remote fetches in 2 ms
17/02/02 00:13:43 INFO python.PythonRunner: Times: total = 646, boot = -417, init = 418, finish = 645
17/02/02 00:13:44 INFO python.PythonRunner: Times: total = 1083, boot = -595, init = 596, finish = 1082
17/02/02 00:13:44 INFO python.PythonRunner: Times: total = 837, boot = -472, init = 473, finish = 836
17/02/02 00:13:43 INFO python.PythonRunner: Times: total = 842, boot = -620, init = 621, finish = 841
17/02/02 00:13:43 INFO python.PythonRunner: Times: total = 681, boot = -691, init = 692, finish = 680
17/02/02 00:13:43 INFO python.PythonRunner: Times: total = 1048, boot = -572, init = 573, finish = 1047
17/02/02 00:13:44 INFO executor.Executor: Finished task 552.0 in stage 315.0 (TID 54406). 2380 bytes result sent to driver
17/02/02 00:13:44 INFO executor.CoarseGrainedExecutorBackend: Got assigned task 54436
17/02/02 00:13:44 INFO executor.Executor: Running task 582.0 in stage 315.0 (TID 54436)
17/02/02 00:13:44 INFO storage.ShuffleBlockFetcherIterator: Getting 480 non-empty blocks out of 480 blocks
17/02/02 00:13:44 INFO storage.ShuffleBlockFetcherIterator: Started 6 remote fetches in 1 ms
17/02/02 00:13:44 INFO executor.Executor: Finished task 554.0 in stage 315.0 (TID 54408). 2380 bytes result sent to driver
17/02/02 00:13:44 INFO executor.CoarseGrainedExecutorBackend: Got assigned task 54438
17/02/02 00:13:44 INFO executor.Executor: Running task 584.0 in stage 315.0 (TID 54438)
17/02/02 00:13:44 INFO storage.ShuffleBlockFetcherIterator: Getting 480 non-empty blocks out of 480 blocks
17/02/02 00:13:44 INFO storage.ShuffleBlockFetcherIterator: Started 5 remote fetches in 2 ms
17/02/02 00:13:44 INFO python.PythonRunner: Times: total = 841, boot = -659, init = 660, finish = 840
17/02/02 00:13:44 INFO python.PythonRunner: Times: total = 1071, boot = -553, init = 555, finish = 1069
17/02/02 00:13:44 INFO python.PythonRunner: Times: total = 1027, boot = -577, init = 579, finish = 1025
17/02/02 00:13:44 INFO python.PythonRunner: Times: total = 859, boot = -672, init = 675, finish = 856
17/02/02 00:13:44 INFO executor.Executor: Finished task 562.0 in stage 315.0 (TID 54416). 2380 bytes result sent to driver
17/02/02 00:13:44 INFO executor.CoarseGrainedExecutorBackend: Got assigned task 54440
17/02/02 00:13:44 INFO executor.Executor: Running task 586.0 in stage 315.0 (TID 54440)
17/02/02 00:13:44 INFO executor.Executor: Finished task 563.0 in stage 315.0 (TID 54417). 2380 bytes result sent to driver
17/02/02 00:13:44 INFO storage.ShuffleBlockFetcherIterator: Getting 480 non-empty blocks out of 480 blocks
17/02/02 00:13:44 INFO storage.ShuffleBlockFetcherIterator: Started 6 remote fetches in 1 ms
17/02/02 00:13:44 INFO executor.CoarseGrainedExecutorBackend: Got assigned task 54441
17/02/02 00:13:44 INFO executor.Executor: Running task 587.0 in stage 315.0 (TID 54441)
17/02/02 00:13:44 INFO storage.ShuffleBlockFetcherIterator: Getting 480 non-empty blocks out of 480 blocks
17/02/02 00:13:44 INFO storage.ShuffleBlockFetcherIterator: Started 6 remote fetches in 1 ms
17/02/02 00:13:44 INFO executor.Executor: Finished task 558.0 in stage 315.0 (TID 54412). 2380 bytes result sent to driver
