17/02/01 23:11:44 INFO executor.Executor: Running task 667.0 in stage 238.0 (TID 42965)
17/02/01 23:11:44 INFO storage.ShuffleBlockFetcherIterator: Getting 93 non-empty blocks out of 1920 blocks
17/02/01 23:11:44 INFO storage.ShuffleBlockFetcherIterator: Started 4 remote fetches in 1 ms
17/02/01 23:11:44 INFO python.PythonRunner: Times: total = 15, boot = -9, init = 10, finish = 14
17/02/01 23:11:44 INFO python.PythonRunner: Times: total = 50, boot = -8, init = 10, finish = 48
17/02/01 23:11:44 INFO executor.Executor: Finished task 646.0 in stage 238.0 (TID 42944). 3378 bytes result sent to driver
17/02/01 23:11:44 INFO executor.CoarseGrainedExecutorBackend: Got assigned task 42971
17/02/01 23:11:44 INFO executor.Executor: Running task 673.0 in stage 238.0 (TID 42971)
17/02/01 23:11:44 INFO storage.ShuffleBlockFetcherIterator: Getting 93 non-empty blocks out of 1920 blocks
17/02/01 23:11:44 INFO storage.ShuffleBlockFetcherIterator: Started 4 remote fetches in 1 ms
17/02/01 23:11:44 INFO executor.Executor: Finished task 649.0 in stage 238.0 (TID 42947). 3378 bytes result sent to driver
17/02/01 23:11:44 INFO python.PythonRunner: Times: total = 13, boot = -10, init = 12, finish = 11
17/02/01 23:11:44 INFO executor.CoarseGrainedExecutorBackend: Got assigned task 42976
17/02/01 23:11:44 INFO executor.Executor: Running task 678.0 in stage 238.0 (TID 42976)
17/02/01 23:11:44 INFO storage.ShuffleBlockFetcherIterator: Getting 93 non-empty blocks out of 1920 blocks
17/02/01 23:11:44 INFO python.PythonRunner: Times: total = 12, boot = 3, init = 0, finish = 9
17/02/01 23:11:44 INFO storage.ShuffleBlockFetcherIterator: Started 4 remote fetches in 1 ms
17/02/01 23:11:44 INFO executor.Executor: Finished task 653.0 in stage 238.0 (TID 42951). 3378 bytes result sent to driver
17/02/01 23:11:44 INFO executor.Executor: Finished task 658.0 in stage 238.0 (TID 42956). 3378 bytes result sent to driver
17/02/01 23:11:44 INFO executor.CoarseGrainedExecutorBackend: Got assigned task 42980
17/02/01 23:11:44 INFO executor.Executor: Running task 682.0 in stage 238.0 (TID 42980)
17/02/01 23:11:44 INFO executor.CoarseGrainedExecutorBackend: Got assigned task 42981
17/02/01 23:11:44 INFO executor.Executor: Running task 683.0 in stage 238.0 (TID 42981)
17/02/01 23:11:44 INFO storage.ShuffleBlockFetcherIterator: Getting 93 non-empty blocks out of 1920 blocks
17/02/01 23:11:44 INFO storage.ShuffleBlockFetcherIterator: Started 4 remote fetches in 1 ms
17/02/01 23:11:44 INFO storage.ShuffleBlockFetcherIterator: Getting 93 non-empty blocks out of 1920 blocks
17/02/01 23:11:44 INFO storage.ShuffleBlockFetcherIterator: Started 4 remote fetches in 1 ms
17/02/01 23:11:44 INFO python.PythonRunner: Times: total = 14, boot = -31, init = 33, finish = 12
17/02/01 23:11:44 INFO python.PythonRunner: Times: total = 54, boot = -4, init = 6, finish = 52
17/02/01 23:11:44 INFO executor.Executor: Finished task 682.0 in stage 238.0 (TID 42980). 3378 bytes result sent to driver
17/02/01 23:11:44 INFO executor.Executor: Finished task 667.0 in stage 238.0 (TID 42965). 3378 bytes result sent to driver
17/02/01 23:11:44 INFO executor.CoarseGrainedExecutorBackend: Got assigned task 42992
17/02/01 23:11:44 INFO executor.Executor: Running task 694.0 in stage 238.0 (TID 42992)
17/02/01 23:11:44 INFO python.PythonRunner: Times: total = 50, boot = -5, init = 6, finish = 49
17/02/01 23:11:44 INFO executor.CoarseGrainedExecutorBackend: Got assigned task 42994
17/02/01 23:11:44 INFO executor.Executor: Running task 696.0 in stage 238.0 (TID 42994)
17/02/01 23:11:44 INFO storage.ShuffleBlockFetcherIterator: Getting 93 non-empty blocks out of 1920 blocks
17/02/01 23:11:44 INFO storage.ShuffleBlockFetcherIterator: Started 4 remote fetches in 1 ms
17/02/01 23:11:44 INFO storage.ShuffleBlockFetcherIterator: Getting 93 non-empty blocks out of 1920 blocks
17/02/01 23:11:44 INFO storage.ShuffleBlockFetcherIterator: Started 4 remote fetches in 1 ms
17/02/01 23:11:44 INFO executor.Executor: Finished task 650.0 in stage 238.0 (TID 42948). 3378 bytes result sent to driver
17/02/01 23:11:44 INFO executor.CoarseGrainedExecutorBackend: Got assigned task 42997
17/02/01 23:11:44 INFO executor.Executor: Running task 699.0 in stage 238.0 (TID 42997)
17/02/01 23:11:44 INFO storage.ShuffleBlockFetcherIterator: Getting 93 non-empty blocks out of 1920 blocks
17/02/01 23:11:44 INFO storage.ShuffleBlockFetcherIterator: Started 4 remote fetches in 1 ms
17/02/01 23:11:44 INFO python.PythonRunner: Times: total = 13, boot = -31, init = 33, finish = 11
17/02/01 23:11:44 INFO python.PythonRunner: Times: total = 56, boot = -33, init = 34, finish = 55
17/02/01 23:11:44 INFO executor.Executor: Finished task 673.0 in stage 238.0 (TID 42971). 3378 bytes result sent to driver
17/02/01 23:11:44 INFO python.PythonRunner: Times: total = 10, boot = -61, init = 62, finish = 9
17/02/01 23:11:44 INFO executor.Executor: Finished task 694.0 in stage 238.0 (TID 42992). 3378 bytes result sent to driver
17/02/01 23:11:44 INFO executor.CoarseGrainedExecutorBackend: Got assigned task 43001
17/02/01 23:11:44 INFO executor.Executor: Running task 703.0 in stage 238.0 (TID 43001)
17/02/01 23:11:44 INFO executor.CoarseGrainedExecutorBackend: Got assigned task 43003
17/02/01 23:11:44 INFO executor.Executor: Running task 705.0 in stage 238.0 (TID 43003)
17/02/01 23:11:44 INFO storage.ShuffleBlockFetcherIterator: Getting 93 non-empty blocks out of 1920 blocks
17/02/01 23:11:44 INFO storage.ShuffleBlockFetcherIterator: Getting 93 non-empty blocks out of 1920 blocks
17/02/01 23:11:44 INFO python.PythonRunner: Times: total = 57, boot = -23, init = 25, finish = 55
17/02/01 23:11:44 INFO storage.ShuffleBlockFetcherIterator: Started 4 remote fetches in 1 ms
17/02/01 23:11:44 INFO storage.ShuffleBlockFetcherIterator: Started 4 remote fetches in 0 ms
17/02/01 23:11:44 INFO executor.Executor: Finished task 699.0 in stage 238.0 (TID 42997). 3378 bytes result sent to driver
17/02/01 23:11:44 INFO executor.CoarseGrainedExecutorBackend: Got assigned task 43005
17/02/01 23:11:44 INFO executor.Executor: Running task 707.0 in stage 238.0 (TID 43005)
17/02/01 23:11:44 INFO storage.ShuffleBlockFetcherIterator: Getting 93 non-empty blocks out of 1920 blocks
17/02/01 23:11:44 INFO storage.ShuffleBlockFetcherIterator: Started 4 remote fetches in 1 ms
17/02/01 23:11:44 INFO executor.Executor: Finished task 678.0 in stage 238.0 (TID 42976). 3378 bytes result sent to driver
17/02/01 23:11:44 INFO executor.CoarseGrainedExecutorBackend: Got assigned task 43008
17/02/01 23:11:44 INFO executor.Executor: Running task 710.0 in stage 238.0 (TID 43008)
17/02/01 23:11:44 INFO storage.ShuffleBlockFetcherIterator: Getting 93 non-empty blocks out of 1920 blocks
17/02/01 23:11:44 INFO storage.ShuffleBlockFetcherIterator: Started 4 remote fetches in 1 ms
17/02/01 23:11:44 INFO python.PythonRunner: Times: total = 16, boot = -13, init = 15, finish = 14
17/02/01 23:11:44 INFO executor.Executor: Finished task 703.0 in stage 238.0 (TID 43001). 3378 bytes result sent to driver
17/02/01 23:11:44 INFO executor.CoarseGrainedExecutorBackend: Got assigned task 43014
17/02/01 23:11:44 INFO executor.Executor: Running task 716.0 in stage 238.0 (TID 43014)
17/02/01 23:11:44 INFO storage.ShuffleBlockFetcherIterator: Getting 93 non-empty blocks out of 1920 blocks
17/02/01 23:11:44 INFO storage.ShuffleBlockFetcherIterator: Started 4 remote fetches in 1 ms
17/02/01 23:11:44 INFO python.PythonRunner: Times: total = 64, boot = -58, init = 60, finish = 62
17/02/01 23:11:44 INFO python.PythonRunner: Times: total = 19, boot = -14, init = 15, finish = 18
17/02/01 23:11:44 INFO python.PythonRunner: Times: total = 53, boot = -52, init = 53, finish = 52
17/02/01 23:11:44 INFO executor.Executor: Finished task 696.0 in stage 238.0 (TID 42994). 3378 bytes result sent to driver
17/02/01 23:11:44 INFO executor.Executor: Finished task 716.0 in stage 238.0 (TID 43014). 3378 bytes result sent to driver
17/02/01 23:11:44 INFO python.PythonRunner: Times: total = 52, boot = -2, init = 3, finish = 51
17/02/01 23:11:44 INFO executor.Executor: Finished task 683.0 in stage 238.0 (TID 42981). 3378 bytes result sent to driver
17/02/01 23:11:44 INFO executor.CoarseGrainedExecutorBackend: Got assigned task 43026
17/02/01 23:11:44 INFO executor.CoarseGrainedExecutorBackend: Got assigned task 43027
17/02/01 23:11:44 INFO executor.Executor: Running task 728.0 in stage 238.0 (TID 43026)
17/02/01 23:11:44 INFO executor.Executor: Running task 729.0 in stage 238.0 (TID 43027)
17/02/01 23:11:44 INFO executor.CoarseGrainedExecutorBackend: Got assigned task 43028
17/02/01 23:11:44 INFO executor.Executor: Running task 730.0 in stage 238.0 (TID 43028)
17/02/01 23:11:44 INFO storage.ShuffleBlockFetcherIterator: Getting 93 non-empty blocks out of 1920 blocks
17/02/01 23:11:44 INFO storage.ShuffleBlockFetcherIterator: Getting 93 non-empty blocks out of 1920 blocks
17/02/01 23:11:44 INFO storage.ShuffleBlockFetcherIterator: Started 4 remote fetches in 0 ms
17/02/01 23:11:44 INFO storage.ShuffleBlockFetcherIterator: Started 4 remote fetches in 1 ms
17/02/01 23:11:44 INFO storage.ShuffleBlockFetcherIterator: Getting 93 non-empty blocks out of 1920 blocks
17/02/01 23:11:44 INFO storage.ShuffleBlockFetcherIterator: Started 4 remote fetches in 1 ms
17/02/01 23:11:44 INFO executor.Executor: Finished task 705.0 in stage 238.0 (TID 43003). 3378 bytes result sent to driver
17/02/01 23:11:44 INFO executor.CoarseGrainedExecutorBackend: Got assigned task 43031
17/02/01 23:11:44 INFO executor.Executor: Running task 733.0 in stage 238.0 (TID 43031)
17/02/01 23:11:44 INFO python.PythonRunner: Times: total = 56, boot = -56, init = 57, finish = 55
17/02/01 23:11:44 INFO storage.ShuffleBlockFetcherIterator: Getting 93 non-empty blocks out of 1920 blocks
17/02/01 23:11:44 INFO storage.ShuffleBlockFetcherIterator: Started 4 remote fetches in 1 ms
