17/02/02 00:25:55 INFO storage.ShuffleBlockFetcherIterator: Started 4 remote fetches in 0 ms
17/02/02 00:25:56 INFO executor.Executor: Finished task 651.0 in stage 345.0 (TID 60205). 2410 bytes result sent to driver
17/02/02 00:25:56 INFO executor.CoarseGrainedExecutorBackend: Got assigned task 60227
17/02/02 00:25:56 INFO executor.Executor: Running task 670.0 in stage 345.0 (TID 60227)
17/02/02 00:25:56 INFO storage.ShuffleBlockFetcherIterator: Getting 61 non-empty blocks out of 960 blocks
17/02/02 00:25:56 INFO storage.ShuffleBlockFetcherIterator: Started 4 remote fetches in 0 ms
17/02/02 00:25:56 INFO executor.Executor: Finished task 648.0 in stage 345.0 (TID 60200). 2410 bytes result sent to driver
17/02/02 00:25:56 INFO executor.CoarseGrainedExecutorBackend: Got assigned task 60228
17/02/02 00:25:56 INFO executor.Executor: Running task 675.0 in stage 345.0 (TID 60228)
17/02/02 00:25:56 INFO storage.ShuffleBlockFetcherIterator: Getting 61 non-empty blocks out of 960 blocks
17/02/02 00:25:56 INFO storage.ShuffleBlockFetcherIterator: Started 4 remote fetches in 0 ms
17/02/02 00:25:56 INFO python.PythonRunner: Times: total = 209, boot = -264, init = 266, finish = 207
17/02/02 00:25:56 INFO executor.Executor: Finished task 655.0 in stage 345.0 (TID 60210). 2410 bytes result sent to driver
17/02/02 00:25:56 INFO executor.CoarseGrainedExecutorBackend: Got assigned task 60234
17/02/02 00:25:56 INFO executor.Executor: Running task 680.0 in stage 345.0 (TID 60234)
17/02/02 00:25:56 INFO storage.ShuffleBlockFetcherIterator: Getting 61 non-empty blocks out of 960 blocks
17/02/02 00:25:56 INFO storage.ShuffleBlockFetcherIterator: Started 4 remote fetches in 1 ms
17/02/02 00:25:56 INFO python.PythonRunner: Times: total = 268, boot = -308, init = 309, finish = 267
17/02/02 00:25:56 INFO python.PythonRunner: Times: total = 187, boot = -270, init = 271, finish = 186
17/02/02 00:25:56 INFO python.PythonRunner: Times: total = 228, boot = -258, init = 259, finish = 227
17/02/02 00:25:56 INFO executor.Executor: Finished task 665.0 in stage 345.0 (TID 60219). 2410 bytes result sent to driver
17/02/02 00:25:56 INFO executor.CoarseGrainedExecutorBackend: Got assigned task 60239
17/02/02 00:25:56 INFO executor.Executor: Running task 683.0 in stage 345.0 (TID 60239)
17/02/02 00:25:56 INFO storage.ShuffleBlockFetcherIterator: Getting 61 non-empty blocks out of 960 blocks
17/02/02 00:25:56 INFO storage.ShuffleBlockFetcherIterator: Started 4 remote fetches in 0 ms
17/02/02 00:25:56 INFO executor.Executor: Finished task 664.0 in stage 345.0 (TID 60218). 2410 bytes result sent to driver
17/02/02 00:25:56 INFO executor.CoarseGrainedExecutorBackend: Got assigned task 60241
17/02/02 00:25:56 INFO executor.Executor: Running task 687.0 in stage 345.0 (TID 60241)
17/02/02 00:25:56 INFO storage.ShuffleBlockFetcherIterator: Getting 61 non-empty blocks out of 960 blocks
17/02/02 00:25:56 INFO storage.ShuffleBlockFetcherIterator: Started 4 remote fetches in 0 ms
17/02/02 00:25:56 INFO executor.Executor: Finished task 670.0 in stage 345.0 (TID 60227). 2410 bytes result sent to driver
17/02/02 00:25:56 INFO executor.CoarseGrainedExecutorBackend: Got assigned task 60248
17/02/02 00:25:56 INFO executor.Executor: Running task 694.0 in stage 345.0 (TID 60248)
17/02/02 00:25:56 INFO storage.ShuffleBlockFetcherIterator: Getting 61 non-empty blocks out of 960 blocks
17/02/02 00:25:56 INFO storage.ShuffleBlockFetcherIterator: Started 4 remote fetches in 0 ms
17/02/02 00:25:56 INFO python.PythonRunner: Times: total = 334, boot = -143, init = 145, finish = 332
17/02/02 00:25:56 INFO executor.Executor: Finished task 666.0 in stage 345.0 (TID 60223). 2410 bytes result sent to driver
17/02/02 00:25:56 INFO executor.CoarseGrainedExecutorBackend: Got assigned task 60249
17/02/02 00:25:56 INFO executor.Executor: Running task 695.0 in stage 345.0 (TID 60249)
17/02/02 00:25:56 INFO python.PythonRunner: Times: total = 268, boot = -226, init = 227, finish = 267
17/02/02 00:25:56 INFO storage.ShuffleBlockFetcherIterator: Getting 61 non-empty blocks out of 960 blocks
17/02/02 00:25:56 INFO storage.ShuffleBlockFetcherIterator: Started 4 remote fetches in 1 ms
17/02/02 00:25:56 INFO python.PythonRunner: Times: total = 316, boot = -352, init = 354, finish = 314
17/02/02 00:25:56 INFO python.PythonRunner: Times: total = 331, boot = -315, init = 317, finish = 329
17/02/02 00:25:56 INFO python.PythonRunner: Times: total = 268, boot = -243, init = 244, finish = 267
17/02/02 00:25:56 INFO executor.Executor: Finished task 680.0 in stage 345.0 (TID 60234). 2410 bytes result sent to driver
17/02/02 00:25:56 INFO executor.CoarseGrainedExecutorBackend: Got assigned task 60261
17/02/02 00:25:56 INFO executor.Executor: Running task 700.0 in stage 345.0 (TID 60261)
17/02/02 00:25:56 INFO storage.ShuffleBlockFetcherIterator: Getting 61 non-empty blocks out of 960 blocks
17/02/02 00:25:56 INFO storage.ShuffleBlockFetcherIterator: Started 4 remote fetches in 0 ms
17/02/02 00:25:56 INFO executor.Executor: Finished task 675.0 in stage 345.0 (TID 60228). 2410 bytes result sent to driver
17/02/02 00:25:56 INFO executor.CoarseGrainedExecutorBackend: Got assigned task 60262
17/02/02 00:25:56 INFO executor.Executor: Running task 705.0 in stage 345.0 (TID 60262)
17/02/02 00:25:56 INFO storage.ShuffleBlockFetcherIterator: Getting 61 non-empty blocks out of 960 blocks
17/02/02 00:25:56 INFO storage.ShuffleBlockFetcherIterator: Started 4 remote fetches in 1 ms
17/02/02 00:25:56 INFO executor.Executor: Finished task 687.0 in stage 345.0 (TID 60241). 2410 bytes result sent to driver
17/02/02 00:25:56 INFO executor.CoarseGrainedExecutorBackend: Got assigned task 60264
17/02/02 00:25:56 INFO executor.Executor: Running task 711.0 in stage 345.0 (TID 60264)
17/02/02 00:25:56 INFO storage.ShuffleBlockFetcherIterator: Getting 61 non-empty blocks out of 960 blocks
17/02/02 00:25:56 INFO storage.ShuffleBlockFetcherIterator: Started 4 remote fetches in 1 ms
17/02/02 00:25:56 INFO executor.Executor: Finished task 683.0 in stage 345.0 (TID 60239). 2410 bytes result sent to driver
17/02/02 00:25:56 INFO executor.Executor: Finished task 694.0 in stage 345.0 (TID 60248). 2410 bytes result sent to driver
17/02/02 00:25:56 INFO executor.CoarseGrainedExecutorBackend: Got assigned task 60265
17/02/02 00:25:56 INFO executor.Executor: Running task 713.0 in stage 345.0 (TID 60265)
17/02/02 00:25:56 INFO executor.CoarseGrainedExecutorBackend: Got assigned task 60266
17/02/02 00:25:56 INFO executor.Executor: Running task 715.0 in stage 345.0 (TID 60266)
17/02/02 00:25:56 INFO storage.ShuffleBlockFetcherIterator: Getting 61 non-empty blocks out of 960 blocks
17/02/02 00:25:56 INFO storage.ShuffleBlockFetcherIterator: Started 4 remote fetches in 0 ms
17/02/02 00:25:56 INFO storage.ShuffleBlockFetcherIterator: Getting 61 non-empty blocks out of 960 blocks
17/02/02 00:25:56 INFO storage.ShuffleBlockFetcherIterator: Started 4 remote fetches in 1 ms
17/02/02 00:25:56 INFO python.PythonRunner: Times: total = 261, boot = -326, init = 327, finish = 260
17/02/02 00:25:56 INFO python.PythonRunner: Times: total = 167, boot = -396, init = 397, finish = 166
17/02/02 00:25:56 INFO executor.Executor: Finished task 695.0 in stage 345.0 (TID 60249). 2410 bytes result sent to driver
17/02/02 00:25:56 INFO executor.CoarseGrainedExecutorBackend: Got assigned task 60275
17/02/02 00:25:56 INFO executor.Executor: Running task 720.0 in stage 345.0 (TID 60275)
17/02/02 00:25:56 INFO storage.ShuffleBlockFetcherIterator: Getting 61 non-empty blocks out of 960 blocks
17/02/02 00:25:56 INFO storage.ShuffleBlockFetcherIterator: Started 4 remote fetches in 0 ms
17/02/02 00:25:56 INFO python.PythonRunner: Times: total = 256, boot = -443, init = 444, finish = 255
17/02/02 00:25:56 INFO executor.Executor: Finished task 700.0 in stage 345.0 (TID 60261). 2410 bytes result sent to driver
17/02/02 00:25:56 INFO executor.CoarseGrainedExecutorBackend: Got assigned task 60282
17/02/02 00:25:56 INFO executor.Executor: Running task 728.0 in stage 345.0 (TID 60282)
17/02/02 00:25:56 INFO storage.ShuffleBlockFetcherIterator: Getting 61 non-empty blocks out of 960 blocks
17/02/02 00:25:56 INFO storage.ShuffleBlockFetcherIterator: Started 4 remote fetches in 1 ms
17/02/02 00:25:57 INFO python.PythonRunner: Times: total = 252, boot = -132, init = 134, finish = 250
17/02/02 00:25:57 INFO python.PythonRunner: Times: total = 308, boot = -320, init = 321, finish = 307
17/02/02 00:25:57 INFO python.PythonRunner: Times: total = 346, boot = -337, init = 338, finish = 345
17/02/02 00:25:57 INFO executor.Executor: Finished task 705.0 in stage 345.0 (TID 60262). 2410 bytes result sent to driver
17/02/02 00:25:57 INFO executor.CoarseGrainedExecutorBackend: Got assigned task 60287
17/02/02 00:25:57 INFO executor.Executor: Running task 730.0 in stage 345.0 (TID 60287)
17/02/02 00:25:57 INFO storage.ShuffleBlockFetcherIterator: Getting 61 non-empty blocks out of 960 blocks
17/02/02 00:25:57 INFO storage.ShuffleBlockFetcherIterator: Started 4 remote fetches in 1 ms
17/02/02 00:25:57 INFO python.PythonRunner: Times: total = 242, boot = -228, init = 230, finish = 240
17/02/02 00:25:57 INFO executor.Executor: Finished task 713.0 in stage 345.0 (TID 60265). 2410 bytes result sent to driver
17/02/02 00:25:57 INFO executor.CoarseGrainedExecutorBackend: Got assigned task 60289
17/02/02 00:25:57 INFO executor.Executor: Running task 736.0 in stage 345.0 (TID 60289)
17/02/02 00:25:57 INFO storage.ShuffleBlockFetcherIterator: Getting 61 non-empty blocks out of 960 blocks
17/02/02 00:25:57 INFO storage.ShuffleBlockFetcherIterator: Started 4 remote fetches in 1 ms
17/02/02 00:25:57 INFO python.PythonRunner: Times: total = 196, boot = -337, init = 338, finish = 195
17/02/02 00:25:57 INFO executor.Executor: Finished task 711.0 in stage 345.0 (TID 60264). 2410 bytes result sent to driver
17/02/02 00:25:57 INFO executor.CoarseGrainedExecutorBackend: Got assigned task 60291
