17/02/02 00:26:44 INFO executor.Executor: Finished task 1582.0 in stage 346.0 (TID 62096). 3348 bytes result sent to driver
17/02/02 00:26:44 INFO storage.ShuffleBlockFetcherIterator: Getting 959 non-empty blocks out of 960 blocks
17/02/02 00:26:44 INFO storage.ShuffleBlockFetcherIterator: Started 6 remote fetches in 2 ms
17/02/02 00:26:44 INFO executor.CoarseGrainedExecutorBackend: Got assigned task 62125
17/02/02 00:26:44 INFO executor.Executor: Running task 1611.0 in stage 346.0 (TID 62125)
17/02/02 00:26:44 INFO storage.ShuffleBlockFetcherIterator: Getting 959 non-empty blocks out of 960 blocks
17/02/02 00:26:44 INFO storage.ShuffleBlockFetcherIterator: Started 6 remote fetches in 2 ms
17/02/02 00:26:44 INFO executor.Executor: Finished task 1591.0 in stage 346.0 (TID 62105). 3348 bytes result sent to driver
17/02/02 00:26:44 INFO executor.CoarseGrainedExecutorBackend: Got assigned task 62128
17/02/02 00:26:44 INFO executor.Executor: Running task 1614.0 in stage 346.0 (TID 62128)
17/02/02 00:26:44 INFO storage.ShuffleBlockFetcherIterator: Getting 957 non-empty blocks out of 960 blocks
17/02/02 00:26:44 INFO storage.ShuffleBlockFetcherIterator: Started 6 remote fetches in 2 ms
17/02/02 00:26:44 INFO python.PythonRunner: Times: total = 327, boot = -722, init = 724, finish = 325
17/02/02 00:26:44 INFO python.PythonRunner: Times: total = 219, boot = -823, init = 824, finish = 218
17/02/02 00:26:44 INFO python.PythonRunner: Times: total = 285, boot = -791, init = 793, finish = 283
17/02/02 00:26:44 INFO executor.Executor: Finished task 1581.0 in stage 346.0 (TID 62095). 3348 bytes result sent to driver
17/02/02 00:26:44 INFO executor.CoarseGrainedExecutorBackend: Got assigned task 62132
17/02/02 00:26:44 INFO executor.Executor: Running task 1618.0 in stage 346.0 (TID 62132)
17/02/02 00:26:44 INFO storage.ShuffleBlockFetcherIterator: Getting 958 non-empty blocks out of 960 blocks
17/02/02 00:26:44 INFO storage.ShuffleBlockFetcherIterator: Started 6 remote fetches in 3 ms
17/02/02 00:26:44 INFO python.PythonRunner: Times: total = 329, boot = -719, init = 720, finish = 328
17/02/02 00:26:44 INFO python.PythonRunner: Times: total = 286, boot = -747, init = 748, finish = 285
17/02/02 00:26:44 INFO python.PythonRunner: Times: total = 304, boot = -707, init = 708, finish = 303
17/02/02 00:26:44 INFO python.PythonRunner: Times: total = 363, boot = -708, init = 710, finish = 361
17/02/02 00:26:44 INFO python.PythonRunner: Times: total = 321, boot = -768, init = 769, finish = 320
17/02/02 00:26:44 INFO python.PythonRunner: Times: total = 334, boot = -695, init = 697, finish = 332
17/02/02 00:26:44 INFO python.PythonRunner: Times: total = 360, boot = -812, init = 813, finish = 359
17/02/02 00:26:44 INFO python.PythonRunner: Times: total = 230, boot = -584, init = 585, finish = 229
17/02/02 00:26:44 INFO python.PythonRunner: Times: total = 284, boot = -524, init = 525, finish = 283
17/02/02 00:26:45 INFO executor.Executor: Finished task 1604.0 in stage 346.0 (TID 62118). 3348 bytes result sent to driver
17/02/02 00:26:45 INFO executor.CoarseGrainedExecutorBackend: Got assigned task 62147
17/02/02 00:26:45 INFO executor.Executor: Running task 1633.0 in stage 346.0 (TID 62147)
17/02/02 00:26:45 INFO storage.ShuffleBlockFetcherIterator: Getting 959 non-empty blocks out of 960 blocks
17/02/02 00:26:45 INFO storage.ShuffleBlockFetcherIterator: Started 6 remote fetches in 1 ms
17/02/02 00:26:45 INFO executor.Executor: Finished task 1614.0 in stage 346.0 (TID 62128). 3348 bytes result sent to driver
17/02/02 00:26:45 INFO executor.CoarseGrainedExecutorBackend: Got assigned task 62152
17/02/02 00:26:45 INFO executor.Executor: Running task 1638.0 in stage 346.0 (TID 62152)
17/02/02 00:26:45 INFO storage.ShuffleBlockFetcherIterator: Getting 958 non-empty blocks out of 960 blocks
17/02/02 00:26:45 INFO storage.ShuffleBlockFetcherIterator: Started 6 remote fetches in 2 ms
17/02/02 00:26:45 INFO executor.Executor: Finished task 1608.0 in stage 346.0 (TID 62122). 3348 bytes result sent to driver
17/02/02 00:26:45 INFO executor.CoarseGrainedExecutorBackend: Got assigned task 62153
17/02/02 00:26:45 INFO executor.Executor: Running task 1639.0 in stage 346.0 (TID 62153)
17/02/02 00:26:45 INFO storage.ShuffleBlockFetcherIterator: Getting 958 non-empty blocks out of 960 blocks
17/02/02 00:26:45 INFO storage.ShuffleBlockFetcherIterator: Started 6 remote fetches in 2 ms
17/02/02 00:26:45 INFO executor.Executor: Finished task 1611.0 in stage 346.0 (TID 62125). 3348 bytes result sent to driver
17/02/02 00:26:45 INFO executor.CoarseGrainedExecutorBackend: Got assigned task 62154
17/02/02 00:26:45 INFO executor.Executor: Running task 1640.0 in stage 346.0 (TID 62154)
17/02/02 00:26:45 INFO storage.ShuffleBlockFetcherIterator: Getting 959 non-empty blocks out of 960 blocks
17/02/02 00:26:45 INFO storage.ShuffleBlockFetcherIterator: Started 6 remote fetches in 2 ms
17/02/02 00:26:45 INFO executor.Executor: Finished task 1610.0 in stage 346.0 (TID 62124). 3348 bytes result sent to driver
17/02/02 00:26:45 INFO executor.CoarseGrainedExecutorBackend: Got assigned task 62155
17/02/02 00:26:45 INFO executor.Executor: Running task 1641.0 in stage 346.0 (TID 62155)
17/02/02 00:26:45 INFO storage.ShuffleBlockFetcherIterator: Getting 956 non-empty blocks out of 960 blocks
17/02/02 00:26:45 INFO storage.ShuffleBlockFetcherIterator: Started 6 remote fetches in 2 ms
17/02/02 00:26:45 INFO python.PythonRunner: Times: total = 245, boot = -599, init = 601, finish = 243
17/02/02 00:26:45 INFO python.PythonRunner: Times: total = 236, boot = -608, init = 609, finish = 235
17/02/02 00:26:45 INFO python.PythonRunner: Times: total = 297, boot = -708, init = 709, finish = 296
17/02/02 00:26:45 INFO python.PythonRunner: Times: total = 243, boot = -625, init = 626, finish = 242
17/02/02 00:26:45 INFO python.PythonRunner: Times: total = 288, boot = -648, init = 649, finish = 287
17/02/02 00:26:45 INFO python.PythonRunner: Times: total = 325, boot = -657, init = 661, finish = 321
17/02/02 00:26:45 INFO python.PythonRunner: Times: total = 309, boot = -606, init = 607, finish = 308
17/02/02 00:26:45 INFO python.PythonRunner: Times: total = 348, boot = -671, init = 672, finish = 347
17/02/02 00:26:45 INFO python.PythonRunner: Times: total = 343, boot = -541, init = 544, finish = 340
17/02/02 00:26:45 INFO executor.Executor: Finished task 1618.0 in stage 346.0 (TID 62132). 3348 bytes result sent to driver
17/02/02 00:26:45 INFO executor.CoarseGrainedExecutorBackend: Got assigned task 62165
17/02/02 00:26:45 INFO executor.Executor: Running task 1651.0 in stage 346.0 (TID 62165)
17/02/02 00:26:45 INFO storage.ShuffleBlockFetcherIterator: Getting 954 non-empty blocks out of 960 blocks
17/02/02 00:26:45 INFO storage.ShuffleBlockFetcherIterator: Started 6 remote fetches in 2 ms
17/02/02 00:26:45 INFO python.PythonRunner: Times: total = 355, boot = -683, init = 685, finish = 353
17/02/02 00:26:46 INFO python.PythonRunner: Times: total = 426, boot = -980, init = 981, finish = 425
17/02/02 00:26:46 INFO executor.Executor: Finished task 1633.0 in stage 346.0 (TID 62147). 3348 bytes result sent to driver
17/02/02 00:26:46 INFO executor.CoarseGrainedExecutorBackend: Got assigned task 62180
17/02/02 00:26:46 INFO executor.Executor: Running task 1666.0 in stage 346.0 (TID 62180)
17/02/02 00:26:46 INFO storage.ShuffleBlockFetcherIterator: Getting 953 non-empty blocks out of 960 blocks
17/02/02 00:26:46 INFO storage.ShuffleBlockFetcherIterator: Started 6 remote fetches in 3 ms
17/02/02 00:26:46 INFO python.PythonRunner: Times: total = 463, boot = -1124, init = 1125, finish = 462
17/02/02 00:26:46 INFO executor.Executor: Finished task 1639.0 in stage 346.0 (TID 62153). 3348 bytes result sent to driver
17/02/02 00:26:46 INFO executor.CoarseGrainedExecutorBackend: Got assigned task 62182
17/02/02 00:26:46 INFO executor.Executor: Running task 1668.0 in stage 346.0 (TID 62182)
17/02/02 00:26:46 INFO storage.ShuffleBlockFetcherIterator: Getting 957 non-empty blocks out of 960 blocks
17/02/02 00:26:46 INFO storage.ShuffleBlockFetcherIterator: Started 6 remote fetches in 2 ms
17/02/02 00:26:46 INFO executor.Executor: Finished task 1640.0 in stage 346.0 (TID 62154). 3348 bytes result sent to driver
17/02/02 00:26:46 INFO executor.CoarseGrainedExecutorBackend: Got assigned task 62183
17/02/02 00:26:46 INFO executor.Executor: Running task 1669.0 in stage 346.0 (TID 62183)
17/02/02 00:26:46 INFO storage.ShuffleBlockFetcherIterator: Getting 958 non-empty blocks out of 960 blocks
17/02/02 00:26:46 INFO storage.ShuffleBlockFetcherIterator: Started 6 remote fetches in 3 ms
17/02/02 00:26:46 INFO executor.Executor: Finished task 1638.0 in stage 346.0 (TID 62152). 3348 bytes result sent to driver
17/02/02 00:26:46 INFO executor.CoarseGrainedExecutorBackend: Got assigned task 62184
17/02/02 00:26:46 INFO executor.Executor: Running task 1670.0 in stage 346.0 (TID 62184)
17/02/02 00:26:46 INFO storage.ShuffleBlockFetcherIterator: Getting 960 non-empty blocks out of 960 blocks
17/02/02 00:26:46 INFO storage.ShuffleBlockFetcherIterator: Started 6 remote fetches in 3 ms
17/02/02 00:26:46 INFO executor.Executor: Finished task 1641.0 in stage 346.0 (TID 62155). 3348 bytes result sent to driver
17/02/02 00:26:46 INFO executor.CoarseGrainedExecutorBackend: Got assigned task 62191
17/02/02 00:26:46 INFO executor.Executor: Running task 1677.0 in stage 346.0 (TID 62191)
17/02/02 00:26:46 INFO storage.ShuffleBlockFetcherIterator: Getting 959 non-empty blocks out of 960 blocks
17/02/02 00:26:46 INFO storage.ShuffleBlockFetcherIterator: Started 6 remote fetches in 1 ms
17/02/02 00:26:47 INFO python.PythonRunner: Times: total = 1053, boot = -1090, init = 1097, finish = 1046
17/02/02 00:26:47 INFO python.PythonRunner: Times: total = 823, boot = -1191, init = 1192, finish = 822
17/02/02 00:26:47 INFO python.PythonRunner: Times: total = 1022, boot = -1179, init = 1180, finish = 1021
17/02/02 00:26:47 INFO python.PythonRunner: Times: total = 347, boot = -1657, init = 1659, finish = 345
