17/02/02 00:25:48 INFO executor.CoarseGrainedExecutorBackend: Got assigned task 59787
17/02/02 00:25:48 INFO executor.Executor: Running task 233.0 in stage 345.0 (TID 59787)
17/02/02 00:25:48 INFO storage.ShuffleBlockFetcherIterator: Getting 61 non-empty blocks out of 960 blocks
17/02/02 00:25:48 INFO storage.ShuffleBlockFetcherIterator: Started 4 remote fetches in 0 ms
17/02/02 00:25:48 INFO executor.Executor: Finished task 214.0 in stage 345.0 (TID 59770). 2410 bytes result sent to driver
17/02/02 00:25:48 INFO executor.CoarseGrainedExecutorBackend: Got assigned task 59791
17/02/02 00:25:48 INFO executor.Executor: Running task 237.0 in stage 345.0 (TID 59791)
17/02/02 00:25:48 INFO storage.ShuffleBlockFetcherIterator: Getting 61 non-empty blocks out of 960 blocks
17/02/02 00:25:48 INFO storage.ShuffleBlockFetcherIterator: Started 4 remote fetches in 0 ms
17/02/02 00:25:48 INFO python.PythonRunner: Times: total = 251, boot = -306, init = 308, finish = 249
17/02/02 00:25:48 INFO python.PythonRunner: Times: total = 234, boot = -206, init = 207, finish = 233
17/02/02 00:25:48 INFO executor.Executor: Finished task 220.0 in stage 345.0 (TID 59777). 2410 bytes result sent to driver
17/02/02 00:25:48 INFO executor.CoarseGrainedExecutorBackend: Got assigned task 59797
17/02/02 00:25:48 INFO executor.Executor: Running task 241.0 in stage 345.0 (TID 59797)
17/02/02 00:25:48 INFO storage.ShuffleBlockFetcherIterator: Getting 61 non-empty blocks out of 960 blocks
17/02/02 00:25:48 INFO storage.ShuffleBlockFetcherIterator: Started 4 remote fetches in 0 ms
17/02/02 00:25:48 INFO python.PythonRunner: Times: total = 218, boot = -270, init = 271, finish = 217
17/02/02 00:25:48 INFO executor.Executor: Finished task 225.0 in stage 345.0 (TID 59778). 2410 bytes result sent to driver
17/02/02 00:25:48 INFO executor.CoarseGrainedExecutorBackend: Got assigned task 59801
17/02/02 00:25:48 INFO executor.Executor: Running task 247.0 in stage 345.0 (TID 59801)
17/02/02 00:25:48 INFO storage.ShuffleBlockFetcherIterator: Getting 61 non-empty blocks out of 960 blocks
17/02/02 00:25:48 INFO storage.ShuffleBlockFetcherIterator: Started 4 remote fetches in 0 ms
17/02/02 00:25:48 INFO python.PythonRunner: Times: total = 215, boot = -174, init = 176, finish = 213
17/02/02 00:25:48 INFO executor.Executor: Finished task 226.0 in stage 345.0 (TID 59782). 2410 bytes result sent to driver
17/02/02 00:25:48 INFO executor.CoarseGrainedExecutorBackend: Got assigned task 59804
17/02/02 00:25:48 INFO executor.Executor: Running task 248.0 in stage 345.0 (TID 59804)
17/02/02 00:25:48 INFO storage.ShuffleBlockFetcherIterator: Getting 61 non-empty blocks out of 960 blocks
17/02/02 00:25:48 INFO storage.ShuffleBlockFetcherIterator: Started 4 remote fetches in 1 ms
17/02/02 00:25:48 INFO python.PythonRunner: Times: total = 329, boot = -277, init = 278, finish = 328
17/02/02 00:25:48 INFO executor.Executor: Finished task 233.0 in stage 345.0 (TID 59787). 2410 bytes result sent to driver
17/02/02 00:25:48 INFO executor.CoarseGrainedExecutorBackend: Got assigned task 59809
17/02/02 00:25:48 INFO executor.Executor: Running task 250.0 in stage 345.0 (TID 59809)
17/02/02 00:25:48 INFO storage.ShuffleBlockFetcherIterator: Getting 61 non-empty blocks out of 960 blocks
17/02/02 00:25:48 INFO storage.ShuffleBlockFetcherIterator: Started 4 remote fetches in 1 ms
17/02/02 00:25:48 INFO python.PythonRunner: Times: total = 244, boot = -243, init = 244, finish = 243
17/02/02 00:25:48 INFO executor.Executor: Finished task 237.0 in stage 345.0 (TID 59791). 2410 bytes result sent to driver
17/02/02 00:25:48 INFO executor.CoarseGrainedExecutorBackend: Got assigned task 59812
17/02/02 00:25:48 INFO executor.Executor: Running task 256.0 in stage 345.0 (TID 59812)
17/02/02 00:25:48 INFO storage.ShuffleBlockFetcherIterator: Getting 61 non-empty blocks out of 960 blocks
17/02/02 00:25:48 INFO storage.ShuffleBlockFetcherIterator: Started 4 remote fetches in 0 ms
17/02/02 00:25:48 INFO executor.Executor: Finished task 231.0 in stage 345.0 (TID 59786). 2410 bytes result sent to driver
17/02/02 00:25:48 INFO executor.CoarseGrainedExecutorBackend: Got assigned task 59813
17/02/02 00:25:48 INFO executor.Executor: Running task 261.0 in stage 345.0 (TID 59813)
17/02/02 00:25:48 INFO storage.ShuffleBlockFetcherIterator: Getting 61 non-empty blocks out of 960 blocks
17/02/02 00:25:48 INFO storage.ShuffleBlockFetcherIterator: Started 4 remote fetches in 0 ms
17/02/02 00:25:48 INFO python.PythonRunner: Times: total = 213, boot = -270, init = 272, finish = 211
17/02/02 00:25:48 INFO python.PythonRunner: Times: total = 294, boot = -283, init = 283, finish = 294
17/02/02 00:25:48 INFO executor.Executor: Finished task 241.0 in stage 345.0 (TID 59797). 2410 bytes result sent to driver
17/02/02 00:25:48 INFO executor.CoarseGrainedExecutorBackend: Got assigned task 59815
17/02/02 00:25:48 INFO executor.Executor: Running task 263.0 in stage 345.0 (TID 59815)
17/02/02 00:25:48 INFO storage.ShuffleBlockFetcherIterator: Getting 61 non-empty blocks out of 960 blocks
17/02/02 00:25:48 INFO storage.ShuffleBlockFetcherIterator: Started 4 remote fetches in 0 ms
17/02/02 00:25:49 INFO executor.Executor: Finished task 248.0 in stage 345.0 (TID 59804). 2410 bytes result sent to driver
17/02/02 00:25:49 INFO executor.CoarseGrainedExecutorBackend: Got assigned task 59820
17/02/02 00:25:49 INFO executor.Executor: Running task 266.0 in stage 345.0 (TID 59820)
17/02/02 00:25:49 INFO storage.ShuffleBlockFetcherIterator: Getting 61 non-empty blocks out of 960 blocks
17/02/02 00:25:49 INFO storage.ShuffleBlockFetcherIterator: Started 4 remote fetches in 0 ms
17/02/02 00:25:49 INFO python.PythonRunner: Times: total = 279, boot = -260, init = 261, finish = 278
17/02/02 00:25:49 INFO executor.Executor: Finished task 247.0 in stage 345.0 (TID 59801). 2410 bytes result sent to driver
17/02/02 00:25:49 INFO executor.CoarseGrainedExecutorBackend: Got assigned task 59825
17/02/02 00:25:49 INFO executor.Executor: Running task 271.0 in stage 345.0 (TID 59825)
17/02/02 00:25:49 INFO storage.ShuffleBlockFetcherIterator: Getting 61 non-empty blocks out of 960 blocks
17/02/02 00:25:49 INFO storage.ShuffleBlockFetcherIterator: Started 4 remote fetches in 1 ms
17/02/02 00:25:49 INFO executor.Executor: Finished task 250.0 in stage 345.0 (TID 59809). 2410 bytes result sent to driver
17/02/02 00:25:49 INFO executor.CoarseGrainedExecutorBackend: Got assigned task 59833
17/02/02 00:25:49 INFO executor.Executor: Running task 280.0 in stage 345.0 (TID 59833)
17/02/02 00:25:49 INFO storage.ShuffleBlockFetcherIterator: Getting 61 non-empty blocks out of 960 blocks
17/02/02 00:25:49 INFO storage.ShuffleBlockFetcherIterator: Started 4 remote fetches in 1 ms
17/02/02 00:25:49 INFO python.PythonRunner: Times: total = 457, boot = -294, init = 295, finish = 456
17/02/02 00:25:49 INFO python.PythonRunner: Times: total = 392, boot = -230, init = 232, finish = 390
17/02/02 00:25:49 INFO python.PythonRunner: Times: total = 318, boot = -288, init = 290, finish = 316
17/02/02 00:25:49 INFO python.PythonRunner: Times: total = 307, boot = -299, init = 300, finish = 306
17/02/02 00:25:49 INFO executor.Executor: Finished task 256.0 in stage 345.0 (TID 59812). 2410 bytes result sent to driver
17/02/02 00:25:49 INFO executor.CoarseGrainedExecutorBackend: Got assigned task 59841
17/02/02 00:25:49 INFO executor.Executor: Running task 286.0 in stage 345.0 (TID 59841)
17/02/02 00:25:49 INFO storage.ShuffleBlockFetcherIterator: Getting 61 non-empty blocks out of 960 blocks
17/02/02 00:25:49 INFO storage.ShuffleBlockFetcherIterator: Started 4 remote fetches in 1 ms
17/02/02 00:25:49 INFO executor.Executor: Finished task 261.0 in stage 345.0 (TID 59813). 2410 bytes result sent to driver
17/02/02 00:25:49 INFO executor.CoarseGrainedExecutorBackend: Got assigned task 59843
17/02/02 00:25:49 INFO executor.Executor: Running task 289.0 in stage 345.0 (TID 59843)
17/02/02 00:25:49 INFO storage.ShuffleBlockFetcherIterator: Getting 61 non-empty blocks out of 960 blocks
17/02/02 00:25:49 INFO storage.ShuffleBlockFetcherIterator: Started 4 remote fetches in 0 ms
17/02/02 00:25:49 INFO executor.Executor: Finished task 263.0 in stage 345.0 (TID 59815). 2410 bytes result sent to driver
17/02/02 00:25:49 INFO executor.CoarseGrainedExecutorBackend: Got assigned task 59845
17/02/02 00:25:49 INFO executor.Executor: Running task 290.0 in stage 345.0 (TID 59845)
17/02/02 00:25:49 INFO storage.ShuffleBlockFetcherIterator: Getting 61 non-empty blocks out of 960 blocks
17/02/02 00:25:49 INFO storage.ShuffleBlockFetcherIterator: Started 4 remote fetches in 0 ms
17/02/02 00:25:49 INFO python.PythonRunner: Times: total = 387, boot = -290, init = 291, finish = 386
17/02/02 00:25:49 INFO python.PythonRunner: Times: total = 308, boot = -270, init = 272, finish = 306
17/02/02 00:25:49 INFO executor.Executor: Finished task 266.0 in stage 345.0 (TID 59820). 2410 bytes result sent to driver
17/02/02 00:25:49 INFO executor.CoarseGrainedExecutorBackend: Got assigned task 59847
17/02/02 00:25:49 INFO executor.Executor: Running task 293.0 in stage 345.0 (TID 59847)
17/02/02 00:25:49 INFO storage.ShuffleBlockFetcherIterator: Getting 61 non-empty blocks out of 960 blocks
17/02/02 00:25:49 INFO storage.ShuffleBlockFetcherIterator: Started 4 remote fetches in 0 ms
17/02/02 00:25:49 INFO executor.Executor: Finished task 271.0 in stage 345.0 (TID 59825). 2410 bytes result sent to driver
17/02/02 00:25:49 INFO executor.CoarseGrainedExecutorBackend: Got assigned task 59856
17/02/02 00:25:49 INFO executor.Executor: Running task 300.0 in stage 345.0 (TID 59856)
17/02/02 00:25:49 INFO storage.ShuffleBlockFetcherIterator: Getting 61 non-empty blocks out of 960 blocks
17/02/02 00:25:49 INFO storage.ShuffleBlockFetcherIterator: Started 4 remote fetches in 0 ms
17/02/02 00:25:49 INFO python.PythonRunner: Times: total = 208, boot = -357, init = 358, finish = 207
