17/02/02 00:14:40 INFO python.PythonRunner: Times: total = 28, boot = -56, init = 57, finish = 27
17/02/02 00:14:40 INFO python.PythonRunner: Times: total = 19, boot = -67, init = 68, finish = 18
17/02/02 00:14:40 INFO python.PythonRunner: Times: total = 55, boot = -71, init = 73, finish = 53
17/02/02 00:14:40 INFO executor.Executor: Finished task 264.0 in stage 330.0 (TID 56937). 2410 bytes result sent to driver
17/02/02 00:14:40 INFO executor.CoarseGrainedExecutorBackend: Got assigned task 56950
17/02/02 00:14:40 INFO executor.Executor: Running task 274.0 in stage 330.0 (TID 56950)
17/02/02 00:14:40 INFO storage.ShuffleBlockFetcherIterator: Getting 61 non-empty blocks out of 960 blocks
17/02/02 00:14:40 INFO storage.ShuffleBlockFetcherIterator: Started 4 remote fetches in 0 ms
17/02/02 00:14:40 INFO python.PythonRunner: Times: total = 20, boot = -34, init = 35, finish = 19
17/02/02 00:14:40 INFO executor.Executor: Finished task 266.0 in stage 330.0 (TID 56941). 2410 bytes result sent to driver
17/02/02 00:14:40 INFO executor.CoarseGrainedExecutorBackend: Got assigned task 56952
17/02/02 00:14:40 INFO executor.Executor: Running task 278.0 in stage 330.0 (TID 56952)
17/02/02 00:14:40 INFO storage.ShuffleBlockFetcherIterator: Getting 61 non-empty blocks out of 960 blocks
17/02/02 00:14:40 INFO storage.ShuffleBlockFetcherIterator: Started 4 remote fetches in 0 ms
17/02/02 00:14:40 INFO executor.Executor: Finished task 258.0 in stage 330.0 (TID 56932). 2410 bytes result sent to driver
17/02/02 00:14:40 INFO executor.Executor: Finished task 270.0 in stage 330.0 (TID 56945). 2410 bytes result sent to driver
17/02/02 00:14:40 INFO executor.CoarseGrainedExecutorBackend: Got assigned task 56956
17/02/02 00:14:40 INFO executor.Executor: Running task 281.0 in stage 330.0 (TID 56956)
17/02/02 00:14:40 INFO executor.CoarseGrainedExecutorBackend: Got assigned task 56957
17/02/02 00:14:40 INFO executor.Executor: Running task 285.0 in stage 330.0 (TID 56957)
17/02/02 00:14:40 INFO storage.ShuffleBlockFetcherIterator: Getting 61 non-empty blocks out of 960 blocks
17/02/02 00:14:40 INFO storage.ShuffleBlockFetcherIterator: Started 4 remote fetches in 0 ms
17/02/02 00:14:40 INFO storage.ShuffleBlockFetcherIterator: Getting 61 non-empty blocks out of 960 blocks
17/02/02 00:14:40 INFO python.PythonRunner: Times: total = 59, boot = -43, init = 44, finish = 58
17/02/02 00:14:40 INFO storage.ShuffleBlockFetcherIterator: Started 4 remote fetches in 1 ms
17/02/02 00:14:40 INFO executor.Executor: Finished task 265.0 in stage 330.0 (TID 56938). 2410 bytes result sent to driver
17/02/02 00:14:40 INFO executor.CoarseGrainedExecutorBackend: Got assigned task 56961
17/02/02 00:14:40 INFO executor.Executor: Running task 287.0 in stage 330.0 (TID 56961)
17/02/02 00:14:40 INFO storage.ShuffleBlockFetcherIterator: Getting 61 non-empty blocks out of 960 blocks
17/02/02 00:14:40 INFO storage.ShuffleBlockFetcherIterator: Started 4 remote fetches in 0 ms
17/02/02 00:14:40 INFO python.PythonRunner: Times: total = 56, boot = -63, init = 64, finish = 55
17/02/02 00:14:40 INFO executor.Executor: Finished task 267.0 in stage 330.0 (TID 56942). 2410 bytes result sent to driver
17/02/02 00:14:40 INFO executor.CoarseGrainedExecutorBackend: Got assigned task 56963
17/02/02 00:14:40 INFO executor.Executor: Running task 291.0 in stage 330.0 (TID 56963)
17/02/02 00:14:40 INFO storage.ShuffleBlockFetcherIterator: Getting 61 non-empty blocks out of 960 blocks
17/02/02 00:14:40 INFO storage.ShuffleBlockFetcherIterator: Started 4 remote fetches in 0 ms
17/02/02 00:14:40 INFO python.PythonRunner: Times: total = 16, boot = -51, init = 51, finish = 16
17/02/02 00:14:40 INFO executor.Executor: Finished task 287.0 in stage 330.0 (TID 56961). 2410 bytes result sent to driver
17/02/02 00:14:40 INFO executor.CoarseGrainedExecutorBackend: Got assigned task 56968
17/02/02 00:14:40 INFO executor.Executor: Running task 294.0 in stage 330.0 (TID 56968)
17/02/02 00:14:40 INFO python.PythonRunner: Times: total = 62, boot = -57, init = 58, finish = 61
17/02/02 00:14:40 INFO storage.ShuffleBlockFetcherIterator: Getting 61 non-empty blocks out of 960 blocks
17/02/02 00:14:40 INFO storage.ShuffleBlockFetcherIterator: Started 4 remote fetches in 1 ms
17/02/02 00:14:40 INFO python.PythonRunner: Times: total = 63, boot = -62, init = 64, finish = 61
17/02/02 00:14:40 INFO python.PythonRunner: Times: total = 55, boot = -74, init = 74, finish = 55
17/02/02 00:14:40 INFO python.PythonRunner: Times: total = 62, boot = -39, init = 40, finish = 61
17/02/02 00:14:40 INFO executor.Executor: Finished task 274.0 in stage 330.0 (TID 56950). 2410 bytes result sent to driver
17/02/02 00:14:40 INFO executor.CoarseGrainedExecutorBackend: Got assigned task 56970
17/02/02 00:14:40 INFO executor.Executor: Running task 295.0 in stage 330.0 (TID 56970)
17/02/02 00:14:40 INFO executor.Executor: Finished task 278.0 in stage 330.0 (TID 56952). 2410 bytes result sent to driver
17/02/02 00:14:40 INFO storage.ShuffleBlockFetcherIterator: Getting 61 non-empty blocks out of 960 blocks
17/02/02 00:14:40 INFO storage.ShuffleBlockFetcherIterator: Started 4 remote fetches in 1 ms
17/02/02 00:14:40 INFO executor.CoarseGrainedExecutorBackend: Got assigned task 56972
17/02/02 00:14:40 INFO executor.Executor: Running task 296.0 in stage 330.0 (TID 56972)
17/02/02 00:14:40 INFO storage.ShuffleBlockFetcherIterator: Getting 61 non-empty blocks out of 960 blocks
17/02/02 00:14:40 INFO storage.ShuffleBlockFetcherIterator: Started 4 remote fetches in 0 ms
17/02/02 00:14:40 INFO executor.Executor: Finished task 285.0 in stage 330.0 (TID 56957). 2410 bytes result sent to driver
17/02/02 00:14:40 INFO executor.Executor: Finished task 281.0 in stage 330.0 (TID 56956). 2410 bytes result sent to driver
17/02/02 00:14:40 INFO python.PythonRunner: Times: total = 28, boot = -56, init = 57, finish = 27
17/02/02 00:14:40 INFO executor.CoarseGrainedExecutorBackend: Got assigned task 56977
17/02/02 00:14:40 INFO executor.Executor: Running task 300.0 in stage 330.0 (TID 56977)
17/02/02 00:14:40 INFO executor.CoarseGrainedExecutorBackend: Got assigned task 56978
17/02/02 00:14:40 INFO executor.Executor: Running task 304.0 in stage 330.0 (TID 56978)
17/02/02 00:14:40 INFO storage.ShuffleBlockFetcherIterator: Getting 61 non-empty blocks out of 960 blocks
17/02/02 00:14:40 INFO storage.ShuffleBlockFetcherIterator: Getting 61 non-empty blocks out of 960 blocks
17/02/02 00:14:40 INFO storage.ShuffleBlockFetcherIterator: Started 4 remote fetches in 0 ms
17/02/02 00:14:40 INFO storage.ShuffleBlockFetcherIterator: Started 4 remote fetches in 0 ms
17/02/02 00:14:40 INFO executor.Executor: Finished task 294.0 in stage 330.0 (TID 56968). 2410 bytes result sent to driver
17/02/02 00:14:40 INFO executor.CoarseGrainedExecutorBackend: Got assigned task 56981
17/02/02 00:14:40 INFO executor.Executor: Running task 307.0 in stage 330.0 (TID 56981)
17/02/02 00:14:40 INFO storage.ShuffleBlockFetcherIterator: Getting 61 non-empty blocks out of 960 blocks
17/02/02 00:14:40 INFO python.PythonRunner: Times: total = 61, boot = -54, init = 56, finish = 59
17/02/02 00:14:40 INFO storage.ShuffleBlockFetcherIterator: Started 4 remote fetches in 0 ms
17/02/02 00:14:40 INFO executor.Executor: Finished task 291.0 in stage 330.0 (TID 56963). 2410 bytes result sent to driver
17/02/02 00:14:40 INFO executor.CoarseGrainedExecutorBackend: Got assigned task 56983
17/02/02 00:14:40 INFO executor.Executor: Running task 308.0 in stage 330.0 (TID 56983)
17/02/02 00:14:40 INFO storage.ShuffleBlockFetcherIterator: Getting 61 non-empty blocks out of 960 blocks
17/02/02 00:14:40 INFO storage.ShuffleBlockFetcherIterator: Started 4 remote fetches in 0 ms
17/02/02 00:14:40 INFO python.PythonRunner: Times: total = 18, boot = -55, init = 56, finish = 17
17/02/02 00:14:40 INFO executor.Executor: Finished task 307.0 in stage 330.0 (TID 56981). 2410 bytes result sent to driver
17/02/02 00:14:40 INFO executor.CoarseGrainedExecutorBackend: Got assigned task 56988
17/02/02 00:14:40 INFO executor.Executor: Running task 315.0 in stage 330.0 (TID 56988)
17/02/02 00:14:40 INFO storage.ShuffleBlockFetcherIterator: Getting 61 non-empty blocks out of 960 blocks
17/02/02 00:14:40 INFO storage.ShuffleBlockFetcherIterator: Started 4 remote fetches in 0 ms
17/02/02 00:14:40 INFO python.PythonRunner: Times: total = 58, boot = -71, init = 72, finish = 57
17/02/02 00:14:40 INFO python.PythonRunner: Times: total = 63, boot = -71, init = 72, finish = 62
17/02/02 00:14:40 INFO python.PythonRunner: Times: total = 54, boot = -57, init = 57, finish = 54
17/02/02 00:14:40 INFO python.PythonRunner: Times: total = 56, boot = -74, init = 75, finish = 55
17/02/02 00:14:40 INFO executor.Executor: Finished task 295.0 in stage 330.0 (TID 56970). 2410 bytes result sent to driver
17/02/02 00:14:40 INFO executor.CoarseGrainedExecutorBackend: Got assigned task 56994
17/02/02 00:14:40 INFO executor.Executor: Running task 317.0 in stage 330.0 (TID 56994)
17/02/02 00:14:40 INFO executor.Executor: Finished task 296.0 in stage 330.0 (TID 56972). 2410 bytes result sent to driver
17/02/02 00:14:40 INFO storage.ShuffleBlockFetcherIterator: Getting 61 non-empty blocks out of 960 blocks
17/02/02 00:14:40 INFO storage.ShuffleBlockFetcherIterator: Started 4 remote fetches in 0 ms
17/02/02 00:14:40 INFO executor.CoarseGrainedExecutorBackend: Got assigned task 56995
17/02/02 00:14:40 INFO executor.Executor: Running task 318.0 in stage 330.0 (TID 56995)
17/02/02 00:14:40 INFO storage.ShuffleBlockFetcherIterator: Getting 61 non-empty blocks out of 960 blocks
17/02/02 00:14:40 INFO storage.ShuffleBlockFetcherIterator: Started 4 remote fetches in 1 ms
17/02/02 00:14:40 INFO executor.Executor: Finished task 300.0 in stage 330.0 (TID 56977). 2410 bytes result sent to driver
17/02/02 00:14:40 INFO executor.CoarseGrainedExecutorBackend: Got assigned task 56996
