17/02/01 23:11:45 INFO storage.ShuffleBlockFetcherIterator: Started 4 remote fetches in 1 ms
17/02/01 23:11:45 INFO executor.CoarseGrainedExecutorBackend: Got assigned task 43335
17/02/01 23:11:45 INFO executor.Executor: Running task 1037.0 in stage 238.0 (TID 43335)
17/02/01 23:11:45 INFO executor.Executor: Finished task 996.0 in stage 238.0 (TID 43294). 3378 bytes result sent to driver
17/02/01 23:11:45 INFO python.PythonRunner: Times: total = 22, boot = -39, init = 41, finish = 20
17/02/01 23:11:45 INFO storage.ShuffleBlockFetcherIterator: Getting 93 non-empty blocks out of 1920 blocks
17/02/01 23:11:45 INFO executor.Executor: Finished task 1023.0 in stage 238.0 (TID 43321). 3378 bytes result sent to driver
17/02/01 23:11:45 INFO storage.ShuffleBlockFetcherIterator: Started 4 remote fetches in 0 ms
17/02/01 23:11:45 INFO executor.CoarseGrainedExecutorBackend: Got assigned task 43337
17/02/01 23:11:45 INFO executor.Executor: Running task 1039.0 in stage 238.0 (TID 43337)
17/02/01 23:11:45 INFO executor.CoarseGrainedExecutorBackend: Got assigned task 43339
17/02/01 23:11:45 INFO executor.Executor: Running task 1041.0 in stage 238.0 (TID 43339)
17/02/01 23:11:45 INFO storage.ShuffleBlockFetcherIterator: Getting 93 non-empty blocks out of 1920 blocks
17/02/01 23:11:45 INFO storage.ShuffleBlockFetcherIterator: Getting 93 non-empty blocks out of 1920 blocks
17/02/01 23:11:45 INFO storage.ShuffleBlockFetcherIterator: Started 4 remote fetches in 2 ms
17/02/01 23:11:45 INFO storage.ShuffleBlockFetcherIterator: Started 4 remote fetches in 2 ms
17/02/01 23:11:45 INFO executor.Executor: Finished task 1024.0 in stage 238.0 (TID 43322). 3378 bytes result sent to driver
17/02/01 23:11:45 INFO executor.CoarseGrainedExecutorBackend: Got assigned task 43344
17/02/01 23:11:45 INFO executor.Executor: Running task 1046.0 in stage 238.0 (TID 43344)
17/02/01 23:11:45 INFO python.PythonRunner: Times: total = 16, boot = -64, init = 65, finish = 15
17/02/01 23:11:45 INFO storage.ShuffleBlockFetcherIterator: Getting 93 non-empty blocks out of 1920 blocks
17/02/01 23:11:45 INFO storage.ShuffleBlockFetcherIterator: Started 4 remote fetches in 1 ms
17/02/01 23:11:45 INFO python.PythonRunner: Times: total = 10, boot = -32, init = 34, finish = 8
17/02/01 23:11:45 INFO python.PythonRunner: Times: total = 54, boot = -30, init = 32, finish = 52
17/02/01 23:11:45 INFO executor.Executor: Finished task 1034.0 in stage 238.0 (TID 43332). 3378 bytes result sent to driver
17/02/01 23:11:45 INFO python.PythonRunner: Times: total = 21, boot = -28, init = 29, finish = 20
17/02/01 23:11:45 INFO executor.Executor: Finished task 1039.0 in stage 238.0 (TID 43337). 3378 bytes result sent to driver
17/02/01 23:11:45 INFO executor.CoarseGrainedExecutorBackend: Got assigned task 43348
17/02/01 23:11:45 INFO executor.Executor: Running task 1050.0 in stage 238.0 (TID 43348)
17/02/01 23:11:45 INFO executor.CoarseGrainedExecutorBackend: Got assigned task 43349
17/02/01 23:11:45 INFO executor.Executor: Running task 1051.0 in stage 238.0 (TID 43349)
17/02/01 23:11:45 INFO storage.ShuffleBlockFetcherIterator: Getting 93 non-empty blocks out of 1920 blocks
17/02/01 23:11:45 INFO storage.ShuffleBlockFetcherIterator: Getting 93 non-empty blocks out of 1920 blocks
17/02/01 23:11:45 INFO storage.ShuffleBlockFetcherIterator: Started 4 remote fetches in 1 ms
17/02/01 23:11:45 INFO executor.Executor: Finished task 1017.0 in stage 238.0 (TID 43315). 3378 bytes result sent to driver
17/02/01 23:11:45 INFO python.PythonRunner: Times: total = 21, boot = 8, init = 0, finish = 13
17/02/01 23:11:45 INFO storage.ShuffleBlockFetcherIterator: Started 4 remote fetches in 2 ms
17/02/01 23:11:45 INFO executor.CoarseGrainedExecutorBackend: Got assigned task 43352
17/02/01 23:11:45 INFO executor.Executor: Running task 1054.0 in stage 238.0 (TID 43352)
17/02/01 23:11:45 INFO storage.ShuffleBlockFetcherIterator: Getting 93 non-empty blocks out of 1920 blocks
17/02/01 23:11:45 INFO storage.ShuffleBlockFetcherIterator: Started 4 remote fetches in 1 ms
17/02/01 23:11:45 INFO executor.Executor: Finished task 1037.0 in stage 238.0 (TID 43335). 3378 bytes result sent to driver
17/02/01 23:11:45 INFO executor.CoarseGrainedExecutorBackend: Got assigned task 43354
17/02/01 23:11:45 INFO executor.Executor: Running task 1056.0 in stage 238.0 (TID 43354)
17/02/01 23:11:45 INFO executor.Executor: Finished task 1041.0 in stage 238.0 (TID 43339). 3378 bytes result sent to driver
17/02/01 23:11:45 INFO executor.CoarseGrainedExecutorBackend: Got assigned task 43357
17/02/01 23:11:45 INFO storage.ShuffleBlockFetcherIterator: Getting 93 non-empty blocks out of 1920 blocks
17/02/01 23:11:45 INFO executor.Executor: Running task 1059.0 in stage 238.0 (TID 43357)
17/02/01 23:11:45 INFO storage.ShuffleBlockFetcherIterator: Started 4 remote fetches in 1 ms
17/02/01 23:11:45 INFO storage.ShuffleBlockFetcherIterator: Getting 93 non-empty blocks out of 1920 blocks
17/02/01 23:11:45 INFO storage.ShuffleBlockFetcherIterator: Started 4 remote fetches in 2 ms
17/02/01 23:11:45 INFO python.PythonRunner: Times: total = 16, boot = -14, init = 16, finish = 14
17/02/01 23:11:45 INFO executor.Executor: Finished task 1050.0 in stage 238.0 (TID 43348). 3378 bytes result sent to driver
17/02/01 23:11:45 INFO executor.CoarseGrainedExecutorBackend: Got assigned task 43362
17/02/01 23:11:45 INFO executor.Executor: Running task 1064.0 in stage 238.0 (TID 43362)
17/02/01 23:11:45 INFO storage.ShuffleBlockFetcherIterator: Getting 93 non-empty blocks out of 1920 blocks
17/02/01 23:11:45 INFO storage.ShuffleBlockFetcherIterator: Started 4 remote fetches in 1 ms
17/02/01 23:11:45 INFO python.PythonRunner: Times: total = 50, boot = -3, init = 5, finish = 48
17/02/01 23:11:45 INFO executor.Executor: Finished task 1046.0 in stage 238.0 (TID 43344). 3378 bytes result sent to driver
17/02/01 23:11:45 INFO executor.CoarseGrainedExecutorBackend: Got assigned task 43369
17/02/01 23:11:45 INFO executor.Executor: Running task 1071.0 in stage 238.0 (TID 43369)
17/02/01 23:11:45 INFO storage.ShuffleBlockFetcherIterator: Getting 93 non-empty blocks out of 1920 blocks
17/02/01 23:11:45 INFO storage.ShuffleBlockFetcherIterator: Started 4 remote fetches in 0 ms
17/02/01 23:11:45 INFO python.PythonRunner: Times: total = 50, boot = -18, init = 20, finish = 48
17/02/01 23:11:45 INFO executor.Executor: Finished task 1051.0 in stage 238.0 (TID 43349). 3378 bytes result sent to driver
17/02/01 23:11:45 INFO python.PythonRunner: Times: total = 56, boot = -7, init = 8, finish = 55
17/02/01 23:11:45 INFO executor.CoarseGrainedExecutorBackend: Got assigned task 43375
17/02/01 23:11:45 INFO executor.Executor: Running task 1077.0 in stage 238.0 (TID 43375)
17/02/01 23:11:45 INFO python.PythonRunner: Times: total = 50, boot = -4, init = 5, finish = 49
17/02/01 23:11:45 INFO storage.ShuffleBlockFetcherIterator: Getting 93 non-empty blocks out of 1920 blocks
17/02/01 23:11:45 INFO storage.ShuffleBlockFetcherIterator: Started 4 remote fetches in 1 ms
17/02/01 23:11:45 INFO executor.Executor: Finished task 1056.0 in stage 238.0 (TID 43354). 3378 bytes result sent to driver
17/02/01 23:11:45 INFO executor.CoarseGrainedExecutorBackend: Got assigned task 43382
17/02/01 23:11:45 INFO executor.Executor: Running task 1084.0 in stage 238.0 (TID 43382)
17/02/01 23:11:45 INFO executor.Executor: Finished task 1054.0 in stage 238.0 (TID 43352). 3378 bytes result sent to driver
17/02/01 23:11:45 INFO storage.ShuffleBlockFetcherIterator: Getting 93 non-empty blocks out of 1920 blocks
17/02/01 23:11:45 INFO executor.CoarseGrainedExecutorBackend: Got assigned task 43384
17/02/01 23:11:45 INFO executor.Executor: Running task 1086.0 in stage 238.0 (TID 43384)
17/02/01 23:11:45 INFO storage.ShuffleBlockFetcherIterator: Started 4 remote fetches in 1 ms
17/02/01 23:11:45 INFO storage.ShuffleBlockFetcherIterator: Getting 93 non-empty blocks out of 1920 blocks
17/02/01 23:11:45 INFO storage.ShuffleBlockFetcherIterator: Started 4 remote fetches in 2 ms
17/02/01 23:11:45 INFO python.PythonRunner: Times: total = 17, boot = -40, init = 41, finish = 16
17/02/01 23:11:45 INFO python.PythonRunner: Times: total = 53, boot = -12, init = 13, finish = 52
17/02/01 23:11:45 INFO executor.Executor: Finished task 1077.0 in stage 238.0 (TID 43375). 3378 bytes result sent to driver
17/02/01 23:11:45 INFO executor.CoarseGrainedExecutorBackend: Got assigned task 43391
17/02/01 23:11:45 INFO executor.Executor: Running task 1093.0 in stage 238.0 (TID 43391)
17/02/01 23:11:45 INFO executor.Executor: Finished task 1064.0 in stage 238.0 (TID 43362). 3378 bytes result sent to driver
17/02/01 23:11:45 INFO storage.ShuffleBlockFetcherIterator: Getting 93 non-empty blocks out of 1920 blocks
17/02/01 23:11:45 INFO storage.ShuffleBlockFetcherIterator: Started 4 remote fetches in 1 ms
17/02/01 23:11:45 INFO executor.CoarseGrainedExecutorBackend: Got assigned task 43395
17/02/01 23:11:45 INFO executor.Executor: Running task 1097.0 in stage 238.0 (TID 43395)
17/02/01 23:11:45 INFO python.PythonRunner: Times: total = 18, boot = -44, init = 45, finish = 17
17/02/01 23:11:45 INFO storage.ShuffleBlockFetcherIterator: Getting 93 non-empty blocks out of 1920 blocks
17/02/01 23:11:45 INFO storage.ShuffleBlockFetcherIterator: Started 4 remote fetches in 1 ms
17/02/01 23:11:45 INFO python.PythonRunner: Times: total = 50, boot = -24, init = 25, finish = 49
17/02/01 23:11:45 INFO python.PythonRunner: Times: total = 11, boot = -16, init = 17, finish = 10
17/02/01 23:11:45 INFO executor.Executor: Finished task 1071.0 in stage 238.0 (TID 43369). 3378 bytes result sent to driver
17/02/01 23:11:45 INFO python.PythonRunner: Times: total = 54, boot = -6, init = 7, finish = 53
17/02/01 23:11:45 INFO executor.CoarseGrainedExecutorBackend: Got assigned task 43397
17/02/01 23:11:45 INFO executor.Executor: Running task 1099.0 in stage 238.0 (TID 43397)
