17/02/01 23:11:07 INFO executor.CoarseGrainedExecutorBackend: Got assigned task 38583
17/02/01 23:11:07 INFO executor.Executor: Running task 95.0 in stage 221.0 (TID 38583)
17/02/01 23:11:07 INFO storage.ShuffleBlockFetcherIterator: Getting 956 non-empty blocks out of 1890 blocks
17/02/01 23:11:07 INFO storage.ShuffleBlockFetcherIterator: Started 4 remote fetches in 8 ms
17/02/01 23:11:07 INFO python.PythonRunner: Times: total = 194, boot = -65, init = 181, finish = 78
17/02/01 23:11:07 INFO executor.Executor: Finished task 81.0 in stage 221.0 (TID 38569). 1251 bytes result sent to driver
17/02/01 23:11:07 INFO executor.CoarseGrainedExecutorBackend: Got assigned task 38587
17/02/01 23:11:07 INFO executor.Executor: Running task 99.0 in stage 221.0 (TID 38587)
17/02/01 23:11:07 INFO storage.ShuffleBlockFetcherIterator: Getting 943 non-empty blocks out of 1890 blocks
17/02/01 23:11:07 INFO storage.ShuffleBlockFetcherIterator: Started 4 remote fetches in 4 ms
17/02/01 23:11:07 INFO python.PythonRunner: Times: total = 241, boot = -56, init = 136, finish = 161
17/02/01 23:11:07 INFO executor.Executor: Finished task 78.0 in stage 221.0 (TID 38566). 1251 bytes result sent to driver
17/02/01 23:11:07 INFO executor.CoarseGrainedExecutorBackend: Got assigned task 38591
17/02/01 23:11:07 INFO executor.Executor: Running task 103.0 in stage 221.0 (TID 38591)
17/02/01 23:11:07 INFO storage.ShuffleBlockFetcherIterator: Getting 949 non-empty blocks out of 1890 blocks
17/02/01 23:11:07 INFO storage.ShuffleBlockFetcherIterator: Started 4 remote fetches in 6 ms
17/02/01 23:11:07 INFO python.PythonRunner: Times: total = 261, boot = 6, init = 133, finish = 122
17/02/01 23:11:07 INFO executor.Executor: Finished task 82.0 in stage 221.0 (TID 38570). 1251 bytes result sent to driver
17/02/01 23:11:07 INFO executor.CoarseGrainedExecutorBackend: Got assigned task 38594
17/02/01 23:11:07 INFO executor.Executor: Running task 106.0 in stage 221.0 (TID 38594)
17/02/01 23:11:07 INFO storage.ShuffleBlockFetcherIterator: Getting 940 non-empty blocks out of 1890 blocks
17/02/01 23:11:07 INFO storage.ShuffleBlockFetcherIterator: Started 3 remote fetches in 6 ms
17/02/01 23:11:07 INFO python.PythonRunner: Times: total = 174, boot = 9, init = 40, finish = 125
17/02/01 23:11:07 INFO executor.Executor: Finished task 87.0 in stage 221.0 (TID 38575). 1251 bytes result sent to driver
17/02/01 23:11:07 INFO executor.CoarseGrainedExecutorBackend: Got assigned task 38597
17/02/01 23:11:07 INFO executor.Executor: Running task 109.0 in stage 221.0 (TID 38597)
17/02/01 23:11:07 INFO storage.ShuffleBlockFetcherIterator: Getting 956 non-empty blocks out of 1890 blocks
17/02/01 23:11:07 INFO storage.ShuffleBlockFetcherIterator: Started 4 remote fetches in 5 ms
17/02/01 23:11:07 INFO python.PythonRunner: Times: total = 120, boot = 7, init = 13, finish = 100
17/02/01 23:11:07 INFO executor.Executor: Finished task 95.0 in stage 221.0 (TID 38583). 1251 bytes result sent to driver
17/02/01 23:11:07 INFO executor.CoarseGrainedExecutorBackend: Got assigned task 38601
17/02/01 23:11:07 INFO executor.Executor: Running task 113.0 in stage 221.0 (TID 38601)
17/02/01 23:11:07 INFO storage.ShuffleBlockFetcherIterator: Getting 927 non-empty blocks out of 1890 blocks
17/02/01 23:11:07 INFO storage.ShuffleBlockFetcherIterator: Started 4 remote fetches in 5 ms
17/02/01 23:11:07 INFO python.PythonRunner: Times: total = 150, boot = 14, init = 0, finish = 136
17/02/01 23:11:07 INFO executor.Executor: Finished task 92.0 in stage 221.0 (TID 38580). 1251 bytes result sent to driver
17/02/01 23:11:07 INFO executor.CoarseGrainedExecutorBackend: Got assigned task 38602
17/02/01 23:11:07 INFO executor.Executor: Running task 114.0 in stage 221.0 (TID 38602)
17/02/01 23:11:07 INFO storage.ShuffleBlockFetcherIterator: Getting 926 non-empty blocks out of 1890 blocks
17/02/01 23:11:07 INFO storage.ShuffleBlockFetcherIterator: Started 3 remote fetches in 4 ms
17/02/01 23:11:07 INFO python.PythonRunner: Times: total = 143, boot = 11, init = 19, finish = 113
17/02/01 23:11:07 INFO executor.Executor: Finished task 99.0 in stage 221.0 (TID 38587). 1251 bytes result sent to driver
17/02/01 23:11:07 INFO executor.CoarseGrainedExecutorBackend: Got assigned task 38605
17/02/01 23:11:07 INFO executor.Executor: Running task 117.0 in stage 221.0 (TID 38605)
17/02/01 23:11:07 INFO storage.ShuffleBlockFetcherIterator: Getting 950 non-empty blocks out of 1890 blocks
17/02/01 23:11:07 INFO storage.ShuffleBlockFetcherIterator: Started 4 remote fetches in 6 ms
17/02/01 23:11:07 INFO python.PythonRunner: Times: total = 137, boot = 20, init = 1, finish = 116
17/02/01 23:11:07 INFO executor.Executor: Finished task 103.0 in stage 221.0 (TID 38591). 1251 bytes result sent to driver
17/02/01 23:11:07 INFO executor.CoarseGrainedExecutorBackend: Got assigned task 38607
17/02/01 23:11:07 INFO executor.Executor: Running task 119.0 in stage 221.0 (TID 38607)
17/02/01 23:11:07 INFO storage.ShuffleBlockFetcherIterator: Getting 914 non-empty blocks out of 1890 blocks
17/02/01 23:11:07 INFO storage.ShuffleBlockFetcherIterator: Started 3 remote fetches in 2 ms
17/02/01 23:11:07 INFO python.PythonRunner: Times: total = 138, boot = 17, init = 1, finish = 120
17/02/01 23:11:07 INFO executor.Executor: Finished task 106.0 in stage 221.0 (TID 38594). 1251 bytes result sent to driver
17/02/01 23:11:07 INFO executor.CoarseGrainedExecutorBackend: Got assigned task 38609
17/02/01 23:11:07 INFO executor.Executor: Running task 121.0 in stage 221.0 (TID 38609)
17/02/01 23:11:07 INFO storage.ShuffleBlockFetcherIterator: Getting 956 non-empty blocks out of 1890 blocks
17/02/01 23:11:07 INFO storage.ShuffleBlockFetcherIterator: Started 3 remote fetches in 5 ms
17/02/01 23:11:07 INFO python.PythonRunner: Times: total = 231, boot = 10, init = 1, finish = 220
17/02/01 23:11:07 INFO executor.Executor: Finished task 113.0 in stage 221.0 (TID 38601). 1251 bytes result sent to driver
17/02/01 23:11:07 INFO executor.CoarseGrainedExecutorBackend: Got assigned task 38624
17/02/01 23:11:07 INFO executor.Executor: Running task 136.0 in stage 221.0 (TID 38624)
17/02/01 23:11:07 INFO storage.ShuffleBlockFetcherIterator: Getting 936 non-empty blocks out of 1890 blocks
17/02/01 23:11:07 INFO storage.ShuffleBlockFetcherIterator: Started 3 remote fetches in 4 ms
17/02/01 23:11:07 INFO python.PythonRunner: Times: total = 270, boot = 19, init = 0, finish = 251
17/02/01 23:11:07 INFO executor.Executor: Finished task 109.0 in stage 221.0 (TID 38597). 1251 bytes result sent to driver
17/02/01 23:11:07 INFO executor.CoarseGrainedExecutorBackend: Got assigned task 38627
17/02/01 23:11:07 INFO executor.Executor: Running task 139.0 in stage 221.0 (TID 38627)
17/02/01 23:11:07 INFO storage.ShuffleBlockFetcherIterator: Getting 952 non-empty blocks out of 1890 blocks
17/02/01 23:11:07 INFO storage.ShuffleBlockFetcherIterator: Started 3 remote fetches in 6 ms
17/02/01 23:11:07 INFO python.PythonRunner: Times: total = 265, boot = 21, init = 0, finish = 244
17/02/01 23:11:07 INFO executor.Executor: Finished task 114.0 in stage 221.0 (TID 38602). 1251 bytes result sent to driver
17/02/01 23:11:07 INFO executor.CoarseGrainedExecutorBackend: Got assigned task 38630
17/02/01 23:11:07 INFO executor.Executor: Running task 142.0 in stage 221.0 (TID 38630)
17/02/01 23:11:07 INFO storage.ShuffleBlockFetcherIterator: Getting 938 non-empty blocks out of 1890 blocks
17/02/01 23:11:07 INFO storage.ShuffleBlockFetcherIterator: Started 3 remote fetches in 5 ms
17/02/01 23:11:07 INFO python.PythonRunner: Times: total = 298, boot = 12, init = 0, finish = 286
17/02/01 23:11:07 INFO executor.Executor: Finished task 117.0 in stage 221.0 (TID 38605). 1251 bytes result sent to driver
17/02/01 23:11:07 INFO executor.CoarseGrainedExecutorBackend: Got assigned task 38638
17/02/01 23:11:07 INFO executor.Executor: Running task 150.0 in stage 221.0 (TID 38638)
17/02/01 23:11:07 INFO storage.ShuffleBlockFetcherIterator: Getting 943 non-empty blocks out of 1890 blocks
17/02/01 23:11:07 INFO storage.ShuffleBlockFetcherIterator: Started 4 remote fetches in 6 ms
17/02/01 23:11:07 INFO python.PythonRunner: Times: total = 286, boot = 20, init = 0, finish = 266
17/02/01 23:11:07 INFO executor.Executor: Finished task 119.0 in stage 221.0 (TID 38607). 1251 bytes result sent to driver
17/02/01 23:11:07 INFO executor.CoarseGrainedExecutorBackend: Got assigned task 38642
17/02/01 23:11:07 INFO executor.Executor: Running task 154.0 in stage 221.0 (TID 38642)
17/02/01 23:11:07 INFO storage.ShuffleBlockFetcherIterator: Getting 950 non-empty blocks out of 1890 blocks
17/02/01 23:11:07 INFO storage.ShuffleBlockFetcherIterator: Started 4 remote fetches in 6 ms
17/02/01 23:11:07 INFO python.PythonRunner: Times: total = 284, boot = 12, init = 0, finish = 272
17/02/01 23:11:07 INFO executor.Executor: Finished task 121.0 in stage 221.0 (TID 38609). 1251 bytes result sent to driver
17/02/01 23:11:07 INFO executor.CoarseGrainedExecutorBackend: Got assigned task 38646
17/02/01 23:11:07 INFO executor.Executor: Running task 158.0 in stage 221.0 (TID 38646)
17/02/01 23:11:07 INFO storage.ShuffleBlockFetcherIterator: Getting 965 non-empty blocks out of 1890 blocks
17/02/01 23:11:07 INFO storage.ShuffleBlockFetcherIterator: Started 4 remote fetches in 10 ms
17/02/01 23:11:07 INFO python.PythonRunner: Times: total = 178, boot = 7, init = 0, finish = 171
17/02/01 23:11:07 INFO executor.Executor: Finished task 136.0 in stage 221.0 (TID 38624). 1251 bytes result sent to driver
17/02/01 23:11:07 INFO executor.CoarseGrainedExecutorBackend: Got assigned task 38650
17/02/01 23:11:07 INFO executor.Executor: Running task 162.0 in stage 221.0 (TID 38650)
17/02/01 23:11:07 INFO storage.ShuffleBlockFetcherIterator: Getting 940 non-empty blocks out of 1890 blocks
17/02/01 23:11:07 INFO storage.ShuffleBlockFetcherIterator: Started 4 remote fetches in 4 ms
