17/02/01 23:11:30 INFO executor.Executor: Finished task 741.0 in stage 237.0 (TID 41149). 3378 bytes result sent to driver
17/02/01 23:11:30 INFO executor.CoarseGrainedExecutorBackend: Got assigned task 41175
17/02/01 23:11:30 INFO executor.Executor: Running task 767.0 in stage 237.0 (TID 41175)
17/02/01 23:11:30 INFO python.PythonRunner: Times: total = 146, boot = -16, init = 45, finish = 117
17/02/01 23:11:30 INFO storage.ShuffleBlockFetcherIterator: Getting 955 non-empty blocks out of 1890 blocks
17/02/01 23:11:30 INFO storage.ShuffleBlockFetcherIterator: Started 4 remote fetches in 4 ms
17/02/01 23:11:30 INFO python.PythonRunner: Times: total = 125, boot = -4, init = 21, finish = 108
17/02/01 23:11:30 INFO python.PythonRunner: Times: total = 50, boot = -34, init = 36, finish = 48
17/02/01 23:11:30 INFO executor.Executor: Finished task 744.0 in stage 237.0 (TID 41152). 3378 bytes result sent to driver
17/02/01 23:11:30 INFO executor.CoarseGrainedExecutorBackend: Got assigned task 41181
17/02/01 23:11:30 INFO executor.Executor: Running task 773.0 in stage 237.0 (TID 41181)
17/02/01 23:11:30 INFO python.PythonRunner: Times: total = 47, boot = 0, init = 0, finish = 47
17/02/01 23:11:30 INFO storage.ShuffleBlockFetcherIterator: Getting 953 non-empty blocks out of 1890 blocks
17/02/01 23:11:30 INFO storage.ShuffleBlockFetcherIterator: Started 4 remote fetches in 3 ms
17/02/01 23:11:30 INFO python.PythonRunner: Times: total = 138, boot = -19, init = 28, finish = 129
17/02/01 23:11:30 INFO executor.Executor: Finished task 747.0 in stage 237.0 (TID 41155). 3378 bytes result sent to driver
17/02/01 23:11:30 INFO executor.CoarseGrainedExecutorBackend: Got assigned task 41183
17/02/01 23:11:30 INFO executor.Executor: Running task 775.0 in stage 237.0 (TID 41183)
17/02/01 23:11:30 INFO storage.ShuffleBlockFetcherIterator: Getting 949 non-empty blocks out of 1890 blocks
17/02/01 23:11:30 INFO storage.ShuffleBlockFetcherIterator: Started 4 remote fetches in 6 ms
17/02/01 23:11:30 INFO python.PythonRunner: Times: total = 114, boot = -17, init = 22, finish = 109
17/02/01 23:11:30 INFO python.PythonRunner: Times: total = 133, boot = -22, init = 25, finish = 130
17/02/01 23:11:30 INFO python.PythonRunner: Times: total = 18, boot = 6, init = 0, finish = 12
17/02/01 23:11:30 INFO python.PythonRunner: Times: total = 22, boot = -16, init = 17, finish = 21
17/02/01 23:11:30 INFO python.PythonRunner: Times: total = 101, boot = -23, init = 27, finish = 97
17/02/01 23:11:30 INFO executor.Executor: Finished task 762.0 in stage 237.0 (TID 41170). 3378 bytes result sent to driver
17/02/01 23:11:30 INFO executor.Executor: Finished task 760.0 in stage 237.0 (TID 41168). 3378 bytes result sent to driver
17/02/01 23:11:30 INFO executor.CoarseGrainedExecutorBackend: Got assigned task 41187
17/02/01 23:11:30 INFO executor.Executor: Running task 779.0 in stage 237.0 (TID 41187)
17/02/01 23:11:30 INFO executor.CoarseGrainedExecutorBackend: Got assigned task 41188
17/02/01 23:11:30 INFO executor.Executor: Running task 780.0 in stage 237.0 (TID 41188)
17/02/01 23:11:30 INFO python.PythonRunner: Times: total = 55, boot = -28, init = 30, finish = 53
17/02/01 23:11:30 INFO storage.ShuffleBlockFetcherIterator: Getting 957 non-empty blocks out of 1890 blocks
17/02/01 23:11:30 INFO storage.ShuffleBlockFetcherIterator: Getting 943 non-empty blocks out of 1890 blocks
17/02/01 23:11:30 INFO storage.ShuffleBlockFetcherIterator: Started 4 remote fetches in 3 ms
17/02/01 23:11:30 INFO storage.ShuffleBlockFetcherIterator: Started 4 remote fetches in 3 ms
17/02/01 23:11:30 INFO python.PythonRunner: Times: total = 15, boot = 5, init = 1, finish = 9
17/02/01 23:11:30 INFO executor.Executor: Finished task 756.0 in stage 237.0 (TID 41164). 3378 bytes result sent to driver
17/02/01 23:11:30 INFO executor.CoarseGrainedExecutorBackend: Got assigned task 41190
17/02/01 23:11:30 INFO executor.Executor: Running task 782.0 in stage 237.0 (TID 41190)
17/02/01 23:11:30 INFO storage.ShuffleBlockFetcherIterator: Getting 953 non-empty blocks out of 1890 blocks
17/02/01 23:11:30 INFO executor.Executor: Finished task 767.0 in stage 237.0 (TID 41175). 3378 bytes result sent to driver
17/02/01 23:11:30 INFO storage.ShuffleBlockFetcherIterator: Started 4 remote fetches in 3 ms
17/02/01 23:11:30 INFO executor.CoarseGrainedExecutorBackend: Got assigned task 41191
17/02/01 23:11:30 INFO executor.Executor: Running task 783.0 in stage 237.0 (TID 41191)
17/02/01 23:11:30 INFO storage.ShuffleBlockFetcherIterator: Getting 949 non-empty blocks out of 1890 blocks
17/02/01 23:11:30 INFO storage.ShuffleBlockFetcherIterator: Started 3 remote fetches in 5 ms
17/02/01 23:11:30 INFO python.PythonRunner: Times: total = 119, boot = -33, init = 38, finish = 114
17/02/01 23:11:30 INFO python.PythonRunner: Times: total = 128, boot = -5, init = 9, finish = 124
17/02/01 23:11:30 INFO python.PythonRunner: Times: total = 107, boot = -9, init = 16, finish = 100
17/02/01 23:11:30 INFO python.PythonRunner: Times: total = 53, boot = -30, init = 31, finish = 52
17/02/01 23:11:30 INFO executor.Executor: Finished task 773.0 in stage 237.0 (TID 41181). 3378 bytes result sent to driver
17/02/01 23:11:30 INFO executor.CoarseGrainedExecutorBackend: Got assigned task 41204
17/02/01 23:11:30 INFO executor.Executor: Running task 796.0 in stage 237.0 (TID 41204)
17/02/01 23:11:30 INFO storage.ShuffleBlockFetcherIterator: Getting 938 non-empty blocks out of 1890 blocks
17/02/01 23:11:30 INFO python.PythonRunner: Times: total = 128, boot = 7, init = 20, finish = 101
17/02/01 23:11:30 INFO python.PythonRunner: Times: total = 121, boot = 8, init = 37, finish = 76
17/02/01 23:11:30 INFO storage.ShuffleBlockFetcherIterator: Started 3 remote fetches in 4 ms
17/02/01 23:11:30 INFO python.PythonRunner: Times: total = 55, boot = -65, init = 66, finish = 54
17/02/01 23:11:30 INFO python.PythonRunner: Times: total = 126, boot = -6, init = 57, finish = 75
17/02/01 23:11:30 INFO executor.Executor: Finished task 775.0 in stage 237.0 (TID 41183). 3378 bytes result sent to driver
17/02/01 23:11:30 INFO executor.CoarseGrainedExecutorBackend: Got assigned task 41206
17/02/01 23:11:30 INFO executor.Executor: Running task 798.0 in stage 237.0 (TID 41206)
17/02/01 23:11:30 INFO python.PythonRunner: Times: total = 17, boot = 9, init = 0, finish = 8
17/02/01 23:11:30 INFO storage.ShuffleBlockFetcherIterator: Getting 938 non-empty blocks out of 1890 blocks
17/02/01 23:11:30 INFO storage.ShuffleBlockFetcherIterator: Started 3 remote fetches in 5 ms
17/02/01 23:11:30 INFO executor.Executor: Finished task 783.0 in stage 237.0 (TID 41191). 3378 bytes result sent to driver
17/02/01 23:11:30 INFO python.PythonRunner: Times: total = 61, boot = -16, init = 17, finish = 60
17/02/01 23:11:30 INFO executor.CoarseGrainedExecutorBackend: Got assigned task 41209
17/02/01 23:11:30 INFO executor.Executor: Running task 801.0 in stage 237.0 (TID 41209)
17/02/01 23:11:30 INFO executor.Executor: Finished task 780.0 in stage 237.0 (TID 41188). 3378 bytes result sent to driver
17/02/01 23:11:30 INFO storage.ShuffleBlockFetcherIterator: Getting 943 non-empty blocks out of 1890 blocks
17/02/01 23:11:30 INFO executor.CoarseGrainedExecutorBackend: Got assigned task 41210
17/02/01 23:11:30 INFO executor.Executor: Running task 802.0 in stage 237.0 (TID 41210)
17/02/01 23:11:30 INFO storage.ShuffleBlockFetcherIterator: Started 3 remote fetches in 5 ms
17/02/01 23:11:30 INFO python.PythonRunner: Times: total = 49, boot = 1, init = 1, finish = 47
17/02/01 23:11:30 INFO storage.ShuffleBlockFetcherIterator: Getting 949 non-empty blocks out of 1890 blocks
17/02/01 23:11:31 INFO storage.ShuffleBlockFetcherIterator: Started 4 remote fetches in 3 ms
17/02/01 23:11:31 INFO python.PythonRunner: Times: total = 57, boot = -3, init = 5, finish = 55
17/02/01 23:11:31 INFO executor.Executor: Finished task 782.0 in stage 237.0 (TID 41190). 3378 bytes result sent to driver
17/02/01 23:11:31 INFO executor.CoarseGrainedExecutorBackend: Got assigned task 41212
17/02/01 23:11:31 INFO executor.Executor: Running task 804.0 in stage 237.0 (TID 41212)
17/02/01 23:11:31 INFO executor.Executor: Finished task 779.0 in stage 237.0 (TID 41187). 3378 bytes result sent to driver
17/02/01 23:11:31 INFO storage.ShuffleBlockFetcherIterator: Getting 958 non-empty blocks out of 1890 blocks
17/02/01 23:11:31 INFO executor.CoarseGrainedExecutorBackend: Got assigned task 41215
17/02/01 23:11:31 INFO executor.Executor: Running task 807.0 in stage 237.0 (TID 41215)
17/02/01 23:11:31 INFO storage.ShuffleBlockFetcherIterator: Started 4 remote fetches in 3 ms
17/02/01 23:11:31 INFO storage.ShuffleBlockFetcherIterator: Getting 939 non-empty blocks out of 1890 blocks
17/02/01 23:11:31 INFO storage.ShuffleBlockFetcherIterator: Started 3 remote fetches in 4 ms
17/02/01 23:11:31 INFO python.PythonRunner: Times: total = 61, boot = -10, init = 14, finish = 57
17/02/01 23:11:31 INFO python.PythonRunner: Times: total = 112, boot = 7, init = 0, finish = 105
17/02/01 23:11:31 INFO python.PythonRunner: Times: total = 50, boot = -21, init = 21, finish = 50
17/02/01 23:11:31 INFO executor.Executor: Finished task 798.0 in stage 237.0 (TID 41206). 3378 bytes result sent to driver
17/02/01 23:11:31 INFO executor.CoarseGrainedExecutorBackend: Got assigned task 41222
17/02/01 23:11:31 INFO executor.Executor: Running task 814.0 in stage 237.0 (TID 41222)
17/02/01 23:11:31 INFO storage.ShuffleBlockFetcherIterator: Getting 954 non-empty blocks out of 1890 blocks
17/02/01 23:11:31 INFO python.PythonRunner: Times: total = 53, boot = -29, init = 30, finish = 52
17/02/01 23:11:31 INFO storage.ShuffleBlockFetcherIterator: Started 4 remote fetches in 5 ms
17/02/01 23:11:31 INFO python.PythonRunner: Times: total = 123, boot = -6, init = 22, finish = 107
17/02/01 23:11:31 INFO executor.Executor: Finished task 796.0 in stage 237.0 (TID 41204). 3378 bytes result sent to driver
