17/02/01 23:11:24 INFO storage.ShuffleBlockFetcherIterator: Started 4 remote fetches in 3 ms
17/02/01 23:11:24 INFO python.PythonRunner: Times: total = 52, boot = -6, init = 7, finish = 51
17/02/01 23:11:24 INFO storage.ShuffleBlockFetcherIterator: Getting 952 non-empty blocks out of 1890 blocks
17/02/01 23:11:24 INFO storage.ShuffleBlockFetcherIterator: Started 4 remote fetches in 8 ms
17/02/01 23:11:24 INFO executor.Executor: Finished task 67.0 in stage 237.0 (TID 40457). 3378 bytes result sent to driver
17/02/01 23:11:24 INFO executor.CoarseGrainedExecutorBackend: Got assigned task 40485
17/02/01 23:11:24 INFO executor.Executor: Running task 90.0 in stage 237.0 (TID 40485)
17/02/01 23:11:24 INFO python.PythonRunner: Times: total = 56, boot = -5, init = 8, finish = 53
17/02/01 23:11:24 INFO storage.ShuffleBlockFetcherIterator: Getting 962 non-empty blocks out of 1890 blocks
17/02/01 23:11:24 INFO storage.ShuffleBlockFetcherIterator: Started 4 remote fetches in 6 ms
17/02/01 23:11:24 INFO python.PythonRunner: Times: total = 110, boot = -51, init = 56, finish = 105
17/02/01 23:11:24 INFO python.PythonRunner: Times: total = 110, boot = 1, init = 25, finish = 84
17/02/01 23:11:24 INFO executor.Executor: Finished task 72.0 in stage 237.0 (TID 40462). 3378 bytes result sent to driver
17/02/01 23:11:24 INFO executor.CoarseGrainedExecutorBackend: Got assigned task 40488
17/02/01 23:11:24 INFO executor.Executor: Running task 93.0 in stage 237.0 (TID 40488)
17/02/01 23:11:24 INFO storage.ShuffleBlockFetcherIterator: Getting 959 non-empty blocks out of 1890 blocks
17/02/01 23:11:24 INFO storage.ShuffleBlockFetcherIterator: Started 4 remote fetches in 4 ms
17/02/01 23:11:24 INFO python.PythonRunner: Times: total = 73, boot = -17, init = 18, finish = 72
17/02/01 23:11:24 INFO python.PythonRunner: Times: total = 51, boot = -22, init = 23, finish = 50
17/02/01 23:11:24 INFO python.PythonRunner: Times: total = 61, boot = -21, init = 22, finish = 60
17/02/01 23:11:24 INFO executor.Executor: Finished task 79.0 in stage 237.0 (TID 40470). 3378 bytes result sent to driver
17/02/01 23:11:24 INFO executor.CoarseGrainedExecutorBackend: Got assigned task 40496
17/02/01 23:11:24 INFO executor.Executor: Running task 100.0 in stage 237.0 (TID 40496)
17/02/01 23:11:24 INFO storage.ShuffleBlockFetcherIterator: Getting 958 non-empty blocks out of 1890 blocks
17/02/01 23:11:24 INFO executor.Executor: Finished task 77.0 in stage 237.0 (TID 40468). 3378 bytes result sent to driver
17/02/01 23:11:24 INFO storage.ShuffleBlockFetcherIterator: Started 4 remote fetches in 3 ms
17/02/01 23:11:24 INFO executor.CoarseGrainedExecutorBackend: Got assigned task 40498
17/02/01 23:11:24 INFO executor.Executor: Running task 102.0 in stage 237.0 (TID 40498)
17/02/01 23:11:24 INFO storage.ShuffleBlockFetcherIterator: Getting 944 non-empty blocks out of 1890 blocks
17/02/01 23:11:24 INFO storage.ShuffleBlockFetcherIterator: Started 4 remote fetches in 8 ms
17/02/01 23:11:24 INFO python.PythonRunner: Times: total = 102, boot = -17, init = 35, finish = 84
17/02/01 23:11:24 INFO python.PythonRunner: Times: total = 52, boot = -13, init = 14, finish = 51
17/02/01 23:11:24 INFO executor.Executor: Finished task 86.0 in stage 237.0 (TID 40481). 3378 bytes result sent to driver
17/02/01 23:11:24 INFO executor.CoarseGrainedExecutorBackend: Got assigned task 40502
17/02/01 23:11:24 INFO executor.Executor: Running task 106.0 in stage 237.0 (TID 40502)
17/02/01 23:11:24 INFO storage.ShuffleBlockFetcherIterator: Getting 940 non-empty blocks out of 1890 blocks
17/02/01 23:11:24 INFO storage.ShuffleBlockFetcherIterator: Started 3 remote fetches in 3 ms
17/02/01 23:11:24 INFO python.PythonRunner: Times: total = 50, boot = -12, init = 14, finish = 48
17/02/01 23:11:24 INFO python.PythonRunner: Times: total = 130, boot = -5, init = 32, finish = 103
17/02/01 23:11:24 INFO executor.Executor: Finished task 87.0 in stage 237.0 (TID 40482). 3378 bytes result sent to driver
17/02/01 23:11:24 INFO executor.CoarseGrainedExecutorBackend: Got assigned task 40505
17/02/01 23:11:24 INFO executor.Executor: Running task 109.0 in stage 237.0 (TID 40505)
17/02/01 23:11:24 INFO python.PythonRunner: Times: total = 132, boot = 5, init = 27, finish = 100
17/02/01 23:11:24 INFO storage.ShuffleBlockFetcherIterator: Getting 956 non-empty blocks out of 1890 blocks
17/02/01 23:11:24 INFO storage.ShuffleBlockFetcherIterator: Started 4 remote fetches in 5 ms
17/02/01 23:11:24 INFO python.PythonRunner: Times: total = 87, boot = -45, init = 49, finish = 83
17/02/01 23:11:24 INFO python.PythonRunner: Times: total = 51, boot = -8, init = 10, finish = 49
17/02/01 23:11:24 INFO python.PythonRunner: Times: total = 23, boot = 7, init = 1, finish = 15
17/02/01 23:11:24 INFO python.PythonRunner: Times: total = 50, boot = -22, init = 23, finish = 49
17/02/01 23:11:24 INFO executor.Executor: Finished task 100.0 in stage 237.0 (TID 40496). 3378 bytes result sent to driver
17/02/01 23:11:24 INFO executor.CoarseGrainedExecutorBackend: Got assigned task 40510
17/02/01 23:11:24 INFO executor.Executor: Running task 112.0 in stage 237.0 (TID 40510)
17/02/01 23:11:24 INFO executor.Executor: Finished task 90.0 in stage 237.0 (TID 40485). 3378 bytes result sent to driver
17/02/01 23:11:24 INFO storage.ShuffleBlockFetcherIterator: Getting 952 non-empty blocks out of 1890 blocks
17/02/01 23:11:24 INFO executor.CoarseGrainedExecutorBackend: Got assigned task 40511
17/02/01 23:11:24 INFO executor.Executor: Running task 113.0 in stage 237.0 (TID 40511)
17/02/01 23:11:24 INFO storage.ShuffleBlockFetcherIterator: Started 4 remote fetches in 2 ms
17/02/01 23:11:24 INFO executor.Executor: Finished task 93.0 in stage 237.0 (TID 40488). 3378 bytes result sent to driver
17/02/01 23:11:24 INFO executor.CoarseGrainedExecutorBackend: Got assigned task 40512
17/02/01 23:11:24 INFO executor.Executor: Running task 114.0 in stage 237.0 (TID 40512)
17/02/01 23:11:24 INFO python.PythonRunner: Times: total = 98, boot = -18, init = 26, finish = 90
17/02/01 23:11:24 INFO storage.ShuffleBlockFetcherIterator: Getting 927 non-empty blocks out of 1890 blocks
17/02/01 23:11:24 INFO storage.ShuffleBlockFetcherIterator: Getting 926 non-empty blocks out of 1890 blocks
17/02/01 23:11:24 INFO storage.ShuffleBlockFetcherIterator: Started 3 remote fetches in 4 ms
17/02/01 23:11:24 INFO storage.ShuffleBlockFetcherIterator: Started 4 remote fetches in 6 ms
17/02/01 23:11:24 INFO python.PythonRunner: Times: total = 135, boot = -13, init = 20, finish = 128
17/02/01 23:11:24 INFO python.PythonRunner: Times: total = 54, boot = -29, init = 31, finish = 52
17/02/01 23:11:24 INFO python.PythonRunner: Times: total = 53, boot = -18, init = 20, finish = 51
17/02/01 23:11:24 INFO python.PythonRunner: Times: total = 59, boot = -21, init = 21, finish = 59
17/02/01 23:11:24 INFO executor.Executor: Finished task 106.0 in stage 237.0 (TID 40502). 3378 bytes result sent to driver
17/02/01 23:11:24 INFO executor.CoarseGrainedExecutorBackend: Got assigned task 40523
17/02/01 23:11:24 INFO executor.Executor: Running task 122.0 in stage 237.0 (TID 40523)
17/02/01 23:11:24 INFO storage.ShuffleBlockFetcherIterator: Getting 938 non-empty blocks out of 1890 blocks
17/02/01 23:11:24 INFO storage.ShuffleBlockFetcherIterator: Started 3 remote fetches in 3 ms
17/02/01 23:11:24 INFO executor.Executor: Finished task 102.0 in stage 237.0 (TID 40498). 3378 bytes result sent to driver
17/02/01 23:11:24 INFO executor.CoarseGrainedExecutorBackend: Got assigned task 40525
17/02/01 23:11:24 INFO executor.Executor: Running task 123.0 in stage 237.0 (TID 40525)
17/02/01 23:11:24 INFO storage.ShuffleBlockFetcherIterator: Getting 949 non-empty blocks out of 1890 blocks
17/02/01 23:11:24 INFO storage.ShuffleBlockFetcherIterator: Started 4 remote fetches in 4 ms
17/02/01 23:11:24 INFO python.PythonRunner: Times: total = 103, boot = -2, init = 6, finish = 99
17/02/01 23:11:24 INFO python.PythonRunner: Times: total = 83, boot = 9, init = 8, finish = 66
17/02/01 23:11:24 INFO python.PythonRunner: Times: total = 92, boot = -4, init = 32, finish = 64
17/02/01 23:11:24 INFO python.PythonRunner: Times: total = 55, boot = -22, init = 24, finish = 53
17/02/01 23:11:24 INFO python.PythonRunner: Times: total = 52, boot = -10, init = 12, finish = 50
17/02/01 23:11:24 INFO executor.Executor: Finished task 109.0 in stage 237.0 (TID 40505). 3378 bytes result sent to driver
17/02/01 23:11:24 INFO executor.CoarseGrainedExecutorBackend: Got assigned task 40528
17/02/01 23:11:24 INFO executor.Executor: Running task 126.0 in stage 237.0 (TID 40528)
17/02/01 23:11:24 INFO storage.ShuffleBlockFetcherIterator: Getting 935 non-empty blocks out of 1890 blocks
17/02/01 23:11:24 INFO executor.Executor: Finished task 112.0 in stage 237.0 (TID 40510). 3378 bytes result sent to driver
17/02/01 23:11:24 INFO executor.CoarseGrainedExecutorBackend: Got assigned task 40529
17/02/01 23:11:24 INFO executor.Executor: Running task 127.0 in stage 237.0 (TID 40529)
17/02/01 23:11:24 INFO storage.ShuffleBlockFetcherIterator: Started 3 remote fetches in 3 ms
17/02/01 23:11:24 INFO storage.ShuffleBlockFetcherIterator: Getting 938 non-empty blocks out of 1890 blocks
17/02/01 23:11:24 INFO storage.ShuffleBlockFetcherIterator: Started 3 remote fetches in 4 ms
17/02/01 23:11:24 INFO python.PythonRunner: Times: total = 50, boot = -8, init = 9, finish = 49
17/02/01 23:11:24 INFO python.PythonRunner: Times: total = 51, boot = -21, init = 22, finish = 50
17/02/01 23:11:24 INFO executor.Executor: Finished task 113.0 in stage 237.0 (TID 40511). 3378 bytes result sent to driver
17/02/01 23:11:24 INFO executor.CoarseGrainedExecutorBackend: Got assigned task 40532
17/02/01 23:11:24 INFO executor.Executor: Running task 130.0 in stage 237.0 (TID 40532)
17/02/01 23:11:24 INFO storage.ShuffleBlockFetcherIterator: Getting 930 non-empty blocks out of 1890 blocks
