17/02/02 00:27:56 INFO python.PythonRunner: Times: total = 143, boot = -183, init = 184, finish = 142
17/02/02 00:27:56 INFO executor.Executor: Finished task 870.0 in stage 381.0 (TID 70924). 2346652 bytes result sent to driver
17/02/02 00:27:56 INFO executor.CoarseGrainedExecutorBackend: Got assigned task 70949
17/02/02 00:27:56 INFO executor.Executor: Running task 895.0 in stage 381.0 (TID 70949)
17/02/02 00:27:56 INFO storage.ShuffleBlockFetcherIterator: Getting 968 non-empty blocks out of 1890 blocks
17/02/02 00:27:56 INFO storage.ShuffleBlockFetcherIterator: Started 3 remote fetches in 3 ms
17/02/02 00:27:56 INFO python.PythonRunner: Times: total = 161, boot = -186, init = 187, finish = 160
17/02/02 00:27:56 INFO executor.Executor: Finished task 873.0 in stage 381.0 (TID 70927). 2346509 bytes result sent to driver
17/02/02 00:27:56 INFO executor.CoarseGrainedExecutorBackend: Got assigned task 70957
17/02/02 00:27:56 INFO executor.Executor: Running task 903.0 in stage 381.0 (TID 70957)
17/02/02 00:27:56 INFO storage.ShuffleBlockFetcherIterator: Getting 939 non-empty blocks out of 1890 blocks
17/02/02 00:27:56 INFO storage.ShuffleBlockFetcherIterator: Started 3 remote fetches in 2 ms
17/02/02 00:27:56 INFO python.PythonRunner: Times: total = 180, boot = -186, init = 187, finish = 179
17/02/02 00:27:56 INFO executor.Executor: Finished task 877.0 in stage 381.0 (TID 70931). 2346687 bytes result sent to driver
17/02/02 00:27:56 INFO executor.CoarseGrainedExecutorBackend: Got assigned task 70962
17/02/02 00:27:56 INFO executor.Executor: Running task 908.0 in stage 381.0 (TID 70962)
17/02/02 00:27:56 INFO storage.ShuffleBlockFetcherIterator: Getting 937 non-empty blocks out of 1890 blocks
17/02/02 00:27:56 INFO storage.ShuffleBlockFetcherIterator: Started 3 remote fetches in 2 ms
17/02/02 00:27:56 INFO python.PythonRunner: Times: total = 183, boot = -180, init = 181, finish = 182
17/02/02 00:27:56 INFO executor.Executor: Finished task 881.0 in stage 381.0 (TID 70935). 2346547 bytes result sent to driver
17/02/02 00:27:56 INFO executor.CoarseGrainedExecutorBackend: Got assigned task 70967
17/02/02 00:27:56 INFO executor.Executor: Running task 913.0 in stage 381.0 (TID 70967)
17/02/02 00:27:56 INFO storage.ShuffleBlockFetcherIterator: Getting 946 non-empty blocks out of 1890 blocks
17/02/02 00:27:56 INFO storage.ShuffleBlockFetcherIterator: Started 3 remote fetches in 1 ms
17/02/02 00:27:56 INFO python.PythonRunner: Times: total = 177, boot = -180, init = 181, finish = 176
17/02/02 00:27:56 INFO executor.Executor: Finished task 885.0 in stage 381.0 (TID 70939). 2346617 bytes result sent to driver
17/02/02 00:27:56 INFO executor.CoarseGrainedExecutorBackend: Got assigned task 70987
17/02/02 00:27:56 INFO executor.Executor: Running task 933.0 in stage 381.0 (TID 70987)
17/02/02 00:27:56 INFO storage.ShuffleBlockFetcherIterator: Getting 955 non-empty blocks out of 1890 blocks
17/02/02 00:27:56 INFO storage.ShuffleBlockFetcherIterator: Started 3 remote fetches in 4 ms
17/02/02 00:27:56 INFO python.PythonRunner: Times: total = 328, boot = -173, init = 174, finish = 327
17/02/02 00:27:56 INFO executor.Executor: Finished task 891.0 in stage 381.0 (TID 70945). 2346652 bytes result sent to driver
17/02/02 00:27:56 INFO executor.CoarseGrainedExecutorBackend: Got assigned task 70993
17/02/02 00:27:56 INFO executor.Executor: Running task 939.0 in stage 381.0 (TID 70993)
17/02/02 00:27:56 INFO storage.ShuffleBlockFetcherIterator: Getting 930 non-empty blocks out of 1890 blocks
17/02/02 00:27:56 INFO storage.ShuffleBlockFetcherIterator: Started 3 remote fetches in 2 ms
17/02/02 00:27:56 INFO python.PythonRunner: Times: total = 348, boot = -161, init = 162, finish = 347
17/02/02 00:27:56 INFO executor.Executor: Finished task 895.0 in stage 381.0 (TID 70949). 2346652 bytes result sent to driver
17/02/02 00:27:56 INFO executor.CoarseGrainedExecutorBackend: Got assigned task 71002
17/02/02 00:27:56 INFO executor.Executor: Running task 948.0 in stage 381.0 (TID 71002)
17/02/02 00:27:56 INFO storage.ShuffleBlockFetcherIterator: Getting 954 non-empty blocks out of 1890 blocks
17/02/02 00:27:56 INFO storage.ShuffleBlockFetcherIterator: Started 3 remote fetches in 4 ms
17/02/02 00:27:56 INFO python.PythonRunner: Times: total = 352, boot = -185, init = 186, finish = 351
17/02/02 00:27:56 INFO executor.Executor: Finished task 903.0 in stage 381.0 (TID 70957). 2346474 bytes result sent to driver
17/02/02 00:27:56 INFO executor.CoarseGrainedExecutorBackend: Got assigned task 71007
17/02/02 00:27:56 INFO executor.Executor: Running task 953.0 in stage 381.0 (TID 71007)
17/02/02 00:27:56 INFO storage.ShuffleBlockFetcherIterator: Getting 957 non-empty blocks out of 1890 blocks
17/02/02 00:27:56 INFO storage.ShuffleBlockFetcherIterator: Started 3 remote fetches in 3 ms
17/02/02 00:27:56 INFO python.PythonRunner: Times: total = 350, boot = -200, init = 200, finish = 350
17/02/02 00:27:56 INFO python.PythonRunner: Times: total = 393, boot = -201, init = 202, finish = 392
17/02/02 00:27:56 INFO executor.Executor: Finished task 913.0 in stage 381.0 (TID 70967). 2346582 bytes result sent to driver
17/02/02 00:27:56 INFO executor.Executor: Finished task 908.0 in stage 381.0 (TID 70962). 2346617 bytes result sent to driver
17/02/02 00:27:56 INFO executor.CoarseGrainedExecutorBackend: Got assigned task 71016
17/02/02 00:27:56 INFO executor.Executor: Running task 962.0 in stage 381.0 (TID 71016)
17/02/02 00:27:56 INFO storage.ShuffleBlockFetcherIterator: Getting 934 non-empty blocks out of 1890 blocks
17/02/02 00:27:56 INFO storage.ShuffleBlockFetcherIterator: Started 3 remote fetches in 2 ms
17/02/02 00:27:56 INFO python.PythonRunner: Times: total = 219, boot = -318, init = 319, finish = 218
17/02/02 00:27:56 INFO executor.Executor: Finished task 933.0 in stage 381.0 (TID 70987). 2346687 bytes result sent to driver
17/02/02 00:27:56 INFO python.PythonRunner: Times: total = 207, boot = -355, init = 356, finish = 206
17/02/02 00:27:56 INFO executor.Executor: Finished task 939.0 in stage 381.0 (TID 70993). 2346687 bytes result sent to driver
17/02/02 00:27:56 INFO python.PythonRunner: Times: total = 170, boot = -383, init = 384, finish = 169
17/02/02 00:27:56 INFO executor.Executor: Finished task 948.0 in stage 381.0 (TID 71002). 2346474 bytes result sent to driver
17/02/02 00:27:56 INFO python.PythonRunner: Times: total = 160, boot = -381, init = 382, finish = 159
17/02/02 00:27:56 INFO executor.Executor: Finished task 953.0 in stage 381.0 (TID 71007). 2346509 bytes result sent to driver
17/02/02 00:27:56 INFO executor.CoarseGrainedExecutorBackend: Got assigned task 71020
17/02/02 00:27:56 INFO executor.Executor: Running task 966.0 in stage 381.0 (TID 71020)
17/02/02 00:27:56 INFO executor.CoarseGrainedExecutorBackend: Got assigned task 71025
17/02/02 00:27:56 INFO executor.Executor: Running task 971.0 in stage 381.0 (TID 71025)
17/02/02 00:27:56 INFO executor.CoarseGrainedExecutorBackend: Got assigned task 71030
17/02/02 00:27:56 INFO executor.Executor: Running task 976.0 in stage 381.0 (TID 71030)
17/02/02 00:27:56 INFO executor.CoarseGrainedExecutorBackend: Got assigned task 71035
17/02/02 00:27:56 INFO executor.Executor: Running task 981.0 in stage 381.0 (TID 71035)
17/02/02 00:27:56 INFO executor.CoarseGrainedExecutorBackend: Got assigned task 71040
17/02/02 00:27:56 INFO executor.Executor: Running task 986.0 in stage 381.0 (TID 71040)
17/02/02 00:27:56 INFO storage.ShuffleBlockFetcherIterator: Getting 960 non-empty blocks out of 1890 blocks
17/02/02 00:27:56 INFO storage.ShuffleBlockFetcherIterator: Getting 945 non-empty blocks out of 1890 blocks
17/02/02 00:27:56 INFO storage.ShuffleBlockFetcherIterator: Started 3 remote fetches in 2 ms
17/02/02 00:27:56 INFO storage.ShuffleBlockFetcherIterator: Started 3 remote fetches in 2 ms
17/02/02 00:27:56 INFO storage.ShuffleBlockFetcherIterator: Getting 951 non-empty blocks out of 1890 blocks
17/02/02 00:27:56 INFO storage.ShuffleBlockFetcherIterator: Started 3 remote fetches in 3 ms
17/02/02 00:27:56 INFO storage.ShuffleBlockFetcherIterator: Getting 931 non-empty blocks out of 1890 blocks
17/02/02 00:27:56 INFO storage.ShuffleBlockFetcherIterator: Getting 953 non-empty blocks out of 1890 blocks
17/02/02 00:27:56 INFO storage.ShuffleBlockFetcherIterator: Started 3 remote fetches in 7 ms
17/02/02 00:27:56 INFO storage.ShuffleBlockFetcherIterator: Started 3 remote fetches in 7 ms
17/02/02 00:27:57 INFO python.PythonRunner: Times: total = 167, boot = -406, init = 406, finish = 167
17/02/02 00:27:57 INFO executor.Executor: Finished task 962.0 in stage 381.0 (TID 71016). 2346509 bytes result sent to driver
17/02/02 00:27:57 INFO executor.CoarseGrainedExecutorBackend: Got assigned task 71046
17/02/02 00:27:57 INFO executor.Executor: Running task 992.0 in stage 381.0 (TID 71046)
17/02/02 00:27:57 INFO storage.ShuffleBlockFetcherIterator: Getting 944 non-empty blocks out of 1890 blocks
17/02/02 00:27:57 INFO storage.ShuffleBlockFetcherIterator: Started 3 remote fetches in 5 ms
17/02/02 00:27:57 INFO python.PythonRunner: Times: total = 103, boot = -527, init = 528, finish = 102
17/02/02 00:27:57 INFO executor.Executor: Finished task 966.0 in stage 381.0 (TID 71020). 2346547 bytes result sent to driver
17/02/02 00:27:57 INFO executor.CoarseGrainedExecutorBackend: Got assigned task 71047
17/02/02 00:27:57 INFO executor.Executor: Running task 993.0 in stage 381.0 (TID 71047)
17/02/02 00:27:57 INFO storage.ShuffleBlockFetcherIterator: Getting 937 non-empty blocks out of 1890 blocks
17/02/02 00:27:57 INFO storage.ShuffleBlockFetcherIterator: Started 3 remote fetches in 2 ms
17/02/02 00:27:57 INFO python.PythonRunner: Times: total = 146, boot = -495, init = 496, finish = 145
17/02/02 00:27:57 INFO executor.Executor: Finished task 971.0 in stage 381.0 (TID 71025). 2346582 bytes result sent to driver
17/02/02 00:27:57 INFO python.PythonRunner: Times: total = 153, boot = -330, init = 330, finish = 153
17/02/02 00:27:57 INFO executor.Executor: Finished task 981.0 in stage 381.0 (TID 71035). 2346582 bytes result sent to driver
