17/02/02 00:14:44 INFO executor.Executor: Finished task 457.0 in stage 331.0 (TID 58091). 1344 bytes result sent to driver
17/02/02 00:14:44 INFO executor.CoarseGrainedExecutorBackend: Got assigned task 58111
17/02/02 00:14:44 INFO executor.Executor: Running task 476.0 in stage 331.0 (TID 58111)
17/02/02 00:14:44 INFO storage.ShuffleBlockFetcherIterator: Getting 201 non-empty blocks out of 960 blocks
17/02/02 00:14:44 INFO storage.ShuffleBlockFetcherIterator: Started 3 remote fetches in 1 ms
17/02/02 00:14:44 INFO python.PythonRunner: Times: total = 21, boot = -15, init = 16, finish = 20
17/02/02 00:14:44 INFO executor.Executor: Finished task 462.0 in stage 331.0 (TID 58096). 1344 bytes result sent to driver
17/02/02 00:14:44 INFO executor.CoarseGrainedExecutorBackend: Got assigned task 58116
17/02/02 00:14:44 INFO executor.Executor: Running task 482.0 in stage 331.0 (TID 58116)
17/02/02 00:14:44 INFO python.PythonRunner: Times: total = 21, boot = -1, init = 2, finish = 20
17/02/02 00:14:44 INFO storage.ShuffleBlockFetcherIterator: Getting 200 non-empty blocks out of 960 blocks
17/02/02 00:14:44 INFO executor.Executor: Finished task 463.0 in stage 331.0 (TID 58098). 1344 bytes result sent to driver
17/02/02 00:14:44 INFO storage.ShuffleBlockFetcherIterator: Started 3 remote fetches in 1 ms
17/02/02 00:14:44 INFO executor.CoarseGrainedExecutorBackend: Got assigned task 58118
17/02/02 00:14:44 INFO executor.Executor: Running task 483.0 in stage 331.0 (TID 58118)
17/02/02 00:14:44 INFO storage.ShuffleBlockFetcherIterator: Getting 209 non-empty blocks out of 960 blocks
17/02/02 00:14:44 INFO storage.ShuffleBlockFetcherIterator: Started 3 remote fetches in 1 ms
17/02/02 00:14:44 INFO python.PythonRunner: Times: total = 19, boot = -14, init = 15, finish = 18
17/02/02 00:14:44 INFO executor.Executor: Finished task 466.0 in stage 331.0 (TID 58100). 1344 bytes result sent to driver
17/02/02 00:14:44 INFO executor.CoarseGrainedExecutorBackend: Got assigned task 58121
17/02/02 00:14:44 INFO executor.Executor: Running task 485.0 in stage 331.0 (TID 58121)
17/02/02 00:14:44 INFO storage.ShuffleBlockFetcherIterator: Getting 210 non-empty blocks out of 960 blocks
17/02/02 00:14:44 INFO storage.ShuffleBlockFetcherIterator: Started 3 remote fetches in 1 ms
17/02/02 00:14:44 INFO python.PythonRunner: Times: total = 22, boot = -7, init = 9, finish = 20
17/02/02 00:14:44 INFO executor.Executor: Finished task 469.0 in stage 331.0 (TID 58103). 1344 bytes result sent to driver
17/02/02 00:14:44 INFO executor.CoarseGrainedExecutorBackend: Got assigned task 58123
17/02/02 00:14:44 INFO executor.Executor: Running task 486.0 in stage 331.0 (TID 58123)
17/02/02 00:14:44 INFO storage.ShuffleBlockFetcherIterator: Getting 207 non-empty blocks out of 960 blocks
17/02/02 00:14:44 INFO python.PythonRunner: Times: total = 22, boot = -2, init = 3, finish = 21
17/02/02 00:14:44 INFO executor.Executor: Finished task 471.0 in stage 331.0 (TID 58105). 1344 bytes result sent to driver
17/02/02 00:14:44 INFO storage.ShuffleBlockFetcherIterator: Started 3 remote fetches in 1 ms
17/02/02 00:14:44 INFO executor.CoarseGrainedExecutorBackend: Got assigned task 58125
17/02/02 00:14:44 INFO executor.Executor: Running task 490.0 in stage 331.0 (TID 58125)
17/02/02 00:14:44 INFO storage.ShuffleBlockFetcherIterator: Getting 203 non-empty blocks out of 960 blocks
17/02/02 00:14:44 INFO storage.ShuffleBlockFetcherIterator: Started 3 remote fetches in 1 ms
17/02/02 00:14:44 INFO python.PythonRunner: Times: total = 21, boot = -3, init = 4, finish = 20
17/02/02 00:14:44 INFO executor.Executor: Finished task 476.0 in stage 331.0 (TID 58111). 1344 bytes result sent to driver
17/02/02 00:14:44 INFO executor.CoarseGrainedExecutorBackend: Got assigned task 58128
17/02/02 00:14:44 INFO executor.Executor: Running task 495.0 in stage 331.0 (TID 58128)
17/02/02 00:14:44 INFO python.PythonRunner: Times: total = 21, boot = -1, init = 3, finish = 19
17/02/02 00:14:44 INFO storage.ShuffleBlockFetcherIterator: Getting 206 non-empty blocks out of 960 blocks
17/02/02 00:14:44 INFO executor.Executor: Finished task 482.0 in stage 331.0 (TID 58116). 1344 bytes result sent to driver
17/02/02 00:14:44 INFO storage.ShuffleBlockFetcherIterator: Started 3 remote fetches in 1 ms
17/02/02 00:14:44 INFO executor.CoarseGrainedExecutorBackend: Got assigned task 58134
17/02/02 00:14:44 INFO executor.Executor: Running task 499.0 in stage 331.0 (TID 58134)
17/02/02 00:14:44 INFO storage.ShuffleBlockFetcherIterator: Getting 208 non-empty blocks out of 960 blocks
17/02/02 00:14:44 INFO storage.ShuffleBlockFetcherIterator: Started 3 remote fetches in 0 ms
17/02/02 00:14:44 INFO python.PythonRunner: Times: total = 26, boot = -5, init = 7, finish = 24
17/02/02 00:14:44 INFO executor.Executor: Finished task 483.0 in stage 331.0 (TID 58118). 1344 bytes result sent to driver
17/02/02 00:14:44 INFO executor.CoarseGrainedExecutorBackend: Got assigned task 58138
17/02/02 00:14:44 INFO executor.Executor: Running task 504.0 in stage 331.0 (TID 58138)
17/02/02 00:14:44 INFO storage.ShuffleBlockFetcherIterator: Getting 202 non-empty blocks out of 960 blocks
17/02/02 00:14:44 INFO storage.ShuffleBlockFetcherIterator: Started 3 remote fetches in 0 ms
17/02/02 00:14:44 INFO python.PythonRunner: Times: total = 27, boot = -7, init = 8, finish = 26
17/02/02 00:14:44 INFO executor.Executor: Finished task 486.0 in stage 331.0 (TID 58123). 1344 bytes result sent to driver
17/02/02 00:14:44 INFO executor.CoarseGrainedExecutorBackend: Got assigned task 58144
17/02/02 00:14:44 INFO executor.Executor: Running task 509.0 in stage 331.0 (TID 58144)
17/02/02 00:14:44 INFO storage.ShuffleBlockFetcherIterator: Getting 208 non-empty blocks out of 960 blocks
17/02/02 00:14:44 INFO storage.ShuffleBlockFetcherIterator: Started 3 remote fetches in 1 ms
17/02/02 00:14:44 INFO python.PythonRunner: Times: total = 29, boot = 0, init = 1, finish = 28
17/02/02 00:14:44 INFO executor.Executor: Finished task 495.0 in stage 331.0 (TID 58128). 1344 bytes result sent to driver
17/02/02 00:14:44 INFO executor.CoarseGrainedExecutorBackend: Got assigned task 58150
17/02/02 00:14:44 INFO executor.Executor: Running task 514.0 in stage 331.0 (TID 58150)
17/02/02 00:14:44 INFO storage.ShuffleBlockFetcherIterator: Getting 204 non-empty blocks out of 960 blocks
17/02/02 00:14:44 INFO storage.ShuffleBlockFetcherIterator: Started 3 remote fetches in 0 ms
17/02/02 00:14:44 INFO python.PythonRunner: Times: total = 30, boot = -6, init = 7, finish = 29
17/02/02 00:14:44 INFO executor.Executor: Finished task 499.0 in stage 331.0 (TID 58134). 1344 bytes result sent to driver
17/02/02 00:14:44 INFO executor.CoarseGrainedExecutorBackend: Got assigned task 58152
17/02/02 00:14:44 INFO executor.Executor: Running task 515.0 in stage 331.0 (TID 58152)
17/02/02 00:14:44 INFO storage.ShuffleBlockFetcherIterator: Getting 209 non-empty blocks out of 960 blocks
17/02/02 00:14:44 INFO storage.ShuffleBlockFetcherIterator: Started 3 remote fetches in 0 ms
17/02/02 00:14:44 INFO python.PythonRunner: Times: total = 25, boot = -11, init = 12, finish = 24
17/02/02 00:14:44 INFO executor.Executor: Finished task 504.0 in stage 331.0 (TID 58138). 1344 bytes result sent to driver
17/02/02 00:14:44 INFO executor.CoarseGrainedExecutorBackend: Got assigned task 58156
17/02/02 00:14:44 INFO executor.Executor: Running task 519.0 in stage 331.0 (TID 58156)
17/02/02 00:14:44 INFO storage.ShuffleBlockFetcherIterator: Getting 192 non-empty blocks out of 960 blocks
17/02/02 00:14:44 INFO storage.ShuffleBlockFetcherIterator: Started 3 remote fetches in 1 ms
17/02/02 00:14:44 INFO python.PythonRunner: Times: total = 20, boot = -18, init = 19, finish = 19
17/02/02 00:14:44 INFO executor.Executor: Finished task 509.0 in stage 331.0 (TID 58144). 1344 bytes result sent to driver
17/02/02 00:14:44 INFO executor.CoarseGrainedExecutorBackend: Got assigned task 58158
17/02/02 00:14:44 INFO executor.Executor: Running task 522.0 in stage 331.0 (TID 58158)
17/02/02 00:14:44 INFO storage.ShuffleBlockFetcherIterator: Getting 210 non-empty blocks out of 960 blocks
17/02/02 00:14:44 INFO storage.ShuffleBlockFetcherIterator: Started 3 remote fetches in 0 ms
17/02/02 00:14:44 INFO python.PythonRunner: Times: total = 15, boot = -24, init = 25, finish = 14
17/02/02 00:14:44 INFO executor.Executor: Finished task 514.0 in stage 331.0 (TID 58150). 1344 bytes result sent to driver
17/02/02 00:14:44 INFO executor.CoarseGrainedExecutorBackend: Got assigned task 58163
17/02/02 00:14:44 INFO executor.Executor: Running task 526.0 in stage 331.0 (TID 58163)
17/02/02 00:14:44 INFO storage.ShuffleBlockFetcherIterator: Getting 213 non-empty blocks out of 960 blocks
17/02/02 00:14:44 INFO storage.ShuffleBlockFetcherIterator: Started 3 remote fetches in 1 ms
17/02/02 00:14:44 INFO python.PythonRunner: Times: total = 66, boot = -7, init = 9, finish = 64
17/02/02 00:14:44 INFO executor.Executor: Finished task 485.0 in stage 331.0 (TID 58121). 1344 bytes result sent to driver
17/02/02 00:14:44 INFO python.PythonRunner: Times: total = 16, boot = -19, init = 20, finish = 15
17/02/02 00:14:44 INFO executor.Executor: Finished task 515.0 in stage 331.0 (TID 58152). 1344 bytes result sent to driver
17/02/02 00:14:44 INFO executor.CoarseGrainedExecutorBackend: Got assigned task 58165
17/02/02 00:14:44 INFO executor.Executor: Running task 528.0 in stage 331.0 (TID 58165)
17/02/02 00:14:44 INFO executor.CoarseGrainedExecutorBackend: Got assigned task 58166
17/02/02 00:14:44 INFO executor.Executor: Running task 530.0 in stage 331.0 (TID 58166)
17/02/02 00:14:44 INFO storage.ShuffleBlockFetcherIterator: Getting 208 non-empty blocks out of 960 blocks
17/02/02 00:14:44 INFO storage.ShuffleBlockFetcherIterator: Getting 204 non-empty blocks out of 960 blocks
17/02/02 00:14:44 INFO storage.ShuffleBlockFetcherIterator: Started 3 remote fetches in 0 ms
