17/02/02 00:02:10 INFO storage.ShuffleBlockFetcherIterator: Getting 45 non-empty blocks out of 480 blocks
17/02/02 00:02:10 INFO storage.ShuffleBlockFetcherIterator: Started 4 remote fetches in 1 ms
17/02/02 00:02:10 INFO python.PythonRunner: Times: total = 52, boot = -91, init = 92, finish = 51
17/02/02 00:02:10 INFO python.PythonRunner: Times: total = 50, boot = -80, init = 82, finish = 48
17/02/02 00:02:10 INFO executor.Executor: Finished task 97.0 in stage 302.0 (TID 52033). 1928 bytes result sent to driver
17/02/02 00:02:10 INFO executor.Executor: Finished task 82.0 in stage 302.0 (TID 52017). 1928 bytes result sent to driver
17/02/02 00:02:10 INFO executor.CoarseGrainedExecutorBackend: Got assigned task 52047
17/02/02 00:02:10 INFO executor.Executor: Running task 112.0 in stage 302.0 (TID 52047)
17/02/02 00:02:10 INFO executor.CoarseGrainedExecutorBackend: Got assigned task 52048
17/02/02 00:02:10 INFO executor.Executor: Running task 113.0 in stage 302.0 (TID 52048)
17/02/02 00:02:10 INFO executor.Executor: Finished task 85.0 in stage 302.0 (TID 52022). 1928 bytes result sent to driver
17/02/02 00:02:10 INFO storage.ShuffleBlockFetcherIterator: Getting 45 non-empty blocks out of 480 blocks
17/02/02 00:02:10 INFO storage.ShuffleBlockFetcherIterator: Getting 45 non-empty blocks out of 480 blocks
17/02/02 00:02:10 INFO storage.ShuffleBlockFetcherIterator: Started 4 remote fetches in 0 ms
17/02/02 00:02:10 INFO storage.ShuffleBlockFetcherIterator: Started 4 remote fetches in 0 ms
17/02/02 00:02:10 INFO executor.CoarseGrainedExecutorBackend: Got assigned task 52051
17/02/02 00:02:10 INFO executor.Executor: Running task 115.0 in stage 302.0 (TID 52051)
17/02/02 00:02:10 INFO storage.ShuffleBlockFetcherIterator: Getting 45 non-empty blocks out of 480 blocks
17/02/02 00:02:10 INFO storage.ShuffleBlockFetcherIterator: Started 4 remote fetches in 0 ms
17/02/02 00:02:10 INFO python.PythonRunner: Times: total = 65, boot = -70, init = 72, finish = 63
17/02/02 00:02:10 INFO executor.Executor: Finished task 91.0 in stage 302.0 (TID 52027). 1928 bytes result sent to driver
17/02/02 00:02:10 INFO executor.CoarseGrainedExecutorBackend: Got assigned task 52053
17/02/02 00:02:10 INFO executor.Executor: Running task 117.0 in stage 302.0 (TID 52053)
17/02/02 00:02:10 INFO storage.ShuffleBlockFetcherIterator: Getting 45 non-empty blocks out of 480 blocks
17/02/02 00:02:10 INFO storage.ShuffleBlockFetcherIterator: Started 4 remote fetches in 1 ms
17/02/02 00:02:10 INFO executor.Executor: Finished task 96.0 in stage 302.0 (TID 52031). 1928 bytes result sent to driver
17/02/02 00:02:10 INFO executor.CoarseGrainedExecutorBackend: Got assigned task 52055
17/02/02 00:02:10 INFO executor.Executor: Running task 121.0 in stage 302.0 (TID 52055)
17/02/02 00:02:10 INFO python.PythonRunner: Times: total = 36, boot = -91, init = 93, finish = 34
17/02/02 00:02:10 INFO storage.ShuffleBlockFetcherIterator: Getting 45 non-empty blocks out of 480 blocks
17/02/02 00:02:10 INFO storage.ShuffleBlockFetcherIterator: Started 4 remote fetches in 0 ms
17/02/02 00:02:10 INFO executor.Executor: Finished task 112.0 in stage 302.0 (TID 52047). 1928 bytes result sent to driver
17/02/02 00:02:10 INFO executor.CoarseGrainedExecutorBackend: Got assigned task 52057
17/02/02 00:02:10 INFO executor.Executor: Running task 123.0 in stage 302.0 (TID 52057)
17/02/02 00:02:10 INFO storage.ShuffleBlockFetcherIterator: Getting 45 non-empty blocks out of 480 blocks
17/02/02 00:02:10 INFO storage.ShuffleBlockFetcherIterator: Started 3 remote fetches in 0 ms
17/02/02 00:02:10 INFO python.PythonRunner: Times: total = 92, boot = -94, init = 95, finish = 91
17/02/02 00:02:10 INFO python.PythonRunner: Times: total = 45, boot = -81, init = 82, finish = 44
17/02/02 00:02:10 INFO python.PythonRunner: Times: total = 90, boot = -99, init = 100, finish = 89
17/02/02 00:02:10 INFO python.PythonRunner: Times: total = 67, boot = -93, init = 94, finish = 66
17/02/02 00:02:10 INFO python.PythonRunner: Times: total = 97, boot = -74, init = 76, finish = 95
17/02/02 00:02:10 INFO executor.Executor: Finished task 101.0 in stage 302.0 (TID 52039). 1928 bytes result sent to driver
17/02/02 00:02:10 INFO executor.CoarseGrainedExecutorBackend: Got assigned task 52062
17/02/02 00:02:10 INFO executor.Executor: Running task 124.0 in stage 302.0 (TID 52062)
17/02/02 00:02:10 INFO storage.ShuffleBlockFetcherIterator: Getting 45 non-empty blocks out of 480 blocks
17/02/02 00:02:10 INFO storage.ShuffleBlockFetcherIterator: Started 4 remote fetches in 1 ms
17/02/02 00:02:10 INFO executor.Executor: Finished task 121.0 in stage 302.0 (TID 52055). 1928 bytes result sent to driver
17/02/02 00:02:10 INFO executor.CoarseGrainedExecutorBackend: Got assigned task 52064
17/02/02 00:02:10 INFO executor.Executor: Running task 126.0 in stage 302.0 (TID 52064)
17/02/02 00:02:10 INFO executor.Executor: Finished task 117.0 in stage 302.0 (TID 52053). 1928 bytes result sent to driver
17/02/02 00:02:10 INFO storage.ShuffleBlockFetcherIterator: Getting 45 non-empty blocks out of 480 blocks
17/02/02 00:02:10 INFO storage.ShuffleBlockFetcherIterator: Started 4 remote fetches in 1 ms
17/02/02 00:02:10 INFO executor.CoarseGrainedExecutorBackend: Got assigned task 52065
17/02/02 00:02:10 INFO executor.Executor: Running task 127.0 in stage 302.0 (TID 52065)
17/02/02 00:02:10 INFO storage.ShuffleBlockFetcherIterator: Getting 45 non-empty blocks out of 480 blocks
17/02/02 00:02:10 INFO storage.ShuffleBlockFetcherIterator: Started 4 remote fetches in 0 ms
17/02/02 00:02:10 INFO executor.Executor: Finished task 113.0 in stage 302.0 (TID 52048). 1928 bytes result sent to driver
17/02/02 00:02:10 INFO executor.CoarseGrainedExecutorBackend: Got assigned task 52066
17/02/02 00:02:10 INFO executor.Executor: Running task 128.0 in stage 302.0 (TID 52066)
17/02/02 00:02:10 INFO storage.ShuffleBlockFetcherIterator: Getting 45 non-empty blocks out of 480 blocks
17/02/02 00:02:10 INFO storage.ShuffleBlockFetcherIterator: Started 4 remote fetches in 1 ms
17/02/02 00:02:10 INFO python.PythonRunner: Times: total = 70, boot = -74, init = 76, finish = 68
17/02/02 00:02:10 INFO executor.Executor: Finished task 115.0 in stage 302.0 (TID 52051). 1928 bytes result sent to driver
17/02/02 00:02:10 INFO executor.CoarseGrainedExecutorBackend: Got assigned task 52068
17/02/02 00:02:10 INFO executor.Executor: Running task 131.0 in stage 302.0 (TID 52068)
17/02/02 00:02:10 INFO storage.ShuffleBlockFetcherIterator: Getting 45 non-empty blocks out of 480 blocks
17/02/02 00:02:10 INFO storage.ShuffleBlockFetcherIterator: Started 4 remote fetches in 1 ms
17/02/02 00:02:10 INFO executor.Executor: Finished task 123.0 in stage 302.0 (TID 52057). 1928 bytes result sent to driver
17/02/02 00:02:10 INFO executor.CoarseGrainedExecutorBackend: Got assigned task 52070
17/02/02 00:02:10 INFO executor.Executor: Running task 132.0 in stage 302.0 (TID 52070)
17/02/02 00:02:10 INFO storage.ShuffleBlockFetcherIterator: Getting 45 non-empty blocks out of 480 blocks
17/02/02 00:02:10 INFO storage.ShuffleBlockFetcherIterator: Started 4 remote fetches in 1 ms
17/02/02 00:02:10 INFO python.PythonRunner: Times: total = 82, boot = -103, init = 105, finish = 80
17/02/02 00:02:10 INFO python.PythonRunner: Times: total = 80, boot = -110, init = 112, finish = 78
17/02/02 00:02:10 INFO python.PythonRunner: Times: total = 85, boot = -114, init = 115, finish = 84
17/02/02 00:02:10 INFO python.PythonRunner: Times: total = 68, boot = -109, init = 110, finish = 67
17/02/02 00:02:10 INFO python.PythonRunner: Times: total = 80, boot = -111, init = 112, finish = 79
17/02/02 00:02:10 INFO executor.Executor: Finished task 124.0 in stage 302.0 (TID 52062). 1928 bytes result sent to driver
17/02/02 00:02:10 INFO executor.CoarseGrainedExecutorBackend: Got assigned task 52076
17/02/02 00:02:10 INFO executor.Executor: Running task 139.0 in stage 302.0 (TID 52076)
17/02/02 00:02:10 INFO storage.ShuffleBlockFetcherIterator: Getting 45 non-empty blocks out of 480 blocks
17/02/02 00:02:10 INFO storage.ShuffleBlockFetcherIterator: Started 4 remote fetches in 1 ms
17/02/02 00:02:10 INFO executor.Executor: Finished task 127.0 in stage 302.0 (TID 52065). 1928 bytes result sent to driver
17/02/02 00:02:10 INFO python.PythonRunner: Times: total = 86, boot = -90, init = 91, finish = 85
17/02/02 00:02:10 INFO executor.CoarseGrainedExecutorBackend: Got assigned task 52079
17/02/02 00:02:10 INFO executor.Executor: Running task 142.0 in stage 302.0 (TID 52079)
17/02/02 00:02:10 INFO executor.Executor: Finished task 126.0 in stage 302.0 (TID 52064). 1928 bytes result sent to driver
17/02/02 00:02:10 INFO executor.Executor: Finished task 128.0 in stage 302.0 (TID 52066). 1928 bytes result sent to driver
17/02/02 00:02:10 INFO storage.ShuffleBlockFetcherIterator: Getting 45 non-empty blocks out of 480 blocks
17/02/02 00:02:10 INFO executor.CoarseGrainedExecutorBackend: Got assigned task 52080
17/02/02 00:02:10 INFO executor.Executor: Running task 143.0 in stage 302.0 (TID 52080)
17/02/02 00:02:10 INFO storage.ShuffleBlockFetcherIterator: Started 4 remote fetches in 1 ms
17/02/02 00:02:10 INFO executor.CoarseGrainedExecutorBackend: Got assigned task 52081
17/02/02 00:02:10 INFO executor.Executor: Running task 145.0 in stage 302.0 (TID 52081)
17/02/02 00:02:10 INFO storage.ShuffleBlockFetcherIterator: Getting 45 non-empty blocks out of 480 blocks
17/02/02 00:02:10 INFO storage.ShuffleBlockFetcherIterator: Started 4 remote fetches in 0 ms
17/02/02 00:02:10 INFO storage.ShuffleBlockFetcherIterator: Getting 45 non-empty blocks out of 480 blocks
17/02/02 00:02:10 INFO storage.ShuffleBlockFetcherIterator: Started 4 remote fetches in 0 ms
17/02/02 00:02:10 INFO executor.Executor: Finished task 131.0 in stage 302.0 (TID 52068). 1928 bytes result sent to driver
17/02/02 00:02:10 INFO executor.CoarseGrainedExecutorBackend: Got assigned task 52083
