17/02/02 00:02:03 INFO executor.Executor: Finished task 187.0 in stage 301.0 (TID 51671). 1928 bytes result sent to driver
17/02/02 00:02:03 INFO executor.CoarseGrainedExecutorBackend: Got assigned task 51693
17/02/02 00:02:03 INFO executor.Executor: Running task 207.0 in stage 301.0 (TID 51693)
17/02/02 00:02:03 INFO storage.ShuffleBlockFetcherIterator: Getting 247 non-empty blocks out of 450 blocks
17/02/02 00:02:03 INFO storage.ShuffleBlockFetcherIterator: Started 5 remote fetches in 1 ms
17/02/02 00:02:03 INFO python.PythonRunner: Times: total = 109, boot = -239, init = 241, finish = 107
17/02/02 00:02:03 INFO python.PythonRunner: Times: total = 329, boot = -151, init = 153, finish = 327
17/02/02 00:02:03 INFO executor.Executor: Finished task 186.0 in stage 301.0 (TID 51670). 1928 bytes result sent to driver
17/02/02 00:02:03 INFO executor.CoarseGrainedExecutorBackend: Got assigned task 51694
17/02/02 00:02:03 INFO executor.Executor: Running task 210.0 in stage 301.0 (TID 51694)
17/02/02 00:02:03 INFO storage.ShuffleBlockFetcherIterator: Getting 247 non-empty blocks out of 450 blocks
17/02/02 00:02:03 INFO storage.ShuffleBlockFetcherIterator: Started 5 remote fetches in 0 ms
17/02/02 00:02:03 INFO python.PythonRunner: Times: total = 81, boot = -273, init = 274, finish = 80
17/02/02 00:02:03 INFO executor.Executor: Finished task 191.0 in stage 301.0 (TID 51675). 1928 bytes result sent to driver
17/02/02 00:02:03 INFO executor.CoarseGrainedExecutorBackend: Got assigned task 51697
17/02/02 00:02:03 INFO executor.Executor: Running task 213.0 in stage 301.0 (TID 51697)
17/02/02 00:02:03 INFO storage.ShuffleBlockFetcherIterator: Getting 247 non-empty blocks out of 450 blocks
17/02/02 00:02:03 INFO storage.ShuffleBlockFetcherIterator: Started 7 remote fetches in 1 ms
17/02/02 00:02:03 INFO python.PythonRunner: Times: total = 364, boot = -163, init = 164, finish = 363
17/02/02 00:02:03 INFO python.PythonRunner: Times: total = 90, boot = -230, init = 231, finish = 89
17/02/02 00:02:03 INFO python.PythonRunner: Times: total = 281, boot = -216, init = 217, finish = 280
17/02/02 00:02:03 INFO executor.Executor: Finished task 196.0 in stage 301.0 (TID 51680). 1928 bytes result sent to driver
17/02/02 00:02:03 INFO executor.CoarseGrainedExecutorBackend: Got assigned task 51699
17/02/02 00:02:03 INFO executor.Executor: Running task 214.0 in stage 301.0 (TID 51699)
17/02/02 00:02:03 INFO storage.ShuffleBlockFetcherIterator: Getting 247 non-empty blocks out of 450 blocks
17/02/02 00:02:03 INFO storage.ShuffleBlockFetcherIterator: Started 5 remote fetches in 1 ms
17/02/02 00:02:03 INFO python.PythonRunner: Times: total = 74, boot = -117, init = 118, finish = 73
17/02/02 00:02:03 INFO executor.Executor: Finished task 200.0 in stage 301.0 (TID 51684). 1928 bytes result sent to driver
17/02/02 00:02:03 INFO executor.CoarseGrainedExecutorBackend: Got assigned task 51701
17/02/02 00:02:03 INFO executor.Executor: Running task 216.0 in stage 301.0 (TID 51701)
17/02/02 00:02:03 INFO storage.ShuffleBlockFetcherIterator: Getting 247 non-empty blocks out of 450 blocks
17/02/02 00:02:03 INFO storage.ShuffleBlockFetcherIterator: Started 7 remote fetches in 1 ms
17/02/02 00:02:03 INFO python.PythonRunner: Times: total = 86, boot = -119, init = 120, finish = 85
17/02/02 00:02:03 INFO executor.Executor: Finished task 205.0 in stage 301.0 (TID 51689). 1928 bytes result sent to driver
17/02/02 00:02:03 INFO executor.CoarseGrainedExecutorBackend: Got assigned task 51707
17/02/02 00:02:03 INFO executor.Executor: Running task 223.0 in stage 301.0 (TID 51707)
17/02/02 00:02:03 INFO storage.ShuffleBlockFetcherIterator: Getting 247 non-empty blocks out of 450 blocks
17/02/02 00:02:03 INFO storage.ShuffleBlockFetcherIterator: Started 5 remote fetches in 1 ms
17/02/02 00:02:03 INFO python.PythonRunner: Times: total = 226, boot = -277, init = 278, finish = 225
17/02/02 00:02:03 INFO python.PythonRunner: Times: total = 94, boot = -141, init = 143, finish = 92
17/02/02 00:02:03 INFO executor.Executor: Finished task 207.0 in stage 301.0 (TID 51693). 1928 bytes result sent to driver
17/02/02 00:02:03 INFO executor.CoarseGrainedExecutorBackend: Got assigned task 51711
17/02/02 00:02:03 INFO executor.Executor: Running task 227.0 in stage 301.0 (TID 51711)
17/02/02 00:02:03 INFO storage.ShuffleBlockFetcherIterator: Getting 247 non-empty blocks out of 450 blocks
17/02/02 00:02:03 INFO storage.ShuffleBlockFetcherIterator: Started 5 remote fetches in 1 ms
17/02/02 00:02:03 INFO python.PythonRunner: Times: total = 353, boot = -199, init = 200, finish = 352
17/02/02 00:02:03 INFO python.PythonRunner: Times: total = 334, boot = -152, init = 153, finish = 333
17/02/02 00:02:03 INFO python.PythonRunner: Times: total = 82, boot = -243, init = 245, finish = 80
17/02/02 00:02:03 INFO executor.Executor: Finished task 210.0 in stage 301.0 (TID 51694). 1928 bytes result sent to driver
17/02/02 00:02:03 INFO python.PythonRunner: Times: total = 94, boot = -246, init = 248, finish = 92
17/02/02 00:02:03 INFO executor.CoarseGrainedExecutorBackend: Got assigned task 51714
17/02/02 00:02:03 INFO executor.Executor: Running task 228.0 in stage 301.0 (TID 51714)
17/02/02 00:02:03 INFO storage.ShuffleBlockFetcherIterator: Getting 247 non-empty blocks out of 450 blocks
17/02/02 00:02:03 INFO storage.ShuffleBlockFetcherIterator: Started 5 remote fetches in 1 ms
17/02/02 00:02:03 INFO executor.Executor: Finished task 213.0 in stage 301.0 (TID 51697). 1928 bytes result sent to driver
17/02/02 00:02:03 INFO python.PythonRunner: Times: total = 330, boot = -131, init = 132, finish = 329
17/02/02 00:02:03 INFO executor.CoarseGrainedExecutorBackend: Got assigned task 51716
17/02/02 00:02:03 INFO executor.Executor: Running task 230.0 in stage 301.0 (TID 51716)
17/02/02 00:02:03 INFO storage.ShuffleBlockFetcherIterator: Getting 247 non-empty blocks out of 450 blocks
17/02/02 00:02:03 INFO storage.ShuffleBlockFetcherIterator: Started 5 remote fetches in 1 ms
17/02/02 00:02:03 INFO python.PythonRunner: Times: total = 388, boot = -114, init = 115, finish = 387
17/02/02 00:02:03 INFO python.PythonRunner: Times: total = 74, boot = -249, init = 250, finish = 73
17/02/02 00:02:03 INFO python.PythonRunner: Times: total = 87, boot = -272, init = 274, finish = 85
17/02/02 00:02:03 INFO executor.Executor: Finished task 214.0 in stage 301.0 (TID 51699). 1928 bytes result sent to driver
17/02/02 00:02:03 INFO executor.CoarseGrainedExecutorBackend: Got assigned task 51719
17/02/02 00:02:03 INFO executor.Executor: Running task 232.0 in stage 301.0 (TID 51719)
17/02/02 00:02:03 INFO storage.ShuffleBlockFetcherIterator: Getting 247 non-empty blocks out of 450 blocks
17/02/02 00:02:03 INFO storage.ShuffleBlockFetcherIterator: Started 5 remote fetches in 1 ms
17/02/02 00:02:03 INFO executor.Executor: Finished task 216.0 in stage 301.0 (TID 51701). 1928 bytes result sent to driver
17/02/02 00:02:03 INFO executor.CoarseGrainedExecutorBackend: Got assigned task 51720
17/02/02 00:02:03 INFO executor.Executor: Running task 233.0 in stage 301.0 (TID 51720)
17/02/02 00:02:03 INFO storage.ShuffleBlockFetcherIterator: Getting 247 non-empty blocks out of 450 blocks
17/02/02 00:02:03 INFO storage.ShuffleBlockFetcherIterator: Started 5 remote fetches in 1 ms
17/02/02 00:02:03 INFO python.PythonRunner: Times: total = 320, boot = -201, init = 202, finish = 319
17/02/02 00:02:03 INFO python.PythonRunner: Times: total = 91, boot = -139, init = 141, finish = 89
17/02/02 00:02:03 INFO python.PythonRunner: Times: total = 505, boot = -147, init = 148, finish = 504
17/02/02 00:02:03 INFO executor.Executor: Finished task 227.0 in stage 301.0 (TID 51711). 1928 bytes result sent to driver
17/02/02 00:02:03 INFO python.PythonRunner: Times: total = 252, boot = -309, init = 310, finish = 251
17/02/02 00:02:03 INFO executor.CoarseGrainedExecutorBackend: Got assigned task 51727
17/02/02 00:02:03 INFO executor.Executor: Running task 243.0 in stage 301.0 (TID 51727)
17/02/02 00:02:03 INFO storage.ShuffleBlockFetcherIterator: Getting 247 non-empty blocks out of 450 blocks
17/02/02 00:02:03 INFO storage.ShuffleBlockFetcherIterator: Started 5 remote fetches in 1 ms
17/02/02 00:02:03 INFO python.PythonRunner: Times: total = 40, boot = -193, init = 194, finish = 39
17/02/02 00:02:03 INFO executor.Executor: Finished task 223.0 in stage 301.0 (TID 51707). 1928 bytes result sent to driver
17/02/02 00:02:03 INFO executor.CoarseGrainedExecutorBackend: Got assigned task 51729
17/02/02 00:02:03 INFO executor.Executor: Running task 245.0 in stage 301.0 (TID 51729)
17/02/02 00:02:03 INFO storage.ShuffleBlockFetcherIterator: Getting 247 non-empty blocks out of 450 blocks
17/02/02 00:02:03 INFO storage.ShuffleBlockFetcherIterator: Started 5 remote fetches in 0 ms
17/02/02 00:02:03 INFO python.PythonRunner: Times: total = 278, boot = -195, init = 196, finish = 277
17/02/02 00:02:03 INFO python.PythonRunner: Times: total = 100, boot = -192, init = 193, finish = 99
17/02/02 00:02:04 INFO python.PythonRunner: Times: total = 253, boot = -176, init = 177, finish = 252
17/02/02 00:02:04 INFO python.PythonRunner: Times: total = 243, boot = -174, init = 175, finish = 242
17/02/02 00:02:04 INFO python.PythonRunner: Times: total = 219, boot = -203, init = 204, finish = 218
17/02/02 00:02:04 INFO python.PythonRunner: Times: total = 328, boot = -166, init = 167, finish = 327
17/02/02 00:02:04 INFO python.PythonRunner: Times: total = 80, boot = -170, init = 171, finish = 79
17/02/02 00:02:04 INFO python.PythonRunner: Times: total = 491, boot = -205, init = 207, finish = 489
17/02/02 00:02:04 INFO python.PythonRunner: Times: total = 442, boot = -239, init = 240, finish = 441
17/02/02 00:02:04 INFO python.PythonRunner: Times: total = 539, boot = -178, init = 179, finish = 538
17/02/02 00:02:04 INFO python.PythonRunner: Times: total = 613, boot = -162, init = 163, finish = 612
17/02/02 00:02:04 INFO executor.Executor: Finished task 228.0 in stage 301.0 (TID 51714). 1928 bytes result sent to driver
