17/02/01 23:11:09 INFO executor.Executor: Finished task 367.0 in stage 221.0 (TID 38855). 1251 bytes result sent to driver
17/02/01 23:11:09 INFO executor.CoarseGrainedExecutorBackend: Got assigned task 38876
17/02/01 23:11:09 INFO storage.ShuffleBlockFetcherIterator: Started 4 remote fetches in 5 ms
17/02/01 23:11:09 INFO executor.Executor: Running task 388.0 in stage 221.0 (TID 38876)
17/02/01 23:11:09 INFO storage.ShuffleBlockFetcherIterator: Getting 952 non-empty blocks out of 1890 blocks
17/02/01 23:11:09 INFO storage.ShuffleBlockFetcherIterator: Started 4 remote fetches in 5 ms
17/02/01 23:11:09 INFO python.PythonRunner: Times: total = 134, boot = 13, init = 0, finish = 121
17/02/01 23:11:09 INFO executor.Executor: Finished task 370.0 in stage 221.0 (TID 38858). 1251 bytes result sent to driver
17/02/01 23:11:09 INFO executor.CoarseGrainedExecutorBackend: Got assigned task 38879
17/02/01 23:11:09 INFO executor.Executor: Running task 391.0 in stage 221.0 (TID 38879)
17/02/01 23:11:09 INFO storage.ShuffleBlockFetcherIterator: Getting 960 non-empty blocks out of 1890 blocks
17/02/01 23:11:09 INFO storage.ShuffleBlockFetcherIterator: Started 4 remote fetches in 7 ms
17/02/01 23:11:09 INFO python.PythonRunner: Times: total = 132, boot = 10, init = 0, finish = 122
17/02/01 23:11:09 INFO executor.Executor: Finished task 374.0 in stage 221.0 (TID 38862). 1251 bytes result sent to driver
17/02/01 23:11:09 INFO executor.CoarseGrainedExecutorBackend: Got assigned task 38882
17/02/01 23:11:09 INFO executor.Executor: Running task 394.0 in stage 221.0 (TID 38882)
17/02/01 23:11:09 INFO storage.ShuffleBlockFetcherIterator: Getting 944 non-empty blocks out of 1890 blocks
17/02/01 23:11:09 INFO storage.ShuffleBlockFetcherIterator: Started 3 remote fetches in 5 ms
17/02/01 23:11:09 INFO python.PythonRunner: Times: total = 147, boot = 7, init = 0, finish = 140
17/02/01 23:11:09 INFO executor.Executor: Finished task 377.0 in stage 221.0 (TID 38865). 1251 bytes result sent to driver
17/02/01 23:11:09 INFO executor.CoarseGrainedExecutorBackend: Got assigned task 38888
17/02/01 23:11:09 INFO executor.Executor: Running task 400.0 in stage 221.0 (TID 38888)
17/02/01 23:11:09 INFO storage.ShuffleBlockFetcherIterator: Getting 940 non-empty blocks out of 1890 blocks
17/02/01 23:11:09 INFO python.PythonRunner: Times: total = 127, boot = 11, init = 0, finish = 116
17/02/01 23:11:09 INFO storage.ShuffleBlockFetcherIterator: Started 4 remote fetches in 5 ms
17/02/01 23:11:09 INFO executor.Executor: Finished task 383.0 in stage 221.0 (TID 38871). 1251 bytes result sent to driver
17/02/01 23:11:09 INFO executor.CoarseGrainedExecutorBackend: Got assigned task 38890
17/02/01 23:11:09 INFO executor.Executor: Running task 402.0 in stage 221.0 (TID 38890)
17/02/01 23:11:09 INFO storage.ShuffleBlockFetcherIterator: Getting 948 non-empty blocks out of 1890 blocks
17/02/01 23:11:09 INFO storage.ShuffleBlockFetcherIterator: Started 4 remote fetches in 3 ms
17/02/01 23:11:09 INFO python.PythonRunner: Times: total = 115, boot = 16, init = 1, finish = 98
17/02/01 23:11:09 INFO executor.Executor: Finished task 387.0 in stage 221.0 (TID 38875). 1251 bytes result sent to driver
17/02/01 23:11:09 INFO executor.CoarseGrainedExecutorBackend: Got assigned task 38893
17/02/01 23:11:09 INFO executor.Executor: Running task 405.0 in stage 221.0 (TID 38893)
17/02/01 23:11:09 INFO storage.ShuffleBlockFetcherIterator: Getting 953 non-empty blocks out of 1890 blocks
17/02/01 23:11:09 INFO storage.ShuffleBlockFetcherIterator: Started 4 remote fetches in 10 ms
17/02/01 23:11:09 INFO python.PythonRunner: Times: total = 141, boot = 8, init = 10, finish = 123
17/02/01 23:11:09 INFO executor.Executor: Finished task 388.0 in stage 221.0 (TID 38876). 1251 bytes result sent to driver
17/02/01 23:11:09 INFO executor.CoarseGrainedExecutorBackend: Got assigned task 38899
17/02/01 23:11:09 INFO executor.Executor: Running task 411.0 in stage 221.0 (TID 38899)
17/02/01 23:11:09 INFO storage.ShuffleBlockFetcherIterator: Getting 949 non-empty blocks out of 1890 blocks
17/02/01 23:11:09 INFO storage.ShuffleBlockFetcherIterator: Started 4 remote fetches in 6 ms
17/02/01 23:11:09 INFO python.PythonRunner: Times: total = 140, boot = 12, init = 1, finish = 127
17/02/01 23:11:09 INFO executor.Executor: Finished task 394.0 in stage 221.0 (TID 38882). 1251 bytes result sent to driver
17/02/01 23:11:09 INFO executor.CoarseGrainedExecutorBackend: Got assigned task 38905
17/02/01 23:11:09 INFO executor.Executor: Running task 417.0 in stage 221.0 (TID 38905)
17/02/01 23:11:09 INFO storage.ShuffleBlockFetcherIterator: Getting 924 non-empty blocks out of 1890 blocks
17/02/01 23:11:09 INFO python.PythonRunner: Times: total = 169, boot = 10, init = 6, finish = 153
17/02/01 23:11:09 INFO executor.Executor: Finished task 391.0 in stage 221.0 (TID 38879). 1251 bytes result sent to driver
17/02/01 23:11:09 INFO executor.CoarseGrainedExecutorBackend: Got assigned task 38910
17/02/01 23:11:09 INFO executor.Executor: Running task 422.0 in stage 221.0 (TID 38910)
17/02/01 23:11:09 INFO storage.ShuffleBlockFetcherIterator: Started 3 remote fetches in 5 ms
17/02/01 23:11:09 INFO storage.ShuffleBlockFetcherIterator: Getting 952 non-empty blocks out of 1890 blocks
17/02/01 23:11:09 INFO storage.ShuffleBlockFetcherIterator: Started 4 remote fetches in 6 ms
17/02/01 23:11:09 INFO python.PythonRunner: Times: total = 119, boot = 10, init = 1, finish = 108
17/02/01 23:11:09 INFO executor.Executor: Finished task 400.0 in stage 221.0 (TID 38888). 1251 bytes result sent to driver
17/02/01 23:11:09 INFO executor.CoarseGrainedExecutorBackend: Got assigned task 38913
17/02/01 23:11:09 INFO executor.Executor: Running task 425.0 in stage 221.0 (TID 38913)
17/02/01 23:11:09 INFO storage.ShuffleBlockFetcherIterator: Getting 956 non-empty blocks out of 1890 blocks
17/02/01 23:11:09 INFO storage.ShuffleBlockFetcherIterator: Started 4 remote fetches in 6 ms
17/02/01 23:11:09 INFO python.PythonRunner: Times: total = 151, boot = 21, init = 0, finish = 130
17/02/01 23:11:09 INFO executor.Executor: Finished task 402.0 in stage 221.0 (TID 38890). 1251 bytes result sent to driver
17/02/01 23:11:09 INFO executor.CoarseGrainedExecutorBackend: Got assigned task 38918
17/02/01 23:11:09 INFO executor.Executor: Running task 430.0 in stage 221.0 (TID 38918)
17/02/01 23:11:09 INFO storage.ShuffleBlockFetcherIterator: Getting 954 non-empty blocks out of 1890 blocks
17/02/01 23:11:09 INFO storage.ShuffleBlockFetcherIterator: Started 4 remote fetches in 3 ms
17/02/01 23:11:09 INFO python.PythonRunner: Times: total = 147, boot = 3, init = 7, finish = 137
17/02/01 23:11:09 INFO executor.Executor: Finished task 405.0 in stage 221.0 (TID 38893). 1251 bytes result sent to driver
17/02/01 23:11:09 INFO executor.CoarseGrainedExecutorBackend: Got assigned task 38921
17/02/01 23:11:09 INFO executor.Executor: Running task 433.0 in stage 221.0 (TID 38921)
17/02/01 23:11:09 INFO storage.ShuffleBlockFetcherIterator: Getting 950 non-empty blocks out of 1890 blocks
17/02/01 23:11:09 INFO storage.ShuffleBlockFetcherIterator: Started 4 remote fetches in 4 ms
17/02/01 23:11:10 INFO python.PythonRunner: Times: total = 151, boot = 9, init = 1, finish = 141
17/02/01 23:11:10 INFO executor.Executor: Finished task 411.0 in stage 221.0 (TID 38899). 1251 bytes result sent to driver
17/02/01 23:11:10 INFO executor.CoarseGrainedExecutorBackend: Got assigned task 38926
17/02/01 23:11:10 INFO executor.Executor: Running task 438.0 in stage 221.0 (TID 38926)
17/02/01 23:11:10 INFO storage.ShuffleBlockFetcherIterator: Getting 922 non-empty blocks out of 1890 blocks
17/02/01 23:11:10 INFO storage.ShuffleBlockFetcherIterator: Started 3 remote fetches in 6 ms
17/02/01 23:11:10 INFO python.PythonRunner: Times: total = 145, boot = 13, init = 0, finish = 132
17/02/01 23:11:10 INFO executor.Executor: Finished task 417.0 in stage 221.0 (TID 38905). 1251 bytes result sent to driver
17/02/01 23:11:10 INFO executor.CoarseGrainedExecutorBackend: Got assigned task 38931
17/02/01 23:11:10 INFO executor.Executor: Running task 443.0 in stage 221.0 (TID 38931)
17/02/01 23:11:10 INFO storage.ShuffleBlockFetcherIterator: Getting 945 non-empty blocks out of 1890 blocks
17/02/01 23:11:10 INFO storage.ShuffleBlockFetcherIterator: Started 4 remote fetches in 5 ms
17/02/01 23:11:10 INFO python.PythonRunner: Times: total = 184, boot = 16, init = 1, finish = 167
17/02/01 23:11:10 INFO executor.Executor: Finished task 422.0 in stage 221.0 (TID 38910). 1251 bytes result sent to driver
17/02/01 23:11:10 INFO executor.CoarseGrainedExecutorBackend: Got assigned task 38938
17/02/01 23:11:10 INFO executor.Executor: Running task 450.0 in stage 221.0 (TID 38938)
17/02/01 23:11:10 INFO storage.ShuffleBlockFetcherIterator: Getting 944 non-empty blocks out of 1890 blocks
17/02/01 23:11:10 INFO storage.ShuffleBlockFetcherIterator: Started 4 remote fetches in 3 ms
17/02/01 23:11:10 INFO python.PythonRunner: Times: total = 191, boot = 17, init = 0, finish = 174
17/02/01 23:11:10 INFO executor.Executor: Finished task 430.0 in stage 221.0 (TID 38918). 1251 bytes result sent to driver
17/02/01 23:11:10 INFO executor.CoarseGrainedExecutorBackend: Got assigned task 38947
17/02/01 23:11:10 INFO executor.Executor: Running task 459.0 in stage 221.0 (TID 38947)
17/02/01 23:11:10 INFO storage.ShuffleBlockFetcherIterator: Getting 955 non-empty blocks out of 1890 blocks
17/02/01 23:11:10 INFO storage.ShuffleBlockFetcherIterator: Started 3 remote fetches in 3 ms
17/02/01 23:11:10 INFO python.PythonRunner: Times: total = 237, boot = 7, init = 19, finish = 211
17/02/01 23:11:10 INFO executor.Executor: Finished task 425.0 in stage 221.0 (TID 38913). 1251 bytes result sent to driver
17/02/01 23:11:10 INFO executor.CoarseGrainedExecutorBackend: Got assigned task 38950
17/02/01 23:11:10 INFO executor.Executor: Running task 462.0 in stage 221.0 (TID 38950)
