17/02/01 23:11:33 INFO storage.ShuffleBlockFetcherIterator: Getting 941 non-empty blocks out of 1890 blocks
17/02/01 23:11:33 INFO storage.ShuffleBlockFetcherIterator: Started 4 remote fetches in 7 ms
17/02/01 23:11:33 INFO storage.ShuffleBlockFetcherIterator: Started 3 remote fetches in 4 ms
17/02/01 23:11:33 INFO python.PythonRunner: Times: total = 105, boot = -43, init = 50, finish = 98
17/02/01 23:11:33 INFO python.PythonRunner: Times: total = 58, boot = -38, init = 40, finish = 56
17/02/01 23:11:33 INFO executor.Executor: Finished task 1009.0 in stage 237.0 (TID 41417). 3378 bytes result sent to driver
17/02/01 23:11:33 INFO executor.CoarseGrainedExecutorBackend: Got assigned task 41446
17/02/01 23:11:33 INFO executor.Executor: Running task 1038.0 in stage 237.0 (TID 41446)
17/02/01 23:11:33 INFO storage.ShuffleBlockFetcherIterator: Getting 945 non-empty blocks out of 1890 blocks
17/02/01 23:11:33 INFO storage.ShuffleBlockFetcherIterator: Started 4 remote fetches in 2 ms
17/02/01 23:11:33 INFO python.PythonRunner: Times: total = 49, boot = -18, init = 19, finish = 48
17/02/01 23:11:33 INFO executor.Executor: Finished task 1016.0 in stage 237.0 (TID 41424). 3378 bytes result sent to driver
17/02/01 23:11:33 INFO python.PythonRunner: Times: total = 152, boot = 18, init = 10, finish = 124
17/02/01 23:11:33 INFO executor.CoarseGrainedExecutorBackend: Got assigned task 41449
17/02/01 23:11:33 INFO executor.Executor: Running task 1041.0 in stage 237.0 (TID 41449)
17/02/01 23:11:33 INFO storage.ShuffleBlockFetcherIterator: Getting 957 non-empty blocks out of 1890 blocks
17/02/01 23:11:33 INFO storage.ShuffleBlockFetcherIterator: Started 4 remote fetches in 2 ms
17/02/01 23:11:33 INFO python.PythonRunner: Times: total = 170, boot = 5, init = 29, finish = 136
17/02/01 23:11:33 INFO python.PythonRunner: Times: total = 122, boot = -54, init = 61, finish = 115
17/02/01 23:11:33 INFO python.PythonRunner: Times: total = 59, boot = -29, init = 30, finish = 58
17/02/01 23:11:33 INFO python.PythonRunner: Times: total = 138, boot = -7, init = 30, finish = 115
17/02/01 23:11:33 INFO executor.Executor: Finished task 1017.0 in stage 237.0 (TID 41425). 3378 bytes result sent to driver
17/02/01 23:11:33 INFO executor.CoarseGrainedExecutorBackend: Got assigned task 41455
17/02/01 23:11:33 INFO executor.Executor: Running task 1047.0 in stage 237.0 (TID 41455)
17/02/01 23:11:33 INFO storage.ShuffleBlockFetcherIterator: Getting 932 non-empty blocks out of 1890 blocks
17/02/01 23:11:33 INFO storage.ShuffleBlockFetcherIterator: Started 3 remote fetches in 4 ms
17/02/01 23:11:33 INFO python.PythonRunner: Times: total = 96, boot = -32, init = 37, finish = 91
17/02/01 23:11:33 INFO python.PythonRunner: Times: total = 60, boot = -14, init = 15, finish = 59
17/02/01 23:11:33 INFO python.PythonRunner: Times: total = 52, boot = -14, init = 16, finish = 50
17/02/01 23:11:33 INFO executor.Executor: Finished task 1020.0 in stage 237.0 (TID 41428). 3378 bytes result sent to driver
17/02/01 23:11:33 INFO executor.CoarseGrainedExecutorBackend: Got assigned task 41459
17/02/01 23:11:33 INFO executor.Executor: Running task 1051.0 in stage 237.0 (TID 41459)
17/02/01 23:11:33 INFO executor.Executor: Finished task 1034.0 in stage 237.0 (TID 41442). 3378 bytes result sent to driver
17/02/01 23:11:33 INFO storage.ShuffleBlockFetcherIterator: Getting 947 non-empty blocks out of 1890 blocks
17/02/01 23:11:33 INFO executor.CoarseGrainedExecutorBackend: Got assigned task 41460
17/02/01 23:11:33 INFO executor.Executor: Running task 1052.0 in stage 237.0 (TID 41460)
17/02/01 23:11:33 INFO storage.ShuffleBlockFetcherIterator: Started 4 remote fetches in 4 ms
17/02/01 23:11:33 INFO python.PythonRunner: Times: total = 50, boot = -6, init = 7, finish = 49
17/02/01 23:11:33 INFO storage.ShuffleBlockFetcherIterator: Getting 950 non-empty blocks out of 1890 blocks
17/02/01 23:11:33 INFO python.PythonRunner: Times: total = 103, boot = -23, init = 31, finish = 95
17/02/01 23:11:33 INFO storage.ShuffleBlockFetcherIterator: Started 4 remote fetches in 5 ms
17/02/01 23:11:33 INFO executor.Executor: Finished task 1035.0 in stage 237.0 (TID 41443). 3378 bytes result sent to driver
17/02/01 23:11:33 INFO python.PythonRunner: Times: total = 47, boot = -1, init = 2, finish = 46
17/02/01 23:11:33 INFO executor.CoarseGrainedExecutorBackend: Got assigned task 41465
17/02/01 23:11:33 INFO executor.Executor: Running task 1057.0 in stage 237.0 (TID 41465)
17/02/01 23:11:33 INFO storage.ShuffleBlockFetcherIterator: Getting 929 non-empty blocks out of 1890 blocks
17/02/01 23:11:33 INFO storage.ShuffleBlockFetcherIterator: Started 3 remote fetches in 5 ms
17/02/01 23:11:33 INFO executor.Executor: Finished task 1038.0 in stage 237.0 (TID 41446). 3378 bytes result sent to driver
17/02/01 23:11:33 INFO executor.CoarseGrainedExecutorBackend: Got assigned task 41468
17/02/01 23:11:33 INFO executor.Executor: Running task 1060.0 in stage 237.0 (TID 41468)
17/02/01 23:11:33 INFO storage.ShuffleBlockFetcherIterator: Getting 950 non-empty blocks out of 1890 blocks
17/02/01 23:11:33 INFO storage.ShuffleBlockFetcherIterator: Started 4 remote fetches in 7 ms
17/02/01 23:11:33 INFO python.PythonRunner: Times: total = 91, boot = -4, init = 9, finish = 86
17/02/01 23:11:33 INFO python.PythonRunner: Times: total = 59, boot = -7, init = 8, finish = 58
17/02/01 23:11:33 INFO executor.Executor: Finished task 1041.0 in stage 237.0 (TID 41449). 3378 bytes result sent to driver
17/02/01 23:11:33 INFO executor.CoarseGrainedExecutorBackend: Got assigned task 41473
17/02/01 23:11:33 INFO executor.Executor: Running task 1065.0 in stage 237.0 (TID 41473)
17/02/01 23:11:33 INFO storage.ShuffleBlockFetcherIterator: Getting 952 non-empty blocks out of 1890 blocks
17/02/01 23:11:33 INFO storage.ShuffleBlockFetcherIterator: Started 4 remote fetches in 4 ms
17/02/01 23:11:33 INFO python.PythonRunner: Times: total = 99, boot = -28, init = 32, finish = 95
17/02/01 23:11:33 INFO python.PythonRunner: Times: total = 53, boot = -21, init = 22, finish = 52
17/02/01 23:11:33 INFO executor.Executor: Finished task 1047.0 in stage 237.0 (TID 41455). 3378 bytes result sent to driver
17/02/01 23:11:33 INFO executor.CoarseGrainedExecutorBackend: Got assigned task 41483
17/02/01 23:11:33 INFO executor.Executor: Running task 1075.0 in stage 237.0 (TID 41483)
17/02/01 23:11:33 INFO storage.ShuffleBlockFetcherIterator: Getting 944 non-empty blocks out of 1890 blocks
17/02/01 23:11:33 INFO storage.ShuffleBlockFetcherIterator: Started 4 remote fetches in 3 ms
17/02/01 23:11:33 INFO python.PythonRunner: Times: total = 115, boot = -10, init = 36, finish = 89
17/02/01 23:11:33 INFO python.PythonRunner: Times: total = 46, boot = -18, init = 20, finish = 44
17/02/01 23:11:33 INFO python.PythonRunner: Times: total = 136, boot = 13, init = 9, finish = 114
17/02/01 23:11:33 INFO executor.Executor: Finished task 1051.0 in stage 237.0 (TID 41459). 3378 bytes result sent to driver
17/02/01 23:11:33 INFO executor.CoarseGrainedExecutorBackend: Got assigned task 41485
17/02/01 23:11:33 INFO executor.Executor: Running task 1077.0 in stage 237.0 (TID 41485)
17/02/01 23:11:33 INFO storage.ShuffleBlockFetcherIterator: Getting 948 non-empty blocks out of 1890 blocks
17/02/01 23:11:33 INFO storage.ShuffleBlockFetcherIterator: Started 4 remote fetches in 3 ms
17/02/01 23:11:33 INFO python.PythonRunner: Times: total = 121, boot = -15, init = 44, finish = 92
17/02/01 23:11:33 INFO python.PythonRunner: Times: total = 55, boot = -14, init = 15, finish = 54
17/02/01 23:11:33 INFO python.PythonRunner: Times: total = 115, boot = -44, init = 60, finish = 99
17/02/01 23:11:33 INFO python.PythonRunner: Times: total = 55, boot = -11, init = 12, finish = 54
17/02/01 23:11:33 INFO executor.Executor: Finished task 1057.0 in stage 237.0 (TID 41465). 3378 bytes result sent to driver
17/02/01 23:11:33 INFO executor.CoarseGrainedExecutorBackend: Got assigned task 41489
17/02/01 23:11:33 INFO executor.Executor: Running task 1081.0 in stage 237.0 (TID 41489)
17/02/01 23:11:33 INFO executor.Executor: Finished task 1052.0 in stage 237.0 (TID 41460). 3378 bytes result sent to driver
17/02/01 23:11:33 INFO storage.ShuffleBlockFetcherIterator: Getting 948 non-empty blocks out of 1890 blocks
17/02/01 23:11:33 INFO executor.CoarseGrainedExecutorBackend: Got assigned task 41490
17/02/01 23:11:33 INFO executor.Executor: Running task 1082.0 in stage 237.0 (TID 41490)
17/02/01 23:11:33 INFO storage.ShuffleBlockFetcherIterator: Started 3 remote fetches in 2 ms
17/02/01 23:11:33 INFO python.PythonRunner: Times: total = 50, boot = 2, init = 0, finish = 48
17/02/01 23:11:33 INFO storage.ShuffleBlockFetcherIterator: Getting 948 non-empty blocks out of 1890 blocks
17/02/01 23:11:33 INFO storage.ShuffleBlockFetcherIterator: Started 4 remote fetches in 4 ms
17/02/01 23:11:33 INFO executor.Executor: Finished task 1060.0 in stage 237.0 (TID 41468). 3378 bytes result sent to driver
17/02/01 23:11:33 INFO executor.CoarseGrainedExecutorBackend: Got assigned task 41492
17/02/01 23:11:33 INFO executor.Executor: Running task 1084.0 in stage 237.0 (TID 41492)
17/02/01 23:11:33 INFO storage.ShuffleBlockFetcherIterator: Getting 942 non-empty blocks out of 1890 blocks
17/02/01 23:11:33 INFO python.PythonRunner: Times: total = 100, boot = -24, init = 27, finish = 97
17/02/01 23:11:33 INFO storage.ShuffleBlockFetcherIterator: Started 3 remote fetches in 3 ms
17/02/01 23:11:33 INFO python.PythonRunner: Times: total = 50, boot = -21, init = 22, finish = 49
17/02/01 23:11:33 INFO executor.Executor: Finished task 1065.0 in stage 237.0 (TID 41473). 3378 bytes result sent to driver
17/02/01 23:11:33 INFO executor.CoarseGrainedExecutorBackend: Got assigned task 41495
17/02/01 23:11:33 INFO executor.Executor: Running task 1087.0 in stage 237.0 (TID 41495)
17/02/01 23:11:33 INFO storage.ShuffleBlockFetcherIterator: Getting 928 non-empty blocks out of 1890 blocks
