17/02/02 00:27:40 INFO storage.ShuffleBlockFetcherIterator: Started 4 remote fetches in 0 ms
17/02/02 00:27:40 INFO executor.Executor: Finished task 1084.0 in stage 364.0 (TID 67298). 3378 bytes result sent to driver
17/02/02 00:27:40 INFO executor.CoarseGrainedExecutorBackend: Got assigned task 67313
17/02/02 00:27:40 INFO executor.Executor: Running task 1099.0 in stage 364.0 (TID 67313)
17/02/02 00:27:40 INFO executor.Executor: Finished task 1088.0 in stage 364.0 (TID 67302). 3378 bytes result sent to driver
17/02/02 00:27:40 INFO executor.CoarseGrainedExecutorBackend: Got assigned task 67315
17/02/02 00:27:40 INFO executor.Executor: Running task 1101.0 in stage 364.0 (TID 67315)
17/02/02 00:27:40 INFO storage.ShuffleBlockFetcherIterator: Getting 93 non-empty blocks out of 1920 blocks
17/02/02 00:27:40 INFO storage.ShuffleBlockFetcherIterator: Started 4 remote fetches in 0 ms
17/02/02 00:27:40 INFO storage.ShuffleBlockFetcherIterator: Getting 93 non-empty blocks out of 1920 blocks
17/02/02 00:27:40 INFO storage.ShuffleBlockFetcherIterator: Started 4 remote fetches in 1 ms
17/02/02 00:27:40 INFO python.PythonRunner: Times: total = 47, boot = -46, init = 47, finish = 46
17/02/02 00:27:40 INFO executor.Executor: Finished task 1074.0 in stage 364.0 (TID 67288). 3378 bytes result sent to driver
17/02/02 00:27:40 INFO executor.CoarseGrainedExecutorBackend: Got assigned task 67323
17/02/02 00:27:40 INFO executor.Executor: Running task 1109.0 in stage 364.0 (TID 67323)
17/02/02 00:27:40 INFO python.PythonRunner: Times: total = 50, boot = -38, init = 39, finish = 49
17/02/02 00:27:40 INFO storage.ShuffleBlockFetcherIterator: Getting 93 non-empty blocks out of 1920 blocks
17/02/02 00:27:40 INFO storage.ShuffleBlockFetcherIterator: Started 4 remote fetches in 0 ms
17/02/02 00:27:40 INFO executor.Executor: Finished task 1076.0 in stage 364.0 (TID 67290). 3378 bytes result sent to driver
17/02/02 00:27:40 INFO python.PythonRunner: Times: total = 55, boot = -46, init = 47, finish = 54
17/02/02 00:27:40 INFO executor.CoarseGrainedExecutorBackend: Got assigned task 67327
17/02/02 00:27:40 INFO executor.Executor: Running task 1113.0 in stage 364.0 (TID 67327)
17/02/02 00:27:40 INFO storage.ShuffleBlockFetcherIterator: Getting 93 non-empty blocks out of 1920 blocks
17/02/02 00:27:40 INFO python.PythonRunner: Times: total = 12, boot = -36, init = 37, finish = 11
17/02/02 00:27:40 INFO storage.ShuffleBlockFetcherIterator: Started 4 remote fetches in 1 ms
17/02/02 00:27:40 INFO executor.Executor: Finished task 1079.0 in stage 364.0 (TID 67293). 3378 bytes result sent to driver
17/02/02 00:27:40 INFO executor.Executor: Finished task 1109.0 in stage 364.0 (TID 67323). 3378 bytes result sent to driver
17/02/02 00:27:40 INFO executor.CoarseGrainedExecutorBackend: Got assigned task 67335
17/02/02 00:27:40 INFO executor.Executor: Running task 1121.0 in stage 364.0 (TID 67335)
17/02/02 00:27:40 INFO executor.CoarseGrainedExecutorBackend: Got assigned task 67336
17/02/02 00:27:40 INFO executor.Executor: Running task 1122.0 in stage 364.0 (TID 67336)
17/02/02 00:27:40 INFO storage.ShuffleBlockFetcherIterator: Getting 93 non-empty blocks out of 1920 blocks
17/02/02 00:27:40 INFO storage.ShuffleBlockFetcherIterator: Started 4 remote fetches in 1 ms
17/02/02 00:27:40 INFO storage.ShuffleBlockFetcherIterator: Getting 93 non-empty blocks out of 1920 blocks
17/02/02 00:27:40 INFO storage.ShuffleBlockFetcherIterator: Started 4 remote fetches in 0 ms
17/02/02 00:27:40 INFO python.PythonRunner: Times: total = 12, boot = -50, init = 51, finish = 11
17/02/02 00:27:40 INFO python.PythonRunner: Times: total = 48, boot = -44, init = 45, finish = 47
17/02/02 00:27:40 INFO executor.Executor: Finished task 1113.0 in stage 364.0 (TID 67327). 3378 bytes result sent to driver
17/02/02 00:27:40 INFO executor.CoarseGrainedExecutorBackend: Got assigned task 67347
17/02/02 00:27:40 INFO executor.Executor: Running task 1133.0 in stage 364.0 (TID 67347)
17/02/02 00:27:40 INFO python.PythonRunner: Times: total = 47, boot = -27, init = 29, finish = 45
17/02/02 00:27:40 INFO storage.ShuffleBlockFetcherIterator: Getting 93 non-empty blocks out of 1920 blocks
17/02/02 00:27:40 INFO storage.ShuffleBlockFetcherIterator: Started 4 remote fetches in 0 ms
17/02/02 00:27:40 INFO python.PythonRunner: Times: total = 49, boot = -21, init = 23, finish = 47
17/02/02 00:27:40 INFO executor.Executor: Finished task 1096.0 in stage 364.0 (TID 67310). 3378 bytes result sent to driver
17/02/02 00:27:40 INFO executor.CoarseGrainedExecutorBackend: Got assigned task 67349
17/02/02 00:27:40 INFO executor.Executor: Running task 1135.0 in stage 364.0 (TID 67349)
17/02/02 00:27:40 INFO storage.ShuffleBlockFetcherIterator: Getting 93 non-empty blocks out of 1920 blocks
17/02/02 00:27:40 INFO storage.ShuffleBlockFetcherIterator: Started 4 remote fetches in 0 ms
17/02/02 00:27:40 INFO executor.Executor: Finished task 1101.0 in stage 364.0 (TID 67315). 3378 bytes result sent to driver
17/02/02 00:27:40 INFO executor.Executor: Finished task 1099.0 in stage 364.0 (TID 67313). 3378 bytes result sent to driver
17/02/02 00:27:40 INFO executor.CoarseGrainedExecutorBackend: Got assigned task 67353
17/02/02 00:27:40 INFO executor.Executor: Running task 1139.0 in stage 364.0 (TID 67353)
17/02/02 00:27:40 INFO executor.CoarseGrainedExecutorBackend: Got assigned task 67354
17/02/02 00:27:40 INFO executor.Executor: Running task 1140.0 in stage 364.0 (TID 67354)
17/02/02 00:27:40 INFO storage.ShuffleBlockFetcherIterator: Getting 93 non-empty blocks out of 1920 blocks
17/02/02 00:27:40 INFO storage.ShuffleBlockFetcherIterator: Started 4 remote fetches in 0 ms
17/02/02 00:27:40 INFO storage.ShuffleBlockFetcherIterator: Getting 93 non-empty blocks out of 1920 blocks
17/02/02 00:27:40 INFO storage.ShuffleBlockFetcherIterator: Started 4 remote fetches in 1 ms
17/02/02 00:27:40 INFO python.PythonRunner: Times: total = 46, boot = -42, init = 43, finish = 45
17/02/02 00:27:40 INFO python.PythonRunner: Times: total = 50, boot = -28, init = 30, finish = 48
17/02/02 00:27:40 INFO executor.Executor: Finished task 1121.0 in stage 364.0 (TID 67335). 3378 bytes result sent to driver
17/02/02 00:27:40 INFO executor.CoarseGrainedExecutorBackend: Got assigned task 67370
17/02/02 00:27:40 INFO executor.Executor: Running task 1156.0 in stage 364.0 (TID 67370)
17/02/02 00:27:40 INFO executor.Executor: Finished task 1122.0 in stage 364.0 (TID 67336). 3378 bytes result sent to driver
17/02/02 00:27:40 INFO storage.ShuffleBlockFetcherIterator: Getting 93 non-empty blocks out of 1920 blocks
17/02/02 00:27:40 INFO storage.ShuffleBlockFetcherIterator: Started 4 remote fetches in 1 ms
17/02/02 00:27:40 INFO executor.CoarseGrainedExecutorBackend: Got assigned task 67372
17/02/02 00:27:40 INFO executor.Executor: Running task 1158.0 in stage 364.0 (TID 67372)
17/02/02 00:27:40 INFO storage.ShuffleBlockFetcherIterator: Getting 93 non-empty blocks out of 1920 blocks
17/02/02 00:27:40 INFO storage.ShuffleBlockFetcherIterator: Started 4 remote fetches in 0 ms
17/02/02 00:27:40 INFO python.PythonRunner: Times: total = 49, boot = -37, init = 39, finish = 47
17/02/02 00:27:40 INFO python.PythonRunner: Times: total = 47, boot = -43, init = 44, finish = 46
17/02/02 00:27:40 INFO executor.Executor: Finished task 1133.0 in stage 364.0 (TID 67347). 3378 bytes result sent to driver
17/02/02 00:27:40 INFO executor.CoarseGrainedExecutorBackend: Got assigned task 67379
17/02/02 00:27:40 INFO executor.Executor: Running task 1165.0 in stage 364.0 (TID 67379)
17/02/02 00:27:40 INFO storage.ShuffleBlockFetcherIterator: Getting 93 non-empty blocks out of 1920 blocks
17/02/02 00:27:40 INFO storage.ShuffleBlockFetcherIterator: Started 4 remote fetches in 0 ms
17/02/02 00:27:40 INFO python.PythonRunner: Times: total = 19, boot = -45, init = 46, finish = 18
17/02/02 00:27:40 INFO executor.Executor: Finished task 1135.0 in stage 364.0 (TID 67349). 3378 bytes result sent to driver
17/02/02 00:27:40 INFO executor.CoarseGrainedExecutorBackend: Got assigned task 67383
17/02/02 00:27:40 INFO executor.Executor: Running task 1169.0 in stage 364.0 (TID 67383)
17/02/02 00:27:40 INFO python.PythonRunner: Times: total = 50, boot = -29, init = 30, finish = 49
17/02/02 00:27:40 INFO python.PythonRunner: Times: total = 50, boot = -32, init = 33, finish = 49
17/02/02 00:27:40 INFO storage.ShuffleBlockFetcherIterator: Getting 93 non-empty blocks out of 1920 blocks
17/02/02 00:27:40 INFO storage.ShuffleBlockFetcherIterator: Started 4 remote fetches in 0 ms
17/02/02 00:27:40 INFO executor.Executor: Finished task 1156.0 in stage 364.0 (TID 67370). 3378 bytes result sent to driver
17/02/02 00:27:40 INFO python.PythonRunner: Times: total = 14, boot = -44, init = 45, finish = 13
17/02/02 00:27:40 INFO executor.Executor: Finished task 1140.0 in stage 364.0 (TID 67354). 3378 bytes result sent to driver
17/02/02 00:27:40 INFO executor.CoarseGrainedExecutorBackend: Got assigned task 67390
17/02/02 00:27:40 INFO executor.Executor: Running task 1176.0 in stage 364.0 (TID 67390)
17/02/02 00:27:40 INFO executor.Executor: Finished task 1139.0 in stage 364.0 (TID 67353). 3378 bytes result sent to driver
17/02/02 00:27:40 INFO executor.CoarseGrainedExecutorBackend: Got assigned task 67391
17/02/02 00:27:40 INFO executor.Executor: Running task 1177.0 in stage 364.0 (TID 67391)
17/02/02 00:27:40 INFO storage.ShuffleBlockFetcherIterator: Getting 93 non-empty blocks out of 1920 blocks
17/02/02 00:27:40 INFO executor.CoarseGrainedExecutorBackend: Got assigned task 67392
17/02/02 00:27:40 INFO storage.ShuffleBlockFetcherIterator: Started 4 remote fetches in 1 ms
17/02/02 00:27:40 INFO executor.Executor: Running task 1178.0 in stage 364.0 (TID 67392)
17/02/02 00:27:40 INFO storage.ShuffleBlockFetcherIterator: Getting 93 non-empty blocks out of 1920 blocks
17/02/02 00:27:40 INFO storage.ShuffleBlockFetcherIterator: Started 4 remote fetches in 1 ms
