17/02/02 00:01:59 INFO storage.ShuffleBlockFetcherIterator: Getting 247 non-empty blocks out of 450 blocks
17/02/02 00:01:59 INFO storage.ShuffleBlockFetcherIterator: Started 5 remote fetches in 1 ms
17/02/02 00:02:00 INFO python.PythonRunner: Times: total = 395, boot = -436, init = 437, finish = 394
17/02/02 00:02:00 INFO python.PythonRunner: Times: total = 409, boot = -471, init = 473, finish = 407
17/02/02 00:02:00 INFO python.PythonRunner: Times: total = 413, boot = -498, init = 499, finish = 412
17/02/02 00:02:00 INFO python.PythonRunner: Times: total = 422, boot = -494, init = 495, finish = 421
17/02/02 00:02:00 INFO python.PythonRunner: Times: total = 415, boot = -560, init = 561, finish = 414
17/02/02 00:02:00 INFO python.PythonRunner: Times: total = 60, boot = -405, init = 406, finish = 59
17/02/02 00:02:00 INFO python.PythonRunner: Times: total = 462, boot = -578, init = 579, finish = 461
17/02/02 00:02:00 INFO python.PythonRunner: Times: total = 83, boot = -397, init = 398, finish = 82
17/02/02 00:02:00 INFO executor.Executor: Finished task 55.0 in stage 301.0 (TID 51545). 1928 bytes result sent to driver
17/02/02 00:02:00 INFO executor.CoarseGrainedExecutorBackend: Got assigned task 51564
17/02/02 00:02:00 INFO executor.Executor: Running task 76.0 in stage 301.0 (TID 51564)
17/02/02 00:02:00 INFO storage.ShuffleBlockFetcherIterator: Getting 247 non-empty blocks out of 450 blocks
17/02/02 00:02:00 INFO storage.ShuffleBlockFetcherIterator: Started 6 remote fetches in 1 ms
17/02/02 00:02:00 INFO python.PythonRunner: Times: total = 75, boot = -417, init = 418, finish = 74
17/02/02 00:02:00 INFO executor.Executor: Finished task 53.0 in stage 301.0 (TID 51544). 1928 bytes result sent to driver
17/02/02 00:02:00 INFO python.PythonRunner: Times: total = 85, boot = -413, init = 414, finish = 84
17/02/02 00:02:00 INFO executor.CoarseGrainedExecutorBackend: Got assigned task 51565
17/02/02 00:02:00 INFO executor.Executor: Running task 78.0 in stage 301.0 (TID 51565)
17/02/02 00:02:00 INFO storage.ShuffleBlockFetcherIterator: Getting 247 non-empty blocks out of 450 blocks
17/02/02 00:02:00 INFO storage.ShuffleBlockFetcherIterator: Started 5 remote fetches in 1 ms
17/02/02 00:02:00 INFO python.PythonRunner: Times: total = 99, boot = -411, init = 412, finish = 98
17/02/02 00:02:00 INFO executor.Executor: Finished task 56.0 in stage 301.0 (TID 51546). 1928 bytes result sent to driver
17/02/02 00:02:00 INFO executor.Executor: Finished task 61.0 in stage 301.0 (TID 51548). 1928 bytes result sent to driver
17/02/02 00:02:00 INFO executor.CoarseGrainedExecutorBackend: Got assigned task 51566
17/02/02 00:02:00 INFO executor.Executor: Running task 79.0 in stage 301.0 (TID 51566)
17/02/02 00:02:00 INFO executor.CoarseGrainedExecutorBackend: Got assigned task 51567
17/02/02 00:02:00 INFO storage.ShuffleBlockFetcherIterator: Getting 247 non-empty blocks out of 450 blocks
17/02/02 00:02:00 INFO executor.Executor: Running task 80.0 in stage 301.0 (TID 51567)
17/02/02 00:02:00 INFO storage.ShuffleBlockFetcherIterator: Started 5 remote fetches in 0 ms
17/02/02 00:02:00 INFO storage.ShuffleBlockFetcherIterator: Getting 247 non-empty blocks out of 450 blocks
17/02/02 00:02:00 INFO storage.ShuffleBlockFetcherIterator: Started 5 remote fetches in 0 ms
17/02/02 00:02:00 INFO python.PythonRunner: Times: total = 81, boot = -440, init = 441, finish = 80
17/02/02 00:02:00 INFO executor.Executor: Finished task 65.0 in stage 301.0 (TID 51550). 1928 bytes result sent to driver
17/02/02 00:02:00 INFO executor.CoarseGrainedExecutorBackend: Got assigned task 51569
17/02/02 00:02:00 INFO executor.Executor: Running task 82.0 in stage 301.0 (TID 51569)
17/02/02 00:02:00 INFO storage.ShuffleBlockFetcherIterator: Getting 247 non-empty blocks out of 450 blocks
17/02/02 00:02:00 INFO storage.ShuffleBlockFetcherIterator: Started 6 remote fetches in 1 ms
17/02/02 00:02:00 INFO executor.Executor: Finished task 52.0 in stage 301.0 (TID 51542). 1928 bytes result sent to driver
17/02/02 00:02:00 INFO executor.CoarseGrainedExecutorBackend: Got assigned task 51571
17/02/02 00:02:00 INFO executor.Executor: Running task 83.0 in stage 301.0 (TID 51571)
17/02/02 00:02:00 INFO storage.ShuffleBlockFetcherIterator: Getting 247 non-empty blocks out of 450 blocks
17/02/02 00:02:00 INFO storage.ShuffleBlockFetcherIterator: Started 5 remote fetches in 2 ms
17/02/02 00:02:00 INFO python.PythonRunner: Times: total = 351, boot = -67, init = 68, finish = 350
17/02/02 00:02:00 INFO python.PythonRunner: Times: total = 328, boot = -90, init = 91, finish = 327
17/02/02 00:02:00 INFO python.PythonRunner: Times: total = 406, boot = -47, init = 49, finish = 404
17/02/02 00:02:00 INFO python.PythonRunner: Times: total = 400, boot = -59, init = 60, finish = 399
17/02/02 00:02:00 INFO python.PythonRunner: Times: total = 395, boot = -70, init = 71, finish = 394
17/02/02 00:02:00 INFO python.PythonRunner: Times: total = 343, boot = -96, init = 97, finish = 342
17/02/02 00:02:00 INFO python.PythonRunner: Times: total = 85, boot = -366, init = 367, finish = 84
17/02/02 00:02:00 INFO python.PythonRunner: Times: total = 97, boot = -369, init = 371, finish = 95
17/02/02 00:02:00 INFO python.PythonRunner: Times: total = 52, boot = -361, init = 362, finish = 51
17/02/02 00:02:00 INFO python.PythonRunner: Times: total = 95, boot = -347, init = 348, finish = 94
17/02/02 00:02:00 INFO executor.Executor: Finished task 82.0 in stage 301.0 (TID 51569). 1928 bytes result sent to driver
17/02/02 00:02:00 INFO executor.CoarseGrainedExecutorBackend: Got assigned task 51577
17/02/02 00:02:00 INFO executor.Executor: Running task 93.0 in stage 301.0 (TID 51577)
17/02/02 00:02:00 INFO storage.ShuffleBlockFetcherIterator: Getting 247 non-empty blocks out of 450 blocks
17/02/02 00:02:00 INFO python.PythonRunner: Times: total = 80, boot = -360, init = 361, finish = 79
17/02/02 00:02:00 INFO storage.ShuffleBlockFetcherIterator: Started 6 remote fetches in 1 ms
17/02/02 00:02:00 INFO executor.Executor: Finished task 80.0 in stage 301.0 (TID 51567). 1928 bytes result sent to driver
17/02/02 00:02:00 INFO executor.CoarseGrainedExecutorBackend: Got assigned task 51578
17/02/02 00:02:00 INFO executor.Executor: Running task 94.0 in stage 301.0 (TID 51578)
17/02/02 00:02:00 INFO storage.ShuffleBlockFetcherIterator: Getting 247 non-empty blocks out of 450 blocks
17/02/02 00:02:00 INFO executor.Executor: Finished task 76.0 in stage 301.0 (TID 51564). 1928 bytes result sent to driver
17/02/02 00:02:00 INFO executor.Executor: Finished task 79.0 in stage 301.0 (TID 51566). 1928 bytes result sent to driver
17/02/02 00:02:00 INFO storage.ShuffleBlockFetcherIterator: Started 5 remote fetches in 1 ms
17/02/02 00:02:00 INFO python.PythonRunner: Times: total = 108, boot = -347, init = 348, finish = 107
17/02/02 00:02:00 INFO executor.CoarseGrainedExecutorBackend: Got assigned task 51580
17/02/02 00:02:00 INFO executor.Executor: Running task 96.0 in stage 301.0 (TID 51580)
17/02/02 00:02:00 INFO executor.CoarseGrainedExecutorBackend: Got assigned task 51581
17/02/02 00:02:00 INFO executor.Executor: Running task 97.0 in stage 301.0 (TID 51581)
17/02/02 00:02:00 INFO storage.ShuffleBlockFetcherIterator: Getting 247 non-empty blocks out of 450 blocks
17/02/02 00:02:00 INFO storage.ShuffleBlockFetcherIterator: Getting 247 non-empty blocks out of 450 blocks
17/02/02 00:02:00 INFO storage.ShuffleBlockFetcherIterator: Started 7 remote fetches in 1 ms
17/02/02 00:02:00 INFO storage.ShuffleBlockFetcherIterator: Started 5 remote fetches in 1 ms
17/02/02 00:02:00 INFO executor.Executor: Finished task 78.0 in stage 301.0 (TID 51565). 1928 bytes result sent to driver
17/02/02 00:02:00 INFO executor.CoarseGrainedExecutorBackend: Got assigned task 51582
17/02/02 00:02:00 INFO executor.Executor: Running task 98.0 in stage 301.0 (TID 51582)
17/02/02 00:02:00 INFO storage.ShuffleBlockFetcherIterator: Getting 247 non-empty blocks out of 450 blocks
17/02/02 00:02:00 INFO storage.ShuffleBlockFetcherIterator: Started 5 remote fetches in 1 ms
17/02/02 00:02:00 INFO executor.Executor: Finished task 83.0 in stage 301.0 (TID 51571). 1928 bytes result sent to driver
17/02/02 00:02:00 INFO executor.CoarseGrainedExecutorBackend: Got assigned task 51583
17/02/02 00:02:00 INFO executor.Executor: Running task 99.0 in stage 301.0 (TID 51583)
17/02/02 00:02:00 INFO storage.ShuffleBlockFetcherIterator: Getting 247 non-empty blocks out of 450 blocks
17/02/02 00:02:00 INFO storage.ShuffleBlockFetcherIterator: Started 7 remote fetches in 1 ms
17/02/02 00:02:00 INFO python.PythonRunner: Times: total = 387, boot = -65, init = 66, finish = 386
17/02/02 00:02:01 INFO python.PythonRunner: Times: total = 372, boot = -113, init = 113, finish = 372
17/02/02 00:02:01 INFO python.PythonRunner: Times: total = 385, boot = -86, init = 87, finish = 384
17/02/02 00:02:01 INFO python.PythonRunner: Times: total = 94, boot = -369, init = 370, finish = 93
17/02/02 00:02:01 INFO python.PythonRunner: Times: total = 419, boot = -114, init = 115, finish = 418
17/02/02 00:02:01 INFO python.PythonRunner: Times: total = 398, boot = -94, init = 95, finish = 397
17/02/02 00:02:01 INFO executor.Executor: Finished task 93.0 in stage 301.0 (TID 51577). 1928 bytes result sent to driver
17/02/02 00:02:01 INFO executor.CoarseGrainedExecutorBackend: Got assigned task 51598
17/02/02 00:02:01 INFO executor.Executor: Running task 108.0 in stage 301.0 (TID 51598)
17/02/02 00:02:01 INFO python.PythonRunner: Times: total = 428, boot = -87, init = 88, finish = 427
17/02/02 00:02:01 INFO storage.ShuffleBlockFetcherIterator: Getting 247 non-empty blocks out of 450 blocks
17/02/02 00:02:01 INFO storage.ShuffleBlockFetcherIterator: Started 5 remote fetches in 1 ms
17/02/02 00:02:01 INFO python.PythonRunner: Times: total = 81, boot = -392, init = 393, finish = 80
17/02/02 00:02:01 INFO executor.Executor: Finished task 97.0 in stage 301.0 (TID 51581). 1928 bytes result sent to driver
