17/02/02 00:02:11 INFO executor.Executor: Finished task 354.0 in stage 302.0 (TID 52293). 1928 bytes result sent to driver
17/02/02 00:02:11 INFO executor.CoarseGrainedExecutorBackend: Got assigned task 52304
17/02/02 00:02:11 INFO executor.Executor: Running task 368.0 in stage 302.0 (TID 52304)
17/02/02 00:02:11 INFO storage.ShuffleBlockFetcherIterator: Getting 45 non-empty blocks out of 480 blocks
17/02/02 00:02:11 INFO storage.ShuffleBlockFetcherIterator: Started 4 remote fetches in 0 ms
17/02/02 00:02:11 INFO executor.Executor: Finished task 349.0 in stage 302.0 (TID 52282). 1928 bytes result sent to driver
17/02/02 00:02:11 INFO executor.CoarseGrainedExecutorBackend: Got assigned task 52307
17/02/02 00:02:11 INFO executor.Executor: Running task 372.0 in stage 302.0 (TID 52307)
17/02/02 00:02:11 INFO python.PythonRunner: Times: total = 73, boot = -90, init = 92, finish = 71
17/02/02 00:02:11 INFO storage.ShuffleBlockFetcherIterator: Getting 45 non-empty blocks out of 480 blocks
17/02/02 00:02:11 INFO storage.ShuffleBlockFetcherIterator: Started 4 remote fetches in 0 ms
17/02/02 00:02:11 INFO python.PythonRunner: Times: total = 35, boot = -80, init = 81, finish = 34
17/02/02 00:02:11 INFO executor.Executor: Finished task 361.0 in stage 302.0 (TID 52299). 1928 bytes result sent to driver
17/02/02 00:02:11 INFO executor.CoarseGrainedExecutorBackend: Got assigned task 52312
17/02/02 00:02:11 INFO executor.Executor: Running task 378.0 in stage 302.0 (TID 52312)
17/02/02 00:02:11 INFO storage.ShuffleBlockFetcherIterator: Getting 45 non-empty blocks out of 480 blocks
17/02/02 00:02:11 INFO storage.ShuffleBlockFetcherIterator: Started 4 remote fetches in 1 ms
17/02/02 00:02:11 INFO executor.Executor: Finished task 353.0 in stage 302.0 (TID 52292). 1928 bytes result sent to driver
17/02/02 00:02:11 INFO executor.CoarseGrainedExecutorBackend: Got assigned task 52313
17/02/02 00:02:11 INFO executor.Executor: Running task 379.0 in stage 302.0 (TID 52313)
17/02/02 00:02:11 INFO storage.ShuffleBlockFetcherIterator: Getting 45 non-empty blocks out of 480 blocks
17/02/02 00:02:11 INFO storage.ShuffleBlockFetcherIterator: Started 4 remote fetches in 1 ms
17/02/02 00:02:11 INFO python.PythonRunner: Times: total = 76, boot = -95, init = 96, finish = 75
17/02/02 00:02:11 INFO python.PythonRunner: Times: total = 74, boot = -81, init = 83, finish = 72
17/02/02 00:02:11 INFO executor.Executor: Finished task 357.0 in stage 302.0 (TID 52296). 1928 bytes result sent to driver
17/02/02 00:02:11 INFO python.PythonRunner: Times: total = 69, boot = -74, init = 75, finish = 68
17/02/02 00:02:11 INFO executor.CoarseGrainedExecutorBackend: Got assigned task 52318
17/02/02 00:02:11 INFO executor.Executor: Running task 382.0 in stage 302.0 (TID 52318)
17/02/02 00:02:11 INFO python.PythonRunner: Times: total = 30, boot = -89, init = 90, finish = 29
17/02/02 00:02:11 INFO python.PythonRunner: Times: total = 63, boot = -71, init = 72, finish = 62
17/02/02 00:02:11 INFO storage.ShuffleBlockFetcherIterator: Getting 45 non-empty blocks out of 480 blocks
17/02/02 00:02:11 INFO storage.ShuffleBlockFetcherIterator: Started 4 remote fetches in 1 ms
17/02/02 00:02:11 INFO executor.Executor: Finished task 365.0 in stage 302.0 (TID 52301). 1928 bytes result sent to driver
17/02/02 00:02:11 INFO executor.CoarseGrainedExecutorBackend: Got assigned task 52321
17/02/02 00:02:11 INFO executor.Executor: Running task 384.0 in stage 302.0 (TID 52321)
17/02/02 00:02:11 INFO python.PythonRunner: Times: total = 49, boot = -95, init = 96, finish = 48
17/02/02 00:02:11 INFO storage.ShuffleBlockFetcherIterator: Getting 45 non-empty blocks out of 480 blocks
17/02/02 00:02:11 INFO storage.ShuffleBlockFetcherIterator: Started 4 remote fetches in 0 ms
17/02/02 00:02:11 INFO executor.Executor: Finished task 379.0 in stage 302.0 (TID 52313). 1928 bytes result sent to driver
17/02/02 00:02:11 INFO executor.Executor: Finished task 368.0 in stage 302.0 (TID 52304). 1928 bytes result sent to driver
17/02/02 00:02:11 INFO executor.Executor: Finished task 372.0 in stage 302.0 (TID 52307). 1928 bytes result sent to driver
17/02/02 00:02:11 INFO executor.CoarseGrainedExecutorBackend: Got assigned task 52326
17/02/02 00:02:11 INFO executor.Executor: Running task 387.0 in stage 302.0 (TID 52326)
17/02/02 00:02:11 INFO executor.CoarseGrainedExecutorBackend: Got assigned task 52327
17/02/02 00:02:11 INFO executor.Executor: Running task 391.0 in stage 302.0 (TID 52327)
17/02/02 00:02:11 INFO executor.CoarseGrainedExecutorBackend: Got assigned task 52328
17/02/02 00:02:11 INFO executor.Executor: Running task 394.0 in stage 302.0 (TID 52328)
17/02/02 00:02:11 INFO storage.ShuffleBlockFetcherIterator: Getting 45 non-empty blocks out of 480 blocks
17/02/02 00:02:11 INFO storage.ShuffleBlockFetcherIterator: Getting 45 non-empty blocks out of 480 blocks
17/02/02 00:02:11 INFO storage.ShuffleBlockFetcherIterator: Started 4 remote fetches in 0 ms
17/02/02 00:02:11 INFO storage.ShuffleBlockFetcherIterator: Getting 45 non-empty blocks out of 480 blocks
17/02/02 00:02:11 INFO storage.ShuffleBlockFetcherIterator: Started 4 remote fetches in 0 ms
17/02/02 00:02:11 INFO storage.ShuffleBlockFetcherIterator: Started 4 remote fetches in 0 ms
17/02/02 00:02:11 INFO executor.Executor: Finished task 378.0 in stage 302.0 (TID 52312). 1928 bytes result sent to driver
17/02/02 00:02:11 INFO executor.CoarseGrainedExecutorBackend: Got assigned task 52331
17/02/02 00:02:11 INFO executor.Executor: Running task 396.0 in stage 302.0 (TID 52331)
17/02/02 00:02:11 INFO storage.ShuffleBlockFetcherIterator: Getting 45 non-empty blocks out of 480 blocks
17/02/02 00:02:11 INFO storage.ShuffleBlockFetcherIterator: Started 4 remote fetches in 1 ms
17/02/02 00:02:11 INFO python.PythonRunner: Times: total = 43, boot = -93, init = 95, finish = 41
17/02/02 00:02:11 INFO python.PythonRunner: Times: total = 36, boot = -107, init = 108, finish = 35
17/02/02 00:02:11 INFO executor.Executor: Finished task 382.0 in stage 302.0 (TID 52318). 1928 bytes result sent to driver
17/02/02 00:02:11 INFO executor.Executor: Finished task 384.0 in stage 302.0 (TID 52321). 1928 bytes result sent to driver
17/02/02 00:02:11 INFO executor.CoarseGrainedExecutorBackend: Got assigned task 52337
17/02/02 00:02:11 INFO executor.Executor: Running task 402.0 in stage 302.0 (TID 52337)
17/02/02 00:02:11 INFO storage.ShuffleBlockFetcherIterator: Getting 45 non-empty blocks out of 480 blocks
17/02/02 00:02:11 INFO executor.CoarseGrainedExecutorBackend: Got assigned task 52338
17/02/02 00:02:11 INFO executor.Executor: Running task 403.0 in stage 302.0 (TID 52338)
17/02/02 00:02:11 INFO storage.ShuffleBlockFetcherIterator: Started 4 remote fetches in 0 ms
17/02/02 00:02:11 INFO storage.ShuffleBlockFetcherIterator: Getting 45 non-empty blocks out of 480 blocks
17/02/02 00:02:11 INFO storage.ShuffleBlockFetcherIterator: Started 4 remote fetches in 0 ms
17/02/02 00:02:11 INFO python.PythonRunner: Times: total = 85, boot = -68, init = 69, finish = 84
17/02/02 00:02:11 INFO python.PythonRunner: Times: total = 94, boot = -81, init = 82, finish = 93
17/02/02 00:02:11 INFO python.PythonRunner: Times: total = 94, boot = -94, init = 95, finish = 93
17/02/02 00:02:11 INFO executor.Executor: Finished task 394.0 in stage 302.0 (TID 52328). 1928 bytes result sent to driver
17/02/02 00:02:11 INFO executor.CoarseGrainedExecutorBackend: Got assigned task 52353
17/02/02 00:02:11 INFO executor.Executor: Running task 415.0 in stage 302.0 (TID 52353)
17/02/02 00:02:11 INFO storage.ShuffleBlockFetcherIterator: Getting 45 non-empty blocks out of 480 blocks
17/02/02 00:02:11 INFO python.PythonRunner: Times: total = 63, boot = -67, init = 69, finish = 61
17/02/02 00:02:11 INFO storage.ShuffleBlockFetcherIterator: Started 4 remote fetches in 0 ms
17/02/02 00:02:11 INFO python.PythonRunner: Times: total = 84, boot = -86, init = 87, finish = 83
17/02/02 00:02:11 INFO executor.Executor: Finished task 387.0 in stage 302.0 (TID 52326). 1928 bytes result sent to driver
17/02/02 00:02:11 INFO python.PythonRunner: Times: total = 77, boot = -58, init = 59, finish = 76
17/02/02 00:02:11 INFO executor.CoarseGrainedExecutorBackend: Got assigned task 52358
17/02/02 00:02:11 INFO executor.Executor: Running task 421.0 in stage 302.0 (TID 52358)
17/02/02 00:02:11 INFO storage.ShuffleBlockFetcherIterator: Getting 45 non-empty blocks out of 480 blocks
17/02/02 00:02:11 INFO storage.ShuffleBlockFetcherIterator: Started 4 remote fetches in 0 ms
17/02/02 00:02:11 INFO executor.Executor: Finished task 391.0 in stage 302.0 (TID 52327). 1928 bytes result sent to driver
17/02/02 00:02:11 INFO executor.CoarseGrainedExecutorBackend: Got assigned task 52360
17/02/02 00:02:11 INFO executor.Executor: Running task 423.0 in stage 302.0 (TID 52360)
17/02/02 00:02:11 INFO storage.ShuffleBlockFetcherIterator: Getting 45 non-empty blocks out of 480 blocks
17/02/02 00:02:11 INFO storage.ShuffleBlockFetcherIterator: Started 3 remote fetches in 0 ms
17/02/02 00:02:11 INFO executor.Executor: Finished task 402.0 in stage 302.0 (TID 52337). 1928 bytes result sent to driver
17/02/02 00:02:11 INFO executor.CoarseGrainedExecutorBackend: Got assigned task 52362
17/02/02 00:02:11 INFO executor.Executor: Running task 426.0 in stage 302.0 (TID 52362)
17/02/02 00:02:11 INFO storage.ShuffleBlockFetcherIterator: Getting 45 non-empty blocks out of 480 blocks
17/02/02 00:02:11 INFO storage.ShuffleBlockFetcherIterator: Started 4 remote fetches in 0 ms
17/02/02 00:02:11 INFO executor.Executor: Finished task 396.0 in stage 302.0 (TID 52331). 1928 bytes result sent to driver
17/02/02 00:02:11 INFO executor.CoarseGrainedExecutorBackend: Got assigned task 52364
17/02/02 00:02:11 INFO executor.Executor: Running task 427.0 in stage 302.0 (TID 52364)
17/02/02 00:02:11 INFO executor.Executor: Finished task 403.0 in stage 302.0 (TID 52338). 1928 bytes result sent to driver
