17/02/02 00:14:44 INFO executor.Executor: Finished task 641.0 in stage 331.0 (TID 58278). 1344 bytes result sent to driver
17/02/02 00:14:44 INFO executor.CoarseGrainedExecutorBackend: Got assigned task 58293
17/02/02 00:14:44 INFO executor.Executor: Running task 659.0 in stage 331.0 (TID 58293)
17/02/02 00:14:44 INFO python.PythonRunner: Times: total = 61, boot = -7, init = 8, finish = 60
17/02/02 00:14:44 INFO storage.ShuffleBlockFetcherIterator: Getting 207 non-empty blocks out of 960 blocks
17/02/02 00:14:44 INFO executor.Executor: Finished task 618.0 in stage 331.0 (TID 58254). 1344 bytes result sent to driver
17/02/02 00:14:44 INFO storage.ShuffleBlockFetcherIterator: Started 3 remote fetches in 1 ms
17/02/02 00:14:44 INFO python.PythonRunner: Times: total = 20, boot = -10, init = 11, finish = 19
17/02/02 00:14:44 INFO executor.Executor: Finished task 646.0 in stage 331.0 (TID 58282). 1344 bytes result sent to driver
17/02/02 00:14:44 INFO executor.CoarseGrainedExecutorBackend: Got assigned task 58295
17/02/02 00:14:44 INFO executor.Executor: Running task 661.0 in stage 331.0 (TID 58295)
17/02/02 00:14:44 INFO executor.CoarseGrainedExecutorBackend: Got assigned task 58296
17/02/02 00:14:44 INFO executor.Executor: Running task 662.0 in stage 331.0 (TID 58296)
17/02/02 00:14:44 INFO storage.ShuffleBlockFetcherIterator: Getting 207 non-empty blocks out of 960 blocks
17/02/02 00:14:44 INFO storage.ShuffleBlockFetcherIterator: Getting 206 non-empty blocks out of 960 blocks
17/02/02 00:14:44 INFO storage.ShuffleBlockFetcherIterator: Started 3 remote fetches in 0 ms
17/02/02 00:14:44 INFO storage.ShuffleBlockFetcherIterator: Started 3 remote fetches in 0 ms
17/02/02 00:14:44 INFO python.PythonRunner: Times: total = 21, boot = -13, init = 14, finish = 20
17/02/02 00:14:44 INFO executor.Executor: Finished task 647.0 in stage 331.0 (TID 58283). 1344 bytes result sent to driver
17/02/02 00:14:44 INFO executor.CoarseGrainedExecutorBackend: Got assigned task 58300
17/02/02 00:14:44 INFO executor.Executor: Running task 666.0 in stage 331.0 (TID 58300)
17/02/02 00:14:44 INFO python.PythonRunner: Times: total = 19, boot = -13, init = 14, finish = 18
17/02/02 00:14:44 INFO executor.Executor: Finished task 649.0 in stage 331.0 (TID 58285). 1344 bytes result sent to driver
17/02/02 00:14:44 INFO storage.ShuffleBlockFetcherIterator: Getting 203 non-empty blocks out of 960 blocks
17/02/02 00:14:44 INFO storage.ShuffleBlockFetcherIterator: Started 3 remote fetches in 0 ms
17/02/02 00:14:44 INFO executor.CoarseGrainedExecutorBackend: Got assigned task 58303
17/02/02 00:14:44 INFO executor.Executor: Running task 668.0 in stage 331.0 (TID 58303)
17/02/02 00:14:44 INFO storage.ShuffleBlockFetcherIterator: Getting 206 non-empty blocks out of 960 blocks
17/02/02 00:14:44 INFO storage.ShuffleBlockFetcherIterator: Started 3 remote fetches in 0 ms
17/02/02 00:14:44 INFO python.PythonRunner: Times: total = 16, boot = -26, init = 27, finish = 15
17/02/02 00:14:44 INFO executor.Executor: Finished task 659.0 in stage 331.0 (TID 58293). 1344 bytes result sent to driver
17/02/02 00:14:44 INFO executor.CoarseGrainedExecutorBackend: Got assigned task 58308
17/02/02 00:14:44 INFO executor.Executor: Running task 672.0 in stage 331.0 (TID 58308)
17/02/02 00:14:44 INFO storage.ShuffleBlockFetcherIterator: Getting 197 non-empty blocks out of 960 blocks
17/02/02 00:14:44 INFO storage.ShuffleBlockFetcherIterator: Started 3 remote fetches in 0 ms
17/02/02 00:14:44 INFO python.PythonRunner: Times: total = 17, boot = -11, init = 12, finish = 16
17/02/02 00:14:44 INFO executor.Executor: Finished task 661.0 in stage 331.0 (TID 58295). 1344 bytes result sent to driver
17/02/02 00:14:44 INFO executor.CoarseGrainedExecutorBackend: Got assigned task 58314
17/02/02 00:14:44 INFO executor.Executor: Running task 679.0 in stage 331.0 (TID 58314)
17/02/02 00:14:44 INFO storage.ShuffleBlockFetcherIterator: Getting 203 non-empty blocks out of 960 blocks
17/02/02 00:14:44 INFO storage.ShuffleBlockFetcherIterator: Started 3 remote fetches in 1 ms
17/02/02 00:14:44 INFO python.PythonRunner: Times: total = 21, boot = -9, init = 10, finish = 20
17/02/02 00:14:44 INFO executor.Executor: Finished task 662.0 in stage 331.0 (TID 58296). 1344 bytes result sent to driver
17/02/02 00:14:44 INFO executor.CoarseGrainedExecutorBackend: Got assigned task 58317
17/02/02 00:14:44 INFO executor.Executor: Running task 681.0 in stage 331.0 (TID 58317)
17/02/02 00:14:44 INFO python.PythonRunner: Times: total = 58, boot = -9, init = 10, finish = 57
17/02/02 00:14:44 INFO executor.Executor: Finished task 639.0 in stage 331.0 (TID 58276). 1344 bytes result sent to driver
17/02/02 00:14:44 INFO storage.ShuffleBlockFetcherIterator: Getting 206 non-empty blocks out of 960 blocks
17/02/02 00:14:44 INFO storage.ShuffleBlockFetcherIterator: Started 3 remote fetches in 1 ms
17/02/02 00:14:44 INFO python.PythonRunner: Times: total = 19, boot = -13, init = 14, finish = 18
17/02/02 00:14:44 INFO executor.CoarseGrainedExecutorBackend: Got assigned task 58318
17/02/02 00:14:44 INFO executor.Executor: Running task 682.0 in stage 331.0 (TID 58318)
17/02/02 00:14:44 INFO executor.Executor: Finished task 666.0 in stage 331.0 (TID 58300). 1344 bytes result sent to driver
17/02/02 00:14:44 INFO executor.CoarseGrainedExecutorBackend: Got assigned task 58319
17/02/02 00:14:44 INFO executor.Executor: Running task 683.0 in stage 331.0 (TID 58319)
17/02/02 00:14:44 INFO storage.ShuffleBlockFetcherIterator: Getting 209 non-empty blocks out of 960 blocks
17/02/02 00:14:44 INFO storage.ShuffleBlockFetcherIterator: Started 3 remote fetches in 1 ms
17/02/02 00:14:44 INFO storage.ShuffleBlockFetcherIterator: Getting 203 non-empty blocks out of 960 blocks
17/02/02 00:14:44 INFO python.PythonRunner: Times: total = 21, boot = -14, init = 15, finish = 20
17/02/02 00:14:44 INFO executor.Executor: Finished task 668.0 in stage 331.0 (TID 58303). 1344 bytes result sent to driver
17/02/02 00:14:44 INFO storage.ShuffleBlockFetcherIterator: Started 3 remote fetches in 1 ms
17/02/02 00:14:44 INFO executor.CoarseGrainedExecutorBackend: Got assigned task 58324
17/02/02 00:14:44 INFO executor.Executor: Running task 687.0 in stage 331.0 (TID 58324)
17/02/02 00:14:44 INFO storage.ShuffleBlockFetcherIterator: Getting 207 non-empty blocks out of 960 blocks
17/02/02 00:14:44 INFO storage.ShuffleBlockFetcherIterator: Started 3 remote fetches in 0 ms
17/02/02 00:14:44 INFO python.PythonRunner: Times: total = 15, boot = -16, init = 17, finish = 14
17/02/02 00:14:44 INFO executor.Executor: Finished task 672.0 in stage 331.0 (TID 58308). 1344 bytes result sent to driver
17/02/02 00:14:44 INFO executor.CoarseGrainedExecutorBackend: Got assigned task 58328
17/02/02 00:14:44 INFO executor.Executor: Running task 689.0 in stage 331.0 (TID 58328)
17/02/02 00:14:44 INFO storage.ShuffleBlockFetcherIterator: Getting 214 non-empty blocks out of 960 blocks
17/02/02 00:14:44 INFO storage.ShuffleBlockFetcherIterator: Started 3 remote fetches in 1 ms
17/02/02 00:14:44 INFO python.PythonRunner: Times: total = 23, boot = 0, init = 2, finish = 21
17/02/02 00:14:44 INFO executor.Executor: Finished task 681.0 in stage 331.0 (TID 58317). 1344 bytes result sent to driver
17/02/02 00:14:44 INFO executor.CoarseGrainedExecutorBackend: Got assigned task 58335
17/02/02 00:14:44 INFO executor.Executor: Running task 695.0 in stage 331.0 (TID 58335)
17/02/02 00:14:44 INFO storage.ShuffleBlockFetcherIterator: Getting 208 non-empty blocks out of 960 blocks
17/02/02 00:14:44 INFO storage.ShuffleBlockFetcherIterator: Started 3 remote fetches in 0 ms
17/02/02 00:14:44 INFO python.PythonRunner: Times: total = 26, boot = -5, init = 7, finish = 24
17/02/02 00:14:44 INFO executor.Executor: Finished task 683.0 in stage 331.0 (TID 58319). 1344 bytes result sent to driver
17/02/02 00:14:44 INFO executor.CoarseGrainedExecutorBackend: Got assigned task 58340
17/02/02 00:14:44 INFO executor.Executor: Running task 699.0 in stage 331.0 (TID 58340)
17/02/02 00:14:44 INFO storage.ShuffleBlockFetcherIterator: Getting 205 non-empty blocks out of 960 blocks
17/02/02 00:14:44 INFO storage.ShuffleBlockFetcherIterator: Started 3 remote fetches in 1 ms
17/02/02 00:14:44 INFO python.PythonRunner: Times: total = 28, boot = -8, init = 9, finish = 27
17/02/02 00:14:44 INFO executor.Executor: Finished task 687.0 in stage 331.0 (TID 58324). 1344 bytes result sent to driver
17/02/02 00:14:44 INFO executor.CoarseGrainedExecutorBackend: Got assigned task 58343
17/02/02 00:14:44 INFO executor.Executor: Running task 702.0 in stage 331.0 (TID 58343)
17/02/02 00:14:44 INFO storage.ShuffleBlockFetcherIterator: Getting 208 non-empty blocks out of 960 blocks
17/02/02 00:14:44 INFO storage.ShuffleBlockFetcherIterator: Started 3 remote fetches in 1 ms
17/02/02 00:14:44 INFO python.PythonRunner: Times: total = 30, boot = -2, init = 3, finish = 29
17/02/02 00:14:44 INFO executor.Executor: Finished task 689.0 in stage 331.0 (TID 58328). 1344 bytes result sent to driver
17/02/02 00:14:44 INFO executor.CoarseGrainedExecutorBackend: Got assigned task 58348
17/02/02 00:14:44 INFO executor.Executor: Running task 713.0 in stage 331.0 (TID 58348)
17/02/02 00:14:44 INFO storage.ShuffleBlockFetcherIterator: Getting 209 non-empty blocks out of 960 blocks
17/02/02 00:14:44 INFO storage.ShuffleBlockFetcherIterator: Started 3 remote fetches in 0 ms
17/02/02 00:14:44 INFO python.PythonRunner: Times: total = 18, boot = -12, init = 13, finish = 17
17/02/02 00:14:44 INFO executor.Executor: Finished task 695.0 in stage 331.0 (TID 58335). 1344 bytes result sent to driver
17/02/02 00:14:44 INFO executor.CoarseGrainedExecutorBackend: Got assigned task 58352
17/02/02 00:14:44 INFO executor.Executor: Running task 717.0 in stage 331.0 (TID 58352)
17/02/02 00:14:44 INFO storage.ShuffleBlockFetcherIterator: Getting 204 non-empty blocks out of 960 blocks
