17/02/02 00:26:00 INFO storage.ShuffleBlockFetcherIterator: Started 4 remote fetches in 1 ms
17/02/02 00:26:00 INFO executor.Executor: Finished task 904.0 in stage 345.0 (TID 60460). 2410 bytes result sent to driver
17/02/02 00:26:00 INFO executor.CoarseGrainedExecutorBackend: Got assigned task 60486
17/02/02 00:26:00 INFO executor.Executor: Running task 931.0 in stage 345.0 (TID 60486)
17/02/02 00:26:00 INFO storage.ShuffleBlockFetcherIterator: Getting 61 non-empty blocks out of 960 blocks
17/02/02 00:26:00 INFO storage.ShuffleBlockFetcherIterator: Started 4 remote fetches in 0 ms
17/02/02 00:26:00 INFO python.PythonRunner: Times: total = 172, boot = -504, init = 505, finish = 171
17/02/02 00:26:00 INFO python.PythonRunner: Times: total = 218, boot = -479, init = 480, finish = 217
17/02/02 00:26:00 INFO python.PythonRunner: Times: total = 194, boot = -300, init = 301, finish = 193
17/02/02 00:26:00 INFO python.PythonRunner: Times: total = 185, boot = -206, init = 207, finish = 184
17/02/02 00:26:00 INFO python.PythonRunner: Times: total = 260, boot = -304, init = 305, finish = 259
17/02/02 00:26:00 INFO executor.Executor: Finished task 921.0 in stage 345.0 (TID 60475). 2410 bytes result sent to driver
17/02/02 00:26:00 INFO executor.CoarseGrainedExecutorBackend: Got assigned task 60495
17/02/02 00:26:00 INFO executor.Executor: Running task 940.0 in stage 345.0 (TID 60495)
17/02/02 00:26:00 INFO storage.ShuffleBlockFetcherIterator: Getting 61 non-empty blocks out of 960 blocks
17/02/02 00:26:00 INFO storage.ShuffleBlockFetcherIterator: Started 4 remote fetches in 0 ms
17/02/02 00:26:00 INFO executor.Executor: Finished task 923.0 in stage 345.0 (TID 60476). 2410 bytes result sent to driver
17/02/02 00:26:00 INFO executor.CoarseGrainedExecutorBackend: Got assigned task 60496
17/02/02 00:26:00 INFO executor.Executor: Running task 945.0 in stage 345.0 (TID 60496)
17/02/02 00:26:00 INFO storage.ShuffleBlockFetcherIterator: Getting 61 non-empty blocks out of 960 blocks
17/02/02 00:26:00 INFO storage.ShuffleBlockFetcherIterator: Started 4 remote fetches in 0 ms
17/02/02 00:26:00 INFO executor.Executor: Finished task 926.0 in stage 345.0 (TID 60478). 2410 bytes result sent to driver
17/02/02 00:26:00 INFO executor.CoarseGrainedExecutorBackend: Got assigned task 60501
17/02/02 00:26:00 INFO executor.Executor: Running task 948.0 in stage 345.0 (TID 60501)
17/02/02 00:26:00 INFO storage.ShuffleBlockFetcherIterator: Getting 61 non-empty blocks out of 960 blocks
17/02/02 00:26:00 INFO storage.ShuffleBlockFetcherIterator: Started 4 remote fetches in 1 ms
17/02/02 00:26:00 INFO executor.Executor: Finished task 927.0 in stage 345.0 (TID 60481). 2410 bytes result sent to driver
17/02/02 00:26:00 INFO executor.CoarseGrainedExecutorBackend: Got assigned task 60503
17/02/02 00:26:00 INFO executor.Executor: Running task 949.0 in stage 345.0 (TID 60503)
17/02/02 00:26:00 INFO storage.ShuffleBlockFetcherIterator: Getting 61 non-empty blocks out of 960 blocks
17/02/02 00:26:00 INFO storage.ShuffleBlockFetcherIterator: Started 4 remote fetches in 1 ms
17/02/02 00:26:00 INFO python.PythonRunner: Times: total = 287, boot = -236, init = 237, finish = 286
17/02/02 00:26:00 INFO executor.Executor: Finished task 925.0 in stage 345.0 (TID 60477). 2410 bytes result sent to driver
17/02/02 00:26:00 INFO executor.CoarseGrainedExecutorBackend: Got assigned task 60505
17/02/02 00:26:00 INFO executor.Executor: Running task 950.0 in stage 345.0 (TID 60505)
17/02/02 00:26:00 INFO storage.ShuffleBlockFetcherIterator: Getting 61 non-empty blocks out of 960 blocks
17/02/02 00:26:00 INFO storage.ShuffleBlockFetcherIterator: Started 4 remote fetches in 1 ms
17/02/02 00:26:00 INFO python.PythonRunner: Times: total = 200, boot = -301, init = 302, finish = 199
17/02/02 00:26:01 INFO executor.Executor: Finished task 931.0 in stage 345.0 (TID 60486). 2410 bytes result sent to driver
17/02/02 00:26:01 INFO executor.CoarseGrainedExecutorBackend: Got assigned task 60512
17/02/02 00:26:01 INFO executor.Executor: Running task 957.0 in stage 345.0 (TID 60512)
17/02/02 00:26:01 INFO storage.ShuffleBlockFetcherIterator: Getting 61 non-empty blocks out of 960 blocks
17/02/02 00:26:01 INFO storage.ShuffleBlockFetcherIterator: Started 4 remote fetches in 1 ms
17/02/02 00:26:01 INFO python.PythonRunner: Times: total = 212, boot = -145, init = 146, finish = 211
17/02/02 00:26:01 INFO python.PythonRunner: Times: total = 325, boot = -416, init = 417, finish = 324
17/02/02 00:26:01 INFO executor.Executor: Finished task 945.0 in stage 345.0 (TID 60496). 2410 bytes result sent to driver
17/02/02 00:26:01 INFO python.PythonRunner: Times: total = 376, boot = -180, init = 181, finish = 375
17/02/02 00:26:01 INFO executor.Executor: Finished task 949.0 in stage 345.0 (TID 60503). 2410 bytes result sent to driver
17/02/02 00:26:01 INFO python.PythonRunner: Times: total = 337, boot = -177, init = 179, finish = 335
17/02/02 00:26:01 INFO executor.Executor: Finished task 940.0 in stage 345.0 (TID 60495). 2410 bytes result sent to driver
17/02/02 00:26:01 INFO executor.Executor: Finished task 948.0 in stage 345.0 (TID 60501). 2410 bytes result sent to driver
17/02/02 00:26:01 INFO executor.Executor: Finished task 950.0 in stage 345.0 (TID 60505). 2410 bytes result sent to driver
17/02/02 00:26:01 INFO python.PythonRunner: Times: total = 318, boot = -336, init = 337, finish = 317
17/02/02 00:26:01 INFO executor.Executor: Finished task 957.0 in stage 345.0 (TID 60512). 2410 bytes result sent to driver
17/02/02 00:26:02 INFO executor.CoarseGrainedExecutorBackend: Got assigned task 60514
17/02/02 00:26:02 INFO executor.CoarseGrainedExecutorBackend: Got assigned task 60518
17/02/02 00:26:02 INFO executor.Executor: Running task 0.0 in stage 346.0 (TID 60514)
17/02/02 00:26:02 INFO executor.Executor: Running task 4.0 in stage 346.0 (TID 60518)
17/02/02 00:26:02 INFO executor.CoarseGrainedExecutorBackend: Got assigned task 60522
17/02/02 00:26:02 INFO executor.Executor: Running task 8.0 in stage 346.0 (TID 60522)
17/02/02 00:26:02 INFO executor.CoarseGrainedExecutorBackend: Got assigned task 60526
17/02/02 00:26:02 INFO executor.Executor: Running task 12.0 in stage 346.0 (TID 60526)
17/02/02 00:26:02 INFO spark.MapOutputTrackerWorker: Updating epoch to 98 and clearing cache
17/02/02 00:26:02 INFO executor.CoarseGrainedExecutorBackend: Got assigned task 60530
17/02/02 00:26:02 INFO executor.CoarseGrainedExecutorBackend: Got assigned task 60534
17/02/02 00:26:02 INFO executor.Executor: Running task 16.0 in stage 346.0 (TID 60530)
17/02/02 00:26:02 INFO executor.Executor: Running task 20.0 in stage 346.0 (TID 60534)
17/02/02 00:26:02 INFO broadcast.TorrentBroadcast: Started reading broadcast variable 108
17/02/02 00:26:02 INFO storage.MemoryStore: Block broadcast_108_piece0 stored as bytes in memory (estimated size 6.6 KB, free 51.6 KB)
17/02/02 00:26:02 INFO broadcast.TorrentBroadcast: Reading broadcast variable 108 took 4 ms
17/02/02 00:26:02 INFO storage.MemoryStore: Block broadcast_108 stored as values in memory (estimated size 12.4 KB, free 64.0 KB)
17/02/02 00:26:02 INFO spark.MapOutputTrackerWorker: Don't have map outputs for shuffle 67, fetching them
17/02/02 00:26:02 INFO spark.MapOutputTrackerWorker: Doing the fetch; tracker endpoint = NettyRpcEndpointRef(spark://MapOutputTracker@10.10.34.13:46011)
17/02/02 00:26:02 INFO spark.MapOutputTrackerWorker: Don't have map outputs for shuffle 67, fetching them
17/02/02 00:26:02 INFO spark.MapOutputTrackerWorker: Don't have map outputs for shuffle 67, fetching them
17/02/02 00:26:02 INFO spark.MapOutputTrackerWorker: Don't have map outputs for shuffle 67, fetching them
17/02/02 00:26:02 INFO spark.MapOutputTrackerWorker: Don't have map outputs for shuffle 67, fetching them
17/02/02 00:26:02 INFO spark.MapOutputTrackerWorker: Don't have map outputs for shuffle 67, fetching them
17/02/02 00:26:02 INFO spark.MapOutputTrackerWorker: Got the output locations
17/02/02 00:26:02 INFO storage.ShuffleBlockFetcherIterator: Getting 495 non-empty blocks out of 930 blocks
17/02/02 00:26:02 INFO storage.ShuffleBlockFetcherIterator: Getting 495 non-empty blocks out of 930 blocks
17/02/02 00:26:02 INFO storage.ShuffleBlockFetcherIterator: Started 6 remote fetches in 1 ms
17/02/02 00:26:02 INFO storage.ShuffleBlockFetcherIterator: Getting 495 non-empty blocks out of 930 blocks
17/02/02 00:26:02 INFO storage.ShuffleBlockFetcherIterator: Getting 495 non-empty blocks out of 930 blocks
17/02/02 00:26:02 INFO storage.ShuffleBlockFetcherIterator: Getting 495 non-empty blocks out of 930 blocks
17/02/02 00:26:02 INFO storage.ShuffleBlockFetcherIterator: Started 6 remote fetches in 2 ms
17/02/02 00:26:02 INFO storage.ShuffleBlockFetcherIterator: Getting 495 non-empty blocks out of 930 blocks
17/02/02 00:26:02 INFO storage.ShuffleBlockFetcherIterator: Started 6 remote fetches in 3 ms
17/02/02 00:26:02 INFO storage.ShuffleBlockFetcherIterator: Started 6 remote fetches in 2 ms
17/02/02 00:26:02 INFO storage.ShuffleBlockFetcherIterator: Started 6 remote fetches in 2 ms
17/02/02 00:26:02 INFO storage.ShuffleBlockFetcherIterator: Started 6 remote fetches in 2 ms
17/02/02 00:26:02 INFO python.PythonRunner: Times: total = 173, boot = -1293, init = 1294, finish = 172
17/02/02 00:26:02 INFO python.PythonRunner: Times: total = 24, boot = -1108, init = 1109, finish = 23
17/02/02 00:26:02 INFO executor.Executor: Finished task 20.0 in stage 346.0 (TID 60534). 3348 bytes result sent to driver
17/02/02 00:26:02 INFO executor.CoarseGrainedExecutorBackend: Got assigned task 60538
17/02/02 00:26:02 INFO executor.Executor: Running task 23.0 in stage 346.0 (TID 60538)
17/02/02 00:26:02 INFO storage.ShuffleBlockFetcherIterator: Getting 495 non-empty blocks out of 930 blocks
17/02/02 00:26:02 INFO storage.ShuffleBlockFetcherIterator: Started 6 remote fetches in 2 ms
17/02/02 00:26:02 INFO python.PythonRunner: Times: total = 215, boot = -1422, init = 1423, finish = 214
17/02/02 00:26:02 INFO python.PythonRunner: Times: total = 235, boot = -1109, init = 1111, finish = 233
