17/02/01 23:47:52 INFO executor.CoarseGrainedExecutorBackend: Got assigned task 48992
17/02/01 23:47:52 INFO executor.CoarseGrainedExecutorBackend: Got assigned task 48993
17/02/01 23:47:52 INFO executor.Executor: Running task 57.0 in stage 271.0 (TID 48992)
17/02/01 23:47:52 INFO executor.Executor: Running task 58.0 in stage 271.0 (TID 48993)
17/02/01 23:47:52 INFO storage.ShuffleBlockFetcherIterator: Getting 90 non-empty blocks out of 90 blocks
17/02/01 23:47:52 INFO storage.ShuffleBlockFetcherIterator: Started 3 remote fetches in 1 ms
17/02/01 23:47:52 INFO storage.ShuffleBlockFetcherIterator: Getting 90 non-empty blocks out of 90 blocks
17/02/01 23:47:52 INFO storage.ShuffleBlockFetcherIterator: Started 3 remote fetches in 0 ms
17/02/01 23:47:54 INFO python.PythonRunner: Times: total = 2066, boot = -579, init = 580, finish = 2065
17/02/01 23:47:54 INFO python.PythonRunner: Times: total = 228, boot = -2253, init = 2254, finish = 227
17/02/01 23:47:54 INFO python.PythonRunner: Times: total = 2303, boot = -566, init = 567, finish = 2302
17/02/01 23:47:54 INFO python.PythonRunner: Times: total = 216, boot = -2463, init = 2464, finish = 215
17/02/01 23:47:55 INFO executor.Executor: Finished task 53.0 in stage 271.0 (TID 48988). 1655 bytes result sent to driver
17/02/01 23:47:55 INFO executor.CoarseGrainedExecutorBackend: Got assigned task 48995
17/02/01 23:47:55 INFO executor.Executor: Running task 60.0 in stage 271.0 (TID 48995)
17/02/01 23:47:55 INFO storage.ShuffleBlockFetcherIterator: Getting 90 non-empty blocks out of 90 blocks
17/02/01 23:47:55 INFO storage.ShuffleBlockFetcherIterator: Started 3 remote fetches in 1 ms
17/02/01 23:47:55 INFO python.PythonRunner: Times: total = 2226, boot = -838, init = 839, finish = 2225
17/02/01 23:47:55 INFO python.PythonRunner: Times: total = 2253, boot = -806, init = 807, finish = 2252
17/02/01 23:47:55 INFO python.PythonRunner: Times: total = 2266, boot = -774, init = 774, finish = 2266
17/02/01 23:47:55 INFO python.PythonRunner: Times: total = 222, boot = -2726, init = 2728, finish = 220
17/02/01 23:47:55 INFO python.PythonRunner: Times: total = 2762, boot = -514, init = 515, finish = 2761
17/02/01 23:47:55 INFO python.PythonRunner: Times: total = 191, boot = -292, init = 293, finish = 190
17/02/01 23:47:55 INFO python.PythonRunner: Times: total = 239, boot = -476, init = 477, finish = 238
17/02/01 23:47:55 INFO executor.Executor: Finished task 54.0 in stage 271.0 (TID 48989). 1655 bytes result sent to driver
17/02/01 23:47:55 INFO executor.CoarseGrainedExecutorBackend: Got assigned task 48996
17/02/01 23:47:55 INFO executor.Executor: Running task 61.0 in stage 271.0 (TID 48996)
17/02/01 23:47:55 INFO storage.ShuffleBlockFetcherIterator: Getting 90 non-empty blocks out of 90 blocks
17/02/01 23:47:55 INFO storage.ShuffleBlockFetcherIterator: Started 3 remote fetches in 1 ms
17/02/01 23:47:55 INFO python.PythonRunner: Times: total = 253, boot = -260, init = 261, finish = 252
17/02/01 23:47:55 INFO executor.Executor: Finished task 56.0 in stage 271.0 (TID 48991). 1655 bytes result sent to driver
17/02/01 23:47:55 INFO executor.CoarseGrainedExecutorBackend: Got assigned task 48997
17/02/01 23:47:55 INFO executor.Executor: Running task 62.0 in stage 271.0 (TID 48997)
17/02/01 23:47:55 INFO storage.ShuffleBlockFetcherIterator: Getting 90 non-empty blocks out of 90 blocks
17/02/01 23:47:55 INFO storage.ShuffleBlockFetcherIterator: Started 3 remote fetches in 1 ms
17/02/01 23:47:55 INFO executor.Executor: Finished task 58.0 in stage 271.0 (TID 48993). 1655 bytes result sent to driver
17/02/01 23:47:55 INFO executor.Executor: Finished task 57.0 in stage 271.0 (TID 48992). 1655 bytes result sent to driver
17/02/01 23:47:55 INFO executor.CoarseGrainedExecutorBackend: Got assigned task 49003
17/02/01 23:47:55 INFO executor.Executor: Running task 68.0 in stage 271.0 (TID 49003)
17/02/01 23:47:55 INFO storage.ShuffleBlockFetcherIterator: Getting 90 non-empty blocks out of 90 blocks
17/02/01 23:47:55 INFO storage.ShuffleBlockFetcherIterator: Started 3 remote fetches in 0 ms
17/02/01 23:47:55 INFO executor.CoarseGrainedExecutorBackend: Got assigned task 49004
17/02/01 23:47:55 INFO executor.Executor: Running task 69.0 in stage 271.0 (TID 49004)
17/02/01 23:47:55 INFO storage.ShuffleBlockFetcherIterator: Getting 90 non-empty blocks out of 90 blocks
17/02/01 23:47:55 INFO storage.ShuffleBlockFetcherIterator: Started 3 remote fetches in 1 ms
17/02/01 23:47:55 INFO executor.Executor: Finished task 55.0 in stage 271.0 (TID 48990). 1655 bytes result sent to driver
17/02/01 23:47:55 INFO executor.CoarseGrainedExecutorBackend: Got assigned task 49005
17/02/01 23:47:55 INFO executor.Executor: Running task 70.0 in stage 271.0 (TID 49005)
17/02/01 23:47:55 INFO storage.ShuffleBlockFetcherIterator: Getting 90 non-empty blocks out of 90 blocks
17/02/01 23:47:55 INFO storage.ShuffleBlockFetcherIterator: Started 3 remote fetches in 0 ms
17/02/01 23:47:56 INFO python.PythonRunner: Times: total = 1383, boot = -404, init = 405, finish = 1382
17/02/01 23:47:56 INFO python.PythonRunner: Times: total = 186, boot = -1063, init = 1064, finish = 185
17/02/01 23:47:56 INFO executor.Executor: Finished task 60.0 in stage 271.0 (TID 48995). 1655 bytes result sent to driver
17/02/01 23:47:56 INFO executor.CoarseGrainedExecutorBackend: Got assigned task 49007
17/02/01 23:47:56 INFO executor.Executor: Running task 72.0 in stage 271.0 (TID 49007)
17/02/01 23:47:56 INFO storage.ShuffleBlockFetcherIterator: Getting 90 non-empty blocks out of 90 blocks
17/02/01 23:47:56 INFO storage.ShuffleBlockFetcherIterator: Started 3 remote fetches in 0 ms
17/02/01 23:47:57 INFO python.PythonRunner: Times: total = 1765, boot = -169, init = 170, finish = 1764
17/02/01 23:47:57 INFO python.PythonRunner: Times: total = 293, boot = -1634, init = 1635, finish = 292
17/02/01 23:47:57 INFO python.PythonRunner: Times: total = 1985, boot = -521, init = 522, finish = 1984
17/02/01 23:47:57 INFO python.PythonRunner: Times: total = 2167, boot = -464, init = 465, finish = 2166
17/02/01 23:47:57 INFO python.PythonRunner: Times: total = 1985, boot = -569, init = 570, finish = 1984
17/02/01 23:47:57 INFO python.PythonRunner: Times: total = 251, boot = -1110, init = 1112, finish = 249
17/02/01 23:47:57 INFO python.PythonRunner: Times: total = 206, boot = -1131, init = 1132, finish = 205
17/02/01 23:47:57 INFO python.PythonRunner: Times: total = 246, boot = -627, init = 629, finish = 244
17/02/01 23:47:58 INFO executor.Executor: Finished task 61.0 in stage 271.0 (TID 48996). 1655 bytes result sent to driver
17/02/01 23:47:58 INFO executor.CoarseGrainedExecutorBackend: Got assigned task 49008
17/02/01 23:47:58 INFO executor.Executor: Running task 73.0 in stage 271.0 (TID 49008)
17/02/01 23:47:58 INFO storage.ShuffleBlockFetcherIterator: Getting 90 non-empty blocks out of 90 blocks
17/02/01 23:47:58 INFO storage.ShuffleBlockFetcherIterator: Started 3 remote fetches in 0 ms
17/02/01 23:47:58 INFO executor.Executor: Finished task 68.0 in stage 271.0 (TID 49003). 1655 bytes result sent to driver
17/02/01 23:47:58 INFO executor.CoarseGrainedExecutorBackend: Got assigned task 49009
17/02/01 23:47:58 INFO executor.Executor: Running task 74.0 in stage 271.0 (TID 49009)
17/02/01 23:47:58 INFO storage.ShuffleBlockFetcherIterator: Getting 90 non-empty blocks out of 90 blocks
17/02/01 23:47:58 INFO storage.ShuffleBlockFetcherIterator: Started 3 remote fetches in 0 ms
17/02/01 23:47:58 INFO executor.Executor: Finished task 62.0 in stage 271.0 (TID 48997). 1655 bytes result sent to driver
17/02/01 23:47:58 INFO executor.CoarseGrainedExecutorBackend: Got assigned task 49010
17/02/01 23:47:58 INFO executor.Executor: Running task 75.0 in stage 271.0 (TID 49010)
17/02/01 23:47:58 INFO storage.ShuffleBlockFetcherIterator: Getting 90 non-empty blocks out of 90 blocks
17/02/01 23:47:58 INFO storage.ShuffleBlockFetcherIterator: Started 3 remote fetches in 0 ms
17/02/01 23:47:58 INFO python.PythonRunner: Times: total = 1386, boot = -1510, init = 1511, finish = 1385
17/02/01 23:47:58 INFO executor.Executor: Finished task 70.0 in stage 271.0 (TID 49005). 1655 bytes result sent to driver
17/02/01 23:47:58 INFO executor.CoarseGrainedExecutorBackend: Got assigned task 49011
17/02/01 23:47:58 INFO executor.Executor: Running task 76.0 in stage 271.0 (TID 49011)
17/02/01 23:47:58 INFO storage.ShuffleBlockFetcherIterator: Getting 90 non-empty blocks out of 90 blocks
17/02/01 23:47:58 INFO storage.ShuffleBlockFetcherIterator: Started 3 remote fetches in 0 ms
17/02/01 23:47:58 INFO python.PythonRunner: Times: total = 174, boot = -451, init = 452, finish = 173
17/02/01 23:47:58 INFO python.PythonRunner: Times: total = 2746, boot = -477, init = 478, finish = 2745
17/02/01 23:47:58 INFO python.PythonRunner: Times: total = 186, boot = -513, init = 514, finish = 185
17/02/01 23:47:58 INFO executor.Executor: Finished task 72.0 in stage 271.0 (TID 49007). 1655 bytes result sent to driver
17/02/01 23:47:58 INFO executor.CoarseGrainedExecutorBackend: Got assigned task 49012
17/02/01 23:47:58 INFO executor.Executor: Running task 77.0 in stage 271.0 (TID 49012)
17/02/01 23:47:58 INFO storage.ShuffleBlockFetcherIterator: Getting 90 non-empty blocks out of 90 blocks
17/02/01 23:47:58 INFO storage.ShuffleBlockFetcherIterator: Started 3 remote fetches in 0 ms
17/02/01 23:47:59 INFO executor.Executor: Finished task 69.0 in stage 271.0 (TID 49004). 1655 bytes result sent to driver
17/02/01 23:47:59 INFO executor.CoarseGrainedExecutorBackend: Got assigned task 49013
17/02/01 23:47:59 INFO executor.Executor: Running task 78.0 in stage 271.0 (TID 49013)
17/02/01 23:47:59 INFO storage.ShuffleBlockFetcherIterator: Getting 90 non-empty blocks out of 90 blocks
17/02/01 23:47:59 INFO storage.ShuffleBlockFetcherIterator: Started 3 remote fetches in 0 ms
17/02/01 23:47:59 INFO python.PythonRunner: Times: total = 1889, boot = -827, init = 828, finish = 1888
