17/02/01 23:11:46 INFO python.PythonRunner: Times: total = 16, boot = -18, init = 19, finish = 15
17/02/01 23:11:46 INFO python.PythonRunner: Times: total = 17, boot = -18, init = 19, finish = 16
17/02/01 23:11:46 INFO executor.Executor: Finished task 1304.0 in stage 238.0 (TID 43602). 3378 bytes result sent to driver
17/02/01 23:11:46 INFO executor.Executor: Finished task 1328.0 in stage 238.0 (TID 43626). 3378 bytes result sent to driver
17/02/01 23:11:46 INFO executor.CoarseGrainedExecutorBackend: Got assigned task 43646
17/02/01 23:11:46 INFO executor.Executor: Running task 1348.0 in stage 238.0 (TID 43646)
17/02/01 23:11:46 INFO executor.CoarseGrainedExecutorBackend: Got assigned task 43647
17/02/01 23:11:46 INFO executor.Executor: Running task 1349.0 in stage 238.0 (TID 43647)
17/02/01 23:11:46 INFO storage.ShuffleBlockFetcherIterator: Getting 93 non-empty blocks out of 1920 blocks
17/02/01 23:11:46 INFO storage.ShuffleBlockFetcherIterator: Getting 93 non-empty blocks out of 1920 blocks
17/02/01 23:11:46 INFO storage.ShuffleBlockFetcherIterator: Started 4 remote fetches in 1 ms
17/02/01 23:11:46 INFO storage.ShuffleBlockFetcherIterator: Started 4 remote fetches in 0 ms
17/02/01 23:11:46 INFO executor.Executor: Finished task 1329.0 in stage 238.0 (TID 43627). 3378 bytes result sent to driver
17/02/01 23:11:46 INFO executor.CoarseGrainedExecutorBackend: Got assigned task 43649
17/02/01 23:11:46 INFO executor.Executor: Running task 1351.0 in stage 238.0 (TID 43649)
17/02/01 23:11:46 INFO storage.ShuffleBlockFetcherIterator: Getting 93 non-empty blocks out of 1920 blocks
17/02/01 23:11:46 INFO storage.ShuffleBlockFetcherIterator: Started 4 remote fetches in 1 ms
17/02/01 23:11:46 INFO python.PythonRunner: Times: total = 17, boot = -5, init = 6, finish = 16
17/02/01 23:11:46 INFO executor.Executor: Finished task 1343.0 in stage 238.0 (TID 43641). 3378 bytes result sent to driver
17/02/01 23:11:46 INFO executor.CoarseGrainedExecutorBackend: Got assigned task 43660
17/02/01 23:11:46 INFO executor.Executor: Running task 1362.0 in stage 238.0 (TID 43660)
17/02/01 23:11:46 INFO storage.ShuffleBlockFetcherIterator: Getting 93 non-empty blocks out of 1920 blocks
17/02/01 23:11:46 INFO storage.ShuffleBlockFetcherIterator: Started 4 remote fetches in 1 ms
17/02/01 23:11:46 INFO python.PythonRunner: Times: total = 50, boot = -21, init = 22, finish = 49
17/02/01 23:11:46 INFO python.PythonRunner: Times: total = 14, boot = -1, init = 2, finish = 13
17/02/01 23:11:46 INFO python.PythonRunner: Times: total = 12, boot = -3, init = 4, finish = 11
17/02/01 23:11:46 INFO executor.Executor: Finished task 1333.0 in stage 238.0 (TID 43631). 3378 bytes result sent to driver
17/02/01 23:11:46 INFO executor.Executor: Finished task 1362.0 in stage 238.0 (TID 43660). 3378 bytes result sent to driver
17/02/01 23:11:46 INFO executor.CoarseGrainedExecutorBackend: Got assigned task 43673
17/02/01 23:11:46 INFO executor.Executor: Running task 1375.0 in stage 238.0 (TID 43673)
17/02/01 23:11:46 INFO executor.CoarseGrainedExecutorBackend: Got assigned task 43674
17/02/01 23:11:46 INFO executor.Executor: Running task 1376.0 in stage 238.0 (TID 43674)
17/02/01 23:11:46 INFO storage.ShuffleBlockFetcherIterator: Getting 93 non-empty blocks out of 1920 blocks
17/02/01 23:11:46 INFO storage.ShuffleBlockFetcherIterator: Started 4 remote fetches in 0 ms
17/02/01 23:11:46 INFO storage.ShuffleBlockFetcherIterator: Getting 93 non-empty blocks out of 1920 blocks
17/02/01 23:11:46 INFO storage.ShuffleBlockFetcherIterator: Started 4 remote fetches in 2 ms
17/02/01 23:11:46 INFO executor.Executor: Finished task 1335.0 in stage 238.0 (TID 43633). 3378 bytes result sent to driver
17/02/01 23:11:46 INFO executor.CoarseGrainedExecutorBackend: Got assigned task 43679
17/02/01 23:11:46 INFO executor.Executor: Running task 1381.0 in stage 238.0 (TID 43679)
17/02/01 23:11:46 INFO storage.ShuffleBlockFetcherIterator: Getting 93 non-empty blocks out of 1920 blocks
17/02/01 23:11:46 INFO storage.ShuffleBlockFetcherIterator: Started 4 remote fetches in 1 ms
17/02/01 23:11:46 INFO python.PythonRunner: Times: total = 53, boot = -13, init = 15, finish = 51
17/02/01 23:11:46 INFO python.PythonRunner: Times: total = 11, boot = -27, init = 29, finish = 9
17/02/01 23:11:46 INFO executor.Executor: Finished task 1348.0 in stage 238.0 (TID 43646). 3378 bytes result sent to driver
17/02/01 23:11:46 INFO executor.Executor: Finished task 1376.0 in stage 238.0 (TID 43674). 3378 bytes result sent to driver
17/02/01 23:11:46 INFO python.PythonRunner: Times: total = 54, boot = 4, init = 0, finish = 50
17/02/01 23:11:46 INFO python.PythonRunner: Times: total = 11, boot = -18, init = 19, finish = 10
17/02/01 23:11:46 INFO executor.CoarseGrainedExecutorBackend: Got assigned task 43685
17/02/01 23:11:46 INFO executor.Executor: Running task 1387.0 in stage 238.0 (TID 43685)
17/02/01 23:11:46 INFO executor.CoarseGrainedExecutorBackend: Got assigned task 43686
17/02/01 23:11:46 INFO executor.Executor: Running task 1388.0 in stage 238.0 (TID 43686)
17/02/01 23:11:46 INFO storage.ShuffleBlockFetcherIterator: Getting 93 non-empty blocks out of 1920 blocks
17/02/01 23:11:46 INFO storage.ShuffleBlockFetcherIterator: Getting 93 non-empty blocks out of 1920 blocks
17/02/01 23:11:46 INFO storage.ShuffleBlockFetcherIterator: Started 4 remote fetches in 0 ms
17/02/01 23:11:46 INFO storage.ShuffleBlockFetcherIterator: Started 4 remote fetches in 1 ms
17/02/01 23:11:46 INFO executor.Executor: Finished task 1381.0 in stage 238.0 (TID 43679). 3378 bytes result sent to driver
17/02/01 23:11:46 INFO executor.CoarseGrainedExecutorBackend: Got assigned task 43692
17/02/01 23:11:46 INFO executor.Executor: Running task 1394.0 in stage 238.0 (TID 43692)
17/02/01 23:11:46 INFO executor.Executor: Finished task 1351.0 in stage 238.0 (TID 43649). 3378 bytes result sent to driver
17/02/01 23:11:46 INFO executor.CoarseGrainedExecutorBackend: Got assigned task 43694
17/02/01 23:11:46 INFO executor.Executor: Running task 1396.0 in stage 238.0 (TID 43694)
17/02/01 23:11:46 INFO storage.ShuffleBlockFetcherIterator: Getting 93 non-empty blocks out of 1920 blocks
17/02/01 23:11:46 INFO storage.ShuffleBlockFetcherIterator: Started 4 remote fetches in 1 ms
17/02/01 23:11:46 INFO storage.ShuffleBlockFetcherIterator: Getting 93 non-empty blocks out of 1920 blocks
17/02/01 23:11:46 INFO storage.ShuffleBlockFetcherIterator: Started 4 remote fetches in 1 ms
17/02/01 23:11:46 INFO python.PythonRunner: Times: total = 51, boot = -8, init = 9, finish = 50
17/02/01 23:11:46 INFO python.PythonRunner: Times: total = 51, boot = -30, init = 31, finish = 50
17/02/01 23:11:46 INFO executor.Executor: Finished task 1349.0 in stage 238.0 (TID 43647). 3378 bytes result sent to driver
17/02/01 23:11:46 INFO python.PythonRunner: Times: total = 23, boot = 7, init = 1, finish = 15
17/02/01 23:11:46 INFO executor.CoarseGrainedExecutorBackend: Got assigned task 43713
17/02/01 23:11:46 INFO executor.Executor: Running task 1415.0 in stage 238.0 (TID 43713)
17/02/01 23:11:46 INFO storage.ShuffleBlockFetcherIterator: Getting 93 non-empty blocks out of 1920 blocks
17/02/01 23:11:46 INFO executor.Executor: Finished task 1375.0 in stage 238.0 (TID 43673). 3378 bytes result sent to driver
17/02/01 23:11:46 INFO storage.ShuffleBlockFetcherIterator: Started 4 remote fetches in 1 ms
17/02/01 23:11:46 INFO executor.CoarseGrainedExecutorBackend: Got assigned task 43714
17/02/01 23:11:46 INFO executor.Executor: Running task 1416.0 in stage 238.0 (TID 43714)
17/02/01 23:11:46 INFO executor.Executor: Finished task 1396.0 in stage 238.0 (TID 43694). 3378 bytes result sent to driver
17/02/01 23:11:46 INFO storage.ShuffleBlockFetcherIterator: Getting 93 non-empty blocks out of 1920 blocks
17/02/01 23:11:46 INFO storage.ShuffleBlockFetcherIterator: Started 4 remote fetches in 1 ms
17/02/01 23:11:46 INFO executor.CoarseGrainedExecutorBackend: Got assigned task 43716
17/02/01 23:11:46 INFO executor.Executor: Running task 1418.0 in stage 238.0 (TID 43716)
17/02/01 23:11:46 INFO storage.ShuffleBlockFetcherIterator: Getting 93 non-empty blocks out of 1920 blocks
17/02/01 23:11:46 INFO storage.ShuffleBlockFetcherIterator: Started 4 remote fetches in 1 ms
17/02/01 23:11:46 INFO python.PythonRunner: Times: total = 49, boot = -10, init = 11, finish = 48
17/02/01 23:11:46 INFO python.PythonRunner: Times: total = 16, boot = -27, init = 28, finish = 15
17/02/01 23:11:46 INFO python.PythonRunner: Times: total = 55, boot = -11, init = 12, finish = 54
17/02/01 23:11:46 INFO executor.Executor: Finished task 1388.0 in stage 238.0 (TID 43686). 3378 bytes result sent to driver
17/02/01 23:11:46 INFO executor.CoarseGrainedExecutorBackend: Got assigned task 43725
17/02/01 23:11:46 INFO executor.Executor: Running task 1427.0 in stage 238.0 (TID 43725)
17/02/01 23:11:46 INFO storage.ShuffleBlockFetcherIterator: Getting 93 non-empty blocks out of 1920 blocks
17/02/01 23:11:46 INFO storage.ShuffleBlockFetcherIterator: Started 4 remote fetches in 1 ms
17/02/01 23:11:46 INFO python.PythonRunner: Times: total = 51, boot = -56, init = 58, finish = 49
17/02/01 23:11:46 INFO executor.Executor: Finished task 1415.0 in stage 238.0 (TID 43713). 3378 bytes result sent to driver
17/02/01 23:11:46 INFO executor.CoarseGrainedExecutorBackend: Got assigned task 43732
17/02/01 23:11:46 INFO executor.Executor: Running task 1434.0 in stage 238.0 (TID 43732)
17/02/01 23:11:46 INFO executor.Executor: Finished task 1387.0 in stage 238.0 (TID 43685). 3378 bytes result sent to driver
17/02/01 23:11:46 INFO storage.ShuffleBlockFetcherIterator: Getting 93 non-empty blocks out of 1920 blocks
17/02/01 23:11:46 INFO executor.Executor: Finished task 1394.0 in stage 238.0 (TID 43692). 3378 bytes result sent to driver
17/02/01 23:11:46 INFO storage.ShuffleBlockFetcherIterator: Started 4 remote fetches in 1 ms
17/02/01 23:11:46 INFO executor.CoarseGrainedExecutorBackend: Got assigned task 43735
