17/02/02 00:13:07 INFO executor.Executor: Finished task 144.0 in stage 313.0 (TID 53073). 1928 bytes result sent to driver
17/02/02 00:13:07 INFO executor.CoarseGrainedExecutorBackend: Got assigned task 53092
17/02/02 00:13:07 INFO executor.Executor: Running task 166.0 in stage 313.0 (TID 53092)
17/02/02 00:13:07 INFO storage.ShuffleBlockFetcherIterator: Getting 247 non-empty blocks out of 450 blocks
17/02/02 00:13:07 INFO storage.ShuffleBlockFetcherIterator: Started 5 remote fetches in 1 ms
17/02/02 00:13:07 INFO executor.Executor: Finished task 152.0 in stage 313.0 (TID 53076). 1928 bytes result sent to driver
17/02/02 00:13:07 INFO executor.CoarseGrainedExecutorBackend: Got assigned task 53093
17/02/02 00:13:07 INFO executor.Executor: Running task 168.0 in stage 313.0 (TID 53093)
17/02/02 00:13:07 INFO storage.ShuffleBlockFetcherIterator: Getting 247 non-empty blocks out of 450 blocks
17/02/02 00:13:07 INFO storage.ShuffleBlockFetcherIterator: Started 5 remote fetches in 1 ms
17/02/02 00:13:07 INFO executor.Executor: Finished task 151.0 in stage 313.0 (TID 53075). 1928 bytes result sent to driver
17/02/02 00:13:07 INFO executor.CoarseGrainedExecutorBackend: Got assigned task 53095
17/02/02 00:13:07 INFO executor.Executor: Running task 169.0 in stage 313.0 (TID 53095)
17/02/02 00:13:07 INFO storage.ShuffleBlockFetcherIterator: Getting 247 non-empty blocks out of 450 blocks
17/02/02 00:13:07 INFO storage.ShuffleBlockFetcherIterator: Started 5 remote fetches in 1 ms
17/02/02 00:13:07 INFO python.PythonRunner: Times: total = 290, boot = -43, init = 45, finish = 288
17/02/02 00:13:07 INFO python.PythonRunner: Times: total = 264, boot = -74, init = 76, finish = 262
17/02/02 00:13:07 INFO python.PythonRunner: Times: total = 35, boot = -71, init = 71, finish = 35
17/02/02 00:13:07 INFO python.PythonRunner: Times: total = 86, boot = -41, init = 42, finish = 85
17/02/02 00:13:07 INFO executor.Executor: Finished task 160.0 in stage 313.0 (TID 53084). 1928 bytes result sent to driver
17/02/02 00:13:07 INFO executor.CoarseGrainedExecutorBackend: Got assigned task 53098
17/02/02 00:13:07 INFO executor.Executor: Running task 172.0 in stage 313.0 (TID 53098)
17/02/02 00:13:07 INFO storage.ShuffleBlockFetcherIterator: Getting 247 non-empty blocks out of 450 blocks
17/02/02 00:13:07 INFO storage.ShuffleBlockFetcherIterator: Started 6 remote fetches in 1 ms
17/02/02 00:13:07 INFO executor.Executor: Finished task 154.0 in stage 313.0 (TID 53079). 1928 bytes result sent to driver
17/02/02 00:13:07 INFO executor.CoarseGrainedExecutorBackend: Got assigned task 53099
17/02/02 00:13:07 INFO executor.Executor: Running task 173.0 in stage 313.0 (TID 53099)
17/02/02 00:13:07 INFO storage.ShuffleBlockFetcherIterator: Getting 247 non-empty blocks out of 450 blocks
17/02/02 00:13:07 INFO storage.ShuffleBlockFetcherIterator: Started 5 remote fetches in 0 ms
17/02/02 00:13:07 INFO python.PythonRunner: Times: total = 362, boot = -60, init = 61, finish = 361
17/02/02 00:13:07 INFO python.PythonRunner: Times: total = 83, boot = -32, init = 34, finish = 81
17/02/02 00:13:07 INFO executor.Executor: Finished task 158.0 in stage 313.0 (TID 53083). 1928 bytes result sent to driver
17/02/02 00:13:07 INFO executor.CoarseGrainedExecutorBackend: Got assigned task 53103
17/02/02 00:13:07 INFO executor.Executor: Running task 176.0 in stage 313.0 (TID 53103)
17/02/02 00:13:07 INFO storage.ShuffleBlockFetcherIterator: Getting 247 non-empty blocks out of 450 blocks
17/02/02 00:13:07 INFO storage.ShuffleBlockFetcherIterator: Started 6 remote fetches in 0 ms
17/02/02 00:13:07 INFO python.PythonRunner: Times: total = 315, boot = -30, init = 32, finish = 313
17/02/02 00:13:07 INFO python.PythonRunner: Times: total = 336, boot = -35, init = 36, finish = 335
17/02/02 00:13:07 INFO python.PythonRunner: Times: total = 348, boot = -29, init = 30, finish = 347
17/02/02 00:13:07 INFO python.PythonRunner: Times: total = 85, boot = -100, init = 101, finish = 84
17/02/02 00:13:07 INFO python.PythonRunner: Times: total = 81, boot = -58, init = 59, finish = 80
17/02/02 00:13:07 INFO executor.Executor: Finished task 166.0 in stage 313.0 (TID 53092). 1928 bytes result sent to driver
17/02/02 00:13:07 INFO executor.CoarseGrainedExecutorBackend: Got assigned task 53109
17/02/02 00:13:07 INFO executor.Executor: Running task 185.0 in stage 313.0 (TID 53109)
17/02/02 00:13:07 INFO storage.ShuffleBlockFetcherIterator: Getting 247 non-empty blocks out of 450 blocks
17/02/02 00:13:07 INFO storage.ShuffleBlockFetcherIterator: Started 5 remote fetches in 1 ms
17/02/02 00:13:07 INFO python.PythonRunner: Times: total = 88, boot = -23, init = 24, finish = 87
17/02/02 00:13:07 INFO executor.Executor: Finished task 168.0 in stage 313.0 (TID 53093). 1928 bytes result sent to driver
17/02/02 00:13:07 INFO executor.CoarseGrainedExecutorBackend: Got assigned task 53110
17/02/02 00:13:07 INFO executor.Executor: Running task 186.0 in stage 313.0 (TID 53110)
17/02/02 00:13:07 INFO storage.ShuffleBlockFetcherIterator: Getting 247 non-empty blocks out of 450 blocks
17/02/02 00:13:07 INFO storage.ShuffleBlockFetcherIterator: Started 7 remote fetches in 1 ms
17/02/02 00:13:07 INFO executor.Executor: Finished task 169.0 in stage 313.0 (TID 53095). 1928 bytes result sent to driver
17/02/02 00:13:07 INFO executor.CoarseGrainedExecutorBackend: Got assigned task 53111
17/02/02 00:13:07 INFO executor.Executor: Running task 187.0 in stage 313.0 (TID 53111)
17/02/02 00:13:07 INFO storage.ShuffleBlockFetcherIterator: Getting 247 non-empty blocks out of 450 blocks
17/02/02 00:13:07 INFO storage.ShuffleBlockFetcherIterator: Started 5 remote fetches in 1 ms
17/02/02 00:13:07 INFO python.PythonRunner: Times: total = 361, boot = -20, init = 21, finish = 360
17/02/02 00:13:07 INFO python.PythonRunner: Times: total = 371, boot = -77, init = 78, finish = 370
17/02/02 00:13:07 INFO python.PythonRunner: Times: total = 311, boot = -108, init = 109, finish = 310
17/02/02 00:13:07 INFO python.PythonRunner: Times: total = 96, boot = -68, init = 70, finish = 94
17/02/02 00:13:07 INFO python.PythonRunner: Times: total = 100, boot = -26, init = 27, finish = 99
17/02/02 00:13:07 INFO executor.Executor: Finished task 172.0 in stage 313.0 (TID 53098). 1928 bytes result sent to driver
17/02/02 00:13:07 INFO executor.CoarseGrainedExecutorBackend: Got assigned task 53116
17/02/02 00:13:07 INFO executor.Executor: Running task 192.0 in stage 313.0 (TID 53116)
17/02/02 00:13:07 INFO executor.Executor: Finished task 173.0 in stage 313.0 (TID 53099). 1928 bytes result sent to driver
17/02/02 00:13:07 INFO storage.ShuffleBlockFetcherIterator: Getting 247 non-empty blocks out of 450 blocks
17/02/02 00:13:07 INFO storage.ShuffleBlockFetcherIterator: Started 5 remote fetches in 1 ms
17/02/02 00:13:07 INFO executor.CoarseGrainedExecutorBackend: Got assigned task 53117
17/02/02 00:13:07 INFO executor.Executor: Running task 193.0 in stage 313.0 (TID 53117)
17/02/02 00:13:07 INFO storage.ShuffleBlockFetcherIterator: Getting 247 non-empty blocks out of 450 blocks
17/02/02 00:13:07 INFO storage.ShuffleBlockFetcherIterator: Started 4 remote fetches in 0 ms
17/02/02 00:13:07 INFO python.PythonRunner: Times: total = 92, boot = 0, init = 1, finish = 91
17/02/02 00:13:07 INFO executor.Executor: Finished task 176.0 in stage 313.0 (TID 53103). 1928 bytes result sent to driver
17/02/02 00:13:07 INFO executor.CoarseGrainedExecutorBackend: Got assigned task 53120
17/02/02 00:13:07 INFO executor.Executor: Running task 196.0 in stage 313.0 (TID 53120)
17/02/02 00:13:07 INFO storage.ShuffleBlockFetcherIterator: Getting 247 non-empty blocks out of 450 blocks
17/02/02 00:13:07 INFO storage.ShuffleBlockFetcherIterator: Started 6 remote fetches in 0 ms
17/02/02 00:13:07 INFO python.PythonRunner: Times: total = 262, boot = -48, init = 49, finish = 261
17/02/02 00:13:07 INFO python.PythonRunner: Times: total = 271, boot = -64, init = 65, finish = 270
17/02/02 00:13:07 INFO python.PythonRunner: Times: total = 288, boot = -58, init = 59, finish = 287
17/02/02 00:13:07 INFO python.PythonRunner: Times: total = 97, boot = -45, init = 46, finish = 96
17/02/02 00:13:07 INFO executor.Executor: Finished task 185.0 in stage 313.0 (TID 53109). 1928 bytes result sent to driver
17/02/02 00:13:07 INFO executor.CoarseGrainedExecutorBackend: Got assigned task 53125
17/02/02 00:13:07 INFO executor.Executor: Running task 198.0 in stage 313.0 (TID 53125)
17/02/02 00:13:07 INFO storage.ShuffleBlockFetcherIterator: Getting 247 non-empty blocks out of 450 blocks
17/02/02 00:13:07 INFO storage.ShuffleBlockFetcherIterator: Started 5 remote fetches in 1 ms
17/02/02 00:13:07 INFO python.PythonRunner: Times: total = 77, boot = -41, init = 43, finish = 75
17/02/02 00:13:07 INFO python.PythonRunner: Times: total = 78, boot = -30, init = 31, finish = 77
17/02/02 00:13:07 INFO executor.Executor: Finished task 186.0 in stage 313.0 (TID 53110). 1928 bytes result sent to driver
17/02/02 00:13:07 INFO executor.CoarseGrainedExecutorBackend: Got assigned task 53127
17/02/02 00:13:07 INFO executor.Executor: Running task 199.0 in stage 313.0 (TID 53127)
17/02/02 00:13:07 INFO storage.ShuffleBlockFetcherIterator: Getting 247 non-empty blocks out of 450 blocks
17/02/02 00:13:07 INFO storage.ShuffleBlockFetcherIterator: Started 4 remote fetches in 1 ms
17/02/02 00:13:07 INFO executor.Executor: Finished task 187.0 in stage 313.0 (TID 53111). 1928 bytes result sent to driver
17/02/02 00:13:07 INFO executor.CoarseGrainedExecutorBackend: Got assigned task 53129
17/02/02 00:13:07 INFO executor.Executor: Running task 201.0 in stage 313.0 (TID 53129)
17/02/02 00:13:07 INFO storage.ShuffleBlockFetcherIterator: Getting 247 non-empty blocks out of 450 blocks
17/02/02 00:13:07 INFO storage.ShuffleBlockFetcherIterator: Started 5 remote fetches in 1 ms
17/02/02 00:13:07 INFO python.PythonRunner: Times: total = 272, boot = -66, init = 67, finish = 271
