17/02/01 23:35:51 INFO storage.ShuffleBlockFetcherIterator: Getting 120 non-empty blocks out of 120 blocks
17/02/01 23:35:51 INFO storage.ShuffleBlockFetcherIterator: Started 4 remote fetches in 0 ms
17/02/01 23:35:51 INFO python.PythonRunner: Times: total = 772, boot = -501, init = 503, finish = 770
17/02/01 23:35:51 INFO python.PythonRunner: Times: total = 756, boot = -388, init = 391, finish = 753
17/02/01 23:35:51 INFO python.PythonRunner: Times: total = 803, boot = -487, init = 490, finish = 800
17/02/01 23:35:51 INFO executor.Executor: Finished task 34.0 in stage 264.0 (TID 48491). 1562 bytes result sent to driver
17/02/01 23:35:51 INFO executor.CoarseGrainedExecutorBackend: Got assigned task 48506
17/02/01 23:35:51 INFO executor.Executor: Running task 41.0 in stage 264.0 (TID 48506)
17/02/01 23:35:51 INFO storage.ShuffleBlockFetcherIterator: Getting 120 non-empty blocks out of 120 blocks
17/02/01 23:35:51 INFO storage.ShuffleBlockFetcherIterator: Started 4 remote fetches in 1 ms
17/02/01 23:35:51 INFO python.PythonRunner: Times: total = 1159, boot = -715, init = 720, finish = 1154
17/02/01 23:35:51 INFO executor.Executor: Finished task 32.0 in stage 264.0 (TID 48489). 1562 bytes result sent to driver
17/02/01 23:35:51 INFO executor.CoarseGrainedExecutorBackend: Got assigned task 48507
17/02/01 23:35:51 INFO executor.Executor: Running task 42.0 in stage 264.0 (TID 48507)
17/02/01 23:35:51 INFO executor.Executor: Finished task 33.0 in stage 264.0 (TID 48490). 1562 bytes result sent to driver
17/02/01 23:35:51 INFO storage.ShuffleBlockFetcherIterator: Getting 120 non-empty blocks out of 120 blocks
17/02/01 23:35:51 INFO storage.ShuffleBlockFetcherIterator: Started 4 remote fetches in 1 ms
17/02/01 23:35:51 INFO executor.CoarseGrainedExecutorBackend: Got assigned task 48508
17/02/01 23:35:51 INFO executor.Executor: Running task 46.0 in stage 264.0 (TID 48508)
17/02/01 23:35:51 INFO storage.ShuffleBlockFetcherIterator: Getting 120 non-empty blocks out of 120 blocks
17/02/01 23:35:51 INFO storage.ShuffleBlockFetcherIterator: Started 5 remote fetches in 1 ms
17/02/01 23:35:51 INFO executor.Executor: Finished task 27.0 in stage 264.0 (TID 48485). 1562 bytes result sent to driver
17/02/01 23:35:51 INFO executor.CoarseGrainedExecutorBackend: Got assigned task 48509
17/02/01 23:35:51 INFO executor.Executor: Running task 47.0 in stage 264.0 (TID 48509)
17/02/01 23:35:51 INFO storage.ShuffleBlockFetcherIterator: Getting 120 non-empty blocks out of 120 blocks
17/02/01 23:35:51 INFO storage.ShuffleBlockFetcherIterator: Started 5 remote fetches in 1 ms
17/02/01 23:35:52 INFO python.PythonRunner: Times: total = 130, boot = -970, init = 974, finish = 126
17/02/01 23:35:52 INFO executor.Executor: Finished task 41.0 in stage 264.0 (TID 48506). 1562 bytes result sent to driver
17/02/01 23:35:52 INFO executor.CoarseGrainedExecutorBackend: Got assigned task 48510
17/02/01 23:35:52 INFO executor.Executor: Running task 48.0 in stage 264.0 (TID 48510)
17/02/01 23:35:52 INFO storage.ShuffleBlockFetcherIterator: Getting 120 non-empty blocks out of 120 blocks
17/02/01 23:35:52 INFO storage.ShuffleBlockFetcherIterator: Started 4 remote fetches in 1 ms
17/02/01 23:35:52 INFO python.PythonRunner: Times: total = 140, boot = -869, init = 872, finish = 137
17/02/01 23:35:52 INFO executor.Executor: Finished task 47.0 in stage 264.0 (TID 48509). 1562 bytes result sent to driver
17/02/01 23:35:52 INFO executor.CoarseGrainedExecutorBackend: Got assigned task 48511
17/02/01 23:35:52 INFO executor.Executor: Running task 49.0 in stage 264.0 (TID 48511)
17/02/01 23:35:52 INFO storage.ShuffleBlockFetcherIterator: Getting 120 non-empty blocks out of 120 blocks
17/02/01 23:35:52 INFO storage.ShuffleBlockFetcherIterator: Started 5 remote fetches in 0 ms
17/02/01 23:35:52 INFO python.PythonRunner: Times: total = 1193, boot = -715, init = 718, finish = 1190
17/02/01 23:35:52 INFO executor.Executor: Finished task 31.0 in stage 264.0 (TID 48488). 1562 bytes result sent to driver
17/02/01 23:35:52 INFO executor.CoarseGrainedExecutorBackend: Got assigned task 48512
17/02/01 23:35:52 INFO executor.Executor: Running task 50.0 in stage 264.0 (TID 48512)
17/02/01 23:35:52 INFO storage.ShuffleBlockFetcherIterator: Getting 120 non-empty blocks out of 120 blocks
17/02/01 23:35:52 INFO storage.ShuffleBlockFetcherIterator: Started 4 remote fetches in 0 ms
17/02/01 23:35:52 INFO python.PythonRunner: Times: total = 124, boot = -421, init = 423, finish = 122
17/02/01 23:35:52 INFO executor.Executor: Finished task 49.0 in stage 264.0 (TID 48511). 1562 bytes result sent to driver
17/02/01 23:35:52 INFO executor.CoarseGrainedExecutorBackend: Got assigned task 48513
17/02/01 23:35:52 INFO executor.Executor: Running task 51.0 in stage 264.0 (TID 48513)
17/02/01 23:35:52 INFO storage.ShuffleBlockFetcherIterator: Getting 120 non-empty blocks out of 120 blocks
17/02/01 23:35:52 INFO storage.ShuffleBlockFetcherIterator: Started 5 remote fetches in 0 ms
17/02/01 23:35:52 INFO python.PythonRunner: Times: total = 835, boot = -790, init = 794, finish = 831
17/02/01 23:35:52 INFO executor.Executor: Finished task 37.0 in stage 264.0 (TID 48502). 1562 bytes result sent to driver
17/02/01 23:35:52 INFO executor.CoarseGrainedExecutorBackend: Got assigned task 48514
17/02/01 23:35:52 INFO executor.Executor: Running task 52.0 in stage 264.0 (TID 48514)
17/02/01 23:35:52 INFO storage.ShuffleBlockFetcherIterator: Getting 120 non-empty blocks out of 120 blocks
17/02/01 23:35:52 INFO storage.ShuffleBlockFetcherIterator: Started 5 remote fetches in 1 ms
17/02/01 23:35:52 INFO python.PythonRunner: Times: total = 754, boot = -867, init = 871, finish = 750
17/02/01 23:35:52 INFO executor.Executor: Finished task 46.0 in stage 264.0 (TID 48508). 1562 bytes result sent to driver
17/02/01 23:35:52 INFO executor.CoarseGrainedExecutorBackend: Got assigned task 48515
17/02/01 23:35:52 INFO executor.Executor: Running task 54.0 in stage 264.0 (TID 48515)
17/02/01 23:35:52 INFO storage.ShuffleBlockFetcherIterator: Getting 120 non-empty blocks out of 120 blocks
17/02/01 23:35:52 INFO storage.ShuffleBlockFetcherIterator: Started 6 remote fetches in 0 ms
17/02/01 23:35:52 INFO python.PythonRunner: Times: total = 817, boot = -553, init = 556, finish = 814
17/02/01 23:35:52 INFO executor.Executor: Finished task 48.0 in stage 264.0 (TID 48510). 1562 bytes result sent to driver
17/02/01 23:35:52 INFO executor.CoarseGrainedExecutorBackend: Got assigned task 48516
17/02/01 23:35:52 INFO executor.Executor: Running task 55.0 in stage 264.0 (TID 48516)
17/02/01 23:35:52 INFO storage.ShuffleBlockFetcherIterator: Getting 120 non-empty blocks out of 120 blocks
17/02/01 23:35:52 INFO storage.ShuffleBlockFetcherIterator: Started 6 remote fetches in 1 ms
17/02/01 23:35:52 INFO python.PythonRunner: Times: total = 1017, boot = -887, init = 889, finish = 1015
17/02/01 23:35:52 INFO executor.Executor: Finished task 42.0 in stage 264.0 (TID 48507). 1562 bytes result sent to driver
17/02/01 23:35:52 INFO executor.CoarseGrainedExecutorBackend: Got assigned task 48517
17/02/01 23:35:52 INFO executor.Executor: Running task 56.0 in stage 264.0 (TID 48517)
17/02/01 23:35:52 INFO storage.ShuffleBlockFetcherIterator: Getting 120 non-empty blocks out of 120 blocks
17/02/01 23:35:52 INFO storage.ShuffleBlockFetcherIterator: Started 5 remote fetches in 1 ms
17/02/01 23:35:53 INFO python.PythonRunner: Times: total = 166, boot = -884, init = 886, finish = 164
17/02/01 23:35:53 INFO executor.Executor: Finished task 55.0 in stage 264.0 (TID 48516). 1562 bytes result sent to driver
17/02/01 23:35:53 INFO executor.CoarseGrainedExecutorBackend: Got assigned task 48518
17/02/01 23:35:53 INFO executor.Executor: Running task 57.0 in stage 264.0 (TID 48518)
17/02/01 23:35:53 INFO storage.ShuffleBlockFetcherIterator: Getting 120 non-empty blocks out of 120 blocks
17/02/01 23:35:53 INFO storage.ShuffleBlockFetcherIterator: Started 6 remote fetches in 1 ms
17/02/01 23:35:53 INFO python.PythonRunner: Times: total = 172, boot = -879, init = 881, finish = 170
17/02/01 23:35:53 INFO python.PythonRunner: Times: total = 891, boot = -388, init = 392, finish = 887
17/02/01 23:35:53 INFO executor.Executor: Finished task 51.0 in stage 264.0 (TID 48513). 1562 bytes result sent to driver
17/02/01 23:35:53 INFO executor.CoarseGrainedExecutorBackend: Got assigned task 48519
17/02/01 23:35:53 INFO executor.Executor: Running task 59.0 in stage 264.0 (TID 48519)
17/02/01 23:35:53 INFO executor.Executor: Finished task 56.0 in stage 264.0 (TID 48517). 1562 bytes result sent to driver
17/02/01 23:35:53 INFO storage.ShuffleBlockFetcherIterator: Getting 120 non-empty blocks out of 120 blocks
17/02/01 23:35:53 INFO storage.ShuffleBlockFetcherIterator: Started 5 remote fetches in 1 ms
17/02/01 23:35:53 INFO executor.CoarseGrainedExecutorBackend: Got assigned task 48520
17/02/01 23:35:53 INFO executor.Executor: Running task 60.0 in stage 264.0 (TID 48520)
17/02/01 23:35:53 INFO storage.ShuffleBlockFetcherIterator: Getting 120 non-empty blocks out of 120 blocks
17/02/01 23:35:53 INFO storage.ShuffleBlockFetcherIterator: Started 5 remote fetches in 1 ms
17/02/01 23:35:53 INFO python.PythonRunner: Times: total = 1072, boot = -295, init = 297, finish = 1070
17/02/01 23:35:53 INFO executor.Executor: Finished task 50.0 in stage 264.0 (TID 48512). 1562 bytes result sent to driver
17/02/01 23:35:53 INFO executor.CoarseGrainedExecutorBackend: Got assigned task 48521
17/02/01 23:35:53 INFO executor.Executor: Running task 61.0 in stage 264.0 (TID 48521)
17/02/01 23:35:53 INFO storage.ShuffleBlockFetcherIterator: Getting 120 non-empty blocks out of 120 blocks
17/02/01 23:35:53 INFO storage.ShuffleBlockFetcherIterator: Started 4 remote fetches in 1 ms
17/02/01 23:35:53 INFO python.PythonRunner: Times: total = 136, boot = -936, init = 940, finish = 132
17/02/01 23:35:53 INFO executor.Executor: Finished task 59.0 in stage 264.0 (TID 48519). 1562 bytes result sent to driver
