17/02/01 23:46:53 INFO executor.CoarseGrainedExecutorBackend: Got assigned task 48751
17/02/01 23:46:53 INFO executor.Executor: Running task 24.0 in stage 269.0 (TID 48751)
17/02/01 23:46:53 INFO storage.ShuffleBlockFetcherIterator: Getting 90 non-empty blocks out of 90 blocks
17/02/01 23:46:53 INFO storage.ShuffleBlockFetcherIterator: Started 3 remote fetches in 1 ms
17/02/01 23:46:53 INFO python.PythonRunner: Times: total = 2051, boot = -45, init = 46, finish = 2050
17/02/01 23:46:53 INFO python.PythonRunner: Times: total = 180, boot = -1505, init = 1506, finish = 179
17/02/01 23:46:53 INFO executor.Executor: Finished task 12.0 in stage 269.0 (TID 48739). 1562 bytes result sent to driver
17/02/01 23:46:53 INFO executor.CoarseGrainedExecutorBackend: Got assigned task 48752
17/02/01 23:46:53 INFO executor.Executor: Running task 25.0 in stage 269.0 (TID 48752)
17/02/01 23:46:53 INFO storage.ShuffleBlockFetcherIterator: Getting 90 non-empty blocks out of 90 blocks
17/02/01 23:46:53 INFO storage.ShuffleBlockFetcherIterator: Started 3 remote fetches in 1 ms
17/02/01 23:46:54 INFO python.PythonRunner: Times: total = 2304, boot = -47, init = 48, finish = 2303
17/02/01 23:46:54 INFO python.PythonRunner: Times: total = 2294, boot = -125, init = 126, finish = 2293
17/02/01 23:46:54 INFO python.PythonRunner: Times: total = 291, boot = -300, init = 302, finish = 289
17/02/01 23:46:54 INFO executor.Executor: Finished task 14.0 in stage 269.0 (TID 48741). 1562 bytes result sent to driver
17/02/01 23:46:54 INFO executor.CoarseGrainedExecutorBackend: Got assigned task 48753
17/02/01 23:46:54 INFO executor.Executor: Running task 26.0 in stage 269.0 (TID 48753)
17/02/01 23:46:54 INFO storage.ShuffleBlockFetcherIterator: Getting 90 non-empty blocks out of 90 blocks
17/02/01 23:46:54 INFO storage.ShuffleBlockFetcherIterator: Started 3 remote fetches in 0 ms
17/02/01 23:46:54 INFO python.PythonRunner: Times: total = 2219, boot = -159, init = 159, finish = 2219
17/02/01 23:46:54 INFO python.PythonRunner: Times: total = 284, boot = -291, init = 293, finish = 282
17/02/01 23:46:54 INFO executor.Executor: Finished task 15.0 in stage 269.0 (TID 48742). 1562 bytes result sent to driver
17/02/01 23:46:54 INFO executor.CoarseGrainedExecutorBackend: Got assigned task 48754
17/02/01 23:46:54 INFO executor.Executor: Running task 27.0 in stage 269.0 (TID 48754)
17/02/01 23:46:54 INFO storage.ShuffleBlockFetcherIterator: Getting 90 non-empty blocks out of 90 blocks
17/02/01 23:46:54 INFO storage.ShuffleBlockFetcherIterator: Started 3 remote fetches in 0 ms
17/02/01 23:46:54 INFO python.PythonRunner: Times: total = 273, boot = -65, init = 67, finish = 271
17/02/01 23:46:54 INFO python.PythonRunner: Times: total = 2535, boot = -186, init = 187, finish = 2534
17/02/01 23:46:54 INFO executor.Executor: Finished task 17.0 in stage 269.0 (TID 48744). 1562 bytes result sent to driver
17/02/01 23:46:54 INFO executor.CoarseGrainedExecutorBackend: Got assigned task 48755
17/02/01 23:46:54 INFO executor.Executor: Running task 29.0 in stage 269.0 (TID 48755)
17/02/01 23:46:54 INFO storage.ShuffleBlockFetcherIterator: Getting 90 non-empty blocks out of 90 blocks
17/02/01 23:46:54 INFO storage.ShuffleBlockFetcherIterator: Started 3 remote fetches in 1 ms
17/02/01 23:46:54 INFO python.PythonRunner: Times: total = 330, boot = -122, init = 124, finish = 328
17/02/01 23:46:54 INFO executor.Executor: Finished task 16.0 in stage 269.0 (TID 48743). 1562 bytes result sent to driver
17/02/01 23:46:54 INFO executor.CoarseGrainedExecutorBackend: Got assigned task 48756
17/02/01 23:46:54 INFO executor.Executor: Running task 30.0 in stage 269.0 (TID 48756)
17/02/01 23:46:54 INFO storage.ShuffleBlockFetcherIterator: Getting 90 non-empty blocks out of 90 blocks
17/02/01 23:46:54 INFO storage.ShuffleBlockFetcherIterator: Started 3 remote fetches in 1 ms
17/02/01 23:46:55 INFO python.PythonRunner: Times: total = 1975, boot = -199, init = 200, finish = 1974
17/02/01 23:46:55 INFO python.PythonRunner: Times: total = 1699, boot = -316, init = 317, finish = 1698
17/02/01 23:46:55 INFO python.PythonRunner: Times: total = 273, boot = -838, init = 839, finish = 272
17/02/01 23:46:55 INFO python.PythonRunner: Times: total = 277, boot = -670, init = 671, finish = 276
17/02/01 23:46:55 INFO executor.Executor: Finished task 25.0 in stage 269.0 (TID 48752). 1562 bytes result sent to driver
17/02/01 23:46:55 INFO executor.CoarseGrainedExecutorBackend: Got assigned task 48757
17/02/01 23:46:55 INFO executor.Executor: Running task 31.0 in stage 269.0 (TID 48757)
17/02/01 23:46:55 INFO storage.ShuffleBlockFetcherIterator: Getting 90 non-empty blocks out of 90 blocks
17/02/01 23:46:55 INFO storage.ShuffleBlockFetcherIterator: Started 3 remote fetches in 0 ms
17/02/01 23:46:55 INFO executor.Executor: Finished task 24.0 in stage 269.0 (TID 48751). 1562 bytes result sent to driver
17/02/01 23:46:55 INFO executor.CoarseGrainedExecutorBackend: Got assigned task 48758
17/02/01 23:46:55 INFO executor.Executor: Running task 32.0 in stage 269.0 (TID 48758)
17/02/01 23:46:55 INFO storage.ShuffleBlockFetcherIterator: Getting 90 non-empty blocks out of 90 blocks
17/02/01 23:46:55 INFO storage.ShuffleBlockFetcherIterator: Started 3 remote fetches in 1 ms
17/02/01 23:46:56 INFO python.PythonRunner: Times: total = 2066, boot = -131, init = 132, finish = 2065
17/02/01 23:46:56 INFO python.PythonRunner: Times: total = 295, boot = -573, init = 574, finish = 294
17/02/01 23:46:56 INFO executor.Executor: Finished task 26.0 in stage 269.0 (TID 48753). 1562 bytes result sent to driver
17/02/01 23:46:56 INFO executor.CoarseGrainedExecutorBackend: Got assigned task 48761
17/02/01 23:46:56 INFO executor.Executor: Running task 35.0 in stage 269.0 (TID 48761)
17/02/01 23:46:56 INFO storage.ShuffleBlockFetcherIterator: Getting 90 non-empty blocks out of 90 blocks
17/02/01 23:46:56 INFO storage.ShuffleBlockFetcherIterator: Started 3 remote fetches in 0 ms
17/02/01 23:46:56 INFO python.PythonRunner: Times: total = 2230, boot = -200, init = 201, finish = 2229
17/02/01 23:46:56 INFO python.PythonRunner: Times: total = 2455, boot = -62, init = 64, finish = 2453
17/02/01 23:46:57 INFO python.PythonRunner: Times: total = 2171, boot = -267, init = 268, finish = 2170
17/02/01 23:46:57 INFO python.PythonRunner: Times: total = 301, boot = -891, init = 892, finish = 300
17/02/01 23:46:57 INFO executor.Executor: Finished task 29.0 in stage 269.0 (TID 48755). 1562 bytes result sent to driver
17/02/01 23:46:57 INFO executor.CoarseGrainedExecutorBackend: Got assigned task 48764
17/02/01 23:46:57 INFO executor.Executor: Running task 38.0 in stage 269.0 (TID 48764)
17/02/01 23:46:57 INFO storage.ShuffleBlockFetcherIterator: Getting 90 non-empty blocks out of 90 blocks
17/02/01 23:46:57 INFO storage.ShuffleBlockFetcherIterator: Started 3 remote fetches in 1 ms
17/02/01 23:46:57 INFO python.PythonRunner: Times: total = 278, boot = -164, init = 166, finish = 276
17/02/01 23:46:57 INFO python.PythonRunner: Times: total = 268, boot = -32, init = 33, finish = 267
17/02/01 23:46:57 INFO executor.Executor: Finished task 27.0 in stage 269.0 (TID 48754). 1562 bytes result sent to driver
17/02/01 23:46:57 INFO executor.CoarseGrainedExecutorBackend: Got assigned task 48765
17/02/01 23:46:57 INFO executor.Executor: Running task 39.0 in stage 269.0 (TID 48765)
17/02/01 23:46:57 INFO storage.ShuffleBlockFetcherIterator: Getting 90 non-empty blocks out of 90 blocks
17/02/01 23:46:57 INFO storage.ShuffleBlockFetcherIterator: Started 3 remote fetches in 1 ms
17/02/01 23:46:57 INFO executor.Executor: Finished task 30.0 in stage 269.0 (TID 48756). 1562 bytes result sent to driver
17/02/01 23:46:57 INFO executor.CoarseGrainedExecutorBackend: Got assigned task 48766
17/02/01 23:46:57 INFO executor.Executor: Running task 40.0 in stage 269.0 (TID 48766)
17/02/01 23:46:57 INFO storage.ShuffleBlockFetcherIterator: Getting 90 non-empty blocks out of 90 blocks
17/02/01 23:46:57 INFO storage.ShuffleBlockFetcherIterator: Started 4 remote fetches in 1 ms
17/02/01 23:46:57 INFO python.PythonRunner: Times: total = 2028, boot = -192, init = 193, finish = 2027
17/02/01 23:46:57 INFO python.PythonRunner: Times: total = 257, boot = -575, init = 577, finish = 255
17/02/01 23:46:58 INFO executor.Executor: Finished task 31.0 in stage 269.0 (TID 48757). 1562 bytes result sent to driver
17/02/01 23:46:58 INFO executor.CoarseGrainedExecutorBackend: Got assigned task 48769
17/02/01 23:46:58 INFO executor.Executor: Running task 44.0 in stage 269.0 (TID 48769)
17/02/01 23:46:58 INFO storage.ShuffleBlockFetcherIterator: Getting 90 non-empty blocks out of 90 blocks
17/02/01 23:46:58 INFO storage.ShuffleBlockFetcherIterator: Started 3 remote fetches in 1 ms
17/02/01 23:46:58 INFO python.PythonRunner: Times: total = 2255, boot = -224, init = 225, finish = 2254
17/02/01 23:46:58 INFO python.PythonRunner: Times: total = 250, boot = -784, init = 786, finish = 248
17/02/01 23:46:58 INFO executor.Executor: Finished task 32.0 in stage 269.0 (TID 48758). 1562 bytes result sent to driver
17/02/01 23:46:58 INFO executor.CoarseGrainedExecutorBackend: Got assigned task 48770
17/02/01 23:46:58 INFO executor.Executor: Running task 45.0 in stage 269.0 (TID 48770)
17/02/01 23:46:58 INFO storage.ShuffleBlockFetcherIterator: Getting 90 non-empty blocks out of 90 blocks
17/02/01 23:46:58 INFO storage.ShuffleBlockFetcherIterator: Started 3 remote fetches in 0 ms
17/02/01 23:46:58 INFO python.PythonRunner: Times: total = 1950, boot = -242, init = 243, finish = 1949
17/02/01 23:46:58 INFO python.PythonRunner: Times: total = 180, boot = -433, init = 435, finish = 178
17/02/01 23:46:58 INFO executor.Executor: Finished task 35.0 in stage 269.0 (TID 48761). 1562 bytes result sent to driver
17/02/01 23:46:58 INFO executor.CoarseGrainedExecutorBackend: Got assigned task 48772
17/02/01 23:46:58 INFO executor.Executor: Running task 47.0 in stage 269.0 (TID 48772)
