17/02/01 23:49:39 INFO executor.Executor: Finished task 59.0 in stage 279.0 (TID 49428). 1688 bytes result sent to driver
17/02/01 23:49:39 INFO executor.CoarseGrainedExecutorBackend: Got assigned task 49459
17/02/01 23:49:39 INFO executor.Executor: Running task 90.0 in stage 279.0 (TID 49459)
17/02/01 23:49:39 INFO storage.ShuffleBlockFetcherIterator: Getting 123 non-empty blocks out of 210 blocks
17/02/01 23:49:39 INFO storage.ShuffleBlockFetcherIterator: Started 4 remote fetches in 0 ms
17/02/01 23:49:39 INFO executor.Executor: Finished task 71.0 in stage 279.0 (TID 49430). 1688 bytes result sent to driver
17/02/01 23:49:39 INFO executor.Executor: Finished task 74.0 in stage 279.0 (TID 49432). 1688 bytes result sent to driver
17/02/01 23:49:39 INFO executor.CoarseGrainedExecutorBackend: Got assigned task 49460
17/02/01 23:49:39 INFO executor.Executor: Running task 91.0 in stage 279.0 (TID 49460)
17/02/01 23:49:39 INFO storage.ShuffleBlockFetcherIterator: Getting 123 non-empty blocks out of 210 blocks
17/02/01 23:49:39 INFO storage.ShuffleBlockFetcherIterator: Started 5 remote fetches in 1 ms
17/02/01 23:49:39 INFO executor.CoarseGrainedExecutorBackend: Got assigned task 49462
17/02/01 23:49:39 INFO executor.Executor: Running task 102.0 in stage 279.0 (TID 49462)
17/02/01 23:49:39 INFO storage.ShuffleBlockFetcherIterator: Getting 123 non-empty blocks out of 210 blocks
17/02/01 23:49:39 INFO storage.ShuffleBlockFetcherIterator: Started 5 remote fetches in 1 ms
17/02/01 23:49:39 INFO python.PythonRunner: Times: total = 144, boot = 9, init = 0, finish = 135
17/02/01 23:49:39 INFO python.PythonRunner: Times: total = 132, boot = -26, init = 28, finish = 130
17/02/01 23:49:39 INFO executor.Executor: Finished task 84.0 in stage 279.0 (TID 49435). 1688 bytes result sent to driver
17/02/01 23:49:39 INFO executor.CoarseGrainedExecutorBackend: Got assigned task 49464
17/02/01 23:49:39 INFO executor.Executor: Running task 117.0 in stage 279.0 (TID 49464)
17/02/01 23:49:39 INFO storage.ShuffleBlockFetcherIterator: Getting 123 non-empty blocks out of 210 blocks
17/02/01 23:49:39 INFO storage.ShuffleBlockFetcherIterator: Started 5 remote fetches in 1 ms
17/02/01 23:49:39 INFO executor.Executor: Finished task 61.0 in stage 279.0 (TID 49429). 1688 bytes result sent to driver
17/02/01 23:49:39 INFO executor.CoarseGrainedExecutorBackend: Got assigned task 49465
17/02/01 23:49:39 INFO executor.Executor: Running task 119.0 in stage 279.0 (TID 49465)
17/02/01 23:49:39 INFO storage.ShuffleBlockFetcherIterator: Getting 123 non-empty blocks out of 210 blocks
17/02/01 23:49:39 INFO storage.ShuffleBlockFetcherIterator: Started 4 remote fetches in 1 ms
17/02/01 23:49:40 INFO python.PythonRunner: Times: total = 634, boot = -54, init = 56, finish = 632
17/02/01 23:49:40 INFO python.PythonRunner: Times: total = 692, boot = -72, init = 74, finish = 690
17/02/01 23:49:40 INFO python.PythonRunner: Times: total = 162, boot = -544, init = 545, finish = 161
17/02/01 23:49:40 INFO python.PythonRunner: Times: total = 98, boot = -577, init = 578, finish = 97
17/02/01 23:49:40 INFO python.PythonRunner: Times: total = 730, boot = -56, init = 57, finish = 729
17/02/01 23:49:40 INFO python.PythonRunner: Times: total = 131, boot = -617, init = 618, finish = 130
17/02/01 23:49:40 INFO executor.Executor: Finished task 87.0 in stage 279.0 (TID 49456). 1688 bytes result sent to driver
17/02/01 23:49:40 INFO executor.CoarseGrainedExecutorBackend: Got assigned task 49482
17/02/01 23:49:40 INFO executor.Executor: Running task 120.0 in stage 279.0 (TID 49482)
17/02/01 23:49:40 INFO storage.ShuffleBlockFetcherIterator: Getting 123 non-empty blocks out of 210 blocks
17/02/01 23:49:40 INFO storage.ShuffleBlockFetcherIterator: Started 4 remote fetches in 1 ms
17/02/01 23:49:40 INFO executor.Executor: Finished task 90.0 in stage 279.0 (TID 49459). 1688 bytes result sent to driver
17/02/01 23:49:40 INFO executor.CoarseGrainedExecutorBackend: Got assigned task 49483
17/02/01 23:49:40 INFO executor.Executor: Running task 121.0 in stage 279.0 (TID 49483)
17/02/01 23:49:40 INFO storage.ShuffleBlockFetcherIterator: Getting 123 non-empty blocks out of 210 blocks
17/02/01 23:49:40 INFO storage.ShuffleBlockFetcherIterator: Started 6 remote fetches in 1 ms
17/02/01 23:49:40 INFO python.PythonRunner: Times: total = 719, boot = -186, init = 192, finish = 713
17/02/01 23:49:40 INFO python.PythonRunner: Times: total = 839, boot = -110, init = 112, finish = 837
17/02/01 23:49:40 INFO python.PythonRunner: Times: total = 131, boot = -249, init = 250, finish = 130
17/02/01 23:49:40 INFO executor.Executor: Finished task 91.0 in stage 279.0 (TID 49460). 1688 bytes result sent to driver
17/02/01 23:49:40 INFO executor.CoarseGrainedExecutorBackend: Got assigned task 49484
17/02/01 23:49:40 INFO executor.Executor: Running task 130.0 in stage 279.0 (TID 49484)
17/02/01 23:49:40 INFO storage.ShuffleBlockFetcherIterator: Getting 123 non-empty blocks out of 210 blocks
17/02/01 23:49:40 INFO storage.ShuffleBlockFetcherIterator: Started 5 remote fetches in 1 ms
17/02/01 23:49:40 INFO python.PythonRunner: Times: total = 135, boot = -153, init = 155, finish = 133
17/02/01 23:49:40 INFO executor.Executor: Finished task 119.0 in stage 279.0 (TID 49465). 1688 bytes result sent to driver
17/02/01 23:49:40 INFO executor.CoarseGrainedExecutorBackend: Got assigned task 49485
17/02/01 23:49:40 INFO executor.Executor: Running task 132.0 in stage 279.0 (TID 49485)
17/02/01 23:49:40 INFO storage.ShuffleBlockFetcherIterator: Getting 123 non-empty blocks out of 210 blocks
17/02/01 23:49:40 INFO storage.ShuffleBlockFetcherIterator: Started 4 remote fetches in 0 ms
17/02/01 23:49:40 INFO python.PythonRunner: Times: total = 1036, boot = -58, init = 61, finish = 1033
17/02/01 23:49:40 INFO python.PythonRunner: Times: total = 156, boot = -236, init = 237, finish = 155
17/02/01 23:49:40 INFO executor.Executor: Finished task 117.0 in stage 279.0 (TID 49464). 1688 bytes result sent to driver
17/02/01 23:49:40 INFO executor.CoarseGrainedExecutorBackend: Got assigned task 49488
17/02/01 23:49:40 INFO executor.Executor: Running task 134.0 in stage 279.0 (TID 49488)
17/02/01 23:49:40 INFO storage.ShuffleBlockFetcherIterator: Getting 123 non-empty blocks out of 210 blocks
17/02/01 23:49:40 INFO storage.ShuffleBlockFetcherIterator: Started 5 remote fetches in 0 ms
17/02/01 23:49:40 INFO executor.Executor: Finished task 102.0 in stage 279.0 (TID 49462). 1688 bytes result sent to driver
17/02/01 23:49:40 INFO executor.CoarseGrainedExecutorBackend: Got assigned task 49491
17/02/01 23:49:40 INFO executor.Executor: Running task 135.0 in stage 279.0 (TID 49491)
17/02/01 23:49:40 INFO storage.ShuffleBlockFetcherIterator: Getting 123 non-empty blocks out of 210 blocks
17/02/01 23:49:40 INFO storage.ShuffleBlockFetcherIterator: Started 5 remote fetches in 1 ms
17/02/01 23:49:40 INFO python.PythonRunner: Times: total = 577, boot = -148, init = 150, finish = 575
17/02/01 23:49:41 INFO python.PythonRunner: Times: total = 125, boot = -383, init = 384, finish = 124
17/02/01 23:49:41 INFO python.PythonRunner: Times: total = 696, boot = -172, init = 173, finish = 695
17/02/01 23:49:41 INFO executor.Executor: Finished task 121.0 in stage 279.0 (TID 49483). 1688 bytes result sent to driver
17/02/01 23:49:41 INFO executor.CoarseGrainedExecutorBackend: Got assigned task 49496
17/02/01 23:49:41 INFO executor.Executor: Running task 144.0 in stage 279.0 (TID 49496)
17/02/01 23:49:41 INFO storage.ShuffleBlockFetcherIterator: Getting 123 non-empty blocks out of 210 blocks
17/02/01 23:49:41 INFO storage.ShuffleBlockFetcherIterator: Started 5 remote fetches in 1 ms
17/02/01 23:49:41 INFO python.PythonRunner: Times: total = 153, boot = -439, init = 441, finish = 151
17/02/01 23:49:41 INFO executor.Executor: Finished task 120.0 in stage 279.0 (TID 49482). 1688 bytes result sent to driver
17/02/01 23:49:41 INFO executor.CoarseGrainedExecutorBackend: Got assigned task 49501
17/02/01 23:49:41 INFO executor.Executor: Running task 147.0 in stage 279.0 (TID 49501)
17/02/01 23:49:41 INFO storage.ShuffleBlockFetcherIterator: Getting 123 non-empty blocks out of 210 blocks
17/02/01 23:49:41 INFO storage.ShuffleBlockFetcherIterator: Started 5 remote fetches in 0 ms
17/02/01 23:49:41 INFO python.PythonRunner: Times: total = 918, boot = -104, init = 234, finish = 788
17/02/01 23:49:41 INFO python.PythonRunner: Times: total = 113, boot = -326, init = 327, finish = 112
17/02/01 23:49:41 INFO python.PythonRunner: Times: total = 876, boot = -227, init = 229, finish = 874
17/02/01 23:49:41 INFO executor.Executor: Finished task 132.0 in stage 279.0 (TID 49485). 1688 bytes result sent to driver
17/02/01 23:49:41 INFO executor.CoarseGrainedExecutorBackend: Got assigned task 49512
17/02/01 23:49:41 INFO executor.Executor: Running task 150.0 in stage 279.0 (TID 49512)
17/02/01 23:49:41 INFO storage.ShuffleBlockFetcherIterator: Getting 123 non-empty blocks out of 210 blocks
17/02/01 23:49:41 INFO storage.ShuffleBlockFetcherIterator: Started 4 remote fetches in 0 ms
17/02/01 23:49:41 INFO python.PythonRunner: Times: total = 148, boot = -418, init = 419, finish = 147
17/02/01 23:49:41 INFO executor.Executor: Finished task 134.0 in stage 279.0 (TID 49488). 1688 bytes result sent to driver
17/02/01 23:49:41 INFO executor.CoarseGrainedExecutorBackend: Got assigned task 49513
17/02/01 23:49:41 INFO executor.Executor: Running task 151.0 in stage 279.0 (TID 49513)
17/02/01 23:49:41 INFO storage.ShuffleBlockFetcherIterator: Getting 123 non-empty blocks out of 210 blocks
17/02/01 23:49:41 INFO storage.ShuffleBlockFetcherIterator: Started 6 remote fetches in 1 ms
17/02/01 23:49:41 INFO python.PythonRunner: Times: total = 937, boot = -313, init = 315, finish = 935
17/02/01 23:49:41 INFO python.PythonRunner: Times: total = 1281, boot = -151, init = 282, finish = 1150
17/02/01 23:49:41 INFO python.PythonRunner: Times: total = 141, boot = -232, init = 234, finish = 139
