17/02/02 00:26:35 INFO executor.CoarseGrainedExecutorBackend: Got assigned task 61906
17/02/02 00:26:35 INFO executor.Executor: Running task 1392.0 in stage 346.0 (TID 61906)
17/02/02 00:26:35 INFO storage.ShuffleBlockFetcherIterator: Getting 960 non-empty blocks out of 960 blocks
17/02/02 00:26:35 INFO storage.ShuffleBlockFetcherIterator: Started 6 remote fetches in 2 ms
17/02/02 00:26:35 INFO python.PythonRunner: Times: total = 469, boot = -315, init = 317, finish = 467
17/02/02 00:26:35 INFO executor.Executor: Finished task 1374.0 in stage 346.0 (TID 61888). 3348 bytes result sent to driver
17/02/02 00:26:35 INFO executor.CoarseGrainedExecutorBackend: Got assigned task 61907
17/02/02 00:26:35 INFO executor.Executor: Running task 1393.0 in stage 346.0 (TID 61907)
17/02/02 00:26:35 INFO storage.ShuffleBlockFetcherIterator: Getting 957 non-empty blocks out of 960 blocks
17/02/02 00:26:35 INFO storage.ShuffleBlockFetcherIterator: Started 6 remote fetches in 2 ms
17/02/02 00:26:35 INFO executor.Executor: Finished task 1367.0 in stage 346.0 (TID 61881). 3348 bytes result sent to driver
17/02/02 00:26:35 INFO executor.CoarseGrainedExecutorBackend: Got assigned task 61908
17/02/02 00:26:35 INFO executor.Executor: Running task 1394.0 in stage 346.0 (TID 61908)
17/02/02 00:26:35 INFO storage.ShuffleBlockFetcherIterator: Getting 958 non-empty blocks out of 960 blocks
17/02/02 00:26:35 INFO storage.ShuffleBlockFetcherIterator: Started 6 remote fetches in 2 ms
17/02/02 00:26:35 INFO executor.Executor: Finished task 1371.0 in stage 346.0 (TID 61885). 3348 bytes result sent to driver
17/02/02 00:26:35 INFO executor.CoarseGrainedExecutorBackend: Got assigned task 61909
17/02/02 00:26:35 INFO executor.Executor: Running task 1395.0 in stage 346.0 (TID 61909)
17/02/02 00:26:35 INFO storage.ShuffleBlockFetcherIterator: Getting 957 non-empty blocks out of 960 blocks
17/02/02 00:26:35 INFO storage.ShuffleBlockFetcherIterator: Started 6 remote fetches in 2 ms
17/02/02 00:26:35 INFO executor.Executor: Finished task 1372.0 in stage 346.0 (TID 61886). 3348 bytes result sent to driver
17/02/02 00:26:35 INFO executor.CoarseGrainedExecutorBackend: Got assigned task 61910
17/02/02 00:26:35 INFO executor.Executor: Running task 1396.0 in stage 346.0 (TID 61910)
17/02/02 00:26:35 INFO storage.ShuffleBlockFetcherIterator: Getting 958 non-empty blocks out of 960 blocks
17/02/02 00:26:35 INFO storage.ShuffleBlockFetcherIterator: Started 6 remote fetches in 1 ms
17/02/02 00:26:35 INFO python.PythonRunner: Times: total = 215, boot = -398, init = 399, finish = 214
17/02/02 00:26:35 INFO python.PythonRunner: Times: total = 342, boot = -468, init = 469, finish = 341
17/02/02 00:26:35 INFO python.PythonRunner: Times: total = 348, boot = -396, init = 397, finish = 347
17/02/02 00:26:35 INFO python.PythonRunner: Times: total = 326, boot = -298, init = 299, finish = 325
17/02/02 00:26:35 INFO python.PythonRunner: Times: total = 404, boot = -347, init = 349, finish = 402
17/02/02 00:26:35 INFO python.PythonRunner: Times: total = 446, boot = -405, init = 406, finish = 445
17/02/02 00:26:35 INFO python.PythonRunner: Times: total = 348, boot = -327, init = 328, finish = 347
17/02/02 00:26:35 INFO python.PythonRunner: Times: total = 458, boot = -266, init = 267, finish = 457
17/02/02 00:26:36 INFO python.PythonRunner: Times: total = 321, boot = -386, init = 388, finish = 319
17/02/02 00:26:36 INFO executor.Executor: Finished task 1392.0 in stage 346.0 (TID 61906). 3348 bytes result sent to driver
17/02/02 00:26:36 INFO executor.CoarseGrainedExecutorBackend: Got assigned task 61925
17/02/02 00:26:36 INFO executor.Executor: Running task 1411.0 in stage 346.0 (TID 61925)
17/02/02 00:26:36 INFO storage.ShuffleBlockFetcherIterator: Getting 959 non-empty blocks out of 960 blocks
17/02/02 00:26:36 INFO storage.ShuffleBlockFetcherIterator: Started 6 remote fetches in 2 ms
17/02/02 00:26:36 INFO python.PythonRunner: Times: total = 334, boot = -387, init = 389, finish = 332
17/02/02 00:26:36 INFO python.PythonRunner: Times: total = 372, boot = -401, init = 403, finish = 370
17/02/02 00:26:36 INFO executor.Executor: Finished task 1389.0 in stage 346.0 (TID 61903). 3348 bytes result sent to driver
17/02/02 00:26:36 INFO executor.CoarseGrainedExecutorBackend: Got assigned task 61927
17/02/02 00:26:36 INFO executor.Executor: Running task 1413.0 in stage 346.0 (TID 61927)
17/02/02 00:26:36 INFO storage.ShuffleBlockFetcherIterator: Getting 955 non-empty blocks out of 960 blocks
17/02/02 00:26:36 INFO storage.ShuffleBlockFetcherIterator: Started 6 remote fetches in 3 ms
17/02/02 00:26:36 INFO python.PythonRunner: Times: total = 332, boot = -338, init = 340, finish = 330
17/02/02 00:26:36 INFO executor.Executor: Finished task 1393.0 in stage 346.0 (TID 61907). 3348 bytes result sent to driver
17/02/02 00:26:36 INFO executor.CoarseGrainedExecutorBackend: Got assigned task 61928
17/02/02 00:26:36 INFO executor.Executor: Running task 1414.0 in stage 346.0 (TID 61928)
17/02/02 00:26:36 INFO storage.ShuffleBlockFetcherIterator: Getting 957 non-empty blocks out of 960 blocks
17/02/02 00:26:36 INFO storage.ShuffleBlockFetcherIterator: Started 6 remote fetches in 3 ms
17/02/02 00:26:36 INFO executor.Executor: Finished task 1394.0 in stage 346.0 (TID 61908). 3348 bytes result sent to driver
17/02/02 00:26:36 INFO executor.CoarseGrainedExecutorBackend: Got assigned task 61929
17/02/02 00:26:36 INFO executor.Executor: Running task 1415.0 in stage 346.0 (TID 61929)
17/02/02 00:26:36 INFO storage.ShuffleBlockFetcherIterator: Getting 957 non-empty blocks out of 960 blocks
17/02/02 00:26:36 INFO storage.ShuffleBlockFetcherIterator: Started 6 remote fetches in 2 ms
17/02/02 00:26:36 INFO executor.Executor: Finished task 1395.0 in stage 346.0 (TID 61909). 3348 bytes result sent to driver
17/02/02 00:26:36 INFO executor.CoarseGrainedExecutorBackend: Got assigned task 61930
17/02/02 00:26:36 INFO executor.Executor: Running task 1416.0 in stage 346.0 (TID 61930)
17/02/02 00:26:36 INFO storage.ShuffleBlockFetcherIterator: Getting 956 non-empty blocks out of 960 blocks
17/02/02 00:26:36 INFO storage.ShuffleBlockFetcherIterator: Started 6 remote fetches in 2 ms
17/02/02 00:26:36 INFO executor.Executor: Finished task 1396.0 in stage 346.0 (TID 61910). 3348 bytes result sent to driver
17/02/02 00:26:36 INFO executor.CoarseGrainedExecutorBackend: Got assigned task 61931
17/02/02 00:26:36 INFO executor.Executor: Running task 1417.0 in stage 346.0 (TID 61931)
17/02/02 00:26:36 INFO storage.ShuffleBlockFetcherIterator: Getting 959 non-empty blocks out of 960 blocks
17/02/02 00:26:36 INFO storage.ShuffleBlockFetcherIterator: Started 6 remote fetches in 2 ms
17/02/02 00:26:36 INFO python.PythonRunner: Times: total = 385, boot = -409, init = 411, finish = 383
17/02/02 00:26:36 INFO python.PythonRunner: Times: total = 303, boot = -321, init = 322, finish = 302
17/02/02 00:26:36 INFO python.PythonRunner: Times: total = 418, boot = -425, init = 426, finish = 417
17/02/02 00:26:36 INFO python.PythonRunner: Times: total = 434, boot = -310, init = 312, finish = 432
17/02/02 00:26:36 INFO python.PythonRunner: Times: total = 334, boot = -353, init = 353, finish = 334
17/02/02 00:26:36 INFO python.PythonRunner: Times: total = 291, boot = -400, init = 410, finish = 281
17/02/02 00:26:36 INFO python.PythonRunner: Times: total = 335, boot = -373, init = 399, finish = 309
17/02/02 00:26:36 INFO python.PythonRunner: Times: total = 290, boot = -375, init = 376, finish = 289
17/02/02 00:26:36 INFO python.PythonRunner: Times: total = 541, boot = -308, init = 310, finish = 539
17/02/02 00:26:36 INFO python.PythonRunner: Times: total = 389, boot = -307, init = 309, finish = 387
17/02/02 00:26:36 INFO python.PythonRunner: Times: total = 304, boot = -393, init = 394, finish = 303
17/02/02 00:26:36 INFO python.PythonRunner: Times: total = 280, boot = -381, init = 382, finish = 279
17/02/02 00:26:36 INFO executor.Executor: Finished task 1415.0 in stage 346.0 (TID 61929). 3348 bytes result sent to driver
17/02/02 00:26:36 INFO executor.CoarseGrainedExecutorBackend: Got assigned task 61941
17/02/02 00:26:36 INFO executor.Executor: Running task 1427.0 in stage 346.0 (TID 61941)
17/02/02 00:26:36 INFO storage.ShuffleBlockFetcherIterator: Getting 959 non-empty blocks out of 960 blocks
17/02/02 00:26:36 INFO storage.ShuffleBlockFetcherIterator: Started 6 remote fetches in 1 ms
17/02/02 00:26:36 INFO executor.Executor: Finished task 1411.0 in stage 346.0 (TID 61925). 3348 bytes result sent to driver
17/02/02 00:26:36 INFO executor.CoarseGrainedExecutorBackend: Got assigned task 61942
17/02/02 00:26:36 INFO executor.Executor: Running task 1428.0 in stage 346.0 (TID 61942)
17/02/02 00:26:36 INFO storage.ShuffleBlockFetcherIterator: Getting 960 non-empty blocks out of 960 blocks
17/02/02 00:26:36 INFO storage.ShuffleBlockFetcherIterator: Started 6 remote fetches in 3 ms
17/02/02 00:26:36 INFO executor.Executor: Finished task 1414.0 in stage 346.0 (TID 61928). 3348 bytes result sent to driver
17/02/02 00:26:37 INFO executor.CoarseGrainedExecutorBackend: Got assigned task 61943
17/02/02 00:26:37 INFO executor.Executor: Running task 1429.0 in stage 346.0 (TID 61943)
17/02/02 00:26:37 INFO storage.ShuffleBlockFetcherIterator: Getting 956 non-empty blocks out of 960 blocks
17/02/02 00:26:37 INFO storage.ShuffleBlockFetcherIterator: Started 6 remote fetches in 1 ms
17/02/02 00:26:37 INFO executor.Executor: Finished task 1413.0 in stage 346.0 (TID 61927). 3348 bytes result sent to driver
17/02/02 00:26:37 INFO executor.CoarseGrainedExecutorBackend: Got assigned task 61946
17/02/02 00:26:37 INFO executor.Executor: Running task 1432.0 in stage 346.0 (TID 61946)
17/02/02 00:26:37 INFO storage.ShuffleBlockFetcherIterator: Getting 953 non-empty blocks out of 960 blocks
17/02/02 00:26:37 INFO storage.ShuffleBlockFetcherIterator: Started 6 remote fetches in 2 ms
17/02/02 00:26:37 INFO executor.Executor: Finished task 1417.0 in stage 346.0 (TID 61931). 3348 bytes result sent to driver
