17/02/02 00:14:45 INFO executor.Executor: Finished task 826.0 in stage 331.0 (TID 58461). 1344 bytes result sent to driver
17/02/02 00:14:45 INFO executor.CoarseGrainedExecutorBackend: Got assigned task 58479
17/02/02 00:14:45 INFO executor.Executor: Running task 844.0 in stage 331.0 (TID 58479)
17/02/02 00:14:45 INFO storage.ShuffleBlockFetcherIterator: Getting 209 non-empty blocks out of 960 blocks
17/02/02 00:14:45 INFO storage.ShuffleBlockFetcherIterator: Started 3 remote fetches in 0 ms
17/02/02 00:14:45 INFO python.PythonRunner: Times: total = 23, boot = -10, init = 12, finish = 21
17/02/02 00:14:45 INFO executor.Executor: Finished task 830.0 in stage 331.0 (TID 58464). 1344 bytes result sent to driver
17/02/02 00:14:45 INFO executor.CoarseGrainedExecutorBackend: Got assigned task 58481
17/02/02 00:14:45 INFO executor.Executor: Running task 845.0 in stage 331.0 (TID 58481)
17/02/02 00:14:45 INFO python.PythonRunner: Times: total = 59, boot = -36, init = 37, finish = 58
17/02/02 00:14:45 INFO executor.Executor: Finished task 805.0 in stage 331.0 (TID 58441). 1344 bytes result sent to driver
17/02/02 00:14:45 INFO storage.ShuffleBlockFetcherIterator: Getting 210 non-empty blocks out of 960 blocks
17/02/02 00:14:45 INFO storage.ShuffleBlockFetcherIterator: Started 3 remote fetches in 1 ms
17/02/02 00:14:45 INFO executor.CoarseGrainedExecutorBackend: Got assigned task 58484
17/02/02 00:14:45 INFO executor.Executor: Running task 850.0 in stage 331.0 (TID 58484)
17/02/02 00:14:45 INFO storage.ShuffleBlockFetcherIterator: Getting 196 non-empty blocks out of 960 blocks
17/02/02 00:14:45 INFO storage.ShuffleBlockFetcherIterator: Started 3 remote fetches in 1 ms
17/02/02 00:14:45 INFO python.PythonRunner: Times: total = 23, boot = -9, init = 10, finish = 22
17/02/02 00:14:45 INFO executor.Executor: Finished task 833.0 in stage 331.0 (TID 58469). 1344 bytes result sent to driver
17/02/02 00:14:45 INFO executor.CoarseGrainedExecutorBackend: Got assigned task 58488
17/02/02 00:14:45 INFO executor.Executor: Running task 854.0 in stage 331.0 (TID 58488)
17/02/02 00:14:45 INFO storage.ShuffleBlockFetcherIterator: Getting 200 non-empty blocks out of 960 blocks
17/02/02 00:14:45 INFO storage.ShuffleBlockFetcherIterator: Started 3 remote fetches in 1 ms
17/02/02 00:14:45 INFO python.PythonRunner: Times: total = 24, boot = -8, init = 9, finish = 23
17/02/02 00:14:45 INFO executor.Executor: Finished task 837.0 in stage 331.0 (TID 58471). 1344 bytes result sent to driver
17/02/02 00:14:45 INFO executor.CoarseGrainedExecutorBackend: Got assigned task 58492
17/02/02 00:14:45 INFO executor.Executor: Running task 858.0 in stage 331.0 (TID 58492)
17/02/02 00:14:45 INFO storage.ShuffleBlockFetcherIterator: Getting 206 non-empty blocks out of 960 blocks
17/02/02 00:14:45 INFO storage.ShuffleBlockFetcherIterator: Started 3 remote fetches in 1 ms
17/02/02 00:14:45 INFO python.PythonRunner: Times: total = 28, boot = -7, init = 9, finish = 26
17/02/02 00:14:45 INFO executor.Executor: Finished task 842.0 in stage 331.0 (TID 58476). 1344 bytes result sent to driver
17/02/02 00:14:45 INFO executor.CoarseGrainedExecutorBackend: Got assigned task 58496
17/02/02 00:14:45 INFO executor.Executor: Running task 862.0 in stage 331.0 (TID 58496)
17/02/02 00:14:45 INFO storage.ShuffleBlockFetcherIterator: Getting 200 non-empty blocks out of 960 blocks
17/02/02 00:14:45 INFO storage.ShuffleBlockFetcherIterator: Started 3 remote fetches in 1 ms
17/02/02 00:14:45 INFO python.PythonRunner: Times: total = 24, boot = -14, init = 15, finish = 23
17/02/02 00:14:45 INFO executor.Executor: Finished task 844.0 in stage 331.0 (TID 58479). 1344 bytes result sent to driver
17/02/02 00:14:45 INFO executor.CoarseGrainedExecutorBackend: Got assigned task 58500
17/02/02 00:14:45 INFO executor.Executor: Running task 866.0 in stage 331.0 (TID 58500)
17/02/02 00:14:45 INFO storage.ShuffleBlockFetcherIterator: Getting 208 non-empty blocks out of 960 blocks
17/02/02 00:14:45 INFO storage.ShuffleBlockFetcherIterator: Started 3 remote fetches in 1 ms
17/02/02 00:14:45 INFO python.PythonRunner: Times: total = 25, boot = -12, init = 13, finish = 24
17/02/02 00:14:45 INFO executor.Executor: Finished task 845.0 in stage 331.0 (TID 58481). 1344 bytes result sent to driver
17/02/02 00:14:45 INFO executor.CoarseGrainedExecutorBackend: Got assigned task 58504
17/02/02 00:14:45 INFO executor.Executor: Running task 870.0 in stage 331.0 (TID 58504)
17/02/02 00:14:45 INFO python.PythonRunner: Times: total = 24, boot = -10, init = 11, finish = 23
17/02/02 00:14:45 INFO executor.Executor: Finished task 850.0 in stage 331.0 (TID 58484). 1344 bytes result sent to driver
17/02/02 00:14:45 INFO storage.ShuffleBlockFetcherIterator: Getting 196 non-empty blocks out of 960 blocks
17/02/02 00:14:45 INFO executor.CoarseGrainedExecutorBackend: Got assigned task 58507
17/02/02 00:14:45 INFO executor.Executor: Running task 873.0 in stage 331.0 (TID 58507)
17/02/02 00:14:45 INFO storage.ShuffleBlockFetcherIterator: Started 3 remote fetches in 1 ms
17/02/02 00:14:45 INFO storage.ShuffleBlockFetcherIterator: Getting 202 non-empty blocks out of 960 blocks
17/02/02 00:14:45 INFO storage.ShuffleBlockFetcherIterator: Started 3 remote fetches in 1 ms
17/02/02 00:14:45 INFO python.PythonRunner: Times: total = 24, boot = -5, init = 6, finish = 23
17/02/02 00:14:45 INFO executor.Executor: Finished task 854.0 in stage 331.0 (TID 58488). 1344 bytes result sent to driver
17/02/02 00:14:45 INFO executor.CoarseGrainedExecutorBackend: Got assigned task 58509
17/02/02 00:14:45 INFO executor.Executor: Running task 875.0 in stage 331.0 (TID 58509)
17/02/02 00:14:45 INFO storage.ShuffleBlockFetcherIterator: Getting 203 non-empty blocks out of 960 blocks
17/02/02 00:14:45 INFO storage.ShuffleBlockFetcherIterator: Started 3 remote fetches in 0 ms
17/02/02 00:14:45 INFO python.PythonRunner: Times: total = 26, boot = -2, init = 3, finish = 25
17/02/02 00:14:45 INFO executor.Executor: Finished task 858.0 in stage 331.0 (TID 58492). 1344 bytes result sent to driver
17/02/02 00:14:45 INFO executor.CoarseGrainedExecutorBackend: Got assigned task 58516
17/02/02 00:14:45 INFO executor.Executor: Running task 881.0 in stage 331.0 (TID 58516)
17/02/02 00:14:45 INFO storage.ShuffleBlockFetcherIterator: Getting 204 non-empty blocks out of 960 blocks
17/02/02 00:14:45 INFO storage.ShuffleBlockFetcherIterator: Started 3 remote fetches in 0 ms
17/02/02 00:14:45 INFO python.PythonRunner: Times: total = 25, boot = -9, init = 10, finish = 24
17/02/02 00:14:45 INFO executor.Executor: Finished task 862.0 in stage 331.0 (TID 58496). 1344 bytes result sent to driver
17/02/02 00:14:45 INFO executor.CoarseGrainedExecutorBackend: Got assigned task 58519
17/02/02 00:14:45 INFO executor.Executor: Running task 884.0 in stage 331.0 (TID 58519)
17/02/02 00:14:45 INFO storage.ShuffleBlockFetcherIterator: Getting 206 non-empty blocks out of 960 blocks
17/02/02 00:14:45 INFO storage.ShuffleBlockFetcherIterator: Started 3 remote fetches in 1 ms
17/02/02 00:14:45 INFO python.PythonRunner: Times: total = 25, boot = -10, init = 11, finish = 24
17/02/02 00:14:45 INFO executor.Executor: Finished task 866.0 in stage 331.0 (TID 58500). 1344 bytes result sent to driver
17/02/02 00:14:45 INFO executor.CoarseGrainedExecutorBackend: Got assigned task 58522
17/02/02 00:14:45 INFO executor.Executor: Running task 886.0 in stage 331.0 (TID 58522)
17/02/02 00:14:45 INFO storage.ShuffleBlockFetcherIterator: Getting 207 non-empty blocks out of 960 blocks
17/02/02 00:14:45 INFO storage.ShuffleBlockFetcherIterator: Started 3 remote fetches in 0 ms
17/02/02 00:14:45 INFO python.PythonRunner: Times: total = 27, boot = -7, init = 8, finish = 26
17/02/02 00:14:45 INFO executor.Executor: Finished task 870.0 in stage 331.0 (TID 58504). 1344 bytes result sent to driver
17/02/02 00:14:45 INFO executor.CoarseGrainedExecutorBackend: Got assigned task 58526
17/02/02 00:14:45 INFO executor.Executor: Running task 890.0 in stage 331.0 (TID 58526)
17/02/02 00:14:45 INFO storage.ShuffleBlockFetcherIterator: Getting 209 non-empty blocks out of 960 blocks
17/02/02 00:14:45 INFO storage.ShuffleBlockFetcherIterator: Started 3 remote fetches in 0 ms
17/02/02 00:14:45 INFO python.PythonRunner: Times: total = 30, boot = -9, init = 10, finish = 29
17/02/02 00:14:45 INFO executor.Executor: Finished task 873.0 in stage 331.0 (TID 58507). 1344 bytes result sent to driver
17/02/02 00:14:45 INFO executor.CoarseGrainedExecutorBackend: Got assigned task 58528
17/02/02 00:14:45 INFO executor.Executor: Running task 892.0 in stage 331.0 (TID 58528)
17/02/02 00:14:45 INFO storage.ShuffleBlockFetcherIterator: Getting 195 non-empty blocks out of 960 blocks
17/02/02 00:14:45 INFO storage.ShuffleBlockFetcherIterator: Started 3 remote fetches in 1 ms
17/02/02 00:14:45 INFO python.PythonRunner: Times: total = 26, boot = -4, init = 5, finish = 25
17/02/02 00:14:45 INFO executor.Executor: Finished task 886.0 in stage 331.0 (TID 58522). 1344 bytes result sent to driver
17/02/02 00:14:45 INFO executor.CoarseGrainedExecutorBackend: Got assigned task 58538
17/02/02 00:14:45 INFO executor.Executor: Running task 899.0 in stage 331.0 (TID 58538)
17/02/02 00:14:45 INFO storage.ShuffleBlockFetcherIterator: Getting 210 non-empty blocks out of 960 blocks
17/02/02 00:14:45 INFO storage.ShuffleBlockFetcherIterator: Started 3 remote fetches in 1 ms
17/02/02 00:14:45 INFO python.PythonRunner: Times: total = 25, boot = -12, init = 13, finish = 24
17/02/02 00:14:45 INFO executor.Executor: Finished task 890.0 in stage 331.0 (TID 58526). 1344 bytes result sent to driver
17/02/02 00:14:45 INFO executor.CoarseGrainedExecutorBackend: Got assigned task 58542
17/02/02 00:14:45 INFO executor.Executor: Running task 903.0 in stage 331.0 (TID 58542)
17/02/02 00:14:45 INFO storage.ShuffleBlockFetcherIterator: Getting 210 non-empty blocks out of 960 blocks
