17/02/02 00:27:15 INFO storage.ShuffleBlockFetcherIterator: Started 3 remote fetches in 2 ms
17/02/02 00:27:15 INFO python.PythonRunner: Times: total = 167, boot = -159, init = 160, finish = 166
17/02/02 00:27:15 INFO executor.Executor: Finished task 1563.0 in stage 347.0 (TID 63967). 1251 bytes result sent to driver
17/02/02 00:27:15 INFO executor.CoarseGrainedExecutorBackend: Got assigned task 64000
17/02/02 00:27:15 INFO executor.Executor: Running task 1596.0 in stage 347.0 (TID 64000)
17/02/02 00:27:15 INFO storage.ShuffleBlockFetcherIterator: Getting 946 non-empty blocks out of 1890 blocks
17/02/02 00:27:15 INFO storage.ShuffleBlockFetcherIterator: Started 3 remote fetches in 2 ms
17/02/02 00:27:15 INFO python.PythonRunner: Times: total = 171, boot = -140, init = 141, finish = 170
17/02/02 00:27:15 INFO executor.Executor: Finished task 1566.0 in stage 347.0 (TID 63970). 1251 bytes result sent to driver
17/02/02 00:27:15 INFO executor.CoarseGrainedExecutorBackend: Got assigned task 64001
17/02/02 00:27:15 INFO executor.Executor: Running task 1597.0 in stage 347.0 (TID 64001)
17/02/02 00:27:15 INFO storage.ShuffleBlockFetcherIterator: Getting 957 non-empty blocks out of 1890 blocks
17/02/02 00:27:15 INFO storage.ShuffleBlockFetcherIterator: Started 3 remote fetches in 2 ms
17/02/02 00:27:15 INFO python.PythonRunner: Times: total = 121, boot = -157, init = 157, finish = 121
17/02/02 00:27:15 INFO executor.Executor: Finished task 1576.0 in stage 347.0 (TID 63980). 1251 bytes result sent to driver
17/02/02 00:27:15 INFO executor.CoarseGrainedExecutorBackend: Got assigned task 64006
17/02/02 00:27:15 INFO executor.Executor: Running task 1602.0 in stage 347.0 (TID 64006)
17/02/02 00:27:15 INFO python.PythonRunner: Times: total = 189, boot = -134, init = 134, finish = 189
17/02/02 00:27:15 INFO storage.ShuffleBlockFetcherIterator: Getting 951 non-empty blocks out of 1890 blocks
17/02/02 00:27:15 INFO executor.Executor: Finished task 1570.0 in stage 347.0 (TID 63974). 1251 bytes result sent to driver
17/02/02 00:27:15 INFO storage.ShuffleBlockFetcherIterator: Started 3 remote fetches in 3 ms
17/02/02 00:27:15 INFO executor.CoarseGrainedExecutorBackend: Got assigned task 64010
17/02/02 00:27:15 INFO executor.Executor: Running task 1606.0 in stage 347.0 (TID 64010)
17/02/02 00:27:15 INFO storage.ShuffleBlockFetcherIterator: Getting 934 non-empty blocks out of 1890 blocks
17/02/02 00:27:15 INFO storage.ShuffleBlockFetcherIterator: Started 3 remote fetches in 2 ms
17/02/02 00:27:15 INFO python.PythonRunner: Times: total = 136, boot = -125, init = 126, finish = 135
17/02/02 00:27:15 INFO executor.Executor: Finished task 1580.0 in stage 347.0 (TID 63984). 1251 bytes result sent to driver
17/02/02 00:27:15 INFO executor.CoarseGrainedExecutorBackend: Got assigned task 64014
17/02/02 00:27:15 INFO executor.Executor: Running task 1610.0 in stage 347.0 (TID 64014)
17/02/02 00:27:15 INFO storage.ShuffleBlockFetcherIterator: Getting 932 non-empty blocks out of 1890 blocks
17/02/02 00:27:15 INFO storage.ShuffleBlockFetcherIterator: Started 3 remote fetches in 2 ms
17/02/02 00:27:15 INFO python.PythonRunner: Times: total = 369, boot = -114, init = 115, finish = 368
17/02/02 00:27:15 INFO executor.Executor: Finished task 1582.0 in stage 347.0 (TID 63986). 1251 bytes result sent to driver
17/02/02 00:27:15 INFO executor.CoarseGrainedExecutorBackend: Got assigned task 64023
17/02/02 00:27:15 INFO executor.Executor: Running task 1619.0 in stage 347.0 (TID 64023)
17/02/02 00:27:15 INFO storage.ShuffleBlockFetcherIterator: Getting 955 non-empty blocks out of 1890 blocks
17/02/02 00:27:15 INFO storage.ShuffleBlockFetcherIterator: Started 3 remote fetches in 6 ms
17/02/02 00:27:15 INFO python.PythonRunner: Times: total = 356, boot = -171, init = 171, finish = 356
17/02/02 00:27:15 INFO executor.Executor: Finished task 1596.0 in stage 347.0 (TID 64000). 1251 bytes result sent to driver
17/02/02 00:27:15 INFO executor.CoarseGrainedExecutorBackend: Got assigned task 64029
17/02/02 00:27:15 INFO executor.Executor: Running task 1625.0 in stage 347.0 (TID 64029)
17/02/02 00:27:15 INFO storage.ShuffleBlockFetcherIterator: Getting 928 non-empty blocks out of 1890 blocks
17/02/02 00:27:15 INFO storage.ShuffleBlockFetcherIterator: Started 3 remote fetches in 2 ms
17/02/02 00:27:15 INFO python.PythonRunner: Times: total = 375, boot = -156, init = 157, finish = 374
17/02/02 00:27:15 INFO executor.Executor: Finished task 1597.0 in stage 347.0 (TID 64001). 1251 bytes result sent to driver
17/02/02 00:27:15 INFO executor.CoarseGrainedExecutorBackend: Got assigned task 64033
17/02/02 00:27:15 INFO executor.Executor: Running task 1629.0 in stage 347.0 (TID 64033)
17/02/02 00:27:15 INFO storage.ShuffleBlockFetcherIterator: Getting 943 non-empty blocks out of 1890 blocks
17/02/02 00:27:15 INFO storage.ShuffleBlockFetcherIterator: Started 3 remote fetches in 2 ms
17/02/02 00:27:15 INFO python.PythonRunner: Times: total = 408, boot = -182, init = 183, finish = 407
17/02/02 00:27:15 INFO executor.Executor: Finished task 1602.0 in stage 347.0 (TID 64006). 1251 bytes result sent to driver
17/02/02 00:27:15 INFO python.PythonRunner: Times: total = 407, boot = -117, init = 118, finish = 406
17/02/02 00:27:15 INFO executor.Executor: Finished task 1606.0 in stage 347.0 (TID 64010). 1251 bytes result sent to driver
17/02/02 00:27:15 INFO executor.CoarseGrainedExecutorBackend: Got assigned task 64045
17/02/02 00:27:15 INFO executor.Executor: Running task 1641.0 in stage 347.0 (TID 64045)
17/02/02 00:27:15 INFO executor.CoarseGrainedExecutorBackend: Got assigned task 64046
17/02/02 00:27:15 INFO executor.Executor: Running task 1642.0 in stage 347.0 (TID 64046)
17/02/02 00:27:15 INFO storage.ShuffleBlockFetcherIterator: Getting 938 non-empty blocks out of 1890 blocks
17/02/02 00:27:15 INFO storage.ShuffleBlockFetcherIterator: Started 3 remote fetches in 2 ms
17/02/02 00:27:15 INFO storage.ShuffleBlockFetcherIterator: Getting 922 non-empty blocks out of 1890 blocks
17/02/02 00:27:15 INFO storage.ShuffleBlockFetcherIterator: Started 3 remote fetches in 2 ms
17/02/02 00:27:16 INFO python.PythonRunner: Times: total = 429, boot = -124, init = 124, finish = 429
17/02/02 00:27:16 INFO executor.Executor: Finished task 1610.0 in stage 347.0 (TID 64014). 1251 bytes result sent to driver
17/02/02 00:27:16 INFO executor.CoarseGrainedExecutorBackend: Got assigned task 64054
17/02/02 00:27:16 INFO executor.Executor: Running task 1650.0 in stage 347.0 (TID 64054)
17/02/02 00:27:16 INFO storage.ShuffleBlockFetcherIterator: Getting 956 non-empty blocks out of 1890 blocks
17/02/02 00:27:16 INFO storage.ShuffleBlockFetcherIterator: Started 3 remote fetches in 2 ms
17/02/02 00:27:16 INFO python.PythonRunner: Times: total = 217, boot = -369, init = 370, finish = 216
17/02/02 00:27:16 INFO executor.Executor: Finished task 1619.0 in stage 347.0 (TID 64023). 1251 bytes result sent to driver
17/02/02 00:27:16 INFO executor.CoarseGrainedExecutorBackend: Got assigned task 64062
17/02/02 00:27:16 INFO executor.Executor: Running task 1658.0 in stage 347.0 (TID 64062)
17/02/02 00:27:16 INFO storage.ShuffleBlockFetcherIterator: Getting 940 non-empty blocks out of 1890 blocks
17/02/02 00:27:16 INFO storage.ShuffleBlockFetcherIterator: Started 3 remote fetches in 3 ms
17/02/02 00:27:16 INFO python.PythonRunner: Times: total = 200, boot = -346, init = 347, finish = 199
17/02/02 00:27:16 INFO executor.Executor: Finished task 1625.0 in stage 347.0 (TID 64029). 1251 bytes result sent to driver
17/02/02 00:27:16 INFO executor.CoarseGrainedExecutorBackend: Got assigned task 64065
17/02/02 00:27:16 INFO executor.Executor: Running task 1661.0 in stage 347.0 (TID 64065)
17/02/02 00:27:16 INFO storage.ShuffleBlockFetcherIterator: Getting 947 non-empty blocks out of 1890 blocks
17/02/02 00:27:16 INFO storage.ShuffleBlockFetcherIterator: Started 3 remote fetches in 3 ms
17/02/02 00:27:16 INFO python.PythonRunner: Times: total = 171, boot = -398, init = 399, finish = 170
17/02/02 00:27:16 INFO executor.Executor: Finished task 1641.0 in stage 347.0 (TID 64045). 1251 bytes result sent to driver
17/02/02 00:27:16 INFO executor.CoarseGrainedExecutorBackend: Got assigned task 64076
17/02/02 00:27:16 INFO executor.Executor: Running task 1672.0 in stage 347.0 (TID 64076)
17/02/02 00:27:16 INFO python.PythonRunner: Times: total = 246, boot = -363, init = 364, finish = 245
17/02/02 00:27:16 INFO executor.Executor: Finished task 1629.0 in stage 347.0 (TID 64033). 1251 bytes result sent to driver
17/02/02 00:27:16 INFO executor.CoarseGrainedExecutorBackend: Got assigned task 64077
17/02/02 00:27:16 INFO executor.Executor: Running task 1673.0 in stage 347.0 (TID 64077)
17/02/02 00:27:16 INFO storage.ShuffleBlockFetcherIterator: Getting 943 non-empty blocks out of 1890 blocks
17/02/02 00:27:16 INFO storage.ShuffleBlockFetcherIterator: Getting 944 non-empty blocks out of 1890 blocks
17/02/02 00:27:16 INFO storage.ShuffleBlockFetcherIterator: Started 3 remote fetches in 5 ms
17/02/02 00:27:16 INFO storage.ShuffleBlockFetcherIterator: Started 3 remote fetches in 3 ms
17/02/02 00:27:16 INFO python.PythonRunner: Times: total = 193, boot = -386, init = 387, finish = 192
17/02/02 00:27:16 INFO executor.Executor: Finished task 1642.0 in stage 347.0 (TID 64046). 1251 bytes result sent to driver
17/02/02 00:27:16 INFO executor.CoarseGrainedExecutorBackend: Got assigned task 64082
17/02/02 00:27:16 INFO executor.Executor: Running task 1678.0 in stage 347.0 (TID 64082)
17/02/02 00:27:16 INFO storage.ShuffleBlockFetcherIterator: Getting 951 non-empty blocks out of 1890 blocks
17/02/02 00:27:16 INFO storage.ShuffleBlockFetcherIterator: Started 3 remote fetches in 3 ms
17/02/02 00:27:16 INFO python.PythonRunner: Times: total = 192, boot = -423, init = 424, finish = 191
17/02/02 00:27:16 INFO executor.Executor: Finished task 1650.0 in stage 347.0 (TID 64054). 1251 bytes result sent to driver
17/02/02 00:27:16 INFO executor.CoarseGrainedExecutorBackend: Got assigned task 64088
