17/02/02 00:26:06 INFO python.PythonRunner: Times: total = 184, boot = -11, init = 11, finish = 184
17/02/02 00:26:06 INFO storage.ShuffleBlockFetcherIterator: Getting 495 non-empty blocks out of 930 blocks
17/02/02 00:26:06 INFO storage.ShuffleBlockFetcherIterator: Started 6 remote fetches in 4 ms
17/02/02 00:26:06 INFO python.PythonRunner: Times: total = 325, boot = -17, init = 18, finish = 324
17/02/02 00:26:06 INFO python.PythonRunner: Times: total = 71, boot = -11, init = 12, finish = 70
17/02/02 00:26:06 INFO python.PythonRunner: Times: total = 136, boot = -104, init = 105, finish = 135
17/02/02 00:26:06 INFO python.PythonRunner: Times: total = 50, boot = -75, init = 76, finish = 49
17/02/02 00:26:06 INFO python.PythonRunner: Times: total = 80, boot = -75, init = 76, finish = 79
17/02/02 00:26:06 INFO python.PythonRunner: Times: total = 171, boot = -33, init = 34, finish = 170
17/02/02 00:26:06 INFO python.PythonRunner: Times: total = 23, boot = -127, init = 128, finish = 22
17/02/02 00:26:06 INFO python.PythonRunner: Times: total = 135, boot = -104, init = 105, finish = 134
17/02/02 00:26:06 INFO python.PythonRunner: Times: total = 27, boot = -210, init = 210, finish = 27
17/02/02 00:26:07 INFO executor.Executor: Finished task 257.0 in stage 346.0 (TID 60766). 3348 bytes result sent to driver
17/02/02 00:26:07 INFO executor.CoarseGrainedExecutorBackend: Got assigned task 60806
17/02/02 00:26:07 INFO executor.Executor: Running task 290.0 in stage 346.0 (TID 60806)
17/02/02 00:26:07 INFO storage.ShuffleBlockFetcherIterator: Getting 495 non-empty blocks out of 930 blocks
17/02/02 00:26:07 INFO storage.ShuffleBlockFetcherIterator: Started 5 remote fetches in 2 ms
17/02/02 00:26:07 INFO executor.Executor: Finished task 260.0 in stage 346.0 (TID 60773). 3348 bytes result sent to driver
17/02/02 00:26:07 INFO executor.Executor: Finished task 261.0 in stage 346.0 (TID 60775). 3348 bytes result sent to driver
17/02/02 00:26:07 INFO executor.Executor: Finished task 259.0 in stage 346.0 (TID 60769). 3348 bytes result sent to driver
17/02/02 00:26:07 INFO executor.CoarseGrainedExecutorBackend: Got assigned task 60808
17/02/02 00:26:07 INFO executor.Executor: Running task 292.0 in stage 346.0 (TID 60808)
17/02/02 00:26:07 INFO executor.Executor: Finished task 253.0 in stage 346.0 (TID 60764). 3348 bytes result sent to driver
17/02/02 00:26:07 INFO executor.CoarseGrainedExecutorBackend: Got assigned task 60809
17/02/02 00:26:07 INFO executor.Executor: Running task 294.0 in stage 346.0 (TID 60809)
17/02/02 00:26:07 INFO storage.ShuffleBlockFetcherIterator: Getting 495 non-empty blocks out of 930 blocks
17/02/02 00:26:07 INFO storage.ShuffleBlockFetcherIterator: Started 6 remote fetches in 2 ms
17/02/02 00:26:07 INFO executor.CoarseGrainedExecutorBackend: Got assigned task 60810
17/02/02 00:26:07 INFO executor.Executor: Running task 296.0 in stage 346.0 (TID 60810)
17/02/02 00:26:07 INFO executor.Executor: Finished task 258.0 in stage 346.0 (TID 60767). 3348 bytes result sent to driver
17/02/02 00:26:07 INFO executor.CoarseGrainedExecutorBackend: Got assigned task 60811
17/02/02 00:26:07 INFO executor.Executor: Running task 297.0 in stage 346.0 (TID 60811)
17/02/02 00:26:07 INFO storage.ShuffleBlockFetcherIterator: Getting 495 non-empty blocks out of 930 blocks
17/02/02 00:26:07 INFO storage.ShuffleBlockFetcherIterator: Getting 495 non-empty blocks out of 930 blocks
17/02/02 00:26:07 INFO storage.ShuffleBlockFetcherIterator: Started 6 remote fetches in 1 ms
17/02/02 00:26:07 INFO storage.ShuffleBlockFetcherIterator: Started 6 remote fetches in 2 ms
17/02/02 00:26:07 INFO executor.CoarseGrainedExecutorBackend: Got assigned task 60812
17/02/02 00:26:07 INFO executor.Executor: Running task 300.0 in stage 346.0 (TID 60812)
17/02/02 00:26:07 INFO storage.ShuffleBlockFetcherIterator: Getting 495 non-empty blocks out of 930 blocks
17/02/02 00:26:07 INFO storage.ShuffleBlockFetcherIterator: Started 6 remote fetches in 3 ms
17/02/02 00:26:07 INFO storage.ShuffleBlockFetcherIterator: Getting 495 non-empty blocks out of 930 blocks
17/02/02 00:26:07 INFO storage.ShuffleBlockFetcherIterator: Started 6 remote fetches in 2 ms
17/02/02 00:26:07 INFO python.PythonRunner: Times: total = 140, boot = -445, init = 447, finish = 138
17/02/02 00:26:07 INFO python.PythonRunner: Times: total = 23, boot = -496, init = 497, finish = 22
17/02/02 00:26:07 INFO python.PythonRunner: Times: total = 136, boot = -476, init = 477, finish = 135
17/02/02 00:26:07 INFO executor.Executor: Finished task 290.0 in stage 346.0 (TID 60806). 3348 bytes result sent to driver
17/02/02 00:26:07 INFO executor.CoarseGrainedExecutorBackend: Got assigned task 60822
17/02/02 00:26:07 INFO executor.Executor: Running task 308.0 in stage 346.0 (TID 60822)
17/02/02 00:26:07 INFO storage.ShuffleBlockFetcherIterator: Getting 495 non-empty blocks out of 930 blocks
17/02/02 00:26:07 INFO storage.ShuffleBlockFetcherIterator: Started 6 remote fetches in 1 ms
17/02/02 00:26:07 INFO python.PythonRunner: Times: total = 26, boot = -430, init = 431, finish = 25
17/02/02 00:26:07 INFO python.PythonRunner: Times: total = 168, boot = -489, init = 490, finish = 167
17/02/02 00:26:07 INFO executor.Executor: Finished task 292.0 in stage 346.0 (TID 60808). 3348 bytes result sent to driver
17/02/02 00:26:07 INFO executor.CoarseGrainedExecutorBackend: Got assigned task 60823
17/02/02 00:26:07 INFO executor.Executor: Running task 310.0 in stage 346.0 (TID 60823)
17/02/02 00:26:07 INFO storage.ShuffleBlockFetcherIterator: Getting 495 non-empty blocks out of 930 blocks
17/02/02 00:26:07 INFO storage.ShuffleBlockFetcherIterator: Started 6 remote fetches in 2 ms
17/02/02 00:26:07 INFO python.PythonRunner: Times: total = 20, boot = -18, init = 19, finish = 19
17/02/02 00:26:07 INFO python.PythonRunner: Times: total = 185, boot = -419, init = 420, finish = 184
17/02/02 00:26:07 INFO executor.Executor: Finished task 296.0 in stage 346.0 (TID 60810). 3348 bytes result sent to driver
17/02/02 00:26:07 INFO executor.CoarseGrainedExecutorBackend: Got assigned task 60826
17/02/02 00:26:07 INFO executor.Executor: Running task 312.0 in stage 346.0 (TID 60826)
17/02/02 00:26:07 INFO storage.ShuffleBlockFetcherIterator: Getting 495 non-empty blocks out of 930 blocks
17/02/02 00:26:07 INFO storage.ShuffleBlockFetcherIterator: Started 6 remote fetches in 1 ms
17/02/02 00:26:07 INFO python.PythonRunner: Times: total = 31, boot = -18, init = 20, finish = 29
17/02/02 00:26:07 INFO executor.Executor: Finished task 294.0 in stage 346.0 (TID 60809). 3348 bytes result sent to driver
17/02/02 00:26:07 INFO executor.CoarseGrainedExecutorBackend: Got assigned task 60828
17/02/02 00:26:07 INFO executor.Executor: Running task 315.0 in stage 346.0 (TID 60828)
17/02/02 00:26:07 INFO storage.ShuffleBlockFetcherIterator: Getting 495 non-empty blocks out of 930 blocks
17/02/02 00:26:07 INFO storage.ShuffleBlockFetcherIterator: Started 6 remote fetches in 2 ms
17/02/02 00:26:07 INFO python.PythonRunner: Times: total = 246, boot = -412, init = 413, finish = 245
17/02/02 00:26:07 INFO python.PythonRunner: Times: total = 254, boot = -416, init = 418, finish = 252
17/02/02 00:26:07 INFO python.PythonRunner: Times: total = 27, boot = -30, init = 30, finish = 27
17/02/02 00:26:07 INFO python.PythonRunner: Times: total = 28, boot = -45, init = 46, finish = 27
17/02/02 00:26:07 INFO executor.Executor: Finished task 300.0 in stage 346.0 (TID 60812). 3348 bytes result sent to driver
17/02/02 00:26:07 INFO executor.Executor: Finished task 297.0 in stage 346.0 (TID 60811). 3348 bytes result sent to driver
17/02/02 00:26:07 INFO executor.CoarseGrainedExecutorBackend: Got assigned task 60830
17/02/02 00:26:07 INFO executor.Executor: Running task 316.0 in stage 346.0 (TID 60830)
17/02/02 00:26:07 INFO storage.ShuffleBlockFetcherIterator: Getting 495 non-empty blocks out of 930 blocks
17/02/02 00:26:07 INFO storage.ShuffleBlockFetcherIterator: Started 5 remote fetches in 2 ms
17/02/02 00:26:07 INFO python.PythonRunner: Times: total = 142, boot = -434, init = 435, finish = 141
17/02/02 00:26:07 INFO python.PythonRunner: Times: total = 22, boot = -57, init = 58, finish = 21
17/02/02 00:26:07 INFO executor.Executor: Finished task 308.0 in stage 346.0 (TID 60822). 3348 bytes result sent to driver
17/02/02 00:26:07 INFO python.PythonRunner: Times: total = 158, boot = -21, init = 22, finish = 157
17/02/02 00:26:07 INFO executor.CoarseGrainedExecutorBackend: Got assigned task 60831
17/02/02 00:26:07 INFO executor.Executor: Running task 317.0 in stage 346.0 (TID 60831)
17/02/02 00:26:07 INFO executor.CoarseGrainedExecutorBackend: Got assigned task 60834
17/02/02 00:26:07 INFO executor.Executor: Running task 320.0 in stage 346.0 (TID 60834)
17/02/02 00:26:07 INFO storage.ShuffleBlockFetcherIterator: Getting 495 non-empty blocks out of 930 blocks
17/02/02 00:26:07 INFO storage.ShuffleBlockFetcherIterator: Getting 495 non-empty blocks out of 930 blocks
17/02/02 00:26:07 INFO storage.ShuffleBlockFetcherIterator: Started 6 remote fetches in 1 ms
17/02/02 00:26:07 INFO storage.ShuffleBlockFetcherIterator: Started 6 remote fetches in 2 ms
17/02/02 00:26:07 INFO python.PythonRunner: Times: total = 165, boot = -15, init = 16, finish = 164
17/02/02 00:26:07 INFO python.PythonRunner: Times: total = 148, boot = -33, init = 34, finish = 147
17/02/02 00:26:07 INFO python.PythonRunner: Times: total = 44, boot = -45, init = 47, finish = 42
17/02/02 00:26:07 INFO python.PythonRunner: Times: total = 67, boot = -39, init = 40, finish = 66
17/02/02 00:26:07 INFO executor.Executor: Finished task 312.0 in stage 346.0 (TID 60826). 3348 bytes result sent to driver
17/02/02 00:26:07 INFO executor.CoarseGrainedExecutorBackend: Got assigned task 60837
17/02/02 00:26:07 INFO executor.Executor: Finished task 310.0 in stage 346.0 (TID 60823). 3348 bytes result sent to driver
17/02/02 00:26:07 INFO executor.Executor: Running task 323.0 in stage 346.0 (TID 60837)
