17/02/02 00:27:05 INFO executor.Executor: Running task 203.0 in stage 347.0 (TID 62607)
17/02/02 00:27:05 INFO storage.ShuffleBlockFetcherIterator: Getting 955 non-empty blocks out of 1890 blocks
17/02/02 00:27:05 INFO storage.ShuffleBlockFetcherIterator: Started 3 remote fetches in 4 ms
17/02/02 00:27:05 INFO python.PythonRunner: Times: total = 313, boot = -189, init = 189, finish = 313
17/02/02 00:27:05 INFO executor.Executor: Finished task 176.0 in stage 347.0 (TID 62580). 1251 bytes result sent to driver
17/02/02 00:27:05 INFO executor.CoarseGrainedExecutorBackend: Got assigned task 62612
17/02/02 00:27:05 INFO executor.Executor: Running task 208.0 in stage 347.0 (TID 62612)
17/02/02 00:27:05 INFO storage.ShuffleBlockFetcherIterator: Getting 949 non-empty blocks out of 1890 blocks
17/02/02 00:27:05 INFO storage.ShuffleBlockFetcherIterator: Started 3 remote fetches in 5 ms
17/02/02 00:27:05 INFO python.PythonRunner: Times: total = 329, boot = -143, init = 143, finish = 329
17/02/02 00:27:05 INFO executor.Executor: Finished task 179.0 in stage 347.0 (TID 62583). 1251 bytes result sent to driver
17/02/02 00:27:05 INFO executor.CoarseGrainedExecutorBackend: Got assigned task 62618
17/02/02 00:27:05 INFO executor.Executor: Running task 214.0 in stage 347.0 (TID 62618)
17/02/02 00:27:05 INFO storage.ShuffleBlockFetcherIterator: Getting 949 non-empty blocks out of 1890 blocks
17/02/02 00:27:05 INFO storage.ShuffleBlockFetcherIterator: Started 3 remote fetches in 2 ms
17/02/02 00:27:05 INFO python.PythonRunner: Times: total = 346, boot = -130, init = 131, finish = 345
17/02/02 00:27:05 INFO executor.Executor: Finished task 181.0 in stage 347.0 (TID 62585). 1251 bytes result sent to driver
17/02/02 00:27:05 INFO executor.CoarseGrainedExecutorBackend: Got assigned task 62624
17/02/02 00:27:05 INFO executor.Executor: Running task 220.0 in stage 347.0 (TID 62624)
17/02/02 00:27:05 INFO storage.ShuffleBlockFetcherIterator: Getting 933 non-empty blocks out of 1890 blocks
17/02/02 00:27:05 INFO storage.ShuffleBlockFetcherIterator: Started 3 remote fetches in 5 ms
17/02/02 00:27:05 INFO python.PythonRunner: Times: total = 198, boot = -300, init = 301, finish = 197
17/02/02 00:27:05 INFO executor.Executor: Finished task 193.0 in stage 347.0 (TID 62597). 1251 bytes result sent to driver
17/02/02 00:27:05 INFO executor.CoarseGrainedExecutorBackend: Got assigned task 62629
17/02/02 00:27:05 INFO executor.Executor: Running task 225.0 in stage 347.0 (TID 62629)
17/02/02 00:27:05 INFO storage.ShuffleBlockFetcherIterator: Getting 952 non-empty blocks out of 1890 blocks
17/02/02 00:27:05 INFO storage.ShuffleBlockFetcherIterator: Started 3 remote fetches in 3 ms
17/02/02 00:27:05 INFO python.PythonRunner: Times: total = 180, boot = -313, init = 314, finish = 179
17/02/02 00:27:05 INFO python.PythonRunner: Times: total = 220, boot = -300, init = 301, finish = 219
17/02/02 00:27:05 INFO executor.Executor: Finished task 203.0 in stage 347.0 (TID 62607). 1251 bytes result sent to driver
17/02/02 00:27:05 INFO executor.Executor: Finished task 196.0 in stage 347.0 (TID 62600). 1251 bytes result sent to driver
17/02/02 00:27:05 INFO executor.CoarseGrainedExecutorBackend: Got assigned task 62640
17/02/02 00:27:05 INFO executor.Executor: Running task 236.0 in stage 347.0 (TID 62640)
17/02/02 00:27:05 INFO executor.CoarseGrainedExecutorBackend: Got assigned task 62641
17/02/02 00:27:05 INFO executor.Executor: Running task 237.0 in stage 347.0 (TID 62641)
17/02/02 00:27:05 INFO storage.ShuffleBlockFetcherIterator: Getting 929 non-empty blocks out of 1890 blocks
17/02/02 00:27:05 INFO storage.ShuffleBlockFetcherIterator: Getting 942 non-empty blocks out of 1890 blocks
17/02/02 00:27:05 INFO storage.ShuffleBlockFetcherIterator: Started 3 remote fetches in 2 ms
17/02/02 00:27:05 INFO storage.ShuffleBlockFetcherIterator: Started 3 remote fetches in 2 ms
17/02/02 00:27:05 INFO python.PythonRunner: Times: total = 176, boot = -310, init = 311, finish = 175
17/02/02 00:27:05 INFO executor.Executor: Finished task 208.0 in stage 347.0 (TID 62612). 1251 bytes result sent to driver
17/02/02 00:27:05 INFO executor.CoarseGrainedExecutorBackend: Got assigned task 62645
17/02/02 00:27:05 INFO executor.Executor: Running task 241.0 in stage 347.0 (TID 62645)
17/02/02 00:27:05 INFO storage.ShuffleBlockFetcherIterator: Getting 948 non-empty blocks out of 1890 blocks
17/02/02 00:27:05 INFO storage.ShuffleBlockFetcherIterator: Started 3 remote fetches in 5 ms
17/02/02 00:27:05 INFO python.PythonRunner: Times: total = 171, boot = -323, init = 324, finish = 170
17/02/02 00:27:05 INFO executor.Executor: Finished task 214.0 in stage 347.0 (TID 62618). 1251 bytes result sent to driver
17/02/02 00:27:05 INFO executor.CoarseGrainedExecutorBackend: Got assigned task 62648
17/02/02 00:27:05 INFO executor.Executor: Running task 244.0 in stage 347.0 (TID 62648)
17/02/02 00:27:05 INFO storage.ShuffleBlockFetcherIterator: Getting 949 non-empty blocks out of 1890 blocks
17/02/02 00:27:05 INFO storage.ShuffleBlockFetcherIterator: Started 3 remote fetches in 2 ms
17/02/02 00:27:05 INFO python.PythonRunner: Times: total = 163, boot = -348, init = 349, finish = 162
17/02/02 00:27:05 INFO executor.Executor: Finished task 220.0 in stage 347.0 (TID 62624). 1251 bytes result sent to driver
17/02/02 00:27:05 INFO executor.CoarseGrainedExecutorBackend: Got assigned task 62651
17/02/02 00:27:05 INFO executor.Executor: Running task 247.0 in stage 347.0 (TID 62651)
17/02/02 00:27:05 INFO storage.ShuffleBlockFetcherIterator: Getting 948 non-empty blocks out of 1890 blocks
17/02/02 00:27:05 INFO storage.ShuffleBlockFetcherIterator: Started 3 remote fetches in 2 ms
17/02/02 00:27:05 INFO python.PythonRunner: Times: total = 207, boot = -183, init = 184, finish = 206
17/02/02 00:27:05 INFO executor.Executor: Finished task 225.0 in stage 347.0 (TID 62629). 1251 bytes result sent to driver
17/02/02 00:27:05 INFO executor.CoarseGrainedExecutorBackend: Got assigned task 62654
17/02/02 00:27:05 INFO executor.Executor: Running task 250.0 in stage 347.0 (TID 62654)
17/02/02 00:27:05 INFO storage.ShuffleBlockFetcherIterator: Getting 942 non-empty blocks out of 1890 blocks
17/02/02 00:27:05 INFO storage.ShuffleBlockFetcherIterator: Started 3 remote fetches in 1 ms
17/02/02 00:27:06 INFO python.PythonRunner: Times: total = 200, boot = -207, init = 208, finish = 199
17/02/02 00:27:06 INFO executor.Executor: Finished task 236.0 in stage 347.0 (TID 62640). 1251 bytes result sent to driver
17/02/02 00:27:06 INFO executor.CoarseGrainedExecutorBackend: Got assigned task 62658
17/02/02 00:27:06 INFO executor.Executor: Running task 254.0 in stage 347.0 (TID 62658)
17/02/02 00:27:06 INFO storage.ShuffleBlockFetcherIterator: Getting 955 non-empty blocks out of 1890 blocks
17/02/02 00:27:06 INFO storage.ShuffleBlockFetcherIterator: Started 3 remote fetches in 3 ms
17/02/02 00:27:06 INFO python.PythonRunner: Times: total = 213, boot = -179, init = 180, finish = 212
17/02/02 00:27:06 INFO executor.Executor: Finished task 237.0 in stage 347.0 (TID 62641). 1251 bytes result sent to driver
17/02/02 00:27:06 INFO executor.CoarseGrainedExecutorBackend: Got assigned task 62660
17/02/02 00:27:06 INFO executor.Executor: Running task 256.0 in stage 347.0 (TID 62660)
17/02/02 00:27:06 INFO storage.ShuffleBlockFetcherIterator: Getting 923 non-empty blocks out of 1890 blocks
17/02/02 00:27:06 INFO storage.ShuffleBlockFetcherIterator: Started 3 remote fetches in 1 ms
17/02/02 00:27:06 INFO python.PythonRunner: Times: total = 215, boot = -186, init = 187, finish = 214
17/02/02 00:27:06 INFO executor.Executor: Finished task 241.0 in stage 347.0 (TID 62645). 1251 bytes result sent to driver
17/02/02 00:27:06 INFO executor.CoarseGrainedExecutorBackend: Got assigned task 62665
17/02/02 00:27:06 INFO executor.Executor: Running task 261.0 in stage 347.0 (TID 62665)
17/02/02 00:27:06 INFO python.PythonRunner: Times: total = 200, boot = -169, init = 170, finish = 199
17/02/02 00:27:06 INFO executor.Executor: Finished task 244.0 in stage 347.0 (TID 62648). 1251 bytes result sent to driver
17/02/02 00:27:06 INFO executor.CoarseGrainedExecutorBackend: Got assigned task 62667
17/02/02 00:27:06 INFO executor.Executor: Running task 263.0 in stage 347.0 (TID 62667)
17/02/02 00:27:06 INFO storage.ShuffleBlockFetcherIterator: Getting 951 non-empty blocks out of 1890 blocks
17/02/02 00:27:06 INFO storage.ShuffleBlockFetcherIterator: Started 3 remote fetches in 3 ms
17/02/02 00:27:06 INFO storage.ShuffleBlockFetcherIterator: Getting 952 non-empty blocks out of 1890 blocks
17/02/02 00:27:06 INFO storage.ShuffleBlockFetcherIterator: Started 3 remote fetches in 2 ms
17/02/02 00:27:06 INFO python.PythonRunner: Times: total = 195, boot = -160, init = 161, finish = 194
17/02/02 00:27:06 INFO executor.Executor: Finished task 247.0 in stage 347.0 (TID 62651). 1251 bytes result sent to driver
17/02/02 00:27:06 INFO executor.CoarseGrainedExecutorBackend: Got assigned task 62676
17/02/02 00:27:06 INFO executor.Executor: Running task 272.0 in stage 347.0 (TID 62676)
17/02/02 00:27:06 INFO python.PythonRunner: Times: total = 144, boot = -201, init = 202, finish = 143
17/02/02 00:27:06 INFO executor.Executor: Finished task 250.0 in stage 347.0 (TID 62654). 1251 bytes result sent to driver
17/02/02 00:27:06 INFO storage.ShuffleBlockFetcherIterator: Getting 960 non-empty blocks out of 1890 blocks
17/02/02 00:27:06 INFO executor.CoarseGrainedExecutorBackend: Got assigned task 62677
17/02/02 00:27:06 INFO executor.Executor: Running task 273.0 in stage 347.0 (TID 62677)
17/02/02 00:27:06 INFO storage.ShuffleBlockFetcherIterator: Started 3 remote fetches in 2 ms
17/02/02 00:27:06 INFO storage.ShuffleBlockFetcherIterator: Getting 951 non-empty blocks out of 1890 blocks
17/02/02 00:27:06 INFO storage.ShuffleBlockFetcherIterator: Started 3 remote fetches in 3 ms
17/02/02 00:27:06 INFO python.PythonRunner: Times: total = 110, boot = -188, init = 189, finish = 109
