17/02/02 00:26:47 INFO python.PythonRunner: Times: total = 944, boot = -1177, init = 1178, finish = 943
17/02/02 00:26:47 INFO python.PythonRunner: Times: total = 662, boot = -1429, init = 1457, finish = 634
17/02/02 00:26:48 INFO executor.Executor: Finished task 1651.0 in stage 346.0 (TID 62165). 3348 bytes result sent to driver
17/02/02 00:26:48 INFO executor.CoarseGrainedExecutorBackend: Got assigned task 62222
17/02/02 00:26:48 INFO executor.Executor: Running task 1708.0 in stage 346.0 (TID 62222)
17/02/02 00:26:48 INFO storage.ShuffleBlockFetcherIterator: Getting 956 non-empty blocks out of 960 blocks
17/02/02 00:26:48 INFO storage.ShuffleBlockFetcherIterator: Started 6 remote fetches in 3 ms
17/02/02 00:26:48 INFO python.PythonRunner: Times: total = 1105, boot = -1730, init = 1731, finish = 1104
17/02/02 00:26:48 INFO python.PythonRunner: Times: total = 1098, boot = -1588, init = 1591, finish = 1095
17/02/02 00:26:48 INFO python.PythonRunner: Times: total = 234, boot = -2103, init = 2104, finish = 233
17/02/02 00:26:48 INFO python.PythonRunner: Times: total = 1352, boot = -1691, init = 1693, finish = 1350
17/02/02 00:26:48 INFO python.PythonRunner: Times: total = 1342, boot = -1684, init = 1686, finish = 1340
17/02/02 00:26:48 INFO python.PythonRunner: Times: total = 314, boot = -1875, init = 1876, finish = 313
17/02/02 00:26:50 INFO executor.Executor: Finished task 1666.0 in stage 346.0 (TID 62180). 3348 bytes result sent to driver
17/02/02 00:26:50 INFO executor.CoarseGrainedExecutorBackend: Got assigned task 62262
17/02/02 00:26:50 INFO executor.Executor: Running task 1748.0 in stage 346.0 (TID 62262)
17/02/02 00:26:50 INFO storage.ShuffleBlockFetcherIterator: Getting 955 non-empty blocks out of 960 blocks
17/02/02 00:26:50 INFO storage.ShuffleBlockFetcherIterator: Started 6 remote fetches in 3 ms
17/02/02 00:26:50 INFO python.PythonRunner: Times: total = 257, boot = -2744, init = 2746, finish = 255
17/02/02 00:26:50 INFO executor.Executor: Finished task 1669.0 in stage 346.0 (TID 62183). 3348 bytes result sent to driver
17/02/02 00:26:50 INFO executor.CoarseGrainedExecutorBackend: Got assigned task 62270
17/02/02 00:26:50 INFO executor.Executor: Running task 1756.0 in stage 346.0 (TID 62270)
17/02/02 00:26:50 INFO storage.ShuffleBlockFetcherIterator: Getting 959 non-empty blocks out of 960 blocks
17/02/02 00:26:50 INFO storage.ShuffleBlockFetcherIterator: Started 6 remote fetches in 4 ms
17/02/02 00:26:50 INFO python.PythonRunner: Times: total = 283, boot = -2828, init = 2830, finish = 281
17/02/02 00:26:50 INFO executor.Executor: Finished task 1677.0 in stage 346.0 (TID 62191). 3348 bytes result sent to driver
17/02/02 00:26:50 INFO executor.CoarseGrainedExecutorBackend: Got assigned task 62272
17/02/02 00:26:50 INFO executor.Executor: Running task 1758.0 in stage 346.0 (TID 62272)
17/02/02 00:26:50 INFO storage.ShuffleBlockFetcherIterator: Getting 957 non-empty blocks out of 960 blocks
17/02/02 00:26:50 INFO storage.ShuffleBlockFetcherIterator: Started 6 remote fetches in 5 ms
17/02/02 00:26:50 INFO python.PythonRunner: Times: total = 312, boot = -2928, init = 2929, finish = 311
17/02/02 00:26:50 INFO executor.Executor: Finished task 1670.0 in stage 346.0 (TID 62184). 3348 bytes result sent to driver
17/02/02 00:26:50 INFO executor.CoarseGrainedExecutorBackend: Got assigned task 62280
17/02/02 00:26:50 INFO executor.Executor: Running task 1766.0 in stage 346.0 (TID 62280)
17/02/02 00:26:50 INFO executor.Executor: Finished task 1668.0 in stage 346.0 (TID 62182). 3348 bytes result sent to driver
17/02/02 00:26:50 INFO executor.CoarseGrainedExecutorBackend: Got assigned task 62281
17/02/02 00:26:50 INFO storage.ShuffleBlockFetcherIterator: Getting 960 non-empty blocks out of 960 blocks
17/02/02 00:26:50 INFO executor.Executor: Running task 1767.0 in stage 346.0 (TID 62281)
17/02/02 00:26:50 INFO storage.ShuffleBlockFetcherIterator: Started 6 remote fetches in 4 ms
17/02/02 00:26:50 INFO storage.ShuffleBlockFetcherIterator: Getting 957 non-empty blocks out of 960 blocks
17/02/02 00:26:50 INFO storage.ShuffleBlockFetcherIterator: Started 6 remote fetches in 3 ms
17/02/02 00:26:50 INFO python.PythonRunner: Times: total = 255, boot = -3035, init = 3036, finish = 254
17/02/02 00:26:51 INFO python.PythonRunner: Times: total = 346, boot = -3110, init = 3112, finish = 344
17/02/02 00:26:51 INFO executor.Executor: Finished task 1708.0 in stage 346.0 (TID 62222). 3348 bytes result sent to driver
17/02/02 00:26:51 INFO executor.CoarseGrainedExecutorBackend: Got assigned task 62286
17/02/02 00:26:51 INFO executor.Executor: Running task 1772.0 in stage 346.0 (TID 62286)
17/02/02 00:26:51 INFO storage.ShuffleBlockFetcherIterator: Getting 959 non-empty blocks out of 960 blocks
17/02/02 00:26:51 INFO storage.ShuffleBlockFetcherIterator: Started 6 remote fetches in 4 ms
17/02/02 00:26:51 INFO python.PythonRunner: Times: total = 231, boot = -2410, init = 2411, finish = 230
17/02/02 00:26:51 INFO python.PythonRunner: Times: total = 359, boot = -3229, init = 3230, finish = 358
17/02/02 00:26:51 INFO python.PythonRunner: Times: total = 273, boot = -2401, init = 2403, finish = 271
17/02/02 00:26:51 INFO python.PythonRunner: Times: total = 282, boot = -2476, init = 2477, finish = 281
17/02/02 00:26:51 INFO python.PythonRunner: Times: total = 257, boot = -2385, init = 2387, finish = 255
17/02/02 00:26:51 INFO python.PythonRunner: Times: total = 292, boot = -2375, init = 2376, finish = 291
17/02/02 00:26:51 INFO python.PythonRunner: Times: total = 361, boot = -2464, init = 2466, finish = 359
17/02/02 00:26:54 INFO executor.Executor: Finished task 1748.0 in stage 346.0 (TID 62262). 3348 bytes result sent to driver
17/02/02 00:26:54 INFO executor.CoarseGrainedExecutorBackend: Got assigned task 62356
17/02/02 00:26:54 INFO executor.Executor: Running task 1842.0 in stage 346.0 (TID 62356)
17/02/02 00:26:54 INFO storage.ShuffleBlockFetcherIterator: Getting 959 non-empty blocks out of 960 blocks
17/02/02 00:26:54 INFO storage.ShuffleBlockFetcherIterator: Started 6 remote fetches in 4 ms
17/02/02 00:26:55 INFO python.PythonRunner: Times: total = 247, boot = -4473, init = 4474, finish = 246
17/02/02 00:26:55 INFO python.PythonRunner: Times: total = 312, boot = -4438, init = 4440, finish = 310
17/02/02 00:26:55 INFO executor.Executor: Finished task 1756.0 in stage 346.0 (TID 62270). 3348 bytes result sent to driver
17/02/02 00:26:55 INFO executor.CoarseGrainedExecutorBackend: Got assigned task 62379
17/02/02 00:26:55 INFO executor.Executor: Running task 1865.0 in stage 346.0 (TID 62379)
17/02/02 00:26:55 INFO storage.ShuffleBlockFetcherIterator: Getting 958 non-empty blocks out of 960 blocks
17/02/02 00:26:55 INFO storage.ShuffleBlockFetcherIterator: Started 6 remote fetches in 3 ms
17/02/02 00:26:56 INFO executor.Executor: Finished task 1758.0 in stage 346.0 (TID 62272). 3348 bytes result sent to driver
17/02/02 00:26:56 INFO executor.CoarseGrainedExecutorBackend: Got assigned task 62382
17/02/02 00:26:56 INFO executor.Executor: Running task 1868.0 in stage 346.0 (TID 62382)
17/02/02 00:26:56 INFO storage.ShuffleBlockFetcherIterator: Getting 959 non-empty blocks out of 960 blocks
17/02/02 00:26:56 INFO storage.ShuffleBlockFetcherIterator: Started 6 remote fetches in 3 ms
17/02/02 00:26:56 INFO python.PythonRunner: Times: total = 368, boot = -4961, init = 4962, finish = 367
17/02/02 00:26:56 INFO python.PythonRunner: Times: total = 334, boot = -4936, init = 4938, finish = 332
17/02/02 00:26:56 INFO python.PythonRunner: Times: total = 445, boot = -5043, init = 5045, finish = 443
17/02/02 00:26:56 INFO python.PythonRunner: Times: total = 385, boot = -5000, init = 5002, finish = 383
17/02/02 00:26:56 INFO executor.Executor: Finished task 1766.0 in stage 346.0 (TID 62280). 3348 bytes result sent to driver
17/02/02 00:26:56 INFO executor.CoarseGrainedExecutorBackend: Got assigned task 62397
17/02/02 00:26:56 INFO executor.Executor: Running task 1883.0 in stage 346.0 (TID 62397)
17/02/02 00:26:56 INFO storage.ShuffleBlockFetcherIterator: Getting 957 non-empty blocks out of 960 blocks
17/02/02 00:26:56 INFO storage.ShuffleBlockFetcherIterator: Started 6 remote fetches in 3 ms
17/02/02 00:26:56 INFO executor.Executor: Finished task 1767.0 in stage 346.0 (TID 62281). 3348 bytes result sent to driver
17/02/02 00:26:56 INFO executor.CoarseGrainedExecutorBackend: Got assigned task 62398
17/02/02 00:26:56 INFO executor.Executor: Running task 1884.0 in stage 346.0 (TID 62398)
17/02/02 00:26:56 INFO storage.ShuffleBlockFetcherIterator: Getting 957 non-empty blocks out of 960 blocks
17/02/02 00:26:56 INFO storage.ShuffleBlockFetcherIterator: Started 6 remote fetches in 3 ms
17/02/02 00:26:56 INFO python.PythonRunner: Times: total = 261, boot = -5416, init = 5417, finish = 260
17/02/02 00:26:56 INFO python.PythonRunner: Times: total = 269, boot = -5415, init = 5416, finish = 268
17/02/02 00:26:57 INFO executor.Executor: Finished task 1772.0 in stage 346.0 (TID 62286). 3348 bytes result sent to driver
17/02/02 00:26:57 INFO python.PythonRunner: Times: total = 333, boot = -5398, init = 5399, finish = 332
17/02/02 00:26:57 INFO python.PythonRunner: Times: total = 316, boot = -5410, init = 5411, finish = 315
17/02/02 00:27:01 INFO executor.Executor: Finished task 1842.0 in stage 346.0 (TID 62356). 3348 bytes result sent to driver
17/02/02 00:27:02 INFO executor.Executor: Finished task 1865.0 in stage 346.0 (TID 62379). 3348 bytes result sent to driver
17/02/02 00:27:02 INFO executor.Executor: Finished task 1868.0 in stage 346.0 (TID 62382). 3348 bytes result sent to driver
17/02/02 00:27:03 INFO executor.Executor: Finished task 1883.0 in stage 346.0 (TID 62397). 3348 bytes result sent to driver
17/02/02 00:27:03 INFO executor.Executor: Finished task 1884.0 in stage 346.0 (TID 62398). 3348 bytes result sent to driver
17/02/02 00:27:03 INFO executor.CoarseGrainedExecutorBackend: Got assigned task 62404
17/02/02 00:27:03 INFO executor.CoarseGrainedExecutorBackend: Got assigned task 62409
17/02/02 00:27:03 INFO executor.Executor: Running task 0.0 in stage 347.0 (TID 62404)
17/02/02 00:27:03 INFO executor.Executor: Running task 5.0 in stage 347.0 (TID 62409)
