17/02/02 00:14:42 INFO executor.CoarseGrainedExecutorBackend: Got assigned task 57383
17/02/02 00:14:42 INFO executor.Executor: Running task 708.0 in stage 330.0 (TID 57383)
17/02/02 00:14:42 INFO executor.Executor: Finished task 676.0 in stage 330.0 (TID 57351). 2410 bytes result sent to driver
17/02/02 00:14:42 INFO storage.ShuffleBlockFetcherIterator: Getting 61 non-empty blocks out of 960 blocks
17/02/02 00:14:42 INFO storage.ShuffleBlockFetcherIterator: Started 4 remote fetches in 0 ms
17/02/02 00:14:42 INFO executor.CoarseGrainedExecutorBackend: Got assigned task 57384
17/02/02 00:14:42 INFO executor.Executor: Running task 712.0 in stage 330.0 (TID 57384)
17/02/02 00:14:42 INFO executor.Executor: Finished task 686.0 in stage 330.0 (TID 57360). 2410 bytes result sent to driver
17/02/02 00:14:42 INFO storage.ShuffleBlockFetcherIterator: Getting 61 non-empty blocks out of 960 blocks
17/02/02 00:14:42 INFO storage.ShuffleBlockFetcherIterator: Started 4 remote fetches in 0 ms
17/02/02 00:14:42 INFO executor.CoarseGrainedExecutorBackend: Got assigned task 57386
17/02/02 00:14:42 INFO executor.Executor: Running task 714.0 in stage 330.0 (TID 57386)
17/02/02 00:14:42 INFO storage.ShuffleBlockFetcherIterator: Getting 61 non-empty blocks out of 960 blocks
17/02/02 00:14:42 INFO storage.ShuffleBlockFetcherIterator: Started 4 remote fetches in 0 ms
17/02/02 00:14:42 INFO python.PythonRunner: Times: total = 60, boot = -88, init = 89, finish = 59
17/02/02 00:14:42 INFO python.PythonRunner: Times: total = 17, boot = -68, init = 69, finish = 16
17/02/02 00:14:42 INFO executor.Executor: Finished task 694.0 in stage 330.0 (TID 57368). 2410 bytes result sent to driver
17/02/02 00:14:42 INFO executor.CoarseGrainedExecutorBackend: Got assigned task 57396
17/02/02 00:14:42 INFO executor.Executor: Running task 720.0 in stage 330.0 (TID 57396)
17/02/02 00:14:42 INFO storage.ShuffleBlockFetcherIterator: Getting 61 non-empty blocks out of 960 blocks
17/02/02 00:14:42 INFO storage.ShuffleBlockFetcherIterator: Started 4 remote fetches in 0 ms
17/02/02 00:14:42 INFO executor.Executor: Finished task 714.0 in stage 330.0 (TID 57386). 2410 bytes result sent to driver
17/02/02 00:14:42 INFO executor.CoarseGrainedExecutorBackend: Got assigned task 57398
17/02/02 00:14:42 INFO executor.Executor: Running task 724.0 in stage 330.0 (TID 57398)
17/02/02 00:14:42 INFO storage.ShuffleBlockFetcherIterator: Getting 61 non-empty blocks out of 960 blocks
17/02/02 00:14:42 INFO storage.ShuffleBlockFetcherIterator: Started 4 remote fetches in 0 ms
17/02/02 00:14:42 INFO python.PythonRunner: Times: total = 62, boot = -88, init = 90, finish = 60
17/02/02 00:14:42 INFO python.PythonRunner: Times: total = 19, boot = -74, init = 76, finish = 17
17/02/02 00:14:42 INFO python.PythonRunner: Times: total = 67, boot = -90, init = 91, finish = 66
17/02/02 00:14:42 INFO executor.Executor: Finished task 702.0 in stage 330.0 (TID 57377). 2410 bytes result sent to driver
17/02/02 00:14:42 INFO executor.CoarseGrainedExecutorBackend: Got assigned task 57406
17/02/02 00:14:42 INFO executor.Executor: Running task 731.0 in stage 330.0 (TID 57406)
17/02/02 00:14:42 INFO python.PythonRunner: Times: total = 61, boot = -87, init = 88, finish = 60
17/02/02 00:14:42 INFO storage.ShuffleBlockFetcherIterator: Getting 61 non-empty blocks out of 960 blocks
17/02/02 00:14:42 INFO storage.ShuffleBlockFetcherIterator: Started 4 remote fetches in 0 ms
17/02/02 00:14:42 INFO python.PythonRunner: Times: total = 60, boot = -81, init = 82, finish = 59
17/02/02 00:14:42 INFO executor.Executor: Finished task 705.0 in stage 330.0 (TID 57379). 2410 bytes result sent to driver
17/02/02 00:14:42 INFO executor.CoarseGrainedExecutorBackend: Got assigned task 57411
17/02/02 00:14:42 INFO executor.Executor: Running task 736.0 in stage 330.0 (TID 57411)
17/02/02 00:14:42 INFO storage.ShuffleBlockFetcherIterator: Getting 61 non-empty blocks out of 960 blocks
17/02/02 00:14:42 INFO storage.ShuffleBlockFetcherIterator: Started 4 remote fetches in 1 ms
17/02/02 00:14:42 INFO executor.Executor: Finished task 720.0 in stage 330.0 (TID 57396). 2410 bytes result sent to driver
17/02/02 00:14:42 INFO executor.CoarseGrainedExecutorBackend: Got assigned task 57413
17/02/02 00:14:42 INFO executor.Executor: Running task 738.0 in stage 330.0 (TID 57413)
17/02/02 00:14:42 INFO storage.ShuffleBlockFetcherIterator: Getting 61 non-empty blocks out of 960 blocks
17/02/02 00:14:42 INFO storage.ShuffleBlockFetcherIterator: Started 4 remote fetches in 0 ms
17/02/02 00:14:42 INFO executor.Executor: Finished task 708.0 in stage 330.0 (TID 57383). 2410 bytes result sent to driver
17/02/02 00:14:42 INFO executor.CoarseGrainedExecutorBackend: Got assigned task 57415
17/02/02 00:14:42 INFO executor.Executor: Running task 742.0 in stage 330.0 (TID 57415)
17/02/02 00:14:42 INFO storage.ShuffleBlockFetcherIterator: Getting 61 non-empty blocks out of 960 blocks
17/02/02 00:14:42 INFO storage.ShuffleBlockFetcherIterator: Started 4 remote fetches in 0 ms
17/02/02 00:14:42 INFO executor.Executor: Finished task 712.0 in stage 330.0 (TID 57384). 2410 bytes result sent to driver
17/02/02 00:14:42 INFO executor.CoarseGrainedExecutorBackend: Got assigned task 57416
17/02/02 00:14:42 INFO executor.Executor: Running task 744.0 in stage 330.0 (TID 57416)
17/02/02 00:14:42 INFO storage.ShuffleBlockFetcherIterator: Getting 61 non-empty blocks out of 960 blocks
17/02/02 00:14:42 INFO storage.ShuffleBlockFetcherIterator: Started 4 remote fetches in 1 ms
17/02/02 00:14:42 INFO python.PythonRunner: Times: total = 54, boot = -51, init = 52, finish = 53
17/02/02 00:14:42 INFO executor.Executor: Finished task 724.0 in stage 330.0 (TID 57398). 2410 bytes result sent to driver
17/02/02 00:14:42 INFO executor.CoarseGrainedExecutorBackend: Got assigned task 57427
17/02/02 00:14:42 INFO executor.Executor: Running task 750.0 in stage 330.0 (TID 57427)
17/02/02 00:14:42 INFO python.PythonRunner: Times: total = 24, boot = -55, init = 56, finish = 23
17/02/02 00:14:42 INFO storage.ShuffleBlockFetcherIterator: Getting 61 non-empty blocks out of 960 blocks
17/02/02 00:14:42 INFO storage.ShuffleBlockFetcherIterator: Started 4 remote fetches in 0 ms
17/02/02 00:14:42 INFO executor.Executor: Finished task 744.0 in stage 330.0 (TID 57416). 2410 bytes result sent to driver
17/02/02 00:14:42 INFO executor.CoarseGrainedExecutorBackend: Got assigned task 57432
17/02/02 00:14:42 INFO executor.Executor: Running task 757.0 in stage 330.0 (TID 57432)
17/02/02 00:14:42 INFO storage.ShuffleBlockFetcherIterator: Getting 61 non-empty blocks out of 960 blocks
17/02/02 00:14:42 INFO storage.ShuffleBlockFetcherIterator: Started 4 remote fetches in 0 ms
17/02/02 00:14:42 INFO python.PythonRunner: Times: total = 74, boot = -73, init = 74, finish = 73
17/02/02 00:14:42 INFO python.PythonRunner: Times: total = 63, boot = -69, init = 70, finish = 62
17/02/02 00:14:42 INFO python.PythonRunner: Times: total = 26, boot = -73, init = 74, finish = 25
17/02/02 00:14:42 INFO python.PythonRunner: Times: total = 62, boot = -73, init = 74, finish = 61
17/02/02 00:14:42 INFO python.PythonRunner: Times: total = 66, boot = -71, init = 72, finish = 65
17/02/02 00:14:42 INFO executor.Executor: Finished task 736.0 in stage 330.0 (TID 57411). 2410 bytes result sent to driver
17/02/02 00:14:42 INFO executor.Executor: Finished task 731.0 in stage 330.0 (TID 57406). 2410 bytes result sent to driver
17/02/02 00:14:42 INFO executor.CoarseGrainedExecutorBackend: Got assigned task 57440
17/02/02 00:14:42 INFO executor.Executor: Running task 766.0 in stage 330.0 (TID 57440)
17/02/02 00:14:42 INFO executor.Executor: Finished task 750.0 in stage 330.0 (TID 57427). 2410 bytes result sent to driver
17/02/02 00:14:42 INFO executor.CoarseGrainedExecutorBackend: Got assigned task 57441
17/02/02 00:14:42 INFO executor.Executor: Running task 767.0 in stage 330.0 (TID 57441)
17/02/02 00:14:42 INFO storage.ShuffleBlockFetcherIterator: Getting 61 non-empty blocks out of 960 blocks
17/02/02 00:14:42 INFO storage.ShuffleBlockFetcherIterator: Getting 61 non-empty blocks out of 960 blocks
17/02/02 00:14:42 INFO storage.ShuffleBlockFetcherIterator: Started 4 remote fetches in 0 ms
17/02/02 00:14:42 INFO executor.CoarseGrainedExecutorBackend: Got assigned task 57443
17/02/02 00:14:42 INFO executor.Executor: Running task 768.0 in stage 330.0 (TID 57443)
17/02/02 00:14:42 INFO storage.ShuffleBlockFetcherIterator: Started 4 remote fetches in 1 ms
17/02/02 00:14:42 INFO storage.ShuffleBlockFetcherIterator: Getting 61 non-empty blocks out of 960 blocks
17/02/02 00:14:42 INFO storage.ShuffleBlockFetcherIterator: Started 4 remote fetches in 1 ms
17/02/02 00:14:42 INFO executor.Executor: Finished task 738.0 in stage 330.0 (TID 57413). 2410 bytes result sent to driver
17/02/02 00:14:42 INFO executor.CoarseGrainedExecutorBackend: Got assigned task 57446
17/02/02 00:14:42 INFO executor.Executor: Running task 772.0 in stage 330.0 (TID 57446)
17/02/02 00:14:42 INFO storage.ShuffleBlockFetcherIterator: Getting 61 non-empty blocks out of 960 blocks
17/02/02 00:14:42 INFO storage.ShuffleBlockFetcherIterator: Started 4 remote fetches in 1 ms
17/02/02 00:14:42 INFO executor.Executor: Finished task 742.0 in stage 330.0 (TID 57415). 2410 bytes result sent to driver
17/02/02 00:14:42 INFO executor.CoarseGrainedExecutorBackend: Got assigned task 57449
17/02/02 00:14:42 INFO executor.Executor: Running task 776.0 in stage 330.0 (TID 57449)
17/02/02 00:14:42 INFO storage.ShuffleBlockFetcherIterator: Getting 61 non-empty blocks out of 960 blocks
17/02/02 00:14:42 INFO storage.ShuffleBlockFetcherIterator: Started 4 remote fetches in 1 ms
17/02/02 00:14:42 INFO python.PythonRunner: Times: total = 58, boot = -56, init = 57, finish = 57
17/02/02 00:14:42 INFO executor.Executor: Finished task 757.0 in stage 330.0 (TID 57432). 2410 bytes result sent to driver
