17/02/01 23:35:55 INFO python.PythonRunner: Times: total = 853, boot = -440, init = 442, finish = 851
17/02/01 23:35:55 INFO executor.Executor: Finished task 76.0 in stage 264.0 (TID 48535). 1562 bytes result sent to driver
17/02/01 23:35:55 INFO executor.CoarseGrainedExecutorBackend: Got assigned task 48545
17/02/01 23:35:55 INFO executor.Executor: Running task 87.0 in stage 264.0 (TID 48545)
17/02/01 23:35:55 INFO storage.ShuffleBlockFetcherIterator: Getting 120 non-empty blocks out of 120 blocks
17/02/01 23:35:55 INFO storage.ShuffleBlockFetcherIterator: Started 6 remote fetches in 1 ms
17/02/01 23:35:55 INFO python.PythonRunner: Times: total = 237, boot = -857, init = 861, finish = 233
17/02/01 23:35:55 INFO executor.Executor: Finished task 84.0 in stage 264.0 (TID 48542). 1562 bytes result sent to driver
17/02/01 23:35:55 INFO executor.CoarseGrainedExecutorBackend: Got assigned task 48546
17/02/01 23:35:55 INFO executor.Executor: Running task 89.0 in stage 264.0 (TID 48546)
17/02/01 23:35:55 INFO python.PythonRunner: Times: total = 281, boot = -691, init = 694, finish = 278
17/02/01 23:35:55 INFO storage.ShuffleBlockFetcherIterator: Getting 120 non-empty blocks out of 120 blocks
17/02/01 23:35:55 INFO storage.ShuffleBlockFetcherIterator: Started 5 remote fetches in 1 ms
17/02/01 23:35:55 INFO executor.Executor: Finished task 85.0 in stage 264.0 (TID 48543). 1562 bytes result sent to driver
17/02/01 23:35:55 INFO executor.CoarseGrainedExecutorBackend: Got assigned task 48547
17/02/01 23:35:55 INFO executor.Executor: Running task 90.0 in stage 264.0 (TID 48547)
17/02/01 23:35:55 INFO storage.ShuffleBlockFetcherIterator: Getting 120 non-empty blocks out of 120 blocks
17/02/01 23:35:55 INFO storage.ShuffleBlockFetcherIterator: Started 5 remote fetches in 1 ms
17/02/01 23:35:55 INFO python.PythonRunner: Times: total = 164, boot = -650, init = 653, finish = 161
17/02/01 23:35:55 INFO executor.Executor: Finished task 89.0 in stage 264.0 (TID 48546). 1562 bytes result sent to driver
17/02/01 23:35:55 INFO executor.CoarseGrainedExecutorBackend: Got assigned task 48548
17/02/01 23:35:55 INFO executor.Executor: Running task 91.0 in stage 264.0 (TID 48548)
17/02/01 23:35:55 INFO storage.ShuffleBlockFetcherIterator: Getting 120 non-empty blocks out of 120 blocks
17/02/01 23:35:55 INFO storage.ShuffleBlockFetcherIterator: Started 4 remote fetches in 1 ms
17/02/01 23:35:55 INFO python.PythonRunner: Times: total = 863, boot = -711, init = 716, finish = 858
17/02/01 23:35:55 INFO executor.Executor: Finished task 79.0 in stage 264.0 (TID 48538). 1562 bytes result sent to driver
17/02/01 23:35:55 INFO executor.CoarseGrainedExecutorBackend: Got assigned task 48549
17/02/01 23:35:55 INFO executor.Executor: Running task 92.0 in stage 264.0 (TID 48549)
17/02/01 23:35:55 INFO storage.ShuffleBlockFetcherIterator: Getting 120 non-empty blocks out of 120 blocks
17/02/01 23:35:55 INFO storage.ShuffleBlockFetcherIterator: Started 5 remote fetches in 1 ms
17/02/01 23:35:55 INFO python.PythonRunner: Times: total = 782, boot = -822, init = 826, finish = 778
17/02/01 23:35:55 INFO executor.Executor: Finished task 80.0 in stage 264.0 (TID 48540). 1562 bytes result sent to driver
17/02/01 23:35:55 INFO executor.CoarseGrainedExecutorBackend: Got assigned task 48550
17/02/01 23:35:55 INFO executor.Executor: Running task 93.0 in stage 264.0 (TID 48550)
17/02/01 23:35:55 INFO storage.ShuffleBlockFetcherIterator: Getting 120 non-empty blocks out of 120 blocks
17/02/01 23:35:55 INFO storage.ShuffleBlockFetcherIterator: Started 4 remote fetches in 0 ms
17/02/01 23:35:56 INFO python.PythonRunner: Times: total = 1077, boot = -892, init = 895, finish = 1074
17/02/01 23:35:56 INFO executor.Executor: Finished task 82.0 in stage 264.0 (TID 48541). 1562 bytes result sent to driver
17/02/01 23:35:56 INFO executor.CoarseGrainedExecutorBackend: Got assigned task 48551
17/02/01 23:35:56 INFO executor.Executor: Running task 94.0 in stage 264.0 (TID 48551)
17/02/01 23:35:56 INFO storage.ShuffleBlockFetcherIterator: Getting 120 non-empty blocks out of 120 blocks
17/02/01 23:35:56 INFO storage.ShuffleBlockFetcherIterator: Started 5 remote fetches in 1 ms
17/02/01 23:35:56 INFO python.PythonRunner: Times: total = 880, boot = -517, init = 521, finish = 876
17/02/01 23:35:56 INFO executor.Executor: Finished task 90.0 in stage 264.0 (TID 48547). 1562 bytes result sent to driver
17/02/01 23:35:56 INFO executor.CoarseGrainedExecutorBackend: Got assigned task 48552
17/02/01 23:35:56 INFO executor.Executor: Running task 95.0 in stage 264.0 (TID 48552)
17/02/01 23:35:56 INFO storage.ShuffleBlockFetcherIterator: Getting 120 non-empty blocks out of 120 blocks
17/02/01 23:35:56 INFO storage.ShuffleBlockFetcherIterator: Started 4 remote fetches in 1 ms
17/02/01 23:35:56 INFO python.PythonRunner: Times: total = 756, boot = -604, init = 607, finish = 753
17/02/01 23:35:56 INFO python.PythonRunner: Times: total = 1077, boot = -756, init = 760, finish = 1073
17/02/01 23:35:56 INFO python.PythonRunner: Times: total = 834, boot = -546, init = 549, finish = 831
17/02/01 23:35:56 INFO executor.Executor: Finished task 92.0 in stage 264.0 (TID 48549). 1562 bytes result sent to driver
17/02/01 23:35:56 INFO executor.CoarseGrainedExecutorBackend: Got assigned task 48554
17/02/01 23:35:56 INFO executor.Executor: Running task 97.0 in stage 264.0 (TID 48554)
17/02/01 23:35:56 INFO storage.ShuffleBlockFetcherIterator: Getting 120 non-empty blocks out of 120 blocks
17/02/01 23:35:56 INFO storage.ShuffleBlockFetcherIterator: Started 4 remote fetches in 1 ms
17/02/01 23:35:56 INFO executor.Executor: Finished task 87.0 in stage 264.0 (TID 48545). 1562 bytes result sent to driver
17/02/01 23:35:56 INFO executor.CoarseGrainedExecutorBackend: Got assigned task 48555
17/02/01 23:35:56 INFO executor.Executor: Running task 98.0 in stage 264.0 (TID 48555)
17/02/01 23:35:56 INFO storage.ShuffleBlockFetcherIterator: Getting 120 non-empty blocks out of 120 blocks
17/02/01 23:35:56 INFO storage.ShuffleBlockFetcherIterator: Started 5 remote fetches in 1 ms
17/02/01 23:35:56 INFO executor.Executor: Finished task 91.0 in stage 264.0 (TID 48548). 1562 bytes result sent to driver
17/02/01 23:35:56 INFO executor.CoarseGrainedExecutorBackend: Got assigned task 48556
17/02/01 23:35:56 INFO executor.Executor: Running task 99.0 in stage 264.0 (TID 48556)
17/02/01 23:35:56 INFO storage.ShuffleBlockFetcherIterator: Getting 120 non-empty blocks out of 120 blocks
17/02/01 23:35:56 INFO storage.ShuffleBlockFetcherIterator: Started 5 remote fetches in 1 ms
17/02/01 23:35:56 INFO python.PythonRunner: Times: total = 176, boot = -984, init = 987, finish = 173
17/02/01 23:35:56 INFO executor.Executor: Finished task 95.0 in stage 264.0 (TID 48552). 1562 bytes result sent to driver
17/02/01 23:35:56 INFO executor.CoarseGrainedExecutorBackend: Got assigned task 48557
17/02/01 23:35:56 INFO executor.Executor: Running task 100.0 in stage 264.0 (TID 48557)
17/02/01 23:35:56 INFO storage.ShuffleBlockFetcherIterator: Getting 120 non-empty blocks out of 120 blocks
17/02/01 23:35:56 INFO storage.ShuffleBlockFetcherIterator: Started 6 remote fetches in 1 ms
17/02/01 23:35:56 INFO python.PythonRunner: Times: total = 110, boot = -1049, init = 1052, finish = 107
17/02/01 23:35:56 INFO python.PythonRunner: Times: total = 109, boot = -900, init = 903, finish = 106
17/02/01 23:35:56 INFO executor.Executor: Finished task 97.0 in stage 264.0 (TID 48554). 1562 bytes result sent to driver
17/02/01 23:35:56 INFO executor.CoarseGrainedExecutorBackend: Got assigned task 48559
17/02/01 23:35:56 INFO executor.Executor: Running task 101.0 in stage 264.0 (TID 48559)
17/02/01 23:35:56 INFO storage.ShuffleBlockFetcherIterator: Getting 120 non-empty blocks out of 120 blocks
17/02/01 23:35:56 INFO storage.ShuffleBlockFetcherIterator: Started 4 remote fetches in 1 ms
17/02/01 23:35:56 INFO executor.Executor: Finished task 98.0 in stage 264.0 (TID 48555). 1562 bytes result sent to driver
17/02/01 23:35:56 INFO executor.CoarseGrainedExecutorBackend: Got assigned task 48560
17/02/01 23:35:56 INFO executor.Executor: Running task 102.0 in stage 264.0 (TID 48560)
17/02/01 23:35:56 INFO storage.ShuffleBlockFetcherIterator: Getting 120 non-empty blocks out of 120 blocks
17/02/01 23:35:56 INFO storage.ShuffleBlockFetcherIterator: Started 4 remote fetches in 1 ms
17/02/01 23:35:56 INFO python.PythonRunner: Times: total = 899, boot = -671, init = 673, finish = 897
17/02/01 23:35:56 INFO executor.Executor: Finished task 93.0 in stage 264.0 (TID 48550). 1562 bytes result sent to driver
17/02/01 23:35:56 INFO executor.CoarseGrainedExecutorBackend: Got assigned task 48561
17/02/01 23:35:56 INFO executor.Executor: Running task 105.0 in stage 264.0 (TID 48561)
17/02/01 23:35:56 INFO storage.ShuffleBlockFetcherIterator: Getting 120 non-empty blocks out of 120 blocks
17/02/01 23:35:56 INFO storage.ShuffleBlockFetcherIterator: Started 5 remote fetches in 1 ms
17/02/01 23:35:57 INFO python.PythonRunner: Times: total = 814, boot = -893, init = 895, finish = 812
17/02/01 23:35:57 INFO executor.Executor: Finished task 94.0 in stage 264.0 (TID 48551). 1562 bytes result sent to driver
17/02/01 23:35:57 INFO executor.CoarseGrainedExecutorBackend: Got assigned task 48563
17/02/01 23:35:57 INFO executor.Executor: Running task 107.0 in stage 264.0 (TID 48563)
17/02/01 23:35:57 INFO storage.ShuffleBlockFetcherIterator: Getting 120 non-empty blocks out of 120 blocks
17/02/01 23:35:57 INFO storage.ShuffleBlockFetcherIterator: Started 5 remote fetches in 1 ms
17/02/01 23:35:57 INFO python.PythonRunner: Times: total = 841, boot = -841, init = 845, finish = 837
17/02/01 23:35:57 INFO executor.Executor: Finished task 99.0 in stage 264.0 (TID 48556). 1562 bytes result sent to driver
17/02/01 23:35:57 INFO executor.CoarseGrainedExecutorBackend: Got assigned task 48565
17/02/01 23:35:57 INFO executor.Executor: Running task 108.0 in stage 264.0 (TID 48565)
