17/02/02 00:27:46 INFO storage.ShuffleBlockFetcherIterator: Getting 113 non-empty blocks out of 1920 blocks
17/02/02 00:27:46 INFO storage.ShuffleBlockFetcherIterator: Started 4 remote fetches in 0 ms
17/02/02 00:27:46 INFO python.PythonRunner: Times: total = 46, boot = -66, init = 67, finish = 45
17/02/02 00:27:46 INFO executor.Executor: Finished task 1056.0 in stage 365.0 (TID 69190). 1344 bytes result sent to driver
17/02/02 00:27:46 INFO executor.CoarseGrainedExecutorBackend: Got assigned task 69216
17/02/02 00:27:46 INFO executor.Executor: Running task 1082.0 in stage 365.0 (TID 69216)
17/02/02 00:27:46 INFO storage.ShuffleBlockFetcherIterator: Getting 116 non-empty blocks out of 1920 blocks
17/02/02 00:27:46 INFO storage.ShuffleBlockFetcherIterator: Started 4 remote fetches in 1 ms
17/02/02 00:27:46 INFO python.PythonRunner: Times: total = 45, boot = -48, init = 50, finish = 43
17/02/02 00:27:46 INFO executor.Executor: Finished task 1059.0 in stage 365.0 (TID 69193). 1344 bytes result sent to driver
17/02/02 00:27:46 INFO executor.CoarseGrainedExecutorBackend: Got assigned task 69221
17/02/02 00:27:46 INFO executor.Executor: Running task 1087.0 in stage 365.0 (TID 69221)
17/02/02 00:27:46 INFO storage.ShuffleBlockFetcherIterator: Getting 113 non-empty blocks out of 1920 blocks
17/02/02 00:27:46 INFO storage.ShuffleBlockFetcherIterator: Started 4 remote fetches in 0 ms
17/02/02 00:27:46 INFO python.PythonRunner: Times: total = 180, boot = -24, init = 27, finish = 177
17/02/02 00:27:46 INFO executor.Executor: Finished task 985.0 in stage 365.0 (TID 69119). 1344 bytes result sent to driver
17/02/02 00:27:46 INFO executor.CoarseGrainedExecutorBackend: Got assigned task 69230
17/02/02 00:27:46 INFO executor.Executor: Running task 1096.0 in stage 365.0 (TID 69230)
17/02/02 00:27:46 INFO storage.ShuffleBlockFetcherIterator: Getting 114 non-empty blocks out of 1920 blocks
17/02/02 00:27:46 INFO storage.ShuffleBlockFetcherIterator: Started 4 remote fetches in 0 ms
17/02/02 00:27:46 INFO python.PythonRunner: Times: total = 44, boot = -46, init = 47, finish = 43
17/02/02 00:27:46 INFO executor.Executor: Finished task 1068.0 in stage 365.0 (TID 69202). 1344 bytes result sent to driver
17/02/02 00:27:46 INFO python.PythonRunner: Times: total = 29, boot = -26, init = 28, finish = 27
17/02/02 00:27:46 INFO executor.Executor: Finished task 1077.0 in stage 365.0 (TID 69211). 1344 bytes result sent to driver
17/02/02 00:27:46 INFO executor.CoarseGrainedExecutorBackend: Got assigned task 69232
17/02/02 00:27:46 INFO executor.Executor: Running task 1098.0 in stage 365.0 (TID 69232)
17/02/02 00:27:46 INFO executor.CoarseGrainedExecutorBackend: Got assigned task 69233
17/02/02 00:27:46 INFO executor.Executor: Running task 1099.0 in stage 365.0 (TID 69233)
17/02/02 00:27:46 INFO storage.ShuffleBlockFetcherIterator: Getting 116 non-empty blocks out of 1920 blocks
17/02/02 00:27:46 INFO storage.ShuffleBlockFetcherIterator: Started 4 remote fetches in 0 ms
17/02/02 00:27:46 INFO python.PythonRunner: Times: total = 45, boot = -42, init = 44, finish = 43
17/02/02 00:27:46 INFO storage.ShuffleBlockFetcherIterator: Getting 115 non-empty blocks out of 1920 blocks
17/02/02 00:27:46 INFO executor.Executor: Finished task 1070.0 in stage 365.0 (TID 69204). 1344 bytes result sent to driver
17/02/02 00:27:46 INFO storage.ShuffleBlockFetcherIterator: Started 4 remote fetches in 1 ms
17/02/02 00:27:46 INFO executor.CoarseGrainedExecutorBackend: Got assigned task 69235
17/02/02 00:27:46 INFO executor.Executor: Running task 1101.0 in stage 365.0 (TID 69235)
17/02/02 00:27:46 INFO storage.ShuffleBlockFetcherIterator: Getting 114 non-empty blocks out of 1920 blocks
17/02/02 00:27:46 INFO storage.ShuffleBlockFetcherIterator: Started 4 remote fetches in 1 ms
17/02/02 00:27:46 INFO python.PythonRunner: Times: total = 52, boot = -39, init = 41, finish = 50
17/02/02 00:27:46 INFO executor.Executor: Finished task 1082.0 in stage 365.0 (TID 69216). 1344 bytes result sent to driver
17/02/02 00:27:46 INFO executor.CoarseGrainedExecutorBackend: Got assigned task 69250
17/02/02 00:27:46 INFO executor.Executor: Running task 1116.0 in stage 365.0 (TID 69250)
17/02/02 00:27:46 INFO storage.ShuffleBlockFetcherIterator: Getting 114 non-empty blocks out of 1920 blocks
17/02/02 00:27:46 INFO storage.ShuffleBlockFetcherIterator: Started 4 remote fetches in 1 ms
17/02/02 00:27:46 INFO python.PythonRunner: Times: total = 44, boot = -48, init = 49, finish = 43
17/02/02 00:27:46 INFO python.PythonRunner: Times: total = 56, boot = -37, init = 48, finish = 45
17/02/02 00:27:46 INFO executor.Executor: Finished task 1096.0 in stage 365.0 (TID 69230). 1344 bytes result sent to driver
17/02/02 00:27:46 INFO executor.Executor: Finished task 1087.0 in stage 365.0 (TID 69221). 1344 bytes result sent to driver
17/02/02 00:27:46 INFO executor.CoarseGrainedExecutorBackend: Got assigned task 69259
17/02/02 00:27:46 INFO executor.Executor: Running task 1125.0 in stage 365.0 (TID 69259)
17/02/02 00:27:46 INFO executor.CoarseGrainedExecutorBackend: Got assigned task 69261
17/02/02 00:27:46 INFO executor.Executor: Running task 1127.0 in stage 365.0 (TID 69261)
17/02/02 00:27:46 INFO storage.ShuffleBlockFetcherIterator: Getting 112 non-empty blocks out of 1920 blocks
17/02/02 00:27:46 INFO storage.ShuffleBlockFetcherIterator: Started 4 remote fetches in 0 ms
17/02/02 00:27:46 INFO storage.ShuffleBlockFetcherIterator: Getting 110 non-empty blocks out of 1920 blocks
17/02/02 00:27:46 INFO python.PythonRunner: Times: total = 44, boot = -29, init = 31, finish = 42
17/02/02 00:27:46 INFO executor.Executor: Finished task 1098.0 in stage 365.0 (TID 69232). 1344 bytes result sent to driver
17/02/02 00:27:46 INFO storage.ShuffleBlockFetcherIterator: Started 4 remote fetches in 1 ms
17/02/02 00:27:46 INFO executor.CoarseGrainedExecutorBackend: Got assigned task 69264
17/02/02 00:27:46 INFO executor.Executor: Running task 1130.0 in stage 365.0 (TID 69264)
17/02/02 00:27:46 INFO storage.ShuffleBlockFetcherIterator: Getting 111 non-empty blocks out of 1920 blocks
17/02/02 00:27:46 INFO storage.ShuffleBlockFetcherIterator: Started 4 remote fetches in 1 ms
17/02/02 00:27:46 INFO python.PythonRunner: Times: total = 44, boot = -18, init = 19, finish = 43
17/02/02 00:27:46 INFO executor.Executor: Finished task 1101.0 in stage 365.0 (TID 69235). 1344 bytes result sent to driver
17/02/02 00:27:46 INFO executor.CoarseGrainedExecutorBackend: Got assigned task 69267
17/02/02 00:27:46 INFO executor.Executor: Running task 1133.0 in stage 365.0 (TID 69267)
17/02/02 00:27:46 INFO python.PythonRunner: Times: total = 48, boot = -33, init = 35, finish = 46
17/02/02 00:27:46 INFO executor.Executor: Finished task 1099.0 in stage 365.0 (TID 69233). 1344 bytes result sent to driver
17/02/02 00:27:46 INFO storage.ShuffleBlockFetcherIterator: Getting 109 non-empty blocks out of 1920 blocks
17/02/02 00:27:46 INFO storage.ShuffleBlockFetcherIterator: Started 4 remote fetches in 1 ms
17/02/02 00:27:46 INFO executor.CoarseGrainedExecutorBackend: Got assigned task 69268
17/02/02 00:27:46 INFO executor.Executor: Running task 1134.0 in stage 365.0 (TID 69268)
17/02/02 00:27:46 INFO storage.ShuffleBlockFetcherIterator: Getting 110 non-empty blocks out of 1920 blocks
17/02/02 00:27:46 INFO storage.ShuffleBlockFetcherIterator: Started 4 remote fetches in 0 ms
17/02/02 00:27:46 INFO python.PythonRunner: Times: total = 7, boot = -34, init = 36, finish = 5
17/02/02 00:27:46 INFO executor.Executor: Finished task 1130.0 in stage 365.0 (TID 69264). 1344 bytes result sent to driver
17/02/02 00:27:46 INFO executor.CoarseGrainedExecutorBackend: Got assigned task 69270
17/02/02 00:27:46 INFO executor.Executor: Running task 1136.0 in stage 365.0 (TID 69270)
17/02/02 00:27:46 INFO storage.ShuffleBlockFetcherIterator: Getting 113 non-empty blocks out of 1920 blocks
17/02/02 00:27:46 INFO storage.ShuffleBlockFetcherIterator: Started 4 remote fetches in 1 ms
17/02/02 00:27:46 INFO python.PythonRunner: Times: total = 8, boot = -35, init = 37, finish = 6
17/02/02 00:27:46 INFO executor.Executor: Finished task 1133.0 in stage 365.0 (TID 69267). 1344 bytes result sent to driver
17/02/02 00:27:46 INFO executor.CoarseGrainedExecutorBackend: Got assigned task 69274
17/02/02 00:27:46 INFO executor.Executor: Running task 1140.0 in stage 365.0 (TID 69274)
17/02/02 00:27:46 INFO python.PythonRunner: Times: total = 8, boot = -33, init = 34, finish = 7
17/02/02 00:27:46 INFO executor.Executor: Finished task 1134.0 in stage 365.0 (TID 69268). 1344 bytes result sent to driver
17/02/02 00:27:46 INFO executor.CoarseGrainedExecutorBackend: Got assigned task 69276
17/02/02 00:27:46 INFO executor.Executor: Running task 1142.0 in stage 365.0 (TID 69276)
17/02/02 00:27:46 INFO storage.ShuffleBlockFetcherIterator: Getting 112 non-empty blocks out of 1920 blocks
17/02/02 00:27:46 INFO storage.ShuffleBlockFetcherIterator: Started 4 remote fetches in 1 ms
17/02/02 00:27:46 INFO storage.ShuffleBlockFetcherIterator: Getting 110 non-empty blocks out of 1920 blocks
17/02/02 00:27:46 INFO storage.ShuffleBlockFetcherIterator: Started 4 remote fetches in 1 ms
17/02/02 00:27:46 INFO python.PythonRunner: Times: total = 6, boot = -3, init = 5, finish = 4
17/02/02 00:27:46 INFO executor.Executor: Finished task 1136.0 in stage 365.0 (TID 69270). 1344 bytes result sent to driver
17/02/02 00:27:46 INFO executor.CoarseGrainedExecutorBackend: Got assigned task 69278
17/02/02 00:27:46 INFO executor.Executor: Running task 1144.0 in stage 365.0 (TID 69278)
17/02/02 00:27:46 INFO storage.ShuffleBlockFetcherIterator: Getting 110 non-empty blocks out of 1920 blocks
17/02/02 00:27:46 INFO storage.ShuffleBlockFetcherIterator: Started 4 remote fetches in 0 ms
17/02/02 00:27:46 INFO python.PythonRunner: Times: total = 44, boot = -39, init = 40, finish = 43
17/02/02 00:27:46 INFO executor.Executor: Finished task 1116.0 in stage 365.0 (TID 69250). 1344 bytes result sent to driver
