17/02/02 00:13:03 INFO python.PythonRunner: Times: total = 402, boot = 12, init = 2, finish = 388
17/02/02 00:13:03 INFO python.PythonRunner: Times: total = 440, boot = 4, init = 2, finish = 434
17/02/02 00:13:03 INFO python.PythonRunner: Times: total = 86, boot = 0, init = 2, finish = 84
17/02/02 00:13:03 INFO executor.Executor: Finished task 13.0 in stage 313.0 (TID 52908). 1928 bytes result sent to driver
17/02/02 00:13:03 INFO executor.CoarseGrainedExecutorBackend: Got assigned task 52927
17/02/02 00:13:03 INFO executor.Executor: Running task 26.0 in stage 313.0 (TID 52927)
17/02/02 00:13:03 INFO storage.ShuffleBlockFetcherIterator: Getting 247 non-empty blocks out of 450 blocks
17/02/02 00:13:03 INFO storage.ShuffleBlockFetcherIterator: Started 5 remote fetches in 1 ms
17/02/02 00:13:03 INFO python.PythonRunner: Times: total = 105, boot = 29, init = 1, finish = 75
17/02/02 00:13:03 INFO executor.Executor: Finished task 8.0 in stage 313.0 (TID 52904). 1928 bytes result sent to driver
17/02/02 00:13:03 INFO executor.CoarseGrainedExecutorBackend: Got assigned task 52929
17/02/02 00:13:03 INFO executor.Executor: Running task 29.0 in stage 313.0 (TID 52929)
17/02/02 00:13:03 INFO storage.ShuffleBlockFetcherIterator: Getting 247 non-empty blocks out of 450 blocks
17/02/02 00:13:03 INFO storage.ShuffleBlockFetcherIterator: Started 5 remote fetches in 1 ms
17/02/02 00:13:03 INFO python.PythonRunner: Times: total = 556, boot = 7, init = 1, finish = 548
17/02/02 00:13:03 INFO python.PythonRunner: Times: total = 605, boot = 26, init = 2, finish = 577
17/02/02 00:13:03 INFO python.PythonRunner: Times: total = 106, boot = -40, init = 42, finish = 104
17/02/02 00:13:03 INFO python.PythonRunner: Times: total = 666, boot = 17, init = 2, finish = 647
17/02/02 00:13:03 INFO executor.Executor: Finished task 5.0 in stage 313.0 (TID 52900). 1928 bytes result sent to driver
17/02/02 00:13:03 INFO executor.CoarseGrainedExecutorBackend: Got assigned task 52932
17/02/02 00:13:03 INFO executor.Executor: Running task 32.0 in stage 313.0 (TID 52932)
17/02/02 00:13:03 INFO storage.ShuffleBlockFetcherIterator: Getting 247 non-empty blocks out of 450 blocks
17/02/02 00:13:03 INFO storage.ShuffleBlockFetcherIterator: Started 6 remote fetches in 2 ms
17/02/02 00:13:03 INFO python.PythonRunner: Times: total = 117, boot = 23, init = 0, finish = 94
17/02/02 00:13:03 INFO executor.Executor: Finished task 1.0 in stage 313.0 (TID 52896). 1928 bytes result sent to driver
17/02/02 00:13:03 INFO executor.CoarseGrainedExecutorBackend: Got assigned task 52935
17/02/02 00:13:03 INFO executor.Executor: Running task 34.0 in stage 313.0 (TID 52935)
17/02/02 00:13:03 INFO storage.ShuffleBlockFetcherIterator: Getting 247 non-empty blocks out of 450 blocks
17/02/02 00:13:03 INFO storage.ShuffleBlockFetcherIterator: Started 5 remote fetches in 1 ms
17/02/02 00:13:03 INFO python.PythonRunner: Times: total = 79, boot = -5, init = 6, finish = 78
17/02/02 00:13:03 INFO python.PythonRunner: Times: total = 351, boot = 6, init = 0, finish = 345
17/02/02 00:13:03 INFO executor.Executor: Finished task 18.0 in stage 313.0 (TID 52912). 1928 bytes result sent to driver
17/02/02 00:13:03 INFO executor.CoarseGrainedExecutorBackend: Got assigned task 52939
17/02/02 00:13:03 INFO executor.Executor: Running task 37.0 in stage 313.0 (TID 52939)
17/02/02 00:13:03 INFO storage.ShuffleBlockFetcherIterator: Getting 247 non-empty blocks out of 450 blocks
17/02/02 00:13:03 INFO storage.ShuffleBlockFetcherIterator: Started 6 remote fetches in 1 ms
17/02/02 00:13:03 INFO python.PythonRunner: Times: total = 99, boot = -26, init = 28, finish = 97
17/02/02 00:13:03 INFO executor.Executor: Finished task 23.0 in stage 313.0 (TID 52924). 1928 bytes result sent to driver
17/02/02 00:13:03 INFO executor.CoarseGrainedExecutorBackend: Got assigned task 52949
17/02/02 00:13:03 INFO executor.Executor: Running task 43.0 in stage 313.0 (TID 52949)
17/02/02 00:13:03 INFO storage.ShuffleBlockFetcherIterator: Getting 247 non-empty blocks out of 450 blocks
17/02/02 00:13:03 INFO storage.ShuffleBlockFetcherIterator: Started 4 remote fetches in 1 ms
17/02/02 00:13:03 INFO python.PythonRunner: Times: total = 349, boot = -24, init = 25, finish = 348
17/02/02 00:13:03 INFO python.PythonRunner: Times: total = 312, boot = -11, init = 12, finish = 311
17/02/02 00:13:04 INFO python.PythonRunner: Times: total = 94, boot = -42, init = 44, finish = 92
17/02/02 00:13:04 INFO python.PythonRunner: Times: total = 96, boot = 9, init = 0, finish = 87
17/02/02 00:13:04 INFO executor.Executor: Finished task 26.0 in stage 313.0 (TID 52927). 1928 bytes result sent to driver
17/02/02 00:13:04 INFO executor.CoarseGrainedExecutorBackend: Got assigned task 52954
17/02/02 00:13:04 INFO executor.Executor: Running task 48.0 in stage 313.0 (TID 52954)
17/02/02 00:13:04 INFO storage.ShuffleBlockFetcherIterator: Getting 247 non-empty blocks out of 450 blocks
17/02/02 00:13:04 INFO storage.ShuffleBlockFetcherIterator: Started 5 remote fetches in 1 ms
17/02/02 00:13:04 INFO executor.Executor: Finished task 29.0 in stage 313.0 (TID 52929). 1928 bytes result sent to driver
17/02/02 00:13:04 INFO executor.CoarseGrainedExecutorBackend: Got assigned task 52956
17/02/02 00:13:04 INFO executor.Executor: Running task 50.0 in stage 313.0 (TID 52956)
17/02/02 00:13:04 INFO storage.ShuffleBlockFetcherIterator: Getting 247 non-empty blocks out of 450 blocks
17/02/02 00:13:04 INFO storage.ShuffleBlockFetcherIterator: Started 6 remote fetches in 1 ms
17/02/02 00:13:04 INFO python.PythonRunner: Times: total = 577, boot = -21, init = 23, finish = 575
17/02/02 00:13:04 INFO python.PythonRunner: Times: total = 77, boot = -296, init = 297, finish = 76
17/02/02 00:13:04 INFO executor.Executor: Finished task 32.0 in stage 313.0 (TID 52932). 1928 bytes result sent to driver
17/02/02 00:13:04 INFO executor.CoarseGrainedExecutorBackend: Got assigned task 52962
17/02/02 00:13:04 INFO executor.Executor: Running task 53.0 in stage 313.0 (TID 52962)
17/02/02 00:13:04 INFO storage.ShuffleBlockFetcherIterator: Getting 247 non-empty blocks out of 450 blocks
17/02/02 00:13:04 INFO storage.ShuffleBlockFetcherIterator: Started 5 remote fetches in 1 ms
17/02/02 00:13:04 INFO python.PythonRunner: Times: total = 733, boot = -2, init = 3, finish = 732
17/02/02 00:13:04 INFO python.PythonRunner: Times: total = 805, boot = -17, init = 18, finish = 804
17/02/02 00:13:04 INFO python.PythonRunner: Times: total = 96, boot = -207, init = 208, finish = 95
17/02/02 00:13:04 INFO python.PythonRunner: Times: total = 72, boot = -183, init = 184, finish = 71
17/02/02 00:13:04 INFO python.PythonRunner: Times: total = 740, boot = 4, init = 2, finish = 734
17/02/02 00:13:04 INFO executor.Executor: Finished task 37.0 in stage 313.0 (TID 52939). 1928 bytes result sent to driver
17/02/02 00:13:04 INFO executor.CoarseGrainedExecutorBackend: Got assigned task 52971
17/02/02 00:13:04 INFO executor.Executor: Running task 61.0 in stage 313.0 (TID 52971)
17/02/02 00:13:04 INFO storage.ShuffleBlockFetcherIterator: Getting 247 non-empty blocks out of 450 blocks
17/02/02 00:13:04 INFO storage.ShuffleBlockFetcherIterator: Started 5 remote fetches in 0 ms
17/02/02 00:13:04 INFO executor.Executor: Finished task 34.0 in stage 313.0 (TID 52935). 1928 bytes result sent to driver
17/02/02 00:13:04 INFO executor.CoarseGrainedExecutorBackend: Got assigned task 52973
17/02/02 00:13:04 INFO executor.Executor: Running task 63.0 in stage 313.0 (TID 52973)
17/02/02 00:13:04 INFO storage.ShuffleBlockFetcherIterator: Getting 247 non-empty blocks out of 450 blocks
17/02/02 00:13:04 INFO storage.ShuffleBlockFetcherIterator: Started 5 remote fetches in 1 ms
17/02/02 00:13:04 INFO python.PythonRunner: Times: total = 697, boot = -66, init = 67, finish = 696
17/02/02 00:13:04 INFO python.PythonRunner: Times: total = 82, boot = -49, init = 50, finish = 81
17/02/02 00:13:04 INFO executor.Executor: Finished task 43.0 in stage 313.0 (TID 52949). 1928 bytes result sent to driver
17/02/02 00:13:04 INFO executor.CoarseGrainedExecutorBackend: Got assigned task 52976
17/02/02 00:13:04 INFO executor.Executor: Running task 64.0 in stage 313.0 (TID 52976)
17/02/02 00:13:04 INFO storage.ShuffleBlockFetcherIterator: Getting 247 non-empty blocks out of 450 blocks
17/02/02 00:13:04 INFO storage.ShuffleBlockFetcherIterator: Started 5 remote fetches in 1 ms
17/02/02 00:13:04 INFO python.PythonRunner: Times: total = 93, boot = -18, init = 19, finish = 92
17/02/02 00:13:04 INFO python.PythonRunner: Times: total = 745, boot = -88, init = 89, finish = 744
17/02/02 00:13:04 INFO executor.Executor: Finished task 48.0 in stage 313.0 (TID 52954). 1928 bytes result sent to driver
17/02/02 00:13:04 INFO python.PythonRunner: Times: total = 60, boot = -51, init = 53, finish = 58
17/02/02 00:13:04 INFO executor.CoarseGrainedExecutorBackend: Got assigned task 52981
17/02/02 00:13:04 INFO executor.Executor: Running task 69.0 in stage 313.0 (TID 52981)
17/02/02 00:13:04 INFO storage.ShuffleBlockFetcherIterator: Getting 247 non-empty blocks out of 450 blocks
17/02/02 00:13:04 INFO storage.ShuffleBlockFetcherIterator: Started 6 remote fetches in 1 ms
17/02/02 00:13:04 INFO executor.Executor: Finished task 50.0 in stage 313.0 (TID 52956). 1928 bytes result sent to driver
17/02/02 00:13:04 INFO executor.CoarseGrainedExecutorBackend: Got assigned task 52984
17/02/02 00:13:04 INFO executor.Executor: Running task 72.0 in stage 313.0 (TID 52984)
17/02/02 00:13:04 INFO storage.ShuffleBlockFetcherIterator: Getting 247 non-empty blocks out of 450 blocks
17/02/02 00:13:04 INFO storage.ShuffleBlockFetcherIterator: Started 6 remote fetches in 1 ms
17/02/02 00:13:04 INFO python.PythonRunner: Times: total = 434, boot = -388, init = 389, finish = 433
17/02/02 00:13:04 INFO python.PythonRunner: Times: total = 50, boot = -27, init = 28, finish = 49
