17/02/02 00:25:42 INFO storage.ShuffleBlockFetcherIterator: Getting 495 non-empty blocks out of 930 blocks
17/02/02 00:25:42 INFO storage.ShuffleBlockFetcherIterator: Started 6 remote fetches in 1 ms
17/02/02 00:25:42 INFO executor.Executor: Finished task 784.0 in stage 344.0 (TID 59408). 2410 bytes result sent to driver
17/02/02 00:25:42 INFO executor.CoarseGrainedExecutorBackend: Got assigned task 59430
17/02/02 00:25:42 INFO executor.Executor: Running task 805.0 in stage 344.0 (TID 59430)
17/02/02 00:25:42 INFO storage.ShuffleBlockFetcherIterator: Getting 495 non-empty blocks out of 930 blocks
17/02/02 00:25:42 INFO storage.ShuffleBlockFetcherIterator: Started 6 remote fetches in 3 ms
17/02/02 00:25:42 INFO python.PythonRunner: Times: total = 221, boot = -7, init = 8, finish = 220
17/02/02 00:25:42 INFO python.PythonRunner: Times: total = 21, boot = -15, init = 16, finish = 20
17/02/02 00:25:42 INFO executor.Executor: Finished task 786.0 in stage 344.0 (TID 59410). 2410 bytes result sent to driver
17/02/02 00:25:42 INFO executor.CoarseGrainedExecutorBackend: Got assigned task 59437
17/02/02 00:25:42 INFO executor.Executor: Running task 814.0 in stage 344.0 (TID 59437)
17/02/02 00:25:42 INFO storage.ShuffleBlockFetcherIterator: Getting 495 non-empty blocks out of 930 blocks
17/02/02 00:25:42 INFO storage.ShuffleBlockFetcherIterator: Started 6 remote fetches in 2 ms
17/02/02 00:25:42 INFO python.PythonRunner: Times: total = 251, boot = -15, init = 16, finish = 250
17/02/02 00:25:42 INFO python.PythonRunner: Times: total = 279, boot = -24, init = 24, finish = 279
17/02/02 00:25:42 INFO python.PythonRunner: Times: total = 68, boot = -15, init = 16, finish = 67
17/02/02 00:25:42 INFO executor.Executor: Finished task 790.0 in stage 344.0 (TID 59413). 2410 bytes result sent to driver
17/02/02 00:25:42 INFO executor.CoarseGrainedExecutorBackend: Got assigned task 59441
17/02/02 00:25:42 INFO executor.Executor: Running task 817.0 in stage 344.0 (TID 59441)
17/02/02 00:25:42 INFO storage.ShuffleBlockFetcherIterator: Getting 495 non-empty blocks out of 930 blocks
17/02/02 00:25:42 INFO python.PythonRunner: Times: total = 247, boot = -56, init = 57, finish = 246
17/02/02 00:25:42 INFO storage.ShuffleBlockFetcherIterator: Started 6 remote fetches in 2 ms
17/02/02 00:25:42 INFO python.PythonRunner: Times: total = 57, boot = -60, init = 61, finish = 56
17/02/02 00:25:42 INFO python.PythonRunner: Times: total = 27, boot = -49, init = 51, finish = 25
17/02/02 00:25:42 INFO executor.Executor: Finished task 792.0 in stage 344.0 (TID 59416). 2410 bytes result sent to driver
17/02/02 00:25:42 INFO executor.CoarseGrainedExecutorBackend: Got assigned task 59444
17/02/02 00:25:42 INFO executor.Executor: Running task 820.0 in stage 344.0 (TID 59444)
17/02/02 00:25:42 INFO storage.ShuffleBlockFetcherIterator: Getting 495 non-empty blocks out of 930 blocks
17/02/02 00:25:42 INFO storage.ShuffleBlockFetcherIterator: Started 6 remote fetches in 1 ms
17/02/02 00:25:42 INFO executor.Executor: Finished task 796.0 in stage 344.0 (TID 59420). 2410 bytes result sent to driver
17/02/02 00:25:42 INFO executor.CoarseGrainedExecutorBackend: Got assigned task 59445
17/02/02 00:25:42 INFO executor.Executor: Running task 821.0 in stage 344.0 (TID 59445)
17/02/02 00:25:42 INFO storage.ShuffleBlockFetcherIterator: Getting 495 non-empty blocks out of 930 blocks
17/02/02 00:25:42 INFO storage.ShuffleBlockFetcherIterator: Started 6 remote fetches in 2 ms
17/02/02 00:25:42 INFO python.PythonRunner: Times: total = 196, boot = -57, init = 58, finish = 195
17/02/02 00:25:42 INFO python.PythonRunner: Times: total = 23, boot = -27, init = 28, finish = 22
17/02/02 00:25:42 INFO executor.Executor: Finished task 800.0 in stage 344.0 (TID 59427). 2410 bytes result sent to driver
17/02/02 00:25:42 INFO python.PythonRunner: Times: total = 208, boot = -11, init = 12, finish = 207
17/02/02 00:25:42 INFO executor.CoarseGrainedExecutorBackend: Got assigned task 59449
17/02/02 00:25:42 INFO executor.Executor: Running task 825.0 in stage 344.0 (TID 59449)
17/02/02 00:25:42 INFO storage.ShuffleBlockFetcherIterator: Getting 495 non-empty blocks out of 930 blocks
17/02/02 00:25:42 INFO storage.ShuffleBlockFetcherIterator: Started 6 remote fetches in 1 ms
17/02/02 00:25:42 INFO python.PythonRunner: Times: total = 64, boot = -15, init = 16, finish = 63
17/02/02 00:25:42 INFO executor.Executor: Finished task 805.0 in stage 344.0 (TID 59430). 2410 bytes result sent to driver
17/02/02 00:25:42 INFO executor.CoarseGrainedExecutorBackend: Got assigned task 59453
17/02/02 00:25:42 INFO executor.Executor: Running task 829.0 in stage 344.0 (TID 59453)
17/02/02 00:25:42 INFO storage.ShuffleBlockFetcherIterator: Getting 495 non-empty blocks out of 930 blocks
17/02/02 00:25:42 INFO storage.ShuffleBlockFetcherIterator: Started 6 remote fetches in 1 ms
17/02/02 00:25:42 INFO python.PythonRunner: Times: total = 242, boot = -42, init = 43, finish = 241
17/02/02 00:25:42 INFO python.PythonRunner: Times: total = 34, boot = -48, init = 50, finish = 32
17/02/02 00:25:42 INFO executor.Executor: Finished task 814.0 in stage 344.0 (TID 59437). 2410 bytes result sent to driver
17/02/02 00:25:42 INFO executor.CoarseGrainedExecutorBackend: Got assigned task 59458
17/02/02 00:25:42 INFO executor.Executor: Running task 833.0 in stage 344.0 (TID 59458)
17/02/02 00:25:42 INFO storage.ShuffleBlockFetcherIterator: Getting 495 non-empty blocks out of 930 blocks
17/02/02 00:25:42 INFO storage.ShuffleBlockFetcherIterator: Started 6 remote fetches in 2 ms
17/02/02 00:25:42 INFO python.PythonRunner: Times: total = 231, boot = -12, init = 13, finish = 230
17/02/02 00:25:42 INFO python.PythonRunner: Times: total = 24, boot = -43, init = 44, finish = 23
17/02/02 00:25:42 INFO python.PythonRunner: Times: total = 206, boot = -19, init = 19, finish = 206
17/02/02 00:25:42 INFO executor.Executor: Finished task 817.0 in stage 344.0 (TID 59441). 2410 bytes result sent to driver
17/02/02 00:25:42 INFO executor.CoarseGrainedExecutorBackend: Got assigned task 59464
17/02/02 00:25:42 INFO executor.Executor: Running task 836.0 in stage 344.0 (TID 59464)
17/02/02 00:25:42 INFO storage.ShuffleBlockFetcherIterator: Getting 495 non-empty blocks out of 930 blocks
17/02/02 00:25:42 INFO storage.ShuffleBlockFetcherIterator: Started 6 remote fetches in 1 ms
17/02/02 00:25:42 INFO python.PythonRunner: Times: total = 20, boot = -40, init = 41, finish = 19
17/02/02 00:25:42 INFO executor.Executor: Finished task 820.0 in stage 344.0 (TID 59444). 2410 bytes result sent to driver
17/02/02 00:25:42 INFO executor.CoarseGrainedExecutorBackend: Got assigned task 59466
17/02/02 00:25:42 INFO executor.Executor: Running task 841.0 in stage 344.0 (TID 59466)
17/02/02 00:25:42 INFO storage.ShuffleBlockFetcherIterator: Getting 495 non-empty blocks out of 930 blocks
17/02/02 00:25:42 INFO storage.ShuffleBlockFetcherIterator: Started 6 remote fetches in 1 ms
17/02/02 00:25:42 INFO python.PythonRunner: Times: total = 274, boot = -5, init = 7, finish = 272
17/02/02 00:25:42 INFO python.PythonRunner: Times: total = 29, boot = -42, init = 43, finish = 28
17/02/02 00:25:42 INFO executor.Executor: Finished task 821.0 in stage 344.0 (TID 59445). 2410 bytes result sent to driver
17/02/02 00:25:42 INFO executor.CoarseGrainedExecutorBackend: Got assigned task 59475
17/02/02 00:25:42 INFO executor.Executor: Running task 851.0 in stage 344.0 (TID 59475)
17/02/02 00:25:42 INFO storage.ShuffleBlockFetcherIterator: Getting 495 non-empty blocks out of 930 blocks
17/02/02 00:25:42 INFO storage.ShuffleBlockFetcherIterator: Started 6 remote fetches in 2 ms
17/02/02 00:25:42 INFO python.PythonRunner: Times: total = 284, boot = -4, init = 4, finish = 284
17/02/02 00:25:42 INFO python.PythonRunner: Times: total = 29, boot = -67, init = 68, finish = 28
17/02/02 00:25:42 INFO executor.Executor: Finished task 825.0 in stage 344.0 (TID 59449). 2410 bytes result sent to driver
17/02/02 00:25:42 INFO executor.CoarseGrainedExecutorBackend: Got assigned task 59478
17/02/02 00:25:42 INFO executor.Executor: Running task 855.0 in stage 344.0 (TID 59478)
17/02/02 00:25:42 INFO storage.ShuffleBlockFetcherIterator: Getting 495 non-empty blocks out of 930 blocks
17/02/02 00:25:42 INFO storage.ShuffleBlockFetcherIterator: Started 5 remote fetches in 2 ms
17/02/02 00:25:42 INFO python.PythonRunner: Times: total = 288, boot = -48, init = 49, finish = 287
17/02/02 00:25:42 INFO python.PythonRunner: Times: total = 73, boot = -36, init = 37, finish = 72
17/02/02 00:25:42 INFO executor.Executor: Finished task 829.0 in stage 344.0 (TID 59453). 2410 bytes result sent to driver
17/02/02 00:25:42 INFO executor.CoarseGrainedExecutorBackend: Got assigned task 59486
17/02/02 00:25:42 INFO executor.Executor: Running task 861.0 in stage 344.0 (TID 59486)
17/02/02 00:25:42 INFO storage.ShuffleBlockFetcherIterator: Getting 495 non-empty blocks out of 930 blocks
17/02/02 00:25:42 INFO storage.ShuffleBlockFetcherIterator: Started 5 remote fetches in 1 ms
17/02/02 00:25:43 INFO python.PythonRunner: Times: total = 364, boot = -30, init = 31, finish = 363
17/02/02 00:25:43 INFO python.PythonRunner: Times: total = 40, boot = -97, init = 98, finish = 39
17/02/02 00:25:43 INFO executor.Executor: Finished task 833.0 in stage 344.0 (TID 59458). 2410 bytes result sent to driver
17/02/02 00:25:43 INFO executor.CoarseGrainedExecutorBackend: Got assigned task 59492
17/02/02 00:25:43 INFO executor.Executor: Running task 870.0 in stage 344.0 (TID 59492)
17/02/02 00:25:43 INFO storage.ShuffleBlockFetcherIterator: Getting 495 non-empty blocks out of 930 blocks
17/02/02 00:25:43 INFO storage.ShuffleBlockFetcherIterator: Started 6 remote fetches in 2 ms
17/02/02 00:25:43 INFO python.PythonRunner: Times: total = 380, boot = 3, init = 0, finish = 377
17/02/02 00:25:43 INFO python.PythonRunner: Times: total = 393, boot = -14, init = 14, finish = 393
