17/02/02 00:26:03 INFO executor.CoarseGrainedExecutorBackend: Got assigned task 60638
17/02/02 00:26:03 INFO executor.Executor: Running task 124.0 in stage 346.0 (TID 60638)
17/02/02 00:26:03 INFO executor.CoarseGrainedExecutorBackend: Got assigned task 60639
17/02/02 00:26:03 INFO executor.Executor: Running task 125.0 in stage 346.0 (TID 60639)
17/02/02 00:26:03 INFO storage.ShuffleBlockFetcherIterator: Getting 495 non-empty blocks out of 930 blocks
17/02/02 00:26:03 INFO storage.ShuffleBlockFetcherIterator: Started 6 remote fetches in 2 ms
17/02/02 00:26:03 INFO storage.ShuffleBlockFetcherIterator: Getting 495 non-empty blocks out of 930 blocks
17/02/02 00:26:03 INFO storage.ShuffleBlockFetcherIterator: Started 5 remote fetches in 2 ms
17/02/02 00:26:03 INFO python.PythonRunner: Times: total = 170, boot = -25, init = 26, finish = 169
17/02/02 00:26:03 INFO python.PythonRunner: Times: total = 30, boot = 9, init = 0, finish = 21
17/02/02 00:26:03 INFO executor.Executor: Finished task 108.0 in stage 346.0 (TID 60622). 3348 bytes result sent to driver
17/02/02 00:26:03 INFO executor.CoarseGrainedExecutorBackend: Got assigned task 60643
17/02/02 00:26:03 INFO executor.Executor: Running task 130.0 in stage 346.0 (TID 60643)
17/02/02 00:26:03 INFO storage.ShuffleBlockFetcherIterator: Getting 495 non-empty blocks out of 930 blocks
17/02/02 00:26:03 INFO storage.ShuffleBlockFetcherIterator: Started 6 remote fetches in 1 ms
17/02/02 00:26:03 INFO python.PythonRunner: Times: total = 162, boot = -46, init = 47, finish = 161
17/02/02 00:26:03 INFO python.PythonRunner: Times: total = 21, boot = -47, init = 48, finish = 20
17/02/02 00:26:03 INFO executor.Executor: Finished task 112.0 in stage 346.0 (TID 60626). 3348 bytes result sent to driver
17/02/02 00:26:03 INFO executor.CoarseGrainedExecutorBackend: Got assigned task 60647
17/02/02 00:26:03 INFO executor.Executor: Running task 133.0 in stage 346.0 (TID 60647)
17/02/02 00:26:03 INFO storage.ShuffleBlockFetcherIterator: Getting 495 non-empty blocks out of 930 blocks
17/02/02 00:26:03 INFO storage.ShuffleBlockFetcherIterator: Started 6 remote fetches in 1 ms
17/02/02 00:26:03 INFO python.PythonRunner: Times: total = 157, boot = -2, init = 3, finish = 156
17/02/02 00:26:03 INFO python.PythonRunner: Times: total = 18, boot = -43, init = 44, finish = 17
17/02/02 00:26:03 INFO executor.Executor: Finished task 120.0 in stage 346.0 (TID 60633). 3348 bytes result sent to driver
17/02/02 00:26:03 INFO executor.CoarseGrainedExecutorBackend: Got assigned task 60654
17/02/02 00:26:03 INFO executor.Executor: Running task 139.0 in stage 346.0 (TID 60654)
17/02/02 00:26:03 INFO storage.ShuffleBlockFetcherIterator: Getting 495 non-empty blocks out of 930 blocks
17/02/02 00:26:03 INFO storage.ShuffleBlockFetcherIterator: Started 6 remote fetches in 1 ms
17/02/02 00:26:03 INFO python.PythonRunner: Times: total = 188, boot = -7, init = 8, finish = 187
17/02/02 00:26:03 INFO python.PythonRunner: Times: total = 32, boot = -63, init = 64, finish = 31
17/02/02 00:26:03 INFO executor.Executor: Finished task 121.0 in stage 346.0 (TID 60635). 3348 bytes result sent to driver
17/02/02 00:26:03 INFO executor.CoarseGrainedExecutorBackend: Got assigned task 60656
17/02/02 00:26:03 INFO executor.Executor: Running task 141.0 in stage 346.0 (TID 60656)
17/02/02 00:26:03 INFO storage.ShuffleBlockFetcherIterator: Getting 495 non-empty blocks out of 930 blocks
17/02/02 00:26:03 INFO storage.ShuffleBlockFetcherIterator: Started 6 remote fetches in 3 ms
17/02/02 00:26:03 INFO python.PythonRunner: Times: total = 218, boot = -22, init = 23, finish = 217
17/02/02 00:26:03 INFO python.PythonRunner: Times: total = 29, boot = -48, init = 49, finish = 28
17/02/02 00:26:03 INFO python.PythonRunner: Times: total = 244, boot = -15, init = 16, finish = 243
17/02/02 00:26:03 INFO executor.Executor: Finished task 124.0 in stage 346.0 (TID 60638). 3348 bytes result sent to driver
17/02/02 00:26:03 INFO executor.CoarseGrainedExecutorBackend: Got assigned task 60659
17/02/02 00:26:03 INFO executor.Executor: Running task 144.0 in stage 346.0 (TID 60659)
17/02/02 00:26:03 INFO storage.ShuffleBlockFetcherIterator: Getting 495 non-empty blocks out of 930 blocks
17/02/02 00:26:03 INFO storage.ShuffleBlockFetcherIterator: Started 6 remote fetches in 1 ms
17/02/02 00:26:03 INFO python.PythonRunner: Times: total = 19, boot = -20, init = 21, finish = 18
17/02/02 00:26:03 INFO executor.Executor: Finished task 125.0 in stage 346.0 (TID 60639). 3348 bytes result sent to driver
17/02/02 00:26:03 INFO executor.CoarseGrainedExecutorBackend: Got assigned task 60662
17/02/02 00:26:03 INFO executor.Executor: Running task 147.0 in stage 346.0 (TID 60662)
17/02/02 00:26:03 INFO storage.ShuffleBlockFetcherIterator: Getting 495 non-empty blocks out of 930 blocks
17/02/02 00:26:03 INFO storage.ShuffleBlockFetcherIterator: Started 6 remote fetches in 1 ms
17/02/02 00:26:03 INFO python.PythonRunner: Times: total = 250, boot = -8, init = 9, finish = 249
17/02/02 00:26:03 INFO python.PythonRunner: Times: total = 23, boot = -25, init = 26, finish = 22
17/02/02 00:26:03 INFO executor.Executor: Finished task 130.0 in stage 346.0 (TID 60643). 3348 bytes result sent to driver
17/02/02 00:26:03 INFO executor.CoarseGrainedExecutorBackend: Got assigned task 60668
17/02/02 00:26:03 INFO executor.Executor: Running task 154.0 in stage 346.0 (TID 60668)
17/02/02 00:26:03 INFO storage.ShuffleBlockFetcherIterator: Getting 495 non-empty blocks out of 930 blocks
17/02/02 00:26:03 INFO storage.ShuffleBlockFetcherIterator: Started 6 remote fetches in 1 ms
17/02/02 00:26:03 INFO python.PythonRunner: Times: total = 267, boot = -25, init = 26, finish = 266
17/02/02 00:26:03 INFO python.PythonRunner: Times: total = 19, boot = -25, init = 26, finish = 18
17/02/02 00:26:04 INFO executor.Executor: Finished task 133.0 in stage 346.0 (TID 60647). 3348 bytes result sent to driver
17/02/02 00:26:04 INFO executor.CoarseGrainedExecutorBackend: Got assigned task 60671
17/02/02 00:26:04 INFO executor.Executor: Running task 156.0 in stage 346.0 (TID 60671)
17/02/02 00:26:04 INFO python.PythonRunner: Times: total = 172, boot = -29, init = 30, finish = 171
17/02/02 00:26:04 INFO storage.ShuffleBlockFetcherIterator: Getting 495 non-empty blocks out of 930 blocks
17/02/02 00:26:04 INFO storage.ShuffleBlockFetcherIterator: Started 6 remote fetches in 2 ms
17/02/02 00:26:04 INFO python.PythonRunner: Times: total = 242, boot = -15, init = 17, finish = 240
17/02/02 00:26:04 INFO python.PythonRunner: Times: total = 157, boot = -12, init = 13, finish = 156
17/02/02 00:26:04 INFO python.PythonRunner: Times: total = 19, boot = -9, init = 9, finish = 19
17/02/02 00:26:04 INFO python.PythonRunner: Times: total = 19, boot = 4, init = 0, finish = 15
17/02/02 00:26:04 INFO executor.Executor: Finished task 139.0 in stage 346.0 (TID 60654). 3348 bytes result sent to driver
17/02/02 00:26:04 INFO executor.Executor: Finished task 144.0 in stage 346.0 (TID 60659). 3348 bytes result sent to driver
17/02/02 00:26:04 INFO executor.CoarseGrainedExecutorBackend: Got assigned task 60674
17/02/02 00:26:04 INFO executor.Executor: Running task 160.0 in stage 346.0 (TID 60674)
17/02/02 00:26:04 INFO storage.ShuffleBlockFetcherIterator: Getting 495 non-empty blocks out of 930 blocks
17/02/02 00:26:04 INFO executor.CoarseGrainedExecutorBackend: Got assigned task 60675
17/02/02 00:26:04 INFO executor.Executor: Running task 161.0 in stage 346.0 (TID 60675)
17/02/02 00:26:04 INFO storage.ShuffleBlockFetcherIterator: Started 6 remote fetches in 1 ms
17/02/02 00:26:04 INFO storage.ShuffleBlockFetcherIterator: Getting 495 non-empty blocks out of 930 blocks
17/02/02 00:26:04 INFO storage.ShuffleBlockFetcherIterator: Started 6 remote fetches in 2 ms
17/02/02 00:26:04 INFO python.PythonRunner: Times: total = 70, boot = -43, init = 44, finish = 69
17/02/02 00:26:04 INFO python.PythonRunner: Times: total = 173, boot = -28, init = 29, finish = 172
17/02/02 00:26:04 INFO python.PythonRunner: Times: total = 126, boot = -55, init = 56, finish = 125
17/02/02 00:26:04 INFO python.PythonRunner: Times: total = 24, boot = -7, init = 8, finish = 23
17/02/02 00:26:04 INFO python.PythonRunner: Times: total = 19, boot = -8, init = 9, finish = 18
17/02/02 00:26:04 INFO executor.Executor: Finished task 141.0 in stage 346.0 (TID 60656). 3348 bytes result sent to driver
17/02/02 00:26:04 INFO executor.CoarseGrainedExecutorBackend: Got assigned task 60679
17/02/02 00:26:04 INFO executor.Executor: Running task 165.0 in stage 346.0 (TID 60679)
17/02/02 00:26:04 INFO executor.Executor: Finished task 154.0 in stage 346.0 (TID 60668). 3348 bytes result sent to driver
17/02/02 00:26:04 INFO executor.Executor: Finished task 147.0 in stage 346.0 (TID 60662). 3348 bytes result sent to driver
17/02/02 00:26:04 INFO storage.ShuffleBlockFetcherIterator: Getting 495 non-empty blocks out of 930 blocks
17/02/02 00:26:04 INFO storage.ShuffleBlockFetcherIterator: Started 6 remote fetches in 2 ms
17/02/02 00:26:04 INFO executor.CoarseGrainedExecutorBackend: Got assigned task 60680
17/02/02 00:26:04 INFO executor.Executor: Running task 166.0 in stage 346.0 (TID 60680)
17/02/02 00:26:04 INFO storage.ShuffleBlockFetcherIterator: Getting 495 non-empty blocks out of 930 blocks
17/02/02 00:26:04 INFO storage.ShuffleBlockFetcherIterator: Started 6 remote fetches in 2 ms
17/02/02 00:26:04 INFO executor.CoarseGrainedExecutorBackend: Got assigned task 60681
17/02/02 00:26:04 INFO executor.Executor: Running task 167.0 in stage 346.0 (TID 60681)
17/02/02 00:26:04 INFO storage.ShuffleBlockFetcherIterator: Getting 495 non-empty blocks out of 930 blocks
17/02/02 00:26:04 INFO storage.ShuffleBlockFetcherIterator: Started 6 remote fetches in 2 ms
17/02/02 00:26:04 INFO python.PythonRunner: Times: total = 113, boot = -12, init = 13, finish = 112
