17/02/02 00:01:19 INFO executor.Executor: Running task 279.0 in stage 290.0 (TID 50838)
17/02/02 00:01:19 INFO storage.ShuffleBlockFetcherIterator: Getting 240 non-empty blocks out of 240 blocks
17/02/02 00:01:19 INFO storage.ShuffleBlockFetcherIterator: Started 4 remote fetches in 1 ms
17/02/02 00:01:19 INFO python.PythonRunner: Times: total = 1517, boot = -836, init = 838, finish = 1515
17/02/02 00:01:19 INFO python.PythonRunner: Times: total = 1368, boot = -1018, init = 1019, finish = 1367
17/02/02 00:01:19 INFO executor.Executor: Finished task 256.0 in stage 290.0 (TID 50814). 1898 bytes result sent to driver
17/02/02 00:01:19 INFO executor.CoarseGrainedExecutorBackend: Got assigned task 50840
17/02/02 00:01:19 INFO executor.Executor: Running task 280.0 in stage 290.0 (TID 50840)
17/02/02 00:01:19 INFO storage.ShuffleBlockFetcherIterator: Getting 240 non-empty blocks out of 240 blocks
17/02/02 00:01:19 INFO storage.ShuffleBlockFetcherIterator: Started 5 remote fetches in 1 ms
17/02/02 00:01:20 INFO executor.Executor: Finished task 265.0 in stage 290.0 (TID 50822). 1898 bytes result sent to driver
17/02/02 00:01:20 INFO executor.CoarseGrainedExecutorBackend: Got assigned task 50841
17/02/02 00:01:20 INFO executor.Executor: Running task 281.0 in stage 290.0 (TID 50841)
17/02/02 00:01:20 INFO storage.ShuffleBlockFetcherIterator: Getting 240 non-empty blocks out of 240 blocks
17/02/02 00:01:20 INFO storage.ShuffleBlockFetcherIterator: Started 5 remote fetches in 1 ms
17/02/02 00:01:20 INFO python.PythonRunner: Times: total = 1189, boot = -1014, init = 1015, finish = 1188
17/02/02 00:01:20 INFO executor.Executor: Finished task 273.0 in stage 290.0 (TID 50827). 1898 bytes result sent to driver
17/02/02 00:01:20 INFO executor.CoarseGrainedExecutorBackend: Got assigned task 50843
17/02/02 00:01:20 INFO executor.Executor: Running task 285.0 in stage 290.0 (TID 50843)
17/02/02 00:01:20 INFO storage.ShuffleBlockFetcherIterator: Getting 240 non-empty blocks out of 240 blocks
17/02/02 00:01:20 INFO storage.ShuffleBlockFetcherIterator: Started 5 remote fetches in 1 ms
17/02/02 00:01:20 INFO python.PythonRunner: Times: total = 1093, boot = -1515, init = 1517, finish = 1091
17/02/02 00:01:20 INFO python.PythonRunner: Times: total = 1172, boot = -911, init = 912, finish = 1171
17/02/02 00:01:20 INFO python.PythonRunner: Times: total = 1153, boot = -750, init = 751, finish = 1152
17/02/02 00:01:20 INFO python.PythonRunner: Times: total = 922, boot = -939, init = 940, finish = 921
17/02/02 00:01:20 INFO executor.Executor: Finished task 276.0 in stage 290.0 (TID 50833). 1898 bytes result sent to driver
17/02/02 00:01:20 INFO executor.CoarseGrainedExecutorBackend: Got assigned task 50848
17/02/02 00:01:20 INFO executor.Executor: Running task 287.0 in stage 290.0 (TID 50848)
17/02/02 00:01:20 INFO storage.ShuffleBlockFetcherIterator: Getting 240 non-empty blocks out of 240 blocks
17/02/02 00:01:20 INFO storage.ShuffleBlockFetcherIterator: Started 6 remote fetches in 1 ms
17/02/02 00:01:20 INFO python.PythonRunner: Times: total = 832, boot = -1045, init = 1047, finish = 830
17/02/02 00:01:21 INFO python.PythonRunner: Times: total = 1128, boot = -810, init = 812, finish = 1126
17/02/02 00:01:21 INFO executor.Executor: Finished task 278.0 in stage 290.0 (TID 50836). 1898 bytes result sent to driver
17/02/02 00:01:21 INFO executor.CoarseGrainedExecutorBackend: Got assigned task 50860
17/02/02 00:01:21 INFO executor.Executor: Running task 291.0 in stage 290.0 (TID 50860)
17/02/02 00:01:21 INFO python.PythonRunner: Times: total = 1185, boot = -700, init = 701, finish = 1184
17/02/02 00:01:21 INFO storage.ShuffleBlockFetcherIterator: Getting 240 non-empty blocks out of 240 blocks
17/02/02 00:01:21 INFO storage.ShuffleBlockFetcherIterator: Started 6 remote fetches in 1 ms
17/02/02 00:01:21 INFO python.PythonRunner: Times: total = 1319, boot = -872, init = 873, finish = 1318
17/02/02 00:01:21 INFO python.PythonRunner: Times: total = 1295, boot = -679, init = 681, finish = 1293
17/02/02 00:01:21 INFO executor.Executor: Finished task 280.0 in stage 290.0 (TID 50840). 1898 bytes result sent to driver
17/02/02 00:01:21 INFO executor.Executor: Finished task 279.0 in stage 290.0 (TID 50838). 1898 bytes result sent to driver
17/02/02 00:01:21 INFO executor.CoarseGrainedExecutorBackend: Got assigned task 50863
17/02/02 00:01:21 INFO executor.Executor: Running task 297.0 in stage 290.0 (TID 50863)
17/02/02 00:01:21 INFO executor.CoarseGrainedExecutorBackend: Got assigned task 50865
17/02/02 00:01:21 INFO executor.Executor: Running task 311.0 in stage 290.0 (TID 50865)
17/02/02 00:01:21 INFO storage.ShuffleBlockFetcherIterator: Getting 240 non-empty blocks out of 240 blocks
17/02/02 00:01:21 INFO storage.ShuffleBlockFetcherIterator: Getting 240 non-empty blocks out of 240 blocks
17/02/02 00:01:21 INFO storage.ShuffleBlockFetcherIterator: Started 5 remote fetches in 0 ms
17/02/02 00:01:21 INFO storage.ShuffleBlockFetcherIterator: Started 4 remote fetches in 1 ms
17/02/02 00:01:22 INFO executor.Executor: Finished task 285.0 in stage 290.0 (TID 50843). 1898 bytes result sent to driver
17/02/02 00:01:22 INFO executor.CoarseGrainedExecutorBackend: Got assigned task 50866
17/02/02 00:01:22 INFO executor.Executor: Running task 312.0 in stage 290.0 (TID 50866)
17/02/02 00:01:22 INFO storage.ShuffleBlockFetcherIterator: Getting 240 non-empty blocks out of 240 blocks
17/02/02 00:01:22 INFO storage.ShuffleBlockFetcherIterator: Started 4 remote fetches in 1 ms
17/02/02 00:01:22 INFO python.PythonRunner: Times: total = 1241, boot = -1115, init = 1117, finish = 1239
17/02/02 00:01:22 INFO python.PythonRunner: Times: total = 807, boot = -1429, init = 1431, finish = 805
17/02/02 00:01:22 INFO python.PythonRunner: Times: total = 2547, boot = -1028, init = 1029, finish = 2546
17/02/02 00:01:22 INFO python.PythonRunner: Times: total = 1110, boot = -886, init = 888, finish = 1108
17/02/02 00:01:22 INFO python.PythonRunner: Times: total = 997, boot = -1021, init = 1023, finish = 995
17/02/02 00:01:22 INFO executor.Executor: Finished task 287.0 in stage 290.0 (TID 50848). 1898 bytes result sent to driver
17/02/02 00:01:22 INFO executor.CoarseGrainedExecutorBackend: Got assigned task 50872
17/02/02 00:01:22 INFO executor.Executor: Running task 313.0 in stage 290.0 (TID 50872)
17/02/02 00:01:22 INFO storage.ShuffleBlockFetcherIterator: Getting 240 non-empty blocks out of 240 blocks
17/02/02 00:01:22 INFO storage.ShuffleBlockFetcherIterator: Started 4 remote fetches in 0 ms
17/02/02 00:01:23 INFO executor.Executor: Finished task 291.0 in stage 290.0 (TID 50860). 1898 bytes result sent to driver
17/02/02 00:01:23 INFO executor.CoarseGrainedExecutorBackend: Got assigned task 50873
17/02/02 00:01:23 INFO executor.Executor: Running task 319.0 in stage 290.0 (TID 50873)
17/02/02 00:01:23 INFO storage.ShuffleBlockFetcherIterator: Getting 240 non-empty blocks out of 240 blocks
17/02/02 00:01:23 INFO storage.ShuffleBlockFetcherIterator: Started 4 remote fetches in 0 ms
17/02/02 00:01:23 INFO python.PythonRunner: Times: total = 1187, boot = -1114, init = 1115, finish = 1186
17/02/02 00:01:23 INFO python.PythonRunner: Times: total = 1168, boot = -1081, init = 1082, finish = 1167
17/02/02 00:01:23 INFO python.PythonRunner: Times: total = 1232, boot = -830, init = 831, finish = 1231
17/02/02 00:01:23 INFO python.PythonRunner: Times: total = 1740, boot = -823, init = 824, finish = 1739
17/02/02 00:01:23 INFO python.PythonRunner: Times: total = 1697, boot = -1084, init = 1085, finish = 1696
17/02/02 00:01:24 INFO executor.Executor: Finished task 281.0 in stage 290.0 (TID 50841). 1898 bytes result sent to driver
17/02/02 00:01:24 INFO executor.CoarseGrainedExecutorBackend: Got assigned task 50878
17/02/02 00:01:24 INFO executor.Executor: Running task 321.0 in stage 290.0 (TID 50878)
17/02/02 00:01:24 INFO storage.ShuffleBlockFetcherIterator: Getting 240 non-empty blocks out of 240 blocks
17/02/02 00:01:24 INFO storage.ShuffleBlockFetcherIterator: Started 5 remote fetches in 1 ms
17/02/02 00:01:24 INFO python.PythonRunner: Times: total = 1280, boot = -918, init = 919, finish = 1279
17/02/02 00:01:24 INFO python.PythonRunner: Times: total = 1722, boot = -1185, init = 1186, finish = 1721
17/02/02 00:01:24 INFO executor.Executor: Finished task 297.0 in stage 290.0 (TID 50863). 1898 bytes result sent to driver
17/02/02 00:01:24 INFO executor.CoarseGrainedExecutorBackend: Got assigned task 50879
17/02/02 00:01:24 INFO executor.Executor: Running task 322.0 in stage 290.0 (TID 50879)
17/02/02 00:01:24 INFO storage.ShuffleBlockFetcherIterator: Getting 240 non-empty blocks out of 240 blocks
17/02/02 00:01:24 INFO storage.ShuffleBlockFetcherIterator: Started 4 remote fetches in 1 ms
17/02/02 00:01:24 INFO executor.Executor: Finished task 312.0 in stage 290.0 (TID 50866). 1898 bytes result sent to driver
17/02/02 00:01:24 INFO executor.CoarseGrainedExecutorBackend: Got assigned task 50885
17/02/02 00:01:24 INFO executor.Executor: Running task 328.0 in stage 290.0 (TID 50885)
17/02/02 00:01:24 INFO storage.ShuffleBlockFetcherIterator: Getting 240 non-empty blocks out of 240 blocks
17/02/02 00:01:24 INFO storage.ShuffleBlockFetcherIterator: Started 5 remote fetches in 0 ms
17/02/02 00:01:24 INFO python.PythonRunner: Times: total = 1759, boot = -771, init = 774, finish = 1756
17/02/02 00:01:24 INFO python.PythonRunner: Times: total = 1106, boot = -1155, init = 1157, finish = 1104
17/02/02 00:01:25 INFO executor.Executor: Finished task 311.0 in stage 290.0 (TID 50865). 1898 bytes result sent to driver
17/02/02 00:01:25 INFO executor.CoarseGrainedExecutorBackend: Got assigned task 50889
17/02/02 00:01:25 INFO executor.Executor: Running task 333.0 in stage 290.0 (TID 50889)
17/02/02 00:01:25 INFO storage.ShuffleBlockFetcherIterator: Getting 240 non-empty blocks out of 240 blocks
17/02/02 00:01:25 INFO storage.ShuffleBlockFetcherIterator: Started 5 remote fetches in 1 ms
17/02/02 00:01:25 INFO executor.Executor: Finished task 319.0 in stage 290.0 (TID 50873). 1898 bytes result sent to driver
