17/02/02 00:27:40 INFO storage.ShuffleBlockFetcherIterator: Started 4 remote fetches in 0 ms
17/02/02 00:27:40 INFO executor.CoarseGrainedExecutorBackend: Got assigned task 67045
17/02/02 00:27:40 INFO executor.Executor: Running task 831.0 in stage 364.0 (TID 67045)
17/02/02 00:27:40 INFO storage.ShuffleBlockFetcherIterator: Getting 93 non-empty blocks out of 1920 blocks
17/02/02 00:27:40 INFO storage.ShuffleBlockFetcherIterator: Started 4 remote fetches in 0 ms
17/02/02 00:27:40 INFO python.PythonRunner: Times: total = 54, boot = -57, init = 59, finish = 52
17/02/02 00:27:40 INFO python.PythonRunner: Times: total = 54, boot = -50, init = 52, finish = 52
17/02/02 00:27:40 INFO executor.Executor: Finished task 810.0 in stage 364.0 (TID 67024). 3378 bytes result sent to driver
17/02/02 00:27:40 INFO python.PythonRunner: Times: total = 52, boot = -54, init = 56, finish = 50
17/02/02 00:27:40 INFO executor.CoarseGrainedExecutorBackend: Got assigned task 67063
17/02/02 00:27:40 INFO executor.Executor: Running task 849.0 in stage 364.0 (TID 67063)
17/02/02 00:27:40 INFO executor.Executor: Finished task 812.0 in stage 364.0 (TID 67026). 3378 bytes result sent to driver
17/02/02 00:27:40 INFO executor.CoarseGrainedExecutorBackend: Got assigned task 67066
17/02/02 00:27:40 INFO executor.Executor: Running task 852.0 in stage 364.0 (TID 67066)
17/02/02 00:27:40 INFO storage.ShuffleBlockFetcherIterator: Getting 93 non-empty blocks out of 1920 blocks
17/02/02 00:27:40 INFO storage.ShuffleBlockFetcherIterator: Started 4 remote fetches in 1 ms
17/02/02 00:27:40 INFO storage.ShuffleBlockFetcherIterator: Getting 93 non-empty blocks out of 1920 blocks
17/02/02 00:27:40 INFO storage.ShuffleBlockFetcherIterator: Started 4 remote fetches in 1 ms
17/02/02 00:27:40 INFO executor.Executor: Finished task 818.0 in stage 364.0 (TID 67032). 3378 bytes result sent to driver
17/02/02 00:27:40 INFO executor.CoarseGrainedExecutorBackend: Got assigned task 67069
17/02/02 00:27:40 INFO executor.Executor: Running task 855.0 in stage 364.0 (TID 67069)
17/02/02 00:27:40 INFO storage.ShuffleBlockFetcherIterator: Getting 93 non-empty blocks out of 1920 blocks
17/02/02 00:27:40 INFO storage.ShuffleBlockFetcherIterator: Started 4 remote fetches in 0 ms
17/02/02 00:27:40 INFO python.PythonRunner: Times: total = 50, boot = -43, init = 44, finish = 49
17/02/02 00:27:40 INFO python.PythonRunner: Times: total = 54, boot = -51, init = 52, finish = 53
17/02/02 00:27:40 INFO python.PythonRunner: Times: total = 18, boot = -53, init = 54, finish = 17
17/02/02 00:27:40 INFO python.PythonRunner: Times: total = 50, boot = -22, init = 23, finish = 49
17/02/02 00:27:40 INFO executor.Executor: Finished task 830.0 in stage 364.0 (TID 67044). 3378 bytes result sent to driver
17/02/02 00:27:40 INFO executor.CoarseGrainedExecutorBackend: Got assigned task 67082
17/02/02 00:27:40 INFO executor.Executor: Running task 868.0 in stage 364.0 (TID 67082)
17/02/02 00:27:40 INFO storage.ShuffleBlockFetcherIterator: Getting 93 non-empty blocks out of 1920 blocks
17/02/02 00:27:40 INFO storage.ShuffleBlockFetcherIterator: Started 4 remote fetches in 0 ms
17/02/02 00:27:40 INFO executor.Executor: Finished task 828.0 in stage 364.0 (TID 67042). 3378 bytes result sent to driver
17/02/02 00:27:40 INFO executor.CoarseGrainedExecutorBackend: Got assigned task 67086
17/02/02 00:27:40 INFO executor.Executor: Running task 872.0 in stage 364.0 (TID 67086)
17/02/02 00:27:40 INFO executor.Executor: Finished task 831.0 in stage 364.0 (TID 67045). 3378 bytes result sent to driver
17/02/02 00:27:40 INFO executor.Executor: Finished task 852.0 in stage 364.0 (TID 67066). 3378 bytes result sent to driver
17/02/02 00:27:40 INFO executor.CoarseGrainedExecutorBackend: Got assigned task 67088
17/02/02 00:27:40 INFO executor.Executor: Running task 874.0 in stage 364.0 (TID 67088)
17/02/02 00:27:40 INFO storage.ShuffleBlockFetcherIterator: Getting 93 non-empty blocks out of 1920 blocks
17/02/02 00:27:40 INFO executor.CoarseGrainedExecutorBackend: Got assigned task 67089
17/02/02 00:27:40 INFO executor.Executor: Running task 875.0 in stage 364.0 (TID 67089)
17/02/02 00:27:40 INFO storage.ShuffleBlockFetcherIterator: Started 4 remote fetches in 1 ms
17/02/02 00:27:40 INFO storage.ShuffleBlockFetcherIterator: Getting 93 non-empty blocks out of 1920 blocks
17/02/02 00:27:40 INFO storage.ShuffleBlockFetcherIterator: Getting 93 non-empty blocks out of 1920 blocks
17/02/02 00:27:40 INFO storage.ShuffleBlockFetcherIterator: Started 4 remote fetches in 1 ms
17/02/02 00:27:40 INFO storage.ShuffleBlockFetcherIterator: Started 4 remote fetches in 0 ms
17/02/02 00:27:40 INFO python.PythonRunner: Times: total = 12, boot = -54, init = 55, finish = 11
17/02/02 00:27:40 INFO python.PythonRunner: Times: total = 22, boot = -53, init = 55, finish = 20
17/02/02 00:27:40 INFO executor.Executor: Finished task 874.0 in stage 364.0 (TID 67088). 3378 bytes result sent to driver
17/02/02 00:27:40 INFO executor.CoarseGrainedExecutorBackend: Got assigned task 67098
17/02/02 00:27:40 INFO executor.Executor: Running task 884.0 in stage 364.0 (TID 67098)
17/02/02 00:27:40 INFO executor.Executor: Finished task 868.0 in stage 364.0 (TID 67082). 3378 bytes result sent to driver
17/02/02 00:27:40 INFO executor.CoarseGrainedExecutorBackend: Got assigned task 67100
17/02/02 00:27:40 INFO storage.ShuffleBlockFetcherIterator: Getting 93 non-empty blocks out of 1920 blocks
17/02/02 00:27:40 INFO executor.Executor: Running task 886.0 in stage 364.0 (TID 67100)
17/02/02 00:27:40 INFO storage.ShuffleBlockFetcherIterator: Started 4 remote fetches in 0 ms
17/02/02 00:27:40 INFO storage.ShuffleBlockFetcherIterator: Getting 93 non-empty blocks out of 1920 blocks
17/02/02 00:27:40 INFO storage.ShuffleBlockFetcherIterator: Started 4 remote fetches in 1 ms
17/02/02 00:27:40 INFO python.PythonRunner: Times: total = 28, boot = -19, init = 20, finish = 27
17/02/02 00:27:40 INFO python.PythonRunner: Times: total = 51, boot = -65, init = 66, finish = 50
17/02/02 00:27:40 INFO python.PythonRunner: Times: total = 63, boot = -50, init = 52, finish = 61
17/02/02 00:27:40 INFO executor.Executor: Finished task 875.0 in stage 364.0 (TID 67089). 3378 bytes result sent to driver
17/02/02 00:27:40 INFO executor.Executor: Finished task 855.0 in stage 364.0 (TID 67069). 3378 bytes result sent to driver
17/02/02 00:27:40 INFO executor.CoarseGrainedExecutorBackend: Got assigned task 67107
17/02/02 00:27:40 INFO executor.Executor: Running task 893.0 in stage 364.0 (TID 67107)
17/02/02 00:27:40 INFO executor.CoarseGrainedExecutorBackend: Got assigned task 67108
17/02/02 00:27:40 INFO executor.Executor: Running task 894.0 in stage 364.0 (TID 67108)
17/02/02 00:27:40 INFO storage.ShuffleBlockFetcherIterator: Getting 93 non-empty blocks out of 1920 blocks
17/02/02 00:27:40 INFO storage.ShuffleBlockFetcherIterator: Started 4 remote fetches in 1 ms
17/02/02 00:27:40 INFO executor.Executor: Finished task 849.0 in stage 364.0 (TID 67063). 3378 bytes result sent to driver
17/02/02 00:27:40 INFO storage.ShuffleBlockFetcherIterator: Getting 93 non-empty blocks out of 1920 blocks
17/02/02 00:27:40 INFO storage.ShuffleBlockFetcherIterator: Started 4 remote fetches in 1 ms
17/02/02 00:27:40 INFO executor.CoarseGrainedExecutorBackend: Got assigned task 67109
17/02/02 00:27:40 INFO executor.Executor: Running task 895.0 in stage 364.0 (TID 67109)
17/02/02 00:27:40 INFO storage.ShuffleBlockFetcherIterator: Getting 93 non-empty blocks out of 1920 blocks
17/02/02 00:27:40 INFO storage.ShuffleBlockFetcherIterator: Started 4 remote fetches in 0 ms
17/02/02 00:27:40 INFO python.PythonRunner: Times: total = 21, boot = -33, init = 34, finish = 20
17/02/02 00:27:40 INFO executor.Executor: Finished task 886.0 in stage 364.0 (TID 67100). 3378 bytes result sent to driver
17/02/02 00:27:40 INFO executor.CoarseGrainedExecutorBackend: Got assigned task 67120
17/02/02 00:27:40 INFO executor.Executor: Running task 906.0 in stage 364.0 (TID 67120)
17/02/02 00:27:40 INFO python.PythonRunner: Times: total = 53, boot = -57, init = 58, finish = 52
17/02/02 00:27:40 INFO storage.ShuffleBlockFetcherIterator: Getting 93 non-empty blocks out of 1920 blocks
17/02/02 00:27:40 INFO storage.ShuffleBlockFetcherIterator: Started 4 remote fetches in 1 ms
17/02/02 00:27:40 INFO executor.Executor: Finished task 872.0 in stage 364.0 (TID 67086). 3378 bytes result sent to driver
17/02/02 00:27:40 INFO executor.CoarseGrainedExecutorBackend: Got assigned task 67125
17/02/02 00:27:40 INFO executor.Executor: Running task 911.0 in stage 364.0 (TID 67125)
17/02/02 00:27:40 INFO python.PythonRunner: Times: total = 12, boot = -45, init = 46, finish = 11
17/02/02 00:27:40 INFO storage.ShuffleBlockFetcherIterator: Getting 93 non-empty blocks out of 1920 blocks
17/02/02 00:27:40 INFO storage.ShuffleBlockFetcherIterator: Started 4 remote fetches in 1 ms
17/02/02 00:27:40 INFO python.PythonRunner: Times: total = 48, boot = -43, init = 44, finish = 47
17/02/02 00:27:40 INFO executor.Executor: Finished task 906.0 in stage 364.0 (TID 67120). 3378 bytes result sent to driver
17/02/02 00:27:40 INFO executor.CoarseGrainedExecutorBackend: Got assigned task 67130
17/02/02 00:27:40 INFO executor.Executor: Running task 916.0 in stage 364.0 (TID 67130)
17/02/02 00:27:40 INFO storage.ShuffleBlockFetcherIterator: Getting 93 non-empty blocks out of 1920 blocks
17/02/02 00:27:40 INFO storage.ShuffleBlockFetcherIterator: Started 4 remote fetches in 1 ms
17/02/02 00:27:40 INFO executor.Executor: Finished task 884.0 in stage 364.0 (TID 67098). 3378 bytes result sent to driver
17/02/02 00:27:40 INFO executor.CoarseGrainedExecutorBackend: Got assigned task 67134
17/02/02 00:27:40 INFO executor.Executor: Running task 920.0 in stage 364.0 (TID 67134)
17/02/02 00:27:40 INFO storage.ShuffleBlockFetcherIterator: Getting 93 non-empty blocks out of 1920 blocks
