17/02/01 23:11:28 INFO python.PythonRunner: Times: total = 47, boot = -16, init = 17, finish = 46
17/02/01 23:11:28 INFO executor.Executor: Finished task 509.0 in stage 237.0 (TID 40917). 3378 bytes result sent to driver
17/02/01 23:11:28 INFO executor.CoarseGrainedExecutorBackend: Got assigned task 40940
17/02/01 23:11:28 INFO executor.Executor: Running task 532.0 in stage 237.0 (TID 40940)
17/02/01 23:11:28 INFO storage.ShuffleBlockFetcherIterator: Getting 938 non-empty blocks out of 1890 blocks
17/02/01 23:11:28 INFO storage.ShuffleBlockFetcherIterator: Started 3 remote fetches in 5 ms
17/02/01 23:11:28 INFO python.PythonRunner: Times: total = 302, boot = -16, init = 28, finish = 290
17/02/01 23:11:28 INFO python.PythonRunner: Times: total = 16, boot = -166, init = 167, finish = 15
17/02/01 23:11:28 INFO executor.Executor: Finished task 512.0 in stage 237.0 (TID 40920). 3378 bytes result sent to driver
17/02/01 23:11:28 INFO executor.CoarseGrainedExecutorBackend: Got assigned task 40944
17/02/01 23:11:28 INFO executor.Executor: Running task 536.0 in stage 237.0 (TID 40944)
17/02/01 23:11:28 INFO storage.ShuffleBlockFetcherIterator: Getting 940 non-empty blocks out of 1890 blocks
17/02/01 23:11:28 INFO storage.ShuffleBlockFetcherIterator: Started 4 remote fetches in 5 ms
17/02/01 23:11:28 INFO python.PythonRunner: Times: total = 366, boot = -21, init = 38, finish = 349
17/02/01 23:11:28 INFO python.PythonRunner: Times: total = 17, boot = -53, init = 55, finish = 15
17/02/01 23:11:28 INFO executor.Executor: Finished task 515.0 in stage 237.0 (TID 40923). 3378 bytes result sent to driver
17/02/01 23:11:28 INFO executor.CoarseGrainedExecutorBackend: Got assigned task 40948
17/02/01 23:11:28 INFO executor.Executor: Running task 540.0 in stage 237.0 (TID 40948)
17/02/01 23:11:28 INFO storage.ShuffleBlockFetcherIterator: Getting 943 non-empty blocks out of 1890 blocks
17/02/01 23:11:28 INFO python.PythonRunner: Times: total = 339, boot = -20, init = 24, finish = 335
17/02/01 23:11:28 INFO storage.ShuffleBlockFetcherIterator: Started 4 remote fetches in 5 ms
17/02/01 23:11:28 INFO python.PythonRunner: Times: total = 338, boot = -19, init = 23, finish = 334
17/02/01 23:11:28 INFO python.PythonRunner: Times: total = 54, boot = -66, init = 68, finish = 52
17/02/01 23:11:28 INFO python.PythonRunner: Times: total = 340, boot = -24, init = 29, finish = 335
17/02/01 23:11:28 INFO executor.Executor: Finished task 521.0 in stage 237.0 (TID 40929). 3378 bytes result sent to driver
17/02/01 23:11:28 INFO executor.CoarseGrainedExecutorBackend: Got assigned task 40955
17/02/01 23:11:28 INFO executor.Executor: Running task 547.0 in stage 237.0 (TID 40955)
17/02/01 23:11:28 INFO storage.ShuffleBlockFetcherIterator: Getting 954 non-empty blocks out of 1890 blocks
17/02/01 23:11:28 INFO storage.ShuffleBlockFetcherIterator: Started 4 remote fetches in 3 ms
17/02/01 23:11:28 INFO python.PythonRunner: Times: total = 18, boot = -29, init = 31, finish = 16
17/02/01 23:11:28 INFO python.PythonRunner: Times: total = 300, boot = -81, init = 85, finish = 296
17/02/01 23:11:28 INFO python.PythonRunner: Times: total = 59, boot = -15, init = 16, finish = 58
17/02/01 23:11:28 INFO executor.Executor: Finished task 525.0 in stage 237.0 (TID 40933). 3378 bytes result sent to driver
17/02/01 23:11:28 INFO executor.CoarseGrainedExecutorBackend: Got assigned task 40957
17/02/01 23:11:28 INFO executor.Executor: Running task 549.0 in stage 237.0 (TID 40957)
17/02/01 23:11:28 INFO storage.ShuffleBlockFetcherIterator: Getting 923 non-empty blocks out of 1890 blocks
17/02/01 23:11:28 INFO storage.ShuffleBlockFetcherIterator: Started 3 remote fetches in 3 ms
17/02/01 23:11:28 INFO executor.Executor: Finished task 523.0 in stage 237.0 (TID 40931). 3378 bytes result sent to driver
17/02/01 23:11:28 INFO executor.CoarseGrainedExecutorBackend: Got assigned task 40959
17/02/01 23:11:28 INFO executor.Executor: Running task 551.0 in stage 237.0 (TID 40959)
17/02/01 23:11:28 INFO storage.ShuffleBlockFetcherIterator: Getting 953 non-empty blocks out of 1890 blocks
17/02/01 23:11:28 INFO storage.ShuffleBlockFetcherIterator: Started 4 remote fetches in 7 ms
17/02/01 23:11:28 INFO python.PythonRunner: Times: total = 55, boot = 3, init = 1, finish = 51
17/02/01 23:11:28 INFO executor.Executor: Finished task 532.0 in stage 237.0 (TID 40940). 3378 bytes result sent to driver
17/02/01 23:11:28 INFO python.PythonRunner: Times: total = 134, boot = 0, init = 7, finish = 127
17/02/01 23:11:28 INFO executor.CoarseGrainedExecutorBackend: Got assigned task 40968
17/02/01 23:11:28 INFO executor.Executor: Running task 560.0 in stage 237.0 (TID 40968)
17/02/01 23:11:28 INFO python.PythonRunner: Times: total = 210, boot = -194, init = 200, finish = 204
17/02/01 23:11:28 INFO storage.ShuffleBlockFetcherIterator: Getting 941 non-empty blocks out of 1890 blocks
17/02/01 23:11:28 INFO storage.ShuffleBlockFetcherIterator: Started 3 remote fetches in 3 ms
17/02/01 23:11:28 INFO python.PythonRunner: Times: total = 83, boot = -18, init = 24, finish = 77
17/02/01 23:11:28 INFO python.PythonRunner: Times: total = 78, boot = -8, init = 13, finish = 73
17/02/01 23:11:28 INFO python.PythonRunner: Times: total = 30, boot = 17, init = 0, finish = 13
17/02/01 23:11:28 INFO python.PythonRunner: Times: total = 52, boot = -32, init = 34, finish = 50
17/02/01 23:11:28 INFO executor.Executor: Finished task 547.0 in stage 237.0 (TID 40955). 3378 bytes result sent to driver
17/02/01 23:11:28 INFO python.PythonRunner: Times: total = 55, boot = -27, init = 29, finish = 53
17/02/01 23:11:28 INFO executor.CoarseGrainedExecutorBackend: Got assigned task 40975
17/02/01 23:11:28 INFO executor.Executor: Running task 567.0 in stage 237.0 (TID 40975)
17/02/01 23:11:28 INFO executor.Executor: Finished task 540.0 in stage 237.0 (TID 40948). 3378 bytes result sent to driver
17/02/01 23:11:28 INFO executor.CoarseGrainedExecutorBackend: Got assigned task 40977
17/02/01 23:11:28 INFO executor.Executor: Running task 569.0 in stage 237.0 (TID 40977)
17/02/01 23:11:28 INFO storage.ShuffleBlockFetcherIterator: Getting 941 non-empty blocks out of 1890 blocks
17/02/01 23:11:28 INFO storage.ShuffleBlockFetcherIterator: Started 4 remote fetches in 3 ms
17/02/01 23:11:28 INFO storage.ShuffleBlockFetcherIterator: Getting 947 non-empty blocks out of 1890 blocks
17/02/01 23:11:28 INFO storage.ShuffleBlockFetcherIterator: Started 3 remote fetches in 2 ms
17/02/01 23:11:28 INFO executor.Executor: Finished task 536.0 in stage 237.0 (TID 40944). 3378 bytes result sent to driver
17/02/01 23:11:28 INFO executor.CoarseGrainedExecutorBackend: Got assigned task 40979
17/02/01 23:11:28 INFO executor.Executor: Running task 571.0 in stage 237.0 (TID 40979)
17/02/01 23:11:28 INFO storage.ShuffleBlockFetcherIterator: Getting 952 non-empty blocks out of 1890 blocks
17/02/01 23:11:28 INFO python.PythonRunner: Times: total = 98, boot = -9, init = 16, finish = 91
17/02/01 23:11:28 INFO storage.ShuffleBlockFetcherIterator: Started 4 remote fetches in 4 ms
17/02/01 23:11:28 INFO python.PythonRunner: Times: total = 95, boot = 12, init = 0, finish = 83
17/02/01 23:11:28 INFO python.PythonRunner: Times: total = 51, boot = -1, init = 3, finish = 49
17/02/01 23:11:28 INFO python.PythonRunner: Times: total = 49, boot = -4, init = 5, finish = 48
17/02/01 23:11:28 INFO executor.Executor: Finished task 551.0 in stage 237.0 (TID 40959). 3378 bytes result sent to driver
17/02/01 23:11:28 INFO executor.CoarseGrainedExecutorBackend: Got assigned task 40986
17/02/01 23:11:28 INFO executor.Executor: Running task 578.0 in stage 237.0 (TID 40986)
17/02/01 23:11:28 INFO storage.ShuffleBlockFetcherIterator: Getting 937 non-empty blocks out of 1890 blocks
17/02/01 23:11:28 INFO storage.ShuffleBlockFetcherIterator: Started 4 remote fetches in 2 ms
17/02/01 23:11:28 INFO executor.Executor: Finished task 549.0 in stage 237.0 (TID 40957). 3378 bytes result sent to driver
17/02/01 23:11:28 INFO executor.CoarseGrainedExecutorBackend: Got assigned task 40987
17/02/01 23:11:28 INFO executor.Executor: Running task 579.0 in stage 237.0 (TID 40987)
17/02/01 23:11:28 INFO storage.ShuffleBlockFetcherIterator: Getting 943 non-empty blocks out of 1890 blocks
17/02/01 23:11:28 INFO storage.ShuffleBlockFetcherIterator: Started 4 remote fetches in 5 ms
17/02/01 23:11:28 INFO python.PythonRunner: Times: total = 55, boot = -16, init = 17, finish = 54
17/02/01 23:11:28 INFO python.PythonRunner: Times: total = 105, boot = -26, init = 34, finish = 97
17/02/01 23:11:28 INFO executor.Executor: Finished task 560.0 in stage 237.0 (TID 40968). 3378 bytes result sent to driver
17/02/01 23:11:28 INFO executor.CoarseGrainedExecutorBackend: Got assigned task 40992
17/02/01 23:11:28 INFO executor.Executor: Running task 584.0 in stage 237.0 (TID 40992)
17/02/01 23:11:28 INFO storage.ShuffleBlockFetcherIterator: Getting 954 non-empty blocks out of 1890 blocks
17/02/01 23:11:28 INFO storage.ShuffleBlockFetcherIterator: Started 3 remote fetches in 3 ms
17/02/01 23:11:28 INFO python.PythonRunner: Times: total = 117, boot = -6, init = 36, finish = 87
17/02/01 23:11:28 INFO python.PythonRunner: Times: total = 115, boot = 6, init = 26, finish = 83
17/02/01 23:11:28 INFO python.PythonRunner: Times: total = 13, boot = 4, init = 0, finish = 9
17/02/01 23:11:29 INFO executor.Executor: Finished task 571.0 in stage 237.0 (TID 40979). 3378 bytes result sent to driver
17/02/01 23:11:29 INFO executor.CoarseGrainedExecutorBackend: Got assigned task 40997
17/02/01 23:11:29 INFO executor.Executor: Running task 589.0 in stage 237.0 (TID 40997)
17/02/01 23:11:29 INFO storage.ShuffleBlockFetcherIterator: Getting 944 non-empty blocks out of 1890 blocks
17/02/01 23:11:29 INFO storage.ShuffleBlockFetcherIterator: Started 4 remote fetches in 3 ms
17/02/01 23:11:29 INFO python.PythonRunner: Times: total = 57, boot = -18, init = 19, finish = 56
