17/02/02 00:27:53 INFO executor.CoarseGrainedExecutorBackend: Got assigned task 70639
17/02/02 00:27:53 INFO executor.Executor: Running task 585.0 in stage 381.0 (TID 70639)
17/02/02 00:27:53 INFO storage.ShuffleBlockFetcherIterator: Getting 949 non-empty blocks out of 1890 blocks
17/02/02 00:27:53 INFO storage.ShuffleBlockFetcherIterator: Started 3 remote fetches in 2 ms
17/02/02 00:27:53 INFO python.PythonRunner: Times: total = 102, boot = -196, init = 197, finish = 101
17/02/02 00:27:53 INFO executor.Executor: Finished task 568.0 in stage 381.0 (TID 70622). 2346617 bytes result sent to driver
17/02/02 00:27:53 INFO executor.CoarseGrainedExecutorBackend: Got assigned task 70644
17/02/02 00:27:53 INFO executor.Executor: Running task 590.0 in stage 381.0 (TID 70644)
17/02/02 00:27:53 INFO storage.ShuffleBlockFetcherIterator: Getting 936 non-empty blocks out of 1890 blocks
17/02/02 00:27:53 INFO storage.ShuffleBlockFetcherIterator: Started 3 remote fetches in 3 ms
17/02/02 00:27:53 INFO python.PythonRunner: Times: total = 129, boot = -244, init = 245, finish = 128
17/02/02 00:27:53 INFO executor.Executor: Finished task 570.0 in stage 381.0 (TID 70624). 2346547 bytes result sent to driver
17/02/02 00:27:54 INFO executor.CoarseGrainedExecutorBackend: Got assigned task 70662
17/02/02 00:27:54 INFO executor.Executor: Running task 608.0 in stage 381.0 (TID 70662)
17/02/02 00:27:54 INFO storage.ShuffleBlockFetcherIterator: Getting 939 non-empty blocks out of 1890 blocks
17/02/02 00:27:54 INFO storage.ShuffleBlockFetcherIterator: Started 3 remote fetches in 3 ms
17/02/02 00:27:54 INFO python.PythonRunner: Times: total = 265, boot = -301, init = 302, finish = 264
17/02/02 00:27:54 INFO executor.Executor: Finished task 574.0 in stage 381.0 (TID 70628). 2346509 bytes result sent to driver
17/02/02 00:27:54 INFO executor.CoarseGrainedExecutorBackend: Got assigned task 70666
17/02/02 00:27:54 INFO executor.Executor: Running task 612.0 in stage 381.0 (TID 70666)
17/02/02 00:27:54 INFO storage.ShuffleBlockFetcherIterator: Getting 948 non-empty blocks out of 1890 blocks
17/02/02 00:27:54 INFO storage.ShuffleBlockFetcherIterator: Started 3 remote fetches in 1 ms
17/02/02 00:27:54 INFO python.PythonRunner: Times: total = 295, boot = -193, init = 194, finish = 294
17/02/02 00:27:54 INFO executor.Executor: Finished task 578.0 in stage 381.0 (TID 70632). 2346582 bytes result sent to driver
17/02/02 00:27:54 INFO executor.CoarseGrainedExecutorBackend: Got assigned task 70670
17/02/02 00:27:54 INFO executor.Executor: Running task 616.0 in stage 381.0 (TID 70670)
17/02/02 00:27:54 INFO storage.ShuffleBlockFetcherIterator: Getting 953 non-empty blocks out of 1890 blocks
17/02/02 00:27:54 INFO storage.ShuffleBlockFetcherIterator: Started 3 remote fetches in 2 ms
17/02/02 00:27:54 INFO python.PythonRunner: Times: total = 306, boot = -219, init = 219, finish = 306
17/02/02 00:27:54 INFO executor.Executor: Finished task 583.0 in stage 381.0 (TID 70637). 2346617 bytes result sent to driver
17/02/02 00:27:54 INFO executor.CoarseGrainedExecutorBackend: Got assigned task 70676
17/02/02 00:27:54 INFO executor.Executor: Running task 622.0 in stage 381.0 (TID 70676)
17/02/02 00:27:54 INFO storage.ShuffleBlockFetcherIterator: Getting 950 non-empty blocks out of 1890 blocks
17/02/02 00:27:54 INFO storage.ShuffleBlockFetcherIterator: Started 3 remote fetches in 2 ms
17/02/02 00:27:54 INFO python.PythonRunner: Times: total = 327, boot = -142, init = 143, finish = 326
17/02/02 00:27:54 INFO executor.Executor: Finished task 585.0 in stage 381.0 (TID 70639). 2346652 bytes result sent to driver
17/02/02 00:27:54 INFO executor.CoarseGrainedExecutorBackend: Got assigned task 70681
17/02/02 00:27:54 INFO executor.Executor: Running task 627.0 in stage 381.0 (TID 70681)
17/02/02 00:27:54 INFO storage.ShuffleBlockFetcherIterator: Getting 951 non-empty blocks out of 1890 blocks
17/02/02 00:27:54 INFO storage.ShuffleBlockFetcherIterator: Started 3 remote fetches in 3 ms
17/02/02 00:27:54 INFO python.PythonRunner: Times: total = 339, boot = -115, init = 116, finish = 338
17/02/02 00:27:54 INFO executor.Executor: Finished task 590.0 in stage 381.0 (TID 70644). 2346582 bytes result sent to driver
17/02/02 00:27:54 INFO executor.CoarseGrainedExecutorBackend: Got assigned task 70684
17/02/02 00:27:54 INFO executor.Executor: Running task 630.0 in stage 381.0 (TID 70684)
17/02/02 00:27:54 INFO storage.ShuffleBlockFetcherIterator: Getting 951 non-empty blocks out of 1890 blocks
17/02/02 00:27:54 INFO storage.ShuffleBlockFetcherIterator: Started 3 remote fetches in 3 ms
17/02/02 00:27:54 INFO python.PythonRunner: Times: total = 223, boot = -262, init = 262, finish = 223
17/02/02 00:27:54 INFO executor.Executor: Finished task 608.0 in stage 381.0 (TID 70662). 2346652 bytes result sent to driver
17/02/02 00:27:54 INFO executor.CoarseGrainedExecutorBackend: Got assigned task 70689
17/02/02 00:27:54 INFO executor.Executor: Running task 635.0 in stage 381.0 (TID 70689)
17/02/02 00:27:54 INFO storage.ShuffleBlockFetcherIterator: Getting 951 non-empty blocks out of 1890 blocks
17/02/02 00:27:54 INFO storage.ShuffleBlockFetcherIterator: Started 3 remote fetches in 4 ms
17/02/02 00:27:54 INFO python.PythonRunner: Times: total = 204, boot = -273, init = 274, finish = 203
17/02/02 00:27:54 INFO executor.Executor: Finished task 612.0 in stage 381.0 (TID 70666). 2346474 bytes result sent to driver
17/02/02 00:27:54 INFO executor.CoarseGrainedExecutorBackend: Got assigned task 70692
17/02/02 00:27:54 INFO executor.Executor: Running task 638.0 in stage 381.0 (TID 70692)
17/02/02 00:27:54 INFO storage.ShuffleBlockFetcherIterator: Getting 939 non-empty blocks out of 1890 blocks
17/02/02 00:27:54 INFO storage.ShuffleBlockFetcherIterator: Started 3 remote fetches in 1 ms
17/02/02 00:27:54 INFO python.PythonRunner: Times: total = 191, boot = -311, init = 312, finish = 190
17/02/02 00:27:54 INFO executor.Executor: Finished task 616.0 in stage 381.0 (TID 70670). 2346582 bytes result sent to driver
17/02/02 00:27:54 INFO executor.CoarseGrainedExecutorBackend: Got assigned task 70698
17/02/02 00:27:54 INFO executor.Executor: Running task 644.0 in stage 381.0 (TID 70698)
17/02/02 00:27:54 INFO storage.ShuffleBlockFetcherIterator: Getting 940 non-empty blocks out of 1890 blocks
17/02/02 00:27:54 INFO storage.ShuffleBlockFetcherIterator: Started 3 remote fetches in 3 ms
17/02/02 00:27:54 INFO python.PythonRunner: Times: total = 187, boot = -331, init = 332, finish = 186
17/02/02 00:27:54 INFO executor.Executor: Finished task 622.0 in stage 381.0 (TID 70676). 2346652 bytes result sent to driver
17/02/02 00:27:54 INFO executor.CoarseGrainedExecutorBackend: Got assigned task 70705
17/02/02 00:27:54 INFO executor.Executor: Running task 651.0 in stage 381.0 (TID 70705)
17/02/02 00:27:54 INFO storage.ShuffleBlockFetcherIterator: Getting 962 non-empty blocks out of 1890 blocks
17/02/02 00:27:54 INFO storage.ShuffleBlockFetcherIterator: Started 3 remote fetches in 3 ms
17/02/02 00:27:54 INFO python.PythonRunner: Times: total = 184, boot = -350, init = 350, finish = 184
17/02/02 00:27:54 INFO executor.Executor: Finished task 627.0 in stage 381.0 (TID 70681). 2346582 bytes result sent to driver
17/02/02 00:27:54 INFO executor.CoarseGrainedExecutorBackend: Got assigned task 70711
17/02/02 00:27:54 INFO executor.Executor: Running task 657.0 in stage 381.0 (TID 70711)
17/02/02 00:27:54 INFO storage.ShuffleBlockFetcherIterator: Getting 942 non-empty blocks out of 1890 blocks
17/02/02 00:27:54 INFO storage.ShuffleBlockFetcherIterator: Started 3 remote fetches in 2 ms
17/02/02 00:27:54 INFO python.PythonRunner: Times: total = 189, boot = -368, init = 369, finish = 188
17/02/02 00:27:54 INFO executor.Executor: Finished task 630.0 in stage 381.0 (TID 70684). 2346547 bytes result sent to driver
17/02/02 00:27:54 INFO executor.CoarseGrainedExecutorBackend: Got assigned task 70715
17/02/02 00:27:54 INFO executor.Executor: Running task 661.0 in stage 381.0 (TID 70715)
17/02/02 00:27:54 INFO storage.ShuffleBlockFetcherIterator: Getting 940 non-empty blocks out of 1890 blocks
17/02/02 00:27:54 INFO storage.ShuffleBlockFetcherIterator: Started 3 remote fetches in 1 ms
17/02/02 00:27:54 INFO python.PythonRunner: Times: total = 177, boot = -372, init = 372, finish = 177
17/02/02 00:27:54 INFO executor.Executor: Finished task 635.0 in stage 381.0 (TID 70689). 2346509 bytes result sent to driver
17/02/02 00:27:54 INFO executor.CoarseGrainedExecutorBackend: Got assigned task 70719
17/02/02 00:27:54 INFO executor.Executor: Running task 665.0 in stage 381.0 (TID 70719)
17/02/02 00:27:54 INFO storage.ShuffleBlockFetcherIterator: Getting 929 non-empty blocks out of 1890 blocks
17/02/02 00:27:54 INFO storage.ShuffleBlockFetcherIterator: Started 3 remote fetches in 1 ms
17/02/02 00:27:54 INFO python.PythonRunner: Times: total = 182, boot = -217, init = 218, finish = 181
17/02/02 00:27:54 INFO executor.Executor: Finished task 638.0 in stage 381.0 (TID 70692). 2346509 bytes result sent to driver
17/02/02 00:27:54 INFO executor.CoarseGrainedExecutorBackend: Got assigned task 70723
17/02/02 00:27:54 INFO executor.Executor: Running task 669.0 in stage 381.0 (TID 70723)
17/02/02 00:27:54 INFO storage.ShuffleBlockFetcherIterator: Getting 943 non-empty blocks out of 1890 blocks
17/02/02 00:27:54 INFO storage.ShuffleBlockFetcherIterator: Started 3 remote fetches in 3 ms
17/02/02 00:27:54 INFO python.PythonRunner: Times: total = 180, boot = -212, init = 213, finish = 179
17/02/02 00:27:54 INFO python.PythonRunner: Times: total = 214, boot = -217, init = 218, finish = 213
17/02/02 00:27:54 INFO executor.Executor: Finished task 651.0 in stage 381.0 (TID 70705). 2346547 bytes result sent to driver
17/02/02 00:27:54 INFO executor.Executor: Finished task 644.0 in stage 381.0 (TID 70698). 2346509 bytes result sent to driver
17/02/02 00:27:54 INFO executor.CoarseGrainedExecutorBackend: Got assigned task 70735
17/02/02 00:27:54 INFO executor.Executor: Running task 681.0 in stage 381.0 (TID 70735)
