17/02/01 23:11:49 INFO storage.ShuffleBlockFetcherIterator: Getting 112 non-empty blocks out of 1920 blocks
17/02/01 23:11:49 INFO storage.ShuffleBlockFetcherIterator: Started 4 remote fetches in 1 ms
17/02/01 23:11:49 INFO python.PythonRunner: Times: total = 9, boot = -3, init = 5, finish = 7
17/02/01 23:11:49 INFO executor.Executor: Finished task 349.0 in stage 239.0 (TID 44567). 1344 bytes result sent to driver
17/02/01 23:11:49 INFO executor.CoarseGrainedExecutorBackend: Got assigned task 44577
17/02/01 23:11:49 INFO executor.Executor: Running task 359.0 in stage 239.0 (TID 44577)
17/02/01 23:11:49 INFO python.PythonRunner: Times: total = 43, boot = -21, init = 22, finish = 42
17/02/01 23:11:49 INFO storage.ShuffleBlockFetcherIterator: Getting 115 non-empty blocks out of 1920 blocks
17/02/01 23:11:49 INFO executor.Executor: Finished task 327.0 in stage 239.0 (TID 44545). 1344 bytes result sent to driver
17/02/01 23:11:49 INFO storage.ShuffleBlockFetcherIterator: Started 4 remote fetches in 1 ms
17/02/01 23:11:49 INFO executor.CoarseGrainedExecutorBackend: Got assigned task 44578
17/02/01 23:11:49 INFO executor.Executor: Running task 360.0 in stage 239.0 (TID 44578)
17/02/01 23:11:49 INFO storage.ShuffleBlockFetcherIterator: Getting 116 non-empty blocks out of 1920 blocks
17/02/01 23:11:49 INFO storage.ShuffleBlockFetcherIterator: Started 4 remote fetches in 0 ms
17/02/01 23:11:49 INFO python.PythonRunner: Times: total = 47, boot = 1, init = 1, finish = 45
17/02/01 23:11:49 INFO executor.Executor: Finished task 328.0 in stage 239.0 (TID 44546). 1344 bytes result sent to driver
17/02/01 23:11:49 INFO executor.CoarseGrainedExecutorBackend: Got assigned task 44580
17/02/01 23:11:49 INFO executor.Executor: Running task 362.0 in stage 239.0 (TID 44580)
17/02/01 23:11:49 INFO storage.ShuffleBlockFetcherIterator: Getting 113 non-empty blocks out of 1920 blocks
17/02/01 23:11:49 INFO storage.ShuffleBlockFetcherIterator: Started 4 remote fetches in 1 ms
17/02/01 23:11:49 INFO python.PythonRunner: Times: total = 48, boot = -7, init = 9, finish = 46
17/02/01 23:11:49 INFO executor.Executor: Finished task 331.0 in stage 239.0 (TID 44549). 1344 bytes result sent to driver
17/02/01 23:11:49 INFO executor.CoarseGrainedExecutorBackend: Got assigned task 44585
17/02/01 23:11:49 INFO executor.Executor: Running task 367.0 in stage 239.0 (TID 44585)
17/02/01 23:11:49 INFO storage.ShuffleBlockFetcherIterator: Getting 113 non-empty blocks out of 1920 blocks
17/02/01 23:11:49 INFO storage.ShuffleBlockFetcherIterator: Started 4 remote fetches in 1 ms
17/02/01 23:11:49 INFO python.PythonRunner: Times: total = 13, boot = -9, init = 11, finish = 11
17/02/01 23:11:49 INFO executor.Executor: Finished task 359.0 in stage 239.0 (TID 44577). 1344 bytes result sent to driver
17/02/01 23:11:49 INFO executor.CoarseGrainedExecutorBackend: Got assigned task 44588
17/02/01 23:11:49 INFO executor.Executor: Running task 370.0 in stage 239.0 (TID 44588)
17/02/01 23:11:49 INFO storage.ShuffleBlockFetcherIterator: Getting 113 non-empty blocks out of 1920 blocks
17/02/01 23:11:49 INFO python.PythonRunner: Times: total = 44, boot = -3, init = 4, finish = 43
17/02/01 23:11:49 INFO storage.ShuffleBlockFetcherIterator: Started 4 remote fetches in 1 ms
17/02/01 23:11:49 INFO executor.Executor: Finished task 338.0 in stage 239.0 (TID 44556). 1344 bytes result sent to driver
17/02/01 23:11:49 INFO executor.CoarseGrainedExecutorBackend: Got assigned task 44590
17/02/01 23:11:49 INFO executor.Executor: Running task 372.0 in stage 239.0 (TID 44590)
17/02/01 23:11:49 INFO python.PythonRunner: Times: total = 12, boot = 5, init = 1, finish = 6
17/02/01 23:11:49 INFO executor.Executor: Finished task 362.0 in stage 239.0 (TID 44580). 1344 bytes result sent to driver
17/02/01 23:11:49 INFO storage.ShuffleBlockFetcherIterator: Getting 113 non-empty blocks out of 1920 blocks
17/02/01 23:11:49 INFO storage.ShuffleBlockFetcherIterator: Started 4 remote fetches in 1 ms
17/02/01 23:11:49 INFO executor.CoarseGrainedExecutorBackend: Got assigned task 44592
17/02/01 23:11:49 INFO executor.Executor: Running task 374.0 in stage 239.0 (TID 44592)
17/02/01 23:11:49 INFO storage.ShuffleBlockFetcherIterator: Getting 114 non-empty blocks out of 1920 blocks
17/02/01 23:11:49 INFO storage.ShuffleBlockFetcherIterator: Started 4 remote fetches in 2 ms
17/02/01 23:11:49 INFO python.PythonRunner: Times: total = 42, boot = -12, init = 13, finish = 41
17/02/01 23:11:49 INFO executor.Executor: Finished task 344.0 in stage 239.0 (TID 44562). 1344 bytes result sent to driver
17/02/01 23:11:49 INFO executor.CoarseGrainedExecutorBackend: Got assigned task 44599
17/02/01 23:11:49 INFO executor.Executor: Running task 381.0 in stage 239.0 (TID 44599)
17/02/01 23:11:49 INFO python.PythonRunner: Times: total = 13, boot = 9, init = 0, finish = 4
17/02/01 23:11:49 INFO executor.Executor: Finished task 370.0 in stage 239.0 (TID 44588). 1344 bytes result sent to driver
17/02/01 23:11:49 INFO storage.ShuffleBlockFetcherIterator: Getting 114 non-empty blocks out of 1920 blocks
17/02/01 23:11:49 INFO executor.CoarseGrainedExecutorBackend: Got assigned task 44601
17/02/01 23:11:49 INFO executor.Executor: Running task 383.0 in stage 239.0 (TID 44601)
17/02/01 23:11:49 INFO storage.ShuffleBlockFetcherIterator: Started 4 remote fetches in 1 ms
17/02/01 23:11:49 INFO storage.ShuffleBlockFetcherIterator: Getting 111 non-empty blocks out of 1920 blocks
17/02/01 23:11:49 INFO storage.ShuffleBlockFetcherIterator: Started 4 remote fetches in 1 ms
17/02/01 23:11:49 INFO python.PythonRunner: Times: total = 16, boot = 11, init = 0, finish = 5
17/02/01 23:11:49 INFO executor.Executor: Finished task 372.0 in stage 239.0 (TID 44590). 1344 bytes result sent to driver
17/02/01 23:11:49 INFO executor.CoarseGrainedExecutorBackend: Got assigned task 44605
17/02/01 23:11:49 INFO executor.Executor: Running task 387.0 in stage 239.0 (TID 44605)
17/02/01 23:11:49 INFO storage.ShuffleBlockFetcherIterator: Getting 114 non-empty blocks out of 1920 blocks
17/02/01 23:11:49 INFO python.PythonRunner: Times: total = 18, boot = 14, init = 0, finish = 4
17/02/01 23:11:49 INFO executor.Executor: Finished task 374.0 in stage 239.0 (TID 44592). 1344 bytes result sent to driver
17/02/01 23:11:49 INFO storage.ShuffleBlockFetcherIterator: Started 4 remote fetches in 2 ms
17/02/01 23:11:49 INFO executor.CoarseGrainedExecutorBackend: Got assigned task 44608
17/02/01 23:11:49 INFO executor.Executor: Running task 390.0 in stage 239.0 (TID 44608)
17/02/01 23:11:49 INFO python.PythonRunner: Times: total = 13, boot = 3, init = 0, finish = 10
17/02/01 23:11:49 INFO executor.Executor: Finished task 381.0 in stage 239.0 (TID 44599). 1344 bytes result sent to driver
17/02/01 23:11:49 INFO executor.CoarseGrainedExecutorBackend: Got assigned task 44610
17/02/01 23:11:49 INFO storage.ShuffleBlockFetcherIterator: Getting 116 non-empty blocks out of 1920 blocks
17/02/01 23:11:49 INFO executor.Executor: Running task 392.0 in stage 239.0 (TID 44610)
17/02/01 23:11:49 INFO storage.ShuffleBlockFetcherIterator: Started 4 remote fetches in 1 ms
17/02/01 23:11:49 INFO python.PythonRunner: Times: total = 14, boot = 9, init = 0, finish = 5
17/02/01 23:11:49 INFO storage.ShuffleBlockFetcherIterator: Getting 114 non-empty blocks out of 1920 blocks
17/02/01 23:11:49 INFO executor.Executor: Finished task 383.0 in stage 239.0 (TID 44601). 1344 bytes result sent to driver
17/02/01 23:11:49 INFO storage.ShuffleBlockFetcherIterator: Started 4 remote fetches in 1 ms
17/02/01 23:11:49 INFO python.PythonRunner: Times: total = 48, boot = -3, init = 4, finish = 47
17/02/01 23:11:49 INFO executor.CoarseGrainedExecutorBackend: Got assigned task 44615
17/02/01 23:11:49 INFO executor.Executor: Running task 397.0 in stage 239.0 (TID 44615)
17/02/01 23:11:49 INFO executor.Executor: Finished task 360.0 in stage 239.0 (TID 44578). 1344 bytes result sent to driver
17/02/01 23:11:49 INFO executor.CoarseGrainedExecutorBackend: Got assigned task 44616
17/02/01 23:11:49 INFO executor.Executor: Running task 398.0 in stage 239.0 (TID 44616)
17/02/01 23:11:49 INFO storage.ShuffleBlockFetcherIterator: Getting 112 non-empty blocks out of 1920 blocks
17/02/01 23:11:49 INFO storage.ShuffleBlockFetcherIterator: Started 4 remote fetches in 1 ms
17/02/01 23:11:49 INFO python.PythonRunner: Times: total = 12, boot = 2, init = 0, finish = 10
17/02/01 23:11:49 INFO executor.Executor: Finished task 387.0 in stage 239.0 (TID 44605). 1344 bytes result sent to driver
17/02/01 23:11:49 INFO storage.ShuffleBlockFetcherIterator: Getting 115 non-empty blocks out of 1920 blocks
17/02/01 23:11:49 INFO executor.CoarseGrainedExecutorBackend: Got assigned task 44621
17/02/01 23:11:49 INFO executor.Executor: Running task 403.0 in stage 239.0 (TID 44621)
17/02/01 23:11:49 INFO storage.ShuffleBlockFetcherIterator: Started 4 remote fetches in 1 ms
17/02/01 23:11:49 INFO storage.ShuffleBlockFetcherIterator: Getting 115 non-empty blocks out of 1920 blocks
17/02/01 23:11:49 INFO storage.ShuffleBlockFetcherIterator: Started 4 remote fetches in 1 ms
17/02/01 23:11:49 INFO python.PythonRunner: Times: total = 52, boot = 11, init = 0, finish = 41
17/02/01 23:11:49 INFO executor.Executor: Finished task 367.0 in stage 239.0 (TID 44585). 1344 bytes result sent to driver
17/02/01 23:11:49 INFO executor.CoarseGrainedExecutorBackend: Got assigned task 44626
17/02/01 23:11:49 INFO executor.Executor: Running task 408.0 in stage 239.0 (TID 44626)
17/02/01 23:11:49 INFO storage.ShuffleBlockFetcherIterator: Getting 113 non-empty blocks out of 1920 blocks
17/02/01 23:11:49 INFO storage.ShuffleBlockFetcherIterator: Started 4 remote fetches in 1 ms
17/02/01 23:11:49 INFO python.PythonRunner: Times: total = 15, boot = 10, init = 1, finish = 4
17/02/01 23:11:49 INFO executor.Executor: Finished task 397.0 in stage 239.0 (TID 44615). 1344 bytes result sent to driver
