17/02/02 00:27:47 INFO executor.CoarseGrainedExecutorBackend: Got assigned task 69777
17/02/02 00:27:47 INFO executor.Executor: Running task 1643.0 in stage 365.0 (TID 69777)
17/02/02 00:27:47 INFO storage.ShuffleBlockFetcherIterator: Getting 111 non-empty blocks out of 1920 blocks
17/02/02 00:27:47 INFO storage.ShuffleBlockFetcherIterator: Started 4 remote fetches in 0 ms
17/02/02 00:27:47 INFO python.PythonRunner: Times: total = 6, boot = -12, init = 14, finish = 4
17/02/02 00:27:47 INFO executor.Executor: Finished task 1640.0 in stage 365.0 (TID 69774). 1344 bytes result sent to driver
17/02/02 00:27:47 INFO executor.CoarseGrainedExecutorBackend: Got assigned task 69790
17/02/02 00:27:47 INFO executor.Executor: Running task 1656.0 in stage 365.0 (TID 69790)
17/02/02 00:27:47 INFO storage.ShuffleBlockFetcherIterator: Getting 113 non-empty blocks out of 1920 blocks
17/02/02 00:27:47 INFO storage.ShuffleBlockFetcherIterator: Started 4 remote fetches in 0 ms
17/02/02 00:27:47 INFO python.PythonRunner: Times: total = 45, boot = -32, init = 33, finish = 44
17/02/02 00:27:47 INFO executor.Executor: Finished task 1623.0 in stage 365.0 (TID 69757). 1344 bytes result sent to driver
17/02/02 00:27:47 INFO executor.CoarseGrainedExecutorBackend: Got assigned task 69791
17/02/02 00:27:47 INFO executor.Executor: Running task 1657.0 in stage 365.0 (TID 69791)
17/02/02 00:27:47 INFO storage.ShuffleBlockFetcherIterator: Getting 112 non-empty blocks out of 1920 blocks
17/02/02 00:27:47 INFO storage.ShuffleBlockFetcherIterator: Started 4 remote fetches in 1 ms
17/02/02 00:27:47 INFO python.PythonRunner: Times: total = 43, boot = -32, init = 33, finish = 42
17/02/02 00:27:47 INFO executor.Executor: Finished task 1626.0 in stage 365.0 (TID 69760). 1344 bytes result sent to driver
17/02/02 00:27:47 INFO executor.CoarseGrainedExecutorBackend: Got assigned task 69793
17/02/02 00:27:47 INFO executor.Executor: Running task 1659.0 in stage 365.0 (TID 69793)
17/02/02 00:27:47 INFO storage.ShuffleBlockFetcherIterator: Getting 113 non-empty blocks out of 1920 blocks
17/02/02 00:27:47 INFO storage.ShuffleBlockFetcherIterator: Started 4 remote fetches in 1 ms
17/02/02 00:27:47 INFO python.PythonRunner: Times: total = 43, boot = -36, init = 37, finish = 42
17/02/02 00:27:47 INFO executor.Executor: Finished task 1630.0 in stage 365.0 (TID 69764). 1344 bytes result sent to driver
17/02/02 00:27:47 INFO executor.CoarseGrainedExecutorBackend: Got assigned task 69797
17/02/02 00:27:47 INFO executor.Executor: Running task 1663.0 in stage 365.0 (TID 69797)
17/02/02 00:27:47 INFO storage.ShuffleBlockFetcherIterator: Getting 111 non-empty blocks out of 1920 blocks
17/02/02 00:27:47 INFO storage.ShuffleBlockFetcherIterator: Started 4 remote fetches in 1 ms
17/02/02 00:27:47 INFO python.PythonRunner: Times: total = 44, boot = -10, init = 11, finish = 43
17/02/02 00:27:47 INFO executor.Executor: Finished task 1635.0 in stage 365.0 (TID 69769). 1344 bytes result sent to driver
17/02/02 00:27:47 INFO executor.CoarseGrainedExecutorBackend: Got assigned task 69804
17/02/02 00:27:47 INFO executor.Executor: Running task 1670.0 in stage 365.0 (TID 69804)
17/02/02 00:27:47 INFO storage.ShuffleBlockFetcherIterator: Getting 114 non-empty blocks out of 1920 blocks
17/02/02 00:27:47 INFO storage.ShuffleBlockFetcherIterator: Started 4 remote fetches in 1 ms
17/02/02 00:27:47 INFO python.PythonRunner: Times: total = 44, boot = -16, init = 17, finish = 43
17/02/02 00:27:47 INFO executor.Executor: Finished task 1643.0 in stage 365.0 (TID 69777). 1344 bytes result sent to driver
17/02/02 00:27:47 INFO executor.CoarseGrainedExecutorBackend: Got assigned task 69809
17/02/02 00:27:47 INFO executor.Executor: Running task 1675.0 in stage 365.0 (TID 69809)
17/02/02 00:27:47 INFO storage.ShuffleBlockFetcherIterator: Getting 113 non-empty blocks out of 1920 blocks
17/02/02 00:27:47 INFO storage.ShuffleBlockFetcherIterator: Started 4 remote fetches in 0 ms
17/02/02 00:27:47 INFO python.PythonRunner: Times: total = 42, boot = -17, init = 18, finish = 41
17/02/02 00:27:47 INFO executor.Executor: Finished task 1656.0 in stage 365.0 (TID 69790). 1344 bytes result sent to driver
17/02/02 00:27:47 INFO executor.CoarseGrainedExecutorBackend: Got assigned task 69812
17/02/02 00:27:47 INFO executor.Executor: Running task 1678.0 in stage 365.0 (TID 69812)
17/02/02 00:27:47 INFO storage.ShuffleBlockFetcherIterator: Getting 114 non-empty blocks out of 1920 blocks
17/02/02 00:27:47 INFO storage.ShuffleBlockFetcherIterator: Started 4 remote fetches in 1 ms
17/02/02 00:27:47 INFO python.PythonRunner: Times: total = 44, boot = -19, init = 21, finish = 42
17/02/02 00:27:47 INFO executor.Executor: Finished task 1657.0 in stage 365.0 (TID 69791). 1344 bytes result sent to driver
17/02/02 00:27:47 INFO executor.CoarseGrainedExecutorBackend: Got assigned task 69820
17/02/02 00:27:47 INFO executor.Executor: Running task 1686.0 in stage 365.0 (TID 69820)
17/02/02 00:27:47 INFO storage.ShuffleBlockFetcherIterator: Getting 109 non-empty blocks out of 1920 blocks
17/02/02 00:27:47 INFO storage.ShuffleBlockFetcherIterator: Started 4 remote fetches in 0 ms
17/02/02 00:27:47 INFO python.PythonRunner: Times: total = 44, boot = -26, init = 27, finish = 43
17/02/02 00:27:47 INFO executor.Executor: Finished task 1659.0 in stage 365.0 (TID 69793). 1344 bytes result sent to driver
17/02/02 00:27:47 INFO executor.CoarseGrainedExecutorBackend: Got assigned task 69822
17/02/02 00:27:47 INFO executor.Executor: Running task 1688.0 in stage 365.0 (TID 69822)
17/02/02 00:27:47 INFO python.PythonRunner: Times: total = 44, boot = -14, init = 15, finish = 43
17/02/02 00:27:47 INFO executor.Executor: Finished task 1663.0 in stage 365.0 (TID 69797). 1344 bytes result sent to driver
17/02/02 00:27:47 INFO storage.ShuffleBlockFetcherIterator: Getting 111 non-empty blocks out of 1920 blocks
17/02/02 00:27:47 INFO executor.CoarseGrainedExecutorBackend: Got assigned task 69825
17/02/02 00:27:47 INFO executor.Executor: Running task 1691.0 in stage 365.0 (TID 69825)
17/02/02 00:27:47 INFO storage.ShuffleBlockFetcherIterator: Started 4 remote fetches in 0 ms
17/02/02 00:27:47 INFO storage.ShuffleBlockFetcherIterator: Getting 113 non-empty blocks out of 1920 blocks
17/02/02 00:27:47 INFO storage.ShuffleBlockFetcherIterator: Started 4 remote fetches in 0 ms
17/02/02 00:27:47 INFO python.PythonRunner: Times: total = 44, boot = -20, init = 21, finish = 43
17/02/02 00:27:47 INFO executor.Executor: Finished task 1670.0 in stage 365.0 (TID 69804). 1344 bytes result sent to driver
17/02/02 00:27:47 INFO executor.CoarseGrainedExecutorBackend: Got assigned task 69832
17/02/02 00:27:47 INFO executor.Executor: Running task 1698.0 in stage 365.0 (TID 69832)
17/02/02 00:27:47 INFO storage.ShuffleBlockFetcherIterator: Getting 113 non-empty blocks out of 1920 blocks
17/02/02 00:27:47 INFO storage.ShuffleBlockFetcherIterator: Started 4 remote fetches in 0 ms
17/02/02 00:27:47 INFO python.PythonRunner: Times: total = 45, boot = -25, init = 27, finish = 43
17/02/02 00:27:47 INFO executor.Executor: Finished task 1675.0 in stage 365.0 (TID 69809). 1344 bytes result sent to driver
17/02/02 00:27:47 INFO executor.CoarseGrainedExecutorBackend: Got assigned task 69835
17/02/02 00:27:47 INFO executor.Executor: Running task 1701.0 in stage 365.0 (TID 69835)
17/02/02 00:27:47 INFO storage.ShuffleBlockFetcherIterator: Getting 107 non-empty blocks out of 1920 blocks
17/02/02 00:27:47 INFO storage.ShuffleBlockFetcherIterator: Started 4 remote fetches in 1 ms
17/02/02 00:27:47 INFO python.PythonRunner: Times: total = 44, boot = -27, init = 29, finish = 42
17/02/02 00:27:47 INFO executor.Executor: Finished task 1678.0 in stage 365.0 (TID 69812). 1344 bytes result sent to driver
17/02/02 00:27:47 INFO executor.CoarseGrainedExecutorBackend: Got assigned task 69838
17/02/02 00:27:47 INFO executor.Executor: Running task 1704.0 in stage 365.0 (TID 69838)
17/02/02 00:27:47 INFO storage.ShuffleBlockFetcherIterator: Getting 112 non-empty blocks out of 1920 blocks
17/02/02 00:27:47 INFO storage.ShuffleBlockFetcherIterator: Started 4 remote fetches in 1 ms
17/02/02 00:27:47 INFO python.PythonRunner: Times: total = 186, boot = -30, init = 31, finish = 185
17/02/02 00:27:47 INFO executor.Executor: Finished task 1686.0 in stage 365.0 (TID 69820). 1344 bytes result sent to driver
17/02/02 00:27:47 INFO executor.CoarseGrainedExecutorBackend: Got assigned task 69846
17/02/02 00:27:47 INFO executor.Executor: Running task 1712.0 in stage 365.0 (TID 69846)
17/02/02 00:27:47 INFO python.PythonRunner: Times: total = 185, boot = -36, init = 37, finish = 184
17/02/02 00:27:47 INFO executor.Executor: Finished task 1688.0 in stage 365.0 (TID 69822). 1344 bytes result sent to driver
17/02/02 00:27:47 INFO storage.ShuffleBlockFetcherIterator: Getting 112 non-empty blocks out of 1920 blocks
17/02/02 00:27:47 INFO storage.ShuffleBlockFetcherIterator: Started 4 remote fetches in 1 ms
17/02/02 00:27:47 INFO executor.CoarseGrainedExecutorBackend: Got assigned task 69848
17/02/02 00:27:47 INFO executor.Executor: Running task 1714.0 in stage 365.0 (TID 69848)
17/02/02 00:27:47 INFO python.PythonRunner: Times: total = 187, boot = -32, init = 33, finish = 186
17/02/02 00:27:47 INFO executor.Executor: Finished task 1691.0 in stage 365.0 (TID 69825). 1344 bytes result sent to driver
17/02/02 00:27:47 INFO storage.ShuffleBlockFetcherIterator: Getting 111 non-empty blocks out of 1920 blocks
17/02/02 00:27:47 INFO storage.ShuffleBlockFetcherIterator: Started 4 remote fetches in 1 ms
17/02/02 00:27:47 INFO executor.CoarseGrainedExecutorBackend: Got assigned task 69852
17/02/02 00:27:47 INFO executor.Executor: Running task 1718.0 in stage 365.0 (TID 69852)
17/02/02 00:27:47 INFO python.PythonRunner: Times: total = 174, boot = -35, init = 37, finish = 172
17/02/02 00:27:47 INFO storage.ShuffleBlockFetcherIterator: Getting 113 non-empty blocks out of 1920 blocks
