17/02/02 00:27:11 INFO executor.Executor: Running task 967.0 in stage 347.0 (TID 63371)
17/02/02 00:27:11 INFO storage.ShuffleBlockFetcherIterator: Getting 963 non-empty blocks out of 1890 blocks
17/02/02 00:27:11 INFO storage.ShuffleBlockFetcherIterator: Started 4 remote fetches in 2 ms
17/02/02 00:27:11 INFO python.PythonRunner: Times: total = 157, boot = -208, init = 209, finish = 156
17/02/02 00:27:11 INFO executor.Executor: Finished task 947.0 in stage 347.0 (TID 63351). 1251 bytes result sent to driver
17/02/02 00:27:11 INFO executor.CoarseGrainedExecutorBackend: Got assigned task 63381
17/02/02 00:27:11 INFO executor.Executor: Running task 977.0 in stage 347.0 (TID 63381)
17/02/02 00:27:11 INFO python.PythonRunner: Times: total = 156, boot = -180, init = 181, finish = 155
17/02/02 00:27:11 INFO executor.Executor: Finished task 949.0 in stage 347.0 (TID 63353). 1251 bytes result sent to driver
17/02/02 00:27:11 INFO storage.ShuffleBlockFetcherIterator: Getting 934 non-empty blocks out of 1890 blocks
17/02/02 00:27:11 INFO executor.CoarseGrainedExecutorBackend: Got assigned task 63383
17/02/02 00:27:11 INFO executor.Executor: Running task 979.0 in stage 347.0 (TID 63383)
17/02/02 00:27:11 INFO storage.ShuffleBlockFetcherIterator: Started 3 remote fetches in 3 ms
17/02/02 00:27:11 INFO storage.ShuffleBlockFetcherIterator: Getting 952 non-empty blocks out of 1890 blocks
17/02/02 00:27:11 INFO storage.ShuffleBlockFetcherIterator: Started 3 remote fetches in 2 ms
17/02/02 00:27:11 INFO python.PythonRunner: Times: total = 135, boot = -149, init = 150, finish = 134
17/02/02 00:27:11 INFO executor.Executor: Finished task 959.0 in stage 347.0 (TID 63363). 1251 bytes result sent to driver
17/02/02 00:27:11 INFO executor.CoarseGrainedExecutorBackend: Got assigned task 63390
17/02/02 00:27:11 INFO executor.Executor: Running task 986.0 in stage 347.0 (TID 63390)
17/02/02 00:27:11 INFO python.PythonRunner: Times: total = 161, boot = -164, init = 165, finish = 160
17/02/02 00:27:11 INFO executor.Executor: Finished task 953.0 in stage 347.0 (TID 63357). 1251 bytes result sent to driver
17/02/02 00:27:11 INFO storage.ShuffleBlockFetcherIterator: Getting 953 non-empty blocks out of 1890 blocks
17/02/02 00:27:11 INFO executor.CoarseGrainedExecutorBackend: Got assigned task 63392
17/02/02 00:27:11 INFO executor.Executor: Running task 988.0 in stage 347.0 (TID 63392)
17/02/02 00:27:11 INFO storage.ShuffleBlockFetcherIterator: Started 3 remote fetches in 3 ms
17/02/02 00:27:11 INFO storage.ShuffleBlockFetcherIterator: Getting 956 non-empty blocks out of 1890 blocks
17/02/02 00:27:11 INFO storage.ShuffleBlockFetcherIterator: Started 3 remote fetches in 3 ms
17/02/02 00:27:11 INFO python.PythonRunner: Times: total = 151, boot = -143, init = 143, finish = 151
17/02/02 00:27:11 INFO executor.Executor: Finished task 963.0 in stage 347.0 (TID 63367). 1251 bytes result sent to driver
17/02/02 00:27:11 INFO executor.CoarseGrainedExecutorBackend: Got assigned task 63399
17/02/02 00:27:11 INFO executor.Executor: Running task 995.0 in stage 347.0 (TID 63399)
17/02/02 00:27:11 INFO storage.ShuffleBlockFetcherIterator: Getting 958 non-empty blocks out of 1890 blocks
17/02/02 00:27:11 INFO storage.ShuffleBlockFetcherIterator: Started 3 remote fetches in 3 ms
17/02/02 00:27:11 INFO python.PythonRunner: Times: total = 157, boot = -132, init = 133, finish = 156
17/02/02 00:27:11 INFO executor.Executor: Finished task 967.0 in stage 347.0 (TID 63371). 1251 bytes result sent to driver
17/02/02 00:27:11 INFO executor.CoarseGrainedExecutorBackend: Got assigned task 63403
17/02/02 00:27:11 INFO executor.Executor: Running task 999.0 in stage 347.0 (TID 63403)
17/02/02 00:27:11 INFO storage.ShuffleBlockFetcherIterator: Getting 941 non-empty blocks out of 1890 blocks
17/02/02 00:27:11 INFO storage.ShuffleBlockFetcherIterator: Started 3 remote fetches in 2 ms
17/02/02 00:27:11 INFO python.PythonRunner: Times: total = 109, boot = -157, init = 158, finish = 108
17/02/02 00:27:11 INFO executor.Executor: Finished task 977.0 in stage 347.0 (TID 63381). 1251 bytes result sent to driver
17/02/02 00:27:11 INFO executor.CoarseGrainedExecutorBackend: Got assigned task 63406
17/02/02 00:27:11 INFO executor.Executor: Running task 1002.0 in stage 347.0 (TID 63406)
17/02/02 00:27:11 INFO storage.ShuffleBlockFetcherIterator: Getting 955 non-empty blocks out of 1890 blocks
17/02/02 00:27:11 INFO storage.ShuffleBlockFetcherIterator: Started 3 remote fetches in 2 ms
17/02/02 00:27:11 INFO python.PythonRunner: Times: total = 161, boot = -149, init = 150, finish = 160
17/02/02 00:27:11 INFO executor.Executor: Finished task 979.0 in stage 347.0 (TID 63383). 1251 bytes result sent to driver
17/02/02 00:27:11 INFO executor.CoarseGrainedExecutorBackend: Got assigned task 63415
17/02/02 00:27:11 INFO executor.Executor: Running task 1011.0 in stage 347.0 (TID 63415)
17/02/02 00:27:11 INFO storage.ShuffleBlockFetcherIterator: Getting 919 non-empty blocks out of 1890 blocks
17/02/02 00:27:11 INFO storage.ShuffleBlockFetcherIterator: Started 3 remote fetches in 2 ms
17/02/02 00:27:11 INFO python.PythonRunner: Times: total = 154, boot = -139, init = 140, finish = 153
17/02/02 00:27:11 INFO executor.Executor: Finished task 988.0 in stage 347.0 (TID 63392). 1251 bytes result sent to driver
17/02/02 00:27:11 INFO executor.CoarseGrainedExecutorBackend: Got assigned task 63420
17/02/02 00:27:11 INFO executor.Executor: Running task 1016.0 in stage 347.0 (TID 63420)
17/02/02 00:27:11 INFO storage.ShuffleBlockFetcherIterator: Getting 953 non-empty blocks out of 1890 blocks
17/02/02 00:27:11 INFO storage.ShuffleBlockFetcherIterator: Started 3 remote fetches in 2 ms
17/02/02 00:27:11 INFO python.PythonRunner: Times: total = 166, boot = -155, init = 156, finish = 165
17/02/02 00:27:11 INFO executor.Executor: Finished task 986.0 in stage 347.0 (TID 63390). 1251 bytes result sent to driver
17/02/02 00:27:11 INFO executor.CoarseGrainedExecutorBackend: Got assigned task 63421
17/02/02 00:27:11 INFO executor.Executor: Running task 1017.0 in stage 347.0 (TID 63421)
17/02/02 00:27:11 INFO storage.ShuffleBlockFetcherIterator: Getting 954 non-empty blocks out of 1890 blocks
17/02/02 00:27:11 INFO storage.ShuffleBlockFetcherIterator: Started 3 remote fetches in 3 ms
17/02/02 00:27:11 INFO python.PythonRunner: Times: total = 168, boot = -148, init = 148, finish = 168
17/02/02 00:27:11 INFO executor.Executor: Finished task 995.0 in stage 347.0 (TID 63399). 1251 bytes result sent to driver
17/02/02 00:27:11 INFO python.PythonRunner: Times: total = 147, boot = -105, init = 106, finish = 146
17/02/02 00:27:11 INFO executor.Executor: Finished task 1002.0 in stage 347.0 (TID 63406). 1251 bytes result sent to driver
17/02/02 00:27:11 INFO python.PythonRunner: Times: total = 166, boot = -147, init = 148, finish = 165
17/02/02 00:27:11 INFO executor.Executor: Finished task 999.0 in stage 347.0 (TID 63403). 1251 bytes result sent to driver
17/02/02 00:27:11 INFO python.PythonRunner: Times: total = 116, boot = -154, init = 155, finish = 115
17/02/02 00:27:11 INFO executor.Executor: Finished task 1011.0 in stage 347.0 (TID 63415). 1251 bytes result sent to driver
17/02/02 00:27:11 INFO executor.CoarseGrainedExecutorBackend: Got assigned task 63430
17/02/02 00:27:11 INFO executor.Executor: Running task 1026.0 in stage 347.0 (TID 63430)
17/02/02 00:27:11 INFO executor.CoarseGrainedExecutorBackend: Got assigned task 63433
17/02/02 00:27:11 INFO executor.Executor: Running task 1029.0 in stage 347.0 (TID 63433)
17/02/02 00:27:11 INFO executor.CoarseGrainedExecutorBackend: Got assigned task 63436
17/02/02 00:27:11 INFO executor.Executor: Running task 1032.0 in stage 347.0 (TID 63436)
17/02/02 00:27:11 INFO executor.CoarseGrainedExecutorBackend: Got assigned task 63439
17/02/02 00:27:11 INFO executor.Executor: Running task 1035.0 in stage 347.0 (TID 63439)
17/02/02 00:27:11 INFO storage.ShuffleBlockFetcherIterator: Getting 950 non-empty blocks out of 1890 blocks
17/02/02 00:27:11 INFO storage.ShuffleBlockFetcherIterator: Getting 934 non-empty blocks out of 1890 blocks
17/02/02 00:27:11 INFO storage.ShuffleBlockFetcherIterator: Getting 943 non-empty blocks out of 1890 blocks
17/02/02 00:27:11 INFO storage.ShuffleBlockFetcherIterator: Started 3 remote fetches in 2 ms
17/02/02 00:27:11 INFO storage.ShuffleBlockFetcherIterator: Started 3 remote fetches in 1 ms
17/02/02 00:27:11 INFO storage.ShuffleBlockFetcherIterator: Started 3 remote fetches in 3 ms
17/02/02 00:27:11 INFO storage.ShuffleBlockFetcherIterator: Getting 936 non-empty blocks out of 1890 blocks
17/02/02 00:27:11 INFO python.PythonRunner: Times: total = 113, boot = -155, init = 156, finish = 112
17/02/02 00:27:11 INFO storage.ShuffleBlockFetcherIterator: Started 3 remote fetches in 4 ms
17/02/02 00:27:11 INFO executor.Executor: Finished task 1016.0 in stage 347.0 (TID 63420). 1251 bytes result sent to driver
17/02/02 00:27:11 INFO executor.CoarseGrainedExecutorBackend: Got assigned task 63442
17/02/02 00:27:11 INFO executor.Executor: Running task 1038.0 in stage 347.0 (TID 63442)
17/02/02 00:27:11 INFO storage.ShuffleBlockFetcherIterator: Getting 939 non-empty blocks out of 1890 blocks
17/02/02 00:27:11 INFO storage.ShuffleBlockFetcherIterator: Started 3 remote fetches in 3 ms
17/02/02 00:27:11 INFO python.PythonRunner: Times: total = 148, boot = -152, init = 153, finish = 147
17/02/02 00:27:11 INFO executor.Executor: Finished task 1017.0 in stage 347.0 (TID 63421). 1251 bytes result sent to driver
17/02/02 00:27:11 INFO executor.CoarseGrainedExecutorBackend: Got assigned task 63451
17/02/02 00:27:11 INFO executor.Executor: Running task 1047.0 in stage 347.0 (TID 63451)
17/02/02 00:27:11 INFO storage.ShuffleBlockFetcherIterator: Getting 939 non-empty blocks out of 1890 blocks
17/02/02 00:27:11 INFO storage.ShuffleBlockFetcherIterator: Started 3 remote fetches in 2 ms
17/02/02 00:27:11 INFO python.PythonRunner: Times: total = 102, boot = -180, init = 180, finish = 102
