17/02/02 00:13:20 INFO executor.Executor: Finished task 258.0 in stage 314.0 (TID 53628). 1928 bytes result sent to driver
17/02/02 00:13:20 INFO executor.CoarseGrainedExecutorBackend: Got assigned task 53646
17/02/02 00:13:20 INFO executor.Executor: Running task 272.0 in stage 314.0 (TID 53646)
17/02/02 00:13:20 INFO storage.ShuffleBlockFetcherIterator: Getting 45 non-empty blocks out of 480 blocks
17/02/02 00:13:20 INFO storage.ShuffleBlockFetcherIterator: Started 4 remote fetches in 1 ms
17/02/02 00:13:20 INFO executor.Executor: Finished task 259.0 in stage 314.0 (TID 53630). 1928 bytes result sent to driver
17/02/02 00:13:20 INFO executor.CoarseGrainedExecutorBackend: Got assigned task 53647
17/02/02 00:13:20 INFO executor.Executor: Running task 273.0 in stage 314.0 (TID 53647)
17/02/02 00:13:20 INFO storage.ShuffleBlockFetcherIterator: Getting 45 non-empty blocks out of 480 blocks
17/02/02 00:13:20 INFO storage.ShuffleBlockFetcherIterator: Started 4 remote fetches in 1 ms
17/02/02 00:13:20 INFO executor.Executor: Finished task 256.0 in stage 314.0 (TID 53625). 1928 bytes result sent to driver
17/02/02 00:13:20 INFO executor.CoarseGrainedExecutorBackend: Got assigned task 53650
17/02/02 00:13:20 INFO executor.Executor: Running task 275.0 in stage 314.0 (TID 53650)
17/02/02 00:13:20 INFO storage.ShuffleBlockFetcherIterator: Getting 45 non-empty blocks out of 480 blocks
17/02/02 00:13:20 INFO storage.ShuffleBlockFetcherIterator: Started 3 remote fetches in 0 ms
17/02/02 00:13:20 INFO executor.Executor: Finished task 253.0 in stage 314.0 (TID 53624). 1928 bytes result sent to driver
17/02/02 00:13:20 INFO executor.CoarseGrainedExecutorBackend: Got assigned task 53651
17/02/02 00:13:20 INFO executor.Executor: Running task 277.0 in stage 314.0 (TID 53651)
17/02/02 00:13:20 INFO storage.ShuffleBlockFetcherIterator: Getting 45 non-empty blocks out of 480 blocks
17/02/02 00:13:20 INFO storage.ShuffleBlockFetcherIterator: Started 3 remote fetches in 0 ms
17/02/02 00:13:20 INFO executor.Executor: Finished task 263.0 in stage 314.0 (TID 53633). 1928 bytes result sent to driver
17/02/02 00:13:20 INFO executor.CoarseGrainedExecutorBackend: Got assigned task 53654
17/02/02 00:13:20 INFO executor.Executor: Running task 282.0 in stage 314.0 (TID 53654)
17/02/02 00:13:20 INFO storage.ShuffleBlockFetcherIterator: Getting 45 non-empty blocks out of 480 blocks
17/02/02 00:13:20 INFO storage.ShuffleBlockFetcherIterator: Started 3 remote fetches in 1 ms
17/02/02 00:13:20 INFO python.PythonRunner: Times: total = 320, boot = -651, init = 653, finish = 318
17/02/02 00:13:20 INFO python.PythonRunner: Times: total = 313, boot = -576, init = 577, finish = 312
17/02/02 00:13:20 INFO python.PythonRunner: Times: total = 324, boot = -663, init = 664, finish = 323
17/02/02 00:13:20 INFO python.PythonRunner: Times: total = 318, boot = -259, init = 261, finish = 316
17/02/02 00:13:20 INFO python.PythonRunner: Times: total = 300, boot = -263, init = 265, finish = 298
17/02/02 00:13:20 INFO executor.Executor: Finished task 272.0 in stage 314.0 (TID 53646). 1928 bytes result sent to driver
17/02/02 00:13:20 INFO executor.CoarseGrainedExecutorBackend: Got assigned task 53668
17/02/02 00:13:20 INFO executor.Executor: Running task 289.0 in stage 314.0 (TID 53668)
17/02/02 00:13:20 INFO storage.ShuffleBlockFetcherIterator: Getting 45 non-empty blocks out of 480 blocks
17/02/02 00:13:20 INFO storage.ShuffleBlockFetcherIterator: Started 3 remote fetches in 0 ms
17/02/02 00:13:20 INFO executor.Executor: Finished task 271.0 in stage 314.0 (TID 53645). 1928 bytes result sent to driver
17/02/02 00:13:20 INFO executor.CoarseGrainedExecutorBackend: Got assigned task 53669
17/02/02 00:13:20 INFO executor.Executor: Running task 294.0 in stage 314.0 (TID 53669)
17/02/02 00:13:20 INFO storage.ShuffleBlockFetcherIterator: Getting 45 non-empty blocks out of 480 blocks
17/02/02 00:13:20 INFO storage.ShuffleBlockFetcherIterator: Started 3 remote fetches in 0 ms
17/02/02 00:13:20 INFO executor.Executor: Finished task 273.0 in stage 314.0 (TID 53647). 1928 bytes result sent to driver
17/02/02 00:13:20 INFO executor.CoarseGrainedExecutorBackend: Got assigned task 53671
17/02/02 00:13:20 INFO executor.Executor: Running task 296.0 in stage 314.0 (TID 53671)
17/02/02 00:13:20 INFO python.PythonRunner: Times: total = 447, boot = -292, init = 293, finish = 446
17/02/02 00:13:20 INFO storage.ShuffleBlockFetcherIterator: Getting 45 non-empty blocks out of 480 blocks
17/02/02 00:13:20 INFO storage.ShuffleBlockFetcherIterator: Started 3 remote fetches in 0 ms
17/02/02 00:13:20 INFO executor.Executor: Finished task 277.0 in stage 314.0 (TID 53651). 1928 bytes result sent to driver
17/02/02 00:13:20 INFO executor.CoarseGrainedExecutorBackend: Got assigned task 53675
17/02/02 00:13:20 INFO executor.Executor: Running task 301.0 in stage 314.0 (TID 53675)
17/02/02 00:13:20 INFO storage.ShuffleBlockFetcherIterator: Getting 45 non-empty blocks out of 480 blocks
17/02/02 00:13:20 INFO storage.ShuffleBlockFetcherIterator: Started 3 remote fetches in 0 ms
17/02/02 00:13:20 INFO executor.Executor: Finished task 275.0 in stage 314.0 (TID 53650). 1928 bytes result sent to driver
17/02/02 00:13:20 INFO executor.CoarseGrainedExecutorBackend: Got assigned task 53676
17/02/02 00:13:20 INFO executor.Executor: Running task 302.0 in stage 314.0 (TID 53676)
17/02/02 00:13:20 INFO storage.ShuffleBlockFetcherIterator: Getting 45 non-empty blocks out of 480 blocks
17/02/02 00:13:20 INFO storage.ShuffleBlockFetcherIterator: Started 4 remote fetches in 0 ms
17/02/02 00:13:20 INFO executor.Executor: Finished task 282.0 in stage 314.0 (TID 53654). 1928 bytes result sent to driver
17/02/02 00:13:20 INFO executor.CoarseGrainedExecutorBackend: Got assigned task 53680
17/02/02 00:13:20 INFO executor.Executor: Running task 303.0 in stage 314.0 (TID 53680)
17/02/02 00:13:20 INFO storage.ShuffleBlockFetcherIterator: Getting 45 non-empty blocks out of 480 blocks
17/02/02 00:13:20 INFO storage.ShuffleBlockFetcherIterator: Started 4 remote fetches in 0 ms
17/02/02 00:13:20 INFO python.PythonRunner: Times: total = 324, boot = -642, init = 644, finish = 322
17/02/02 00:13:20 INFO python.PythonRunner: Times: total = 338, boot = -607, init = 608, finish = 337
17/02/02 00:13:21 INFO python.PythonRunner: Times: total = 316, boot = -657, init = 658, finish = 315
17/02/02 00:13:21 INFO python.PythonRunner: Times: total = 308, boot = -313, init = 314, finish = 307
17/02/02 00:13:21 INFO executor.Executor: Finished task 289.0 in stage 314.0 (TID 53668). 1928 bytes result sent to driver
17/02/02 00:13:21 INFO executor.CoarseGrainedExecutorBackend: Got assigned task 53689
17/02/02 00:13:21 INFO executor.Executor: Running task 318.0 in stage 314.0 (TID 53689)
17/02/02 00:13:21 INFO storage.ShuffleBlockFetcherIterator: Getting 45 non-empty blocks out of 480 blocks
17/02/02 00:13:21 INFO storage.ShuffleBlockFetcherIterator: Started 3 remote fetches in 1 ms
17/02/02 00:13:21 INFO python.PythonRunner: Times: total = 388, boot = -288, init = 289, finish = 387
17/02/02 00:13:21 INFO python.PythonRunner: Times: total = 276, boot = -409, init = 411, finish = 274
17/02/02 00:13:21 INFO executor.Executor: Finished task 294.0 in stage 314.0 (TID 53669). 1928 bytes result sent to driver
17/02/02 00:13:21 INFO executor.CoarseGrainedExecutorBackend: Got assigned task 53692
17/02/02 00:13:21 INFO executor.Executor: Running task 319.0 in stage 314.0 (TID 53692)
17/02/02 00:13:21 INFO storage.ShuffleBlockFetcherIterator: Getting 45 non-empty blocks out of 480 blocks
17/02/02 00:13:21 INFO storage.ShuffleBlockFetcherIterator: Started 3 remote fetches in 1 ms
17/02/02 00:13:21 INFO executor.Executor: Finished task 301.0 in stage 314.0 (TID 53675). 1928 bytes result sent to driver
17/02/02 00:13:21 INFO executor.CoarseGrainedExecutorBackend: Got assigned task 53694
17/02/02 00:13:21 INFO executor.Executor: Running task 321.0 in stage 314.0 (TID 53694)
17/02/02 00:13:21 INFO storage.ShuffleBlockFetcherIterator: Getting 45 non-empty blocks out of 480 blocks
17/02/02 00:13:21 INFO storage.ShuffleBlockFetcherIterator: Started 3 remote fetches in 1 ms
17/02/02 00:13:21 INFO executor.Executor: Finished task 296.0 in stage 314.0 (TID 53671). 1928 bytes result sent to driver
17/02/02 00:13:21 INFO executor.CoarseGrainedExecutorBackend: Got assigned task 53696
17/02/02 00:13:21 INFO executor.Executor: Running task 322.0 in stage 314.0 (TID 53696)
17/02/02 00:13:21 INFO storage.ShuffleBlockFetcherIterator: Getting 45 non-empty blocks out of 480 blocks
17/02/02 00:13:21 INFO storage.ShuffleBlockFetcherIterator: Started 3 remote fetches in 0 ms
17/02/02 00:13:21 INFO executor.Executor: Finished task 302.0 in stage 314.0 (TID 53676). 1928 bytes result sent to driver
17/02/02 00:13:21 INFO executor.CoarseGrainedExecutorBackend: Got assigned task 53700
17/02/02 00:13:21 INFO executor.Executor: Running task 324.0 in stage 314.0 (TID 53700)
17/02/02 00:13:21 INFO storage.ShuffleBlockFetcherIterator: Getting 45 non-empty blocks out of 480 blocks
17/02/02 00:13:21 INFO storage.ShuffleBlockFetcherIterator: Started 3 remote fetches in 1 ms
17/02/02 00:13:21 INFO executor.Executor: Finished task 303.0 in stage 314.0 (TID 53680). 1928 bytes result sent to driver
17/02/02 00:13:21 INFO executor.CoarseGrainedExecutorBackend: Got assigned task 53702
17/02/02 00:13:21 INFO executor.Executor: Running task 326.0 in stage 314.0 (TID 53702)
17/02/02 00:13:21 INFO storage.ShuffleBlockFetcherIterator: Getting 45 non-empty blocks out of 480 blocks
17/02/02 00:13:21 INFO storage.ShuffleBlockFetcherIterator: Started 3 remote fetches in 0 ms
17/02/02 00:13:21 INFO python.PythonRunner: Times: total = 318, boot = -608, init = 609, finish = 317
17/02/02 00:13:21 INFO python.PythonRunner: Times: total = 276, boot = -651, init = 652, finish = 275
17/02/02 00:13:21 INFO python.PythonRunner: Times: total = 274, boot = -279, init = 280, finish = 273
