17/02/02 00:26:15 INFO executor.Executor: Finished task 795.0 in stage 346.0 (TID 61309). 3348 bytes result sent to driver
17/02/02 00:26:15 INFO executor.CoarseGrainedExecutorBackend: Got assigned task 61319
17/02/02 00:26:15 INFO executor.Executor: Running task 805.0 in stage 346.0 (TID 61319)
17/02/02 00:26:15 INFO storage.ShuffleBlockFetcherIterator: Getting 495 non-empty blocks out of 930 blocks
17/02/02 00:26:15 INFO storage.ShuffleBlockFetcherIterator: Started 6 remote fetches in 2 ms
17/02/02 00:26:15 INFO python.PythonRunner: Times: total = 61, boot = -101, init = 101, finish = 61
17/02/02 00:26:15 INFO python.PythonRunner: Times: total = 154, boot = -65, init = 66, finish = 153
17/02/02 00:26:15 INFO executor.Executor: Finished task 796.0 in stage 346.0 (TID 61310). 3348 bytes result sent to driver
17/02/02 00:26:15 INFO executor.CoarseGrainedExecutorBackend: Got assigned task 61324
17/02/02 00:26:15 INFO executor.Executor: Running task 810.0 in stage 346.0 (TID 61324)
17/02/02 00:26:15 INFO storage.ShuffleBlockFetcherIterator: Getting 495 non-empty blocks out of 930 blocks
17/02/02 00:26:15 INFO storage.ShuffleBlockFetcherIterator: Started 6 remote fetches in 1 ms
17/02/02 00:26:15 INFO python.PythonRunner: Times: total = 30, boot = -125, init = 126, finish = 29
17/02/02 00:26:15 INFO executor.Executor: Finished task 800.0 in stage 346.0 (TID 61314). 3348 bytes result sent to driver
17/02/02 00:26:15 INFO executor.CoarseGrainedExecutorBackend: Got assigned task 61327
17/02/02 00:26:15 INFO executor.Executor: Running task 814.0 in stage 346.0 (TID 61327)
17/02/02 00:26:15 INFO python.PythonRunner: Times: total = 413, boot = -62, init = 63, finish = 412
17/02/02 00:26:15 INFO storage.ShuffleBlockFetcherIterator: Getting 495 non-empty blocks out of 930 blocks
17/02/02 00:26:15 INFO storage.ShuffleBlockFetcherIterator: Started 6 remote fetches in 1 ms
17/02/02 00:26:15 INFO python.PythonRunner: Times: total = 24, boot = -82, init = 83, finish = 23
17/02/02 00:26:15 INFO executor.Executor: Finished task 786.0 in stage 346.0 (TID 61301). 3348 bytes result sent to driver
17/02/02 00:26:15 INFO executor.CoarseGrainedExecutorBackend: Got assigned task 61329
17/02/02 00:26:15 INFO executor.Executor: Running task 815.0 in stage 346.0 (TID 61329)
17/02/02 00:26:15 INFO storage.ShuffleBlockFetcherIterator: Getting 495 non-empty blocks out of 930 blocks
17/02/02 00:26:15 INFO storage.ShuffleBlockFetcherIterator: Started 6 remote fetches in 1 ms
17/02/02 00:26:15 INFO python.PythonRunner: Times: total = 247, boot = -74, init = 76, finish = 245
17/02/02 00:26:15 INFO python.PythonRunner: Times: total = 23, boot = -73, init = 74, finish = 22
17/02/02 00:26:15 INFO executor.Executor: Finished task 801.0 in stage 346.0 (TID 61315). 3348 bytes result sent to driver
17/02/02 00:26:15 INFO executor.CoarseGrainedExecutorBackend: Got assigned task 61335
17/02/02 00:26:15 INFO executor.Executor: Running task 821.0 in stage 346.0 (TID 61335)
17/02/02 00:26:15 INFO storage.ShuffleBlockFetcherIterator: Getting 495 non-empty blocks out of 930 blocks
17/02/02 00:26:15 INFO storage.ShuffleBlockFetcherIterator: Started 6 remote fetches in 1 ms
17/02/02 00:26:15 INFO python.PythonRunner: Times: total = 120, boot = -85, init = 85, finish = 120
17/02/02 00:26:15 INFO python.PythonRunner: Times: total = 27, boot = -95, init = 96, finish = 26
17/02/02 00:26:15 INFO executor.Executor: Finished task 814.0 in stage 346.0 (TID 61327). 3348 bytes result sent to driver
17/02/02 00:26:15 INFO executor.CoarseGrainedExecutorBackend: Got assigned task 61340
17/02/02 00:26:15 INFO executor.Executor: Running task 825.0 in stage 346.0 (TID 61340)
17/02/02 00:26:15 INFO storage.ShuffleBlockFetcherIterator: Getting 495 non-empty blocks out of 930 blocks
17/02/02 00:26:15 INFO storage.ShuffleBlockFetcherIterator: Started 6 remote fetches in 2 ms
17/02/02 00:26:15 INFO python.PythonRunner: Times: total = 229, boot = -60, init = 61, finish = 228
17/02/02 00:26:15 INFO python.PythonRunner: Times: total = 35, boot = -165, init = 166, finish = 34
17/02/02 00:26:15 INFO executor.Executor: Finished task 815.0 in stage 346.0 (TID 61329). 3348 bytes result sent to driver
17/02/02 00:26:15 INFO executor.CoarseGrainedExecutorBackend: Got assigned task 61344
17/02/02 00:26:15 INFO executor.Executor: Running task 830.0 in stage 346.0 (TID 61344)
17/02/02 00:26:15 INFO storage.ShuffleBlockFetcherIterator: Getting 495 non-empty blocks out of 930 blocks
17/02/02 00:26:15 INFO storage.ShuffleBlockFetcherIterator: Started 5 remote fetches in 2 ms
17/02/02 00:26:15 INFO python.PythonRunner: Times: total = 228, boot = -91, init = 96, finish = 223
17/02/02 00:26:15 INFO python.PythonRunner: Times: total = 23, boot = -167, init = 168, finish = 22
17/02/02 00:26:15 INFO executor.Executor: Finished task 821.0 in stage 346.0 (TID 61335). 3348 bytes result sent to driver
17/02/02 00:26:15 INFO executor.CoarseGrainedExecutorBackend: Got assigned task 61346
17/02/02 00:26:15 INFO executor.Executor: Running task 832.0 in stage 346.0 (TID 61346)
17/02/02 00:26:15 INFO storage.ShuffleBlockFetcherIterator: Getting 495 non-empty blocks out of 930 blocks
17/02/02 00:26:15 INFO storage.ShuffleBlockFetcherIterator: Started 5 remote fetches in 1 ms
17/02/02 00:26:15 INFO python.PythonRunner: Times: total = 134, boot = -195, init = 196, finish = 133
17/02/02 00:26:15 INFO python.PythonRunner: Times: total = 464, boot = -111, init = 112, finish = 463
17/02/02 00:26:15 INFO python.PythonRunner: Times: total = 22, boot = -51, init = 52, finish = 21
17/02/02 00:26:15 INFO python.PythonRunner: Times: total = 34, boot = -60, init = 61, finish = 33
17/02/02 00:26:15 INFO python.PythonRunner: Times: total = 782, boot = -29, init = 30, finish = 781
17/02/02 00:26:15 INFO executor.Executor: Finished task 805.0 in stage 346.0 (TID 61319). 3348 bytes result sent to driver
17/02/02 00:26:15 INFO executor.CoarseGrainedExecutorBackend: Got assigned task 61350
17/02/02 00:26:15 INFO executor.Executor: Running task 834.0 in stage 346.0 (TID 61350)
17/02/02 00:26:15 INFO storage.ShuffleBlockFetcherIterator: Getting 495 non-empty blocks out of 930 blocks
17/02/02 00:26:15 INFO storage.ShuffleBlockFetcherIterator: Started 6 remote fetches in 2 ms
17/02/02 00:26:15 INFO executor.Executor: Finished task 825.0 in stage 346.0 (TID 61340). 3348 bytes result sent to driver
17/02/02 00:26:15 INFO python.PythonRunner: Times: total = 21, boot = -46, init = 47, finish = 20
17/02/02 00:26:15 INFO executor.CoarseGrainedExecutorBackend: Got assigned task 61351
17/02/02 00:26:15 INFO executor.Executor: Running task 835.0 in stage 346.0 (TID 61351)
17/02/02 00:26:15 INFO storage.ShuffleBlockFetcherIterator: Getting 495 non-empty blocks out of 930 blocks
17/02/02 00:26:15 INFO storage.ShuffleBlockFetcherIterator: Started 6 remote fetches in 1 ms
17/02/02 00:26:15 INFO python.PythonRunner: Times: total = 446, boot = -78, init = 79, finish = 445
17/02/02 00:26:15 INFO executor.Executor: Finished task 788.0 in stage 346.0 (TID 61304). 3348 bytes result sent to driver
17/02/02 00:26:15 INFO executor.CoarseGrainedExecutorBackend: Got assigned task 61352
17/02/02 00:26:15 INFO executor.Executor: Running task 836.0 in stage 346.0 (TID 61352)
17/02/02 00:26:15 INFO storage.ShuffleBlockFetcherIterator: Getting 495 non-empty blocks out of 930 blocks
17/02/02 00:26:15 INFO storage.ShuffleBlockFetcherIterator: Started 6 remote fetches in 1 ms
17/02/02 00:26:15 INFO python.PythonRunner: Times: total = 126, boot = -179, init = 179, finish = 126
17/02/02 00:26:15 INFO python.PythonRunner: Times: total = 65, boot = -22, init = 23, finish = 64
17/02/02 00:26:15 INFO executor.Executor: Finished task 810.0 in stage 346.0 (TID 61324). 3348 bytes result sent to driver
17/02/02 00:26:15 INFO python.PythonRunner: Times: total = 26, boot = -43, init = 44, finish = 25
17/02/02 00:26:15 INFO executor.CoarseGrainedExecutorBackend: Got assigned task 61356
17/02/02 00:26:15 INFO executor.Executor: Running task 841.0 in stage 346.0 (TID 61356)
17/02/02 00:26:15 INFO storage.ShuffleBlockFetcherIterator: Getting 495 non-empty blocks out of 930 blocks
17/02/02 00:26:15 INFO storage.ShuffleBlockFetcherIterator: Started 6 remote fetches in 2 ms
17/02/02 00:26:15 INFO executor.Executor: Finished task 832.0 in stage 346.0 (TID 61346). 3348 bytes result sent to driver
17/02/02 00:26:15 INFO executor.CoarseGrainedExecutorBackend: Got assigned task 61357
17/02/02 00:26:15 INFO executor.Executor: Running task 844.0 in stage 346.0 (TID 61357)
17/02/02 00:26:15 INFO storage.ShuffleBlockFetcherIterator: Getting 495 non-empty blocks out of 930 blocks
17/02/02 00:26:15 INFO storage.ShuffleBlockFetcherIterator: Started 6 remote fetches in 2 ms
17/02/02 00:26:15 INFO python.PythonRunner: Times: total = 125, boot = -20, init = 21, finish = 124
17/02/02 00:26:15 INFO python.PythonRunner: Times: total = 20, boot = -92, init = 93, finish = 19
17/02/02 00:26:15 INFO executor.Executor: Finished task 835.0 in stage 346.0 (TID 61351). 3348 bytes result sent to driver
17/02/02 00:26:15 INFO executor.CoarseGrainedExecutorBackend: Got assigned task 61359
17/02/02 00:26:15 INFO executor.Executor: Running task 845.0 in stage 346.0 (TID 61359)
17/02/02 00:26:15 INFO storage.ShuffleBlockFetcherIterator: Getting 495 non-empty blocks out of 930 blocks
17/02/02 00:26:15 INFO storage.ShuffleBlockFetcherIterator: Started 6 remote fetches in 2 ms
17/02/02 00:26:16 INFO python.PythonRunner: Times: total = 127, boot = -82, init = 83, finish = 126
17/02/02 00:26:16 INFO python.PythonRunner: Times: total = 331, boot = -211, init = 212, finish = 330
17/02/02 00:26:16 INFO python.PythonRunner: Times: total = 123, boot = -79, init = 80, finish = 122
17/02/02 00:26:16 INFO python.PythonRunner: Times: total = 28, boot = -109, init = 110, finish = 27
17/02/02 00:26:16 INFO python.PythonRunner: Times: total = 28, boot = -118, init = 119, finish = 27
