17/02/02 00:27:21 INFO executor.CoarseGrainedExecutorBackend: Got assigned task 64573
17/02/02 00:27:21 INFO executor.Executor: Running task 249.0 in stage 363.0 (TID 64573)
17/02/02 00:27:21 INFO storage.ShuffleBlockFetcherIterator: Getting 940 non-empty blocks out of 1890 blocks
17/02/02 00:27:21 INFO storage.ShuffleBlockFetcherIterator: Started 3 remote fetches in 3 ms
17/02/02 00:27:21 INFO python.PythonRunner: Times: total = 92, boot = -78, init = 79, finish = 91
17/02/02 00:27:21 INFO python.PythonRunner: Times: total = 14, boot = -41, init = 42, finish = 13
17/02/02 00:27:21 INFO python.PythonRunner: Times: total = 53, boot = -52, init = 53, finish = 52
17/02/02 00:27:21 INFO executor.Executor: Finished task 231.0 in stage 363.0 (TID 64555). 3378 bytes result sent to driver
17/02/02 00:27:21 INFO python.PythonRunner: Times: total = 81, boot = -65, init = 65, finish = 81
17/02/02 00:27:21 INFO executor.Executor: Finished task 237.0 in stage 363.0 (TID 64561). 3378 bytes result sent to driver
17/02/02 00:27:21 INFO executor.CoarseGrainedExecutorBackend: Got assigned task 64580
17/02/02 00:27:21 INFO executor.Executor: Running task 256.0 in stage 363.0 (TID 64580)
17/02/02 00:27:21 INFO executor.CoarseGrainedExecutorBackend: Got assigned task 64581
17/02/02 00:27:21 INFO executor.Executor: Running task 257.0 in stage 363.0 (TID 64581)
17/02/02 00:27:21 INFO storage.ShuffleBlockFetcherIterator: Getting 923 non-empty blocks out of 1890 blocks
17/02/02 00:27:21 INFO storage.ShuffleBlockFetcherIterator: Getting 941 non-empty blocks out of 1890 blocks
17/02/02 00:27:21 INFO storage.ShuffleBlockFetcherIterator: Started 3 remote fetches in 3 ms
17/02/02 00:27:21 INFO storage.ShuffleBlockFetcherIterator: Started 3 remote fetches in 2 ms
17/02/02 00:27:21 INFO python.PythonRunner: Times: total = 58, boot = -26, init = 27, finish = 57
17/02/02 00:27:21 INFO executor.Executor: Finished task 241.0 in stage 363.0 (TID 64565). 3378 bytes result sent to driver
17/02/02 00:27:21 INFO python.PythonRunner: Times: total = 115, boot = -58, init = 58, finish = 115
17/02/02 00:27:21 INFO python.PythonRunner: Times: total = 110, boot = -44, init = 45, finish = 109
17/02/02 00:27:21 INFO python.PythonRunner: Times: total = 122, boot = -57, init = 58, finish = 121
17/02/02 00:27:21 INFO python.PythonRunner: Times: total = 17, boot = -113, init = 114, finish = 16
17/02/02 00:27:21 INFO executor.Executor: Finished task 246.0 in stage 363.0 (TID 64570). 3378 bytes result sent to driver
17/02/02 00:27:21 INFO executor.CoarseGrainedExecutorBackend: Got assigned task 64589
17/02/02 00:27:21 INFO executor.Executor: Running task 265.0 in stage 363.0 (TID 64589)
17/02/02 00:27:21 INFO executor.CoarseGrainedExecutorBackend: Got assigned task 64596
17/02/02 00:27:21 INFO executor.Executor: Running task 272.0 in stage 363.0 (TID 64596)
17/02/02 00:27:21 INFO python.PythonRunner: Times: total = 105, boot = -38, init = 38, finish = 105
17/02/02 00:27:21 INFO storage.ShuffleBlockFetcherIterator: Getting 960 non-empty blocks out of 1890 blocks
17/02/02 00:27:21 INFO storage.ShuffleBlockFetcherIterator: Getting 942 non-empty blocks out of 1890 blocks
17/02/02 00:27:21 INFO storage.ShuffleBlockFetcherIterator: Started 3 remote fetches in 3 ms
17/02/02 00:27:21 INFO storage.ShuffleBlockFetcherIterator: Started 3 remote fetches in 6 ms
17/02/02 00:27:21 INFO python.PythonRunner: Times: total = 23, boot = -93, init = 95, finish = 21
17/02/02 00:27:21 INFO python.PythonRunner: Times: total = 50, boot = -85, init = 86, finish = 49
17/02/02 00:27:21 INFO python.PythonRunner: Times: total = 52, boot = -101, init = 102, finish = 51
17/02/02 00:27:21 INFO python.PythonRunner: Times: total = 129, boot = -42, init = 42, finish = 129
17/02/02 00:27:21 INFO executor.Executor: Finished task 247.0 in stage 363.0 (TID 64571). 3378 bytes result sent to driver
17/02/02 00:27:21 INFO executor.Executor: Finished task 249.0 in stage 363.0 (TID 64573). 3378 bytes result sent to driver
17/02/02 00:27:21 INFO executor.CoarseGrainedExecutorBackend: Got assigned task 64599
17/02/02 00:27:21 INFO executor.Executor: Running task 275.0 in stage 363.0 (TID 64599)
17/02/02 00:27:21 INFO executor.CoarseGrainedExecutorBackend: Got assigned task 64600
17/02/02 00:27:21 INFO executor.Executor: Running task 276.0 in stage 363.0 (TID 64600)
17/02/02 00:27:21 INFO storage.ShuffleBlockFetcherIterator: Getting 953 non-empty blocks out of 1890 blocks
17/02/02 00:27:21 INFO executor.Executor: Finished task 256.0 in stage 363.0 (TID 64580). 3378 bytes result sent to driver
17/02/02 00:27:21 INFO storage.ShuffleBlockFetcherIterator: Getting 950 non-empty blocks out of 1890 blocks
17/02/02 00:27:21 INFO storage.ShuffleBlockFetcherIterator: Started 3 remote fetches in 3 ms
17/02/02 00:27:21 INFO executor.CoarseGrainedExecutorBackend: Got assigned task 64601
17/02/02 00:27:21 INFO executor.Executor: Running task 277.0 in stage 363.0 (TID 64601)
17/02/02 00:27:21 INFO storage.ShuffleBlockFetcherIterator: Started 3 remote fetches in 3 ms
17/02/02 00:27:21 INFO storage.ShuffleBlockFetcherIterator: Getting 946 non-empty blocks out of 1890 blocks
17/02/02 00:27:21 INFO storage.ShuffleBlockFetcherIterator: Started 3 remote fetches in 5 ms
17/02/02 00:27:21 INFO python.PythonRunner: Times: total = 49, boot = -52, init = 52, finish = 49
17/02/02 00:27:21 INFO executor.Executor: Finished task 257.0 in stage 363.0 (TID 64581). 3378 bytes result sent to driver
17/02/02 00:27:21 INFO executor.CoarseGrainedExecutorBackend: Got assigned task 64603
17/02/02 00:27:21 INFO executor.Executor: Running task 279.0 in stage 363.0 (TID 64603)
17/02/02 00:27:21 INFO storage.ShuffleBlockFetcherIterator: Getting 936 non-empty blocks out of 1890 blocks
17/02/02 00:27:21 INFO storage.ShuffleBlockFetcherIterator: Started 3 remote fetches in 3 ms
17/02/02 00:27:22 INFO python.PythonRunner: Times: total = 316, boot = -106, init = 106, finish = 316
17/02/02 00:27:22 INFO python.PythonRunner: Times: total = 343, boot = -103, init = 104, finish = 342
17/02/02 00:27:22 INFO python.PythonRunner: Times: total = 329, boot = -40, init = 40, finish = 329
17/02/02 00:27:22 INFO python.PythonRunner: Times: total = 20, boot = -297, init = 298, finish = 19
17/02/02 00:27:22 INFO python.PythonRunner: Times: total = 57, boot = -297, init = 299, finish = 55
17/02/02 00:27:22 INFO executor.Executor: Finished task 265.0 in stage 363.0 (TID 64589). 3378 bytes result sent to driver
17/02/02 00:27:22 INFO executor.CoarseGrainedExecutorBackend: Got assigned task 64617
17/02/02 00:27:22 INFO executor.Executor: Running task 293.0 in stage 363.0 (TID 64617)
17/02/02 00:27:22 INFO executor.Executor: Finished task 272.0 in stage 363.0 (TID 64596). 3378 bytes result sent to driver
17/02/02 00:27:22 INFO storage.ShuffleBlockFetcherIterator: Getting 949 non-empty blocks out of 1890 blocks
17/02/02 00:27:22 INFO executor.CoarseGrainedExecutorBackend: Got assigned task 64620
17/02/02 00:27:22 INFO executor.Executor: Running task 296.0 in stage 363.0 (TID 64620)
17/02/02 00:27:22 INFO python.PythonRunner: Times: total = 357, boot = -36, init = 36, finish = 357
17/02/02 00:27:22 INFO storage.ShuffleBlockFetcherIterator: Started 3 remote fetches in 5 ms
17/02/02 00:27:22 INFO storage.ShuffleBlockFetcherIterator: Getting 958 non-empty blocks out of 1890 blocks
17/02/02 00:27:22 INFO storage.ShuffleBlockFetcherIterator: Started 3 remote fetches in 2 ms
17/02/02 00:27:22 INFO python.PythonRunner: Times: total = 365, boot = -44, init = 45, finish = 364
17/02/02 00:27:22 INFO python.PythonRunner: Times: total = 54, boot = -316, init = 317, finish = 53
17/02/02 00:27:22 INFO executor.Executor: Finished task 275.0 in stage 363.0 (TID 64599). 3378 bytes result sent to driver
17/02/02 00:27:22 INFO executor.CoarseGrainedExecutorBackend: Got assigned task 64622
17/02/02 00:27:22 INFO executor.Executor: Running task 298.0 in stage 363.0 (TID 64622)
17/02/02 00:27:22 INFO storage.ShuffleBlockFetcherIterator: Getting 937 non-empty blocks out of 1890 blocks
17/02/02 00:27:22 INFO storage.ShuffleBlockFetcherIterator: Started 3 remote fetches in 3 ms
17/02/02 00:27:22 INFO python.PythonRunner: Times: total = 55, boot = -339, init = 341, finish = 53
17/02/02 00:27:22 INFO executor.Executor: Finished task 276.0 in stage 363.0 (TID 64600). 3378 bytes result sent to driver
17/02/02 00:27:22 INFO python.PythonRunner: Times: total = 50, boot = -64, init = 66, finish = 48
17/02/02 00:27:22 INFO executor.CoarseGrainedExecutorBackend: Got assigned task 64628
17/02/02 00:27:22 INFO executor.Executor: Running task 304.0 in stage 363.0 (TID 64628)
17/02/02 00:27:22 INFO storage.ShuffleBlockFetcherIterator: Getting 953 non-empty blocks out of 1890 blocks
17/02/02 00:27:22 INFO storage.ShuffleBlockFetcherIterator: Started 3 remote fetches in 3 ms
17/02/02 00:27:22 INFO executor.Executor: Finished task 277.0 in stage 363.0 (TID 64601). 3378 bytes result sent to driver
17/02/02 00:27:22 INFO python.PythonRunner: Times: total = 72, boot = -354, init = 355, finish = 71
17/02/02 00:27:22 INFO executor.CoarseGrainedExecutorBackend: Got assigned task 64631
17/02/02 00:27:22 INFO executor.Executor: Running task 307.0 in stage 363.0 (TID 64631)
17/02/02 00:27:22 INFO python.PythonRunner: Times: total = 380, boot = -92, init = 92, finish = 380
17/02/02 00:27:22 INFO storage.ShuffleBlockFetcherIterator: Getting 949 non-empty blocks out of 1890 blocks
17/02/02 00:27:22 INFO storage.ShuffleBlockFetcherIterator: Started 3 remote fetches in 3 ms
17/02/02 00:27:22 INFO python.PythonRunner: Times: total = 90, boot = -310, init = 312, finish = 88
17/02/02 00:27:22 INFO python.PythonRunner: Times: total = 46, boot = -64, init = 65, finish = 45
17/02/02 00:27:22 INFO executor.Executor: Finished task 293.0 in stage 363.0 (TID 64617). 3378 bytes result sent to driver
17/02/02 00:27:22 INFO python.PythonRunner: Times: total = 52, boot = -69, init = 70, finish = 51
