17/02/01 23:47:19 INFO storage.ShuffleBlockFetcherIterator: Getting 120 non-empty blocks out of 120 blocks
17/02/01 23:47:19 INFO storage.ShuffleBlockFetcherIterator: Started 4 remote fetches in 1 ms
17/02/01 23:47:19 INFO executor.Executor: Finished task 49.0 in stage 270.0 (TID 48871). 1562 bytes result sent to driver
17/02/01 23:47:19 INFO executor.CoarseGrainedExecutorBackend: Got assigned task 48883
17/02/01 23:47:19 INFO executor.Executor: Running task 62.0 in stage 270.0 (TID 48883)
17/02/01 23:47:19 INFO storage.ShuffleBlockFetcherIterator: Getting 120 non-empty blocks out of 120 blocks
17/02/01 23:47:19 INFO storage.ShuffleBlockFetcherIterator: Started 4 remote fetches in 1 ms
17/02/01 23:47:19 INFO python.PythonRunner: Times: total = 1739, boot = -632, init = 636, finish = 1735
17/02/01 23:47:19 INFO python.PythonRunner: Times: total = 1308, boot = -931, init = 935, finish = 1304
17/02/01 23:47:20 INFO python.PythonRunner: Times: total = 982, boot = -1294, init = 1297, finish = 979
17/02/01 23:47:20 INFO python.PythonRunner: Times: total = 1015, boot = -816, init = 819, finish = 1012
17/02/01 23:47:20 INFO executor.Executor: Finished task 56.0 in stage 270.0 (TID 48878). 1562 bytes result sent to driver
17/02/01 23:47:20 INFO executor.CoarseGrainedExecutorBackend: Got assigned task 48884
17/02/01 23:47:20 INFO executor.Executor: Running task 64.0 in stage 270.0 (TID 48884)
17/02/01 23:47:20 INFO storage.ShuffleBlockFetcherIterator: Getting 120 non-empty blocks out of 120 blocks
17/02/01 23:47:20 INFO storage.ShuffleBlockFetcherIterator: Started 5 remote fetches in 0 ms
17/02/01 23:47:20 INFO python.PythonRunner: Times: total = 1024, boot = -765, init = 769, finish = 1020
17/02/01 23:47:20 INFO executor.Executor: Finished task 50.0 in stage 270.0 (TID 48872). 1562 bytes result sent to driver
17/02/01 23:47:20 INFO executor.CoarseGrainedExecutorBackend: Got assigned task 48886
17/02/01 23:47:20 INFO executor.Executor: Running task 66.0 in stage 270.0 (TID 48886)
17/02/01 23:47:20 INFO storage.ShuffleBlockFetcherIterator: Getting 120 non-empty blocks out of 120 blocks
17/02/01 23:47:20 INFO storage.ShuffleBlockFetcherIterator: Started 5 remote fetches in 0 ms
17/02/01 23:47:20 INFO executor.Executor: Finished task 54.0 in stage 270.0 (TID 48875). 1562 bytes result sent to driver
17/02/01 23:47:20 INFO executor.CoarseGrainedExecutorBackend: Got assigned task 48887
17/02/01 23:47:20 INFO executor.Executor: Running task 67.0 in stage 270.0 (TID 48887)
17/02/01 23:47:20 INFO storage.ShuffleBlockFetcherIterator: Getting 120 non-empty blocks out of 120 blocks
17/02/01 23:47:20 INFO storage.ShuffleBlockFetcherIterator: Started 6 remote fetches in 0 ms
17/02/01 23:47:20 INFO executor.Executor: Finished task 59.0 in stage 270.0 (TID 48879). 1562 bytes result sent to driver
17/02/01 23:47:20 INFO executor.CoarseGrainedExecutorBackend: Got assigned task 48888
17/02/01 23:47:20 INFO executor.Executor: Running task 68.0 in stage 270.0 (TID 48888)
17/02/01 23:47:20 INFO storage.ShuffleBlockFetcherIterator: Getting 120 non-empty blocks out of 120 blocks
17/02/01 23:47:20 INFO storage.ShuffleBlockFetcherIterator: Started 5 remote fetches in 0 ms
17/02/01 23:47:20 INFO executor.Executor: Finished task 60.0 in stage 270.0 (TID 48882). 1562 bytes result sent to driver
17/02/01 23:47:20 INFO executor.CoarseGrainedExecutorBackend: Got assigned task 48890
17/02/01 23:47:20 INFO executor.Executor: Running task 70.0 in stage 270.0 (TID 48890)
17/02/01 23:47:20 INFO storage.ShuffleBlockFetcherIterator: Getting 120 non-empty blocks out of 120 blocks
17/02/01 23:47:20 INFO storage.ShuffleBlockFetcherIterator: Started 4 remote fetches in 1 ms
17/02/01 23:47:20 INFO python.PythonRunner: Times: total = 1073, boot = -1140, init = 1144, finish = 1069
17/02/01 23:47:21 INFO executor.Executor: Finished task 62.0 in stage 270.0 (TID 48883). 1562 bytes result sent to driver
17/02/01 23:47:21 INFO executor.CoarseGrainedExecutorBackend: Got assigned task 48892
17/02/01 23:47:21 INFO executor.Executor: Running task 72.0 in stage 270.0 (TID 48892)
17/02/01 23:47:21 INFO storage.ShuffleBlockFetcherIterator: Getting 120 non-empty blocks out of 120 blocks
17/02/01 23:47:21 INFO storage.ShuffleBlockFetcherIterator: Started 5 remote fetches in 1 ms
17/02/01 23:47:21 INFO python.PythonRunner: Times: total = 1103, boot = -1353, init = 1357, finish = 1099
17/02/01 23:47:21 INFO python.PythonRunner: Times: total = 1389, boot = -595, init = 599, finish = 1385
17/02/01 23:47:22 INFO python.PythonRunner: Times: total = 1466, boot = -1190, init = 1193, finish = 1463
17/02/01 23:47:22 INFO python.PythonRunner: Times: total = 1240, boot = -780, init = 785, finish = 1235
17/02/01 23:47:22 INFO executor.Executor: Finished task 64.0 in stage 270.0 (TID 48884). 1562 bytes result sent to driver
17/02/01 23:47:22 INFO executor.CoarseGrainedExecutorBackend: Got assigned task 48897
17/02/01 23:47:22 INFO executor.Executor: Running task 74.0 in stage 270.0 (TID 48897)
17/02/01 23:47:22 INFO storage.ShuffleBlockFetcherIterator: Getting 120 non-empty blocks out of 120 blocks
17/02/01 23:47:22 INFO storage.ShuffleBlockFetcherIterator: Started 4 remote fetches in 0 ms
17/02/01 23:47:22 INFO python.PythonRunner: Times: total = 1846, boot = -595, init = 599, finish = 1842
17/02/01 23:47:22 INFO executor.Executor: Finished task 68.0 in stage 270.0 (TID 48888). 1562 bytes result sent to driver
17/02/01 23:47:22 INFO executor.CoarseGrainedExecutorBackend: Got assigned task 48898
17/02/01 23:47:22 INFO executor.Executor: Running task 79.0 in stage 270.0 (TID 48898)
17/02/01 23:47:22 INFO storage.ShuffleBlockFetcherIterator: Getting 120 non-empty blocks out of 120 blocks
17/02/01 23:47:22 INFO storage.ShuffleBlockFetcherIterator: Started 5 remote fetches in 0 ms
17/02/01 23:47:22 INFO executor.Executor: Finished task 70.0 in stage 270.0 (TID 48890). 1562 bytes result sent to driver
17/02/01 23:47:22 INFO executor.CoarseGrainedExecutorBackend: Got assigned task 48899
17/02/01 23:47:22 INFO executor.Executor: Running task 80.0 in stage 270.0 (TID 48899)
17/02/01 23:47:22 INFO storage.ShuffleBlockFetcherIterator: Getting 120 non-empty blocks out of 120 blocks
17/02/01 23:47:22 INFO storage.ShuffleBlockFetcherIterator: Started 5 remote fetches in 0 ms
17/02/01 23:47:22 INFO python.PythonRunner: Times: total = 1120, boot = -1390, init = 1394, finish = 1116
17/02/01 23:47:22 INFO executor.Executor: Finished task 66.0 in stage 270.0 (TID 48886). 1562 bytes result sent to driver
17/02/01 23:47:22 INFO executor.CoarseGrainedExecutorBackend: Got assigned task 48900
17/02/01 23:47:22 INFO executor.Executor: Running task 81.0 in stage 270.0 (TID 48900)
17/02/01 23:47:22 INFO storage.ShuffleBlockFetcherIterator: Getting 120 non-empty blocks out of 120 blocks
17/02/01 23:47:22 INFO storage.ShuffleBlockFetcherIterator: Started 5 remote fetches in 0 ms
17/02/01 23:47:22 INFO executor.Executor: Finished task 67.0 in stage 270.0 (TID 48887). 1562 bytes result sent to driver
17/02/01 23:47:22 INFO executor.CoarseGrainedExecutorBackend: Got assigned task 48902
17/02/01 23:47:22 INFO executor.Executor: Running task 84.0 in stage 270.0 (TID 48902)
17/02/01 23:47:22 INFO storage.ShuffleBlockFetcherIterator: Getting 120 non-empty blocks out of 120 blocks
17/02/01 23:47:22 INFO storage.ShuffleBlockFetcherIterator: Started 5 remote fetches in 1 ms
17/02/01 23:47:23 INFO executor.Executor: Finished task 72.0 in stage 270.0 (TID 48892). 1562 bytes result sent to driver
17/02/01 23:47:23 INFO executor.CoarseGrainedExecutorBackend: Got assigned task 48903
17/02/01 23:47:23 INFO executor.Executor: Running task 85.0 in stage 270.0 (TID 48903)
17/02/01 23:47:23 INFO storage.ShuffleBlockFetcherIterator: Getting 120 non-empty blocks out of 120 blocks
17/02/01 23:47:23 INFO storage.ShuffleBlockFetcherIterator: Started 6 remote fetches in 0 ms
17/02/01 23:47:23 INFO python.PythonRunner: Times: total = 1181, boot = -1758, init = 1761, finish = 1178
17/02/01 23:47:23 INFO python.PythonRunner: Times: total = 1130, boot = -1450, init = 1455, finish = 1125
17/02/01 23:47:23 INFO python.PythonRunner: Times: total = 1225, boot = -984, init = 988, finish = 1221
17/02/01 23:47:23 INFO python.PythonRunner: Times: total = 1248, boot = -706, init = 710, finish = 1244
17/02/01 23:47:24 INFO python.PythonRunner: Times: total = 1317, boot = -929, init = 932, finish = 1314
17/02/01 23:47:24 INFO python.PythonRunner: Times: total = 1490, boot = -851, init = 855, finish = 1486
17/02/01 23:47:24 INFO executor.Executor: Finished task 74.0 in stage 270.0 (TID 48897). 1562 bytes result sent to driver
17/02/01 23:47:24 INFO executor.CoarseGrainedExecutorBackend: Got assigned task 48908
17/02/01 23:47:24 INFO executor.Executor: Running task 86.0 in stage 270.0 (TID 48908)
17/02/01 23:47:24 INFO storage.ShuffleBlockFetcherIterator: Getting 120 non-empty blocks out of 120 blocks
17/02/01 23:47:24 INFO storage.ShuffleBlockFetcherIterator: Started 4 remote fetches in 0 ms
17/02/01 23:47:24 INFO executor.Executor: Finished task 79.0 in stage 270.0 (TID 48898). 1562 bytes result sent to driver
17/02/01 23:47:24 INFO executor.CoarseGrainedExecutorBackend: Got assigned task 48909
17/02/01 23:47:24 INFO executor.Executor: Running task 90.0 in stage 270.0 (TID 48909)
17/02/01 23:47:24 INFO storage.ShuffleBlockFetcherIterator: Getting 120 non-empty blocks out of 120 blocks
17/02/01 23:47:24 INFO storage.ShuffleBlockFetcherIterator: Started 4 remote fetches in 1 ms
17/02/01 23:47:25 INFO executor.Executor: Finished task 80.0 in stage 270.0 (TID 48899). 1562 bytes result sent to driver
17/02/01 23:47:25 INFO executor.CoarseGrainedExecutorBackend: Got assigned task 48910
17/02/01 23:47:25 INFO executor.Executor: Running task 92.0 in stage 270.0 (TID 48910)
17/02/01 23:47:25 INFO storage.ShuffleBlockFetcherIterator: Getting 120 non-empty blocks out of 120 blocks
17/02/01 23:47:25 INFO storage.ShuffleBlockFetcherIterator: Started 4 remote fetches in 1 ms
