17/02/01 23:11:31 INFO executor.CoarseGrainedExecutorBackend: Got assigned task 41224
17/02/01 23:11:31 INFO executor.Executor: Running task 816.0 in stage 237.0 (TID 41224)
17/02/01 23:11:31 INFO python.PythonRunner: Times: total = 128, boot = -14, init = 42, finish = 100
17/02/01 23:11:31 INFO storage.ShuffleBlockFetcherIterator: Getting 949 non-empty blocks out of 1890 blocks
17/02/01 23:11:31 INFO storage.ShuffleBlockFetcherIterator: Started 3 remote fetches in 3 ms
17/02/01 23:11:31 INFO python.PythonRunner: Times: total = 131, boot = -1, init = 41, finish = 91
17/02/01 23:11:31 INFO python.PythonRunner: Times: total = 145, boot = -17, init = 47, finish = 115
17/02/01 23:11:31 INFO python.PythonRunner: Times: total = 11, boot = -10, init = 12, finish = 9
17/02/01 23:11:31 INFO python.PythonRunner: Times: total = 54, boot = -21, init = 22, finish = 53
17/02/01 23:11:31 INFO python.PythonRunner: Times: total = 53, boot = -6, init = 7, finish = 52
17/02/01 23:11:31 INFO executor.Executor: Finished task 804.0 in stage 237.0 (TID 41212). 3378 bytes result sent to driver
17/02/01 23:11:31 INFO executor.CoarseGrainedExecutorBackend: Got assigned task 41228
17/02/01 23:11:31 INFO executor.Executor: Running task 820.0 in stage 237.0 (TID 41228)
17/02/01 23:11:31 INFO executor.Executor: Finished task 801.0 in stage 237.0 (TID 41209). 3378 bytes result sent to driver
17/02/01 23:11:31 INFO executor.Executor: Finished task 802.0 in stage 237.0 (TID 41210). 3378 bytes result sent to driver
17/02/01 23:11:31 INFO executor.CoarseGrainedExecutorBackend: Got assigned task 41229
17/02/01 23:11:31 INFO python.PythonRunner: Times: total = 12, boot = -9, init = 10, finish = 11
17/02/01 23:11:31 INFO executor.Executor: Running task 821.0 in stage 237.0 (TID 41229)
17/02/01 23:11:31 INFO executor.CoarseGrainedExecutorBackend: Got assigned task 41230
17/02/01 23:11:31 INFO executor.Executor: Running task 822.0 in stage 237.0 (TID 41230)
17/02/01 23:11:31 INFO storage.ShuffleBlockFetcherIterator: Getting 935 non-empty blocks out of 1890 blocks
17/02/01 23:11:31 INFO storage.ShuffleBlockFetcherIterator: Started 3 remote fetches in 3 ms
17/02/01 23:11:31 INFO python.PythonRunner: Times: total = 89, boot = -48, init = 51, finish = 86
17/02/01 23:11:31 INFO storage.ShuffleBlockFetcherIterator: Getting 953 non-empty blocks out of 1890 blocks
17/02/01 23:11:31 INFO storage.ShuffleBlockFetcherIterator: Getting 946 non-empty blocks out of 1890 blocks
17/02/01 23:11:31 INFO storage.ShuffleBlockFetcherIterator: Started 4 remote fetches in 2 ms
17/02/01 23:11:31 INFO storage.ShuffleBlockFetcherIterator: Started 3 remote fetches in 4 ms
17/02/01 23:11:31 INFO executor.Executor: Finished task 807.0 in stage 237.0 (TID 41215). 3378 bytes result sent to driver
17/02/01 23:11:31 INFO executor.CoarseGrainedExecutorBackend: Got assigned task 41232
17/02/01 23:11:31 INFO executor.Executor: Running task 824.0 in stage 237.0 (TID 41232)
17/02/01 23:11:31 INFO storage.ShuffleBlockFetcherIterator: Getting 936 non-empty blocks out of 1890 blocks
17/02/01 23:11:31 INFO storage.ShuffleBlockFetcherIterator: Started 3 remote fetches in 5 ms
17/02/01 23:11:31 INFO python.PythonRunner: Times: total = 93, boot = 7, init = 0, finish = 86
17/02/01 23:11:31 INFO python.PythonRunner: Times: total = 48, boot = -20, init = 22, finish = 46
17/02/01 23:11:31 INFO executor.Executor: Finished task 814.0 in stage 237.0 (TID 41222). 3378 bytes result sent to driver
17/02/01 23:11:31 INFO executor.CoarseGrainedExecutorBackend: Got assigned task 41239
17/02/01 23:11:31 INFO executor.Executor: Running task 831.0 in stage 237.0 (TID 41239)
17/02/01 23:11:31 INFO storage.ShuffleBlockFetcherIterator: Getting 940 non-empty blocks out of 1890 blocks
17/02/01 23:11:31 INFO storage.ShuffleBlockFetcherIterator: Started 3 remote fetches in 5 ms
17/02/01 23:11:31 INFO python.PythonRunner: Times: total = 55, boot = -18, init = 19, finish = 54
17/02/01 23:11:31 INFO executor.Executor: Finished task 816.0 in stage 237.0 (TID 41224). 3378 bytes result sent to driver
17/02/01 23:11:31 INFO executor.CoarseGrainedExecutorBackend: Got assigned task 41240
17/02/01 23:11:31 INFO executor.Executor: Running task 832.0 in stage 237.0 (TID 41240)
17/02/01 23:11:31 INFO storage.ShuffleBlockFetcherIterator: Getting 944 non-empty blocks out of 1890 blocks
17/02/01 23:11:31 INFO storage.ShuffleBlockFetcherIterator: Started 4 remote fetches in 2 ms
17/02/01 23:11:31 INFO python.PythonRunner: Times: total = 97, boot = -17, init = 21, finish = 93
17/02/01 23:11:31 INFO python.PythonRunner: Times: total = 18, boot = -49, init = 50, finish = 17
17/02/01 23:11:31 INFO python.PythonRunner: Times: total = 107, boot = -13, init = 40, finish = 80
17/02/01 23:11:31 INFO executor.Executor: Finished task 820.0 in stage 237.0 (TID 41228). 3378 bytes result sent to driver
17/02/01 23:11:31 INFO executor.CoarseGrainedExecutorBackend: Got assigned task 41247
17/02/01 23:11:31 INFO executor.Executor: Running task 839.0 in stage 237.0 (TID 41247)
17/02/01 23:11:31 INFO storage.ShuffleBlockFetcherIterator: Getting 952 non-empty blocks out of 1890 blocks
17/02/01 23:11:31 INFO storage.ShuffleBlockFetcherIterator: Started 4 remote fetches in 8 ms
17/02/01 23:11:31 INFO python.PythonRunner: Times: total = 149, boot = -16, init = 61, finish = 104
17/02/01 23:11:31 INFO python.PythonRunner: Times: total = 134, boot = -39, init = 92, finish = 81
17/02/01 23:11:31 INFO python.PythonRunner: Times: total = 55, boot = 3, init = 1, finish = 51
17/02/01 23:11:31 INFO executor.Executor: Finished task 821.0 in stage 237.0 (TID 41229). 3378 bytes result sent to driver
17/02/01 23:11:31 INFO executor.CoarseGrainedExecutorBackend: Got assigned task 41252
17/02/01 23:11:31 INFO executor.Executor: Running task 844.0 in stage 237.0 (TID 41252)
17/02/01 23:11:31 INFO storage.ShuffleBlockFetcherIterator: Getting 952 non-empty blocks out of 1890 blocks
17/02/01 23:11:31 INFO storage.ShuffleBlockFetcherIterator: Started 4 remote fetches in 6 ms
17/02/01 23:11:31 INFO python.PythonRunner: Times: total = 120, boot = -45, init = 73, finish = 92
17/02/01 23:11:31 INFO python.PythonRunner: Times: total = 50, boot = -14, init = 16, finish = 48
17/02/01 23:11:31 INFO python.PythonRunner: Times: total = 53, boot = -12, init = 13, finish = 52
17/02/01 23:11:31 INFO executor.Executor: Finished task 824.0 in stage 237.0 (TID 41232). 3378 bytes result sent to driver
17/02/01 23:11:31 INFO executor.CoarseGrainedExecutorBackend: Got assigned task 41255
17/02/01 23:11:31 INFO executor.Executor: Running task 847.0 in stage 237.0 (TID 41255)
17/02/01 23:11:31 INFO executor.Executor: Finished task 822.0 in stage 237.0 (TID 41230). 3378 bytes result sent to driver
17/02/01 23:11:31 INFO python.PythonRunner: Times: total = 70, boot = -13, init = 25, finish = 58
17/02/01 23:11:31 INFO executor.CoarseGrainedExecutorBackend: Got assigned task 41256
17/02/01 23:11:31 INFO executor.Executor: Running task 848.0 in stage 237.0 (TID 41256)
17/02/01 23:11:31 INFO python.PythonRunner: Times: total = 122, boot = -17, init = 47, finish = 92
17/02/01 23:11:31 INFO storage.ShuffleBlockFetcherIterator: Getting 958 non-empty blocks out of 1890 blocks
17/02/01 23:11:31 INFO storage.ShuffleBlockFetcherIterator: Getting 928 non-empty blocks out of 1890 blocks
17/02/01 23:11:31 INFO storage.ShuffleBlockFetcherIterator: Started 4 remote fetches in 5 ms
17/02/01 23:11:31 INFO storage.ShuffleBlockFetcherIterator: Started 3 remote fetches in 4 ms
17/02/01 23:11:31 INFO python.PythonRunner: Times: total = 18, boot = 7, init = 0, finish = 11
17/02/01 23:11:31 INFO executor.Executor: Finished task 832.0 in stage 237.0 (TID 41240). 3378 bytes result sent to driver
17/02/01 23:11:31 INFO python.PythonRunner: Times: total = 55, boot = -2, init = 3, finish = 54
17/02/01 23:11:31 INFO executor.CoarseGrainedExecutorBackend: Got assigned task 41258
17/02/01 23:11:31 INFO executor.Executor: Running task 850.0 in stage 237.0 (TID 41258)
17/02/01 23:11:31 INFO storage.ShuffleBlockFetcherIterator: Getting 942 non-empty blocks out of 1890 blocks
17/02/01 23:11:31 INFO executor.Executor: Finished task 831.0 in stage 237.0 (TID 41239). 3378 bytes result sent to driver
17/02/01 23:11:31 INFO storage.ShuffleBlockFetcherIterator: Started 4 remote fetches in 4 ms
17/02/01 23:11:31 INFO executor.CoarseGrainedExecutorBackend: Got assigned task 41259
17/02/01 23:11:31 INFO executor.Executor: Running task 851.0 in stage 237.0 (TID 41259)
17/02/01 23:11:31 INFO storage.ShuffleBlockFetcherIterator: Getting 949 non-empty blocks out of 1890 blocks
17/02/01 23:11:31 INFO storage.ShuffleBlockFetcherIterator: Started 3 remote fetches in 3 ms
17/02/01 23:11:31 INFO python.PythonRunner: Times: total = 54, boot = -19, init = 20, finish = 53
17/02/01 23:11:31 INFO executor.Executor: Finished task 839.0 in stage 237.0 (TID 41247). 3378 bytes result sent to driver
17/02/01 23:11:31 INFO executor.CoarseGrainedExecutorBackend: Got assigned task 41263
17/02/01 23:11:31 INFO executor.Executor: Running task 855.0 in stage 237.0 (TID 41263)
17/02/01 23:11:31 INFO python.PythonRunner: Times: total = 94, boot = -3, init = 8, finish = 89
17/02/01 23:11:31 INFO storage.ShuffleBlockFetcherIterator: Getting 952 non-empty blocks out of 1890 blocks
17/02/01 23:11:31 INFO storage.ShuffleBlockFetcherIterator: Started 4 remote fetches in 5 ms
17/02/01 23:11:31 INFO python.PythonRunner: Times: total = 86, boot = 3, init = 5, finish = 78
17/02/01 23:11:31 INFO python.PythonRunner: Times: total = 51, boot = -17, init = 18, finish = 50
17/02/01 23:11:31 INFO executor.Executor: Finished task 844.0 in stage 237.0 (TID 41252). 3378 bytes result sent to driver
17/02/01 23:11:31 INFO executor.CoarseGrainedExecutorBackend: Got assigned task 41271
17/02/01 23:11:31 INFO executor.Executor: Running task 863.0 in stage 237.0 (TID 41271)
