17/02/01 23:11:44 INFO executor.Executor: Running task 868.0 in stage 238.0 (TID 43166)
17/02/01 23:11:44 INFO storage.ShuffleBlockFetcherIterator: Getting 93 non-empty blocks out of 1920 blocks
17/02/01 23:11:44 INFO storage.ShuffleBlockFetcherIterator: Started 4 remote fetches in 1 ms
17/02/01 23:11:44 INFO python.PythonRunner: Times: total = 13, boot = -11, init = 13, finish = 11
17/02/01 23:11:44 INFO executor.Executor: Finished task 862.0 in stage 238.0 (TID 43160). 3378 bytes result sent to driver
17/02/01 23:11:44 INFO executor.CoarseGrainedExecutorBackend: Got assigned task 43170
17/02/01 23:11:44 INFO executor.Executor: Running task 872.0 in stage 238.0 (TID 43170)
17/02/01 23:11:44 INFO python.PythonRunner: Times: total = 51, boot = -17, init = 18, finish = 50
17/02/01 23:11:44 INFO storage.ShuffleBlockFetcherIterator: Getting 93 non-empty blocks out of 1920 blocks
17/02/01 23:11:44 INFO storage.ShuffleBlockFetcherIterator: Started 4 remote fetches in 1 ms
17/02/01 23:11:45 INFO executor.Executor: Finished task 849.0 in stage 238.0 (TID 43147). 3378 bytes result sent to driver
17/02/01 23:11:45 INFO executor.CoarseGrainedExecutorBackend: Got assigned task 43173
17/02/01 23:11:45 INFO executor.Executor: Running task 875.0 in stage 238.0 (TID 43173)
17/02/01 23:11:45 INFO storage.ShuffleBlockFetcherIterator: Getting 93 non-empty blocks out of 1920 blocks
17/02/01 23:11:45 INFO storage.ShuffleBlockFetcherIterator: Started 4 remote fetches in 1 ms
17/02/01 23:11:45 INFO python.PythonRunner: Times: total = 13, boot = -46, init = 47, finish = 12
17/02/01 23:11:45 INFO executor.Executor: Finished task 872.0 in stage 238.0 (TID 43170). 3378 bytes result sent to driver
17/02/01 23:11:45 INFO executor.CoarseGrainedExecutorBackend: Got assigned task 43175
17/02/01 23:11:45 INFO executor.Executor: Running task 877.0 in stage 238.0 (TID 43175)
17/02/01 23:11:45 INFO storage.ShuffleBlockFetcherIterator: Getting 93 non-empty blocks out of 1920 blocks
17/02/01 23:11:45 INFO storage.ShuffleBlockFetcherIterator: Started 4 remote fetches in 0 ms
17/02/01 23:11:45 INFO python.PythonRunner: Times: total = 15, boot = -17, init = 18, finish = 14
17/02/01 23:11:45 INFO python.PythonRunner: Times: total = 49, boot = -12, init = 13, finish = 48
17/02/01 23:11:45 INFO python.PythonRunner: Times: total = 49, boot = -11, init = 13, finish = 47
17/02/01 23:11:45 INFO executor.Executor: Finished task 875.0 in stage 238.0 (TID 43173). 3378 bytes result sent to driver
17/02/01 23:11:45 INFO executor.CoarseGrainedExecutorBackend: Got assigned task 43181
17/02/01 23:11:45 INFO executor.Executor: Running task 883.0 in stage 238.0 (TID 43181)
17/02/01 23:11:45 INFO storage.ShuffleBlockFetcherIterator: Getting 93 non-empty blocks out of 1920 blocks
17/02/01 23:11:45 INFO executor.Executor: Finished task 863.0 in stage 238.0 (TID 43161). 3378 bytes result sent to driver
17/02/01 23:11:45 INFO storage.ShuffleBlockFetcherIterator: Started 4 remote fetches in 1 ms
17/02/01 23:11:45 INFO executor.CoarseGrainedExecutorBackend: Got assigned task 43182
17/02/01 23:11:45 INFO executor.Executor: Running task 884.0 in stage 238.0 (TID 43182)
17/02/01 23:11:45 INFO executor.Executor: Finished task 865.0 in stage 238.0 (TID 43163). 3378 bytes result sent to driver
17/02/01 23:11:45 INFO storage.ShuffleBlockFetcherIterator: Getting 93 non-empty blocks out of 1920 blocks
17/02/01 23:11:45 INFO storage.ShuffleBlockFetcherIterator: Started 4 remote fetches in 1 ms
17/02/01 23:11:45 INFO executor.CoarseGrainedExecutorBackend: Got assigned task 43183
17/02/01 23:11:45 INFO executor.Executor: Running task 885.0 in stage 238.0 (TID 43183)
17/02/01 23:11:45 INFO storage.ShuffleBlockFetcherIterator: Getting 93 non-empty blocks out of 1920 blocks
17/02/01 23:11:45 INFO python.PythonRunner: Times: total = 49, boot = -7, init = 8, finish = 48
17/02/01 23:11:45 INFO python.PythonRunner: Times: total = 53, boot = -2, init = 3, finish = 52
17/02/01 23:11:45 INFO storage.ShuffleBlockFetcherIterator: Started 4 remote fetches in 0 ms
17/02/01 23:11:45 INFO executor.Executor: Finished task 868.0 in stage 238.0 (TID 43166). 3378 bytes result sent to driver
17/02/01 23:11:45 INFO executor.CoarseGrainedExecutorBackend: Got assigned task 43186
17/02/01 23:11:45 INFO executor.Executor: Running task 888.0 in stage 238.0 (TID 43186)
17/02/01 23:11:45 INFO executor.Executor: Finished task 853.0 in stage 238.0 (TID 43151). 3378 bytes result sent to driver
17/02/01 23:11:45 INFO storage.ShuffleBlockFetcherIterator: Getting 93 non-empty blocks out of 1920 blocks
17/02/01 23:11:45 INFO executor.CoarseGrainedExecutorBackend: Got assigned task 43187
17/02/01 23:11:45 INFO executor.Executor: Running task 889.0 in stage 238.0 (TID 43187)
17/02/01 23:11:45 INFO storage.ShuffleBlockFetcherIterator: Started 4 remote fetches in 1 ms
17/02/01 23:11:45 INFO storage.ShuffleBlockFetcherIterator: Getting 93 non-empty blocks out of 1920 blocks
17/02/01 23:11:45 INFO storage.ShuffleBlockFetcherIterator: Started 4 remote fetches in 1 ms
17/02/01 23:11:45 INFO python.PythonRunner: Times: total = 18, boot = -3, init = 4, finish = 17
17/02/01 23:11:45 INFO python.PythonRunner: Times: total = 10, boot = -4, init = 5, finish = 9
17/02/01 23:11:45 INFO executor.Executor: Finished task 885.0 in stage 238.0 (TID 43183). 3378 bytes result sent to driver
17/02/01 23:11:45 INFO executor.Executor: Finished task 888.0 in stage 238.0 (TID 43186). 3378 bytes result sent to driver
17/02/01 23:11:45 INFO executor.CoarseGrainedExecutorBackend: Got assigned task 43194
17/02/01 23:11:45 INFO executor.Executor: Running task 896.0 in stage 238.0 (TID 43194)
17/02/01 23:11:45 INFO executor.CoarseGrainedExecutorBackend: Got assigned task 43195
17/02/01 23:11:45 INFO executor.Executor: Running task 897.0 in stage 238.0 (TID 43195)
17/02/01 23:11:45 INFO storage.ShuffleBlockFetcherIterator: Getting 93 non-empty blocks out of 1920 blocks
17/02/01 23:11:45 INFO storage.ShuffleBlockFetcherIterator: Getting 93 non-empty blocks out of 1920 blocks
17/02/01 23:11:45 INFO storage.ShuffleBlockFetcherIterator: Started 4 remote fetches in 0 ms
17/02/01 23:11:45 INFO storage.ShuffleBlockFetcherIterator: Started 4 remote fetches in 0 ms
17/02/01 23:11:45 INFO python.PythonRunner: Times: total = 49, boot = -26, init = 27, finish = 48
17/02/01 23:11:45 INFO executor.Executor: Finished task 877.0 in stage 238.0 (TID 43175). 3378 bytes result sent to driver
17/02/01 23:11:45 INFO executor.CoarseGrainedExecutorBackend: Got assigned task 43199
17/02/01 23:11:45 INFO executor.Executor: Running task 901.0 in stage 238.0 (TID 43199)
17/02/01 23:11:45 INFO storage.ShuffleBlockFetcherIterator: Getting 93 non-empty blocks out of 1920 blocks
17/02/01 23:11:45 INFO storage.ShuffleBlockFetcherIterator: Started 4 remote fetches in 0 ms
17/02/01 23:11:45 INFO python.PythonRunner: Times: total = 46, boot = -28, init = 29, finish = 45
17/02/01 23:11:45 INFO python.PythonRunner: Times: total = 11, boot = -21, init = 22, finish = 10
17/02/01 23:11:45 INFO executor.Executor: Finished task 896.0 in stage 238.0 (TID 43194). 3378 bytes result sent to driver
17/02/01 23:11:45 INFO executor.Executor: Finished task 883.0 in stage 238.0 (TID 43181). 3378 bytes result sent to driver
17/02/01 23:11:45 INFO executor.CoarseGrainedExecutorBackend: Got assigned task 43201
17/02/01 23:11:45 INFO executor.Executor: Running task 903.0 in stage 238.0 (TID 43201)
17/02/01 23:11:45 INFO executor.CoarseGrainedExecutorBackend: Got assigned task 43202
17/02/01 23:11:45 INFO executor.Executor: Running task 904.0 in stage 238.0 (TID 43202)
17/02/01 23:11:45 INFO python.PythonRunner: Times: total = 9, boot = -18, init = 19, finish = 8
17/02/01 23:11:45 INFO storage.ShuffleBlockFetcherIterator: Getting 93 non-empty blocks out of 1920 blocks
17/02/01 23:11:45 INFO python.PythonRunner: Times: total = 52, boot = -21, init = 22, finish = 51
17/02/01 23:11:45 INFO storage.ShuffleBlockFetcherIterator: Started 4 remote fetches in 0 ms
17/02/01 23:11:45 INFO storage.ShuffleBlockFetcherIterator: Getting 93 non-empty blocks out of 1920 blocks
17/02/01 23:11:45 INFO storage.ShuffleBlockFetcherIterator: Started 4 remote fetches in 0 ms
17/02/01 23:11:45 INFO executor.Executor: Finished task 901.0 in stage 238.0 (TID 43199). 3378 bytes result sent to driver
17/02/01 23:11:45 INFO executor.CoarseGrainedExecutorBackend: Got assigned task 43206
17/02/01 23:11:45 INFO executor.Executor: Running task 908.0 in stage 238.0 (TID 43206)
17/02/01 23:11:45 INFO executor.Executor: Finished task 884.0 in stage 238.0 (TID 43182). 3378 bytes result sent to driver
17/02/01 23:11:45 INFO executor.CoarseGrainedExecutorBackend: Got assigned task 43208
17/02/01 23:11:45 INFO storage.ShuffleBlockFetcherIterator: Getting 93 non-empty blocks out of 1920 blocks
17/02/01 23:11:45 INFO executor.Executor: Running task 910.0 in stage 238.0 (TID 43208)
17/02/01 23:11:45 INFO storage.ShuffleBlockFetcherIterator: Started 4 remote fetches in 1 ms
17/02/01 23:11:45 INFO storage.ShuffleBlockFetcherIterator: Getting 93 non-empty blocks out of 1920 blocks
17/02/01 23:11:45 INFO storage.ShuffleBlockFetcherIterator: Started 4 remote fetches in 0 ms
17/02/01 23:11:45 INFO python.PythonRunner: Times: total = 50, boot = 1, init = 0, finish = 49
17/02/01 23:11:45 INFO python.PythonRunner: Times: total = 13, boot = -14, init = 15, finish = 12
17/02/01 23:11:45 INFO executor.Executor: Finished task 889.0 in stage 238.0 (TID 43187). 3378 bytes result sent to driver
17/02/01 23:11:45 INFO executor.CoarseGrainedExecutorBackend: Got assigned task 43209
17/02/01 23:11:45 INFO executor.Executor: Running task 911.0 in stage 238.0 (TID 43209)
17/02/01 23:11:45 INFO storage.ShuffleBlockFetcherIterator: Getting 93 non-empty blocks out of 1920 blocks
17/02/01 23:11:45 INFO storage.ShuffleBlockFetcherIterator: Started 4 remote fetches in 1 ms
