17/02/02 00:14:34 INFO python.PythonRunner: Times: total = 177, boot = -682, init = 683, finish = 176
17/02/02 00:14:34 INFO executor.Executor: Finished task 550.0 in stage 329.0 (TID 56293). 2410 bytes result sent to driver
17/02/02 00:14:34 INFO executor.CoarseGrainedExecutorBackend: Got assigned task 56315
17/02/02 00:14:34 INFO executor.Executor: Running task 571.0 in stage 329.0 (TID 56315)
17/02/02 00:14:34 INFO storage.ShuffleBlockFetcherIterator: Getting 495 non-empty blocks out of 930 blocks
17/02/02 00:14:34 INFO storage.ShuffleBlockFetcherIterator: Started 6 remote fetches in 1 ms
17/02/02 00:14:34 INFO python.PythonRunner: Times: total = 24, boot = -766, init = 767, finish = 23
17/02/02 00:14:34 INFO executor.Executor: Finished task 551.0 in stage 329.0 (TID 56295). 2410 bytes result sent to driver
17/02/02 00:14:34 INFO executor.CoarseGrainedExecutorBackend: Got assigned task 56316
17/02/02 00:14:34 INFO executor.Executor: Running task 574.0 in stage 329.0 (TID 56316)
17/02/02 00:14:34 INFO storage.ShuffleBlockFetcherIterator: Getting 495 non-empty blocks out of 930 blocks
17/02/02 00:14:34 INFO storage.ShuffleBlockFetcherIterator: Started 6 remote fetches in 1 ms
17/02/02 00:14:34 INFO python.PythonRunner: Times: total = 218, boot = -689, init = 690, finish = 217
17/02/02 00:14:35 INFO python.PythonRunner: Times: total = 264, boot = -650, init = 651, finish = 263
17/02/02 00:14:35 INFO python.PythonRunner: Times: total = 64, boot = -784, init = 785, finish = 63
17/02/02 00:14:35 INFO python.PythonRunner: Times: total = 30, boot = -822, init = 823, finish = 29
17/02/02 00:14:35 INFO executor.Executor: Finished task 552.0 in stage 329.0 (TID 56296). 2410 bytes result sent to driver
17/02/02 00:14:35 INFO python.PythonRunner: Times: total = 281, boot = -653, init = 654, finish = 280
17/02/02 00:14:35 INFO executor.Executor: Finished task 555.0 in stage 329.0 (TID 56298). 2410 bytes result sent to driver
17/02/02 00:14:35 INFO executor.CoarseGrainedExecutorBackend: Got assigned task 56325
17/02/02 00:14:35 INFO executor.Executor: Running task 578.0 in stage 329.0 (TID 56325)
17/02/02 00:14:35 INFO storage.ShuffleBlockFetcherIterator: Getting 495 non-empty blocks out of 930 blocks
17/02/02 00:14:35 INFO storage.ShuffleBlockFetcherIterator: Started 6 remote fetches in 1 ms
17/02/02 00:14:35 INFO executor.CoarseGrainedExecutorBackend: Got assigned task 56326
17/02/02 00:14:35 INFO executor.Executor: Running task 581.0 in stage 329.0 (TID 56326)
17/02/02 00:14:35 INFO python.PythonRunner: Times: total = 21, boot = -117, init = 118, finish = 20
17/02/02 00:14:35 INFO storage.ShuffleBlockFetcherIterator: Getting 495 non-empty blocks out of 930 blocks
17/02/02 00:14:35 INFO storage.ShuffleBlockFetcherIterator: Started 6 remote fetches in 4 ms
17/02/02 00:14:35 INFO executor.Executor: Finished task 556.0 in stage 329.0 (TID 56299). 2410 bytes result sent to driver
17/02/02 00:14:35 INFO executor.CoarseGrainedExecutorBackend: Got assigned task 56327
17/02/02 00:14:35 INFO executor.Executor: Running task 582.0 in stage 329.0 (TID 56327)
17/02/02 00:14:35 INFO storage.ShuffleBlockFetcherIterator: Getting 495 non-empty blocks out of 930 blocks
17/02/02 00:14:35 INFO storage.ShuffleBlockFetcherIterator: Started 6 remote fetches in 1 ms
17/02/02 00:14:35 INFO python.PythonRunner: Times: total = 362, boot = -645, init = 646, finish = 361
17/02/02 00:14:35 INFO python.PythonRunner: Times: total = 206, boot = -769, init = 770, finish = 205
17/02/02 00:14:35 INFO python.PythonRunner: Times: total = 17, boot = -85, init = 86, finish = 16
17/02/02 00:14:35 INFO executor.Executor: Finished task 571.0 in stage 329.0 (TID 56315). 2410 bytes result sent to driver
17/02/02 00:14:35 INFO executor.CoarseGrainedExecutorBackend: Got assigned task 56333
17/02/02 00:14:35 INFO executor.Executor: Running task 588.0 in stage 329.0 (TID 56333)
17/02/02 00:14:35 INFO storage.ShuffleBlockFetcherIterator: Getting 495 non-empty blocks out of 930 blocks
17/02/02 00:14:35 INFO storage.ShuffleBlockFetcherIterator: Started 6 remote fetches in 2 ms
17/02/02 00:14:35 INFO python.PythonRunner: Times: total = 217, boot = -784, init = 786, finish = 215
17/02/02 00:14:35 INFO python.PythonRunner: Times: total = 63, boot = -130, init = 132, finish = 61
17/02/02 00:14:35 INFO python.PythonRunner: Times: total = 22, boot = -101, init = 102, finish = 21
17/02/02 00:14:35 INFO executor.Executor: Finished task 557.0 in stage 329.0 (TID 56300). 2410 bytes result sent to driver
17/02/02 00:14:35 INFO executor.CoarseGrainedExecutorBackend: Got assigned task 56337
17/02/02 00:14:35 INFO executor.Executor: Running task 591.0 in stage 329.0 (TID 56337)
17/02/02 00:14:35 INFO storage.ShuffleBlockFetcherIterator: Getting 495 non-empty blocks out of 930 blocks
17/02/02 00:14:35 INFO storage.ShuffleBlockFetcherIterator: Started 6 remote fetches in 2 ms
17/02/02 00:14:35 INFO executor.Executor: Finished task 574.0 in stage 329.0 (TID 56316). 2410 bytes result sent to driver
17/02/02 00:14:35 INFO executor.CoarseGrainedExecutorBackend: Got assigned task 56339
17/02/02 00:14:35 INFO executor.Executor: Running task 595.0 in stage 329.0 (TID 56339)
17/02/02 00:14:35 INFO storage.ShuffleBlockFetcherIterator: Getting 495 non-empty blocks out of 930 blocks
17/02/02 00:14:35 INFO storage.ShuffleBlockFetcherIterator: Started 6 remote fetches in 1 ms
17/02/02 00:14:35 INFO python.PythonRunner: Times: total = 180, boot = -128, init = 130, finish = 178
17/02/02 00:14:35 INFO python.PythonRunner: Times: total = 20, boot = -76, init = 78, finish = 18
17/02/02 00:14:35 INFO executor.Executor: Finished task 578.0 in stage 329.0 (TID 56325). 2410 bytes result sent to driver
17/02/02 00:14:35 INFO executor.CoarseGrainedExecutorBackend: Got assigned task 56341
17/02/02 00:14:35 INFO executor.Executor: Running task 596.0 in stage 329.0 (TID 56341)
17/02/02 00:14:35 INFO storage.ShuffleBlockFetcherIterator: Getting 495 non-empty blocks out of 930 blocks
17/02/02 00:14:35 INFO storage.ShuffleBlockFetcherIterator: Started 6 remote fetches in 1 ms
17/02/02 00:14:35 INFO python.PythonRunner: Times: total = 221, boot = -110, init = 111, finish = 220
17/02/02 00:14:35 INFO python.PythonRunner: Times: total = 22, boot = -97, init = 98, finish = 21
17/02/02 00:14:35 INFO executor.Executor: Finished task 581.0 in stage 329.0 (TID 56326). 2410 bytes result sent to driver
17/02/02 00:14:35 INFO executor.CoarseGrainedExecutorBackend: Got assigned task 56346
17/02/02 00:14:35 INFO executor.Executor: Running task 604.0 in stage 329.0 (TID 56346)
17/02/02 00:14:35 INFO storage.ShuffleBlockFetcherIterator: Getting 495 non-empty blocks out of 930 blocks
17/02/02 00:14:35 INFO storage.ShuffleBlockFetcherIterator: Started 6 remote fetches in 1 ms
17/02/02 00:14:35 INFO python.PythonRunner: Times: total = 252, boot = -103, init = 104, finish = 251
17/02/02 00:14:35 INFO python.PythonRunner: Times: total = 29, boot = -108, init = 109, finish = 28
17/02/02 00:14:35 INFO executor.Executor: Finished task 582.0 in stage 329.0 (TID 56327). 2410 bytes result sent to driver
17/02/02 00:14:35 INFO executor.CoarseGrainedExecutorBackend: Got assigned task 56351
17/02/02 00:14:35 INFO executor.Executor: Running task 607.0 in stage 329.0 (TID 56351)
17/02/02 00:14:35 INFO storage.ShuffleBlockFetcherIterator: Getting 495 non-empty blocks out of 930 blocks
17/02/02 00:14:35 INFO storage.ShuffleBlockFetcherIterator: Started 6 remote fetches in 1 ms
17/02/02 00:14:35 INFO python.PythonRunner: Times: total = 254, boot = -113, init = 114, finish = 253
17/02/02 00:14:35 INFO python.PythonRunner: Times: total = 34, boot = -151, init = 152, finish = 33
17/02/02 00:14:35 INFO python.PythonRunner: Times: total = 238, boot = -134, init = 135, finish = 237
17/02/02 00:14:35 INFO python.PythonRunner: Times: total = 26, boot = -168, init = 169, finish = 25
17/02/02 00:14:35 INFO executor.Executor: Finished task 591.0 in stage 329.0 (TID 56337). 2410 bytes result sent to driver
17/02/02 00:14:35 INFO executor.CoarseGrainedExecutorBackend: Got assigned task 56362
17/02/02 00:14:35 INFO executor.Executor: Running task 618.0 in stage 329.0 (TID 56362)
17/02/02 00:14:35 INFO storage.ShuffleBlockFetcherIterator: Getting 495 non-empty blocks out of 930 blocks
17/02/02 00:14:35 INFO storage.ShuffleBlockFetcherIterator: Started 6 remote fetches in 1 ms
17/02/02 00:14:35 INFO executor.Executor: Finished task 588.0 in stage 329.0 (TID 56333). 2410 bytes result sent to driver
17/02/02 00:14:35 INFO executor.CoarseGrainedExecutorBackend: Got assigned task 56365
17/02/02 00:14:35 INFO executor.Executor: Running task 621.0 in stage 329.0 (TID 56365)
17/02/02 00:14:35 INFO storage.ShuffleBlockFetcherIterator: Getting 495 non-empty blocks out of 930 blocks
17/02/02 00:14:35 INFO storage.ShuffleBlockFetcherIterator: Started 6 remote fetches in 1 ms
17/02/02 00:14:35 INFO python.PythonRunner: Times: total = 320, boot = -123, init = 124, finish = 319
17/02/02 00:14:35 INFO python.PythonRunner: Times: total = 31, boot = -170, init = 172, finish = 29
17/02/02 00:14:35 INFO python.PythonRunner: Times: total = 301, boot = -97, init = 98, finish = 300
17/02/02 00:14:35 INFO executor.Executor: Finished task 595.0 in stage 329.0 (TID 56339). 2410 bytes result sent to driver
17/02/02 00:14:35 INFO executor.CoarseGrainedExecutorBackend: Got assigned task 56369
17/02/02 00:14:35 INFO executor.Executor: Running task 625.0 in stage 329.0 (TID 56369)
17/02/02 00:14:35 INFO storage.ShuffleBlockFetcherIterator: Getting 495 non-empty blocks out of 930 blocks
17/02/02 00:14:35 INFO storage.ShuffleBlockFetcherIterator: Started 6 remote fetches in 2 ms
17/02/02 00:14:35 INFO python.PythonRunner: Times: total = 26, boot = -181, init = 183, finish = 24
17/02/02 00:14:35 INFO python.PythonRunner: Times: total = 258, boot = -103, init = 104, finish = 257
17/02/02 00:14:35 INFO executor.Executor: Finished task 596.0 in stage 329.0 (TID 56341). 2410 bytes result sent to driver
