17/02/02 00:13:38 INFO storage.ShuffleBlockFetcherIterator: Started 6 remote fetches in 1 ms
17/02/02 00:13:38 INFO executor.Executor: Finished task 461.0 in stage 315.0 (TID 54315). 2380 bytes result sent to driver
17/02/02 00:13:38 INFO executor.CoarseGrainedExecutorBackend: Got assigned task 54329
17/02/02 00:13:38 INFO executor.Executor: Running task 475.0 in stage 315.0 (TID 54329)
17/02/02 00:13:38 INFO storage.ShuffleBlockFetcherIterator: Getting 480 non-empty blocks out of 480 blocks
17/02/02 00:13:38 INFO storage.ShuffleBlockFetcherIterator: Started 5 remote fetches in 1 ms
17/02/02 00:13:38 INFO python.PythonRunner: Times: total = 872, boot = -93, init = 94, finish = 871
17/02/02 00:13:38 INFO python.PythonRunner: Times: total = 700, boot = -300, init = 301, finish = 699
17/02/02 00:13:38 INFO python.PythonRunner: Times: total = 910, boot = -184, init = 185, finish = 909
17/02/02 00:13:38 INFO python.PythonRunner: Times: total = 3103, boot = -36, init = 37, finish = 3102
17/02/02 00:13:38 INFO python.PythonRunner: Times: total = 670, boot = -191, init = 192, finish = 669
17/02/02 00:13:38 INFO python.PythonRunner: Times: total = 662, boot = -258, init = 259, finish = 661
17/02/02 00:13:39 INFO python.PythonRunner: Times: total = 548, boot = 4, init = 2, finish = 542
17/02/02 00:13:39 INFO executor.Executor: Finished task 421.0 in stage 315.0 (TID 54278). 2380 bytes result sent to driver
17/02/02 00:13:39 INFO executor.CoarseGrainedExecutorBackend: Got assigned task 54348
17/02/02 00:13:39 INFO executor.Executor: Running task 494.0 in stage 315.0 (TID 54348)
17/02/02 00:13:39 INFO storage.ShuffleBlockFetcherIterator: Getting 480 non-empty blocks out of 480 blocks
17/02/02 00:13:39 INFO storage.ShuffleBlockFetcherIterator: Started 6 remote fetches in 1 ms
17/02/02 00:13:39 INFO python.PythonRunner: Times: total = 1283, boot = -222, init = 224, finish = 1281
17/02/02 00:13:39 INFO python.PythonRunner: Times: total = 1187, boot = 3, init = 1, finish = 1183
17/02/02 00:13:39 INFO python.PythonRunner: Times: total = 1336, boot = -271, init = 274, finish = 1333
17/02/02 00:13:39 INFO python.PythonRunner: Times: total = 1061, boot = 3, init = 1, finish = 1057
17/02/02 00:13:39 INFO python.PythonRunner: Times: total = 1559, boot = -210, init = 212, finish = 1557
17/02/02 00:13:39 INFO executor.Executor: Finished task 474.0 in stage 315.0 (TID 54328). 2380 bytes result sent to driver
17/02/02 00:13:39 INFO executor.CoarseGrainedExecutorBackend: Got assigned task 54350
17/02/02 00:13:39 INFO executor.Executor: Running task 496.0 in stage 315.0 (TID 54350)
17/02/02 00:13:39 INFO storage.ShuffleBlockFetcherIterator: Getting 480 non-empty blocks out of 480 blocks
17/02/02 00:13:39 INFO storage.ShuffleBlockFetcherIterator: Started 5 remote fetches in 1 ms
17/02/02 00:13:39 INFO executor.Executor: Finished task 473.0 in stage 315.0 (TID 54327). 2380 bytes result sent to driver
17/02/02 00:13:39 INFO executor.CoarseGrainedExecutorBackend: Got assigned task 54351
17/02/02 00:13:39 INFO executor.Executor: Running task 497.0 in stage 315.0 (TID 54351)
17/02/02 00:13:39 INFO storage.ShuffleBlockFetcherIterator: Getting 480 non-empty blocks out of 480 blocks
17/02/02 00:13:39 INFO storage.ShuffleBlockFetcherIterator: Started 6 remote fetches in 1 ms
17/02/02 00:13:39 INFO python.PythonRunner: Times: total = 448, boot = -630, init = 631, finish = 447
17/02/02 00:13:39 INFO executor.Executor: Finished task 471.0 in stage 315.0 (TID 54325). 2380 bytes result sent to driver
17/02/02 00:13:39 INFO executor.CoarseGrainedExecutorBackend: Got assigned task 54352
17/02/02 00:13:39 INFO executor.Executor: Running task 498.0 in stage 315.0 (TID 54352)
17/02/02 00:13:39 INFO storage.ShuffleBlockFetcherIterator: Getting 480 non-empty blocks out of 480 blocks
17/02/02 00:13:39 INFO storage.ShuffleBlockFetcherIterator: Started 6 remote fetches in 1 ms
17/02/02 00:13:39 INFO executor.Executor: Finished task 472.0 in stage 315.0 (TID 54326). 2380 bytes result sent to driver
17/02/02 00:13:39 INFO executor.CoarseGrainedExecutorBackend: Got assigned task 54353
17/02/02 00:13:39 INFO executor.Executor: Running task 499.0 in stage 315.0 (TID 54353)
17/02/02 00:13:39 INFO executor.Executor: Finished task 475.0 in stage 315.0 (TID 54329). 2380 bytes result sent to driver
17/02/02 00:13:39 INFO storage.ShuffleBlockFetcherIterator: Getting 480 non-empty blocks out of 480 blocks
17/02/02 00:13:39 INFO storage.ShuffleBlockFetcherIterator: Started 6 remote fetches in 1 ms
17/02/02 00:13:39 INFO executor.CoarseGrainedExecutorBackend: Got assigned task 54354
17/02/02 00:13:39 INFO executor.Executor: Running task 500.0 in stage 315.0 (TID 54354)
17/02/02 00:13:39 INFO storage.ShuffleBlockFetcherIterator: Getting 480 non-empty blocks out of 480 blocks
17/02/02 00:13:39 INFO storage.ShuffleBlockFetcherIterator: Started 6 remote fetches in 1 ms
17/02/02 00:13:40 INFO python.PythonRunner: Times: total = 603, boot = -601, init = 603, finish = 601
17/02/02 00:13:40 INFO executor.Executor: Finished task 494.0 in stage 315.0 (TID 54348). 2380 bytes result sent to driver
17/02/02 00:13:40 INFO executor.CoarseGrainedExecutorBackend: Got assigned task 54364
17/02/02 00:13:40 INFO executor.Executor: Running task 510.0 in stage 315.0 (TID 54364)
17/02/02 00:13:40 INFO storage.ShuffleBlockFetcherIterator: Getting 480 non-empty blocks out of 480 blocks
17/02/02 00:13:40 INFO storage.ShuffleBlockFetcherIterator: Started 6 remote fetches in 1 ms
17/02/02 00:13:40 INFO python.PythonRunner: Times: total = 557, boot = -1043, init = 1044, finish = 556
17/02/02 00:13:40 INFO python.PythonRunner: Times: total = 571, boot = -1026, init = 1026, finish = 571
17/02/02 00:13:40 INFO python.PythonRunner: Times: total = 712, boot = -995, init = 997, finish = 710
17/02/02 00:13:40 INFO python.PythonRunner: Times: total = 561, boot = -548, init = 549, finish = 560
17/02/02 00:13:40 INFO python.PythonRunner: Times: total = 939, boot = -913, init = 914, finish = 938
17/02/02 00:13:40 INFO python.PythonRunner: Times: total = 577, boot = -548, init = 549, finish = 576
17/02/02 00:13:40 INFO python.PythonRunner: Times: total = 420, boot = -497, init = 498, finish = 419
17/02/02 00:13:40 INFO python.PythonRunner: Times: total = 901, boot = -479, init = 480, finish = 900
17/02/02 00:13:40 INFO python.PythonRunner: Times: total = 685, boot = -589, init = 591, finish = 683
17/02/02 00:13:40 INFO executor.Executor: Finished task 499.0 in stage 315.0 (TID 54353). 2380 bytes result sent to driver
17/02/02 00:13:40 INFO executor.CoarseGrainedExecutorBackend: Got assigned task 54374
17/02/02 00:13:40 INFO executor.Executor: Running task 520.0 in stage 315.0 (TID 54374)
17/02/02 00:13:40 INFO storage.ShuffleBlockFetcherIterator: Getting 480 non-empty blocks out of 480 blocks
17/02/02 00:13:40 INFO storage.ShuffleBlockFetcherIterator: Started 6 remote fetches in 1 ms
17/02/02 00:13:40 INFO executor.Executor: Finished task 498.0 in stage 315.0 (TID 54352). 2380 bytes result sent to driver
17/02/02 00:13:40 INFO executor.CoarseGrainedExecutorBackend: Got assigned task 54375
17/02/02 00:13:40 INFO executor.Executor: Running task 521.0 in stage 315.0 (TID 54375)
17/02/02 00:13:40 INFO storage.ShuffleBlockFetcherIterator: Getting 480 non-empty blocks out of 480 blocks
17/02/02 00:13:40 INFO storage.ShuffleBlockFetcherIterator: Started 6 remote fetches in 1 ms
17/02/02 00:13:40 INFO executor.Executor: Finished task 497.0 in stage 315.0 (TID 54351). 2380 bytes result sent to driver
17/02/02 00:13:40 INFO executor.CoarseGrainedExecutorBackend: Got assigned task 54379
17/02/02 00:13:40 INFO executor.Executor: Running task 525.0 in stage 315.0 (TID 54379)
17/02/02 00:13:40 INFO storage.ShuffleBlockFetcherIterator: Getting 480 non-empty blocks out of 480 blocks
17/02/02 00:13:40 INFO storage.ShuffleBlockFetcherIterator: Started 6 remote fetches in 1 ms
17/02/02 00:13:40 INFO python.PythonRunner: Times: total = 863, boot = -606, init = 608, finish = 861
17/02/02 00:13:41 INFO python.PythonRunner: Times: total = 633, boot = -319, init = 320, finish = 632
17/02/02 00:13:41 INFO python.PythonRunner: Times: total = 959, boot = -639, init = 641, finish = 957
17/02/02 00:13:41 INFO executor.Executor: Finished task 496.0 in stage 315.0 (TID 54350). 2380 bytes result sent to driver
17/02/02 00:13:41 INFO executor.CoarseGrainedExecutorBackend: Got assigned task 54382
17/02/02 00:13:41 INFO executor.Executor: Running task 528.0 in stage 315.0 (TID 54382)
17/02/02 00:13:41 INFO storage.ShuffleBlockFetcherIterator: Getting 480 non-empty blocks out of 480 blocks
17/02/02 00:13:41 INFO storage.ShuffleBlockFetcherIterator: Started 6 remote fetches in 1 ms
17/02/02 00:13:41 INFO executor.Executor: Finished task 510.0 in stage 315.0 (TID 54364). 2380 bytes result sent to driver
17/02/02 00:13:41 INFO executor.CoarseGrainedExecutorBackend: Got assigned task 54383
17/02/02 00:13:41 INFO executor.Executor: Running task 529.0 in stage 315.0 (TID 54383)
17/02/02 00:13:41 INFO storage.ShuffleBlockFetcherIterator: Getting 480 non-empty blocks out of 480 blocks
17/02/02 00:13:41 INFO storage.ShuffleBlockFetcherIterator: Started 6 remote fetches in 2 ms
17/02/02 00:13:41 INFO python.PythonRunner: Times: total = 450, boot = -474, init = 475, finish = 449
17/02/02 00:13:41 INFO executor.Executor: Finished task 500.0 in stage 315.0 (TID 54354). 2380 bytes result sent to driver
17/02/02 00:13:41 INFO executor.CoarseGrainedExecutorBackend: Got assigned task 54384
17/02/02 00:13:41 INFO executor.Executor: Running task 530.0 in stage 315.0 (TID 54384)
17/02/02 00:13:41 INFO storage.ShuffleBlockFetcherIterator: Getting 480 non-empty blocks out of 480 blocks
17/02/02 00:13:41 INFO storage.ShuffleBlockFetcherIterator: Started 6 remote fetches in 1 ms
17/02/02 00:13:41 INFO python.PythonRunner: Times: total = 542, boot = -496, init = 498, finish = 540
17/02/02 00:13:41 INFO python.PythonRunner: Times: total = 486, boot = -355, init = 356, finish = 485
