17/02/02 00:27:47 INFO storage.ShuffleBlockFetcherIterator: Started 4 remote fetches in 1 ms
17/02/02 00:27:47 INFO executor.Executor: Finished task 1698.0 in stage 365.0 (TID 69832). 1344 bytes result sent to driver
17/02/02 00:27:47 INFO executor.CoarseGrainedExecutorBackend: Got assigned task 69855
17/02/02 00:27:47 INFO executor.Executor: Running task 1721.0 in stage 365.0 (TID 69855)
17/02/02 00:27:47 INFO python.PythonRunner: Times: total = 166, boot = -29, init = 30, finish = 165
17/02/02 00:27:47 INFO executor.Executor: Finished task 1701.0 in stage 365.0 (TID 69835). 1344 bytes result sent to driver
17/02/02 00:27:47 INFO storage.ShuffleBlockFetcherIterator: Getting 105 non-empty blocks out of 1920 blocks
17/02/02 00:27:47 INFO storage.ShuffleBlockFetcherIterator: Started 4 remote fetches in 1 ms
17/02/02 00:27:47 INFO executor.CoarseGrainedExecutorBackend: Got assigned task 69857
17/02/02 00:27:47 INFO executor.Executor: Running task 1723.0 in stage 365.0 (TID 69857)
17/02/02 00:27:47 INFO python.PythonRunner: Times: total = 164, boot = -33, init = 35, finish = 162
17/02/02 00:27:47 INFO executor.Executor: Finished task 1704.0 in stage 365.0 (TID 69838). 1344 bytes result sent to driver
17/02/02 00:27:47 INFO executor.CoarseGrainedExecutorBackend: Got assigned task 69860
17/02/02 00:27:47 INFO executor.Executor: Running task 1726.0 in stage 365.0 (TID 69860)
17/02/02 00:27:47 INFO storage.ShuffleBlockFetcherIterator: Getting 111 non-empty blocks out of 1920 blocks
17/02/02 00:27:47 INFO storage.ShuffleBlockFetcherIterator: Started 4 remote fetches in 1 ms
17/02/02 00:27:47 INFO storage.ShuffleBlockFetcherIterator: Getting 112 non-empty blocks out of 1920 blocks
17/02/02 00:27:47 INFO storage.ShuffleBlockFetcherIterator: Started 4 remote fetches in 0 ms
17/02/02 00:27:47 INFO python.PythonRunner: Times: total = 55, boot = -176, init = 177, finish = 54
17/02/02 00:27:47 INFO executor.Executor: Finished task 1712.0 in stage 365.0 (TID 69846). 1344 bytes result sent to driver
17/02/02 00:27:47 INFO executor.CoarseGrainedExecutorBackend: Got assigned task 69884
17/02/02 00:27:47 INFO executor.Executor: Running task 1750.0 in stage 365.0 (TID 69884)
17/02/02 00:27:47 INFO storage.ShuffleBlockFetcherIterator: Getting 109 non-empty blocks out of 1920 blocks
17/02/02 00:27:47 INFO storage.ShuffleBlockFetcherIterator: Started 4 remote fetches in 1 ms
17/02/02 00:27:47 INFO python.PythonRunner: Times: total = 52, boot = -169, init = 171, finish = 50
17/02/02 00:27:47 INFO python.PythonRunner: Times: total = 60, boot = -172, init = 174, finish = 58
17/02/02 00:27:47 INFO executor.Executor: Finished task 1721.0 in stage 365.0 (TID 69855). 1344 bytes result sent to driver
17/02/02 00:27:47 INFO executor.Executor: Finished task 1714.0 in stage 365.0 (TID 69848). 1344 bytes result sent to driver
17/02/02 00:27:47 INFO python.PythonRunner: Times: total = 58, boot = -178, init = 180, finish = 56
17/02/02 00:27:47 INFO executor.Executor: Finished task 1718.0 in stage 365.0 (TID 69852). 1344 bytes result sent to driver
17/02/02 00:27:47 INFO executor.CoarseGrainedExecutorBackend: Got assigned task 69889
17/02/02 00:27:47 INFO executor.Executor: Running task 1755.0 in stage 365.0 (TID 69889)
17/02/02 00:27:47 INFO executor.CoarseGrainedExecutorBackend: Got assigned task 69891
17/02/02 00:27:47 INFO executor.Executor: Running task 1757.0 in stage 365.0 (TID 69891)
17/02/02 00:27:47 INFO executor.CoarseGrainedExecutorBackend: Got assigned task 69892
17/02/02 00:27:47 INFO executor.Executor: Running task 1758.0 in stage 365.0 (TID 69892)
17/02/02 00:27:47 INFO storage.ShuffleBlockFetcherIterator: Getting 107 non-empty blocks out of 1920 blocks
17/02/02 00:27:47 INFO storage.ShuffleBlockFetcherIterator: Getting 112 non-empty blocks out of 1920 blocks
17/02/02 00:27:47 INFO storage.ShuffleBlockFetcherIterator: Started 4 remote fetches in 1 ms
17/02/02 00:27:47 INFO storage.ShuffleBlockFetcherIterator: Getting 108 non-empty blocks out of 1920 blocks
17/02/02 00:27:47 INFO storage.ShuffleBlockFetcherIterator: Started 4 remote fetches in 1 ms
17/02/02 00:27:47 INFO storage.ShuffleBlockFetcherIterator: Started 4 remote fetches in 1 ms
17/02/02 00:27:47 INFO python.PythonRunner: Times: total = 56, boot = -160, init = 163, finish = 53
17/02/02 00:27:47 INFO executor.Executor: Finished task 1723.0 in stage 365.0 (TID 69857). 1344 bytes result sent to driver
17/02/02 00:27:47 INFO executor.CoarseGrainedExecutorBackend: Got assigned task 69900
17/02/02 00:27:47 INFO executor.Executor: Running task 1766.0 in stage 365.0 (TID 69900)
17/02/02 00:27:47 INFO storage.ShuffleBlockFetcherIterator: Getting 111 non-empty blocks out of 1920 blocks
17/02/02 00:27:47 INFO storage.ShuffleBlockFetcherIterator: Started 4 remote fetches in 1 ms
17/02/02 00:27:47 INFO python.PythonRunner: Times: total = 58, boot = -158, init = 160, finish = 56
17/02/02 00:27:47 INFO executor.Executor: Finished task 1726.0 in stage 365.0 (TID 69860). 1344 bytes result sent to driver
17/02/02 00:27:47 INFO executor.CoarseGrainedExecutorBackend: Got assigned task 69904
17/02/02 00:27:47 INFO executor.Executor: Running task 1770.0 in stage 365.0 (TID 69904)
17/02/02 00:27:47 INFO storage.ShuffleBlockFetcherIterator: Getting 111 non-empty blocks out of 1920 blocks
17/02/02 00:27:47 INFO storage.ShuffleBlockFetcherIterator: Started 4 remote fetches in 1 ms
17/02/02 00:27:47 INFO python.PythonRunner: Times: total = 47, boot = -30, init = 32, finish = 45
17/02/02 00:27:47 INFO executor.Executor: Finished task 1750.0 in stage 365.0 (TID 69884). 1344 bytes result sent to driver
17/02/02 00:27:47 INFO executor.CoarseGrainedExecutorBackend: Got assigned task 69922
17/02/02 00:27:47 INFO executor.Executor: Running task 1788.0 in stage 365.0 (TID 69922)
17/02/02 00:27:47 INFO storage.ShuffleBlockFetcherIterator: Getting 110 non-empty blocks out of 1920 blocks
17/02/02 00:27:47 INFO storage.ShuffleBlockFetcherIterator: Started 4 remote fetches in 1 ms
17/02/02 00:27:47 INFO python.PythonRunner: Times: total = 49, boot = -35, init = 37, finish = 47
17/02/02 00:27:47 INFO python.PythonRunner: Times: total = 49, boot = -44, init = 46, finish = 47
17/02/02 00:27:47 INFO executor.Executor: Finished task 1755.0 in stage 365.0 (TID 69889). 1344 bytes result sent to driver
17/02/02 00:27:47 INFO executor.Executor: Finished task 1757.0 in stage 365.0 (TID 69891). 1344 bytes result sent to driver
17/02/02 00:27:47 INFO executor.CoarseGrainedExecutorBackend: Got assigned task 69929
17/02/02 00:27:47 INFO executor.Executor: Running task 1795.0 in stage 365.0 (TID 69929)
17/02/02 00:27:47 INFO executor.CoarseGrainedExecutorBackend: Got assigned task 69930
17/02/02 00:27:47 INFO executor.Executor: Running task 1796.0 in stage 365.0 (TID 69930)
17/02/02 00:27:47 INFO python.PythonRunner: Times: total = 53, boot = -33, init = 36, finish = 50
17/02/02 00:27:47 INFO executor.Executor: Finished task 1758.0 in stage 365.0 (TID 69892). 1344 bytes result sent to driver
17/02/02 00:27:47 INFO storage.ShuffleBlockFetcherIterator: Getting 112 non-empty blocks out of 1920 blocks
17/02/02 00:27:47 INFO executor.CoarseGrainedExecutorBackend: Got assigned task 69934
17/02/02 00:27:47 INFO storage.ShuffleBlockFetcherIterator: Getting 112 non-empty blocks out of 1920 blocks
17/02/02 00:27:47 INFO executor.Executor: Running task 1800.0 in stage 365.0 (TID 69934)
17/02/02 00:27:47 INFO storage.ShuffleBlockFetcherIterator: Started 4 remote fetches in 0 ms
17/02/02 00:27:47 INFO storage.ShuffleBlockFetcherIterator: Started 4 remote fetches in 1 ms
17/02/02 00:27:47 INFO storage.ShuffleBlockFetcherIterator: Getting 112 non-empty blocks out of 1920 blocks
17/02/02 00:27:47 INFO storage.ShuffleBlockFetcherIterator: Started 4 remote fetches in 0 ms
17/02/02 00:27:47 INFO python.PythonRunner: Times: total = 51, boot = -41, init = 43, finish = 49
17/02/02 00:27:47 INFO executor.Executor: Finished task 1766.0 in stage 365.0 (TID 69900). 1344 bytes result sent to driver
17/02/02 00:27:47 INFO executor.CoarseGrainedExecutorBackend: Got assigned task 69938
17/02/02 00:27:47 INFO executor.Executor: Running task 1804.0 in stage 365.0 (TID 69938)
17/02/02 00:27:47 INFO python.PythonRunner: Times: total = 43, boot = -51, init = 53, finish = 41
17/02/02 00:27:47 INFO executor.Executor: Finished task 1770.0 in stage 365.0 (TID 69904). 1344 bytes result sent to driver
17/02/02 00:27:47 INFO storage.ShuffleBlockFetcherIterator: Getting 107 non-empty blocks out of 1920 blocks
17/02/02 00:27:47 INFO storage.ShuffleBlockFetcherIterator: Started 4 remote fetches in 1 ms
17/02/02 00:27:47 INFO executor.CoarseGrainedExecutorBackend: Got assigned task 69942
17/02/02 00:27:47 INFO executor.Executor: Running task 1808.0 in stage 365.0 (TID 69942)
17/02/02 00:27:47 INFO storage.ShuffleBlockFetcherIterator: Getting 111 non-empty blocks out of 1920 blocks
17/02/02 00:27:47 INFO storage.ShuffleBlockFetcherIterator: Started 4 remote fetches in 1 ms
17/02/02 00:27:47 INFO python.PythonRunner: Times: total = 43, boot = -30, init = 32, finish = 41
17/02/02 00:27:47 INFO executor.Executor: Finished task 1788.0 in stage 365.0 (TID 69922). 1344 bytes result sent to driver
17/02/02 00:27:47 INFO executor.CoarseGrainedExecutorBackend: Got assigned task 69956
17/02/02 00:27:47 INFO executor.Executor: Running task 1822.0 in stage 365.0 (TID 69956)
17/02/02 00:27:47 INFO storage.ShuffleBlockFetcherIterator: Getting 114 non-empty blocks out of 1920 blocks
17/02/02 00:27:47 INFO storage.ShuffleBlockFetcherIterator: Started 4 remote fetches in 1 ms
17/02/02 00:27:47 INFO python.PythonRunner: Times: total = 124, boot = -33, init = 35, finish = 122
17/02/02 00:27:47 INFO executor.Executor: Finished task 1800.0 in stage 365.0 (TID 69934). 1344 bytes result sent to driver
17/02/02 00:27:47 INFO executor.CoarseGrainedExecutorBackend: Got assigned task 70014
17/02/02 00:27:47 INFO executor.Executor: Running task 1880.0 in stage 365.0 (TID 70014)
