17/02/02 00:13:28 INFO executor.Executor: Running task 137.0 in stage 315.0 (TID 53991)
17/02/02 00:13:28 INFO storage.ShuffleBlockFetcherIterator: Getting 247 non-empty blocks out of 450 blocks
17/02/02 00:13:28 INFO storage.ShuffleBlockFetcherIterator: Started 5 remote fetches in 1 ms
17/02/02 00:13:28 INFO python.PythonRunner: Times: total = 282, boot = -4, init = 5, finish = 281
17/02/02 00:13:29 INFO python.PythonRunner: Times: total = 105, boot = -117, init = 118, finish = 104
17/02/02 00:13:29 INFO executor.Executor: Finished task 125.0 in stage 315.0 (TID 53980). 2380 bytes result sent to driver
17/02/02 00:13:29 INFO executor.CoarseGrainedExecutorBackend: Got assigned task 53995
17/02/02 00:13:29 INFO executor.Executor: Running task 140.0 in stage 315.0 (TID 53995)
17/02/02 00:13:29 INFO storage.ShuffleBlockFetcherIterator: Getting 247 non-empty blocks out of 450 blocks
17/02/02 00:13:29 INFO storage.ShuffleBlockFetcherIterator: Started 5 remote fetches in 1 ms
17/02/02 00:13:29 INFO python.PythonRunner: Times: total = 350, boot = -59, init = 60, finish = 349
17/02/02 00:13:29 INFO python.PythonRunner: Times: total = 354, boot = -50, init = 51, finish = 353
17/02/02 00:13:29 INFO python.PythonRunner: Times: total = 58, boot = -267, init = 268, finish = 57
17/02/02 00:13:29 INFO python.PythonRunner: Times: total = 356, boot = -54, init = 55, finish = 355
17/02/02 00:13:29 INFO executor.Executor: Finished task 127.0 in stage 315.0 (TID 53983). 2380 bytes result sent to driver
17/02/02 00:13:29 INFO executor.CoarseGrainedExecutorBackend: Got assigned task 53998
17/02/02 00:13:29 INFO executor.Executor: Running task 141.0 in stage 315.0 (TID 53998)
17/02/02 00:13:29 INFO storage.ShuffleBlockFetcherIterator: Getting 247 non-empty blocks out of 450 blocks
17/02/02 00:13:29 INFO storage.ShuffleBlockFetcherIterator: Started 5 remote fetches in 1 ms
17/02/02 00:13:29 INFO python.PythonRunner: Times: total = 382, boot = -45, init = 47, finish = 380
17/02/02 00:13:29 INFO python.PythonRunner: Times: total = 100, boot = -136, init = 138, finish = 98
17/02/02 00:13:29 INFO executor.Executor: Finished task 128.0 in stage 315.0 (TID 53984). 2380 bytes result sent to driver
17/02/02 00:13:29 INFO executor.CoarseGrainedExecutorBackend: Got assigned task 54001
17/02/02 00:13:29 INFO executor.Executor: Running task 144.0 in stage 315.0 (TID 54001)
17/02/02 00:13:29 INFO storage.ShuffleBlockFetcherIterator: Getting 247 non-empty blocks out of 450 blocks
17/02/02 00:13:29 INFO storage.ShuffleBlockFetcherIterator: Started 5 remote fetches in 0 ms
17/02/02 00:13:29 INFO python.PythonRunner: Times: total = 356, boot = -116, init = 117, finish = 355
17/02/02 00:13:29 INFO python.PythonRunner: Times: total = 96, boot = -1, init = 2, finish = 95
17/02/02 00:13:29 INFO python.PythonRunner: Times: total = 125, boot = -90, init = 92, finish = 123
17/02/02 00:13:29 INFO executor.Executor: Finished task 132.0 in stage 315.0 (TID 53986). 2380 bytes result sent to driver
17/02/02 00:13:29 INFO executor.Executor: Finished task 133.0 in stage 315.0 (TID 53987). 2380 bytes result sent to driver
17/02/02 00:13:29 INFO executor.CoarseGrainedExecutorBackend: Got assigned task 54004
17/02/02 00:13:29 INFO executor.Executor: Running task 146.0 in stage 315.0 (TID 54004)
17/02/02 00:13:29 INFO executor.CoarseGrainedExecutorBackend: Got assigned task 54005
17/02/02 00:13:29 INFO executor.Executor: Running task 147.0 in stage 315.0 (TID 54005)
17/02/02 00:13:29 INFO storage.ShuffleBlockFetcherIterator: Getting 247 non-empty blocks out of 450 blocks
17/02/02 00:13:29 INFO storage.ShuffleBlockFetcherIterator: Getting 247 non-empty blocks out of 450 blocks
17/02/02 00:13:29 INFO storage.ShuffleBlockFetcherIterator: Started 6 remote fetches in 1 ms
17/02/02 00:13:29 INFO storage.ShuffleBlockFetcherIterator: Started 5 remote fetches in 1 ms
17/02/02 00:13:29 INFO python.PythonRunner: Times: total = 101, boot = -22, init = 24, finish = 99
17/02/02 00:13:29 INFO python.PythonRunner: Times: total = 260, boot = -243, init = 245, finish = 258
17/02/02 00:13:29 INFO executor.Executor: Finished task 137.0 in stage 315.0 (TID 53991). 2380 bytes result sent to driver
17/02/02 00:13:29 INFO executor.CoarseGrainedExecutorBackend: Got assigned task 54011
17/02/02 00:13:29 INFO executor.Executor: Running task 157.0 in stage 315.0 (TID 54011)
17/02/02 00:13:29 INFO storage.ShuffleBlockFetcherIterator: Getting 247 non-empty blocks out of 450 blocks
17/02/02 00:13:29 INFO storage.ShuffleBlockFetcherIterator: Started 7 remote fetches in 1 ms
17/02/02 00:13:29 INFO python.PythonRunner: Times: total = 87, boot = -32, init = 33, finish = 86
17/02/02 00:13:29 INFO executor.Executor: Finished task 140.0 in stage 315.0 (TID 53995). 2380 bytes result sent to driver
17/02/02 00:13:29 INFO executor.CoarseGrainedExecutorBackend: Got assigned task 54014
17/02/02 00:13:29 INFO executor.Executor: Running task 160.0 in stage 315.0 (TID 54014)
17/02/02 00:13:29 INFO storage.ShuffleBlockFetcherIterator: Getting 247 non-empty blocks out of 450 blocks
17/02/02 00:13:29 INFO storage.ShuffleBlockFetcherIterator: Started 5 remote fetches in 1 ms
17/02/02 00:13:29 INFO python.PythonRunner: Times: total = 323, boot = -28, init = 29, finish = 322
17/02/02 00:13:29 INFO python.PythonRunner: Times: total = 287, boot = -30, init = 31, finish = 286
17/02/02 00:13:29 INFO python.PythonRunner: Times: total = 99, boot = -135, init = 136, finish = 98
17/02/02 00:13:29 INFO python.PythonRunner: Times: total = 88, boot = -160, init = 161, finish = 87
17/02/02 00:13:29 INFO executor.Executor: Finished task 141.0 in stage 315.0 (TID 53998). 2380 bytes result sent to driver
17/02/02 00:13:29 INFO executor.CoarseGrainedExecutorBackend: Got assigned task 54021
17/02/02 00:13:29 INFO executor.Executor: Running task 167.0 in stage 315.0 (TID 54021)
17/02/02 00:13:29 INFO storage.ShuffleBlockFetcherIterator: Getting 247 non-empty blocks out of 450 blocks
17/02/02 00:13:29 INFO storage.ShuffleBlockFetcherIterator: Started 5 remote fetches in 1 ms
17/02/02 00:13:29 INFO executor.Executor: Finished task 144.0 in stage 315.0 (TID 54001). 2380 bytes result sent to driver
17/02/02 00:13:29 INFO executor.CoarseGrainedExecutorBackend: Got assigned task 54022
17/02/02 00:13:29 INFO executor.Executor: Running task 168.0 in stage 315.0 (TID 54022)
17/02/02 00:13:29 INFO storage.ShuffleBlockFetcherIterator: Getting 247 non-empty blocks out of 450 blocks
17/02/02 00:13:29 INFO storage.ShuffleBlockFetcherIterator: Started 5 remote fetches in 1 ms
17/02/02 00:13:29 INFO python.PythonRunner: Times: total = 286, boot = -55, init = 56, finish = 285
17/02/02 00:13:29 INFO python.PythonRunner: Times: total = 361, boot = -52, init = 53, finish = 360
17/02/02 00:13:29 INFO python.PythonRunner: Times: total = 367, boot = -66, init = 67, finish = 366
17/02/02 00:13:29 INFO python.PythonRunner: Times: total = 82, boot = -73, init = 74, finish = 81
17/02/02 00:13:29 INFO executor.Executor: Finished task 157.0 in stage 315.0 (TID 54011). 2380 bytes result sent to driver
17/02/02 00:13:29 INFO executor.CoarseGrainedExecutorBackend: Got assigned task 54025
17/02/02 00:13:29 INFO executor.Executor: Running task 170.0 in stage 315.0 (TID 54025)
17/02/02 00:13:29 INFO python.PythonRunner: Times: total = 111, boot = -82, init = 84, finish = 109
17/02/02 00:13:29 INFO storage.ShuffleBlockFetcherIterator: Getting 247 non-empty blocks out of 450 blocks
17/02/02 00:13:29 INFO python.PythonRunner: Times: total = 316, boot = -113, init = 114, finish = 315
17/02/02 00:13:29 INFO storage.ShuffleBlockFetcherIterator: Started 4 remote fetches in 0 ms
17/02/02 00:13:29 INFO executor.Executor: Finished task 147.0 in stage 315.0 (TID 54005). 2380 bytes result sent to driver
17/02/02 00:13:29 INFO python.PythonRunner: Times: total = 92, boot = -14, init = 15, finish = 91
17/02/02 00:13:29 INFO executor.CoarseGrainedExecutorBackend: Got assigned task 54029
17/02/02 00:13:29 INFO executor.Executor: Running task 173.0 in stage 315.0 (TID 54029)
17/02/02 00:13:29 INFO storage.ShuffleBlockFetcherIterator: Getting 247 non-empty blocks out of 450 blocks
17/02/02 00:13:29 INFO storage.ShuffleBlockFetcherIterator: Started 4 remote fetches in 1 ms
17/02/02 00:13:29 INFO executor.Executor: Finished task 146.0 in stage 315.0 (TID 54004). 2380 bytes result sent to driver
17/02/02 00:13:29 INFO executor.CoarseGrainedExecutorBackend: Got assigned task 54030
17/02/02 00:13:29 INFO executor.Executor: Running task 174.0 in stage 315.0 (TID 54030)
17/02/02 00:13:29 INFO storage.ShuffleBlockFetcherIterator: Getting 247 non-empty blocks out of 450 blocks
17/02/02 00:13:29 INFO storage.ShuffleBlockFetcherIterator: Started 5 remote fetches in 0 ms
17/02/02 00:13:29 INFO python.PythonRunner: Times: total = 101, boot = -53, init = 54, finish = 100
17/02/02 00:13:29 INFO executor.Executor: Finished task 160.0 in stage 315.0 (TID 54014). 2380 bytes result sent to driver
17/02/02 00:13:29 INFO executor.CoarseGrainedExecutorBackend: Got assigned task 54034
17/02/02 00:13:29 INFO executor.Executor: Running task 180.0 in stage 315.0 (TID 54034)
17/02/02 00:13:29 INFO storage.ShuffleBlockFetcherIterator: Getting 247 non-empty blocks out of 450 blocks
17/02/02 00:13:29 INFO storage.ShuffleBlockFetcherIterator: Started 6 remote fetches in 1 ms
17/02/02 00:13:29 INFO python.PythonRunner: Times: total = 228, boot = -17, init = 18, finish = 227
17/02/02 00:13:29 INFO python.PythonRunner: Times: total = 40, boot = -85, init = 86, finish = 39
17/02/02 00:13:29 INFO executor.Executor: Finished task 168.0 in stage 315.0 (TID 54022). 2380 bytes result sent to driver
17/02/02 00:13:29 INFO executor.CoarseGrainedExecutorBackend: Got assigned task 54037
17/02/02 00:13:29 INFO executor.Executor: Running task 181.0 in stage 315.0 (TID 54037)
17/02/02 00:13:29 INFO storage.ShuffleBlockFetcherIterator: Getting 247 non-empty blocks out of 450 blocks
