17/02/01 23:11:46 INFO executor.Executor: Finished task 1673.0 in stage 238.0 (TID 43971). 3378 bytes result sent to driver
17/02/01 23:11:46 INFO storage.ShuffleBlockFetcherIterator: Getting 93 non-empty blocks out of 1920 blocks
17/02/01 23:11:46 INFO storage.ShuffleBlockFetcherIterator: Started 4 remote fetches in 0 ms
17/02/01 23:11:46 INFO executor.CoarseGrainedExecutorBackend: Got assigned task 44008
17/02/01 23:11:46 INFO executor.Executor: Running task 1710.0 in stage 238.0 (TID 44008)
17/02/01 23:11:46 INFO executor.CoarseGrainedExecutorBackend: Got assigned task 44009
17/02/01 23:11:46 INFO executor.Executor: Running task 1711.0 in stage 238.0 (TID 44009)
17/02/01 23:11:46 INFO executor.CoarseGrainedExecutorBackend: Got assigned task 44010
17/02/01 23:11:46 INFO executor.Executor: Running task 1712.0 in stage 238.0 (TID 44010)
17/02/01 23:11:46 INFO storage.ShuffleBlockFetcherIterator: Getting 93 non-empty blocks out of 1920 blocks
17/02/01 23:11:46 INFO storage.ShuffleBlockFetcherIterator: Getting 93 non-empty blocks out of 1920 blocks
17/02/01 23:11:46 INFO storage.ShuffleBlockFetcherIterator: Getting 93 non-empty blocks out of 1920 blocks
17/02/01 23:11:46 INFO storage.ShuffleBlockFetcherIterator: Started 4 remote fetches in 1 ms
17/02/01 23:11:46 INFO storage.ShuffleBlockFetcherIterator: Started 4 remote fetches in 2 ms
17/02/01 23:11:46 INFO storage.ShuffleBlockFetcherIterator: Started 4 remote fetches in 1 ms
17/02/01 23:11:46 INFO python.PythonRunner: Times: total = 254, boot = -35, init = 36, finish = 253
17/02/01 23:11:46 INFO python.PythonRunner: Times: total = 24, boot = -210, init = 211, finish = 23
17/02/01 23:11:46 INFO python.PythonRunner: Times: total = 25, boot = 8, init = 0, finish = 17
17/02/01 23:11:46 INFO executor.Executor: Finished task 1671.0 in stage 238.0 (TID 43969). 3378 bytes result sent to driver
17/02/01 23:11:46 INFO executor.CoarseGrainedExecutorBackend: Got assigned task 44023
17/02/01 23:11:46 INFO executor.Executor: Running task 1725.0 in stage 238.0 (TID 44023)
17/02/01 23:11:47 INFO storage.ShuffleBlockFetcherIterator: Getting 93 non-empty blocks out of 1920 blocks
17/02/01 23:11:47 INFO executor.Executor: Finished task 1705.0 in stage 238.0 (TID 44003). 3378 bytes result sent to driver
17/02/01 23:11:47 INFO storage.ShuffleBlockFetcherIterator: Started 4 remote fetches in 1 ms
17/02/01 23:11:47 INFO executor.CoarseGrainedExecutorBackend: Got assigned task 44025
17/02/01 23:11:47 INFO executor.Executor: Running task 1727.0 in stage 238.0 (TID 44025)
17/02/01 23:11:47 INFO executor.Executor: Finished task 1710.0 in stage 238.0 (TID 44008). 3378 bytes result sent to driver
17/02/01 23:11:47 INFO storage.ShuffleBlockFetcherIterator: Getting 93 non-empty blocks out of 1920 blocks
17/02/01 23:11:47 INFO storage.ShuffleBlockFetcherIterator: Started 4 remote fetches in 1 ms
17/02/01 23:11:47 INFO executor.CoarseGrainedExecutorBackend: Got assigned task 44028
17/02/01 23:11:47 INFO executor.Executor: Running task 1730.0 in stage 238.0 (TID 44028)
17/02/01 23:11:47 INFO storage.ShuffleBlockFetcherIterator: Getting 93 non-empty blocks out of 1920 blocks
17/02/01 23:11:47 INFO storage.ShuffleBlockFetcherIterator: Started 4 remote fetches in 2 ms
17/02/01 23:11:47 INFO python.PythonRunner: Times: total = 56, boot = -249, init = 251, finish = 54
17/02/01 23:11:47 INFO python.PythonRunner: Times: total = 12, boot = -27, init = 28, finish = 11
17/02/01 23:11:47 INFO python.PythonRunner: Times: total = 59, boot = -192, init = 193, finish = 58
17/02/01 23:11:47 INFO executor.Executor: Finished task 1702.0 in stage 238.0 (TID 44000). 3378 bytes result sent to driver
17/02/01 23:11:47 INFO executor.Executor: Finished task 1730.0 in stage 238.0 (TID 44028). 3378 bytes result sent to driver
17/02/01 23:11:47 INFO executor.CoarseGrainedExecutorBackend: Got assigned task 44037
17/02/01 23:11:47 INFO executor.CoarseGrainedExecutorBackend: Got assigned task 44038
17/02/01 23:11:47 INFO executor.Executor: Running task 1739.0 in stage 238.0 (TID 44037)
17/02/01 23:11:47 INFO executor.Executor: Running task 1740.0 in stage 238.0 (TID 44038)
17/02/01 23:11:47 INFO storage.ShuffleBlockFetcherIterator: Getting 93 non-empty blocks out of 1920 blocks
17/02/01 23:11:47 INFO storage.ShuffleBlockFetcherIterator: Getting 93 non-empty blocks out of 1920 blocks
17/02/01 23:11:47 INFO python.PythonRunner: Times: total = 64, boot = 8, init = 0, finish = 56
17/02/01 23:11:47 INFO storage.ShuffleBlockFetcherIterator: Started 4 remote fetches in 1 ms
17/02/01 23:11:47 INFO storage.ShuffleBlockFetcherIterator: Started 4 remote fetches in 1 ms
17/02/01 23:11:47 INFO executor.Executor: Finished task 1712.0 in stage 238.0 (TID 44010). 3378 bytes result sent to driver
17/02/01 23:11:47 INFO executor.CoarseGrainedExecutorBackend: Got assigned task 44043
17/02/01 23:11:47 INFO executor.Executor: Running task 1745.0 in stage 238.0 (TID 44043)
17/02/01 23:11:47 INFO storage.ShuffleBlockFetcherIterator: Getting 93 non-empty blocks out of 1920 blocks
17/02/01 23:11:47 INFO executor.Executor: Finished task 1711.0 in stage 238.0 (TID 44009). 3378 bytes result sent to driver
17/02/01 23:11:47 INFO storage.ShuffleBlockFetcherIterator: Started 4 remote fetches in 1 ms
17/02/01 23:11:47 INFO executor.CoarseGrainedExecutorBackend: Got assigned task 44049
17/02/01 23:11:47 INFO executor.Executor: Running task 1751.0 in stage 238.0 (TID 44049)
17/02/01 23:11:47 INFO storage.ShuffleBlockFetcherIterator: Getting 93 non-empty blocks out of 1920 blocks
17/02/01 23:11:47 INFO storage.ShuffleBlockFetcherIterator: Started 4 remote fetches in 1 ms
17/02/01 23:11:47 INFO python.PythonRunner: Times: total = 56, boot = -23, init = 24, finish = 55
17/02/01 23:11:47 INFO python.PythonRunner: Times: total = 52, boot = -23, init = 24, finish = 51
17/02/01 23:11:47 INFO python.PythonRunner: Times: total = 17, boot = -3, init = 5, finish = 15
17/02/01 23:11:47 INFO python.PythonRunner: Times: total = 19, boot = -27, init = 28, finish = 18
17/02/01 23:11:47 INFO executor.Executor: Finished task 1725.0 in stage 238.0 (TID 44023). 3378 bytes result sent to driver
17/02/01 23:11:47 INFO executor.CoarseGrainedExecutorBackend: Got assigned task 44058
17/02/01 23:11:47 INFO executor.Executor: Running task 1760.0 in stage 238.0 (TID 44058)
17/02/01 23:11:47 INFO executor.Executor: Finished task 1727.0 in stage 238.0 (TID 44025). 3378 bytes result sent to driver
17/02/01 23:11:47 INFO executor.CoarseGrainedExecutorBackend: Got assigned task 44060
17/02/01 23:11:47 INFO executor.Executor: Running task 1762.0 in stage 238.0 (TID 44060)
17/02/01 23:11:47 INFO storage.ShuffleBlockFetcherIterator: Getting 93 non-empty blocks out of 1920 blocks
17/02/01 23:11:47 INFO storage.ShuffleBlockFetcherIterator: Started 4 remote fetches in 1 ms
17/02/01 23:11:47 INFO executor.Executor: Finished task 1751.0 in stage 238.0 (TID 44049). 3378 bytes result sent to driver
17/02/01 23:11:47 INFO executor.Executor: Finished task 1745.0 in stage 238.0 (TID 44043). 3378 bytes result sent to driver
17/02/01 23:11:47 INFO storage.ShuffleBlockFetcherIterator: Getting 93 non-empty blocks out of 1920 blocks
17/02/01 23:11:47 INFO executor.CoarseGrainedExecutorBackend: Got assigned task 44064
17/02/01 23:11:47 INFO executor.Executor: Running task 1766.0 in stage 238.0 (TID 44064)
17/02/01 23:11:47 INFO executor.CoarseGrainedExecutorBackend: Got assigned task 44065
17/02/01 23:11:47 INFO storage.ShuffleBlockFetcherIterator: Started 4 remote fetches in 1 ms
17/02/01 23:11:47 INFO executor.Executor: Running task 1767.0 in stage 238.0 (TID 44065)
17/02/01 23:11:47 INFO storage.ShuffleBlockFetcherIterator: Getting 93 non-empty blocks out of 1920 blocks
17/02/01 23:11:47 INFO storage.ShuffleBlockFetcherIterator: Started 4 remote fetches in 1 ms
17/02/01 23:11:47 INFO storage.ShuffleBlockFetcherIterator: Getting 93 non-empty blocks out of 1920 blocks
17/02/01 23:11:47 INFO storage.ShuffleBlockFetcherIterator: Started 4 remote fetches in 1 ms
17/02/01 23:11:47 INFO python.PythonRunner: Times: total = 16, boot = -30, init = 31, finish = 15
17/02/01 23:11:47 INFO python.PythonRunner: Times: total = 53, boot = -21, init = 23, finish = 51
17/02/01 23:11:47 INFO python.PythonRunner: Times: total = 54, boot = -20, init = 21, finish = 53
17/02/01 23:11:47 INFO executor.Executor: Finished task 1740.0 in stage 238.0 (TID 44038). 3378 bytes result sent to driver
17/02/01 23:11:47 INFO executor.CoarseGrainedExecutorBackend: Got assigned task 44077
17/02/01 23:11:47 INFO executor.Executor: Running task 1779.0 in stage 238.0 (TID 44077)
17/02/01 23:11:47 INFO executor.Executor: Finished task 1760.0 in stage 238.0 (TID 44058). 3378 bytes result sent to driver
17/02/01 23:11:47 INFO executor.Executor: Finished task 1739.0 in stage 238.0 (TID 44037). 3378 bytes result sent to driver
17/02/01 23:11:47 INFO storage.ShuffleBlockFetcherIterator: Getting 93 non-empty blocks out of 1920 blocks
17/02/01 23:11:47 INFO executor.CoarseGrainedExecutorBackend: Got assigned task 44078
17/02/01 23:11:47 INFO executor.Executor: Running task 1780.0 in stage 238.0 (TID 44078)
17/02/01 23:11:47 INFO executor.CoarseGrainedExecutorBackend: Got assigned task 44079
17/02/01 23:11:47 INFO executor.Executor: Running task 1781.0 in stage 238.0 (TID 44079)
17/02/01 23:11:47 INFO storage.ShuffleBlockFetcherIterator: Started 4 remote fetches in 1 ms
17/02/01 23:11:47 INFO storage.ShuffleBlockFetcherIterator: Getting 93 non-empty blocks out of 1920 blocks
17/02/01 23:11:47 INFO storage.ShuffleBlockFetcherIterator: Getting 93 non-empty blocks out of 1920 blocks
17/02/01 23:11:47 INFO storage.ShuffleBlockFetcherIterator: Started 4 remote fetches in 1 ms
17/02/01 23:11:47 INFO storage.ShuffleBlockFetcherIterator: Started 4 remote fetches in 1 ms
17/02/01 23:11:47 INFO python.PythonRunner: Times: total = 11, boot = -16, init = 17, finish = 10
