17/02/02 00:13:34 INFO executor.Executor: Running task 399.0 in stage 315.0 (TID 54253)
17/02/02 00:13:34 INFO storage.ShuffleBlockFetcherIterator: Getting 247 non-empty blocks out of 450 blocks
17/02/02 00:13:34 INFO storage.ShuffleBlockFetcherIterator: Started 7 remote fetches in 1 ms
17/02/02 00:13:34 INFO executor.Executor: Finished task 384.0 in stage 315.0 (TID 54238). 2380 bytes result sent to driver
17/02/02 00:13:34 INFO executor.CoarseGrainedExecutorBackend: Got assigned task 54254
17/02/02 00:13:34 INFO executor.Executor: Running task 400.0 in stage 315.0 (TID 54254)
17/02/02 00:13:34 INFO storage.ShuffleBlockFetcherIterator: Getting 247 non-empty blocks out of 450 blocks
17/02/02 00:13:34 INFO storage.ShuffleBlockFetcherIterator: Started 6 remote fetches in 1 ms
17/02/02 00:13:34 INFO python.PythonRunner: Times: total = 109, boot = -26, init = 27, finish = 108
17/02/02 00:13:35 INFO executor.Executor: Finished task 388.0 in stage 315.0 (TID 54242). 2380 bytes result sent to driver
17/02/02 00:13:35 INFO python.PythonRunner: Times: total = 1902, boot = -37, init = 38, finish = 1901
17/02/02 00:13:35 INFO executor.CoarseGrainedExecutorBackend: Got assigned task 54257
17/02/02 00:13:35 INFO executor.Executor: Running task 403.0 in stage 315.0 (TID 54257)
17/02/02 00:13:35 INFO storage.ShuffleBlockFetcherIterator: Getting 247 non-empty blocks out of 450 blocks
17/02/02 00:13:35 INFO storage.ShuffleBlockFetcherIterator: Started 5 remote fetches in 1 ms
17/02/02 00:13:35 INFO python.PythonRunner: Times: total = 88, boot = -74, init = 75, finish = 87
17/02/02 00:13:35 INFO executor.Executor: Finished task 331.0 in stage 315.0 (TID 54185). 2380 bytes result sent to driver
17/02/02 00:13:35 INFO executor.CoarseGrainedExecutorBackend: Got assigned task 54262
17/02/02 00:13:35 INFO executor.Executor: Running task 408.0 in stage 315.0 (TID 54262)
17/02/02 00:13:35 INFO storage.ShuffleBlockFetcherIterator: Getting 247 non-empty blocks out of 450 blocks
17/02/02 00:13:35 INFO storage.ShuffleBlockFetcherIterator: Started 5 remote fetches in 1 ms
17/02/02 00:13:35 INFO python.PythonRunner: Times: total = 212, boot = -73, init = 75, finish = 210
17/02/02 00:13:35 INFO python.PythonRunner: Times: total = 295, boot = -45, init = 46, finish = 294
17/02/02 00:13:35 INFO python.PythonRunner: Times: total = 76, boot = -137, init = 140, finish = 73
17/02/02 00:13:35 INFO executor.Executor: Finished task 399.0 in stage 315.0 (TID 54253). 2380 bytes result sent to driver
17/02/02 00:13:35 INFO executor.CoarseGrainedExecutorBackend: Got assigned task 54263
17/02/02 00:13:35 INFO executor.Executor: Running task 409.0 in stage 315.0 (TID 54263)
17/02/02 00:13:35 INFO storage.ShuffleBlockFetcherIterator: Getting 247 non-empty blocks out of 450 blocks
17/02/02 00:13:35 INFO storage.ShuffleBlockFetcherIterator: Started 6 remote fetches in 1 ms
17/02/02 00:13:35 INFO python.PythonRunner: Times: total = 60, boot = -167, init = 168, finish = 59
17/02/02 00:13:35 INFO python.PythonRunner: Times: total = 298, boot = -47, init = 49, finish = 296
17/02/02 00:13:35 INFO executor.Executor: Finished task 398.0 in stage 315.0 (TID 54252). 2380 bytes result sent to driver
17/02/02 00:13:35 INFO executor.CoarseGrainedExecutorBackend: Got assigned task 54265
17/02/02 00:13:35 INFO executor.Executor: Running task 411.0 in stage 315.0 (TID 54265)
17/02/02 00:13:35 INFO storage.ShuffleBlockFetcherIterator: Getting 247 non-empty blocks out of 450 blocks
17/02/02 00:13:35 INFO storage.ShuffleBlockFetcherIterator: Started 6 remote fetches in 1 ms
17/02/02 00:13:35 INFO python.PythonRunner: Times: total = 271, boot = -63, init = 65, finish = 269
17/02/02 00:13:35 INFO python.PythonRunner: Times: total = 89, boot = -129, init = 130, finish = 88
17/02/02 00:13:35 INFO python.PythonRunner: Times: total = 216, boot = -160, init = 161, finish = 215
17/02/02 00:13:35 INFO python.PythonRunner: Times: total = 76, boot = -27, init = 28, finish = 75
17/02/02 00:13:35 INFO executor.Executor: Finished task 400.0 in stage 315.0 (TID 54254). 2380 bytes result sent to driver
17/02/02 00:13:35 INFO executor.CoarseGrainedExecutorBackend: Got assigned task 54268
17/02/02 00:13:35 INFO executor.Executor: Running task 414.0 in stage 315.0 (TID 54268)
17/02/02 00:13:35 INFO storage.ShuffleBlockFetcherIterator: Getting 247 non-empty blocks out of 450 blocks
17/02/02 00:13:35 INFO storage.ShuffleBlockFetcherIterator: Started 6 remote fetches in 1 ms
17/02/02 00:13:35 INFO executor.Executor: Finished task 403.0 in stage 315.0 (TID 54257). 2380 bytes result sent to driver
17/02/02 00:13:35 INFO executor.CoarseGrainedExecutorBackend: Got assigned task 54269
17/02/02 00:13:35 INFO executor.Executor: Running task 415.0 in stage 315.0 (TID 54269)
17/02/02 00:13:35 INFO storage.ShuffleBlockFetcherIterator: Getting 247 non-empty blocks out of 450 blocks
17/02/02 00:13:35 INFO storage.ShuffleBlockFetcherIterator: Started 5 remote fetches in 1 ms
17/02/02 00:13:35 INFO python.PythonRunner: Times: total = 82, boot = -22, init = 24, finish = 80
17/02/02 00:13:35 INFO executor.Executor: Finished task 408.0 in stage 315.0 (TID 54262). 2380 bytes result sent to driver
17/02/02 00:13:35 INFO executor.CoarseGrainedExecutorBackend: Got assigned task 54270
17/02/02 00:13:35 INFO executor.Executor: Running task 416.0 in stage 315.0 (TID 54270)
17/02/02 00:13:35 INFO storage.ShuffleBlockFetcherIterator: Getting 247 non-empty blocks out of 450 blocks
17/02/02 00:13:35 INFO storage.ShuffleBlockFetcherIterator: Started 6 remote fetches in 1 ms
17/02/02 00:13:35 INFO python.PythonRunner: Times: total = 197, boot = -72, init = 73, finish = 196
17/02/02 00:13:35 INFO python.PythonRunner: Times: total = 73, boot = -81, init = 82, finish = 72
17/02/02 00:13:35 INFO python.PythonRunner: Times: total = 1496, boot = -647, init = 648, finish = 1495
17/02/02 00:13:35 INFO executor.Executor: Finished task 409.0 in stage 315.0 (TID 54263). 2380 bytes result sent to driver
17/02/02 00:13:35 INFO executor.CoarseGrainedExecutorBackend: Got assigned task 54272
17/02/02 00:13:35 INFO executor.Executor: Running task 417.0 in stage 315.0 (TID 54272)
17/02/02 00:13:35 INFO storage.ShuffleBlockFetcherIterator: Getting 247 non-empty blocks out of 450 blocks
17/02/02 00:13:35 INFO storage.ShuffleBlockFetcherIterator: Started 5 remote fetches in 1 ms
17/02/02 00:13:35 INFO python.PythonRunner: Times: total = 257, boot = -37, init = 38, finish = 256
17/02/02 00:13:35 INFO python.PythonRunner: Times: total = 55, boot = -121, init = 122, finish = 54
17/02/02 00:13:35 INFO executor.Executor: Finished task 361.0 in stage 315.0 (TID 54217). 2380 bytes result sent to driver
17/02/02 00:13:35 INFO executor.CoarseGrainedExecutorBackend: Got assigned task 54278
17/02/02 00:13:35 INFO executor.Executor: Running task 421.0 in stage 315.0 (TID 54278)
17/02/02 00:13:35 INFO storage.ShuffleBlockFetcherIterator: Getting 247 non-empty blocks out of 450 blocks
17/02/02 00:13:35 INFO storage.ShuffleBlockFetcherIterator: Started 5 remote fetches in 0 ms
17/02/02 00:13:35 INFO python.PythonRunner: Times: total = 93, boot = -112, init = 113, finish = 92
17/02/02 00:13:35 INFO executor.Executor: Finished task 411.0 in stage 315.0 (TID 54265). 2380 bytes result sent to driver
17/02/02 00:13:35 INFO executor.CoarseGrainedExecutorBackend: Got assigned task 54279
17/02/02 00:13:35 INFO executor.Executor: Running task 424.0 in stage 315.0 (TID 54279)
17/02/02 00:13:35 INFO storage.ShuffleBlockFetcherIterator: Getting 247 non-empty blocks out of 450 blocks
17/02/02 00:13:35 INFO storage.ShuffleBlockFetcherIterator: Started 5 remote fetches in 1 ms
17/02/02 00:13:35 INFO python.PythonRunner: Times: total = 300, boot = -73, init = 74, finish = 299
17/02/02 00:13:35 INFO python.PythonRunner: Times: total = 65, boot = -89, init = 90, finish = 64
17/02/02 00:13:35 INFO executor.Executor: Finished task 414.0 in stage 315.0 (TID 54268). 2380 bytes result sent to driver
17/02/02 00:13:35 INFO python.PythonRunner: Times: total = 305, boot = -72, init = 73, finish = 304
17/02/02 00:13:35 INFO executor.CoarseGrainedExecutorBackend: Got assigned task 54280
17/02/02 00:13:35 INFO executor.Executor: Running task 425.0 in stage 315.0 (TID 54280)
17/02/02 00:13:35 INFO storage.ShuffleBlockFetcherIterator: Getting 247 non-empty blocks out of 450 blocks
17/02/02 00:13:35 INFO storage.ShuffleBlockFetcherIterator: Started 5 remote fetches in 0 ms
17/02/02 00:13:35 INFO python.PythonRunner: Times: total = 342, boot = -83, init = 84, finish = 341
17/02/02 00:13:35 INFO python.PythonRunner: Times: total = 205, boot = -57, init = 58, finish = 204
17/02/02 00:13:35 INFO python.PythonRunner: Times: total = 82, boot = -68, init = 69, finish = 81
17/02/02 00:13:35 INFO python.PythonRunner: Times: total = 88, boot = -137, init = 139, finish = 86
17/02/02 00:13:35 INFO python.PythonRunner: Times: total = 77, boot = -33, init = 34, finish = 76
17/02/02 00:13:35 INFO executor.Executor: Finished task 416.0 in stage 315.0 (TID 54270). 2380 bytes result sent to driver
17/02/02 00:13:35 INFO executor.Executor: Finished task 415.0 in stage 315.0 (TID 54269). 2380 bytes result sent to driver
17/02/02 00:13:35 INFO executor.CoarseGrainedExecutorBackend: Got assigned task 54281
17/02/02 00:13:35 INFO executor.Executor: Running task 426.0 in stage 315.0 (TID 54281)
17/02/02 00:13:35 INFO executor.CoarseGrainedExecutorBackend: Got assigned task 54282
17/02/02 00:13:35 INFO executor.Executor: Running task 427.0 in stage 315.0 (TID 54282)
17/02/02 00:13:35 INFO storage.ShuffleBlockFetcherIterator: Getting 247 non-empty blocks out of 450 blocks
17/02/02 00:13:35 INFO storage.ShuffleBlockFetcherIterator: Started 5 remote fetches in 0 ms
17/02/02 00:13:35 INFO storage.ShuffleBlockFetcherIterator: Getting 247 non-empty blocks out of 450 blocks
17/02/02 00:13:35 INFO storage.ShuffleBlockFetcherIterator: Started 6 remote fetches in 1 ms
