17/02/01 22:39:23 INFO executor.Executor: Finished task 218.0 in stage 162.0 (TID 26184). 1472 bytes result sent to driver
17/02/01 22:39:23 INFO executor.Executor: Finished task 214.0 in stage 162.0 (TID 26180). 1472 bytes result sent to driver
17/02/01 22:39:23 INFO executor.CoarseGrainedExecutorBackend: Got assigned task 26191
17/02/01 22:39:23 INFO executor.Executor: Running task 225.0 in stage 162.0 (TID 26191)
17/02/01 22:39:23 INFO executor.Executor: Finished task 212.0 in stage 162.0 (TID 26178). 1472 bytes result sent to driver
17/02/01 22:39:23 INFO executor.CoarseGrainedExecutorBackend: Got assigned task 26193
17/02/01 22:39:23 INFO executor.Executor: Running task 227.0 in stage 162.0 (TID 26193)
17/02/01 22:39:23 INFO executor.Executor: Finished task 220.0 in stage 162.0 (TID 26186). 1472 bytes result sent to driver
17/02/01 22:39:23 INFO executor.CoarseGrainedExecutorBackend: Got assigned task 26194
17/02/01 22:39:23 INFO executor.Executor: Running task 228.0 in stage 162.0 (TID 26194)
17/02/01 22:39:23 INFO executor.CoarseGrainedExecutorBackend: Got assigned task 26197
17/02/01 22:39:23 INFO executor.Executor: Running task 231.0 in stage 162.0 (TID 26197)
17/02/01 22:39:23 INFO python.PythonRunner: Times: total = 273, boot = -258, init = 259, finish = 272
17/02/01 22:39:23 INFO python.PythonRunner: Times: total = 289, boot = -261, init = 262, finish = 288
17/02/01 22:39:23 INFO python.PythonRunner: Times: total = 299, boot = -322, init = 323, finish = 298
17/02/01 22:39:23 INFO python.PythonRunner: Times: total = 287, boot = -207, init = 208, finish = 286
17/02/01 22:39:23 INFO python.PythonRunner: Times: total = 297, boot = -91, init = 92, finish = 296
17/02/01 22:39:24 INFO python.PythonRunner: Times: total = 471, boot = -237, init = 252, finish = 456
17/02/01 22:39:24 INFO executor.Executor: Finished task 222.0 in stage 162.0 (TID 26188). 1472 bytes result sent to driver
17/02/01 22:39:24 INFO executor.CoarseGrainedExecutorBackend: Got assigned task 26204
17/02/01 22:39:24 INFO executor.Executor: Running task 234.0 in stage 162.0 (TID 26204)
17/02/01 22:39:24 INFO python.PythonRunner: Times: total = 408, boot = -113, init = 114, finish = 407
17/02/01 22:39:24 INFO python.PythonRunner: Times: total = 448, boot = -192, init = 210, finish = 430
17/02/01 22:39:24 INFO python.PythonRunner: Times: total = 570, boot = -278, init = 302, finish = 546
17/02/01 22:39:24 INFO executor.Executor: Finished task 227.0 in stage 162.0 (TID 26193). 1472 bytes result sent to driver
17/02/01 22:39:24 INFO python.PythonRunner: Times: total = 549, boot = -326, init = 353, finish = 522
17/02/01 22:39:24 INFO python.PythonRunner: Times: total = 524, boot = -93, init = 112, finish = 505
17/02/01 22:39:24 INFO executor.CoarseGrainedExecutorBackend: Got assigned task 26210
17/02/01 22:39:24 INFO executor.Executor: Running task 235.0 in stage 162.0 (TID 26210)
17/02/01 22:39:24 INFO executor.Executor: Finished task 223.0 in stage 162.0 (TID 26189). 1472 bytes result sent to driver
17/02/01 22:39:24 INFO executor.CoarseGrainedExecutorBackend: Got assigned task 26212
17/02/01 22:39:24 INFO executor.Executor: Running task 236.0 in stage 162.0 (TID 26212)
17/02/01 22:39:24 INFO executor.Executor: Finished task 225.0 in stage 162.0 (TID 26191). 1472 bytes result sent to driver
17/02/01 22:39:24 INFO python.PythonRunner: Times: total = 542, boot = -143, init = 178, finish = 507
17/02/01 22:39:24 INFO executor.Executor: Finished task 228.0 in stage 162.0 (TID 26194). 1472 bytes result sent to driver
17/02/01 22:39:24 INFO executor.CoarseGrainedExecutorBackend: Got assigned task 26214
17/02/01 22:39:24 INFO executor.Executor: Running task 238.0 in stage 162.0 (TID 26214)
17/02/01 22:39:24 INFO executor.Executor: Finished task 231.0 in stage 162.0 (TID 26197). 1472 bytes result sent to driver
17/02/01 22:39:24 INFO python.PythonRunner: Times: total = 316, boot = -279, init = 279, finish = 316
17/02/01 22:39:24 INFO python.PythonRunner: Times: total = 279, boot = -265, init = 266, finish = 278
17/02/01 22:39:24 INFO python.PythonRunner: Times: total = 262, boot = -257, init = 258, finish = 261
17/02/01 22:39:24 INFO python.PythonRunner: Times: total = 453, boot = -270, init = 295, finish = 428
17/02/01 22:39:24 INFO python.PythonRunner: Times: total = 420, boot = -144, init = 145, finish = 419
17/02/01 22:39:24 INFO python.PythonRunner: Times: total = 445, boot = -221, init = 233, finish = 433
17/02/01 22:39:24 INFO python.PythonRunner: Times: total = 605, boot = -237, init = 276, finish = 566
17/02/01 22:39:24 INFO executor.Executor: Finished task 235.0 in stage 162.0 (TID 26210). 1472 bytes result sent to driver
17/02/01 22:39:24 INFO executor.Executor: Finished task 236.0 in stage 162.0 (TID 26212). 1472 bytes result sent to driver
17/02/01 22:39:24 INFO executor.Executor: Finished task 234.0 in stage 162.0 (TID 26204). 1472 bytes result sent to driver
17/02/01 22:39:24 INFO python.PythonRunner: Times: total = 576, boot = -156, init = 173, finish = 559
17/02/01 22:39:24 INFO executor.Executor: Finished task 238.0 in stage 162.0 (TID 26214). 1472 bytes result sent to driver
17/02/01 22:41:32 INFO executor.CoarseGrainedExecutorBackend: Got assigned task 27030
17/02/01 22:41:32 INFO executor.CoarseGrainedExecutorBackend: Got assigned task 27032
17/02/01 22:41:32 INFO executor.Executor: Running task 392.0 in stage 164.0 (TID 27030)
17/02/01 22:41:32 INFO executor.CoarseGrainedExecutorBackend: Got assigned task 27034
17/02/01 22:41:32 INFO executor.Executor: Running task 394.0 in stage 164.0 (TID 27032)
17/02/01 22:41:32 INFO executor.CoarseGrainedExecutorBackend: Got assigned task 27036
17/02/01 22:41:32 INFO executor.Executor: Running task 396.0 in stage 164.0 (TID 27034)
17/02/01 22:41:32 INFO spark.MapOutputTrackerWorker: Updating epoch to 57 and clearing cache
17/02/01 22:41:32 INFO executor.CoarseGrainedExecutorBackend: Got assigned task 27038
17/02/01 22:41:32 INFO executor.Executor: Running task 398.0 in stage 164.0 (TID 27036)
17/02/01 22:41:32 INFO executor.CoarseGrainedExecutorBackend: Got assigned task 27040
17/02/01 22:41:32 INFO executor.Executor: Running task 400.0 in stage 164.0 (TID 27038)
17/02/01 22:41:32 INFO broadcast.TorrentBroadcast: Started reading broadcast variable 58
17/02/01 22:41:32 INFO executor.Executor: Running task 402.0 in stage 164.0 (TID 27040)
17/02/01 22:41:32 INFO storage.MemoryStore: Block broadcast_58_piece0 stored as bytes in memory (estimated size 6.6 KB, free 61.0 KB)
17/02/01 22:41:32 INFO broadcast.TorrentBroadcast: Reading broadcast variable 58 took 8 ms
17/02/01 22:41:32 INFO storage.MemoryStore: Block broadcast_58 stored as values in memory (estimated size 12.4 KB, free 73.4 KB)
17/02/01 22:41:32 INFO spark.MapOutputTrackerWorker: Don't have map outputs for shuffle 38, fetching them
17/02/01 22:41:32 INFO spark.MapOutputTrackerWorker: Doing the fetch; tracker endpoint = NettyRpcEndpointRef(spark://MapOutputTracker@10.10.34.13:46011)
17/02/01 22:41:32 INFO spark.MapOutputTrackerWorker: Don't have map outputs for shuffle 38, fetching them
17/02/01 22:41:32 INFO spark.MapOutputTrackerWorker: Don't have map outputs for shuffle 38, fetching them
17/02/01 22:41:32 INFO spark.MapOutputTrackerWorker: Don't have map outputs for shuffle 38, fetching them
17/02/01 22:41:32 INFO spark.MapOutputTrackerWorker: Don't have map outputs for shuffle 38, fetching them
17/02/01 22:41:32 INFO spark.MapOutputTrackerWorker: Don't have map outputs for shuffle 38, fetching them
17/02/01 22:41:32 INFO spark.MapOutputTrackerWorker: Got the output locations
17/02/01 22:41:32 INFO storage.ShuffleBlockFetcherIterator: Getting 240 non-empty blocks out of 240 blocks
17/02/01 22:41:32 INFO storage.ShuffleBlockFetcherIterator: Started 4 remote fetches in 9 ms
17/02/01 22:41:32 INFO storage.ShuffleBlockFetcherIterator: Getting 240 non-empty blocks out of 240 blocks
17/02/01 22:41:32 INFO storage.ShuffleBlockFetcherIterator: Started 5 remote fetches in 10 ms
17/02/01 22:41:32 INFO storage.ShuffleBlockFetcherIterator: Getting 240 non-empty blocks out of 240 blocks
17/02/01 22:41:32 INFO storage.ShuffleBlockFetcherIterator: Getting 240 non-empty blocks out of 240 blocks
17/02/01 22:41:32 INFO storage.ShuffleBlockFetcherIterator: Started 4 remote fetches in 13 ms
17/02/01 22:41:32 INFO storage.ShuffleBlockFetcherIterator: Getting 240 non-empty blocks out of 240 blocks
17/02/01 22:41:32 INFO storage.ShuffleBlockFetcherIterator: Started 5 remote fetches in 14 ms
17/02/01 22:41:32 INFO storage.ShuffleBlockFetcherIterator: Getting 240 non-empty blocks out of 240 blocks
17/02/01 22:41:32 INFO storage.ShuffleBlockFetcherIterator: Started 5 remote fetches in 14 ms
17/02/01 22:41:32 INFO storage.ShuffleBlockFetcherIterator: Started 5 remote fetches in 11 ms
17/02/01 22:41:33 INFO python.PythonRunner: Times: total = 1509, boot = 4, init = 6, finish = 1499
17/02/01 22:41:33 INFO python.PythonRunner: Times: total = 1592, boot = 5, init = 74, finish = 1513
17/02/01 22:41:33 INFO python.PythonRunner: Times: total = 1683, boot = 4, init = 66, finish = 1613
17/02/01 22:41:33 INFO python.PythonRunner: Times: total = 1715, boot = 4, init = 2, finish = 1709
17/02/01 22:41:34 INFO python.PythonRunner: Times: total = 1811, boot = 5, init = 44, finish = 1762
17/02/01 22:41:34 INFO python.PythonRunner: Times: total = 1881, boot = 4, init = 106, finish = 1771
17/02/01 22:41:34 INFO python.PythonRunner: Times: total = 1081, boot = 4, init = 1, finish = 1076
17/02/01 22:41:34 INFO python.PythonRunner: Times: total = 1007, boot = 3, init = 2, finish = 1002
17/02/01 22:41:34 INFO python.PythonRunner: Times: total = 1286, boot = 4, init = 3, finish = 1279
17/02/01 22:41:34 INFO executor.Executor: Finished task 402.0 in stage 164.0 (TID 27040). 1898 bytes result sent to driver
17/02/01 22:41:34 INFO python.PythonRunner: Times: total = 1245, boot = 4, init = 1, finish = 1240
17/02/01 22:41:34 INFO executor.Executor: Finished task 398.0 in stage 164.0 (TID 27036). 1898 bytes result sent to driver
17/02/01 22:41:34 INFO python.PythonRunner: Times: total = 1514, boot = 4, init = 2, finish = 1508
