17/02/02 00:25:41 INFO storage.ShuffleBlockFetcherIterator: Getting 495 non-empty blocks out of 930 blocks
17/02/02 00:25:41 INFO storage.ShuffleBlockFetcherIterator: Started 6 remote fetches in 2 ms
17/02/02 00:25:41 INFO python.PythonRunner: Times: total = 206, boot = -18, init = 19, finish = 205
17/02/02 00:25:41 INFO python.PythonRunner: Times: total = 67, boot = -17, init = 18, finish = 66
17/02/02 00:25:41 INFO python.PythonRunner: Times: total = 206, boot = -52, init = 52, finish = 206
17/02/02 00:25:41 INFO executor.Executor: Finished task 733.0 in stage 344.0 (TID 59357). 2410 bytes result sent to driver
17/02/02 00:25:41 INFO executor.CoarseGrainedExecutorBackend: Got assigned task 59381
17/02/02 00:25:41 INFO executor.Executor: Running task 755.0 in stage 344.0 (TID 59381)
17/02/02 00:25:41 INFO storage.ShuffleBlockFetcherIterator: Getting 495 non-empty blocks out of 930 blocks
17/02/02 00:25:41 INFO storage.ShuffleBlockFetcherIterator: Started 6 remote fetches in 2 ms
17/02/02 00:25:41 INFO python.PythonRunner: Times: total = 30, boot = -70, init = 71, finish = 29
17/02/02 00:25:41 INFO executor.Executor: Finished task 737.0 in stage 344.0 (TID 59361). 2410 bytes result sent to driver
17/02/02 00:25:41 INFO executor.CoarseGrainedExecutorBackend: Got assigned task 59384
17/02/02 00:25:41 INFO executor.Executor: Running task 757.0 in stage 344.0 (TID 59384)
17/02/02 00:25:41 INFO storage.ShuffleBlockFetcherIterator: Getting 495 non-empty blocks out of 930 blocks
17/02/02 00:25:41 INFO storage.ShuffleBlockFetcherIterator: Started 6 remote fetches in 2 ms
17/02/02 00:25:41 INFO python.PythonRunner: Times: total = 222, boot = 7, init = 1, finish = 214
17/02/02 00:25:41 INFO python.PythonRunner: Times: total = 23, boot = -28, init = 29, finish = 22
17/02/02 00:25:41 INFO python.PythonRunner: Times: total = 234, boot = -7, init = 8, finish = 233
17/02/02 00:25:41 INFO executor.Executor: Finished task 739.0 in stage 344.0 (TID 59363). 2410 bytes result sent to driver
17/02/02 00:25:41 INFO executor.CoarseGrainedExecutorBackend: Got assigned task 59388
17/02/02 00:25:41 INFO executor.Executor: Running task 765.0 in stage 344.0 (TID 59388)
17/02/02 00:25:41 INFO storage.ShuffleBlockFetcherIterator: Getting 495 non-empty blocks out of 930 blocks
17/02/02 00:25:41 INFO storage.ShuffleBlockFetcherIterator: Started 6 remote fetches in 2 ms
17/02/02 00:25:41 INFO python.PythonRunner: Times: total = 22, boot = -30, init = 31, finish = 21
17/02/02 00:25:41 INFO python.PythonRunner: Times: total = 224, boot = -41, init = 42, finish = 223
17/02/02 00:25:41 INFO executor.Executor: Finished task 741.0 in stage 344.0 (TID 59366). 2410 bytes result sent to driver
17/02/02 00:25:41 INFO executor.CoarseGrainedExecutorBackend: Got assigned task 59389
17/02/02 00:25:41 INFO executor.Executor: Running task 766.0 in stage 344.0 (TID 59389)
17/02/02 00:25:41 INFO storage.ShuffleBlockFetcherIterator: Getting 495 non-empty blocks out of 930 blocks
17/02/02 00:25:41 INFO storage.ShuffleBlockFetcherIterator: Started 6 remote fetches in 2 ms
17/02/02 00:25:41 INFO python.PythonRunner: Times: total = 29, boot = -12, init = 12, finish = 29
17/02/02 00:25:41 INFO executor.Executor: Finished task 744.0 in stage 344.0 (TID 59369). 2410 bytes result sent to driver
17/02/02 00:25:41 INFO executor.CoarseGrainedExecutorBackend: Got assigned task 59394
17/02/02 00:25:41 INFO executor.Executor: Running task 770.0 in stage 344.0 (TID 59394)
17/02/02 00:25:41 INFO storage.ShuffleBlockFetcherIterator: Getting 495 non-empty blocks out of 930 blocks
17/02/02 00:25:41 INFO storage.ShuffleBlockFetcherIterator: Started 6 remote fetches in 1 ms
17/02/02 00:25:41 INFO python.PythonRunner: Times: total = 235, boot = -31, init = 32, finish = 234
17/02/02 00:25:41 INFO python.PythonRunner: Times: total = 20, boot = -30, init = 31, finish = 19
17/02/02 00:25:41 INFO executor.Executor: Finished task 750.0 in stage 344.0 (TID 59374). 2410 bytes result sent to driver
17/02/02 00:25:41 INFO executor.CoarseGrainedExecutorBackend: Got assigned task 59395
17/02/02 00:25:41 INFO executor.Executor: Running task 771.0 in stage 344.0 (TID 59395)
17/02/02 00:25:41 INFO storage.ShuffleBlockFetcherIterator: Getting 495 non-empty blocks out of 930 blocks
17/02/02 00:25:41 INFO storage.ShuffleBlockFetcherIterator: Started 6 remote fetches in 2 ms
17/02/02 00:25:41 INFO python.PythonRunner: Times: total = 163, boot = -60, init = 62, finish = 161
17/02/02 00:25:41 INFO python.PythonRunner: Times: total = 21, boot = -21, init = 22, finish = 20
17/02/02 00:25:41 INFO executor.Executor: Finished task 755.0 in stage 344.0 (TID 59381). 2410 bytes result sent to driver
17/02/02 00:25:41 INFO executor.CoarseGrainedExecutorBackend: Got assigned task 59398
17/02/02 00:25:41 INFO executor.Executor: Running task 774.0 in stage 344.0 (TID 59398)
17/02/02 00:25:41 INFO storage.ShuffleBlockFetcherIterator: Getting 495 non-empty blocks out of 930 blocks
17/02/02 00:25:41 INFO storage.ShuffleBlockFetcherIterator: Started 6 remote fetches in 2 ms
17/02/02 00:25:41 INFO python.PythonRunner: Times: total = 207, boot = -29, init = 30, finish = 206
17/02/02 00:25:42 INFO python.PythonRunner: Times: total = 65, boot = -41, init = 43, finish = 63
17/02/02 00:25:42 INFO python.PythonRunner: Times: total = 223, boot = -12, init = 13, finish = 222
17/02/02 00:25:42 INFO executor.Executor: Finished task 757.0 in stage 344.0 (TID 59384). 2410 bytes result sent to driver
17/02/02 00:25:42 INFO executor.CoarseGrainedExecutorBackend: Got assigned task 59405
17/02/02 00:25:42 INFO executor.Executor: Running task 781.0 in stage 344.0 (TID 59405)
17/02/02 00:25:42 INFO storage.ShuffleBlockFetcherIterator: Getting 495 non-empty blocks out of 930 blocks
17/02/02 00:25:42 INFO storage.ShuffleBlockFetcherIterator: Started 6 remote fetches in 1 ms
17/02/02 00:25:42 INFO python.PythonRunner: Times: total = 187, boot = -19, init = 20, finish = 186
17/02/02 00:25:42 INFO python.PythonRunner: Times: total = 222, boot = -15, init = 15, finish = 222
17/02/02 00:25:42 INFO python.PythonRunner: Times: total = 24, boot = 2, init = 0, finish = 22
17/02/02 00:25:42 INFO python.PythonRunner: Times: total = 31, boot = -56, init = 58, finish = 29
17/02/02 00:25:42 INFO executor.Executor: Finished task 766.0 in stage 344.0 (TID 59389). 2410 bytes result sent to driver
17/02/02 00:25:42 INFO executor.CoarseGrainedExecutorBackend: Got assigned task 59408
17/02/02 00:25:42 INFO executor.Executor: Running task 784.0 in stage 344.0 (TID 59408)
17/02/02 00:25:42 INFO storage.ShuffleBlockFetcherIterator: Getting 495 non-empty blocks out of 930 blocks
17/02/02 00:25:42 INFO storage.ShuffleBlockFetcherIterator: Started 6 remote fetches in 2 ms
17/02/02 00:25:42 INFO executor.Executor: Finished task 770.0 in stage 344.0 (TID 59394). 2410 bytes result sent to driver
17/02/02 00:25:42 INFO python.PythonRunner: Times: total = 71, boot = -88, init = 90, finish = 69
17/02/02 00:25:42 INFO executor.CoarseGrainedExecutorBackend: Got assigned task 59410
17/02/02 00:25:42 INFO executor.Executor: Running task 786.0 in stage 344.0 (TID 59410)
17/02/02 00:25:42 INFO python.PythonRunner: Times: total = 204, boot = 0, init = 1, finish = 203
17/02/02 00:25:42 INFO storage.ShuffleBlockFetcherIterator: Getting 495 non-empty blocks out of 930 blocks
17/02/02 00:25:42 INFO storage.ShuffleBlockFetcherIterator: Started 6 remote fetches in 2 ms
17/02/02 00:25:42 INFO executor.Executor: Finished task 765.0 in stage 344.0 (TID 59388). 2410 bytes result sent to driver
17/02/02 00:25:42 INFO executor.CoarseGrainedExecutorBackend: Got assigned task 59413
17/02/02 00:25:42 INFO executor.Executor: Running task 790.0 in stage 344.0 (TID 59413)
17/02/02 00:25:42 INFO python.PythonRunner: Times: total = 29, boot = -2, init = 4, finish = 27
17/02/02 00:25:42 INFO storage.ShuffleBlockFetcherIterator: Getting 495 non-empty blocks out of 930 blocks
17/02/02 00:25:42 INFO storage.ShuffleBlockFetcherIterator: Started 6 remote fetches in 2 ms
17/02/02 00:25:42 INFO executor.Executor: Finished task 771.0 in stage 344.0 (TID 59395). 2410 bytes result sent to driver
17/02/02 00:25:42 INFO executor.CoarseGrainedExecutorBackend: Got assigned task 59416
17/02/02 00:25:42 INFO executor.Executor: Running task 792.0 in stage 344.0 (TID 59416)
17/02/02 00:25:42 INFO storage.ShuffleBlockFetcherIterator: Getting 495 non-empty blocks out of 930 blocks
17/02/02 00:25:42 INFO storage.ShuffleBlockFetcherIterator: Started 6 remote fetches in 2 ms
17/02/02 00:25:42 INFO python.PythonRunner: Times: total = 223, boot = -28, init = 29, finish = 222
17/02/02 00:25:42 INFO python.PythonRunner: Times: total = 39, boot = -11, init = 12, finish = 38
17/02/02 00:25:42 INFO executor.Executor: Finished task 774.0 in stage 344.0 (TID 59398). 2410 bytes result sent to driver
17/02/02 00:25:42 INFO executor.CoarseGrainedExecutorBackend: Got assigned task 59420
17/02/02 00:25:42 INFO executor.Executor: Running task 796.0 in stage 344.0 (TID 59420)
17/02/02 00:25:42 INFO storage.ShuffleBlockFetcherIterator: Getting 495 non-empty blocks out of 930 blocks
17/02/02 00:25:42 INFO storage.ShuffleBlockFetcherIterator: Started 6 remote fetches in 1 ms
17/02/02 00:25:42 INFO python.PythonRunner: Times: total = 173, boot = 7, init = 1, finish = 165
17/02/02 00:25:42 INFO python.PythonRunner: Times: total = 188, boot = -17, init = 18, finish = 187
17/02/02 00:25:42 INFO python.PythonRunner: Times: total = 67, boot = -37, init = 39, finish = 65
17/02/02 00:25:42 INFO python.PythonRunner: Times: total = 26, boot = -50, init = 51, finish = 25
17/02/02 00:25:42 INFO executor.Executor: Finished task 781.0 in stage 344.0 (TID 59405). 2410 bytes result sent to driver
17/02/02 00:25:42 INFO executor.CoarseGrainedExecutorBackend: Got assigned task 59427
17/02/02 00:25:42 INFO executor.Executor: Running task 800.0 in stage 344.0 (TID 59427)
