17/02/02 00:01:49 INFO executor.CoarseGrainedExecutorBackend: Got assigned task 51186
17/02/02 00:01:49 INFO executor.Executor: Running task 181.0 in stage 291.0 (TID 51186)
17/02/02 00:01:49 INFO storage.ShuffleBlockFetcherIterator: Getting 247 non-empty blocks out of 450 blocks
17/02/02 00:01:49 INFO storage.ShuffleBlockFetcherIterator: Started 6 remote fetches in 0 ms
17/02/02 00:01:49 INFO python.PythonRunner: Times: total = 628, boot = -670, init = 671, finish = 627
17/02/02 00:01:49 INFO executor.Executor: Finished task 153.0 in stage 291.0 (TID 51157). 1251 bytes result sent to driver
17/02/02 00:01:49 INFO executor.CoarseGrainedExecutorBackend: Got assigned task 51188
17/02/02 00:01:49 INFO executor.Executor: Running task 184.0 in stage 291.0 (TID 51188)
17/02/02 00:01:49 INFO storage.ShuffleBlockFetcherIterator: Getting 247 non-empty blocks out of 450 blocks
17/02/02 00:01:49 INFO storage.ShuffleBlockFetcherIterator: Started 4 remote fetches in 1 ms
17/02/02 00:01:49 INFO python.PythonRunner: Times: total = 402, boot = -686, init = 687, finish = 401
17/02/02 00:01:49 INFO executor.Executor: Finished task 169.0 in stage 291.0 (TID 51177). 1251 bytes result sent to driver
17/02/02 00:01:49 INFO executor.CoarseGrainedExecutorBackend: Got assigned task 51190
17/02/02 00:01:49 INFO executor.Executor: Running task 186.0 in stage 291.0 (TID 51190)
17/02/02 00:01:49 INFO storage.ShuffleBlockFetcherIterator: Getting 247 non-empty blocks out of 450 blocks
17/02/02 00:01:49 INFO storage.ShuffleBlockFetcherIterator: Started 5 remote fetches in 1 ms
17/02/02 00:01:50 INFO python.PythonRunner: Times: total = 384, boot = -649, init = 650, finish = 383
17/02/02 00:01:50 INFO executor.Executor: Finished task 172.0 in stage 291.0 (TID 51180). 1251 bytes result sent to driver
17/02/02 00:01:50 INFO executor.CoarseGrainedExecutorBackend: Got assigned task 51194
17/02/02 00:01:50 INFO executor.Executor: Running task 190.0 in stage 291.0 (TID 51194)
17/02/02 00:01:50 INFO storage.ShuffleBlockFetcherIterator: Getting 247 non-empty blocks out of 450 blocks
17/02/02 00:01:50 INFO storage.ShuffleBlockFetcherIterator: Started 6 remote fetches in 1 ms
17/02/02 00:01:50 INFO python.PythonRunner: Times: total = 293, boot = -833, init = 835, finish = 291
17/02/02 00:01:50 INFO executor.Executor: Finished task 181.0 in stage 291.0 (TID 51186). 1251 bytes result sent to driver
17/02/02 00:01:50 INFO executor.CoarseGrainedExecutorBackend: Got assigned task 51196
17/02/02 00:01:50 INFO executor.Executor: Running task 192.0 in stage 291.0 (TID 51196)
17/02/02 00:01:50 INFO storage.ShuffleBlockFetcherIterator: Getting 247 non-empty blocks out of 450 blocks
17/02/02 00:01:50 INFO storage.ShuffleBlockFetcherIterator: Started 6 remote fetches in 1 ms
17/02/02 00:01:50 INFO python.PythonRunner: Times: total = 438, boot = -681, init = 683, finish = 436
17/02/02 00:01:50 INFO executor.Executor: Finished task 174.0 in stage 291.0 (TID 51182). 1251 bytes result sent to driver
17/02/02 00:01:50 INFO executor.CoarseGrainedExecutorBackend: Got assigned task 51197
17/02/02 00:01:50 INFO executor.Executor: Running task 193.0 in stage 291.0 (TID 51197)
17/02/02 00:01:50 INFO storage.ShuffleBlockFetcherIterator: Getting 247 non-empty blocks out of 450 blocks
17/02/02 00:01:50 INFO storage.ShuffleBlockFetcherIterator: Started 6 remote fetches in 1 ms
17/02/02 00:01:50 INFO python.PythonRunner: Times: total = 425, boot = -777, init = 779, finish = 423
17/02/02 00:01:50 INFO executor.Executor: Finished task 177.0 in stage 291.0 (TID 51185). 1251 bytes result sent to driver
17/02/02 00:01:50 INFO executor.CoarseGrainedExecutorBackend: Got assigned task 51198
17/02/02 00:01:50 INFO executor.Executor: Running task 194.0 in stage 291.0 (TID 51198)
17/02/02 00:01:50 INFO storage.ShuffleBlockFetcherIterator: Getting 247 non-empty blocks out of 450 blocks
17/02/02 00:01:50 INFO storage.ShuffleBlockFetcherIterator: Started 5 remote fetches in 2 ms
17/02/02 00:01:50 INFO python.PythonRunner: Times: total = 482, boot = -893, init = 894, finish = 481
17/02/02 00:01:50 INFO executor.Executor: Finished task 184.0 in stage 291.0 (TID 51188). 1251 bytes result sent to driver
17/02/02 00:01:50 INFO executor.CoarseGrainedExecutorBackend: Got assigned task 51201
17/02/02 00:01:50 INFO executor.Executor: Running task 197.0 in stage 291.0 (TID 51201)
17/02/02 00:01:50 INFO storage.ShuffleBlockFetcherIterator: Getting 247 non-empty blocks out of 450 blocks
17/02/02 00:01:50 INFO storage.ShuffleBlockFetcherIterator: Started 5 remote fetches in 1 ms
17/02/02 00:01:50 INFO python.PythonRunner: Times: total = 522, boot = -396, init = 397, finish = 521
17/02/02 00:01:50 INFO executor.Executor: Finished task 186.0 in stage 291.0 (TID 51190). 1251 bytes result sent to driver
17/02/02 00:01:50 INFO executor.CoarseGrainedExecutorBackend: Got assigned task 51210
17/02/02 00:01:50 INFO executor.Executor: Running task 200.0 in stage 291.0 (TID 51210)
17/02/02 00:01:50 INFO storage.ShuffleBlockFetcherIterator: Getting 247 non-empty blocks out of 450 blocks
17/02/02 00:01:50 INFO storage.ShuffleBlockFetcherIterator: Started 5 remote fetches in 2 ms
17/02/02 00:01:50 INFO python.PythonRunner: Times: total = 545, boot = -383, init = 384, finish = 544
17/02/02 00:01:50 INFO executor.Executor: Finished task 192.0 in stage 291.0 (TID 51196). 1251 bytes result sent to driver
17/02/02 00:01:50 INFO executor.CoarseGrainedExecutorBackend: Got assigned task 51218
17/02/02 00:01:50 INFO executor.Executor: Running task 211.0 in stage 291.0 (TID 51218)
17/02/02 00:01:50 INFO storage.ShuffleBlockFetcherIterator: Getting 247 non-empty blocks out of 450 blocks
17/02/02 00:01:50 INFO storage.ShuffleBlockFetcherIterator: Started 5 remote fetches in 1 ms
17/02/02 00:01:50 INFO python.PythonRunner: Times: total = 616, boot = -379, init = 380, finish = 615
17/02/02 00:01:50 INFO executor.Executor: Finished task 190.0 in stage 291.0 (TID 51194). 1251 bytes result sent to driver
17/02/02 00:01:50 INFO executor.CoarseGrainedExecutorBackend: Got assigned task 51220
17/02/02 00:01:50 INFO executor.Executor: Running task 215.0 in stage 291.0 (TID 51220)
17/02/02 00:01:50 INFO storage.ShuffleBlockFetcherIterator: Getting 247 non-empty blocks out of 450 blocks
17/02/02 00:01:50 INFO storage.ShuffleBlockFetcherIterator: Started 5 remote fetches in 1 ms
17/02/02 00:01:50 INFO python.PythonRunner: Times: total = 637, boot = -377, init = 379, finish = 635
17/02/02 00:01:50 INFO executor.Executor: Finished task 194.0 in stage 291.0 (TID 51198). 1251 bytes result sent to driver
17/02/02 00:01:50 INFO executor.CoarseGrainedExecutorBackend: Got assigned task 51225
17/02/02 00:01:50 INFO executor.Executor: Running task 216.0 in stage 291.0 (TID 51225)
17/02/02 00:01:50 INFO storage.ShuffleBlockFetcherIterator: Getting 247 non-empty blocks out of 450 blocks
17/02/02 00:01:50 INFO storage.ShuffleBlockFetcherIterator: Started 5 remote fetches in 1 ms
17/02/02 00:01:50 INFO python.PythonRunner: Times: total = 707, boot = -349, init = 350, finish = 706
17/02/02 00:01:50 INFO executor.Executor: Finished task 193.0 in stage 291.0 (TID 51197). 1251 bytes result sent to driver
17/02/02 00:01:50 INFO executor.CoarseGrainedExecutorBackend: Got assigned task 51227
17/02/02 00:01:50 INFO executor.Executor: Running task 217.0 in stage 291.0 (TID 51227)
17/02/02 00:01:50 INFO storage.ShuffleBlockFetcherIterator: Getting 247 non-empty blocks out of 450 blocks
17/02/02 00:01:50 INFO storage.ShuffleBlockFetcherIterator: Started 4 remote fetches in 1 ms
17/02/02 00:01:50 INFO python.PythonRunner: Times: total = 621, boot = -473, init = 475, finish = 619
17/02/02 00:01:50 INFO executor.Executor: Finished task 197.0 in stage 291.0 (TID 51201). 1251 bytes result sent to driver
17/02/02 00:01:50 INFO executor.CoarseGrainedExecutorBackend: Got assigned task 51230
17/02/02 00:01:50 INFO executor.Executor: Running task 222.0 in stage 291.0 (TID 51230)
17/02/02 00:01:50 INFO storage.ShuffleBlockFetcherIterator: Getting 247 non-empty blocks out of 450 blocks
17/02/02 00:01:50 INFO storage.ShuffleBlockFetcherIterator: Started 5 remote fetches in 1 ms
17/02/02 00:01:51 INFO python.PythonRunner: Times: total = 590, boot = -503, init = 504, finish = 589
17/02/02 00:01:51 INFO executor.Executor: Finished task 200.0 in stage 291.0 (TID 51210). 1251 bytes result sent to driver
17/02/02 00:01:51 INFO executor.CoarseGrainedExecutorBackend: Got assigned task 51234
17/02/02 00:01:51 INFO executor.Executor: Running task 228.0 in stage 291.0 (TID 51234)
17/02/02 00:01:51 INFO storage.ShuffleBlockFetcherIterator: Getting 247 non-empty blocks out of 450 blocks
17/02/02 00:01:51 INFO storage.ShuffleBlockFetcherIterator: Started 5 remote fetches in 1 ms
17/02/02 00:01:51 INFO python.PythonRunner: Times: total = 526, boot = -562, init = 563, finish = 525
17/02/02 00:01:51 INFO executor.Executor: Finished task 211.0 in stage 291.0 (TID 51218). 1251 bytes result sent to driver
17/02/02 00:01:51 INFO executor.CoarseGrainedExecutorBackend: Got assigned task 51239
17/02/02 00:01:51 INFO executor.Executor: Running task 232.0 in stage 291.0 (TID 51239)
17/02/02 00:01:51 INFO storage.ShuffleBlockFetcherIterator: Getting 247 non-empty blocks out of 450 blocks
17/02/02 00:01:51 INFO storage.ShuffleBlockFetcherIterator: Started 5 remote fetches in 1 ms
17/02/02 00:01:51 INFO python.PythonRunner: Times: total = 492, boot = -570, init = 572, finish = 490
17/02/02 00:01:51 INFO executor.Executor: Finished task 215.0 in stage 291.0 (TID 51220). 1251 bytes result sent to driver
17/02/02 00:01:51 INFO executor.CoarseGrainedExecutorBackend: Got assigned task 51240
17/02/02 00:01:51 INFO executor.Executor: Running task 233.0 in stage 291.0 (TID 51240)
17/02/02 00:01:51 INFO storage.ShuffleBlockFetcherIterator: Getting 247 non-empty blocks out of 450 blocks
17/02/02 00:01:51 INFO storage.ShuffleBlockFetcherIterator: Started 5 remote fetches in 1 ms
