17/02/02 00:27:41 INFO executor.CoarseGrainedExecutorBackend: Got assigned task 67865
17/02/02 00:27:41 INFO executor.Executor: Running task 1651.0 in stage 364.0 (TID 67865)
17/02/02 00:27:41 INFO storage.ShuffleBlockFetcherIterator: Getting 93 non-empty blocks out of 1920 blocks
17/02/02 00:27:41 INFO storage.ShuffleBlockFetcherIterator: Started 4 remote fetches in 1 ms
17/02/02 00:27:41 INFO storage.ShuffleBlockFetcherIterator: Getting 93 non-empty blocks out of 1920 blocks
17/02/02 00:27:41 INFO storage.ShuffleBlockFetcherIterator: Started 4 remote fetches in 1 ms
17/02/02 00:27:41 INFO executor.Executor: Finished task 1632.0 in stage 364.0 (TID 67846). 3378 bytes result sent to driver
17/02/02 00:27:41 INFO executor.CoarseGrainedExecutorBackend: Got assigned task 67867
17/02/02 00:27:41 INFO executor.Executor: Running task 1653.0 in stage 364.0 (TID 67867)
17/02/02 00:27:41 INFO storage.ShuffleBlockFetcherIterator: Getting 93 non-empty blocks out of 1920 blocks
17/02/02 00:27:41 INFO storage.ShuffleBlockFetcherIterator: Started 4 remote fetches in 1 ms
17/02/02 00:27:41 INFO python.PythonRunner: Times: total = 18, boot = -168, init = 169, finish = 17
17/02/02 00:27:41 INFO python.PythonRunner: Times: total = 60, boot = -173, init = 175, finish = 58
17/02/02 00:27:41 INFO executor.Executor: Finished task 1645.0 in stage 364.0 (TID 67859). 3378 bytes result sent to driver
17/02/02 00:27:41 INFO executor.CoarseGrainedExecutorBackend: Got assigned task 67872
17/02/02 00:27:41 INFO executor.Executor: Running task 1658.0 in stage 364.0 (TID 67872)
17/02/02 00:27:41 INFO storage.ShuffleBlockFetcherIterator: Getting 93 non-empty blocks out of 1920 blocks
17/02/02 00:27:41 INFO storage.ShuffleBlockFetcherIterator: Started 4 remote fetches in 1 ms
17/02/02 00:27:41 INFO executor.Executor: Finished task 1626.0 in stage 364.0 (TID 67840). 3378 bytes result sent to driver
17/02/02 00:27:41 INFO executor.CoarseGrainedExecutorBackend: Got assigned task 67876
17/02/02 00:27:41 INFO executor.Executor: Running task 1662.0 in stage 364.0 (TID 67876)
17/02/02 00:27:41 INFO python.PythonRunner: Times: total = 66, boot = -150, init = 151, finish = 65
17/02/02 00:27:41 INFO storage.ShuffleBlockFetcherIterator: Getting 93 non-empty blocks out of 1920 blocks
17/02/02 00:27:41 INFO storage.ShuffleBlockFetcherIterator: Started 4 remote fetches in 0 ms
17/02/02 00:27:41 INFO executor.Executor: Finished task 1641.0 in stage 364.0 (TID 67855). 3378 bytes result sent to driver
17/02/02 00:27:41 INFO executor.CoarseGrainedExecutorBackend: Got assigned task 67883
17/02/02 00:27:41 INFO executor.Executor: Running task 1669.0 in stage 364.0 (TID 67883)
17/02/02 00:27:41 INFO storage.ShuffleBlockFetcherIterator: Getting 93 non-empty blocks out of 1920 blocks
17/02/02 00:27:41 INFO storage.ShuffleBlockFetcherIterator: Started 4 remote fetches in 1 ms
17/02/02 00:27:41 INFO python.PythonRunner: Times: total = 18, boot = -153, init = 155, finish = 16
17/02/02 00:27:41 INFO python.PythonRunner: Times: total = 53, boot = -178, init = 179, finish = 52
17/02/02 00:27:41 INFO executor.Executor: Finished task 1650.0 in stage 364.0 (TID 67864). 3378 bytes result sent to driver
17/02/02 00:27:41 INFO executor.Executor: Finished task 1662.0 in stage 364.0 (TID 67876). 3378 bytes result sent to driver
17/02/02 00:27:41 INFO executor.CoarseGrainedExecutorBackend: Got assigned task 67897
17/02/02 00:27:41 INFO executor.Executor: Running task 1683.0 in stage 364.0 (TID 67897)
17/02/02 00:27:41 INFO executor.CoarseGrainedExecutorBackend: Got assigned task 67898
17/02/02 00:27:41 INFO executor.Executor: Running task 1684.0 in stage 364.0 (TID 67898)
17/02/02 00:27:41 INFO storage.ShuffleBlockFetcherIterator: Getting 93 non-empty blocks out of 1920 blocks
17/02/02 00:27:41 INFO storage.ShuffleBlockFetcherIterator: Started 4 remote fetches in 1 ms
17/02/02 00:27:41 INFO python.PythonRunner: Times: total = 62, boot = -162, init = 163, finish = 61
17/02/02 00:27:41 INFO storage.ShuffleBlockFetcherIterator: Getting 93 non-empty blocks out of 1920 blocks
17/02/02 00:27:41 INFO storage.ShuffleBlockFetcherIterator: Started 4 remote fetches in 0 ms
17/02/02 00:27:41 INFO python.PythonRunner: Times: total = 56, boot = -162, init = 164, finish = 54
17/02/02 00:27:41 INFO executor.Executor: Finished task 1651.0 in stage 364.0 (TID 67865). 3378 bytes result sent to driver
17/02/02 00:27:41 INFO executor.Executor: Finished task 1653.0 in stage 364.0 (TID 67867). 3378 bytes result sent to driver
17/02/02 00:27:41 INFO executor.CoarseGrainedExecutorBackend: Got assigned task 67902
17/02/02 00:27:41 INFO executor.CoarseGrainedExecutorBackend: Got assigned task 67903
17/02/02 00:27:41 INFO executor.Executor: Running task 1688.0 in stage 364.0 (TID 67902)
17/02/02 00:27:41 INFO executor.Executor: Running task 1689.0 in stage 364.0 (TID 67903)
17/02/02 00:27:41 INFO storage.ShuffleBlockFetcherIterator: Getting 93 non-empty blocks out of 1920 blocks
17/02/02 00:27:41 INFO storage.ShuffleBlockFetcherIterator: Started 4 remote fetches in 1 ms
17/02/02 00:27:41 INFO storage.ShuffleBlockFetcherIterator: Getting 93 non-empty blocks out of 1920 blocks
17/02/02 00:27:41 INFO storage.ShuffleBlockFetcherIterator: Started 4 remote fetches in 0 ms
17/02/02 00:27:41 INFO python.PythonRunner: Times: total = 61, boot = -176, init = 178, finish = 59
17/02/02 00:27:41 INFO python.PythonRunner: Times: total = 24, boot = -52, init = 54, finish = 22
17/02/02 00:27:41 INFO python.PythonRunner: Times: total = 18, boot = -58, init = 59, finish = 17
17/02/02 00:27:41 INFO executor.Executor: Finished task 1658.0 in stage 364.0 (TID 67872). 3378 bytes result sent to driver
17/02/02 00:27:41 INFO python.PythonRunner: Times: total = 19, boot = -43, init = 44, finish = 18
17/02/02 00:27:41 INFO executor.CoarseGrainedExecutorBackend: Got assigned task 67918
17/02/02 00:27:41 INFO executor.Executor: Running task 1704.0 in stage 364.0 (TID 67918)
17/02/02 00:27:41 INFO executor.Executor: Finished task 1683.0 in stage 364.0 (TID 67897). 3378 bytes result sent to driver
17/02/02 00:27:41 INFO storage.ShuffleBlockFetcherIterator: Getting 93 non-empty blocks out of 1920 blocks
17/02/02 00:27:41 INFO executor.CoarseGrainedExecutorBackend: Got assigned task 67919
17/02/02 00:27:41 INFO storage.ShuffleBlockFetcherIterator: Started 4 remote fetches in 1 ms
17/02/02 00:27:41 INFO executor.Executor: Running task 1705.0 in stage 364.0 (TID 67919)
17/02/02 00:27:41 INFO storage.ShuffleBlockFetcherIterator: Getting 93 non-empty blocks out of 1920 blocks
17/02/02 00:27:41 INFO storage.ShuffleBlockFetcherIterator: Started 4 remote fetches in 1 ms
17/02/02 00:27:41 INFO executor.Executor: Finished task 1689.0 in stage 364.0 (TID 67903). 3378 bytes result sent to driver
17/02/02 00:27:41 INFO executor.CoarseGrainedExecutorBackend: Got assigned task 67923
17/02/02 00:27:41 INFO executor.Executor: Running task 1709.0 in stage 364.0 (TID 67923)
17/02/02 00:27:41 INFO python.PythonRunner: Times: total = 61, boot = -33, init = 35, finish = 59
17/02/02 00:27:41 INFO executor.Executor: Finished task 1688.0 in stage 364.0 (TID 67902). 3378 bytes result sent to driver
17/02/02 00:27:41 INFO storage.ShuffleBlockFetcherIterator: Getting 93 non-empty blocks out of 1920 blocks
17/02/02 00:27:41 INFO storage.ShuffleBlockFetcherIterator: Started 4 remote fetches in 1 ms
17/02/02 00:27:41 INFO executor.CoarseGrainedExecutorBackend: Got assigned task 67924
17/02/02 00:27:41 INFO executor.Executor: Running task 1710.0 in stage 364.0 (TID 67924)
17/02/02 00:27:42 INFO python.PythonRunner: Times: total = 56, boot = -60, init = 61, finish = 55
17/02/02 00:27:42 INFO storage.ShuffleBlockFetcherIterator: Getting 93 non-empty blocks out of 1920 blocks
17/02/02 00:27:42 INFO storage.ShuffleBlockFetcherIterator: Started 4 remote fetches in 1 ms
17/02/02 00:27:42 INFO executor.Executor: Finished task 1669.0 in stage 364.0 (TID 67883). 3378 bytes result sent to driver
17/02/02 00:27:42 INFO python.PythonRunner: Times: total = 55, boot = -52, init = 53, finish = 54
17/02/02 00:27:42 INFO executor.CoarseGrainedExecutorBackend: Got assigned task 67949
17/02/02 00:27:42 INFO executor.Executor: Running task 1735.0 in stage 364.0 (TID 67949)
17/02/02 00:27:42 INFO storage.ShuffleBlockFetcherIterator: Getting 93 non-empty blocks out of 1920 blocks
17/02/02 00:27:42 INFO storage.ShuffleBlockFetcherIterator: Started 4 remote fetches in 0 ms
17/02/02 00:27:42 INFO executor.Executor: Finished task 1704.0 in stage 364.0 (TID 67918). 3378 bytes result sent to driver
17/02/02 00:27:42 INFO executor.CoarseGrainedExecutorBackend: Got assigned task 67950
17/02/02 00:27:42 INFO executor.Executor: Running task 1736.0 in stage 364.0 (TID 67950)
17/02/02 00:27:42 INFO storage.ShuffleBlockFetcherIterator: Getting 93 non-empty blocks out of 1920 blocks
17/02/02 00:27:42 INFO storage.ShuffleBlockFetcherIterator: Started 4 remote fetches in 1 ms
17/02/02 00:27:42 INFO python.PythonRunner: Times: total = 180, boot = -55, init = 56, finish = 179
17/02/02 00:27:42 INFO executor.Executor: Finished task 1684.0 in stage 364.0 (TID 67898). 3378 bytes result sent to driver
17/02/02 00:27:42 INFO executor.CoarseGrainedExecutorBackend: Got assigned task 67951
17/02/02 00:27:42 INFO executor.Executor: Running task 1737.0 in stage 364.0 (TID 67951)
17/02/02 00:27:42 INFO python.PythonRunner: Times: total = 180, boot = -31, init = 32, finish = 179
17/02/02 00:27:42 INFO python.PythonRunner: Times: total = 18, boot = -189, init = 190, finish = 17
17/02/02 00:27:42 INFO storage.ShuffleBlockFetcherIterator: Getting 93 non-empty blocks out of 1920 blocks
17/02/02 00:27:42 INFO storage.ShuffleBlockFetcherIterator: Started 4 remote fetches in 1 ms
17/02/02 00:27:42 INFO executor.Executor: Finished task 1709.0 in stage 364.0 (TID 67923). 3378 bytes result sent to driver
17/02/02 00:27:42 INFO executor.CoarseGrainedExecutorBackend: Got assigned task 67957
