17/02/02 00:14:40 INFO executor.Executor: Finished task 67.0 in stage 330.0 (TID 56743). 2410 bytes result sent to driver
17/02/02 00:14:40 INFO storage.ShuffleBlockFetcherIterator: Getting 61 non-empty blocks out of 960 blocks
17/02/02 00:14:40 INFO python.PythonRunner: Times: total = 60, boot = -112, init = 113, finish = 59
17/02/02 00:14:40 INFO storage.ShuffleBlockFetcherIterator: Started 4 remote fetches in 1 ms
17/02/02 00:14:40 INFO executor.CoarseGrainedExecutorBackend: Got assigned task 56769
17/02/02 00:14:40 INFO executor.Executor: Running task 96.0 in stage 330.0 (TID 56769)
17/02/02 00:14:40 INFO storage.ShuffleBlockFetcherIterator: Getting 61 non-empty blocks out of 960 blocks
17/02/02 00:14:40 INFO storage.ShuffleBlockFetcherIterator: Started 4 remote fetches in 1 ms
17/02/02 00:14:40 INFO executor.Executor: Finished task 68.0 in stage 330.0 (TID 56745). 2410 bytes result sent to driver
17/02/02 00:14:40 INFO executor.CoarseGrainedExecutorBackend: Got assigned task 56772
17/02/02 00:14:40 INFO executor.Executor: Running task 97.0 in stage 330.0 (TID 56772)
17/02/02 00:14:40 INFO python.PythonRunner: Times: total = 64, boot = -122, init = 123, finish = 63
17/02/02 00:14:40 INFO executor.Executor: Finished task 78.0 in stage 330.0 (TID 56760). 2410 bytes result sent to driver
17/02/02 00:14:40 INFO storage.ShuffleBlockFetcherIterator: Getting 61 non-empty blocks out of 960 blocks
17/02/02 00:14:40 INFO executor.CoarseGrainedExecutorBackend: Got assigned task 56774
17/02/02 00:14:40 INFO storage.ShuffleBlockFetcherIterator: Started 4 remote fetches in 1 ms
17/02/02 00:14:40 INFO executor.Executor: Running task 98.0 in stage 330.0 (TID 56774)
17/02/02 00:14:40 INFO storage.ShuffleBlockFetcherIterator: Getting 61 non-empty blocks out of 960 blocks
17/02/02 00:14:40 INFO storage.ShuffleBlockFetcherIterator: Started 4 remote fetches in 1 ms
17/02/02 00:14:40 INFO executor.Executor: Finished task 71.0 in stage 330.0 (TID 56746). 2410 bytes result sent to driver
17/02/02 00:14:40 INFO executor.CoarseGrainedExecutorBackend: Got assigned task 56778
17/02/02 00:14:40 INFO executor.Executor: Running task 101.0 in stage 330.0 (TID 56778)
17/02/02 00:14:40 INFO storage.ShuffleBlockFetcherIterator: Getting 61 non-empty blocks out of 960 blocks
17/02/02 00:14:40 INFO storage.ShuffleBlockFetcherIterator: Started 4 remote fetches in 0 ms
17/02/02 00:14:40 INFO python.PythonRunner: Times: total = 26, boot = -80, init = 81, finish = 25
17/02/02 00:14:40 INFO python.PythonRunner: Times: total = 65, boot = -75, init = 76, finish = 64
17/02/02 00:14:40 INFO executor.Executor: Finished task 97.0 in stage 330.0 (TID 56772). 2410 bytes result sent to driver
17/02/02 00:14:40 INFO executor.CoarseGrainedExecutorBackend: Got assigned task 56784
17/02/02 00:14:40 INFO executor.Executor: Running task 112.0 in stage 330.0 (TID 56784)
17/02/02 00:14:40 INFO storage.ShuffleBlockFetcherIterator: Getting 61 non-empty blocks out of 960 blocks
17/02/02 00:14:40 INFO storage.ShuffleBlockFetcherIterator: Started 4 remote fetches in 1 ms
17/02/02 00:14:40 INFO python.PythonRunner: Times: total = 62, boot = -66, init = 67, finish = 61
17/02/02 00:14:40 INFO executor.Executor: Finished task 82.0 in stage 330.0 (TID 56762). 2410 bytes result sent to driver
17/02/02 00:14:40 INFO executor.CoarseGrainedExecutorBackend: Got assigned task 56791
17/02/02 00:14:40 INFO executor.Executor: Running task 116.0 in stage 330.0 (TID 56791)
17/02/02 00:14:40 INFO storage.ShuffleBlockFetcherIterator: Getting 61 non-empty blocks out of 960 blocks
17/02/02 00:14:40 INFO storage.ShuffleBlockFetcherIterator: Started 4 remote fetches in 0 ms
17/02/02 00:14:40 INFO python.PythonRunner: Times: total = 65, boot = -76, init = 78, finish = 63
17/02/02 00:14:40 INFO executor.Executor: Finished task 94.0 in stage 330.0 (TID 56767). 2410 bytes result sent to driver
17/02/02 00:14:40 INFO executor.CoarseGrainedExecutorBackend: Got assigned task 56796
17/02/02 00:14:40 INFO executor.Executor: Running task 124.0 in stage 330.0 (TID 56796)
17/02/02 00:14:40 INFO storage.ShuffleBlockFetcherIterator: Getting 61 non-empty blocks out of 960 blocks
17/02/02 00:14:40 INFO storage.ShuffleBlockFetcherIterator: Started 4 remote fetches in 0 ms
17/02/02 00:14:40 INFO python.PythonRunner: Times: total = 65, boot = -74, init = 75, finish = 64
17/02/02 00:14:40 INFO executor.Executor: Finished task 96.0 in stage 330.0 (TID 56769). 2410 bytes result sent to driver
17/02/02 00:14:40 INFO executor.CoarseGrainedExecutorBackend: Got assigned task 56800
17/02/02 00:14:40 INFO executor.Executor: Running task 126.0 in stage 330.0 (TID 56800)
17/02/02 00:14:40 INFO python.PythonRunner: Times: total = 61, boot = -75, init = 76, finish = 60
17/02/02 00:14:40 INFO storage.ShuffleBlockFetcherIterator: Getting 61 non-empty blocks out of 960 blocks
17/02/02 00:14:40 INFO storage.ShuffleBlockFetcherIterator: Started 4 remote fetches in 1 ms
17/02/02 00:14:40 INFO executor.Executor: Finished task 101.0 in stage 330.0 (TID 56778). 2410 bytes result sent to driver
17/02/02 00:14:40 INFO executor.Executor: Finished task 98.0 in stage 330.0 (TID 56774). 2410 bytes result sent to driver
17/02/02 00:14:40 INFO executor.CoarseGrainedExecutorBackend: Got assigned task 56803
17/02/02 00:14:40 INFO executor.Executor: Running task 128.0 in stage 330.0 (TID 56803)
17/02/02 00:14:40 INFO executor.CoarseGrainedExecutorBackend: Got assigned task 56804
17/02/02 00:14:40 INFO executor.Executor: Running task 130.0 in stage 330.0 (TID 56804)
17/02/02 00:14:40 INFO storage.ShuffleBlockFetcherIterator: Getting 61 non-empty blocks out of 960 blocks
17/02/02 00:14:40 INFO storage.ShuffleBlockFetcherIterator: Started 4 remote fetches in 0 ms
17/02/02 00:14:40 INFO storage.ShuffleBlockFetcherIterator: Getting 61 non-empty blocks out of 960 blocks
17/02/02 00:14:40 INFO storage.ShuffleBlockFetcherIterator: Started 4 remote fetches in 0 ms
17/02/02 00:14:40 INFO python.PythonRunner: Times: total = 60, boot = -59, init = 60, finish = 59
17/02/02 00:14:40 INFO executor.Executor: Finished task 112.0 in stage 330.0 (TID 56784). 2410 bytes result sent to driver
17/02/02 00:14:40 INFO python.PythonRunner: Times: total = 21, boot = -70, init = 71, finish = 20
17/02/02 00:14:40 INFO executor.CoarseGrainedExecutorBackend: Got assigned task 56812
17/02/02 00:14:40 INFO executor.Executor: Running task 138.0 in stage 330.0 (TID 56812)
17/02/02 00:14:40 INFO storage.ShuffleBlockFetcherIterator: Getting 61 non-empty blocks out of 960 blocks
17/02/02 00:14:40 INFO storage.ShuffleBlockFetcherIterator: Started 4 remote fetches in 0 ms
17/02/02 00:14:40 INFO python.PythonRunner: Times: total = 64, boot = -58, init = 59, finish = 63
17/02/02 00:14:40 INFO executor.Executor: Finished task 128.0 in stage 330.0 (TID 56803). 2410 bytes result sent to driver
17/02/02 00:14:40 INFO executor.Executor: Finished task 116.0 in stage 330.0 (TID 56791). 2410 bytes result sent to driver
17/02/02 00:14:40 INFO executor.CoarseGrainedExecutorBackend: Got assigned task 56816
17/02/02 00:14:40 INFO executor.Executor: Running task 142.0 in stage 330.0 (TID 56816)
17/02/02 00:14:40 INFO executor.CoarseGrainedExecutorBackend: Got assigned task 56817
17/02/02 00:14:40 INFO executor.Executor: Running task 144.0 in stage 330.0 (TID 56817)
17/02/02 00:14:40 INFO storage.ShuffleBlockFetcherIterator: Getting 61 non-empty blocks out of 960 blocks
17/02/02 00:14:40 INFO storage.ShuffleBlockFetcherIterator: Getting 61 non-empty blocks out of 960 blocks
17/02/02 00:14:40 INFO storage.ShuffleBlockFetcherIterator: Started 4 remote fetches in 1 ms
17/02/02 00:14:40 INFO storage.ShuffleBlockFetcherIterator: Started 4 remote fetches in 0 ms
17/02/02 00:14:40 INFO python.PythonRunner: Times: total = 59, boot = -73, init = 74, finish = 58
17/02/02 00:14:40 INFO python.PythonRunner: Times: total = 72, boot = -78, init = 79, finish = 71
17/02/02 00:14:40 INFO executor.Executor: Finished task 126.0 in stage 330.0 (TID 56800). 2410 bytes result sent to driver
17/02/02 00:14:40 INFO executor.CoarseGrainedExecutorBackend: Got assigned task 56824
17/02/02 00:14:40 INFO executor.Executor: Running task 146.0 in stage 330.0 (TID 56824)
17/02/02 00:14:40 INFO storage.ShuffleBlockFetcherIterator: Getting 61 non-empty blocks out of 960 blocks
17/02/02 00:14:40 INFO storage.ShuffleBlockFetcherIterator: Started 4 remote fetches in 0 ms
17/02/02 00:14:40 INFO python.PythonRunner: Times: total = 60, boot = -81, init = 82, finish = 59
17/02/02 00:14:40 INFO executor.Executor: Finished task 124.0 in stage 330.0 (TID 56796). 2410 bytes result sent to driver
17/02/02 00:14:40 INFO python.PythonRunner: Times: total = 21, boot = -65, init = 66, finish = 20
17/02/02 00:14:40 INFO executor.CoarseGrainedExecutorBackend: Got assigned task 56829
17/02/02 00:14:40 INFO executor.Executor: Running task 150.0 in stage 330.0 (TID 56829)
17/02/02 00:14:40 INFO storage.ShuffleBlockFetcherIterator: Getting 61 non-empty blocks out of 960 blocks
17/02/02 00:14:40 INFO storage.ShuffleBlockFetcherIterator: Started 4 remote fetches in 0 ms
17/02/02 00:14:40 INFO executor.Executor: Finished task 144.0 in stage 330.0 (TID 56817). 2410 bytes result sent to driver
17/02/02 00:14:40 INFO executor.CoarseGrainedExecutorBackend: Got assigned task 56833
17/02/02 00:14:40 INFO executor.Executor: Running task 157.0 in stage 330.0 (TID 56833)
17/02/02 00:14:40 INFO storage.ShuffleBlockFetcherIterator: Getting 61 non-empty blocks out of 960 blocks
17/02/02 00:14:40 INFO storage.ShuffleBlockFetcherIterator: Started 4 remote fetches in 0 ms
17/02/02 00:14:40 INFO python.PythonRunner: Times: total = 60, boot = -64, init = 66, finish = 58
17/02/02 00:14:40 INFO executor.Executor: Finished task 130.0 in stage 330.0 (TID 56804). 2410 bytes result sent to driver
17/02/02 00:14:40 INFO executor.CoarseGrainedExecutorBackend: Got assigned task 56838
