17/02/02 00:13:29 INFO storage.ShuffleBlockFetcherIterator: Started 6 remote fetches in 0 ms
17/02/02 00:13:29 INFO python.PythonRunner: Times: total = 309, boot = -193, init = 194, finish = 308
17/02/02 00:13:30 INFO python.PythonRunner: Times: total = 98, boot = -151, init = 153, finish = 96
17/02/02 00:13:30 INFO executor.Executor: Finished task 167.0 in stage 315.0 (TID 54021). 2380 bytes result sent to driver
17/02/02 00:13:30 INFO executor.CoarseGrainedExecutorBackend: Got assigned task 54040
17/02/02 00:13:30 INFO executor.Executor: Running task 186.0 in stage 315.0 (TID 54040)
17/02/02 00:13:30 INFO storage.ShuffleBlockFetcherIterator: Getting 247 non-empty blocks out of 450 blocks
17/02/02 00:13:30 INFO storage.ShuffleBlockFetcherIterator: Started 6 remote fetches in 1 ms
17/02/02 00:13:30 INFO python.PythonRunner: Times: total = 322, boot = -54, init = 55, finish = 321
17/02/02 00:13:30 INFO python.PythonRunner: Times: total = 357, boot = -76, init = 77, finish = 356
17/02/02 00:13:30 INFO python.PythonRunner: Times: total = 94, boot = -133, init = 134, finish = 93
17/02/02 00:13:30 INFO executor.Executor: Finished task 170.0 in stage 315.0 (TID 54025). 2380 bytes result sent to driver
17/02/02 00:13:30 INFO executor.CoarseGrainedExecutorBackend: Got assigned task 54046
17/02/02 00:13:30 INFO executor.Executor: Running task 192.0 in stage 315.0 (TID 54046)
17/02/02 00:13:30 INFO storage.ShuffleBlockFetcherIterator: Getting 247 non-empty blocks out of 450 blocks
17/02/02 00:13:30 INFO storage.ShuffleBlockFetcherIterator: Started 6 remote fetches in 1 ms
17/02/02 00:13:30 INFO python.PythonRunner: Times: total = 67, boot = -149, init = 151, finish = 65
17/02/02 00:13:30 INFO python.PythonRunner: Times: total = 337, boot = -81, init = 82, finish = 336
17/02/02 00:13:30 INFO python.PythonRunner: Times: total = 390, boot = -56, init = 57, finish = 389
17/02/02 00:13:30 INFO executor.Executor: Finished task 173.0 in stage 315.0 (TID 54029). 2380 bytes result sent to driver
17/02/02 00:13:30 INFO executor.CoarseGrainedExecutorBackend: Got assigned task 54049
17/02/02 00:13:30 INFO executor.Executor: Running task 195.0 in stage 315.0 (TID 54049)
17/02/02 00:13:30 INFO storage.ShuffleBlockFetcherIterator: Getting 247 non-empty blocks out of 450 blocks
17/02/02 00:13:30 INFO storage.ShuffleBlockFetcherIterator: Started 6 remote fetches in 1 ms
17/02/02 00:13:30 INFO python.PythonRunner: Times: total = 83, boot = -64, init = 66, finish = 81
17/02/02 00:13:30 INFO python.PythonRunner: Times: total = 225, boot = -138, init = 140, finish = 223
17/02/02 00:13:30 INFO executor.Executor: Finished task 174.0 in stage 315.0 (TID 54030). 2380 bytes result sent to driver
17/02/02 00:13:30 INFO executor.CoarseGrainedExecutorBackend: Got assigned task 54052
17/02/02 00:13:30 INFO executor.Executor: Running task 198.0 in stage 315.0 (TID 54052)
17/02/02 00:13:30 INFO storage.ShuffleBlockFetcherIterator: Getting 247 non-empty blocks out of 450 blocks
17/02/02 00:13:30 INFO storage.ShuffleBlockFetcherIterator: Started 6 remote fetches in 2 ms
17/02/02 00:13:30 INFO python.PythonRunner: Times: total = 129, boot = -110, init = 112, finish = 127
17/02/02 00:13:30 INFO executor.Executor: Finished task 180.0 in stage 315.0 (TID 54034). 2380 bytes result sent to driver
17/02/02 00:13:30 INFO executor.CoarseGrainedExecutorBackend: Got assigned task 54055
17/02/02 00:13:30 INFO executor.Executor: Running task 201.0 in stage 315.0 (TID 54055)
17/02/02 00:13:30 INFO storage.ShuffleBlockFetcherIterator: Getting 247 non-empty blocks out of 450 blocks
17/02/02 00:13:30 INFO storage.ShuffleBlockFetcherIterator: Started 5 remote fetches in 1 ms
17/02/02 00:13:30 INFO python.PythonRunner: Times: total = 106, boot = -22, init = 23, finish = 105
17/02/02 00:13:30 INFO python.PythonRunner: Times: total = 182, boot = -11, init = 13, finish = 180
17/02/02 00:13:30 INFO executor.Executor: Finished task 186.0 in stage 315.0 (TID 54040). 2380 bytes result sent to driver
17/02/02 00:13:30 INFO executor.CoarseGrainedExecutorBackend: Got assigned task 54058
17/02/02 00:13:30 INFO executor.Executor: Running task 203.0 in stage 315.0 (TID 54058)
17/02/02 00:13:30 INFO storage.ShuffleBlockFetcherIterator: Getting 247 non-empty blocks out of 450 blocks
17/02/02 00:13:30 INFO storage.ShuffleBlockFetcherIterator: Started 4 remote fetches in 1 ms
17/02/02 00:13:30 INFO python.PythonRunner: Times: total = 477, boot = -71, init = 72, finish = 476
17/02/02 00:13:30 INFO python.PythonRunner: Times: total = 78, boot = -67, init = 68, finish = 77
17/02/02 00:13:30 INFO executor.Executor: Finished task 192.0 in stage 315.0 (TID 54046). 2380 bytes result sent to driver
17/02/02 00:13:30 INFO executor.CoarseGrainedExecutorBackend: Got assigned task 54062
17/02/02 00:13:30 INFO executor.Executor: Running task 207.0 in stage 315.0 (TID 54062)
17/02/02 00:13:30 INFO storage.ShuffleBlockFetcherIterator: Getting 247 non-empty blocks out of 450 blocks
17/02/02 00:13:30 INFO storage.ShuffleBlockFetcherIterator: Started 6 remote fetches in 1 ms
17/02/02 00:13:30 INFO python.PythonRunner: Times: total = 77, boot = -77, init = 78, finish = 76
17/02/02 00:13:30 INFO executor.Executor: Finished task 181.0 in stage 315.0 (TID 54037). 2380 bytes result sent to driver
17/02/02 00:13:30 INFO executor.CoarseGrainedExecutorBackend: Got assigned task 54065
17/02/02 00:13:30 INFO executor.Executor: Running task 211.0 in stage 315.0 (TID 54065)
17/02/02 00:13:30 INFO storage.ShuffleBlockFetcherIterator: Getting 247 non-empty blocks out of 450 blocks
17/02/02 00:13:30 INFO storage.ShuffleBlockFetcherIterator: Started 5 remote fetches in 1 ms
17/02/02 00:13:30 INFO python.PythonRunner: Times: total = 246, boot = -61, init = 62, finish = 245
17/02/02 00:13:30 INFO python.PythonRunner: Times: total = 63, boot = -87, init = 89, finish = 61
17/02/02 00:13:30 INFO python.PythonRunner: Times: total = 283, boot = -85, init = 86, finish = 282
17/02/02 00:13:30 INFO executor.Executor: Finished task 198.0 in stage 315.0 (TID 54052). 2380 bytes result sent to driver
17/02/02 00:13:30 INFO executor.CoarseGrainedExecutorBackend: Got assigned task 54071
17/02/02 00:13:30 INFO executor.Executor: Running task 216.0 in stage 315.0 (TID 54071)
17/02/02 00:13:30 INFO storage.ShuffleBlockFetcherIterator: Getting 247 non-empty blocks out of 450 blocks
17/02/02 00:13:30 INFO storage.ShuffleBlockFetcherIterator: Started 6 remote fetches in 1 ms
17/02/02 00:13:30 INFO python.PythonRunner: Times: total = 97, boot = -122, init = 123, finish = 96
17/02/02 00:13:30 INFO python.PythonRunner: Times: total = 305, boot = -84, init = 85, finish = 304
17/02/02 00:13:30 INFO executor.Executor: Finished task 201.0 in stage 315.0 (TID 54055). 2380 bytes result sent to driver
17/02/02 00:13:30 INFO executor.CoarseGrainedExecutorBackend: Got assigned task 54075
17/02/02 00:13:30 INFO executor.Executor: Running task 220.0 in stage 315.0 (TID 54075)
17/02/02 00:13:30 INFO storage.ShuffleBlockFetcherIterator: Getting 247 non-empty blocks out of 450 blocks
17/02/02 00:13:30 INFO storage.ShuffleBlockFetcherIterator: Started 5 remote fetches in 1 ms
17/02/02 00:13:30 INFO python.PythonRunner: Times: total = 287, boot = -79, init = 80, finish = 286
17/02/02 00:13:30 INFO python.PythonRunner: Times: total = 80, boot = -113, init = 114, finish = 79
17/02/02 00:13:30 INFO executor.Executor: Finished task 203.0 in stage 315.0 (TID 54058). 2380 bytes result sent to driver
17/02/02 00:13:30 INFO executor.CoarseGrainedExecutorBackend: Got assigned task 54077
17/02/02 00:13:30 INFO executor.Executor: Running task 223.0 in stage 315.0 (TID 54077)
17/02/02 00:13:30 INFO storage.ShuffleBlockFetcherIterator: Getting 247 non-empty blocks out of 450 blocks
17/02/02 00:13:30 INFO storage.ShuffleBlockFetcherIterator: Started 6 remote fetches in 1 ms
17/02/02 00:13:30 INFO python.PythonRunner: Times: total = 60, boot = -95, init = 96, finish = 59
17/02/02 00:13:30 INFO python.PythonRunner: Times: total = 572, boot = -42, init = 43, finish = 571
17/02/02 00:13:30 INFO executor.Executor: Finished task 207.0 in stage 315.0 (TID 54062). 2380 bytes result sent to driver
17/02/02 00:13:30 INFO executor.CoarseGrainedExecutorBackend: Got assigned task 54081
17/02/02 00:13:30 INFO executor.Executor: Running task 227.0 in stage 315.0 (TID 54081)
17/02/02 00:13:30 INFO storage.ShuffleBlockFetcherIterator: Getting 247 non-empty blocks out of 450 blocks
17/02/02 00:13:30 INFO storage.ShuffleBlockFetcherIterator: Started 5 remote fetches in 0 ms
17/02/02 00:13:30 INFO python.PythonRunner: Times: total = 89, boot = -68, init = 69, finish = 88
17/02/02 00:13:30 INFO python.PythonRunner: Times: total = 255, boot = -117, init = 118, finish = 254
17/02/02 00:13:30 INFO executor.Executor: Finished task 195.0 in stage 315.0 (TID 54049). 2380 bytes result sent to driver
17/02/02 00:13:30 INFO executor.CoarseGrainedExecutorBackend: Got assigned task 54086
17/02/02 00:13:30 INFO executor.Executor: Running task 230.0 in stage 315.0 (TID 54086)
17/02/02 00:13:30 INFO storage.ShuffleBlockFetcherIterator: Getting 247 non-empty blocks out of 450 blocks
17/02/02 00:13:30 INFO storage.ShuffleBlockFetcherIterator: Started 5 remote fetches in 1 ms
17/02/02 00:13:30 INFO python.PythonRunner: Times: total = 196, boot = -94, init = 95, finish = 195
17/02/02 00:13:30 INFO python.PythonRunner: Times: total = 52, boot = -76, init = 77, finish = 51
17/02/02 00:13:30 INFO python.PythonRunner: Times: total = 98, boot = -75, init = 76, finish = 97
17/02/02 00:13:30 INFO executor.Executor: Finished task 220.0 in stage 315.0 (TID 54075). 2380 bytes result sent to driver
17/02/02 00:13:30 INFO executor.CoarseGrainedExecutorBackend: Got assigned task 54089
17/02/02 00:13:30 INFO executor.Executor: Running task 233.0 in stage 315.0 (TID 54089)
17/02/02 00:13:30 INFO storage.ShuffleBlockFetcherIterator: Getting 247 non-empty blocks out of 450 blocks
