17/02/01 23:12:07 INFO storage.ShuffleBlockFetcherIterator: Started 4 remote fetches in 4 ms
17/02/01 23:12:07 INFO executor.Executor: Finished task 1485.0 in stage 255.0 (TID 47623). 2346689 bytes result sent to driver
17/02/01 23:12:07 INFO python.PythonRunner: Times: total = 362, boot = -78, init = 81, finish = 359
17/02/01 23:12:07 INFO executor.CoarseGrainedExecutorBackend: Got assigned task 47655
17/02/01 23:12:07 INFO executor.Executor: Running task 1517.0 in stage 255.0 (TID 47655)
17/02/01 23:12:07 INFO executor.Executor: Finished task 1487.0 in stage 255.0 (TID 47625). 2346584 bytes result sent to driver
17/02/01 23:12:07 INFO storage.ShuffleBlockFetcherIterator: Getting 941 non-empty blocks out of 1890 blocks
17/02/01 23:12:07 INFO storage.ShuffleBlockFetcherIterator: Started 4 remote fetches in 6 ms
17/02/01 23:12:07 INFO executor.CoarseGrainedExecutorBackend: Got assigned task 47657
17/02/01 23:12:07 INFO executor.Executor: Running task 1519.0 in stage 255.0 (TID 47657)
17/02/01 23:12:07 INFO python.PythonRunner: Times: total = 92, boot = -92, init = 102, finish = 82
17/02/01 23:12:07 INFO python.PythonRunner: Times: total = 94, boot = -348, init = 353, finish = 89
17/02/01 23:12:07 INFO python.PythonRunner: Times: total = 101, boot = -319, init = 320, finish = 100
17/02/01 23:12:07 INFO python.PythonRunner: Times: total = 122, boot = -303, init = 310, finish = 115
17/02/01 23:12:07 INFO python.PythonRunner: Times: total = 382, boot = -72, init = 91, finish = 363
17/02/01 23:12:08 INFO storage.ShuffleBlockFetcherIterator: Getting 955 non-empty blocks out of 1890 blocks
17/02/01 23:12:08 INFO storage.ShuffleBlockFetcherIterator: Started 3 remote fetches in 3 ms
17/02/01 23:12:08 INFO executor.Executor: Finished task 1507.0 in stage 255.0 (TID 47645). 2346584 bytes result sent to driver
17/02/01 23:12:08 INFO executor.Executor: Finished task 1517.0 in stage 255.0 (TID 47655). 2346511 bytes result sent to driver
17/02/01 23:12:08 INFO executor.Executor: Finished task 1511.0 in stage 255.0 (TID 47649). 2346584 bytes result sent to driver
17/02/01 23:12:08 INFO executor.Executor: Finished task 1489.0 in stage 255.0 (TID 47627). 2346584 bytes result sent to driver
17/02/01 23:12:08 INFO executor.Executor: Finished task 1502.0 in stage 255.0 (TID 47640). 2346549 bytes result sent to driver
17/02/01 23:12:08 INFO executor.CoarseGrainedExecutorBackend: Got assigned task 47715
17/02/01 23:12:08 INFO executor.Executor: Running task 1577.0 in stage 255.0 (TID 47715)
17/02/01 23:12:08 INFO storage.ShuffleBlockFetcherIterator: Getting 943 non-empty blocks out of 1890 blocks
17/02/01 23:12:08 INFO executor.CoarseGrainedExecutorBackend: Got assigned task 47716
17/02/01 23:12:08 INFO executor.Executor: Running task 1578.0 in stage 255.0 (TID 47716)
17/02/01 23:12:08 INFO storage.ShuffleBlockFetcherIterator: Started 4 remote fetches in 6 ms
17/02/01 23:12:08 INFO executor.CoarseGrainedExecutorBackend: Got assigned task 47717
17/02/01 23:12:08 INFO executor.Executor: Running task 1579.0 in stage 255.0 (TID 47717)
17/02/01 23:12:08 INFO storage.ShuffleBlockFetcherIterator: Getting 941 non-empty blocks out of 1890 blocks
17/02/01 23:12:08 INFO storage.ShuffleBlockFetcherIterator: Getting 941 non-empty blocks out of 1890 blocks
17/02/01 23:12:08 INFO storage.ShuffleBlockFetcherIterator: Started 3 remote fetches in 8 ms
17/02/01 23:12:08 INFO executor.CoarseGrainedExecutorBackend: Got assigned task 47718
17/02/01 23:12:08 INFO executor.Executor: Running task 1580.0 in stage 255.0 (TID 47718)
17/02/01 23:12:08 INFO storage.ShuffleBlockFetcherIterator: Started 3 remote fetches in 5 ms
17/02/01 23:12:08 INFO storage.ShuffleBlockFetcherIterator: Getting 962 non-empty blocks out of 1890 blocks
17/02/01 23:12:08 INFO executor.CoarseGrainedExecutorBackend: Got assigned task 47720
17/02/01 23:12:08 INFO executor.Executor: Running task 1582.0 in stage 255.0 (TID 47720)
17/02/01 23:12:08 INFO storage.ShuffleBlockFetcherIterator: Started 4 remote fetches in 6 ms
17/02/01 23:12:08 INFO storage.ShuffleBlockFetcherIterator: Getting 940 non-empty blocks out of 1890 blocks
17/02/01 23:12:08 INFO storage.ShuffleBlockFetcherIterator: Started 3 remote fetches in 5 ms
17/02/01 23:12:08 INFO python.PythonRunner: Times: total = 89, boot = -550, init = 556, finish = 83
17/02/01 23:12:08 INFO executor.Executor: Finished task 1519.0 in stage 255.0 (TID 47657). 2346689 bytes result sent to driver
17/02/01 23:12:08 INFO executor.CoarseGrainedExecutorBackend: Got assigned task 47732
17/02/01 23:12:08 INFO executor.Executor: Running task 1594.0 in stage 255.0 (TID 47732)
17/02/01 23:12:08 INFO storage.ShuffleBlockFetcherIterator: Getting 953 non-empty blocks out of 1890 blocks
17/02/01 23:12:08 INFO storage.ShuffleBlockFetcherIterator: Started 4 remote fetches in 2 ms
17/02/01 23:12:08 INFO python.PythonRunner: Times: total = 98, boot = -549, init = 558, finish = 89
17/02/01 23:12:08 INFO executor.Executor: Finished task 1577.0 in stage 255.0 (TID 47715). 2346511 bytes result sent to driver
17/02/01 23:12:08 INFO executor.CoarseGrainedExecutorBackend: Got assigned task 47734
17/02/01 23:12:08 INFO executor.Executor: Running task 1596.0 in stage 255.0 (TID 47734)
17/02/01 23:12:08 INFO storage.ShuffleBlockFetcherIterator: Getting 945 non-empty blocks out of 1890 blocks
17/02/01 23:12:08 INFO storage.ShuffleBlockFetcherIterator: Started 4 remote fetches in 5 ms
17/02/01 23:12:08 INFO python.PythonRunner: Times: total = 140, boot = -528, init = 554, finish = 114
17/02/01 23:12:08 INFO executor.Executor: Finished task 1578.0 in stage 255.0 (TID 47716). 2346654 bytes result sent to driver
17/02/01 23:12:08 INFO executor.CoarseGrainedExecutorBackend: Got assigned task 47741
17/02/01 23:12:08 INFO executor.Executor: Running task 1603.0 in stage 255.0 (TID 47741)
17/02/01 23:12:08 INFO storage.ShuffleBlockFetcherIterator: Getting 945 non-empty blocks out of 1890 blocks
17/02/01 23:12:08 INFO storage.ShuffleBlockFetcherIterator: Started 4 remote fetches in 3 ms
17/02/01 23:12:08 INFO python.PythonRunner: Times: total = 170, boot = -522, init = 570, finish = 122
17/02/01 23:12:08 INFO python.PythonRunner: Times: total = 157, boot = -462, init = 533, finish = 86
17/02/01 23:12:08 INFO python.PythonRunner: Times: total = 165, boot = -436, init = 493, finish = 108
17/02/01 23:12:08 INFO executor.Executor: Finished task 1579.0 in stage 255.0 (TID 47717). 2346584 bytes result sent to driver
17/02/01 23:12:08 INFO executor.Executor: Finished task 1580.0 in stage 255.0 (TID 47718). 2346549 bytes result sent to driver
17/02/01 23:12:08 INFO executor.Executor: Finished task 1582.0 in stage 255.0 (TID 47720). 2346724 bytes result sent to driver
17/02/01 23:12:08 INFO executor.CoarseGrainedExecutorBackend: Got assigned task 47744
17/02/01 23:12:08 INFO executor.Executor: Running task 1606.0 in stage 255.0 (TID 47744)
17/02/01 23:12:08 INFO storage.ShuffleBlockFetcherIterator: Getting 941 non-empty blocks out of 1890 blocks
17/02/01 23:12:08 INFO executor.CoarseGrainedExecutorBackend: Got assigned task 47746
17/02/01 23:12:08 INFO executor.Executor: Running task 1608.0 in stage 255.0 (TID 47746)
17/02/01 23:12:08 INFO storage.ShuffleBlockFetcherIterator: Started 3 remote fetches in 7 ms
17/02/01 23:12:08 INFO storage.ShuffleBlockFetcherIterator: Getting 958 non-empty blocks out of 1890 blocks
17/02/01 23:12:08 INFO storage.ShuffleBlockFetcherIterator: Started 4 remote fetches in 3 ms
17/02/01 23:12:08 INFO executor.CoarseGrainedExecutorBackend: Got assigned task 47748
17/02/01 23:12:08 INFO executor.Executor: Running task 1610.0 in stage 255.0 (TID 47748)
17/02/01 23:12:08 INFO storage.ShuffleBlockFetcherIterator: Getting 941 non-empty blocks out of 1890 blocks
17/02/01 23:12:08 INFO storage.ShuffleBlockFetcherIterator: Started 3 remote fetches in 5 ms
17/02/01 23:12:08 INFO python.PythonRunner: Times: total = 144, boot = -546, init = 574, finish = 116
17/02/01 23:12:08 INFO executor.Executor: Finished task 1594.0 in stage 255.0 (TID 47732). 2346476 bytes result sent to driver
17/02/01 23:12:08 INFO python.PythonRunner: Times: total = 126, boot = -603, init = 609, finish = 120
17/02/01 23:12:08 INFO executor.Executor: Finished task 1596.0 in stage 255.0 (TID 47734). 2346549 bytes result sent to driver
17/02/01 23:12:08 INFO executor.CoarseGrainedExecutorBackend: Got assigned task 47755
17/02/01 23:12:08 INFO executor.Executor: Running task 1617.0 in stage 255.0 (TID 47755)
17/02/01 23:12:08 INFO python.PythonRunner: Times: total = 101, boot = -653, init = 659, finish = 95
17/02/01 23:12:08 INFO storage.ShuffleBlockFetcherIterator: Getting 949 non-empty blocks out of 1890 blocks
17/02/01 23:12:08 INFO executor.CoarseGrainedExecutorBackend: Got assigned task 47756
17/02/01 23:12:08 INFO executor.Executor: Running task 1618.0 in stage 255.0 (TID 47756)
17/02/01 23:12:08 INFO storage.ShuffleBlockFetcherIterator: Started 3 remote fetches in 2 ms
17/02/01 23:12:08 INFO executor.Executor: Finished task 1603.0 in stage 255.0 (TID 47741). 2346441 bytes result sent to driver
17/02/01 23:12:08 INFO storage.ShuffleBlockFetcherIterator: Getting 948 non-empty blocks out of 1890 blocks
17/02/01 23:12:08 INFO storage.ShuffleBlockFetcherIterator: Started 4 remote fetches in 5 ms
17/02/01 23:12:08 INFO executor.CoarseGrainedExecutorBackend: Got assigned task 47759
17/02/01 23:12:08 INFO executor.Executor: Running task 1621.0 in stage 255.0 (TID 47759)
17/02/01 23:12:08 INFO storage.ShuffleBlockFetcherIterator: Getting 921 non-empty blocks out of 1890 blocks
17/02/01 23:12:08 INFO storage.ShuffleBlockFetcherIterator: Started 3 remote fetches in 3 ms
17/02/01 23:12:08 INFO python.PythonRunner: Times: total = 83, boot = -122, init = 124, finish = 81
17/02/01 23:12:08 INFO executor.Executor: Finished task 1606.0 in stage 255.0 (TID 47744). 2346549 bytes result sent to driver
17/02/01 23:12:08 INFO executor.CoarseGrainedExecutorBackend: Got assigned task 47762
17/02/01 23:12:08 INFO executor.Executor: Running task 1624.0 in stage 255.0 (TID 47762)
