17/02/02 00:27:08 INFO storage.ShuffleBlockFetcherIterator: Started 3 remote fetches in 2 ms
17/02/02 00:27:08 INFO python.PythonRunner: Times: total = 142, boot = -121, init = 122, finish = 141
17/02/02 00:27:08 INFO executor.Executor: Finished task 612.0 in stage 347.0 (TID 63016). 1251 bytes result sent to driver
17/02/02 00:27:08 INFO executor.CoarseGrainedExecutorBackend: Got assigned task 63046
17/02/02 00:27:08 INFO executor.Executor: Running task 642.0 in stage 347.0 (TID 63046)
17/02/02 00:27:08 INFO storage.ShuffleBlockFetcherIterator: Getting 947 non-empty blocks out of 1890 blocks
17/02/02 00:27:08 INFO storage.ShuffleBlockFetcherIterator: Started 3 remote fetches in 1 ms
17/02/02 00:27:08 INFO python.PythonRunner: Times: total = 163, boot = -119, init = 120, finish = 162
17/02/02 00:27:08 INFO executor.Executor: Finished task 615.0 in stage 347.0 (TID 63019). 1251 bytes result sent to driver
17/02/02 00:27:08 INFO executor.CoarseGrainedExecutorBackend: Got assigned task 63050
17/02/02 00:27:08 INFO executor.Executor: Running task 646.0 in stage 347.0 (TID 63050)
17/02/02 00:27:08 INFO storage.ShuffleBlockFetcherIterator: Getting 938 non-empty blocks out of 1890 blocks
17/02/02 00:27:09 INFO storage.ShuffleBlockFetcherIterator: Started 3 remote fetches in 4 ms
17/02/02 00:27:09 INFO python.PythonRunner: Times: total = 178, boot = -105, init = 106, finish = 177
17/02/02 00:27:09 INFO executor.Executor: Finished task 619.0 in stage 347.0 (TID 63023). 1251 bytes result sent to driver
17/02/02 00:27:09 INFO executor.CoarseGrainedExecutorBackend: Got assigned task 63054
17/02/02 00:27:09 INFO executor.Executor: Running task 650.0 in stage 347.0 (TID 63054)
17/02/02 00:27:09 INFO storage.ShuffleBlockFetcherIterator: Getting 956 non-empty blocks out of 1890 blocks
17/02/02 00:27:09 INFO storage.ShuffleBlockFetcherIterator: Started 3 remote fetches in 2 ms
17/02/02 00:27:09 INFO python.PythonRunner: Times: total = 168, boot = -116, init = 117, finish = 167
17/02/02 00:27:09 INFO executor.Executor: Finished task 625.0 in stage 347.0 (TID 63029). 1251 bytes result sent to driver
17/02/02 00:27:09 INFO executor.CoarseGrainedExecutorBackend: Got assigned task 63064
17/02/02 00:27:09 INFO executor.Executor: Running task 660.0 in stage 347.0 (TID 63064)
17/02/02 00:27:09 INFO storage.ShuffleBlockFetcherIterator: Getting 949 non-empty blocks out of 1890 blocks
17/02/02 00:27:09 INFO storage.ShuffleBlockFetcherIterator: Started 3 remote fetches in 2 ms
17/02/02 00:27:09 INFO python.PythonRunner: Times: total = 207, boot = -119, init = 120, finish = 206
17/02/02 00:27:09 INFO executor.Executor: Finished task 622.0 in stage 347.0 (TID 63026). 1251 bytes result sent to driver
17/02/02 00:27:09 INFO executor.CoarseGrainedExecutorBackend: Got assigned task 63066
17/02/02 00:27:09 INFO executor.Executor: Running task 662.0 in stage 347.0 (TID 63066)
17/02/02 00:27:09 INFO storage.ShuffleBlockFetcherIterator: Getting 945 non-empty blocks out of 1890 blocks
17/02/02 00:27:09 INFO storage.ShuffleBlockFetcherIterator: Started 3 remote fetches in 4 ms
17/02/02 00:27:09 INFO python.PythonRunner: Times: total = 163, boot = -148, init = 149, finish = 162
17/02/02 00:27:09 INFO executor.Executor: Finished task 637.0 in stage 347.0 (TID 63041). 1251 bytes result sent to driver
17/02/02 00:27:09 INFO executor.CoarseGrainedExecutorBackend: Got assigned task 63070
17/02/02 00:27:09 INFO executor.Executor: Running task 666.0 in stage 347.0 (TID 63070)
17/02/02 00:27:09 INFO storage.ShuffleBlockFetcherIterator: Getting 926 non-empty blocks out of 1890 blocks
17/02/02 00:27:09 INFO storage.ShuffleBlockFetcherIterator: Started 3 remote fetches in 1 ms
17/02/02 00:27:09 INFO python.PythonRunner: Times: total = 174, boot = -137, init = 138, finish = 173
17/02/02 00:27:09 INFO executor.Executor: Finished task 642.0 in stage 347.0 (TID 63046). 1251 bytes result sent to driver
17/02/02 00:27:09 INFO executor.CoarseGrainedExecutorBackend: Got assigned task 63076
17/02/02 00:27:09 INFO executor.Executor: Running task 672.0 in stage 347.0 (TID 63076)
17/02/02 00:27:09 INFO storage.ShuffleBlockFetcherIterator: Getting 923 non-empty blocks out of 1890 blocks
17/02/02 00:27:09 INFO storage.ShuffleBlockFetcherIterator: Started 3 remote fetches in 2 ms
17/02/02 00:27:09 INFO python.PythonRunner: Times: total = 160, boot = -157, init = 158, finish = 159
17/02/02 00:27:09 INFO executor.Executor: Finished task 646.0 in stage 347.0 (TID 63050). 1251 bytes result sent to driver
17/02/02 00:27:09 INFO executor.CoarseGrainedExecutorBackend: Got assigned task 63080
17/02/02 00:27:09 INFO executor.Executor: Running task 676.0 in stage 347.0 (TID 63080)
17/02/02 00:27:09 INFO storage.ShuffleBlockFetcherIterator: Getting 934 non-empty blocks out of 1890 blocks
17/02/02 00:27:09 INFO storage.ShuffleBlockFetcherIterator: Started 3 remote fetches in 1 ms
17/02/02 00:27:09 INFO python.PythonRunner: Times: total = 130, boot = -189, init = 190, finish = 129
17/02/02 00:27:09 INFO executor.Executor: Finished task 660.0 in stage 347.0 (TID 63064). 1251 bytes result sent to driver
17/02/02 00:27:09 INFO executor.CoarseGrainedExecutorBackend: Got assigned task 63086
17/02/02 00:27:09 INFO executor.Executor: Running task 682.0 in stage 347.0 (TID 63086)
17/02/02 00:27:09 INFO storage.ShuffleBlockFetcherIterator: Getting 949 non-empty blocks out of 1890 blocks
17/02/02 00:27:09 INFO storage.ShuffleBlockFetcherIterator: Started 3 remote fetches in 2 ms
17/02/02 00:27:09 INFO python.PythonRunner: Times: total = 190, boot = -167, init = 167, finish = 190
17/02/02 00:27:09 INFO executor.Executor: Finished task 650.0 in stage 347.0 (TID 63054). 1251 bytes result sent to driver
17/02/02 00:27:09 INFO executor.CoarseGrainedExecutorBackend: Got assigned task 63090
17/02/02 00:27:09 INFO executor.Executor: Running task 686.0 in stage 347.0 (TID 63090)
17/02/02 00:27:09 INFO storage.ShuffleBlockFetcherIterator: Getting 950 non-empty blocks out of 1890 blocks
17/02/02 00:27:09 INFO storage.ShuffleBlockFetcherIterator: Started 3 remote fetches in 2 ms
17/02/02 00:27:09 INFO python.PythonRunner: Times: total = 147, boot = -175, init = 176, finish = 146
17/02/02 00:27:09 INFO executor.Executor: Finished task 662.0 in stage 347.0 (TID 63066). 1251 bytes result sent to driver
17/02/02 00:27:09 INFO executor.CoarseGrainedExecutorBackend: Got assigned task 63092
17/02/02 00:27:09 INFO executor.Executor: Running task 688.0 in stage 347.0 (TID 63092)
17/02/02 00:27:09 INFO storage.ShuffleBlockFetcherIterator: Getting 935 non-empty blocks out of 1890 blocks
17/02/02 00:27:09 INFO storage.ShuffleBlockFetcherIterator: Started 3 remote fetches in 1 ms
17/02/02 00:27:09 INFO python.PythonRunner: Times: total = 148, boot = -151, init = 152, finish = 147
17/02/02 00:27:09 INFO executor.Executor: Finished task 666.0 in stage 347.0 (TID 63070). 1251 bytes result sent to driver
17/02/02 00:27:09 INFO executor.CoarseGrainedExecutorBackend: Got assigned task 63099
17/02/02 00:27:09 INFO executor.Executor: Running task 695.0 in stage 347.0 (TID 63099)
17/02/02 00:27:09 INFO storage.ShuffleBlockFetcherIterator: Getting 945 non-empty blocks out of 1890 blocks
17/02/02 00:27:09 INFO storage.ShuffleBlockFetcherIterator: Started 3 remote fetches in 1 ms
17/02/02 00:27:09 INFO python.PythonRunner: Times: total = 147, boot = -159, init = 160, finish = 146
17/02/02 00:27:09 INFO executor.Executor: Finished task 672.0 in stage 347.0 (TID 63076). 1251 bytes result sent to driver
17/02/02 00:27:09 INFO executor.CoarseGrainedExecutorBackend: Got assigned task 63103
17/02/02 00:27:09 INFO executor.Executor: Running task 699.0 in stage 347.0 (TID 63103)
17/02/02 00:27:09 INFO storage.ShuffleBlockFetcherIterator: Getting 957 non-empty blocks out of 1890 blocks
17/02/02 00:27:09 INFO storage.ShuffleBlockFetcherIterator: Started 3 remote fetches in 2 ms
17/02/02 00:27:09 INFO python.PythonRunner: Times: total = 199, boot = -154, init = 155, finish = 198
17/02/02 00:27:09 INFO executor.Executor: Finished task 676.0 in stage 347.0 (TID 63080). 1251 bytes result sent to driver
17/02/02 00:27:09 INFO executor.CoarseGrainedExecutorBackend: Got assigned task 63116
17/02/02 00:27:09 INFO executor.Executor: Running task 712.0 in stage 347.0 (TID 63116)
17/02/02 00:27:09 INFO storage.ShuffleBlockFetcherIterator: Getting 946 non-empty blocks out of 1890 blocks
17/02/02 00:27:09 INFO storage.ShuffleBlockFetcherIterator: Started 3 remote fetches in 3 ms
17/02/02 00:27:09 INFO python.PythonRunner: Times: total = 163, boot = -172, init = 173, finish = 162
17/02/02 00:27:09 INFO executor.Executor: Finished task 682.0 in stage 347.0 (TID 63086). 1251 bytes result sent to driver
17/02/02 00:27:09 INFO executor.CoarseGrainedExecutorBackend: Got assigned task 63118
17/02/02 00:27:09 INFO executor.Executor: Running task 714.0 in stage 347.0 (TID 63118)
17/02/02 00:27:09 INFO storage.ShuffleBlockFetcherIterator: Getting 941 non-empty blocks out of 1890 blocks
17/02/02 00:27:09 INFO storage.ShuffleBlockFetcherIterator: Started 3 remote fetches in 1 ms
17/02/02 00:27:09 INFO python.PythonRunner: Times: total = 184, boot = -133, init = 134, finish = 183
17/02/02 00:27:09 INFO executor.Executor: Finished task 686.0 in stage 347.0 (TID 63090). 1251 bytes result sent to driver
17/02/02 00:27:09 INFO executor.CoarseGrainedExecutorBackend: Got assigned task 63123
17/02/02 00:27:09 INFO executor.Executor: Running task 719.0 in stage 347.0 (TID 63123)
17/02/02 00:27:09 INFO storage.ShuffleBlockFetcherIterator: Getting 948 non-empty blocks out of 1890 blocks
17/02/02 00:27:09 INFO storage.ShuffleBlockFetcherIterator: Started 3 remote fetches in 1 ms
17/02/02 00:27:09 INFO python.PythonRunner: Times: total = 202, boot = -130, init = 131, finish = 201
17/02/02 00:27:09 INFO executor.Executor: Finished task 688.0 in stage 347.0 (TID 63092). 1251 bytes result sent to driver
17/02/02 00:27:09 INFO executor.CoarseGrainedExecutorBackend: Got assigned task 63131
