17/02/01 23:11:54 INFO python.PythonRunner: Times: total = 338, boot = -103, init = 128, finish = 313
17/02/01 23:11:54 INFO executor.Executor: Finished task 165.0 in stage 255.0 (TID 46303). 2354692 bytes result sent to driver
17/02/01 23:11:54 INFO executor.CoarseGrainedExecutorBackend: Got assigned task 46331
17/02/01 23:11:54 INFO executor.Executor: Running task 193.0 in stage 255.0 (TID 46331)
17/02/01 23:11:54 INFO storage.ShuffleBlockFetcherIterator: Getting 950 non-empty blocks out of 1890 blocks
17/02/01 23:11:54 INFO executor.CoarseGrainedExecutorBackend: Got assigned task 46332
17/02/01 23:11:54 INFO executor.Executor: Running task 194.0 in stage 255.0 (TID 46332)
17/02/01 23:11:54 INFO storage.ShuffleBlockFetcherIterator: Started 4 remote fetches in 4 ms
17/02/01 23:11:54 INFO storage.ShuffleBlockFetcherIterator: Getting 954 non-empty blocks out of 1890 blocks
17/02/01 23:11:54 INFO storage.ShuffleBlockFetcherIterator: Started 4 remote fetches in 5 ms
17/02/01 23:11:54 INFO python.PythonRunner: Times: total = 327, boot = -55, init = 82, finish = 300
17/02/01 23:11:54 INFO executor.Executor: Finished task 171.0 in stage 255.0 (TID 46309). 2354552 bytes result sent to driver
17/02/01 23:11:54 INFO executor.CoarseGrainedExecutorBackend: Got assigned task 46335
17/02/01 23:11:54 INFO executor.Executor: Running task 197.0 in stage 255.0 (TID 46335)
17/02/01 23:11:54 INFO storage.ShuffleBlockFetcherIterator: Getting 943 non-empty blocks out of 1890 blocks
17/02/01 23:11:54 INFO storage.ShuffleBlockFetcherIterator: Started 4 remote fetches in 3 ms
17/02/01 23:11:54 INFO python.PythonRunner: Times: total = 300, boot = -108, init = 115, finish = 293
17/02/01 23:11:54 INFO executor.Executor: Finished task 174.0 in stage 255.0 (TID 46312). 2354765 bytes result sent to driver
17/02/01 23:11:54 INFO python.PythonRunner: Times: total = 310, boot = -84, init = 109, finish = 285
17/02/01 23:11:54 INFO executor.Executor: Finished task 176.0 in stage 255.0 (TID 46314). 2354587 bytes result sent to driver
17/02/01 23:11:54 INFO executor.CoarseGrainedExecutorBackend: Got assigned task 46337
17/02/01 23:11:54 INFO executor.Executor: Running task 199.0 in stage 255.0 (TID 46337)
17/02/01 23:11:54 INFO storage.ShuffleBlockFetcherIterator: Getting 954 non-empty blocks out of 1890 blocks
17/02/01 23:11:54 INFO storage.ShuffleBlockFetcherIterator: Started 4 remote fetches in 3 ms
17/02/01 23:11:54 INFO executor.CoarseGrainedExecutorBackend: Got assigned task 46338
17/02/01 23:11:54 INFO executor.Executor: Running task 200.0 in stage 255.0 (TID 46338)
17/02/01 23:11:54 INFO storage.ShuffleBlockFetcherIterator: Getting 948 non-empty blocks out of 1890 blocks
17/02/01 23:11:54 INFO storage.ShuffleBlockFetcherIterator: Started 4 remote fetches in 2 ms
17/02/01 23:11:54 INFO python.PythonRunner: Times: total = 300, boot = -100, init = 120, finish = 280
17/02/01 23:11:54 INFO executor.Executor: Finished task 181.0 in stage 255.0 (TID 46319). 2354552 bytes result sent to driver
17/02/01 23:11:54 INFO executor.CoarseGrainedExecutorBackend: Got assigned task 46344
17/02/01 23:11:54 INFO executor.Executor: Running task 206.0 in stage 255.0 (TID 46344)
17/02/01 23:11:54 INFO storage.ShuffleBlockFetcherIterator: Getting 941 non-empty blocks out of 1890 blocks
17/02/01 23:11:54 INFO storage.ShuffleBlockFetcherIterator: Started 4 remote fetches in 5 ms
17/02/01 23:11:54 INFO python.PythonRunner: Times: total = 137, boot = -257, init = 271, finish = 123
17/02/01 23:11:54 INFO executor.Executor: Finished task 193.0 in stage 255.0 (TID 46331). 2354657 bytes result sent to driver
17/02/01 23:11:54 INFO executor.CoarseGrainedExecutorBackend: Got assigned task 46348
17/02/01 23:11:54 INFO executor.Executor: Running task 210.0 in stage 255.0 (TID 46348)
17/02/01 23:11:54 INFO python.PythonRunner: Times: total = 125, boot = -242, init = 283, finish = 84
17/02/01 23:11:54 INFO storage.ShuffleBlockFetcherIterator: Getting 942 non-empty blocks out of 1890 blocks
17/02/01 23:11:54 INFO executor.Executor: Finished task 197.0 in stage 255.0 (TID 46335). 2354657 bytes result sent to driver
17/02/01 23:11:54 INFO storage.ShuffleBlockFetcherIterator: Started 4 remote fetches in 5 ms
17/02/01 23:11:54 INFO executor.CoarseGrainedExecutorBackend: Got assigned task 46351
17/02/01 23:11:54 INFO executor.Executor: Running task 213.0 in stage 255.0 (TID 46351)
17/02/01 23:11:54 INFO storage.ShuffleBlockFetcherIterator: Getting 935 non-empty blocks out of 1890 blocks
17/02/01 23:11:54 INFO python.PythonRunner: Times: total = 173, boot = -263, init = 300, finish = 136
17/02/01 23:11:54 INFO storage.ShuffleBlockFetcherIterator: Started 3 remote fetches in 8 ms
17/02/01 23:11:54 INFO executor.Executor: Finished task 194.0 in stage 255.0 (TID 46332). 2354587 bytes result sent to driver
17/02/01 23:11:54 INFO executor.CoarseGrainedExecutorBackend: Got assigned task 46355
17/02/01 23:11:54 INFO executor.Executor: Running task 217.0 in stage 255.0 (TID 46355)
17/02/01 23:11:54 INFO storage.ShuffleBlockFetcherIterator: Getting 941 non-empty blocks out of 1890 blocks
17/02/01 23:11:54 INFO storage.ShuffleBlockFetcherIterator: Started 3 remote fetches in 5 ms
17/02/01 23:11:54 INFO python.PythonRunner: Times: total = 153, boot = -57, init = 90, finish = 120
17/02/01 23:11:54 INFO executor.Executor: Finished task 199.0 in stage 255.0 (TID 46337). 2354587 bytes result sent to driver
17/02/01 23:11:54 INFO executor.CoarseGrainedExecutorBackend: Got assigned task 46360
17/02/01 23:11:54 INFO executor.Executor: Running task 222.0 in stage 255.0 (TID 46360)
17/02/01 23:11:54 INFO storage.ShuffleBlockFetcherIterator: Getting 947 non-empty blocks out of 1890 blocks
17/02/01 23:11:54 INFO storage.ShuffleBlockFetcherIterator: Started 4 remote fetches in 4 ms
17/02/01 23:11:55 INFO python.PythonRunner: Times: total = 333, boot = -74, init = 126, finish = 281
17/02/01 23:11:55 INFO executor.Executor: Finished task 200.0 in stage 255.0 (TID 46338). 2354587 bytes result sent to driver
17/02/01 23:11:55 INFO executor.CoarseGrainedExecutorBackend: Got assigned task 46367
17/02/01 23:11:55 INFO executor.Executor: Running task 229.0 in stage 255.0 (TID 46367)
17/02/01 23:11:55 INFO storage.ShuffleBlockFetcherIterator: Getting 939 non-empty blocks out of 1890 blocks
17/02/01 23:11:55 INFO storage.ShuffleBlockFetcherIterator: Started 3 remote fetches in 5 ms
17/02/01 23:11:55 INFO python.PythonRunner: Times: total = 337, boot = -72, init = 124, finish = 285
17/02/01 23:11:55 INFO executor.Executor: Finished task 206.0 in stage 255.0 (TID 46344). 2354587 bytes result sent to driver
17/02/01 23:11:55 INFO executor.CoarseGrainedExecutorBackend: Got assigned task 46371
17/02/01 23:11:55 INFO executor.Executor: Running task 233.0 in stage 255.0 (TID 46371)
17/02/01 23:11:55 INFO storage.ShuffleBlockFetcherIterator: Getting 953 non-empty blocks out of 1890 blocks
17/02/01 23:11:55 INFO storage.ShuffleBlockFetcherIterator: Started 3 remote fetches in 4 ms
17/02/01 23:11:55 INFO python.PythonRunner: Times: total = 316, boot = -91, init = 131, finish = 276
17/02/01 23:11:55 INFO executor.Executor: Finished task 210.0 in stage 255.0 (TID 46348). 2354692 bytes result sent to driver
17/02/01 23:11:55 INFO executor.CoarseGrainedExecutorBackend: Got assigned task 46375
17/02/01 23:11:55 INFO executor.Executor: Running task 237.0 in stage 255.0 (TID 46375)
17/02/01 23:11:55 INFO storage.ShuffleBlockFetcherIterator: Getting 938 non-empty blocks out of 1890 blocks
17/02/01 23:11:55 INFO storage.ShuffleBlockFetcherIterator: Started 3 remote fetches in 5 ms
17/02/01 23:11:55 INFO python.PythonRunner: Times: total = 321, boot = -102, init = 143, finish = 280
17/02/01 23:11:55 INFO executor.Executor: Finished task 213.0 in stage 255.0 (TID 46351). 2354552 bytes result sent to driver
17/02/01 23:11:55 INFO executor.CoarseGrainedExecutorBackend: Got assigned task 46379
17/02/01 23:11:55 INFO executor.Executor: Running task 241.0 in stage 255.0 (TID 46379)
17/02/01 23:11:55 INFO storage.ShuffleBlockFetcherIterator: Getting 957 non-empty blocks out of 1890 blocks
17/02/01 23:11:55 INFO storage.ShuffleBlockFetcherIterator: Started 4 remote fetches in 3 ms
17/02/01 23:11:55 INFO python.PythonRunner: Times: total = 328, boot = -87, init = 130, finish = 285
17/02/01 23:11:55 INFO executor.Executor: Finished task 217.0 in stage 255.0 (TID 46355). 2354657 bytes result sent to driver
17/02/01 23:11:55 INFO executor.CoarseGrainedExecutorBackend: Got assigned task 46384
17/02/01 23:11:55 INFO executor.Executor: Running task 246.0 in stage 255.0 (TID 46384)
17/02/01 23:11:55 INFO python.PythonRunner: Times: total = 305, boot = -90, init = 128, finish = 267
17/02/01 23:11:55 INFO executor.Executor: Finished task 222.0 in stage 255.0 (TID 46360). 2354587 bytes result sent to driver
17/02/01 23:11:55 INFO storage.ShuffleBlockFetcherIterator: Getting 966 non-empty blocks out of 1890 blocks
17/02/01 23:11:55 INFO storage.ShuffleBlockFetcherIterator: Started 4 remote fetches in 7 ms
17/02/01 23:11:55 INFO executor.CoarseGrainedExecutorBackend: Got assigned task 46385
17/02/01 23:11:55 INFO executor.Executor: Running task 247.0 in stage 255.0 (TID 46385)
17/02/01 23:11:55 INFO storage.ShuffleBlockFetcherIterator: Getting 933 non-empty blocks out of 1890 blocks
17/02/01 23:11:55 INFO storage.ShuffleBlockFetcherIterator: Started 4 remote fetches in 3 ms
17/02/01 23:11:55 INFO python.PythonRunner: Times: total = 144, boot = -258, init = 264, finish = 138
17/02/01 23:11:55 INFO executor.Executor: Finished task 229.0 in stage 255.0 (TID 46367). 2354657 bytes result sent to driver
17/02/01 23:11:55 INFO executor.CoarseGrainedExecutorBackend: Got assigned task 46389
17/02/01 23:11:55 INFO executor.Executor: Running task 251.0 in stage 255.0 (TID 46389)
17/02/01 23:11:55 INFO storage.ShuffleBlockFetcherIterator: Getting 937 non-empty blocks out of 1890 blocks
17/02/01 23:11:55 INFO storage.ShuffleBlockFetcherIterator: Started 3 remote fetches in 4 ms
