17/02/02 00:14:31 INFO storage.ShuffleBlockFetcherIterator: Started 6 remote fetches in 2 ms
17/02/02 00:14:31 INFO executor.Executor: Finished task 265.0 in stage 329.0 (TID 56009). 2410 bytes result sent to driver
17/02/02 00:14:31 INFO executor.CoarseGrainedExecutorBackend: Got assigned task 56036
17/02/02 00:14:31 INFO executor.Executor: Running task 292.0 in stage 329.0 (TID 56036)
17/02/02 00:14:31 INFO storage.ShuffleBlockFetcherIterator: Getting 495 non-empty blocks out of 930 blocks
17/02/02 00:14:31 INFO storage.ShuffleBlockFetcherIterator: Started 6 remote fetches in 1 ms
17/02/02 00:14:31 INFO python.PythonRunner: Times: total = 275, boot = -84, init = 85, finish = 274
17/02/02 00:14:31 INFO python.PythonRunner: Times: total = 214, boot = -138, init = 139, finish = 213
17/02/02 00:14:31 INFO python.PythonRunner: Times: total = 61, boot = -142, init = 143, finish = 60
17/02/02 00:14:31 INFO python.PythonRunner: Times: total = 233, boot = -111, init = 113, finish = 231
17/02/02 00:14:31 INFO python.PythonRunner: Times: total = 26, boot = -138, init = 139, finish = 25
17/02/02 00:14:31 INFO python.PythonRunner: Times: total = 66, boot = -105, init = 106, finish = 65
17/02/02 00:14:31 INFO executor.Executor: Finished task 280.0 in stage 329.0 (TID 56024). 2410 bytes result sent to driver
17/02/02 00:14:31 INFO executor.CoarseGrainedExecutorBackend: Got assigned task 56047
17/02/02 00:14:31 INFO executor.Executor: Running task 304.0 in stage 329.0 (TID 56047)
17/02/02 00:14:31 INFO storage.ShuffleBlockFetcherIterator: Getting 495 non-empty blocks out of 930 blocks
17/02/02 00:14:31 INFO storage.ShuffleBlockFetcherIterator: Started 6 remote fetches in 1 ms
17/02/02 00:14:31 INFO executor.Executor: Finished task 271.0 in stage 329.0 (TID 56013). 2410 bytes result sent to driver
17/02/02 00:14:31 INFO executor.CoarseGrainedExecutorBackend: Got assigned task 56050
17/02/02 00:14:31 INFO executor.Executor: Running task 305.0 in stage 329.0 (TID 56050)
17/02/02 00:14:31 INFO storage.ShuffleBlockFetcherIterator: Getting 495 non-empty blocks out of 930 blocks
17/02/02 00:14:31 INFO storage.ShuffleBlockFetcherIterator: Started 6 remote fetches in 2 ms
17/02/02 00:14:31 INFO executor.Executor: Finished task 276.0 in stage 329.0 (TID 56022). 2410 bytes result sent to driver
17/02/02 00:14:31 INFO executor.CoarseGrainedExecutorBackend: Got assigned task 56053
17/02/02 00:14:31 INFO executor.Executor: Running task 307.0 in stage 329.0 (TID 56053)
17/02/02 00:14:31 INFO storage.ShuffleBlockFetcherIterator: Getting 495 non-empty blocks out of 930 blocks
17/02/02 00:14:31 INFO storage.ShuffleBlockFetcherIterator: Started 6 remote fetches in 2 ms
17/02/02 00:14:31 INFO python.PythonRunner: Times: total = 258, boot = -156, init = 156, finish = 258
17/02/02 00:14:31 INFO python.PythonRunner: Times: total = 253, boot = -144, init = 145, finish = 252
17/02/02 00:14:31 INFO python.PythonRunner: Times: total = 19, boot = -162, init = 163, finish = 18
17/02/02 00:14:31 INFO executor.Executor: Finished task 292.0 in stage 329.0 (TID 56036). 2410 bytes result sent to driver
17/02/02 00:14:31 INFO executor.CoarseGrainedExecutorBackend: Got assigned task 56058
17/02/02 00:14:31 INFO executor.Executor: Running task 313.0 in stage 329.0 (TID 56058)
17/02/02 00:14:31 INFO storage.ShuffleBlockFetcherIterator: Getting 495 non-empty blocks out of 930 blocks
17/02/02 00:14:31 INFO storage.ShuffleBlockFetcherIterator: Started 6 remote fetches in 1 ms
17/02/02 00:14:31 INFO python.PythonRunner: Times: total = 291, boot = -140, init = 141, finish = 290
17/02/02 00:14:31 INFO python.PythonRunner: Times: total = 77, boot = -157, init = 158, finish = 76
17/02/02 00:14:31 INFO executor.Executor: Finished task 288.0 in stage 329.0 (TID 56032). 2410 bytes result sent to driver
17/02/02 00:14:31 INFO executor.CoarseGrainedExecutorBackend: Got assigned task 56062
17/02/02 00:14:31 INFO executor.Executor: Running task 316.0 in stage 329.0 (TID 56062)
17/02/02 00:14:31 INFO storage.ShuffleBlockFetcherIterator: Getting 495 non-empty blocks out of 930 blocks
17/02/02 00:14:31 INFO storage.ShuffleBlockFetcherIterator: Started 5 remote fetches in 1 ms
17/02/02 00:14:31 INFO python.PythonRunner: Times: total = 202, boot = -180, init = 181, finish = 201
17/02/02 00:14:31 INFO python.PythonRunner: Times: total = 66, boot = -159, init = 160, finish = 65
17/02/02 00:14:31 INFO executor.Executor: Finished task 289.0 in stage 329.0 (TID 56033). 2410 bytes result sent to driver
17/02/02 00:14:31 INFO executor.CoarseGrainedExecutorBackend: Got assigned task 56063
17/02/02 00:14:31 INFO executor.Executor: Running task 318.0 in stage 329.0 (TID 56063)
17/02/02 00:14:31 INFO storage.ShuffleBlockFetcherIterator: Getting 495 non-empty blocks out of 930 blocks
17/02/02 00:14:31 INFO storage.ShuffleBlockFetcherIterator: Started 6 remote fetches in 2 ms
17/02/02 00:14:31 INFO python.PythonRunner: Times: total = 221, boot = -186, init = 187, finish = 220
17/02/02 00:14:31 INFO python.PythonRunner: Times: total = 58, boot = -187, init = 188, finish = 57
17/02/02 00:14:31 INFO executor.Executor: Finished task 304.0 in stage 329.0 (TID 56047). 2410 bytes result sent to driver
17/02/02 00:14:31 INFO executor.CoarseGrainedExecutorBackend: Got assigned task 56066
17/02/02 00:14:31 INFO executor.Executor: Running task 320.0 in stage 329.0 (TID 56066)
17/02/02 00:14:31 INFO storage.ShuffleBlockFetcherIterator: Getting 495 non-empty blocks out of 930 blocks
17/02/02 00:14:31 INFO storage.ShuffleBlockFetcherIterator: Started 6 remote fetches in 1 ms
17/02/02 00:14:31 INFO python.PythonRunner: Times: total = 30, boot = -95, init = 97, finish = 28
17/02/02 00:14:31 INFO executor.Executor: Finished task 305.0 in stage 329.0 (TID 56050). 2410 bytes result sent to driver
17/02/02 00:14:31 INFO executor.CoarseGrainedExecutorBackend: Got assigned task 56067
17/02/02 00:14:31 INFO executor.Executor: Running task 321.0 in stage 329.0 (TID 56067)
17/02/02 00:14:31 INFO storage.ShuffleBlockFetcherIterator: Getting 495 non-empty blocks out of 930 blocks
17/02/02 00:14:31 INFO storage.ShuffleBlockFetcherIterator: Started 6 remote fetches in 2 ms
17/02/02 00:14:32 INFO python.PythonRunner: Times: total = 192, boot = -166, init = 167, finish = 191
17/02/02 00:14:32 INFO python.PythonRunner: Times: total = 29, boot = -124, init = 125, finish = 28
17/02/02 00:14:32 INFO python.PythonRunner: Times: total = 159, boot = -186, init = 187, finish = 158
17/02/02 00:14:32 INFO python.PythonRunner: Times: total = 17, boot = -132, init = 133, finish = 16
17/02/02 00:14:32 INFO executor.Executor: Finished task 313.0 in stage 329.0 (TID 56058). 2410 bytes result sent to driver
17/02/02 00:14:32 INFO executor.Executor: Finished task 316.0 in stage 329.0 (TID 56062). 2410 bytes result sent to driver
17/02/02 00:14:32 INFO executor.CoarseGrainedExecutorBackend: Got assigned task 56074
17/02/02 00:14:32 INFO executor.Executor: Running task 327.0 in stage 329.0 (TID 56074)
17/02/02 00:14:32 INFO executor.CoarseGrainedExecutorBackend: Got assigned task 56076
17/02/02 00:14:32 INFO executor.Executor: Running task 331.0 in stage 329.0 (TID 56076)
17/02/02 00:14:32 INFO storage.ShuffleBlockFetcherIterator: Getting 495 non-empty blocks out of 930 blocks
17/02/02 00:14:32 INFO storage.ShuffleBlockFetcherIterator: Started 6 remote fetches in 1 ms
17/02/02 00:14:32 INFO storage.ShuffleBlockFetcherIterator: Getting 495 non-empty blocks out of 930 blocks
17/02/02 00:14:32 INFO storage.ShuffleBlockFetcherIterator: Started 5 remote fetches in 3 ms
17/02/02 00:14:32 INFO python.PythonRunner: Times: total = 188, boot = -100, init = 101, finish = 187
17/02/02 00:14:32 INFO python.PythonRunner: Times: total = 21, boot = -132, init = 133, finish = 20
17/02/02 00:14:32 INFO executor.Executor: Finished task 318.0 in stage 329.0 (TID 56063). 2410 bytes result sent to driver
17/02/02 00:14:32 INFO executor.CoarseGrainedExecutorBackend: Got assigned task 56077
17/02/02 00:14:32 INFO executor.Executor: Running task 334.0 in stage 329.0 (TID 56077)
17/02/02 00:14:32 INFO storage.ShuffleBlockFetcherIterator: Getting 495 non-empty blocks out of 930 blocks
17/02/02 00:14:32 INFO storage.ShuffleBlockFetcherIterator: Started 6 remote fetches in 1 ms
17/02/02 00:14:32 INFO python.PythonRunner: Times: total = 401, boot = -186, init = 187, finish = 400
17/02/02 00:14:32 INFO python.PythonRunner: Times: total = 19, boot = -81, init = 82, finish = 18
17/02/02 00:14:32 INFO executor.Executor: Finished task 307.0 in stage 329.0 (TID 56053). 2410 bytes result sent to driver
17/02/02 00:14:32 INFO executor.CoarseGrainedExecutorBackend: Got assigned task 56088
17/02/02 00:14:32 INFO executor.Executor: Running task 345.0 in stage 329.0 (TID 56088)
17/02/02 00:14:32 INFO storage.ShuffleBlockFetcherIterator: Getting 495 non-empty blocks out of 930 blocks
17/02/02 00:14:32 INFO storage.ShuffleBlockFetcherIterator: Started 6 remote fetches in 1 ms
17/02/02 00:14:32 INFO python.PythonRunner: Times: total = 223, boot = -119, init = 120, finish = 222
17/02/02 00:14:32 INFO python.PythonRunner: Times: total = 21, boot = -102, init = 103, finish = 20
17/02/02 00:14:32 INFO python.PythonRunner: Times: total = 227, boot = -115, init = 116, finish = 226
17/02/02 00:14:32 INFO executor.Executor: Finished task 320.0 in stage 329.0 (TID 56066). 2410 bytes result sent to driver
17/02/02 00:14:32 INFO executor.CoarseGrainedExecutorBackend: Got assigned task 56089
17/02/02 00:14:32 INFO executor.Executor: Running task 346.0 in stage 329.0 (TID 56089)
17/02/02 00:14:32 INFO storage.ShuffleBlockFetcherIterator: Getting 495 non-empty blocks out of 930 blocks
17/02/02 00:14:32 INFO storage.ShuffleBlockFetcherIterator: Started 5 remote fetches in 2 ms
17/02/02 00:14:32 INFO python.PythonRunner: Times: total = 64, boot = -113, init = 114, finish = 63
17/02/02 00:14:32 INFO executor.Executor: Finished task 321.0 in stage 329.0 (TID 56067). 2410 bytes result sent to driver
