17/02/02 00:01:48 INFO storage.ShuffleBlockFetcherIterator: Getting 247 non-empty blocks out of 450 blocks
17/02/02 00:01:48 INFO storage.ShuffleBlockFetcherIterator: Started 5 remote fetches in 1 ms
17/02/02 00:01:48 INFO python.PythonRunner: Times: total = 586, boot = -418, init = 419, finish = 585
17/02/02 00:01:48 INFO executor.Executor: Finished task 86.0 in stage 291.0 (TID 51096). 1251 bytes result sent to driver
17/02/02 00:01:48 INFO executor.CoarseGrainedExecutorBackend: Got assigned task 51124
17/02/02 00:01:48 INFO executor.Executor: Running task 116.0 in stage 291.0 (TID 51124)
17/02/02 00:01:48 INFO storage.ShuffleBlockFetcherIterator: Getting 247 non-empty blocks out of 450 blocks
17/02/02 00:01:48 INFO storage.ShuffleBlockFetcherIterator: Started 6 remote fetches in 1 ms
17/02/02 00:01:48 INFO python.PythonRunner: Times: total = 635, boot = -421, init = 422, finish = 634
17/02/02 00:01:48 INFO executor.Executor: Finished task 91.0 in stage 291.0 (TID 51098). 1251 bytes result sent to driver
17/02/02 00:01:48 INFO executor.CoarseGrainedExecutorBackend: Got assigned task 51131
17/02/02 00:01:48 INFO executor.Executor: Running task 125.0 in stage 291.0 (TID 51131)
17/02/02 00:01:48 INFO storage.ShuffleBlockFetcherIterator: Getting 247 non-empty blocks out of 450 blocks
17/02/02 00:01:48 INFO storage.ShuffleBlockFetcherIterator: Started 5 remote fetches in 1 ms
17/02/02 00:01:48 INFO python.PythonRunner: Times: total = 532, boot = -590, init = 591, finish = 531
17/02/02 00:01:48 INFO executor.Executor: Finished task 103.0 in stage 291.0 (TID 51108). 1251 bytes result sent to driver
17/02/02 00:01:48 INFO executor.CoarseGrainedExecutorBackend: Got assigned task 51133
17/02/02 00:01:48 INFO executor.Executor: Running task 127.0 in stage 291.0 (TID 51133)
17/02/02 00:01:48 INFO storage.ShuffleBlockFetcherIterator: Getting 247 non-empty blocks out of 450 blocks
17/02/02 00:01:48 INFO storage.ShuffleBlockFetcherIterator: Started 6 remote fetches in 1 ms
17/02/02 00:01:48 INFO python.PythonRunner: Times: total = 595, boot = -510, init = 511, finish = 594
17/02/02 00:01:48 INFO executor.Executor: Finished task 108.0 in stage 291.0 (TID 51113). 1251 bytes result sent to driver
17/02/02 00:01:48 INFO executor.CoarseGrainedExecutorBackend: Got assigned task 51137
17/02/02 00:01:48 INFO executor.Executor: Running task 133.0 in stage 291.0 (TID 51137)
17/02/02 00:01:48 INFO storage.ShuffleBlockFetcherIterator: Getting 247 non-empty blocks out of 450 blocks
17/02/02 00:01:48 INFO storage.ShuffleBlockFetcherIterator: Started 5 remote fetches in 0 ms
17/02/02 00:01:48 INFO python.PythonRunner: Times: total = 621, boot = -569, init = 570, finish = 620
17/02/02 00:01:48 INFO executor.Executor: Finished task 111.0 in stage 291.0 (TID 51118). 1251 bytes result sent to driver
17/02/02 00:01:48 INFO executor.CoarseGrainedExecutorBackend: Got assigned task 51142
17/02/02 00:01:48 INFO executor.Executor: Running task 138.0 in stage 291.0 (TID 51142)
17/02/02 00:01:48 INFO storage.ShuffleBlockFetcherIterator: Getting 247 non-empty blocks out of 450 blocks
17/02/02 00:01:48 INFO storage.ShuffleBlockFetcherIterator: Started 6 remote fetches in 0 ms
17/02/02 00:01:48 INFO python.PythonRunner: Times: total = 463, boot = -579, init = 580, finish = 462
17/02/02 00:01:48 INFO executor.Executor: Finished task 116.0 in stage 291.0 (TID 51124). 1251 bytes result sent to driver
17/02/02 00:01:48 INFO executor.CoarseGrainedExecutorBackend: Got assigned task 51146
17/02/02 00:01:48 INFO executor.Executor: Running task 142.0 in stage 291.0 (TID 51146)
17/02/02 00:01:48 INFO storage.ShuffleBlockFetcherIterator: Getting 247 non-empty blocks out of 450 blocks
17/02/02 00:01:48 INFO storage.ShuffleBlockFetcherIterator: Started 5 remote fetches in 1 ms
17/02/02 00:01:48 INFO python.PythonRunner: Times: total = 515, boot = -637, init = 638, finish = 514
17/02/02 00:01:48 INFO executor.Executor: Finished task 115.0 in stage 291.0 (TID 51123). 1251 bytes result sent to driver
17/02/02 00:01:48 INFO python.PythonRunner: Times: total = 212, boot = -484, init = 484, finish = 212
17/02/02 00:01:48 INFO python.PythonRunner: Times: total = 250, boot = -614, init = 615, finish = 249
17/02/02 00:01:48 INFO python.PythonRunner: Times: total = 336, boot = -589, init = 590, finish = 335
17/02/02 00:01:48 INFO python.PythonRunner: Times: total = 414, boot = -513, init = 514, finish = 413
17/02/02 00:01:48 INFO python.PythonRunner: Times: total = 490, boot = -619, init = 620, finish = 489
17/02/02 00:01:49 INFO executor.Executor: Finished task 142.0 in stage 291.0 (TID 51146). 1251 bytes result sent to driver
17/02/02 00:01:49 INFO executor.Executor: Finished task 138.0 in stage 291.0 (TID 51142). 1251 bytes result sent to driver
17/02/02 00:01:49 INFO executor.Executor: Finished task 133.0 in stage 291.0 (TID 51137). 1251 bytes result sent to driver
17/02/02 00:01:49 INFO executor.Executor: Finished task 127.0 in stage 291.0 (TID 51133). 1251 bytes result sent to driver
17/02/02 00:01:49 INFO executor.Executor: Finished task 125.0 in stage 291.0 (TID 51131). 1251 bytes result sent to driver
17/02/02 00:01:49 INFO executor.CoarseGrainedExecutorBackend: Got assigned task 51154
17/02/02 00:01:49 INFO executor.CoarseGrainedExecutorBackend: Got assigned task 51155
17/02/02 00:01:49 INFO executor.Executor: Running task 150.0 in stage 291.0 (TID 51154)
17/02/02 00:01:49 INFO executor.Executor: Running task 151.0 in stage 291.0 (TID 51155)
17/02/02 00:01:49 INFO executor.CoarseGrainedExecutorBackend: Got assigned task 51156
17/02/02 00:01:49 INFO executor.Executor: Running task 152.0 in stage 291.0 (TID 51156)
17/02/02 00:01:49 INFO storage.ShuffleBlockFetcherIterator: Getting 247 non-empty blocks out of 450 blocks
17/02/02 00:01:49 INFO executor.CoarseGrainedExecutorBackend: Got assigned task 51157
17/02/02 00:01:49 INFO executor.Executor: Running task 153.0 in stage 291.0 (TID 51157)
17/02/02 00:01:49 INFO storage.ShuffleBlockFetcherIterator: Getting 247 non-empty blocks out of 450 blocks
17/02/02 00:01:49 INFO storage.ShuffleBlockFetcherIterator: Started 6 remote fetches in 1 ms
17/02/02 00:01:49 INFO storage.ShuffleBlockFetcherIterator: Started 6 remote fetches in 1 ms
17/02/02 00:01:49 INFO executor.CoarseGrainedExecutorBackend: Got assigned task 51158
17/02/02 00:01:49 INFO storage.ShuffleBlockFetcherIterator: Getting 247 non-empty blocks out of 450 blocks
17/02/02 00:01:49 INFO storage.ShuffleBlockFetcherIterator: Getting 247 non-empty blocks out of 450 blocks
17/02/02 00:01:49 INFO executor.Executor: Running task 154.0 in stage 291.0 (TID 51158)
17/02/02 00:01:49 INFO executor.CoarseGrainedExecutorBackend: Got assigned task 51159
17/02/02 00:01:49 INFO executor.Executor: Running task 155.0 in stage 291.0 (TID 51159)
17/02/02 00:01:49 INFO storage.ShuffleBlockFetcherIterator: Started 4 remote fetches in 1 ms
17/02/02 00:01:49 INFO storage.ShuffleBlockFetcherIterator: Started 6 remote fetches in 1 ms
17/02/02 00:01:49 INFO storage.ShuffleBlockFetcherIterator: Getting 247 non-empty blocks out of 450 blocks
17/02/02 00:01:49 INFO storage.ShuffleBlockFetcherIterator: Getting 247 non-empty blocks out of 450 blocks
17/02/02 00:01:49 INFO storage.ShuffleBlockFetcherIterator: Started 5 remote fetches in 1 ms
17/02/02 00:01:49 INFO storage.ShuffleBlockFetcherIterator: Started 5 remote fetches in 1 ms
17/02/02 00:01:49 INFO python.PythonRunner: Times: total = 310, boot = -872, init = 874, finish = 308
17/02/02 00:01:49 INFO executor.Executor: Finished task 150.0 in stage 291.0 (TID 51154). 1251 bytes result sent to driver
17/02/02 00:01:49 INFO executor.CoarseGrainedExecutorBackend: Got assigned task 51177
17/02/02 00:01:49 INFO executor.Executor: Running task 169.0 in stage 291.0 (TID 51177)
17/02/02 00:01:49 INFO storage.ShuffleBlockFetcherIterator: Getting 247 non-empty blocks out of 450 blocks
17/02/02 00:01:49 INFO storage.ShuffleBlockFetcherIterator: Started 4 remote fetches in 1 ms
17/02/02 00:01:49 INFO python.PythonRunner: Times: total = 448, boot = -402, init = 404, finish = 446
17/02/02 00:01:49 INFO executor.Executor: Finished task 155.0 in stage 291.0 (TID 51159). 1251 bytes result sent to driver
17/02/02 00:01:49 INFO executor.CoarseGrainedExecutorBackend: Got assigned task 51180
17/02/02 00:01:49 INFO executor.Executor: Running task 172.0 in stage 291.0 (TID 51180)
17/02/02 00:01:49 INFO storage.ShuffleBlockFetcherIterator: Getting 247 non-empty blocks out of 450 blocks
17/02/02 00:01:49 INFO storage.ShuffleBlockFetcherIterator: Started 6 remote fetches in 1 ms
17/02/02 00:01:49 INFO python.PythonRunner: Times: total = 477, boot = -753, init = 755, finish = 475
17/02/02 00:01:49 INFO executor.Executor: Finished task 151.0 in stage 291.0 (TID 51155). 1251 bytes result sent to driver
17/02/02 00:01:49 INFO executor.CoarseGrainedExecutorBackend: Got assigned task 51182
17/02/02 00:01:49 INFO executor.Executor: Running task 174.0 in stage 291.0 (TID 51182)
17/02/02 00:01:49 INFO storage.ShuffleBlockFetcherIterator: Getting 247 non-empty blocks out of 450 blocks
17/02/02 00:01:49 INFO storage.ShuffleBlockFetcherIterator: Started 5 remote fetches in 0 ms
17/02/02 00:01:49 INFO python.PythonRunner: Times: total = 536, boot = -576, init = 578, finish = 534
17/02/02 00:01:49 INFO executor.Executor: Finished task 152.0 in stage 291.0 (TID 51156). 1251 bytes result sent to driver
17/02/02 00:01:49 INFO executor.CoarseGrainedExecutorBackend: Got assigned task 51185
17/02/02 00:01:49 INFO executor.Executor: Running task 177.0 in stage 291.0 (TID 51185)
17/02/02 00:01:49 INFO storage.ShuffleBlockFetcherIterator: Getting 247 non-empty blocks out of 450 blocks
17/02/02 00:01:49 INFO storage.ShuffleBlockFetcherIterator: Started 6 remote fetches in 1 ms
17/02/02 00:01:49 INFO python.PythonRunner: Times: total = 570, boot = -450, init = 451, finish = 569
17/02/02 00:01:49 INFO executor.Executor: Finished task 154.0 in stage 291.0 (TID 51158). 1251 bytes result sent to driver
