17/02/02 00:27:13 INFO storage.ShuffleBlockFetcherIterator: Started 3 remote fetches in 3 ms
17/02/02 00:27:13 INFO python.PythonRunner: Times: total = 86, boot = -253, init = 254, finish = 85
17/02/02 00:27:13 INFO executor.Executor: Finished task 1325.0 in stage 347.0 (TID 63729). 1251 bytes result sent to driver
17/02/02 00:27:13 INFO executor.CoarseGrainedExecutorBackend: Got assigned task 63748
17/02/02 00:27:13 INFO executor.Executor: Running task 1344.0 in stage 347.0 (TID 63748)
17/02/02 00:27:13 INFO storage.ShuffleBlockFetcherIterator: Getting 946 non-empty blocks out of 1890 blocks
17/02/02 00:27:13 INFO storage.ShuffleBlockFetcherIterator: Started 3 remote fetches in 3 ms
17/02/02 00:27:13 INFO python.PythonRunner: Times: total = 150, boot = -231, init = 232, finish = 149
17/02/02 00:27:13 INFO executor.Executor: Finished task 1319.0 in stage 347.0 (TID 63723). 1251 bytes result sent to driver
17/02/02 00:27:13 INFO python.PythonRunner: Times: total = 106, boot = -256, init = 257, finish = 105
17/02/02 00:27:13 INFO executor.Executor: Finished task 1328.0 in stage 347.0 (TID 63732). 1251 bytes result sent to driver
17/02/02 00:27:13 INFO executor.CoarseGrainedExecutorBackend: Got assigned task 63755
17/02/02 00:27:13 INFO executor.Executor: Running task 1351.0 in stage 347.0 (TID 63755)
17/02/02 00:27:13 INFO executor.CoarseGrainedExecutorBackend: Got assigned task 63756
17/02/02 00:27:13 INFO executor.Executor: Running task 1352.0 in stage 347.0 (TID 63756)
17/02/02 00:27:13 INFO storage.ShuffleBlockFetcherIterator: Getting 959 non-empty blocks out of 1890 blocks
17/02/02 00:27:13 INFO storage.ShuffleBlockFetcherIterator: Getting 944 non-empty blocks out of 1890 blocks
17/02/02 00:27:13 INFO storage.ShuffleBlockFetcherIterator: Started 3 remote fetches in 1 ms
17/02/02 00:27:13 INFO storage.ShuffleBlockFetcherIterator: Started 3 remote fetches in 3 ms
17/02/02 00:27:14 INFO python.PythonRunner: Times: total = 132, boot = -244, init = 245, finish = 131
17/02/02 00:27:14 INFO executor.Executor: Finished task 1330.0 in stage 347.0 (TID 63734). 1251 bytes result sent to driver
17/02/02 00:27:14 INFO executor.CoarseGrainedExecutorBackend: Got assigned task 63761
17/02/02 00:27:14 INFO executor.Executor: Running task 1357.0 in stage 347.0 (TID 63761)
17/02/02 00:27:14 INFO storage.ShuffleBlockFetcherIterator: Getting 963 non-empty blocks out of 1890 blocks
17/02/02 00:27:14 INFO storage.ShuffleBlockFetcherIterator: Started 3 remote fetches in 2 ms
17/02/02 00:27:14 INFO python.PythonRunner: Times: total = 299, boot = -131, init = 132, finish = 298
17/02/02 00:27:14 INFO executor.Executor: Finished task 1342.0 in stage 347.0 (TID 63746). 1251 bytes result sent to driver
17/02/02 00:27:14 INFO executor.CoarseGrainedExecutorBackend: Got assigned task 63768
17/02/02 00:27:14 INFO executor.Executor: Running task 1364.0 in stage 347.0 (TID 63768)
17/02/02 00:27:14 INFO storage.ShuffleBlockFetcherIterator: Getting 950 non-empty blocks out of 1890 blocks
17/02/02 00:27:14 INFO storage.ShuffleBlockFetcherIterator: Started 3 remote fetches in 4 ms
17/02/02 00:27:14 INFO python.PythonRunner: Times: total = 327, boot = -97, init = 98, finish = 326
17/02/02 00:27:14 INFO executor.Executor: Finished task 1341.0 in stage 347.0 (TID 63745). 1251 bytes result sent to driver
17/02/02 00:27:14 INFO executor.CoarseGrainedExecutorBackend: Got assigned task 63770
17/02/02 00:27:14 INFO executor.Executor: Running task 1366.0 in stage 347.0 (TID 63770)
17/02/02 00:27:14 INFO storage.ShuffleBlockFetcherIterator: Getting 939 non-empty blocks out of 1890 blocks
17/02/02 00:27:14 INFO storage.ShuffleBlockFetcherIterator: Started 3 remote fetches in 3 ms
17/02/02 00:27:14 INFO python.PythonRunner: Times: total = 328, boot = -108, init = 109, finish = 327
17/02/02 00:27:14 INFO executor.Executor: Finished task 1344.0 in stage 347.0 (TID 63748). 1251 bytes result sent to driver
17/02/02 00:27:14 INFO executor.CoarseGrainedExecutorBackend: Got assigned task 63774
17/02/02 00:27:14 INFO executor.Executor: Running task 1370.0 in stage 347.0 (TID 63774)
17/02/02 00:27:14 INFO storage.ShuffleBlockFetcherIterator: Getting 949 non-empty blocks out of 1890 blocks
17/02/02 00:27:14 INFO storage.ShuffleBlockFetcherIterator: Started 3 remote fetches in 3 ms
17/02/02 00:27:14 INFO python.PythonRunner: Times: total = 315, boot = -97, init = 98, finish = 314
17/02/02 00:27:14 INFO executor.Executor: Finished task 1351.0 in stage 347.0 (TID 63755). 1251 bytes result sent to driver
17/02/02 00:27:14 INFO executor.CoarseGrainedExecutorBackend: Got assigned task 63779
17/02/02 00:27:14 INFO executor.Executor: Running task 1375.0 in stage 347.0 (TID 63779)
17/02/02 00:27:14 INFO storage.ShuffleBlockFetcherIterator: Getting 944 non-empty blocks out of 1890 blocks
17/02/02 00:27:14 INFO storage.ShuffleBlockFetcherIterator: Started 3 remote fetches in 2 ms
17/02/02 00:27:14 INFO python.PythonRunner: Times: total = 347, boot = -103, init = 104, finish = 346
17/02/02 00:27:14 INFO executor.Executor: Finished task 1352.0 in stage 347.0 (TID 63756). 1251 bytes result sent to driver
17/02/02 00:27:14 INFO executor.CoarseGrainedExecutorBackend: Got assigned task 63785
17/02/02 00:27:14 INFO executor.Executor: Running task 1381.0 in stage 347.0 (TID 63785)
17/02/02 00:27:14 INFO storage.ShuffleBlockFetcherIterator: Getting 946 non-empty blocks out of 1890 blocks
17/02/02 00:27:14 INFO python.PythonRunner: Times: total = 326, boot = -115, init = 116, finish = 325
17/02/02 00:27:14 INFO executor.Executor: Finished task 1357.0 in stage 347.0 (TID 63761). 1251 bytes result sent to driver
17/02/02 00:27:14 INFO storage.ShuffleBlockFetcherIterator: Started 3 remote fetches in 5 ms
17/02/02 00:27:14 INFO executor.CoarseGrainedExecutorBackend: Got assigned task 63787
17/02/02 00:27:14 INFO executor.Executor: Running task 1383.0 in stage 347.0 (TID 63787)
17/02/02 00:27:14 INFO storage.ShuffleBlockFetcherIterator: Getting 943 non-empty blocks out of 1890 blocks
17/02/02 00:27:14 INFO storage.ShuffleBlockFetcherIterator: Started 3 remote fetches in 3 ms
17/02/02 00:27:14 INFO python.PythonRunner: Times: total = 119, boot = -291, init = 292, finish = 118
17/02/02 00:27:14 INFO executor.Executor: Finished task 1364.0 in stage 347.0 (TID 63768). 1251 bytes result sent to driver
17/02/02 00:27:14 INFO executor.CoarseGrainedExecutorBackend: Got assigned task 63791
17/02/02 00:27:14 INFO executor.Executor: Running task 1387.0 in stage 347.0 (TID 63791)
17/02/02 00:27:14 INFO storage.ShuffleBlockFetcherIterator: Getting 955 non-empty blocks out of 1890 blocks
17/02/02 00:27:14 INFO storage.ShuffleBlockFetcherIterator: Started 3 remote fetches in 3 ms
17/02/02 00:27:14 INFO python.PythonRunner: Times: total = 120, boot = -325, init = 326, finish = 119
17/02/02 00:27:14 INFO executor.Executor: Finished task 1370.0 in stage 347.0 (TID 63774). 1251 bytes result sent to driver
17/02/02 00:27:14 INFO executor.CoarseGrainedExecutorBackend: Got assigned task 63797
17/02/02 00:27:14 INFO executor.Executor: Running task 1393.0 in stage 347.0 (TID 63797)
17/02/02 00:27:14 INFO storage.ShuffleBlockFetcherIterator: Getting 934 non-empty blocks out of 1890 blocks
17/02/02 00:27:14 INFO storage.ShuffleBlockFetcherIterator: Started 3 remote fetches in 2 ms
17/02/02 00:27:14 INFO python.PythonRunner: Times: total = 144, boot = -311, init = 312, finish = 143
17/02/02 00:27:14 INFO executor.Executor: Finished task 1366.0 in stage 347.0 (TID 63770). 1251 bytes result sent to driver
17/02/02 00:27:14 INFO executor.CoarseGrainedExecutorBackend: Got assigned task 63800
17/02/02 00:27:14 INFO executor.Executor: Running task 1396.0 in stage 347.0 (TID 63800)
17/02/02 00:27:14 INFO storage.ShuffleBlockFetcherIterator: Getting 944 non-empty blocks out of 1890 blocks
17/02/02 00:27:14 INFO storage.ShuffleBlockFetcherIterator: Started 3 remote fetches in 4 ms
17/02/02 00:27:14 INFO python.PythonRunner: Times: total = 124, boot = -311, init = 312, finish = 123
17/02/02 00:27:14 INFO executor.Executor: Finished task 1375.0 in stage 347.0 (TID 63779). 1251 bytes result sent to driver
17/02/02 00:27:14 INFO executor.CoarseGrainedExecutorBackend: Got assigned task 63806
17/02/02 00:27:14 INFO executor.Executor: Running task 1402.0 in stage 347.0 (TID 63806)
17/02/02 00:27:14 INFO storage.ShuffleBlockFetcherIterator: Getting 928 non-empty blocks out of 1890 blocks
17/02/02 00:27:14 INFO storage.ShuffleBlockFetcherIterator: Started 3 remote fetches in 3 ms
17/02/02 00:27:14 INFO python.PythonRunner: Times: total = 109, boot = -346, init = 347, finish = 108
17/02/02 00:27:14 INFO executor.Executor: Finished task 1381.0 in stage 347.0 (TID 63785). 1251 bytes result sent to driver
17/02/02 00:27:14 INFO executor.CoarseGrainedExecutorBackend: Got assigned task 63811
17/02/02 00:27:14 INFO executor.Executor: Running task 1407.0 in stage 347.0 (TID 63811)
17/02/02 00:27:14 INFO storage.ShuffleBlockFetcherIterator: Getting 930 non-empty blocks out of 1890 blocks
17/02/02 00:27:14 INFO storage.ShuffleBlockFetcherIterator: Started 3 remote fetches in 3 ms
17/02/02 00:27:14 INFO python.PythonRunner: Times: total = 131, boot = -326, init = 327, finish = 130
17/02/02 00:27:14 INFO executor.Executor: Finished task 1383.0 in stage 347.0 (TID 63787). 1251 bytes result sent to driver
17/02/02 00:27:14 INFO executor.CoarseGrainedExecutorBackend: Got assigned task 63816
17/02/02 00:27:14 INFO executor.Executor: Running task 1412.0 in stage 347.0 (TID 63816)
17/02/02 00:27:14 INFO storage.ShuffleBlockFetcherIterator: Getting 939 non-empty blocks out of 1890 blocks
17/02/02 00:27:14 INFO storage.ShuffleBlockFetcherIterator: Started 3 remote fetches in 2 ms
17/02/02 00:27:14 INFO python.PythonRunner: Times: total = 129, boot = -117, init = 118, finish = 128
17/02/02 00:27:14 INFO executor.Executor: Finished task 1387.0 in stage 347.0 (TID 63791). 1251 bytes result sent to driver
17/02/02 00:27:14 INFO executor.CoarseGrainedExecutorBackend: Got assigned task 63819
