17/02/02 00:27:20 INFO storage.ShuffleBlockFetcherIterator: Getting 965 non-empty blocks out of 1890 blocks
17/02/02 00:27:20 INFO storage.ShuffleBlockFetcherIterator: Started 3 remote fetches in 2 ms
17/02/02 00:27:20 INFO python.PythonRunner: Times: total = 373, boot = -56, init = 57, finish = 372
17/02/02 00:27:20 INFO python.PythonRunner: Times: total = 359, boot = -76, init = 76, finish = 359
17/02/02 00:27:20 INFO python.PythonRunner: Times: total = 30, boot = -316, init = 317, finish = 29
17/02/02 00:27:20 INFO executor.Executor: Finished task 44.0 in stage 363.0 (TID 64361). 3378 bytes result sent to driver
17/02/02 00:27:20 INFO executor.CoarseGrainedExecutorBackend: Got assigned task 64393
17/02/02 00:27:20 INFO executor.Executor: Running task 69.0 in stage 363.0 (TID 64393)
17/02/02 00:27:20 INFO storage.ShuffleBlockFetcherIterator: Getting 945 non-empty blocks out of 1890 blocks
17/02/02 00:27:20 INFO storage.ShuffleBlockFetcherIterator: Started 3 remote fetches in 3 ms
17/02/02 00:27:20 INFO python.PythonRunner: Times: total = 379, boot = -47, init = 48, finish = 378
17/02/02 00:27:20 INFO python.PythonRunner: Times: total = 338, boot = -86, init = 87, finish = 337
17/02/02 00:27:20 INFO python.PythonRunner: Times: total = 19, boot = -319, init = 320, finish = 18
17/02/02 00:27:20 INFO python.PythonRunner: Times: total = 62, boot = -325, init = 326, finish = 61
17/02/02 00:27:20 INFO executor.Executor: Finished task 47.0 in stage 363.0 (TID 64366). 3378 bytes result sent to driver
17/02/02 00:27:20 INFO executor.Executor: Finished task 50.0 in stage 363.0 (TID 64370). 3378 bytes result sent to driver
17/02/02 00:27:20 INFO executor.CoarseGrainedExecutorBackend: Got assigned task 64396
17/02/02 00:27:20 INFO executor.Executor: Running task 72.0 in stage 363.0 (TID 64396)
17/02/02 00:27:20 INFO executor.CoarseGrainedExecutorBackend: Got assigned task 64398
17/02/02 00:27:20 INFO executor.Executor: Running task 74.0 in stage 363.0 (TID 64398)
17/02/02 00:27:20 INFO storage.ShuffleBlockFetcherIterator: Getting 953 non-empty blocks out of 1890 blocks
17/02/02 00:27:20 INFO storage.ShuffleBlockFetcherIterator: Getting 950 non-empty blocks out of 1890 blocks
17/02/02 00:27:20 INFO storage.ShuffleBlockFetcherIterator: Started 3 remote fetches in 2 ms
17/02/02 00:27:20 INFO storage.ShuffleBlockFetcherIterator: Started 3 remote fetches in 2 ms
17/02/02 00:27:20 INFO python.PythonRunner: Times: total = 365, boot = -78, init = 78, finish = 365
17/02/02 00:27:20 INFO python.PythonRunner: Times: total = 54, boot = -325, init = 326, finish = 53
17/02/02 00:27:20 INFO python.PythonRunner: Times: total = 116, boot = -317, init = 318, finish = 115
17/02/02 00:27:20 INFO executor.Executor: Finished task 52.0 in stage 363.0 (TID 64373). 3378 bytes result sent to driver
17/02/02 00:27:20 INFO executor.CoarseGrainedExecutorBackend: Got assigned task 64403
17/02/02 00:27:20 INFO executor.Executor: Running task 79.0 in stage 363.0 (TID 64403)
17/02/02 00:27:20 INFO storage.ShuffleBlockFetcherIterator: Getting 952 non-empty blocks out of 1890 blocks
17/02/02 00:27:20 INFO storage.ShuffleBlockFetcherIterator: Started 3 remote fetches in 3 ms
17/02/02 00:27:20 INFO python.PythonRunner: Times: total = 52, boot = -78, init = 79, finish = 51
17/02/02 00:27:20 INFO executor.Executor: Finished task 53.0 in stage 363.0 (TID 64374). 3378 bytes result sent to driver
17/02/02 00:27:20 INFO executor.CoarseGrainedExecutorBackend: Got assigned task 64407
17/02/02 00:27:20 INFO executor.Executor: Running task 83.0 in stage 363.0 (TID 64407)
17/02/02 00:27:20 INFO storage.ShuffleBlockFetcherIterator: Getting 958 non-empty blocks out of 1890 blocks
17/02/02 00:27:20 INFO storage.ShuffleBlockFetcherIterator: Started 3 remote fetches in 3 ms
17/02/02 00:27:20 INFO python.PythonRunner: Times: total = 47, boot = -45, init = 45, finish = 47
17/02/02 00:27:20 INFO python.PythonRunner: Times: total = 76, boot = -61, init = 62, finish = 75
17/02/02 00:27:20 INFO executor.Executor: Finished task 59.0 in stage 363.0 (TID 64381). 3378 bytes result sent to driver
17/02/02 00:27:20 INFO executor.CoarseGrainedExecutorBackend: Got assigned task 64410
17/02/02 00:27:20 INFO executor.Executor: Running task 86.0 in stage 363.0 (TID 64410)
17/02/02 00:27:20 INFO storage.ShuffleBlockFetcherIterator: Getting 939 non-empty blocks out of 1890 blocks
17/02/02 00:27:20 INFO storage.ShuffleBlockFetcherIterator: Started 3 remote fetches in 3 ms
17/02/02 00:27:20 INFO python.PythonRunner: Times: total = 136, boot = -93, init = 93, finish = 136
17/02/02 00:27:20 INFO python.PythonRunner: Times: total = 17, boot = -73, init = 75, finish = 15
17/02/02 00:27:20 INFO python.PythonRunner: Times: total = 53, boot = -57, init = 58, finish = 52
17/02/02 00:27:20 INFO executor.Executor: Finished task 69.0 in stage 363.0 (TID 64393). 3378 bytes result sent to driver
17/02/02 00:27:20 INFO executor.CoarseGrainedExecutorBackend: Got assigned task 64416
17/02/02 00:27:20 INFO executor.Executor: Running task 92.0 in stage 363.0 (TID 64416)
17/02/02 00:27:20 INFO storage.ShuffleBlockFetcherIterator: Getting 939 non-empty blocks out of 1890 blocks
17/02/02 00:27:20 INFO executor.Executor: Finished task 74.0 in stage 363.0 (TID 64398). 3378 bytes result sent to driver
17/02/02 00:27:20 INFO storage.ShuffleBlockFetcherIterator: Started 3 remote fetches in 2 ms
17/02/02 00:27:20 INFO python.PythonRunner: Times: total = 134, boot = -46, init = 46, finish = 134
17/02/02 00:27:20 INFO executor.CoarseGrainedExecutorBackend: Got assigned task 64417
17/02/02 00:27:20 INFO executor.Executor: Running task 93.0 in stage 363.0 (TID 64417)
17/02/02 00:27:20 INFO storage.ShuffleBlockFetcherIterator: Getting 955 non-empty blocks out of 1890 blocks
17/02/02 00:27:20 INFO storage.ShuffleBlockFetcherIterator: Started 3 remote fetches in 4 ms
17/02/02 00:27:20 INFO python.PythonRunner: Times: total = 100, boot = -52, init = 53, finish = 99
17/02/02 00:27:20 INFO python.PythonRunner: Times: total = 94, boot = -68, init = 68, finish = 94
17/02/02 00:27:20 INFO python.PythonRunner: Times: total = 55, boot = -85, init = 86, finish = 54
17/02/02 00:27:20 INFO executor.Executor: Finished task 72.0 in stage 363.0 (TID 64396). 3378 bytes result sent to driver
17/02/02 00:27:20 INFO executor.CoarseGrainedExecutorBackend: Got assigned task 64425
17/02/02 00:27:20 INFO executor.Executor: Running task 101.0 in stage 363.0 (TID 64425)
17/02/02 00:27:20 INFO python.PythonRunner: Times: total = 54, boot = -63, init = 64, finish = 53
17/02/02 00:27:20 INFO storage.ShuffleBlockFetcherIterator: Getting 950 non-empty blocks out of 1890 blocks
17/02/02 00:27:20 INFO storage.ShuffleBlockFetcherIterator: Started 3 remote fetches in 2 ms
17/02/02 00:27:20 INFO executor.Executor: Finished task 79.0 in stage 363.0 (TID 64403). 3378 bytes result sent to driver
17/02/02 00:27:20 INFO executor.CoarseGrainedExecutorBackend: Got assigned task 64428
17/02/02 00:27:20 INFO executor.Executor: Running task 104.0 in stage 363.0 (TID 64428)
17/02/02 00:27:20 INFO storage.ShuffleBlockFetcherIterator: Getting 945 non-empty blocks out of 1890 blocks
17/02/02 00:27:20 INFO python.PythonRunner: Times: total = 48, boot = -63, init = 64, finish = 47
17/02/02 00:27:20 INFO storage.ShuffleBlockFetcherIterator: Started 3 remote fetches in 3 ms
17/02/02 00:27:20 INFO executor.Executor: Finished task 83.0 in stage 363.0 (TID 64407). 3378 bytes result sent to driver
17/02/02 00:27:20 INFO executor.CoarseGrainedExecutorBackend: Got assigned task 64430
17/02/02 00:27:20 INFO executor.Executor: Running task 106.0 in stage 363.0 (TID 64430)
17/02/02 00:27:20 INFO storage.ShuffleBlockFetcherIterator: Getting 941 non-empty blocks out of 1890 blocks
17/02/02 00:27:20 INFO storage.ShuffleBlockFetcherIterator: Started 3 remote fetches in 3 ms
17/02/02 00:27:20 INFO python.PythonRunner: Times: total = 139, boot = -75, init = 76, finish = 138
17/02/02 00:27:20 INFO python.PythonRunner: Times: total = 97, boot = -43, init = 43, finish = 97
17/02/02 00:27:20 INFO python.PythonRunner: Times: total = 10, boot = -73, init = 74, finish = 9
17/02/02 00:27:20 INFO python.PythonRunner: Times: total = 114, boot = -81, init = 82, finish = 113
17/02/02 00:27:20 INFO executor.Executor: Finished task 93.0 in stage 363.0 (TID 64417). 3378 bytes result sent to driver
17/02/02 00:27:20 INFO executor.CoarseGrainedExecutorBackend: Got assigned task 64438
17/02/02 00:27:20 INFO executor.Executor: Running task 114.0 in stage 363.0 (TID 64438)
17/02/02 00:27:20 INFO storage.ShuffleBlockFetcherIterator: Getting 947 non-empty blocks out of 1890 blocks
17/02/02 00:27:20 INFO storage.ShuffleBlockFetcherIterator: Started 3 remote fetches in 3 ms
17/02/02 00:27:20 INFO python.PythonRunner: Times: total = 56, boot = -69, init = 71, finish = 54
17/02/02 00:27:20 INFO executor.Executor: Finished task 86.0 in stage 363.0 (TID 64410). 3378 bytes result sent to driver
17/02/02 00:27:20 INFO python.PythonRunner: Times: total = 72, boot = -71, init = 72, finish = 71
17/02/02 00:27:20 INFO executor.CoarseGrainedExecutorBackend: Got assigned task 64444
17/02/02 00:27:20 INFO executor.Executor: Running task 120.0 in stage 363.0 (TID 64444)
17/02/02 00:27:20 INFO python.PythonRunner: Times: total = 88, boot = -72, init = 72, finish = 88
17/02/02 00:27:20 INFO storage.ShuffleBlockFetcherIterator: Getting 951 non-empty blocks out of 1890 blocks
17/02/02 00:27:20 INFO storage.ShuffleBlockFetcherIterator: Started 3 remote fetches in 2 ms
17/02/02 00:27:20 INFO python.PythonRunner: Times: total = 51, boot = -60, init = 61, finish = 50
17/02/02 00:27:20 INFO executor.Executor: Finished task 92.0 in stage 363.0 (TID 64416). 3378 bytes result sent to driver
17/02/02 00:27:20 INFO executor.CoarseGrainedExecutorBackend: Got assigned task 64448
17/02/02 00:27:20 INFO executor.Executor: Running task 124.0 in stage 363.0 (TID 64448)
