17/02/01 23:11:51 INFO storage.ShuffleBlockFetcherIterator: Getting 111 non-empty blocks out of 1920 blocks
17/02/01 23:11:51 INFO storage.ShuffleBlockFetcherIterator: Getting 112 non-empty blocks out of 1920 blocks
17/02/01 23:11:51 INFO storage.ShuffleBlockFetcherIterator: Started 4 remote fetches in 1 ms
17/02/01 23:11:51 INFO storage.ShuffleBlockFetcherIterator: Started 4 remote fetches in 1 ms
17/02/01 23:11:51 INFO python.PythonRunner: Times: total = 43, boot = -2, init = 3, finish = 42
17/02/01 23:11:51 INFO executor.Executor: Finished task 1824.0 in stage 239.0 (TID 46042). 1344 bytes result sent to driver
17/02/01 23:11:51 INFO executor.CoarseGrainedExecutorBackend: Got assigned task 46080
17/02/01 23:11:51 INFO executor.Executor: Running task 1862.0 in stage 239.0 (TID 46080)
17/02/01 23:11:51 INFO storage.ShuffleBlockFetcherIterator: Getting 113 non-empty blocks out of 1920 blocks
17/02/01 23:11:51 INFO storage.ShuffleBlockFetcherIterator: Started 4 remote fetches in 0 ms
17/02/01 23:11:51 INFO python.PythonRunner: Times: total = 13, boot = 7, init = 0, finish = 6
17/02/01 23:11:51 INFO executor.Executor: Finished task 1856.0 in stage 239.0 (TID 46074). 1344 bytes result sent to driver
17/02/01 23:11:51 INFO python.PythonRunner: Times: total = 45, boot = -8, init = 10, finish = 43
17/02/01 23:11:51 INFO executor.Executor: Finished task 1829.0 in stage 239.0 (TID 46047). 1344 bytes result sent to driver
17/02/01 23:11:51 INFO executor.CoarseGrainedExecutorBackend: Got assigned task 46086
17/02/01 23:11:51 INFO executor.Executor: Running task 1868.0 in stage 239.0 (TID 46086)
17/02/01 23:11:51 INFO executor.CoarseGrainedExecutorBackend: Got assigned task 46087
17/02/01 23:11:51 INFO executor.Executor: Running task 1869.0 in stage 239.0 (TID 46087)
17/02/01 23:11:51 INFO storage.ShuffleBlockFetcherIterator: Getting 113 non-empty blocks out of 1920 blocks
17/02/01 23:11:51 INFO storage.ShuffleBlockFetcherIterator: Started 4 remote fetches in 1 ms
17/02/01 23:11:51 INFO storage.ShuffleBlockFetcherIterator: Getting 112 non-empty blocks out of 1920 blocks
17/02/01 23:11:51 INFO storage.ShuffleBlockFetcherIterator: Started 4 remote fetches in 1 ms
17/02/01 23:11:51 INFO python.PythonRunner: Times: total = 42, boot = -11, init = 13, finish = 40
17/02/01 23:11:51 INFO executor.Executor: Finished task 1834.0 in stage 239.0 (TID 46052). 1344 bytes result sent to driver
17/02/01 23:11:51 INFO executor.CoarseGrainedExecutorBackend: Got assigned task 46092
17/02/01 23:11:51 INFO executor.Executor: Running task 1874.0 in stage 239.0 (TID 46092)
17/02/01 23:11:51 INFO storage.ShuffleBlockFetcherIterator: Getting 114 non-empty blocks out of 1920 blocks
17/02/01 23:11:51 INFO storage.ShuffleBlockFetcherIterator: Started 4 remote fetches in 1 ms
17/02/01 23:11:51 INFO python.PythonRunner: Times: total = 11, boot = 3, init = 0, finish = 8
17/02/01 23:11:51 INFO executor.Executor: Finished task 1874.0 in stage 239.0 (TID 46092). 1344 bytes result sent to driver
17/02/01 23:11:51 INFO executor.CoarseGrainedExecutorBackend: Got assigned task 46096
17/02/01 23:11:51 INFO executor.Executor: Running task 1878.0 in stage 239.0 (TID 46096)
17/02/01 23:11:51 INFO python.PythonRunner: Times: total = 45, boot = -8, init = 10, finish = 43
17/02/01 23:11:51 INFO executor.Executor: Finished task 1846.0 in stage 239.0 (TID 46064). 1344 bytes result sent to driver
17/02/01 23:11:51 INFO executor.CoarseGrainedExecutorBackend: Got assigned task 46099
17/02/01 23:11:51 INFO executor.Executor: Running task 1881.0 in stage 239.0 (TID 46099)
17/02/01 23:11:51 INFO storage.ShuffleBlockFetcherIterator: Getting 110 non-empty blocks out of 1920 blocks
17/02/01 23:11:51 INFO storage.ShuffleBlockFetcherIterator: Started 4 remote fetches in 1 ms
17/02/01 23:11:51 INFO storage.ShuffleBlockFetcherIterator: Getting 112 non-empty blocks out of 1920 blocks
17/02/01 23:11:51 INFO storage.ShuffleBlockFetcherIterator: Started 4 remote fetches in 1 ms
17/02/01 23:11:51 INFO python.PythonRunner: Times: total = 46, boot = -13, init = 14, finish = 45
17/02/01 23:11:51 INFO executor.Executor: Finished task 1855.0 in stage 239.0 (TID 46073). 1344 bytes result sent to driver
17/02/01 23:11:51 INFO executor.CoarseGrainedExecutorBackend: Got assigned task 46102
17/02/01 23:11:51 INFO executor.Executor: Running task 1884.0 in stage 239.0 (TID 46102)
17/02/01 23:11:51 INFO storage.ShuffleBlockFetcherIterator: Getting 112 non-empty blocks out of 1920 blocks
17/02/01 23:11:51 INFO storage.ShuffleBlockFetcherIterator: Started 4 remote fetches in 1 ms
17/02/01 23:11:51 INFO python.PythonRunner: Times: total = 52, boot = -1, init = 2, finish = 51
17/02/01 23:11:51 INFO executor.Executor: Finished task 1862.0 in stage 239.0 (TID 46080). 1344 bytes result sent to driver
17/02/01 23:11:51 INFO executor.CoarseGrainedExecutorBackend: Got assigned task 46114
17/02/01 23:11:51 INFO executor.Executor: Running task 1896.0 in stage 239.0 (TID 46114)
17/02/01 23:11:51 INFO storage.ShuffleBlockFetcherIterator: Getting 109 non-empty blocks out of 1920 blocks
17/02/01 23:11:51 INFO python.PythonRunner: Times: total = 49, boot = -3, init = 6, finish = 46
17/02/01 23:11:51 INFO storage.ShuffleBlockFetcherIterator: Started 4 remote fetches in 1 ms
17/02/01 23:11:51 INFO executor.Executor: Finished task 1868.0 in stage 239.0 (TID 46086). 1344 bytes result sent to driver
17/02/01 23:11:51 INFO executor.CoarseGrainedExecutorBackend: Got assigned task 46116
17/02/01 23:11:51 INFO executor.Executor: Running task 1898.0 in stage 239.0 (TID 46116)
17/02/01 23:11:51 INFO storage.ShuffleBlockFetcherIterator: Getting 113 non-empty blocks out of 1920 blocks
17/02/01 23:11:51 INFO storage.ShuffleBlockFetcherIterator: Started 4 remote fetches in 1 ms
17/02/01 23:11:51 INFO python.PythonRunner: Times: total = 52, boot = 2, init = 0, finish = 50
17/02/01 23:11:51 INFO executor.Executor: Finished task 1869.0 in stage 239.0 (TID 46087). 1344 bytes result sent to driver
17/02/01 23:11:51 INFO executor.CoarseGrainedExecutorBackend: Got assigned task 46121
17/02/01 23:11:51 INFO executor.Executor: Running task 1903.0 in stage 239.0 (TID 46121)
17/02/01 23:11:51 INFO storage.ShuffleBlockFetcherIterator: Getting 108 non-empty blocks out of 1920 blocks
17/02/01 23:11:51 INFO storage.ShuffleBlockFetcherIterator: Started 4 remote fetches in 1 ms
17/02/01 23:11:51 INFO python.PythonRunner: Times: total = 5, boot = -7, init = 9, finish = 3
17/02/01 23:11:51 INFO executor.Executor: Finished task 1898.0 in stage 239.0 (TID 46116). 1344 bytes result sent to driver
17/02/01 23:11:51 INFO executor.CoarseGrainedExecutorBackend: Got assigned task 46127
17/02/01 23:11:51 INFO executor.Executor: Running task 1909.0 in stage 239.0 (TID 46127)
17/02/01 23:11:51 INFO storage.ShuffleBlockFetcherIterator: Getting 111 non-empty blocks out of 1920 blocks
17/02/01 23:11:51 INFO storage.ShuffleBlockFetcherIterator: Started 4 remote fetches in 0 ms
17/02/01 23:11:51 INFO python.PythonRunner: Times: total = 44, boot = -6, init = 7, finish = 43
17/02/01 23:11:51 INFO python.PythonRunner: Times: total = 42, boot = -10, init = 12, finish = 40
17/02/01 23:11:51 INFO executor.Executor: Finished task 1878.0 in stage 239.0 (TID 46096). 1344 bytes result sent to driver
17/02/01 23:11:51 INFO executor.Executor: Finished task 1881.0 in stage 239.0 (TID 46099). 1344 bytes result sent to driver
17/02/01 23:11:51 INFO executor.CoarseGrainedExecutorBackend: Got assigned task 46130
17/02/01 23:11:51 INFO executor.CoarseGrainedExecutorBackend: Got assigned task 46131
17/02/01 23:11:51 INFO executor.Executor: Running task 1912.0 in stage 239.0 (TID 46130)
17/02/01 23:11:51 INFO executor.Executor: Running task 1913.0 in stage 239.0 (TID 46131)
17/02/01 23:11:51 INFO storage.ShuffleBlockFetcherIterator: Getting 109 non-empty blocks out of 1920 blocks
17/02/01 23:11:51 INFO storage.ShuffleBlockFetcherIterator: Getting 113 non-empty blocks out of 1920 blocks
17/02/01 23:11:51 INFO storage.ShuffleBlockFetcherIterator: Started 4 remote fetches in 1 ms
17/02/01 23:11:51 INFO storage.ShuffleBlockFetcherIterator: Started 4 remote fetches in 1 ms
17/02/01 23:11:51 INFO python.PythonRunner: Times: total = 43, boot = -9, init = 11, finish = 41
17/02/01 23:11:51 INFO executor.Executor: Finished task 1884.0 in stage 239.0 (TID 46102). 1344 bytes result sent to driver
17/02/01 23:11:51 INFO python.PythonRunner: Times: total = 16, boot = 11, init = 0, finish = 5
17/02/01 23:11:51 INFO executor.Executor: Finished task 1909.0 in stage 239.0 (TID 46127). 1344 bytes result sent to driver
17/02/01 23:11:51 INFO executor.CoarseGrainedExecutorBackend: Got assigned task 46137
17/02/01 23:11:51 INFO executor.Executor: Running task 1919.0 in stage 239.0 (TID 46137)
17/02/01 23:11:51 INFO storage.ShuffleBlockFetcherIterator: Getting 112 non-empty blocks out of 1920 blocks
17/02/01 23:11:51 INFO python.PythonRunner: Times: total = 8, boot = 1, init = 1, finish = 6
17/02/01 23:11:51 INFO storage.ShuffleBlockFetcherIterator: Started 4 remote fetches in 1 ms
17/02/01 23:11:51 INFO executor.Executor: Finished task 1913.0 in stage 239.0 (TID 46131). 1344 bytes result sent to driver
17/02/01 23:11:51 INFO python.PythonRunner: Times: total = 44, boot = -10, init = 11, finish = 43
17/02/01 23:11:51 INFO executor.Executor: Finished task 1896.0 in stage 239.0 (TID 46114). 1344 bytes result sent to driver
17/02/01 23:11:51 INFO python.PythonRunner: Times: total = 43, boot = -14, init = 15, finish = 42
17/02/01 23:11:51 INFO executor.Executor: Finished task 1903.0 in stage 239.0 (TID 46121). 1344 bytes result sent to driver
17/02/01 23:11:51 INFO python.PythonRunner: Times: total = 43, boot = -4, init = 6, finish = 41
17/02/01 23:11:51 INFO executor.Executor: Finished task 1912.0 in stage 239.0 (TID 46130). 1344 bytes result sent to driver
17/02/01 23:11:51 INFO python.PythonRunner: Times: total = 46, boot = -2, init = 3, finish = 45
17/02/01 23:11:51 INFO executor.Executor: Finished task 1919.0 in stage 239.0 (TID 46137). 1344 bytes result sent to driver
