17/02/02 00:14:35 INFO executor.CoarseGrainedExecutorBackend: Got assigned task 56373
17/02/02 00:14:35 INFO executor.Executor: Running task 630.0 in stage 329.0 (TID 56373)
17/02/02 00:14:35 INFO storage.ShuffleBlockFetcherIterator: Getting 495 non-empty blocks out of 930 blocks
17/02/02 00:14:35 INFO storage.ShuffleBlockFetcherIterator: Started 6 remote fetches in 2 ms
17/02/02 00:14:35 INFO python.PythonRunner: Times: total = 255, boot = -146, init = 147, finish = 254
17/02/02 00:14:35 INFO python.PythonRunner: Times: total = 61, boot = -122, init = 124, finish = 59
17/02/02 00:14:35 INFO python.PythonRunner: Times: total = 38, boot = -123, init = 124, finish = 37
17/02/02 00:14:35 INFO executor.Executor: Finished task 604.0 in stage 329.0 (TID 56346). 2410 bytes result sent to driver
17/02/02 00:14:35 INFO executor.CoarseGrainedExecutorBackend: Got assigned task 56376
17/02/02 00:14:35 INFO executor.Executor: Running task 632.0 in stage 329.0 (TID 56376)
17/02/02 00:14:35 INFO storage.ShuffleBlockFetcherIterator: Getting 495 non-empty blocks out of 930 blocks
17/02/02 00:14:35 INFO storage.ShuffleBlockFetcherIterator: Started 6 remote fetches in 1 ms
17/02/02 00:14:35 INFO executor.Executor: Finished task 607.0 in stage 329.0 (TID 56351). 2410 bytes result sent to driver
17/02/02 00:14:35 INFO executor.CoarseGrainedExecutorBackend: Got assigned task 56377
17/02/02 00:14:35 INFO executor.Executor: Running task 634.0 in stage 329.0 (TID 56377)
17/02/02 00:14:35 INFO storage.ShuffleBlockFetcherIterator: Getting 495 non-empty blocks out of 930 blocks
17/02/02 00:14:35 INFO storage.ShuffleBlockFetcherIterator: Started 6 remote fetches in 1 ms
17/02/02 00:14:35 INFO python.PythonRunner: Times: total = 174, boot = -172, init = 173, finish = 173
17/02/02 00:14:35 INFO python.PythonRunner: Times: total = 205, boot = -172, init = 173, finish = 204
17/02/02 00:14:35 INFO python.PythonRunner: Times: total = 22, boot = -66, init = 67, finish = 21
17/02/02 00:14:35 INFO executor.Executor: Finished task 618.0 in stage 329.0 (TID 56362). 2410 bytes result sent to driver
17/02/02 00:14:35 INFO executor.CoarseGrainedExecutorBackend: Got assigned task 56381
17/02/02 00:14:35 INFO executor.Executor: Running task 637.0 in stage 329.0 (TID 56381)
17/02/02 00:14:35 INFO storage.ShuffleBlockFetcherIterator: Getting 495 non-empty blocks out of 930 blocks
17/02/02 00:14:35 INFO storage.ShuffleBlockFetcherIterator: Started 6 remote fetches in 2 ms
17/02/02 00:14:35 INFO python.PythonRunner: Times: total = 59, boot = -76, init = 77, finish = 58
17/02/02 00:14:35 INFO python.PythonRunner: Times: total = 161, boot = -110, init = 112, finish = 159
17/02/02 00:14:35 INFO executor.Executor: Finished task 621.0 in stage 329.0 (TID 56365). 2410 bytes result sent to driver
17/02/02 00:14:35 INFO executor.CoarseGrainedExecutorBackend: Got assigned task 56384
17/02/02 00:14:35 INFO executor.Executor: Running task 640.0 in stage 329.0 (TID 56384)
17/02/02 00:14:35 INFO storage.ShuffleBlockFetcherIterator: Getting 495 non-empty blocks out of 930 blocks
17/02/02 00:14:35 INFO storage.ShuffleBlockFetcherIterator: Started 6 remote fetches in 1 ms
17/02/02 00:14:35 INFO python.PythonRunner: Times: total = 28, boot = -86, init = 88, finish = 26
17/02/02 00:14:35 INFO executor.Executor: Finished task 625.0 in stage 329.0 (TID 56369). 2410 bytes result sent to driver
17/02/02 00:14:35 INFO executor.CoarseGrainedExecutorBackend: Got assigned task 56386
17/02/02 00:14:35 INFO executor.Executor: Running task 642.0 in stage 329.0 (TID 56386)
17/02/02 00:14:35 INFO storage.ShuffleBlockFetcherIterator: Getting 495 non-empty blocks out of 930 blocks
17/02/02 00:14:35 INFO python.PythonRunner: Times: total = 175, boot = -122, init = 123, finish = 174
17/02/02 00:14:35 INFO storage.ShuffleBlockFetcherIterator: Started 6 remote fetches in 2 ms
17/02/02 00:14:35 INFO python.PythonRunner: Times: total = 164, boot = -93, init = 93, finish = 164
17/02/02 00:14:35 INFO python.PythonRunner: Times: total = 55, boot = -85, init = 86, finish = 54
17/02/02 00:14:35 INFO python.PythonRunner: Times: total = 18, boot = -93, init = 94, finish = 17
17/02/02 00:14:35 INFO executor.Executor: Finished task 630.0 in stage 329.0 (TID 56373). 2410 bytes result sent to driver
17/02/02 00:14:35 INFO executor.CoarseGrainedExecutorBackend: Got assigned task 56391
17/02/02 00:14:35 INFO executor.Executor: Running task 647.0 in stage 329.0 (TID 56391)
17/02/02 00:14:35 INFO storage.ShuffleBlockFetcherIterator: Getting 495 non-empty blocks out of 930 blocks
17/02/02 00:14:35 INFO storage.ShuffleBlockFetcherIterator: Started 6 remote fetches in 2 ms
17/02/02 00:14:35 INFO executor.Executor: Finished task 632.0 in stage 329.0 (TID 56376). 2410 bytes result sent to driver
17/02/02 00:14:35 INFO executor.CoarseGrainedExecutorBackend: Got assigned task 56392
17/02/02 00:14:35 INFO executor.Executor: Running task 648.0 in stage 329.0 (TID 56392)
17/02/02 00:14:35 INFO storage.ShuffleBlockFetcherIterator: Getting 495 non-empty blocks out of 930 blocks
17/02/02 00:14:35 INFO storage.ShuffleBlockFetcherIterator: Started 6 remote fetches in 2 ms
17/02/02 00:14:35 INFO python.PythonRunner: Times: total = 222, boot = -84, init = 85, finish = 221
17/02/02 00:14:35 INFO python.PythonRunner: Times: total = 200, boot = -115, init = 116, finish = 199
17/02/02 00:14:35 INFO python.PythonRunner: Times: total = 172, boot = -87, init = 88, finish = 171
17/02/02 00:14:35 INFO python.PythonRunner: Times: total = 28, boot = -131, init = 132, finish = 27
17/02/02 00:14:35 INFO python.PythonRunner: Times: total = 66, boot = -105, init = 106, finish = 65
17/02/02 00:14:35 INFO python.PythonRunner: Times: total = 29, boot = -115, init = 116, finish = 28
17/02/02 00:14:35 INFO python.PythonRunner: Times: total = 179, boot = -75, init = 76, finish = 178
17/02/02 00:14:35 INFO executor.Executor: Finished task 640.0 in stage 329.0 (TID 56384). 2410 bytes result sent to driver
17/02/02 00:14:35 INFO executor.CoarseGrainedExecutorBackend: Got assigned task 56398
17/02/02 00:14:35 INFO executor.Executor: Running task 654.0 in stage 329.0 (TID 56398)
17/02/02 00:14:35 INFO python.PythonRunner: Times: total = 121, boot = -124, init = 125, finish = 120
17/02/02 00:14:35 INFO storage.ShuffleBlockFetcherIterator: Getting 495 non-empty blocks out of 930 blocks
17/02/02 00:14:35 INFO storage.ShuffleBlockFetcherIterator: Started 6 remote fetches in 3 ms
17/02/02 00:14:35 INFO executor.Executor: Finished task 637.0 in stage 329.0 (TID 56381). 2410 bytes result sent to driver
17/02/02 00:14:35 INFO executor.CoarseGrainedExecutorBackend: Got assigned task 56400
17/02/02 00:14:35 INFO executor.Executor: Running task 656.0 in stage 329.0 (TID 56400)
17/02/02 00:14:35 INFO storage.ShuffleBlockFetcherIterator: Getting 495 non-empty blocks out of 930 blocks
17/02/02 00:14:35 INFO storage.ShuffleBlockFetcherIterator: Started 6 remote fetches in 2 ms
17/02/02 00:14:35 INFO executor.Executor: Finished task 634.0 in stage 329.0 (TID 56377). 2410 bytes result sent to driver
17/02/02 00:14:35 INFO python.PythonRunner: Times: total = 39, boot = -104, init = 106, finish = 37
17/02/02 00:14:35 INFO python.PythonRunner: Times: total = 26, boot = -114, init = 115, finish = 25
17/02/02 00:14:35 INFO executor.CoarseGrainedExecutorBackend: Got assigned task 56401
17/02/02 00:14:35 INFO executor.Executor: Running task 657.0 in stage 329.0 (TID 56401)
17/02/02 00:14:35 INFO storage.ShuffleBlockFetcherIterator: Getting 495 non-empty blocks out of 930 blocks
17/02/02 00:14:35 INFO storage.ShuffleBlockFetcherIterator: Started 6 remote fetches in 2 ms
17/02/02 00:14:35 INFO python.PythonRunner: Times: total = 141, boot = -92, init = 93, finish = 140
17/02/02 00:14:36 INFO executor.Executor: Finished task 642.0 in stage 329.0 (TID 56386). 2410 bytes result sent to driver
17/02/02 00:14:36 INFO executor.CoarseGrainedExecutorBackend: Got assigned task 56405
17/02/02 00:14:36 INFO executor.Executor: Running task 661.0 in stage 329.0 (TID 56405)
17/02/02 00:14:36 INFO storage.ShuffleBlockFetcherIterator: Getting 495 non-empty blocks out of 930 blocks
17/02/02 00:14:36 INFO storage.ShuffleBlockFetcherIterator: Started 6 remote fetches in 1 ms
17/02/02 00:14:36 INFO executor.Executor: Finished task 647.0 in stage 329.0 (TID 56391). 2410 bytes result sent to driver
17/02/02 00:14:36 INFO executor.CoarseGrainedExecutorBackend: Got assigned task 56406
17/02/02 00:14:36 INFO executor.Executor: Running task 663.0 in stage 329.0 (TID 56406)
17/02/02 00:14:36 INFO storage.ShuffleBlockFetcherIterator: Getting 495 non-empty blocks out of 930 blocks
17/02/02 00:14:36 INFO storage.ShuffleBlockFetcherIterator: Started 6 remote fetches in 3 ms
17/02/02 00:14:36 INFO python.PythonRunner: Times: total = 59, boot = -29, init = 31, finish = 57
17/02/02 00:14:36 INFO python.PythonRunner: Times: total = 106, boot = -121, init = 122, finish = 105
17/02/02 00:14:36 INFO executor.Executor: Finished task 648.0 in stage 329.0 (TID 56392). 2410 bytes result sent to driver
17/02/02 00:14:36 INFO executor.CoarseGrainedExecutorBackend: Got assigned task 56410
17/02/02 00:14:36 INFO executor.Executor: Running task 666.0 in stage 329.0 (TID 56410)
17/02/02 00:14:36 INFO python.PythonRunner: Times: total = 28, boot = -103, init = 104, finish = 27
17/02/02 00:14:36 INFO storage.ShuffleBlockFetcherIterator: Getting 495 non-empty blocks out of 930 blocks
17/02/02 00:14:36 INFO storage.ShuffleBlockFetcherIterator: Started 6 remote fetches in 1 ms
17/02/02 00:14:36 INFO executor.Executor: Finished task 654.0 in stage 329.0 (TID 56398). 2410 bytes result sent to driver
17/02/02 00:14:36 INFO executor.CoarseGrainedExecutorBackend: Got assigned task 56413
17/02/02 00:14:36 INFO executor.Executor: Running task 669.0 in stage 329.0 (TID 56413)
17/02/02 00:14:36 INFO python.PythonRunner: Times: total = 131, boot = -69, init = 71, finish = 129
