17/02/02 00:01:06 INFO executor.CoarseGrainedExecutorBackend: Got assigned task 50609
17/02/02 00:01:06 INFO executor.Executor: Running task 61.0 in stage 290.0 (TID 50609)
17/02/02 00:01:06 INFO storage.ShuffleBlockFetcherIterator: Getting 123 non-empty blocks out of 210 blocks
17/02/02 00:01:06 INFO storage.ShuffleBlockFetcherIterator: Started 4 remote fetches in 1 ms
17/02/02 00:01:06 INFO python.PythonRunner: Times: total = 756, boot = -145, init = 146, finish = 755
17/02/02 00:01:06 INFO python.PythonRunner: Times: total = 131, boot = -605, init = 606, finish = 130
17/02/02 00:01:06 INFO executor.Executor: Finished task 42.0 in stage 290.0 (TID 50586). 1898 bytes result sent to driver
17/02/02 00:01:06 INFO executor.CoarseGrainedExecutorBackend: Got assigned task 50617
17/02/02 00:01:06 INFO executor.Executor: Running task 71.0 in stage 290.0 (TID 50617)
17/02/02 00:01:06 INFO storage.ShuffleBlockFetcherIterator: Getting 123 non-empty blocks out of 210 blocks
17/02/02 00:01:06 INFO storage.ShuffleBlockFetcherIterator: Started 4 remote fetches in 0 ms
17/02/02 00:01:06 INFO python.PythonRunner: Times: total = 854, boot = -119, init = 122, finish = 851
17/02/02 00:01:06 INFO python.PythonRunner: Times: total = 137, boot = -747, init = 748, finish = 136
17/02/02 00:01:06 INFO python.PythonRunner: Times: total = 910, boot = -154, init = 155, finish = 909
17/02/02 00:01:06 INFO executor.Executor: Finished task 45.0 in stage 290.0 (TID 50590). 1898 bytes result sent to driver
17/02/02 00:01:06 INFO executor.CoarseGrainedExecutorBackend: Got assigned task 50618
17/02/02 00:01:06 INFO executor.Executor: Running task 74.0 in stage 290.0 (TID 50618)
17/02/02 00:01:06 INFO storage.ShuffleBlockFetcherIterator: Getting 123 non-empty blocks out of 210 blocks
17/02/02 00:01:06 INFO storage.ShuffleBlockFetcherIterator: Started 6 remote fetches in 1 ms
17/02/02 00:01:06 INFO python.PythonRunner: Times: total = 100, boot = -614, init = 615, finish = 99
17/02/02 00:01:06 INFO executor.Executor: Finished task 57.0 in stage 290.0 (TID 50593). 1898 bytes result sent to driver
17/02/02 00:01:06 INFO executor.CoarseGrainedExecutorBackend: Got assigned task 50621
17/02/02 00:01:06 INFO executor.Executor: Running task 84.0 in stage 290.0 (TID 50621)
17/02/02 00:01:06 INFO python.PythonRunner: Times: total = 1039, boot = -144, init = 146, finish = 1037
17/02/02 00:01:06 INFO storage.ShuffleBlockFetcherIterator: Getting 123 non-empty blocks out of 210 blocks
17/02/02 00:01:06 INFO storage.ShuffleBlockFetcherIterator: Started 4 remote fetches in 1 ms
17/02/02 00:01:06 INFO python.PythonRunner: Times: total = 1064, boot = -136, init = 138, finish = 1062
17/02/02 00:01:06 INFO python.PythonRunner: Times: total = 131, boot = -352, init = 353, finish = 130
17/02/02 00:01:06 INFO executor.Executor: Finished task 46.0 in stage 290.0 (TID 50591). 1898 bytes result sent to driver
17/02/02 00:01:06 INFO executor.CoarseGrainedExecutorBackend: Got assigned task 50622
17/02/02 00:01:06 INFO executor.Executor: Running task 87.0 in stage 290.0 (TID 50622)
17/02/02 00:01:06 INFO storage.ShuffleBlockFetcherIterator: Getting 123 non-empty blocks out of 210 blocks
17/02/02 00:01:06 INFO storage.ShuffleBlockFetcherIterator: Started 6 remote fetches in 0 ms
17/02/02 00:01:06 INFO python.PythonRunner: Times: total = 118, boot = -225, init = 227, finish = 116
17/02/02 00:01:06 INFO executor.Executor: Finished task 59.0 in stage 290.0 (TID 50594). 1898 bytes result sent to driver
17/02/02 00:01:06 INFO executor.CoarseGrainedExecutorBackend: Got assigned task 50623
17/02/02 00:01:06 INFO executor.Executor: Running task 90.0 in stage 290.0 (TID 50623)
17/02/02 00:01:06 INFO storage.ShuffleBlockFetcherIterator: Getting 123 non-empty blocks out of 210 blocks
17/02/02 00:01:06 INFO storage.ShuffleBlockFetcherIterator: Started 4 remote fetches in 1 ms
17/02/02 00:01:06 INFO python.PythonRunner: Times: total = 885, boot = -457, init = 458, finish = 884
17/02/02 00:01:06 INFO python.PythonRunner: Times: total = 595, boot = -751, init = 753, finish = 593
17/02/02 00:01:07 INFO python.PythonRunner: Times: total = 130, boot = -222, init = 223, finish = 129
17/02/02 00:01:07 INFO executor.Executor: Finished task 61.0 in stage 290.0 (TID 50609). 1898 bytes result sent to driver
17/02/02 00:01:07 INFO executor.CoarseGrainedExecutorBackend: Got assigned task 50629
17/02/02 00:01:07 INFO executor.Executor: Running task 91.0 in stage 290.0 (TID 50629)
17/02/02 00:01:07 INFO storage.ShuffleBlockFetcherIterator: Getting 123 non-empty blocks out of 210 blocks
17/02/02 00:01:07 INFO storage.ShuffleBlockFetcherIterator: Started 4 remote fetches in 0 ms
17/02/02 00:01:07 INFO python.PythonRunner: Times: total = 120, boot = -235, init = 237, finish = 118
17/02/02 00:01:07 INFO executor.Executor: Finished task 71.0 in stage 290.0 (TID 50617). 1898 bytes result sent to driver
17/02/02 00:01:07 INFO executor.CoarseGrainedExecutorBackend: Got assigned task 50633
17/02/02 00:01:07 INFO executor.Executor: Running task 102.0 in stage 290.0 (TID 50633)
17/02/02 00:01:07 INFO storage.ShuffleBlockFetcherIterator: Getting 123 non-empty blocks out of 210 blocks
17/02/02 00:01:07 INFO storage.ShuffleBlockFetcherIterator: Started 5 remote fetches in 0 ms
17/02/02 00:01:07 INFO python.PythonRunner: Times: total = 928, boot = -588, init = 590, finish = 926
17/02/02 00:01:07 INFO python.PythonRunner: Times: total = 112, boot = -659, init = 660, finish = 111
17/02/02 00:01:07 INFO executor.Executor: Finished task 74.0 in stage 290.0 (TID 50618). 1898 bytes result sent to driver
17/02/02 00:01:07 INFO executor.CoarseGrainedExecutorBackend: Got assigned task 50644
17/02/02 00:01:07 INFO executor.Executor: Running task 117.0 in stage 290.0 (TID 50644)
17/02/02 00:01:07 INFO storage.ShuffleBlockFetcherIterator: Getting 123 non-empty blocks out of 210 blocks
17/02/02 00:01:07 INFO storage.ShuffleBlockFetcherIterator: Started 6 remote fetches in 1 ms
17/02/02 00:01:07 INFO python.PythonRunner: Times: total = 1027, boot = -308, init = 309, finish = 1026
17/02/02 00:01:07 INFO python.PythonRunner: Times: total = 956, boot = -245, init = 247, finish = 954
17/02/02 00:01:07 INFO python.PythonRunner: Times: total = 105, boot = -723, init = 724, finish = 104
17/02/02 00:01:07 INFO executor.Executor: Finished task 84.0 in stage 290.0 (TID 50621). 1898 bytes result sent to driver
17/02/02 00:01:07 INFO executor.CoarseGrainedExecutorBackend: Got assigned task 50648
17/02/02 00:01:07 INFO executor.Executor: Running task 119.0 in stage 290.0 (TID 50648)
17/02/02 00:01:07 INFO storage.ShuffleBlockFetcherIterator: Getting 123 non-empty blocks out of 210 blocks
17/02/02 00:01:07 INFO storage.ShuffleBlockFetcherIterator: Started 4 remote fetches in 0 ms
17/02/02 00:01:07 INFO python.PythonRunner: Times: total = 971, boot = -253, init = 254, finish = 970
17/02/02 00:01:07 INFO python.PythonRunner: Times: total = 143, boot = -682, init = 683, finish = 142
17/02/02 00:01:07 INFO executor.Executor: Finished task 87.0 in stage 290.0 (TID 50622). 1898 bytes result sent to driver
17/02/02 00:01:07 INFO executor.CoarseGrainedExecutorBackend: Got assigned task 50649
17/02/02 00:01:07 INFO executor.Executor: Running task 120.0 in stage 290.0 (TID 50649)
17/02/02 00:01:07 INFO storage.ShuffleBlockFetcherIterator: Getting 123 non-empty blocks out of 210 blocks
17/02/02 00:01:07 INFO storage.ShuffleBlockFetcherIterator: Started 5 remote fetches in 0 ms
17/02/02 00:01:07 INFO python.PythonRunner: Times: total = 127, boot = -714, init = 715, finish = 126
17/02/02 00:01:07 INFO executor.Executor: Finished task 90.0 in stage 290.0 (TID 50623). 1898 bytes result sent to driver
17/02/02 00:01:07 INFO executor.CoarseGrainedExecutorBackend: Got assigned task 50650
17/02/02 00:01:07 INFO executor.Executor: Running task 121.0 in stage 290.0 (TID 50650)
17/02/02 00:01:07 INFO storage.ShuffleBlockFetcherIterator: Getting 123 non-empty blocks out of 210 blocks
17/02/02 00:01:07 INFO storage.ShuffleBlockFetcherIterator: Started 5 remote fetches in 0 ms
17/02/02 00:01:08 INFO python.PythonRunner: Times: total = 1167, boot = -277, init = 279, finish = 1165
17/02/02 00:01:08 INFO python.PythonRunner: Times: total = 136, boot = -368, init = 369, finish = 135
17/02/02 00:01:08 INFO executor.Executor: Finished task 91.0 in stage 290.0 (TID 50629). 1898 bytes result sent to driver
17/02/02 00:01:08 INFO executor.CoarseGrainedExecutorBackend: Got assigned task 50657
17/02/02 00:01:08 INFO executor.Executor: Running task 130.0 in stage 290.0 (TID 50657)
17/02/02 00:01:08 INFO storage.ShuffleBlockFetcherIterator: Getting 123 non-empty blocks out of 210 blocks
17/02/02 00:01:08 INFO storage.ShuffleBlockFetcherIterator: Started 4 remote fetches in 1 ms
17/02/02 00:01:08 INFO python.PythonRunner: Times: total = 1285, boot = -290, init = 292, finish = 1283
17/02/02 00:01:08 INFO python.PythonRunner: Times: total = 137, boot = -529, init = 530, finish = 136
17/02/02 00:01:08 INFO executor.Executor: Finished task 102.0 in stage 290.0 (TID 50633). 1898 bytes result sent to driver
17/02/02 00:01:08 INFO executor.CoarseGrainedExecutorBackend: Got assigned task 50661
17/02/02 00:01:08 INFO executor.Executor: Running task 132.0 in stage 290.0 (TID 50661)
17/02/02 00:01:08 INFO storage.ShuffleBlockFetcherIterator: Getting 123 non-empty blocks out of 210 blocks
17/02/02 00:01:08 INFO storage.ShuffleBlockFetcherIterator: Started 5 remote fetches in 1 ms
17/02/02 00:01:08 INFO python.PythonRunner: Times: total = 975, boot = -280, init = 282, finish = 973
17/02/02 00:01:08 INFO python.PythonRunner: Times: total = 1214, boot = -673, init = 675, finish = 1212
17/02/02 00:01:08 INFO python.PythonRunner: Times: total = 90, boot = -909, init = 910, finish = 89
17/02/02 00:01:08 INFO python.PythonRunner: Times: total = 996, boot = -237, init = 239, finish = 994
17/02/02 00:01:08 INFO python.PythonRunner: Times: total = 1147, boot = -266, init = 267, finish = 1146
