17/02/01 23:11:15 INFO python.PythonRunner: Times: total = 517, boot = 12, init = 6, finish = 499
17/02/01 23:11:15 INFO executor.Executor: Finished task 1038.0 in stage 221.0 (TID 39526). 1251 bytes result sent to driver
17/02/01 23:11:15 INFO executor.CoarseGrainedExecutorBackend: Got assigned task 39553
17/02/01 23:11:15 INFO executor.Executor: Running task 1065.0 in stage 221.0 (TID 39553)
17/02/01 23:11:15 INFO storage.ShuffleBlockFetcherIterator: Getting 952 non-empty blocks out of 1890 blocks
17/02/01 23:11:15 INFO storage.ShuffleBlockFetcherIterator: Started 4 remote fetches in 6 ms
17/02/01 23:11:15 INFO python.PythonRunner: Times: total = 502, boot = 5, init = 0, finish = 497
17/02/01 23:11:15 INFO executor.Executor: Finished task 1046.0 in stage 221.0 (TID 39534). 1251 bytes result sent to driver
17/02/01 23:11:15 INFO executor.CoarseGrainedExecutorBackend: Got assigned task 39554
17/02/01 23:11:15 INFO executor.Executor: Running task 1066.0 in stage 221.0 (TID 39554)
17/02/01 23:11:15 INFO storage.ShuffleBlockFetcherIterator: Getting 937 non-empty blocks out of 1890 blocks
17/02/01 23:11:15 INFO storage.ShuffleBlockFetcherIterator: Started 3 remote fetches in 2 ms
17/02/01 23:11:15 INFO python.PythonRunner: Times: total = 351, boot = 2, init = 3, finish = 346
17/02/01 23:11:15 INFO executor.Executor: Finished task 1051.0 in stage 221.0 (TID 39539). 1251 bytes result sent to driver
17/02/01 23:11:15 INFO executor.CoarseGrainedExecutorBackend: Got assigned task 39558
17/02/01 23:11:15 INFO executor.Executor: Running task 1070.0 in stage 221.0 (TID 39558)
17/02/01 23:11:15 INFO storage.ShuffleBlockFetcherIterator: Getting 942 non-empty blocks out of 1890 blocks
17/02/01 23:11:15 INFO storage.ShuffleBlockFetcherIterator: Started 4 remote fetches in 5 ms
17/02/01 23:11:15 INFO python.PythonRunner: Times: total = 326, boot = 9, init = 1, finish = 316
17/02/01 23:11:15 INFO executor.Executor: Finished task 1056.0 in stage 221.0 (TID 39544). 1251 bytes result sent to driver
17/02/01 23:11:15 INFO executor.CoarseGrainedExecutorBackend: Got assigned task 39563
17/02/01 23:11:15 INFO executor.Executor: Running task 1075.0 in stage 221.0 (TID 39563)
17/02/01 23:11:15 INFO storage.ShuffleBlockFetcherIterator: Getting 944 non-empty blocks out of 1890 blocks
17/02/01 23:11:15 INFO storage.ShuffleBlockFetcherIterator: Started 4 remote fetches in 6 ms
17/02/01 23:11:15 INFO python.PythonRunner: Times: total = 314, boot = 6, init = 0, finish = 308
17/02/01 23:11:15 INFO executor.Executor: Finished task 1060.0 in stage 221.0 (TID 39548). 1251 bytes result sent to driver
17/02/01 23:11:15 INFO executor.CoarseGrainedExecutorBackend: Got assigned task 39566
17/02/01 23:11:15 INFO executor.Executor: Running task 1078.0 in stage 221.0 (TID 39566)
17/02/01 23:11:15 INFO storage.ShuffleBlockFetcherIterator: Getting 946 non-empty blocks out of 1890 blocks
17/02/01 23:11:15 INFO storage.ShuffleBlockFetcherIterator: Started 3 remote fetches in 5 ms
17/02/01 23:11:15 INFO python.PythonRunner: Times: total = 292, boot = 14, init = 0, finish = 278
17/02/01 23:11:15 INFO executor.Executor: Finished task 1063.0 in stage 221.0 (TID 39551). 1251 bytes result sent to driver
17/02/01 23:11:15 INFO executor.CoarseGrainedExecutorBackend: Got assigned task 39569
17/02/01 23:11:15 INFO executor.Executor: Running task 1081.0 in stage 221.0 (TID 39569)
17/02/01 23:11:15 INFO storage.ShuffleBlockFetcherIterator: Getting 948 non-empty blocks out of 1890 blocks
17/02/01 23:11:15 INFO storage.ShuffleBlockFetcherIterator: Started 3 remote fetches in 5 ms
17/02/01 23:11:15 INFO python.PythonRunner: Times: total = 293, boot = 21, init = 0, finish = 272
17/02/01 23:11:15 INFO executor.Executor: Finished task 1065.0 in stage 221.0 (TID 39553). 1251 bytes result sent to driver
17/02/01 23:11:15 INFO executor.CoarseGrainedExecutorBackend: Got assigned task 39575
17/02/01 23:11:15 INFO executor.Executor: Running task 1087.0 in stage 221.0 (TID 39575)
17/02/01 23:11:15 INFO storage.ShuffleBlockFetcherIterator: Getting 928 non-empty blocks out of 1890 blocks
17/02/01 23:11:15 INFO storage.ShuffleBlockFetcherIterator: Started 3 remote fetches in 5 ms
17/02/01 23:11:15 INFO python.PythonRunner: Times: total = 162, boot = 11, init = 0, finish = 151
17/02/01 23:11:15 INFO executor.Executor: Finished task 1070.0 in stage 221.0 (TID 39558). 1251 bytes result sent to driver
17/02/01 23:11:15 INFO executor.CoarseGrainedExecutorBackend: Got assigned task 39582
17/02/01 23:11:15 INFO executor.Executor: Running task 1094.0 in stage 221.0 (TID 39582)
17/02/01 23:11:15 INFO python.PythonRunner: Times: total = 353, boot = 16, init = 0, finish = 337
17/02/01 23:11:15 INFO storage.ShuffleBlockFetcherIterator: Getting 928 non-empty blocks out of 1890 blocks
17/02/01 23:11:15 INFO executor.Executor: Finished task 1066.0 in stage 221.0 (TID 39554). 1251 bytes result sent to driver
17/02/01 23:11:15 INFO executor.CoarseGrainedExecutorBackend: Got assigned task 39583
17/02/01 23:11:15 INFO executor.Executor: Running task 1095.0 in stage 221.0 (TID 39583)
17/02/01 23:11:15 INFO storage.ShuffleBlockFetcherIterator: Started 3 remote fetches in 6 ms
17/02/01 23:11:15 INFO storage.ShuffleBlockFetcherIterator: Getting 943 non-empty blocks out of 1890 blocks
17/02/01 23:11:15 INFO storage.ShuffleBlockFetcherIterator: Started 4 remote fetches in 4 ms
17/02/01 23:11:15 INFO python.PythonRunner: Times: total = 156, boot = 17, init = 0, finish = 139
17/02/01 23:11:15 INFO executor.Executor: Finished task 1078.0 in stage 221.0 (TID 39566). 1251 bytes result sent to driver
17/02/01 23:11:15 INFO executor.CoarseGrainedExecutorBackend: Got assigned task 39587
17/02/01 23:11:15 INFO executor.Executor: Running task 1099.0 in stage 221.0 (TID 39587)
17/02/01 23:11:15 INFO storage.ShuffleBlockFetcherIterator: Getting 945 non-empty blocks out of 1890 blocks
17/02/01 23:11:15 INFO storage.ShuffleBlockFetcherIterator: Started 4 remote fetches in 6 ms
17/02/01 23:11:15 INFO python.PythonRunner: Times: total = 198, boot = 15, init = 0, finish = 183
17/02/01 23:11:15 INFO executor.Executor: Finished task 1075.0 in stage 221.0 (TID 39563). 1251 bytes result sent to driver
17/02/01 23:11:15 INFO executor.CoarseGrainedExecutorBackend: Got assigned task 39592
17/02/01 23:11:15 INFO executor.Executor: Running task 1104.0 in stage 221.0 (TID 39592)
17/02/01 23:11:15 INFO storage.ShuffleBlockFetcherIterator: Getting 939 non-empty blocks out of 1890 blocks
17/02/01 23:11:15 INFO storage.ShuffleBlockFetcherIterator: Started 3 remote fetches in 4 ms
17/02/01 23:11:15 INFO python.PythonRunner: Times: total = 167, boot = 12, init = 2, finish = 153
17/02/01 23:11:15 INFO executor.Executor: Finished task 1081.0 in stage 221.0 (TID 39569). 1251 bytes result sent to driver
17/02/01 23:11:15 INFO executor.CoarseGrainedExecutorBackend: Got assigned task 39594
17/02/01 23:11:15 INFO executor.Executor: Running task 1106.0 in stage 221.0 (TID 39594)
17/02/01 23:11:15 INFO storage.ShuffleBlockFetcherIterator: Getting 951 non-empty blocks out of 1890 blocks
17/02/01 23:11:15 INFO storage.ShuffleBlockFetcherIterator: Started 3 remote fetches in 4 ms
17/02/01 23:11:15 INFO python.PythonRunner: Times: total = 177, boot = 9, init = 4, finish = 164
17/02/01 23:11:15 INFO executor.Executor: Finished task 1087.0 in stage 221.0 (TID 39575). 1251 bytes result sent to driver
17/02/01 23:11:15 INFO executor.CoarseGrainedExecutorBackend: Got assigned task 39601
17/02/01 23:11:15 INFO executor.Executor: Running task 1113.0 in stage 221.0 (TID 39601)
17/02/01 23:11:15 INFO storage.ShuffleBlockFetcherIterator: Getting 934 non-empty blocks out of 1890 blocks
17/02/01 23:11:15 INFO storage.ShuffleBlockFetcherIterator: Started 4 remote fetches in 6 ms
17/02/01 23:11:15 INFO python.PythonRunner: Times: total = 128, boot = 11, init = 1, finish = 116
17/02/01 23:11:15 INFO executor.Executor: Finished task 1094.0 in stage 221.0 (TID 39582). 1251 bytes result sent to driver
17/02/01 23:11:15 INFO executor.CoarseGrainedExecutorBackend: Got assigned task 39602
17/02/01 23:11:15 INFO executor.Executor: Running task 1114.0 in stage 221.0 (TID 39602)
17/02/01 23:11:15 INFO storage.ShuffleBlockFetcherIterator: Getting 943 non-empty blocks out of 1890 blocks
17/02/01 23:11:15 INFO storage.ShuffleBlockFetcherIterator: Started 4 remote fetches in 5 ms
17/02/01 23:11:16 INFO python.PythonRunner: Times: total = 121, boot = 14, init = 1, finish = 106
17/02/01 23:11:16 INFO executor.Executor: Finished task 1099.0 in stage 221.0 (TID 39587). 1251 bytes result sent to driver
17/02/01 23:11:16 INFO executor.CoarseGrainedExecutorBackend: Got assigned task 39610
17/02/01 23:11:16 INFO executor.Executor: Running task 1122.0 in stage 221.0 (TID 39610)
17/02/01 23:11:16 INFO storage.ShuffleBlockFetcherIterator: Getting 950 non-empty blocks out of 1890 blocks
17/02/01 23:11:16 INFO python.PythonRunner: Times: total = 175, boot = 12, init = 16, finish = 147
17/02/01 23:11:16 INFO storage.ShuffleBlockFetcherIterator: Started 4 remote fetches in 3 ms
17/02/01 23:11:16 INFO executor.Executor: Finished task 1095.0 in stage 221.0 (TID 39583). 1251 bytes result sent to driver
17/02/01 23:11:16 INFO executor.CoarseGrainedExecutorBackend: Got assigned task 39612
17/02/01 23:11:16 INFO executor.Executor: Running task 1124.0 in stage 221.0 (TID 39612)
17/02/01 23:11:16 INFO storage.ShuffleBlockFetcherIterator: Getting 940 non-empty blocks out of 1890 blocks
17/02/01 23:11:16 INFO python.PythonRunner: Times: total = 129, boot = 18, init = 7, finish = 104
17/02/01 23:11:16 INFO executor.Executor: Finished task 1104.0 in stage 221.0 (TID 39592). 1251 bytes result sent to driver
17/02/01 23:11:16 INFO storage.ShuffleBlockFetcherIterator: Started 3 remote fetches in 8 ms
17/02/01 23:11:16 INFO executor.CoarseGrainedExecutorBackend: Got assigned task 39614
17/02/01 23:11:16 INFO executor.Executor: Running task 1126.0 in stage 221.0 (TID 39614)
