17/02/02 00:27:16 INFO executor.Executor: Finished task 1754.0 in stage 347.0 (TID 64158). 1251 bytes result sent to driver
17/02/02 00:27:16 INFO executor.CoarseGrainedExecutorBackend: Got assigned task 64183
17/02/02 00:27:16 INFO executor.Executor: Running task 1779.0 in stage 347.0 (TID 64183)
17/02/02 00:27:16 INFO storage.ShuffleBlockFetcherIterator: Getting 940 non-empty blocks out of 1890 blocks
17/02/02 00:27:16 INFO storage.ShuffleBlockFetcherIterator: Started 3 remote fetches in 3 ms
17/02/02 00:27:16 INFO python.PythonRunner: Times: total = 229, boot = -317, init = 318, finish = 228
17/02/02 00:27:16 INFO executor.Executor: Finished task 1759.0 in stage 347.0 (TID 64163). 1251 bytes result sent to driver
17/02/02 00:27:16 INFO executor.CoarseGrainedExecutorBackend: Got assigned task 64187
17/02/02 00:27:16 INFO executor.Executor: Running task 1783.0 in stage 347.0 (TID 64187)
17/02/02 00:27:16 INFO storage.ShuffleBlockFetcherIterator: Getting 957 non-empty blocks out of 1890 blocks
17/02/02 00:27:16 INFO storage.ShuffleBlockFetcherIterator: Started 3 remote fetches in 3 ms
17/02/02 00:27:16 INFO python.PythonRunner: Times: total = 218, boot = -315, init = 316, finish = 217
17/02/02 00:27:16 INFO executor.Executor: Finished task 1762.0 in stage 347.0 (TID 64166). 1251 bytes result sent to driver
17/02/02 00:27:16 INFO executor.CoarseGrainedExecutorBackend: Got assigned task 64191
17/02/02 00:27:16 INFO executor.Executor: Running task 1787.0 in stage 347.0 (TID 64191)
17/02/02 00:27:16 INFO storage.ShuffleBlockFetcherIterator: Getting 952 non-empty blocks out of 1890 blocks
17/02/02 00:27:16 INFO storage.ShuffleBlockFetcherIterator: Started 3 remote fetches in 2 ms
17/02/02 00:27:17 INFO python.PythonRunner: Times: total = 121, boot = -405, init = 406, finish = 120
17/02/02 00:27:17 INFO executor.Executor: Finished task 1766.0 in stage 347.0 (TID 64170). 1251 bytes result sent to driver
17/02/02 00:27:17 INFO executor.CoarseGrainedExecutorBackend: Got assigned task 64194
17/02/02 00:27:17 INFO executor.Executor: Running task 1790.0 in stage 347.0 (TID 64194)
17/02/02 00:27:17 INFO storage.ShuffleBlockFetcherIterator: Getting 955 non-empty blocks out of 1890 blocks
17/02/02 00:27:17 INFO storage.ShuffleBlockFetcherIterator: Started 3 remote fetches in 4 ms
17/02/02 00:27:17 INFO python.PythonRunner: Times: total = 125, boot = -228, init = 229, finish = 124
17/02/02 00:27:17 INFO executor.Executor: Finished task 1769.0 in stage 347.0 (TID 64173). 1251 bytes result sent to driver
17/02/02 00:27:17 INFO executor.CoarseGrainedExecutorBackend: Got assigned task 64200
17/02/02 00:27:17 INFO executor.Executor: Running task 1796.0 in stage 347.0 (TID 64200)
17/02/02 00:27:17 INFO storage.ShuffleBlockFetcherIterator: Getting 952 non-empty blocks out of 1890 blocks
17/02/02 00:27:17 INFO storage.ShuffleBlockFetcherIterator: Started 3 remote fetches in 3 ms
17/02/02 00:27:17 INFO python.PythonRunner: Times: total = 138, boot = -236, init = 236, finish = 138
17/02/02 00:27:17 INFO executor.Executor: Finished task 1776.0 in stage 347.0 (TID 64180). 1251 bytes result sent to driver
17/02/02 00:27:17 INFO executor.CoarseGrainedExecutorBackend: Got assigned task 64205
17/02/02 00:27:17 INFO executor.Executor: Running task 1801.0 in stage 347.0 (TID 64205)
17/02/02 00:27:17 INFO storage.ShuffleBlockFetcherIterator: Getting 941 non-empty blocks out of 1890 blocks
17/02/02 00:27:17 INFO storage.ShuffleBlockFetcherIterator: Started 3 remote fetches in 3 ms
17/02/02 00:27:17 INFO python.PythonRunner: Times: total = 101, boot = -199, init = 199, finish = 101
17/02/02 00:27:17 INFO executor.Executor: Finished task 1787.0 in stage 347.0 (TID 64191). 1251 bytes result sent to driver
17/02/02 00:27:17 INFO python.PythonRunner: Times: total = 140, boot = -224, init = 225, finish = 139
17/02/02 00:27:17 INFO executor.Executor: Finished task 1779.0 in stage 347.0 (TID 64183). 1251 bytes result sent to driver
17/02/02 00:27:17 INFO executor.CoarseGrainedExecutorBackend: Got assigned task 64208
17/02/02 00:27:17 INFO executor.Executor: Running task 1804.0 in stage 347.0 (TID 64208)
17/02/02 00:27:17 INFO executor.CoarseGrainedExecutorBackend: Got assigned task 64209
17/02/02 00:27:17 INFO executor.Executor: Running task 1805.0 in stage 347.0 (TID 64209)
17/02/02 00:27:17 INFO storage.ShuffleBlockFetcherIterator: Getting 951 non-empty blocks out of 1890 blocks
17/02/02 00:27:17 INFO storage.ShuffleBlockFetcherIterator: Getting 946 non-empty blocks out of 1890 blocks
17/02/02 00:27:17 INFO storage.ShuffleBlockFetcherIterator: Started 3 remote fetches in 3 ms
17/02/02 00:27:17 INFO storage.ShuffleBlockFetcherIterator: Started 3 remote fetches in 3 ms
17/02/02 00:27:17 INFO python.PythonRunner: Times: total = 137, boot = -223, init = 224, finish = 136
17/02/02 00:27:17 INFO executor.Executor: Finished task 1783.0 in stage 347.0 (TID 64187). 1251 bytes result sent to driver
17/02/02 00:27:17 INFO executor.CoarseGrainedExecutorBackend: Got assigned task 64212
17/02/02 00:27:17 INFO executor.Executor: Running task 1808.0 in stage 347.0 (TID 64212)
17/02/02 00:27:17 INFO storage.ShuffleBlockFetcherIterator: Getting 945 non-empty blocks out of 1890 blocks
17/02/02 00:27:17 INFO storage.ShuffleBlockFetcherIterator: Started 3 remote fetches in 3 ms
17/02/02 00:27:17 INFO python.PythonRunner: Times: total = 314, boot = -120, init = 120, finish = 314
17/02/02 00:27:17 INFO executor.Executor: Finished task 1790.0 in stage 347.0 (TID 64194). 1251 bytes result sent to driver
17/02/02 00:27:17 INFO executor.CoarseGrainedExecutorBackend: Got assigned task 64220
17/02/02 00:27:17 INFO executor.Executor: Running task 1816.0 in stage 347.0 (TID 64220)
17/02/02 00:27:17 INFO storage.ShuffleBlockFetcherIterator: Getting 946 non-empty blocks out of 1890 blocks
17/02/02 00:27:17 INFO storage.ShuffleBlockFetcherIterator: Started 3 remote fetches in 3 ms
17/02/02 00:27:17 INFO python.PythonRunner: Times: total = 345, boot = -125, init = 126, finish = 344
17/02/02 00:27:17 INFO executor.Executor: Finished task 1796.0 in stage 347.0 (TID 64200). 1251 bytes result sent to driver
17/02/02 00:27:17 INFO executor.CoarseGrainedExecutorBackend: Got assigned task 64226
17/02/02 00:27:17 INFO executor.Executor: Running task 1822.0 in stage 347.0 (TID 64226)
17/02/02 00:27:17 INFO storage.ShuffleBlockFetcherIterator: Getting 935 non-empty blocks out of 1890 blocks
17/02/02 00:27:17 INFO storage.ShuffleBlockFetcherIterator: Started 3 remote fetches in 3 ms
17/02/02 00:27:17 INFO python.PythonRunner: Times: total = 341, boot = -132, init = 133, finish = 340
17/02/02 00:27:17 INFO executor.Executor: Finished task 1801.0 in stage 347.0 (TID 64205). 1251 bytes result sent to driver
17/02/02 00:27:17 INFO executor.CoarseGrainedExecutorBackend: Got assigned task 64232
17/02/02 00:27:17 INFO executor.Executor: Running task 1828.0 in stage 347.0 (TID 64232)
17/02/02 00:27:17 INFO storage.ShuffleBlockFetcherIterator: Getting 938 non-empty blocks out of 1890 blocks
17/02/02 00:27:17 INFO storage.ShuffleBlockFetcherIterator: Started 3 remote fetches in 4 ms
17/02/02 00:27:17 INFO python.PythonRunner: Times: total = 346, boot = -109, init = 109, finish = 346
17/02/02 00:27:17 INFO executor.Executor: Finished task 1804.0 in stage 347.0 (TID 64208). 1251 bytes result sent to driver
17/02/02 00:27:17 INFO executor.CoarseGrainedExecutorBackend: Got assigned task 64236
17/02/02 00:27:17 INFO executor.Executor: Running task 1832.0 in stage 347.0 (TID 64236)
17/02/02 00:27:17 INFO storage.ShuffleBlockFetcherIterator: Getting 953 non-empty blocks out of 1890 blocks
17/02/02 00:27:17 INFO storage.ShuffleBlockFetcherIterator: Started 3 remote fetches in 2 ms
17/02/02 00:27:17 INFO python.PythonRunner: Times: total = 368, boot = -133, init = 134, finish = 367
17/02/02 00:27:17 INFO executor.Executor: Finished task 1805.0 in stage 347.0 (TID 64209). 1251 bytes result sent to driver
17/02/02 00:27:17 INFO executor.CoarseGrainedExecutorBackend: Got assigned task 64240
17/02/02 00:27:17 INFO executor.Executor: Running task 1836.0 in stage 347.0 (TID 64240)
17/02/02 00:27:17 INFO storage.ShuffleBlockFetcherIterator: Getting 944 non-empty blocks out of 1890 blocks
17/02/02 00:27:17 INFO storage.ShuffleBlockFetcherIterator: Started 3 remote fetches in 5 ms
17/02/02 00:27:17 INFO python.PythonRunner: Times: total = 371, boot = -103, init = 104, finish = 370
17/02/02 00:27:17 INFO executor.Executor: Finished task 1808.0 in stage 347.0 (TID 64212). 1251 bytes result sent to driver
17/02/02 00:27:17 INFO executor.CoarseGrainedExecutorBackend: Got assigned task 64245
17/02/02 00:27:17 INFO executor.Executor: Running task 1841.0 in stage 347.0 (TID 64245)
17/02/02 00:27:17 INFO storage.ShuffleBlockFetcherIterator: Getting 930 non-empty blocks out of 1890 blocks
17/02/02 00:27:17 INFO storage.ShuffleBlockFetcherIterator: Started 3 remote fetches in 4 ms
17/02/02 00:27:17 INFO python.PythonRunner: Times: total = 176, boot = -310, init = 311, finish = 175
17/02/02 00:27:17 INFO executor.Executor: Finished task 1816.0 in stage 347.0 (TID 64220). 1251 bytes result sent to driver
17/02/02 00:27:17 INFO executor.CoarseGrainedExecutorBackend: Got assigned task 64248
17/02/02 00:27:17 INFO executor.Executor: Running task 1844.0 in stage 347.0 (TID 64248)
17/02/02 00:27:17 INFO storage.ShuffleBlockFetcherIterator: Getting 923 non-empty blocks out of 1890 blocks
17/02/02 00:27:17 INFO storage.ShuffleBlockFetcherIterator: Started 3 remote fetches in 2 ms
17/02/02 00:27:17 INFO python.PythonRunner: Times: total = 149, boot = -334, init = 335, finish = 148
17/02/02 00:27:17 INFO executor.Executor: Finished task 1822.0 in stage 347.0 (TID 64226). 1251 bytes result sent to driver
17/02/02 00:27:17 INFO executor.CoarseGrainedExecutorBackend: Got assigned task 64257
17/02/02 00:27:17 INFO executor.Executor: Running task 1853.0 in stage 347.0 (TID 64257)
17/02/02 00:27:17 INFO storage.ShuffleBlockFetcherIterator: Getting 955 non-empty blocks out of 1890 blocks
