17/02/02 00:02:09 INFO python.PythonRunner: Times: total = 75, boot = -772, init = 774, finish = 73
17/02/02 00:02:09 INFO executor.Executor: Finished task 25.0 in stage 302.0 (TID 51960). 1928 bytes result sent to driver
17/02/02 00:02:09 INFO executor.Executor: Finished task 27.0 in stage 302.0 (TID 51961). 1928 bytes result sent to driver
17/02/02 00:02:09 INFO executor.CoarseGrainedExecutorBackend: Got assigned task 51980
17/02/02 00:02:09 INFO executor.Executor: Running task 42.0 in stage 302.0 (TID 51980)
17/02/02 00:02:09 INFO executor.CoarseGrainedExecutorBackend: Got assigned task 51981
17/02/02 00:02:09 INFO executor.Executor: Running task 49.0 in stage 302.0 (TID 51981)
17/02/02 00:02:09 INFO storage.ShuffleBlockFetcherIterator: Getting 45 non-empty blocks out of 480 blocks
17/02/02 00:02:09 INFO storage.ShuffleBlockFetcherIterator: Started 4 remote fetches in 0 ms
17/02/02 00:02:09 INFO storage.ShuffleBlockFetcherIterator: Getting 45 non-empty blocks out of 480 blocks
17/02/02 00:02:09 INFO storage.ShuffleBlockFetcherIterator: Started 4 remote fetches in 1 ms
17/02/02 00:02:09 INFO python.PythonRunner: Times: total = 43, boot = -292, init = 294, finish = 41
17/02/02 00:02:09 INFO executor.Executor: Finished task 22.0 in stage 302.0 (TID 51958). 1928 bytes result sent to driver
17/02/02 00:02:09 INFO executor.CoarseGrainedExecutorBackend: Got assigned task 51983
17/02/02 00:02:09 INFO executor.Executor: Running task 50.0 in stage 302.0 (TID 51983)
17/02/02 00:02:09 INFO storage.ShuffleBlockFetcherIterator: Getting 45 non-empty blocks out of 480 blocks
17/02/02 00:02:09 INFO storage.ShuffleBlockFetcherIterator: Started 4 remote fetches in 0 ms
17/02/02 00:02:09 INFO python.PythonRunner: Times: total = 87, boot = -768, init = 769, finish = 86
17/02/02 00:02:09 INFO executor.Executor: Finished task 33.0 in stage 302.0 (TID 51974). 1928 bytes result sent to driver
17/02/02 00:02:09 INFO executor.CoarseGrainedExecutorBackend: Got assigned task 51989
17/02/02 00:02:09 INFO executor.Executor: Running task 53.0 in stage 302.0 (TID 51989)
17/02/02 00:02:09 INFO storage.ShuffleBlockFetcherIterator: Getting 45 non-empty blocks out of 480 blocks
17/02/02 00:02:09 INFO python.PythonRunner: Times: total = 93, boot = -272, init = 274, finish = 91
17/02/02 00:02:09 INFO storage.ShuffleBlockFetcherIterator: Started 4 remote fetches in 0 ms
17/02/02 00:02:10 INFO python.PythonRunner: Times: total = 35, boot = -79, init = 80, finish = 34
17/02/02 00:02:10 INFO executor.Executor: Finished task 23.0 in stage 302.0 (TID 51959). 1928 bytes result sent to driver
17/02/02 00:02:10 INFO executor.CoarseGrainedExecutorBackend: Got assigned task 51992
17/02/02 00:02:10 INFO executor.Executor: Running task 57.0 in stage 302.0 (TID 51992)
17/02/02 00:02:10 INFO storage.ShuffleBlockFetcherIterator: Getting 45 non-empty blocks out of 480 blocks
17/02/02 00:02:10 INFO storage.ShuffleBlockFetcherIterator: Started 4 remote fetches in 1 ms
17/02/02 00:02:10 INFO executor.Executor: Finished task 31.0 in stage 302.0 (TID 51962). 1928 bytes result sent to driver
17/02/02 00:02:10 INFO executor.CoarseGrainedExecutorBackend: Got assigned task 51995
17/02/02 00:02:10 INFO executor.Executor: Running task 61.0 in stage 302.0 (TID 51995)
17/02/02 00:02:10 INFO python.PythonRunner: Times: total = 37, boot = -84, init = 86, finish = 35
17/02/02 00:02:10 INFO storage.ShuffleBlockFetcherIterator: Getting 45 non-empty blocks out of 480 blocks
17/02/02 00:02:10 INFO storage.ShuffleBlockFetcherIterator: Started 4 remote fetches in 0 ms
17/02/02 00:02:10 INFO executor.Executor: Finished task 42.0 in stage 302.0 (TID 51980). 1928 bytes result sent to driver
17/02/02 00:02:10 INFO executor.CoarseGrainedExecutorBackend: Got assigned task 51997
17/02/02 00:02:10 INFO executor.Executor: Running task 63.0 in stage 302.0 (TID 51997)
17/02/02 00:02:10 INFO storage.ShuffleBlockFetcherIterator: Getting 45 non-empty blocks out of 480 blocks
17/02/02 00:02:10 INFO storage.ShuffleBlockFetcherIterator: Started 3 remote fetches in 1 ms
17/02/02 00:02:10 INFO python.PythonRunner: Times: total = 38, boot = -100, init = 102, finish = 36
17/02/02 00:02:10 INFO executor.Executor: Finished task 50.0 in stage 302.0 (TID 51983). 1928 bytes result sent to driver
17/02/02 00:02:10 INFO executor.CoarseGrainedExecutorBackend: Got assigned task 52004
17/02/02 00:02:10 INFO executor.Executor: Running task 67.0 in stage 302.0 (TID 52004)
17/02/02 00:02:10 INFO storage.ShuffleBlockFetcherIterator: Getting 45 non-empty blocks out of 480 blocks
17/02/02 00:02:10 INFO storage.ShuffleBlockFetcherIterator: Started 4 remote fetches in 0 ms
17/02/02 00:02:10 INFO python.PythonRunner: Times: total = 78, boot = -72, init = 73, finish = 77
17/02/02 00:02:10 INFO python.PythonRunner: Times: total = 38, boot = -117, init = 119, finish = 36
17/02/02 00:02:10 INFO executor.Executor: Finished task 53.0 in stage 302.0 (TID 51989). 1928 bytes result sent to driver
17/02/02 00:02:10 INFO executor.CoarseGrainedExecutorBackend: Got assigned task 52010
17/02/02 00:02:10 INFO executor.Executor: Running task 72.0 in stage 302.0 (TID 52010)
17/02/02 00:02:10 INFO storage.ShuffleBlockFetcherIterator: Getting 45 non-empty blocks out of 480 blocks
17/02/02 00:02:10 INFO storage.ShuffleBlockFetcherIterator: Started 4 remote fetches in 1 ms
17/02/02 00:02:10 INFO python.PythonRunner: Times: total = 40, boot = -60, init = 61, finish = 39
17/02/02 00:02:10 INFO executor.Executor: Finished task 49.0 in stage 302.0 (TID 51981). 1928 bytes result sent to driver
17/02/02 00:02:10 INFO executor.CoarseGrainedExecutorBackend: Got assigned task 52012
17/02/02 00:02:10 INFO executor.Executor: Running task 78.0 in stage 302.0 (TID 52012)
17/02/02 00:02:10 INFO executor.Executor: Finished task 57.0 in stage 302.0 (TID 51992). 1928 bytes result sent to driver
17/02/02 00:02:10 INFO storage.ShuffleBlockFetcherIterator: Getting 45 non-empty blocks out of 480 blocks
17/02/02 00:02:10 INFO storage.ShuffleBlockFetcherIterator: Started 4 remote fetches in 1 ms
17/02/02 00:02:10 INFO executor.CoarseGrainedExecutorBackend: Got assigned task 52014
17/02/02 00:02:10 INFO executor.Executor: Running task 80.0 in stage 302.0 (TID 52014)
17/02/02 00:02:10 INFO storage.ShuffleBlockFetcherIterator: Getting 45 non-empty blocks out of 480 blocks
17/02/02 00:02:10 INFO storage.ShuffleBlockFetcherIterator: Started 4 remote fetches in 1 ms
17/02/02 00:02:10 INFO python.PythonRunner: Times: total = 32, boot = -76, init = 77, finish = 31
17/02/02 00:02:10 INFO executor.Executor: Finished task 63.0 in stage 302.0 (TID 51997). 1928 bytes result sent to driver
17/02/02 00:02:10 INFO executor.CoarseGrainedExecutorBackend: Got assigned task 52017
17/02/02 00:02:10 INFO executor.Executor: Running task 82.0 in stage 302.0 (TID 52017)
17/02/02 00:02:10 INFO storage.ShuffleBlockFetcherIterator: Getting 45 non-empty blocks out of 480 blocks
17/02/02 00:02:10 INFO storage.ShuffleBlockFetcherIterator: Started 4 remote fetches in 0 ms
17/02/02 00:02:10 INFO python.PythonRunner: Times: total = 75, boot = -92, init = 94, finish = 73
17/02/02 00:02:10 INFO python.PythonRunner: Times: total = 27, boot = -57, init = 58, finish = 26
17/02/02 00:02:10 INFO executor.Executor: Finished task 67.0 in stage 302.0 (TID 52004). 1928 bytes result sent to driver
17/02/02 00:02:10 INFO executor.CoarseGrainedExecutorBackend: Got assigned task 52022
17/02/02 00:02:10 INFO executor.Executor: Running task 85.0 in stage 302.0 (TID 52022)
17/02/02 00:02:10 INFO storage.ShuffleBlockFetcherIterator: Getting 45 non-empty blocks out of 480 blocks
17/02/02 00:02:10 INFO storage.ShuffleBlockFetcherIterator: Started 4 remote fetches in 1 ms
17/02/02 00:02:10 INFO executor.Executor: Finished task 80.0 in stage 302.0 (TID 52014). 1928 bytes result sent to driver
17/02/02 00:02:10 INFO python.PythonRunner: Times: total = 48, boot = -77, init = 79, finish = 46
17/02/02 00:02:10 INFO executor.CoarseGrainedExecutorBackend: Got assigned task 52027
17/02/02 00:02:10 INFO executor.Executor: Running task 91.0 in stage 302.0 (TID 52027)
17/02/02 00:02:10 INFO storage.ShuffleBlockFetcherIterator: Getting 45 non-empty blocks out of 480 blocks
17/02/02 00:02:10 INFO storage.ShuffleBlockFetcherIterator: Started 4 remote fetches in 0 ms
17/02/02 00:02:10 INFO executor.Executor: Finished task 61.0 in stage 302.0 (TID 51995). 1928 bytes result sent to driver
17/02/02 00:02:10 INFO executor.CoarseGrainedExecutorBackend: Got assigned task 52031
17/02/02 00:02:10 INFO executor.Executor: Running task 96.0 in stage 302.0 (TID 52031)
17/02/02 00:02:10 INFO storage.ShuffleBlockFetcherIterator: Getting 45 non-empty blocks out of 480 blocks
17/02/02 00:02:10 INFO storage.ShuffleBlockFetcherIterator: Started 4 remote fetches in 0 ms
17/02/02 00:02:10 INFO executor.Executor: Finished task 78.0 in stage 302.0 (TID 52012). 1928 bytes result sent to driver
17/02/02 00:02:10 INFO executor.CoarseGrainedExecutorBackend: Got assigned task 52033
17/02/02 00:02:10 INFO executor.Executor: Running task 97.0 in stage 302.0 (TID 52033)
17/02/02 00:02:10 INFO storage.ShuffleBlockFetcherIterator: Getting 45 non-empty blocks out of 480 blocks
17/02/02 00:02:10 INFO storage.ShuffleBlockFetcherIterator: Started 4 remote fetches in 0 ms
17/02/02 00:02:10 INFO python.PythonRunner: Times: total = 79, boot = -79, init = 81, finish = 77
17/02/02 00:02:10 INFO executor.Executor: Finished task 72.0 in stage 302.0 (TID 52010). 1928 bytes result sent to driver
17/02/02 00:02:10 INFO python.PythonRunner: Times: total = 78, boot = -63, init = 64, finish = 77
17/02/02 00:02:10 INFO executor.CoarseGrainedExecutorBackend: Got assigned task 52039
17/02/02 00:02:10 INFO executor.Executor: Running task 101.0 in stage 302.0 (TID 52039)
17/02/02 00:02:10 INFO python.PythonRunner: Times: total = 27, boot = -66, init = 67, finish = 26
