17/02/02 00:25:50 INFO storage.ShuffleBlockFetcherIterator: Getting 61 non-empty blocks out of 960 blocks
17/02/02 00:25:50 INFO storage.ShuffleBlockFetcherIterator: Started 4 remote fetches in 1 ms
17/02/02 00:25:50 INFO python.PythonRunner: Times: total = 244, boot = -194, init = 195, finish = 243
17/02/02 00:25:50 INFO python.PythonRunner: Times: total = 258, boot = -171, init = 172, finish = 257
17/02/02 00:25:50 INFO python.PythonRunner: Times: total = 236, boot = -181, init = 183, finish = 234
17/02/02 00:25:50 INFO executor.Executor: Finished task 349.0 in stage 345.0 (TID 59904). 2410 bytes result sent to driver
17/02/02 00:25:50 INFO executor.CoarseGrainedExecutorBackend: Got assigned task 59922
17/02/02 00:25:50 INFO executor.Executor: Running task 366.0 in stage 345.0 (TID 59922)
17/02/02 00:25:50 INFO storage.ShuffleBlockFetcherIterator: Getting 61 non-empty blocks out of 960 blocks
17/02/02 00:25:50 INFO storage.ShuffleBlockFetcherIterator: Started 4 remote fetches in 1 ms
17/02/02 00:25:50 INFO executor.Executor: Finished task 345.0 in stage 345.0 (TID 59900). 2410 bytes result sent to driver
17/02/02 00:25:50 INFO executor.CoarseGrainedExecutorBackend: Got assigned task 59924
17/02/02 00:25:50 INFO executor.Executor: Running task 370.0 in stage 345.0 (TID 59924)
17/02/02 00:25:50 INFO storage.ShuffleBlockFetcherIterator: Getting 61 non-empty blocks out of 960 blocks
17/02/02 00:25:50 INFO storage.ShuffleBlockFetcherIterator: Started 4 remote fetches in 0 ms
17/02/02 00:25:50 INFO executor.Executor: Finished task 350.0 in stage 345.0 (TID 59905). 2410 bytes result sent to driver
17/02/02 00:25:50 INFO executor.CoarseGrainedExecutorBackend: Got assigned task 59926
17/02/02 00:25:50 INFO executor.Executor: Running task 375.0 in stage 345.0 (TID 59926)
17/02/02 00:25:50 INFO storage.ShuffleBlockFetcherIterator: Getting 61 non-empty blocks out of 960 blocks
17/02/02 00:25:50 INFO storage.ShuffleBlockFetcherIterator: Started 4 remote fetches in 0 ms
17/02/02 00:25:50 INFO executor.Executor: Finished task 353.0 in stage 345.0 (TID 59908). 2410 bytes result sent to driver
17/02/02 00:25:50 INFO executor.CoarseGrainedExecutorBackend: Got assigned task 59928
17/02/02 00:25:50 INFO executor.Executor: Running task 376.0 in stage 345.0 (TID 59928)
17/02/02 00:25:50 INFO storage.ShuffleBlockFetcherIterator: Getting 61 non-empty blocks out of 960 blocks
17/02/02 00:25:50 INFO storage.ShuffleBlockFetcherIterator: Started 4 remote fetches in 1 ms
17/02/02 00:25:50 INFO python.PythonRunner: Times: total = 212, boot = -309, init = 310, finish = 211
17/02/02 00:25:50 INFO executor.Executor: Finished task 351.0 in stage 345.0 (TID 59906). 2410 bytes result sent to driver
17/02/02 00:25:50 INFO executor.CoarseGrainedExecutorBackend: Got assigned task 59929
17/02/02 00:25:50 INFO executor.Executor: Running task 378.0 in stage 345.0 (TID 59929)
17/02/02 00:25:50 INFO storage.ShuffleBlockFetcherIterator: Getting 61 non-empty blocks out of 960 blocks
17/02/02 00:25:50 INFO storage.ShuffleBlockFetcherIterator: Started 4 remote fetches in 1 ms
17/02/02 00:25:51 INFO python.PythonRunner: Times: total = 166, boot = -288, init = 289, finish = 165
17/02/02 00:25:51 INFO python.PythonRunner: Times: total = 207, boot = -411, init = 412, finish = 206
17/02/02 00:25:51 INFO executor.Executor: Finished task 360.0 in stage 345.0 (TID 59917). 2410 bytes result sent to driver
17/02/02 00:25:51 INFO executor.CoarseGrainedExecutorBackend: Got assigned task 59935
17/02/02 00:25:51 INFO executor.Executor: Running task 381.0 in stage 345.0 (TID 59935)
17/02/02 00:25:51 INFO storage.ShuffleBlockFetcherIterator: Getting 61 non-empty blocks out of 960 blocks
17/02/02 00:25:51 INFO storage.ShuffleBlockFetcherIterator: Started 4 remote fetches in 0 ms
17/02/02 00:25:51 INFO python.PythonRunner: Times: total = 212, boot = -160, init = 162, finish = 210
17/02/02 00:25:51 INFO python.PythonRunner: Times: total = 199, boot = -200, init = 201, finish = 198
17/02/02 00:25:51 INFO python.PythonRunner: Times: total = 208, boot = -175, init = 176, finish = 207
17/02/02 00:25:51 INFO executor.Executor: Finished task 370.0 in stage 345.0 (TID 59924). 2410 bytes result sent to driver
17/02/02 00:25:51 INFO executor.CoarseGrainedExecutorBackend: Got assigned task 59940
17/02/02 00:25:51 INFO executor.Executor: Running task 386.0 in stage 345.0 (TID 59940)
17/02/02 00:25:51 INFO storage.ShuffleBlockFetcherIterator: Getting 61 non-empty blocks out of 960 blocks
17/02/02 00:25:51 INFO storage.ShuffleBlockFetcherIterator: Started 4 remote fetches in 0 ms
17/02/02 00:25:51 INFO executor.Executor: Finished task 366.0 in stage 345.0 (TID 59922). 2410 bytes result sent to driver
17/02/02 00:25:51 INFO executor.CoarseGrainedExecutorBackend: Got assigned task 59942
17/02/02 00:25:51 INFO executor.Executor: Running task 390.0 in stage 345.0 (TID 59942)
17/02/02 00:25:51 INFO storage.ShuffleBlockFetcherIterator: Getting 61 non-empty blocks out of 960 blocks
17/02/02 00:25:51 INFO storage.ShuffleBlockFetcherIterator: Started 4 remote fetches in 1 ms
17/02/02 00:25:51 INFO executor.Executor: Finished task 375.0 in stage 345.0 (TID 59926). 2410 bytes result sent to driver
17/02/02 00:25:51 INFO executor.CoarseGrainedExecutorBackend: Got assigned task 59947
17/02/02 00:25:51 INFO executor.Executor: Running task 394.0 in stage 345.0 (TID 59947)
17/02/02 00:25:51 INFO storage.ShuffleBlockFetcherIterator: Getting 61 non-empty blocks out of 960 blocks
17/02/02 00:25:51 INFO storage.ShuffleBlockFetcherIterator: Started 4 remote fetches in 1 ms
17/02/02 00:25:51 INFO executor.Executor: Finished task 376.0 in stage 345.0 (TID 59928). 2410 bytes result sent to driver
17/02/02 00:25:51 INFO executor.CoarseGrainedExecutorBackend: Got assigned task 59949
17/02/02 00:25:51 INFO executor.Executor: Running task 395.0 in stage 345.0 (TID 59949)
17/02/02 00:25:51 INFO storage.ShuffleBlockFetcherIterator: Getting 61 non-empty blocks out of 960 blocks
17/02/02 00:25:51 INFO storage.ShuffleBlockFetcherIterator: Started 4 remote fetches in 0 ms
17/02/02 00:25:51 INFO executor.Executor: Finished task 378.0 in stage 345.0 (TID 59929). 2410 bytes result sent to driver
17/02/02 00:25:51 INFO python.PythonRunner: Times: total = 207, boot = -274, init = 275, finish = 206
17/02/02 00:25:51 INFO executor.CoarseGrainedExecutorBackend: Got assigned task 59951
17/02/02 00:25:51 INFO executor.Executor: Running task 396.0 in stage 345.0 (TID 59951)
17/02/02 00:25:51 INFO storage.ShuffleBlockFetcherIterator: Getting 61 non-empty blocks out of 960 blocks
17/02/02 00:25:51 INFO storage.ShuffleBlockFetcherIterator: Started 4 remote fetches in 0 ms
17/02/02 00:25:51 INFO python.PythonRunner: Times: total = 198, boot = -230, init = 231, finish = 197
17/02/02 00:25:51 INFO python.PythonRunner: Times: total = 214, boot = -355, init = 357, finish = 212
17/02/02 00:25:51 INFO executor.Executor: Finished task 381.0 in stage 345.0 (TID 59935). 2410 bytes result sent to driver
17/02/02 00:25:51 INFO executor.CoarseGrainedExecutorBackend: Got assigned task 59956
17/02/02 00:25:51 INFO executor.Executor: Running task 400.0 in stage 345.0 (TID 59956)
17/02/02 00:25:51 INFO storage.ShuffleBlockFetcherIterator: Getting 61 non-empty blocks out of 960 blocks
17/02/02 00:25:51 INFO storage.ShuffleBlockFetcherIterator: Started 4 remote fetches in 1 ms
17/02/02 00:25:51 INFO python.PythonRunner: Times: total = 178, boot = -174, init = 175, finish = 177
17/02/02 00:25:51 INFO python.PythonRunner: Times: total = 231, boot = -199, init = 200, finish = 230
17/02/02 00:25:51 INFO executor.Executor: Finished task 390.0 in stage 345.0 (TID 59942). 2410 bytes result sent to driver
17/02/02 00:25:51 INFO executor.CoarseGrainedExecutorBackend: Got assigned task 59959
17/02/02 00:25:51 INFO executor.Executor: Running task 405.0 in stage 345.0 (TID 59959)
17/02/02 00:25:51 INFO storage.ShuffleBlockFetcherIterator: Getting 61 non-empty blocks out of 960 blocks
17/02/02 00:25:51 INFO storage.ShuffleBlockFetcherIterator: Started 4 remote fetches in 0 ms
17/02/02 00:25:51 INFO python.PythonRunner: Times: total = 243, boot = -214, init = 215, finish = 242
17/02/02 00:25:51 INFO executor.Executor: Finished task 386.0 in stage 345.0 (TID 59940). 2410 bytes result sent to driver
17/02/02 00:25:51 INFO executor.CoarseGrainedExecutorBackend: Got assigned task 59962
17/02/02 00:25:51 INFO executor.Executor: Running task 409.0 in stage 345.0 (TID 59962)
17/02/02 00:25:51 INFO storage.ShuffleBlockFetcherIterator: Getting 61 non-empty blocks out of 960 blocks
17/02/02 00:25:51 INFO storage.ShuffleBlockFetcherIterator: Started 4 remote fetches in 1 ms
17/02/02 00:25:51 INFO executor.Executor: Finished task 394.0 in stage 345.0 (TID 59947). 2410 bytes result sent to driver
17/02/02 00:25:51 INFO executor.CoarseGrainedExecutorBackend: Got assigned task 59969
17/02/02 00:25:51 INFO executor.Executor: Running task 415.0 in stage 345.0 (TID 59969)
17/02/02 00:25:51 INFO storage.ShuffleBlockFetcherIterator: Getting 61 non-empty blocks out of 960 blocks
17/02/02 00:25:51 INFO storage.ShuffleBlockFetcherIterator: Started 4 remote fetches in 0 ms
17/02/02 00:25:51 INFO executor.Executor: Finished task 396.0 in stage 345.0 (TID 59951). 2410 bytes result sent to driver
17/02/02 00:25:51 INFO python.PythonRunner: Times: total = 165, boot = -290, init = 291, finish = 164
17/02/02 00:25:51 INFO executor.CoarseGrainedExecutorBackend: Got assigned task 59970
17/02/02 00:25:51 INFO executor.Executor: Running task 416.0 in stage 345.0 (TID 59970)
17/02/02 00:25:51 INFO storage.ShuffleBlockFetcherIterator: Getting 61 non-empty blocks out of 960 blocks
17/02/02 00:25:51 INFO storage.ShuffleBlockFetcherIterator: Started 4 remote fetches in 1 ms
17/02/02 00:25:51 INFO executor.Executor: Finished task 395.0 in stage 345.0 (TID 59949). 2410 bytes result sent to driver
17/02/02 00:25:51 INFO executor.CoarseGrainedExecutorBackend: Got assigned task 59974
