17/02/02 00:27:23 INFO storage.ShuffleBlockFetcherIterator: Started 3 remote fetches in 3 ms
17/02/02 00:27:23 INFO storage.ShuffleBlockFetcherIterator: Getting 966 non-empty blocks out of 1890 blocks
17/02/02 00:27:23 INFO storage.ShuffleBlockFetcherIterator: Started 3 remote fetches in 5 ms
17/02/02 00:27:23 INFO storage.ShuffleBlockFetcherIterator: Started 3 remote fetches in 3 ms
17/02/02 00:27:23 INFO storage.ShuffleBlockFetcherIterator: Getting 943 non-empty blocks out of 1890 blocks
17/02/02 00:27:23 INFO storage.ShuffleBlockFetcherIterator: Started 3 remote fetches in 5 ms
17/02/02 00:27:23 INFO python.PythonRunner: Times: total = 127, boot = -769, init = 770, finish = 126
17/02/02 00:27:23 INFO python.PythonRunner: Times: total = 136, boot = -804, init = 805, finish = 135
17/02/02 00:27:23 INFO python.PythonRunner: Times: total = 137, boot = -624, init = 626, finish = 135
17/02/02 00:27:23 INFO python.PythonRunner: Times: total = 18, boot = -136, init = 137, finish = 17
17/02/02 00:27:23 INFO python.PythonRunner: Times: total = 24, boot = -882, init = 883, finish = 23
17/02/02 00:27:23 INFO executor.Executor: Finished task 428.0 in stage 363.0 (TID 64752). 3378 bytes result sent to driver
17/02/02 00:27:23 INFO executor.CoarseGrainedExecutorBackend: Got assigned task 64774
17/02/02 00:27:23 INFO executor.Executor: Running task 450.0 in stage 363.0 (TID 64774)
17/02/02 00:27:23 INFO executor.Executor: Finished task 427.0 in stage 363.0 (TID 64751). 3378 bytes result sent to driver
17/02/02 00:27:23 INFO executor.CoarseGrainedExecutorBackend: Got assigned task 64775
17/02/02 00:27:23 INFO executor.Executor: Running task 451.0 in stage 363.0 (TID 64775)
17/02/02 00:27:23 INFO storage.ShuffleBlockFetcherIterator: Getting 946 non-empty blocks out of 1890 blocks
17/02/02 00:27:23 INFO storage.ShuffleBlockFetcherIterator: Started 3 remote fetches in 2 ms
17/02/02 00:27:23 INFO storage.ShuffleBlockFetcherIterator: Getting 942 non-empty blocks out of 1890 blocks
17/02/02 00:27:23 INFO storage.ShuffleBlockFetcherIterator: Started 3 remote fetches in 4 ms
17/02/02 00:27:23 INFO python.PythonRunner: Times: total = 170, boot = -673, init = 674, finish = 169
17/02/02 00:27:23 INFO python.PythonRunner: Times: total = 178, boot = -657, init = 659, finish = 176
17/02/02 00:27:23 INFO python.PythonRunner: Times: total = 176, boot = -734, init = 735, finish = 175
17/02/02 00:27:23 INFO python.PythonRunner: Times: total = 55, boot = -130, init = 131, finish = 54
17/02/02 00:27:23 INFO executor.Executor: Finished task 433.0 in stage 363.0 (TID 64757). 3378 bytes result sent to driver
17/02/02 00:27:23 INFO executor.CoarseGrainedExecutorBackend: Got assigned task 64779
17/02/02 00:27:23 INFO executor.Executor: Running task 455.0 in stage 363.0 (TID 64779)
17/02/02 00:27:23 INFO storage.ShuffleBlockFetcherIterator: Getting 948 non-empty blocks out of 1890 blocks
17/02/02 00:27:23 INFO storage.ShuffleBlockFetcherIterator: Started 3 remote fetches in 2 ms
17/02/02 00:27:23 INFO python.PythonRunner: Times: total = 54, boot = -156, init = 157, finish = 53
17/02/02 00:27:23 INFO python.PythonRunner: Times: total = 48, boot = -32, init = 33, finish = 47
17/02/02 00:27:23 INFO executor.Executor: Finished task 429.0 in stage 363.0 (TID 64753). 3378 bytes result sent to driver
17/02/02 00:27:23 INFO executor.CoarseGrainedExecutorBackend: Got assigned task 64785
17/02/02 00:27:23 INFO executor.Executor: Running task 461.0 in stage 363.0 (TID 64785)
17/02/02 00:27:23 INFO python.PythonRunner: Times: total = 60, boot = -31, init = 33, finish = 58
17/02/02 00:27:23 INFO storage.ShuffleBlockFetcherIterator: Getting 947 non-empty blocks out of 1890 blocks
17/02/02 00:27:23 INFO executor.Executor: Finished task 435.0 in stage 363.0 (TID 64759). 3378 bytes result sent to driver
17/02/02 00:27:23 INFO storage.ShuffleBlockFetcherIterator: Started 3 remote fetches in 3 ms
17/02/02 00:27:23 INFO executor.CoarseGrainedExecutorBackend: Got assigned task 64786
17/02/02 00:27:23 INFO executor.Executor: Running task 462.0 in stage 363.0 (TID 64786)
17/02/02 00:27:23 INFO python.PythonRunner: Times: total = 73, boot = -156, init = 157, finish = 72
17/02/02 00:27:23 INFO storage.ShuffleBlockFetcherIterator: Getting 931 non-empty blocks out of 1890 blocks
17/02/02 00:27:23 INFO storage.ShuffleBlockFetcherIterator: Started 3 remote fetches in 2 ms
17/02/02 00:27:23 INFO executor.Executor: Finished task 434.0 in stage 363.0 (TID 64758). 3378 bytes result sent to driver
17/02/02 00:27:23 INFO executor.CoarseGrainedExecutorBackend: Got assigned task 64788
17/02/02 00:27:23 INFO executor.Executor: Running task 464.0 in stage 363.0 (TID 64788)
17/02/02 00:27:23 INFO storage.ShuffleBlockFetcherIterator: Getting 930 non-empty blocks out of 1890 blocks
17/02/02 00:27:23 INFO storage.ShuffleBlockFetcherIterator: Started 3 remote fetches in 2 ms
17/02/02 00:27:23 INFO python.PythonRunner: Times: total = 17, boot = -63, init = 64, finish = 16
17/02/02 00:27:23 INFO executor.Executor: Finished task 451.0 in stage 363.0 (TID 64775). 3378 bytes result sent to driver
17/02/02 00:27:23 INFO executor.CoarseGrainedExecutorBackend: Got assigned task 64791
17/02/02 00:27:23 INFO executor.Executor: Running task 467.0 in stage 363.0 (TID 64791)
17/02/02 00:27:23 INFO storage.ShuffleBlockFetcherIterator: Getting 926 non-empty blocks out of 1890 blocks
17/02/02 00:27:23 INFO storage.ShuffleBlockFetcherIterator: Started 3 remote fetches in 1 ms
17/02/02 00:27:23 INFO python.PythonRunner: Times: total = 72, boot = -35, init = 36, finish = 71
17/02/02 00:27:23 INFO python.PythonRunner: Times: total = 120, boot = -161, init = 161, finish = 120
17/02/02 00:27:24 INFO python.PythonRunner: Times: total = 48, boot = -61, init = 62, finish = 47
17/02/02 00:27:24 INFO python.PythonRunner: Times: total = 78, boot = -73, init = 74, finish = 77
17/02/02 00:27:24 INFO python.PythonRunner: Times: total = 10, boot = -66, init = 67, finish = 9
17/02/02 00:27:24 INFO executor.Executor: Finished task 455.0 in stage 363.0 (TID 64779). 3378 bytes result sent to driver
17/02/02 00:27:24 INFO executor.CoarseGrainedExecutorBackend: Got assigned task 64795
17/02/02 00:27:24 INFO executor.Executor: Running task 471.0 in stage 363.0 (TID 64795)
17/02/02 00:27:24 INFO executor.Executor: Finished task 461.0 in stage 363.0 (TID 64785). 3378 bytes result sent to driver
17/02/02 00:27:24 INFO storage.ShuffleBlockFetcherIterator: Getting 931 non-empty blocks out of 1890 blocks
17/02/02 00:27:24 INFO executor.CoarseGrainedExecutorBackend: Got assigned task 64796
17/02/02 00:27:24 INFO executor.Executor: Running task 472.0 in stage 363.0 (TID 64796)
17/02/02 00:27:24 INFO storage.ShuffleBlockFetcherIterator: Started 3 remote fetches in 5 ms
17/02/02 00:27:24 INFO python.PythonRunner: Times: total = 61, boot = -25, init = 26, finish = 60
17/02/02 00:27:24 INFO storage.ShuffleBlockFetcherIterator: Getting 942 non-empty blocks out of 1890 blocks
17/02/02 00:27:24 INFO storage.ShuffleBlockFetcherIterator: Started 3 remote fetches in 3 ms
17/02/02 00:27:24 INFO executor.Executor: Finished task 450.0 in stage 363.0 (TID 64774). 3378 bytes result sent to driver
17/02/02 00:27:24 INFO executor.CoarseGrainedExecutorBackend: Got assigned task 64798
17/02/02 00:27:24 INFO executor.Executor: Running task 474.0 in stage 363.0 (TID 64798)
17/02/02 00:27:24 INFO storage.ShuffleBlockFetcherIterator: Getting 938 non-empty blocks out of 1890 blocks
17/02/02 00:27:24 INFO python.PythonRunner: Times: total = 110, boot = -43, init = 44, finish = 109
17/02/02 00:27:24 INFO storage.ShuffleBlockFetcherIterator: Started 3 remote fetches in 3 ms
17/02/02 00:27:24 INFO python.PythonRunner: Times: total = 52, boot = -74, init = 75, finish = 51
17/02/02 00:27:24 INFO python.PythonRunner: Times: total = 156, boot = -52, init = 53, finish = 155
17/02/02 00:27:24 INFO executor.Executor: Finished task 462.0 in stage 363.0 (TID 64786). 3378 bytes result sent to driver
17/02/02 00:27:24 INFO python.PythonRunner: Times: total = 68, boot = -84, init = 85, finish = 67
17/02/02 00:27:24 INFO executor.CoarseGrainedExecutorBackend: Got assigned task 64812
17/02/02 00:27:24 INFO executor.Executor: Running task 488.0 in stage 363.0 (TID 64812)
17/02/02 00:27:24 INFO python.PythonRunner: Times: total = 146, boot = -58, init = 58, finish = 146
17/02/02 00:27:24 INFO storage.ShuffleBlockFetcherIterator: Getting 950 non-empty blocks out of 1890 blocks
17/02/02 00:27:24 INFO storage.ShuffleBlockFetcherIterator: Started 3 remote fetches in 3 ms
17/02/02 00:27:24 INFO python.PythonRunner: Times: total = 17, boot = -70, init = 71, finish = 16
17/02/02 00:27:24 INFO executor.Executor: Finished task 471.0 in stage 363.0 (TID 64795). 3378 bytes result sent to driver
17/02/02 00:27:24 INFO executor.CoarseGrainedExecutorBackend: Got assigned task 64818
17/02/02 00:27:24 INFO executor.Executor: Running task 494.0 in stage 363.0 (TID 64818)
17/02/02 00:27:24 INFO storage.ShuffleBlockFetcherIterator: Getting 947 non-empty blocks out of 1890 blocks
17/02/02 00:27:24 INFO storage.ShuffleBlockFetcherIterator: Started 3 remote fetches in 2 ms
17/02/02 00:27:24 INFO python.PythonRunner: Times: total = 49, boot = -103, init = 104, finish = 48
17/02/02 00:27:24 INFO python.PythonRunner: Times: total = 114, boot = -76, init = 77, finish = 113
17/02/02 00:27:24 INFO python.PythonRunner: Times: total = 53, boot = -70, init = 72, finish = 51
17/02/02 00:27:24 INFO executor.Executor: Finished task 464.0 in stage 363.0 (TID 64788). 3378 bytes result sent to driver
17/02/02 00:27:24 INFO python.PythonRunner: Times: total = 108, boot = -65, init = 66, finish = 107
17/02/02 00:27:24 INFO executor.CoarseGrainedExecutorBackend: Got assigned task 64820
17/02/02 00:27:24 INFO executor.Executor: Running task 496.0 in stage 363.0 (TID 64820)
17/02/02 00:27:24 INFO executor.Executor: Finished task 467.0 in stage 363.0 (TID 64791). 3378 bytes result sent to driver
