17/02/02 00:26:29 INFO storage.ShuffleBlockFetcherIterator: Getting 954 non-empty blocks out of 960 blocks
17/02/02 00:26:29 INFO storage.ShuffleBlockFetcherIterator: Started 6 remote fetches in 2 ms
17/02/02 00:26:29 INFO python.PythonRunner: Times: total = 374, boot = -331, init = 333, finish = 372
17/02/02 00:26:29 INFO python.PythonRunner: Times: total = 364, boot = -351, init = 353, finish = 362
17/02/02 00:26:29 INFO executor.Executor: Finished task 1214.0 in stage 346.0 (TID 61728). 3348 bytes result sent to driver
17/02/02 00:26:29 INFO executor.CoarseGrainedExecutorBackend: Got assigned task 61745
17/02/02 00:26:29 INFO executor.Executor: Running task 1231.0 in stage 346.0 (TID 61745)
17/02/02 00:26:29 INFO storage.ShuffleBlockFetcherIterator: Getting 956 non-empty blocks out of 960 blocks
17/02/02 00:26:29 INFO storage.ShuffleBlockFetcherIterator: Started 6 remote fetches in 2 ms
17/02/02 00:26:29 INFO python.PythonRunner: Times: total = 301, boot = -323, init = 325, finish = 299
17/02/02 00:26:29 INFO python.PythonRunner: Times: total = 326, boot = -235, init = 237, finish = 324
17/02/02 00:26:29 INFO executor.Executor: Finished task 1215.0 in stage 346.0 (TID 61729). 3348 bytes result sent to driver
17/02/02 00:26:29 INFO executor.CoarseGrainedExecutorBackend: Got assigned task 61754
17/02/02 00:26:29 INFO executor.Executor: Running task 1240.0 in stage 346.0 (TID 61754)
17/02/02 00:26:29 INFO storage.ShuffleBlockFetcherIterator: Getting 958 non-empty blocks out of 960 blocks
17/02/02 00:26:29 INFO storage.ShuffleBlockFetcherIterator: Started 6 remote fetches in 6 ms
17/02/02 00:26:29 INFO executor.Executor: Finished task 1218.0 in stage 346.0 (TID 61732). 3348 bytes result sent to driver
17/02/02 00:26:29 INFO executor.CoarseGrainedExecutorBackend: Got assigned task 61755
17/02/02 00:26:29 INFO executor.Executor: Running task 1241.0 in stage 346.0 (TID 61755)
17/02/02 00:26:29 INFO storage.ShuffleBlockFetcherIterator: Getting 960 non-empty blocks out of 960 blocks
17/02/02 00:26:29 INFO storage.ShuffleBlockFetcherIterator: Started 6 remote fetches in 3 ms
17/02/02 00:26:29 INFO python.PythonRunner: Times: total = 439, boot = -322, init = 323, finish = 438
17/02/02 00:26:30 INFO executor.Executor: Finished task 1220.0 in stage 346.0 (TID 61734). 3348 bytes result sent to driver
17/02/02 00:26:30 INFO executor.CoarseGrainedExecutorBackend: Got assigned task 61758
17/02/02 00:26:30 INFO executor.Executor: Running task 1244.0 in stage 346.0 (TID 61758)
17/02/02 00:26:30 INFO storage.ShuffleBlockFetcherIterator: Getting 957 non-empty blocks out of 960 blocks
17/02/02 00:26:30 INFO storage.ShuffleBlockFetcherIterator: Started 6 remote fetches in 4 ms
17/02/02 00:26:30 INFO executor.Executor: Finished task 1222.0 in stage 346.0 (TID 61736). 3348 bytes result sent to driver
17/02/02 00:26:30 INFO python.PythonRunner: Times: total = 406, boot = -324, init = 325, finish = 405
17/02/02 00:26:30 INFO executor.CoarseGrainedExecutorBackend: Got assigned task 61761
17/02/02 00:26:30 INFO executor.Executor: Running task 1247.0 in stage 346.0 (TID 61761)
17/02/02 00:26:30 INFO storage.ShuffleBlockFetcherIterator: Getting 956 non-empty blocks out of 960 blocks
17/02/02 00:26:30 INFO storage.ShuffleBlockFetcherIterator: Started 6 remote fetches in 3 ms
17/02/02 00:26:30 INFO python.PythonRunner: Times: total = 284, boot = -422, init = 423, finish = 283
17/02/02 00:26:30 INFO python.PythonRunner: Times: total = 541, boot = -289, init = 291, finish = 539
17/02/02 00:26:30 INFO python.PythonRunner: Times: total = 215, boot = -543, init = 544, finish = 214
17/02/02 00:26:30 INFO python.PythonRunner: Times: total = 264, boot = -507, init = 508, finish = 263
17/02/02 00:26:30 INFO python.PythonRunner: Times: total = 383, boot = -495, init = 496, finish = 382
17/02/02 00:26:30 INFO python.PythonRunner: Times: total = 445, boot = -471, init = 472, finish = 444
17/02/02 00:26:30 INFO executor.Executor: Finished task 1228.0 in stage 346.0 (TID 61742). 3348 bytes result sent to driver
17/02/02 00:26:30 INFO executor.CoarseGrainedExecutorBackend: Got assigned task 61766
17/02/02 00:26:30 INFO executor.Executor: Running task 1252.0 in stage 346.0 (TID 61766)
17/02/02 00:26:30 INFO storage.ShuffleBlockFetcherIterator: Getting 957 non-empty blocks out of 960 blocks
17/02/02 00:26:30 INFO storage.ShuffleBlockFetcherIterator: Started 6 remote fetches in 2 ms
17/02/02 00:26:30 INFO python.PythonRunner: Times: total = 300, boot = -453, init = 455, finish = 298
17/02/02 00:26:30 INFO python.PythonRunner: Times: total = 358, boot = -452, init = 454, finish = 356
17/02/02 00:26:30 INFO executor.Executor: Finished task 1231.0 in stage 346.0 (TID 61745). 3348 bytes result sent to driver
17/02/02 00:26:30 INFO executor.CoarseGrainedExecutorBackend: Got assigned task 61769
17/02/02 00:26:30 INFO executor.Executor: Running task 1255.0 in stage 346.0 (TID 61769)
17/02/02 00:26:30 INFO storage.ShuffleBlockFetcherIterator: Getting 959 non-empty blocks out of 960 blocks
17/02/02 00:26:30 INFO storage.ShuffleBlockFetcherIterator: Started 6 remote fetches in 2 ms
17/02/02 00:26:30 INFO python.PythonRunner: Times: total = 338, boot = -473, init = 475, finish = 336
17/02/02 00:26:30 INFO python.PythonRunner: Times: total = 345, boot = -429, init = 431, finish = 343
17/02/02 00:26:30 INFO executor.Executor: Finished task 1241.0 in stage 346.0 (TID 61755). 3348 bytes result sent to driver
17/02/02 00:26:30 INFO executor.CoarseGrainedExecutorBackend: Got assigned task 61770
17/02/02 00:26:30 INFO executor.Executor: Running task 1256.0 in stage 346.0 (TID 61770)
17/02/02 00:26:30 INFO storage.ShuffleBlockFetcherIterator: Getting 958 non-empty blocks out of 960 blocks
17/02/02 00:26:30 INFO storage.ShuffleBlockFetcherIterator: Started 6 remote fetches in 2 ms
17/02/02 00:26:30 INFO executor.Executor: Finished task 1244.0 in stage 346.0 (TID 61758). 3348 bytes result sent to driver
17/02/02 00:26:30 INFO executor.CoarseGrainedExecutorBackend: Got assigned task 61774
17/02/02 00:26:30 INFO executor.Executor: Running task 1260.0 in stage 346.0 (TID 61774)
17/02/02 00:26:30 INFO storage.ShuffleBlockFetcherIterator: Getting 958 non-empty blocks out of 960 blocks
17/02/02 00:26:30 INFO storage.ShuffleBlockFetcherIterator: Started 6 remote fetches in 1 ms
17/02/02 00:26:30 INFO executor.Executor: Finished task 1240.0 in stage 346.0 (TID 61754). 3348 bytes result sent to driver
17/02/02 00:26:30 INFO executor.CoarseGrainedExecutorBackend: Got assigned task 61775
17/02/02 00:26:30 INFO executor.Executor: Running task 1261.0 in stage 346.0 (TID 61775)
17/02/02 00:26:30 INFO storage.ShuffleBlockFetcherIterator: Getting 958 non-empty blocks out of 960 blocks
17/02/02 00:26:30 INFO storage.ShuffleBlockFetcherIterator: Started 6 remote fetches in 1 ms
17/02/02 00:26:30 INFO executor.Executor: Finished task 1247.0 in stage 346.0 (TID 61761). 3348 bytes result sent to driver
17/02/02 00:26:30 INFO executor.CoarseGrainedExecutorBackend: Got assigned task 61777
17/02/02 00:26:30 INFO executor.Executor: Running task 1263.0 in stage 346.0 (TID 61777)
17/02/02 00:26:30 INFO storage.ShuffleBlockFetcherIterator: Getting 957 non-empty blocks out of 960 blocks
17/02/02 00:26:30 INFO storage.ShuffleBlockFetcherIterator: Started 6 remote fetches in 2 ms
17/02/02 00:26:30 INFO python.PythonRunner: Times: total = 337, boot = -369, init = 370, finish = 336
17/02/02 00:26:30 INFO python.PythonRunner: Times: total = 343, boot = -398, init = 399, finish = 342
17/02/02 00:26:30 INFO python.PythonRunner: Times: total = 228, boot = -324, init = 325, finish = 227
17/02/02 00:26:30 INFO python.PythonRunner: Times: total = 259, boot = -322, init = 323, finish = 258
17/02/02 00:26:30 INFO python.PythonRunner: Times: total = 407, boot = -269, init = 271, finish = 405
17/02/02 00:26:30 INFO python.PythonRunner: Times: total = 407, boot = -272, init = 273, finish = 406
17/02/02 00:26:30 INFO python.PythonRunner: Times: total = 270, boot = -287, init = 288, finish = 269
17/02/02 00:26:31 INFO python.PythonRunner: Times: total = 370, boot = -325, init = 327, finish = 368
17/02/02 00:26:31 INFO python.PythonRunner: Times: total = 290, boot = -250, init = 252, finish = 288
17/02/02 00:26:31 INFO executor.Executor: Finished task 1252.0 in stage 346.0 (TID 61766). 3348 bytes result sent to driver
17/02/02 00:26:31 INFO executor.CoarseGrainedExecutorBackend: Got assigned task 61788
17/02/02 00:26:31 INFO executor.Executor: Running task 1274.0 in stage 346.0 (TID 61788)
17/02/02 00:26:31 INFO storage.ShuffleBlockFetcherIterator: Getting 959 non-empty blocks out of 960 blocks
17/02/02 00:26:31 INFO storage.ShuffleBlockFetcherIterator: Started 6 remote fetches in 2 ms
17/02/02 00:26:31 INFO python.PythonRunner: Times: total = 437, boot = -303, init = 305, finish = 435
17/02/02 00:26:31 INFO python.PythonRunner: Times: total = 363, boot = -264, init = 266, finish = 361
17/02/02 00:26:31 INFO executor.Executor: Finished task 1255.0 in stage 346.0 (TID 61769). 3348 bytes result sent to driver
17/02/02 00:26:31 INFO executor.CoarseGrainedExecutorBackend: Got assigned task 61790
17/02/02 00:26:31 INFO executor.Executor: Running task 1276.0 in stage 346.0 (TID 61790)
17/02/02 00:26:31 INFO storage.ShuffleBlockFetcherIterator: Getting 959 non-empty blocks out of 960 blocks
17/02/02 00:26:31 INFO storage.ShuffleBlockFetcherIterator: Started 6 remote fetches in 2 ms
17/02/02 00:26:31 INFO python.PythonRunner: Times: total = 317, boot = -306, init = 308, finish = 315
17/02/02 00:26:31 INFO executor.Executor: Finished task 1260.0 in stage 346.0 (TID 61774). 3348 bytes result sent to driver
17/02/02 00:26:31 INFO executor.CoarseGrainedExecutorBackend: Got assigned task 61792
17/02/02 00:26:31 INFO executor.Executor: Running task 1278.0 in stage 346.0 (TID 61792)
17/02/02 00:26:31 INFO storage.ShuffleBlockFetcherIterator: Getting 958 non-empty blocks out of 960 blocks
17/02/02 00:26:31 INFO storage.ShuffleBlockFetcherIterator: Started 6 remote fetches in 2 ms
