12-17 19:31:45.824  3608  3608 D InCall  : StatusBarNotifier - isDreaming = false
12-17 19:31:45.824  3608  3608 D InCall  : StatusBarNotifier - Notifying IN_CALL_NOTIFICATION: Notification(pri=2 contentView=null vibrate=null sound=null defaults=0x0 flags=0x2 color=0x00000000 actions=3 vis=PRIVATE publicVersion=Notification(pri=0 contentView=null vibrate=null sound=null defaults=0x0 flags=0x0 color=0xff33b5e5 vis=PRIVATE))
12-17 19:31:45.830  1795  6986 I NotificationManager: enqueueNotificationInternal: pkg=com.android.incallui id=2 notification=Notification(pri=2 contentView=null vibrate=null sound=null defaults=0x0 flags=0x2 color=0x00000000 actions=3 vis=PRIVATE publicVersion=Notification(pri=0 contentView=null vibrate=null sound=null defaults=0x0 flags=0x0 color=0xff33b5e5 vis=PRIVATE))
12-17 19:31:45.831  1795  1825 D HwAmbientLuxFilterAlgo: clear buffer data and algo flags
12-17 19:31:45.831  1795  1825 D lux trace:: [10.0/123018823]
12-17 19:31:45.831  1795  1825 D Sensors : activate called handle:3 enable:0
12-17 19:31:45.831  1795  1825 D Sensors : bh1745-light calling driver disable
12-17 19:31:45.831  1795  1825 W LightSensor: LightSensor, enable, 283: en=0
12-17 19:31:45.831  1795  1825 W LightSensor: LightSensor, enable, 284: flags=0
12-17 19:31:45.831  1795  1825 W LightSensor: LightSensor, enable, 285: mEnabled=1
12-17 19:31:45.831  1795  1825 E LightSensor: LightSensor disable, event occur num: 2
12-17 19:31:45.831  1795  1795 I NotificationManager: enqueueNotificationInternal: n.getKey = 0|com.android.incallui|2|null|1001
12-17 19:31:45.832  3608  3608 I InCall  : ProximitySensor - ProximitySensor{keybrd=0, dpad=0, offhook=1, hor=0, ui=1, aud=EARPIECE}
12-17 19:31:45.832  1795  1795 V NotificationService: disableEffects=null canInterrupt=false once update: false
12-17 19:31:45.832  3608  3608 D InCall  : ProximitySensor - Turning on proximity sensor
12-17 19:31:45.832  3608  3608 I InCall  : ProximitySensor - Proximity wake lock already acquired
12-17 19:31:45.832  3608  3608 D InCall  : AnswerPresenter - onUiShowingfalse
12-17 19:31:45.832  3608  3608 D InCall  : GlowPadAnswerFragment - Show answer UI: false
12-17 19:31:45.833  3608  3608 D InCall  : GlowPadWrapper - stopPing
12-17 19:31:45.833  3608  3608 I InCall  : GlowPadAnswerFragment - showVideoAnswerButtonfalsefalse
12-17 19:31:45.833  1795  3121 I ActivityManager_activity: Moving to PAUSED: ActivityRecord{b46dc67 u0 com.android.incallui/.InCallActivity t310} (pause complete)
12-17 19:31:45.835  1795  1825 D AutomaticBrightnessController: Disable LightSensor at time:123019006
12-17 19:31:45.835  1795  1825 D DisplayPowerController: mode change : autoBrightnessEnabled=false,adjustment=0.0,state=1
12-17 19:31:45.835  1795  1825 D DisplayPowerController: Animating brightness: target=0, rate=0
12-17 19:31:45.838  1795  2750 I PowerManager_screenOn: DisplayPowerState Updating screen state: state=OFF, backlight=0
12-17 19:31:45.838  1795  1825 I PowerManager_screenOn: DisplayPowerController updatePowerState mPendingRequestLocked=policy=OFF, useProximitySensor=true, useProximitySensorbyPhone=true, screenBrightness=33, screenAutoBrightnessAdjustment=0.0, brightnessSetByUser=true, useAutoBrightness=true, blockScreenOn=false, lowPowerMode=false, boostScreenBrightness=false, dozeScreenBrightness=-1, dozeScreenState=UNKNOWN, useTwilight=false, useSmartBacklight=true, brightnessWaitMode=false, brightnessWaitRet=true, screenAutoBrightness=-1, userId=0
12-17 19:31:45.839  1795  1825 D DisplayPowerController: Animating brightness: target=0, rate=0
12-17 19:31:45.839  1795  1821 I DisplayManagerService: Display device changed state: "内置屏幕", OFF
12-17 19:31:45.840  1795  1795 D DeviceIdleController: updateDisplayLocked: screenOn=false
12-17 19:31:45.840  1795  1795 D DeviceIdleController: becomeInactiveIfAppropriateLocked()
12-17 19:31:45.840  1795  1795 D DeviceIdleController: Moved from STATE_ACTIVE to STATE_INACTIVE
12-17 19:31:45.840  1795  1795 D DeviceIdleController: stopMonitoringMotionLocked()
12-17 19:31:45.840  1795  1795 D DeviceIdleController: scheduleAlarmLocked(1800000, false)
12-17 19:31:45.840   832  1841 E Parcel  : Reading a NULL string not supported here.
12-17 19:31:45.840   832  1841 E Parcel  : Reading a NULL string not supported here.
12-17 19:31:45.840  1795  1795 I AlarmManager: set(null) : type=2 triggerAtTime=444642203 win=1350000 tElapsed=444642203 maxElapsed=445992203 interval=0 flags=0x8
12-17 19:31:45.840  1795  1795 D DeviceIdleController: Moved from LIGHT_STATE_ACTIVE to LIGHT_STATE_INACTIVE
12-17 19:31:45.840  1795  1795 D DeviceIdleController: scheduleLightAlarmLocked(300000)
12-17 19:31:45.840  1795  1795 I AlarmManager: set(null) : type=2 triggerAtTime=443142204 win=225000 tElapsed=443142204 maxElapsed=443367204 interval=0 flags=0x8
12-17 19:31:45.841   612   612 D SurfaceFlinger: Set power mode=0, type=0 flinger=0x7f9a25b400
12-17 19:31:45.841   612   612 I SDM     : HWCDisplay::SetPowerMode: display = 0, mode = 0
12-17 19:31:45.841   612   612 I SDM     : DisplayBase::SetDisplayState: Set state = 0, display 0
12-17 19:31:45.842  2852  2852 I StatusBar: onNotificationPosted: StatusBarNotification(pkg=com.android.incallui user=UserHandle{0} id=2 tag=null key=0|com.android.incallui|2|null|1001: Notification(pri=2 contentView=null vibrate=null sound=null defaults=0x0 flags=0x2 color=0x00000000 actions=3 vis=PRIVATE publicVersion=Notification(pri=0 contentView=null vibrate=null sound=null defaults=0x0 flags=0x0 color=0xff33b5e5 vis=PRIVATE))) important=2, post=1481974305830, when=1481974245374, vis=0, userid=0
12-17 19:31:45.844  2852  2852 D DateTimeView: Change to single clock mode!
12-17 19:31:45.844  3608  3608 I InCall  : VideoCallFragment - onStop:
12-17 19:31:45.844  3608  3608 D InCall  : InCallActivity - onStop()...
12-17 19:31:45.844  3608  3608 D InCall  : InCallPresenter - onActivityStopped
12-17 19:31:45.844  3608  3608 D InCall  : InCallPresenter - notifyVideoPauseController
12-17 19:31:45.844  3608  3608 D InCall  : VideoPauseController: - VideoPauseController:onPause
12-17 19:31:45.844  3608  3608 D InCall  : VideoPauseController: - VideoPauseController:onPause, Ignoring...
12-17 19:31:45.844  3608  3608 I InCall  : InCallPresenter - updateStatusBar: state = 0x0
12-17 19:31:45.845  1795  1821 I WindowManger_keyguard: Setting mDismissKeyguard true by win Window{e6a6b5e u0 com.android.incallui/com.android.incallui.InCallActivity}
12-17 19:31:45.845  1795 15988 D PowerManagerService: ready=false,policy=0,wakefulness=0,wksummary=0x11,uasummary=0x0,bootcompleted=true,boostinprogress=false,waitmodeenable=false,mode=true,manual=33,auto=-1,adj=0.0userId=0
12-17 19:31:45.846  1795 15987 D StatusBarManagerService: manageDisableList userId=0 what=0x0 pkg=com.android.incallui
12-17 19:31:45.846  3608  3608 D InCall  : InCallActivity -  bgCallTwinkingSwitch is true inQuickExiting is false mIsForegroundActivity is false
12-17 19:31:45.848  1795  3884 D PowerManagerService: ready=false,policy=0,wakefulness=0,wksummary=0x11,uasummary=0x0,bootcompleted=true,boostinprogress=false,waitmodeenable=false,mode=true,manual=33,auto=-1,adj=0.0userId=0
12-17 19:31:45.848  2852  2852 D DateTimeView: Change to single clock mode!
12-17 19:31:45.849  3608  3608 I CallUtils: show_incallscreen  0
12-17 19:31:45.850  1795 11745 D PowerManagerService: ready=false,policy=0,wakefulness=0,wksummary=0x11,uasummary=0x0,bootcompleted=true,boostinprogress=false,waitmodeenable=false,mode=true,manual=33,auto=-1,adj=0.0userId=0
12-17 19:31:45.850  1795  3249 D PowerManagerService: release:lock=228612087, flg=0x0, tag="ActivityManager-Sleep", name=android", ws=null, uid=1000, pid=1795
12-17 19:31:45.851  1795  3249 D PowerManagerService: ready=false,policy=0,wakefulness=0,wksummary=0x11,uasummary=0x0,bootcompleted=true,boostinprogress=false,waitmodeenable=false,mode=true,manual=33,auto=-1,adj=0.0userId=0
12-17 19:31:45.852  3608  3608 I InCall  : CallList - hasAnyLiveCall call = [Call_10, ACTIVE, [Capabilities: CAPABILITY_HOLD CAPABILITY_SUPPORT_HOLD CAPABILITY_MUTE CAPABILITY_CANNOT_DOWNGRADE_VIDEO_TO_AUDIO], children:[], parent:null, conferenceable:[], videoState:Audio Only, mSessionModificationState:0, VideoSettings:(CameraDir:-1)]
12-17 19:31:45.852  3608  3608 I InCall  : ProximitySensor - isDisplayOn: false
12-17 19:31:45.853  1795 20747 D PowerManagerService: ready=false,policy=0,wakefulness=0,wksummary=0x10,uasummary=0x0,bootcompleted=true,boostinprogress=false,waitmodeenable=false,mode=true,manual=33,auto=-1,adj=0.0userId=0
12-17 19:31:45.853  1795 20747 D PowerManagerService: Releasing suspend blocker "PowerManagerService.WakeLocks".
12-17 19:31:45.853  1795  1805 I qti_sensors_hal: batch,376,handle 0, timeout:0 ,period_ns:66667000
12-17 19:31:45.853  1795  1805 I qti_sensors_hal: batch:sensor(android.sensor.accelerometer) handle:0 flags:0x0 period_ns 66667000
12-17 19:31:45.856  2852  2852 I PhoneStatusBar: addNotification key=0|com.android.incallui|2|null|1001
12-17 19:31:45.858  2852  2852 D HwCust  : Create obj success use class android.app.HwCustNotificationImpl
12-17 19:31:45.858  2852  2852 I StatusBarIconView: updateTint: tint=0
12-17 19:31:45.858  2852  2852 I BadgedIconHelper: isCloneProcess = false
12-17 19:31:45.858  2852  2852 I StatusBarIconView: updateTint: tint=0
12-17 19:31:45.859  2852  2852 I BadgedIconHelper: isCloneProcess = false
12-17 19:31:45.859  2852  2852 D HwCust  : Create obj success use class android.app.HwCustNotificationImpl
12-17 19:31:45.861  2852  2852 I BadgedIconHelper: isCloneProcess = false
12-17 19:31:45.861  2852  2852 D HwCust  : Create obj success use class android.app.HwCustNotificationImpl
12-17 19:31:45.864  1795  1805 I qti_sensors_hal: read from oem info: data_readback
12-17 19:31:45.864  1795  1805 I qti_sensors_hal: 0xcd, 0xb0, 0x24, 0x3e
12-17 19:31:45.864  1795  1805 I qti_sensors_hal: 0x66, 0xca, 0x3c, 0x3e
12-17 19:31:45.864  1795  1805 I qti_sensors_hal: 0xc0, 0x2a, 0x7c, 0x3f
12-17 19:31:45.864  1795  1805 I qti_sensors_hal: 0x55, 0x0, 0x0, 0x0
12-17 19:31:45.864  1795  1805 I qti_sensors_hal: 0x0, 0x0, 0x0, 0x0
12-17 19:31:45.864  1795  1805 E qti_sensors_hal: read from oem info: data_valid_flag=0x55
12-17 19:31:45.864  1795  1805 E qti_sensors_hal: read from oem info: x_offset=0.160831, y_offset=0.184366, z_offset=0.985027
12-17 19:31:45.864  1795  1805 E qti_sensors_hal: Final value: x_offset=0.160831, y_offset=0.184366, z_offset=0.985027
12-17 19:31:45.864  1795  1805 I qti_sensors_hal: batch:load_acc_oeminf_data x_offset:0.160831 y_offset:0.184366 z_offset:0.985027
12-17 19:31:45.864  1795  1805 I qti_sensors_hal: batch:sensor(android.sensor.accelerometer) sample_rate=14.999925Hz report_rate_f=0.000000Hz curr sample rate:14.999925 cur rpt rate:0 max:400.000000 min:1.000000
12-17 19:31:45.864  1795  1805 I qti_sensors_hal: batch: current sample rate, report rate & buffering are equal to requested (14.999925,0.000000,0)
12-17 19:31:45.864  2852  2852 D HwCust  : Create obj success use class android.app.HwCustNotificationImpl
12-17 19:31:45.865  2852  2852 I StatusBarIconView: updateTint: tint=1
12-17 19:31:45.866  2852  2852 D HwCust  : Create obj success use class com.android.systemui.statusbar.HwCustExpandableNotificationRowImpl
12-17 19:31:45.874  2852  2852 W HwPhoneLayoutInflater: onCreateView : ClassNotFoundException, In this case we want to let the base class take a crack at it
12-17 19:31:45.875  2852  2852 W HwPhoneLayoutInflater: onCreateView : ClassNotFoundException, In this case we want to let the base class take a crack at it
12-17 19:31:45.882  2852  2852 W HwPhoneLayoutInflater: onCreateView : ClassNotFoundException, In this case we want to let the base class take a crack at it
12-17 19:31:45.883  2852  2852 W HwPhoneLayoutInflater: onCreateView : ClassNotFoundException, In this case we want to let the base class take a crack at it
12-17 19:31:45.888  1795  2332 I qti_sensors_hal: [ACC]processReportInd: X: 7.150434 Y: 6.312125 Z: 2.389115  x_offset:0.160831 y_offset:0.184366 z_offset:0.985027
12-17 19:31:45.892  2852  2852 W HwPhoneLayoutInflater: onCreateView : ClassNotFoundException, In this case we want to let the base class take a crack at it
12-17 19:31:45.892  2852  2852 W HwPhoneLayoutInflater: onCreateView : ClassNotFoundException, In this case we want to let the base class take a crack at it
12-17 19:31:45.896  2852  2852 W HwPhoneLayoutInflater: onCreateView : ClassNotFoundException, In this case we want to let the base class take a crack at it
12-17 19:31:45.897  2852  2852 W HwPhoneLayoutInflater: onCreateView : ClassNotFoundException, In this case we want to let the base class take a crack at it
