12-17 19:32:23.781  5215  5215 D wpa_supplicant: 80:38:bc:0b:2b:e0 freq=2432 qual=0 noise=-89~ level=-54 snr=35* flags=0xb age=20 est=65000
12-17 19:32:23.781  5215  5215 D wpa_supplicant: IEs - hexdump(len=193): 00 0e 77 6c 61 6e 61 63 63 65 73 73 76 32 2e 30 01 08 82 84 0b 16 0c 12 18 24 03 01 05 05 04 00 ...
12-17 19:32:23.781  5215  5215 D wpa_supplicant: Beacon IEs - hexdump(len=193): 00 0e 77 6c 61 6e 61 63 63 65 73 73 76 32 2e 30 01 08 82 84 0b 16 0c 12 18 24 03 01 05 05 04 00 ...
12-17 19:32:23.781  5215  5215 D wpa_supplicant: 80:38:bc:08:42:e0 freq=2472 qual=0 noise=-89~ level=-54 snr=35* flags=0xb age=20 est=65000
12-17 19:32:23.781  5215  5215 D wpa_supplicant: IEs - hexdump(len=193): 00 0e 77 6c 61 6e 61 63 63 65 73 73 76 32 2e 30 01 08 82 84 0b 16 0c 12 18 24 03 01 0d 05 04 00 ...
12-17 19:32:23.781  5215  5215 D wpa_supplicant: Beacon IEs - hexdump(len=193): 00 0e 77 6c 61 6e 61 63 63 65 73 73 76 32 2e 30 01 08 82 84 0b 16 0c 12 18 24 03 01 0d 05 04 00 ...
12-17 19:32:23.781  5215  5215 D wpa_supplicant: 80:38:bc:0b:2b:e1 freq=2432 qual=0 noise=-89~ level=-55 snr=34* flags=0xb age=20 est=65000
12-17 19:32:23.781  5215  5215 D wpa_supplicant: IEs - hexdump(len=194): 00 0f 48 75 61 77 65 69 2d 45 6d 70 6c 6f 79 65 65 01 08 82 84 0b 16 0c 12 18 24 03 01 05 05 04 ...
12-17 19:32:23.781  5215  5215 D wpa_supplicant: Beacon IEs - hexdump(len=194): 00 0f 48 75 61 77 65 69 2d 45 6d 70 6c 6f 79 65 65 01 08 82 84 0b 16 0c 12 18 24 03 01 05 05 04 ...
12-17 19:32:23.782  5215  5215 D wpa_supplicant: 00:26:f2:1b:9d:b2 freq=2437 qual=0 noise=-89~ level=-62 snr=27 flags=0xb age=20 est=54000
12-17 19:32:23.782  5215  5215 D wpa_supplicant: IEs - hexdump(len=109): 00 06 4e 54 50 43 30 32 01 08 82 84 8b 96 24 30 48 6c 03 01 06 2a 01 04 2f 01 04 32 04 0c 12 18 ...
12-17 19:32:23.782  5215  5215 D wpa_supplicant: Beacon IEs - hexdump(len=115): 00 06 4e 54 50 43 30 32 01 08 82 84 8b 96 24 30 48 6c 03 01 06 05 04 00 03 00 00 2a 01 04 2f 01 ...
12-17 19:32:23.782  5215  5215 D wpa_supplicant: 80:38:bc:0a:f1:40 freq=2412 qual=0 noise=-89~ level=-71 snr=18 flags=0xb age=20 est=48000
12-17 19:32:23.782  5215  5215 D wpa_supplicant: IEs - hexdump(len=193): 00 0e 77 6c 61 6e 61 63 63 65 73 73 76 32 2e 30 01 08 82 84 0b 16 0c 12 18 24 03 01 01 05 04 00 ...
12-17 19:32:23.782  5215  5215 D wpa_supplicant: Beacon IEs - hexdump(len=193): 00 0e 77 6c 61 6e 61 63 63 65 73 73 76 32 2e 30 01 08 82 84 0b 16 0c 12 18 24 03 01 01 05 04 00 ...
12-17 19:32:23.782  5215  5215 D wpa_supplicant: 80:38:bc:0b:29:e0 freq=2452 qual=0 noise=-89~ level=-73 snr=16 flags=0xb age=20 est=48000
12-17 19:32:23.782  5215  5215 D wpa_supplicant: IEs - hexdump(len=193): 00 0e 77 6c 61 6e 61 63 63 65 73 73 76 32 2e 30 01 08 82 84 0b 16 0c 12 18 24 03 01 09 05 04 00 ...
12-17 19:32:23.782  5215  5215 D wpa_supplicant: Beacon IEs - hexdump(len=193): 00 0e 77 6c 61 6e 61 63 63 65 73 73 76 32 2e 30 01 08 82 84 0b 16 0c 12 18 24 03 01 09 05 04 00 ...
12-17 19:32:23.782  5215  5215 D wpa_supplicant: 80:38:bc:0b:19:61 freq=2432 qual=0 noise=-89~ level=-73 snr=16 flags=0xb age=20 est=48000
12-17 19:32:23.782  5215  5215 D wpa_supplicant: IEs - hexdump(len=194): 00 0f 48 75 61 77 65 69 2d 45 6d 70 6c 6f 79 65 65 01 08 82 84 0b 16 0c 12 18 24 03 01 05 05 04 ...
12-17 19:32:23.782  5215  5215 D wpa_supplicant: Beacon IEs - hexdump(len=194): 00 0f 48 75 61 77 65 69 2d 45 6d 70 6c 6f 79 65 65 01 08 82 84 0b 16 0c 12 18 24 03 01 05 05 04 ...
12-17 19:32:23.782  5215  5215 D wpa_supplicant: 80:38:bc:0b:14:40 freq=2472 qual=0 noise=-89~ level=-75 snr=14 flags=0xb age=20 est=36000
12-17 19:32:23.782  5215  5215 D wpa_supplicant: IEs - hexdump(len=193): 00 0e 77 6c 61 6e 61 63 63 65 73 73 76 32 2e 30 01 08 82 84 0b 16 0c 12 18 24 03 01 0d 05 04 00 ...
12-17 19:32:23.782  5215  5215 D wpa_supplicant: Beacon IEs - hexdump(len=193): 00 0e 77 6c 61 6e 61 63 63 65 73 73 76 32 2e 30 01 08 82 84 0b 16 0c 12 18 24 03 01 0d 05 04 00 ...
12-17 19:32:23.782  5215  5215 D wpa_supplicant: 80:38:bc:0b:14:41 freq=2472 qual=0 noise=-89~ level=-75 snr=14 flags=0xb age=20 est=36000
12-17 19:32:23.782  5215  5215 D wpa_supplicant: IEs - hexdump(len=194): 00 0f 48 75 61 77 65 69 2d 45 6d 70 6c 6f 79 65 65 01 08 82 84 0b 16 0c 12 18 24 03 01 0d 05 04 ...
12-17 19:32:23.782  5215  5215 D wpa_supplicant: Beacon IEs - hexdump(len=194): 00 0f 48 75 61 77 65 69 2d 45 6d 70 6c 6f 79 65 65 01 08 82 84 0b 16 0c 12 18 24 03 01 0d 05 04 ...
12-17 19:32:23.782  5215  5215 D wpa_supplicant: 80:38:bc:0a:f2:00 freq=2452 qual=0 noise=-89~ level=-77 snr=12 flags=0xb age=20 est=36000
12-17 19:32:23.782  5215  5215 D wpa_supplicant: IEs - hexdump(len=193): 00 0e 77 6c 61 6e 61 63 63 65 73 73 76 32 2e 30 01 08 82 84 0b 16 0c 12 18 24 03 01 09 05 04 00 ...
12-17 19:32:23.782  5215  5215 D wpa_supplicant: Beacon IEs - hexdump(len=193): 00 0e 77 6c 61 6e 61 63 63 65 73 73 76 32 2e 30 01 08 82 84 0b 16 0c 12 18 24 03 01 09 05 04 00 ...
12-17 19:32:23.782  5215  5215 D wpa_supplicant: 80:38:bc:0b:29:61 freq=2412 qual=0 noise=-89~ level=-77 snr=12 flags=0xb age=20 est=36000
12-17 19:32:23.782  5215  5215 D wpa_supplicant: IEs - hexdump(len=194): 00 0f 48 75 61 77 65 69 2d 45 6d 70 6c 6f 79 65 65 01 08 82 84 0b 16 0c 12 18 24 03 01 01 05 04 ...
12-17 19:32:23.782  5215  5215 D wpa_supplicant: Beacon IEs - hexdump(len=194): 00 0f 48 75 61 77 65 69 2d 45 6d 70 6c 6f 79 65 65 01 08 82 84 0b 16 0c 12 18 24 03 01 01 05 04 ...
12-17 19:32:23.782  5215  5215 D wpa_supplicant: 80:38:bc:0a:fa:e1 freq=2412 qual=0 noise=-89~ level=-79 snr=10 flags=0xb age=20 est=24000
12-17 19:32:23.782  5215  5215 D wpa_supplicant: IEs - hexdump(len=194): 00 0f 48 75 61 77 65 69 2d 45 6d 70 6c 6f 79 65 65 01 08 82 84 0b 16 0c 12 18 24 03 01 01 05 04 ...
12-17 19:32:23.782  5215  5215 D wpa_supplicant: Beacon IEs - hexdump(len=194): 00 0f 48 75 61 77 65 69 2d 45 6d 70 6c 6f 79 65 65 01 08 82 84 0b 16 0c 12 18 24 03 01 01 05 04 ...
12-17 19:32:23.782  5215  5215 D wpa_supplicant: 80:38:bc:0b:34:a0 freq=2472 qual=0 noise=-89~ level=-81 snr=8 flags=0xb age=20 est=19500
12-17 19:32:23.782  5215  5215 D wpa_supplicant: IEs - hexdump(len=193): 00 0e 77 6c 61 6e 61 63 63 65 73 73 76 32 2e 30 01 08 82 84 0b 16 0c 12 18 24 03 01 0d 05 04 00 ...
12-17 19:32:23.782  5215  5215 D wpa_supplicant: Beacon IEs - hexdump(len=193): 00 0e 77 6c 61 6e 61 63 63 65 73 73 76 32 2e 30 01 08 82 84 0b 16 0c 12 18 24 03 01 0d 05 04 00 ...
12-17 19:32:23.782  5215  5215 D wpa_supplicant: 80:38:bc:0b:36:e0 freq=2452 qual=0 noise=-89~ level=-82 snr=7 flags=0xb age=20 est=18000
12-17 19:32:23.782  5215  5215 D wpa_supplicant: IEs - hexdump(len=193): 00 0e 77 6c 61 6e 61 63 63 65 73 73 76 32 2e 30 01 08 82 84 0b 16 0c 12 18 24 03 01 09 05 04 00 ...
12-17 19:32:23.782  5215  5215 D wpa_supplicant: Beacon IEs - hexdump(len=193): 00 0e 77 6c 61 6e 61 63 63 65 73 73 76 32 2e 30 01 08 82 84 0b 16 0c 12 18 24 03 01 09 05 04 00 ...
12-17 19:32:23.782  5215  5215 D wpa_supplicant: 80:38:bc:0a:f0:61 freq=2432 qual=0 noise=-89~ level=-83 snr=6 flags=0xb age=20 est=13000
12-17 19:32:23.782  3180  3578 D HwMultiWindowEx: isInMultiWindowMode ret: 0
12-17 19:32:23.782  5215  5215 D wpa_supplicant: IEs - hexdump(len=194): 00 0f 48 75 61 77 65 69 2d 45 6d 70 6c 6f 79 65 65 01 08 82 84 0b 16 0c 12 18 24 03 01 05 05 04 ...
12-17 19:32:23.782  3180  3578 I BacklightControl: can't adjust backlight when app launch from other scene.
12-17 19:32:23.782  5215  5215 D wpa_supplicant: Beacon IEs - hexdump(len=194): 00 0f 48 75 61 77 65 69 2d 45 6d 70 6c 6f 79 65 65 01 08 82 84 0b 16 0c 12 18 24 03 01 05 05 04 ...
12-17 19:32:23.782  5215  5215 D wpa_supplicant: 80:38:bc:0b:29:60 freq=2412 qual=0 noise=-89~ level=-84 snr=5 flags=0xb age=20 est=9000
12-17 19:32:23.782  5215  5215 D wpa_supplicant: IEs - hexdump(len=193): 00 0e 77 6c 61 6e 61 63 63 65 73 73 76 32 2e 30 01 08 82 84 0b 16 0c 12 18 24 03 01 01 05 04 00 ...
12-17 19:32:23.782  5215  5215 D wpa_supplicant: Beacon IEs - hexdump(len=193): 00 0e 77 6c 61 6e 61 63 63 65 73 73 76 32 2e 30 01 08 82 84 0b 16 0c 12 18 24 03 01 01 05 04 00 ...
12-17 19:32:23.783  5215  5215 D wpa_supplicant: 80:38:bc:0a:fa:e0 freq=2412 qual=0 noise=-89~ level=-84 snr=5 flags=0xb age=20 est=9000
12-17 19:32:23.783  5215  5215 D wpa_supplicant: IEs - hexdump(len=193): 00 0e 77 6c 61 6e 61 63 63 65 73 73 76 32 2e 30 01 08 82 84 0b 16 0c 12 18 24 03 01 01 05 04 00 ...
12-17 19:32:23.783  5215  5215 D wpa_supplicant: Beacon IEs - hexdump(len=193): 00 0e 77 6c 61 6e 61 63 63 65 73 73 76 32 2e 30 01 08 82 84 0b 16 0c 12 18 24 03 01 01 05 04 00 ...
12-17 19:32:23.783  5215  5215 D wpa_supplicant: 80:38:bc:06:d2:ab freq=2412 qual=0 noise=-89~ level=-85 snr=4 flags=0xb age=20 est=6500
12-17 19:32:23.783  5215  5215 D wpa_supplicant: IEs - hexdump(len=172): 00 00 01 08 82 84 8b 96 0c 12 18 24 03 01 01 05 04 00 01 00 00 07 10 44 42 20 20 13 1b 00 10 1b ...
12-17 19:32:23.783  5215  5215 D wpa_supplicant: Beacon IEs - hexdump(len=172): 00 00 01 08 82 84 8b 96 0c 12 18 24 03 01 01 05 04 00 01 00 00 07 10 44 42 20 20 13 1b 00 10 1b ...
12-17 19:32:23.783  5215  5215 D wpa_supplicant: 80:38:bc:0b:04:40 freq=2472 qual=0 noise=-89~ level=-86 snr=3 flags=0xb age=20 est=6500
12-17 19:32:23.783  5215  5215 D wpa_supplicant: IEs - hexdump(len=193): 00 0e 77 6c 61 6e 61 63 63 65 73 73 76 32 2e 30 01 08 82 84 0b 16 0c 12 18 24 03 01 0d 05 04 00 ...
12-17 19:32:23.783  5215  5215 D wpa_supplicant: Beacon IEs - hexdump(len=193): 00 0e 77 6c 61 6e 61 63 63 65 73 73 76 32 2e 30 01 08 82 84 0b 16 0c 12 18 24 03 01 0d 05 04 00 ...
12-17 19:32:23.783  5215  5215 D wpa_supplicant: 80:38:bc:0a:ef:61 freq=2472 qual=0 noise=-89~ level=-86 snr=3 flags=0xb age=20 est=6500
12-17 19:32:23.783  5215  5215 D wpa_supplicant: IEs - hexdump(len=194): 00 0f 48 75 61 77 65 69 2d 45 6d 70 6c 6f 79 65 65 01 08 82 84 0b 16 0c 12 18 24 03 01 0d 05 04 ...
12-17 19:32:23.783  5215  5215 D wpa_supplicant: Beacon IEs - hexdump(len=194): 00 0f 48 75 61 77 65 69 2d 45 6d 70 6c 6f 79 65 65 01 08 82 84 0b 16 0c 12 18 24 03 01 0d 05 04 ...
12-17 19:32:23.783  5215  5215 D wpa_supplicant: 80:38:bc:0a:f1:e1 freq=2472 qual=0 noise=-89~ level=-87 snr=2 flags=0xb age=20 est=6500
12-17 19:32:23.783  5215  5215 D wpa_supplicant: IEs - hexdump(len=194): 00 0f 48 75 61 77 65 69 2d 45 6d 70 6c 6f 79 65 65 01 08 82 84 0b 16 0c 12 18 24 03 01 0d 05 04 ...
12-17 19:32:23.783  5215  5215 D wpa_supplicant: Beacon IEs - hexdump(len=194): 00 0f 48 75 61 77 65 69 2d 45 6d 70 6c 6f 79 65 65 01 08 82 84 0b 16 0c 12 18 24 03 01 0d 05 04 ...
12-17 19:32:23.783  5215  5215 D wpa_supplicant: 80:38:bc:0b:31:e1 freq=2412 qual=0 noise=-89~ level=-87 snr=2 flags=0xb age=20 est=6500
12-17 19:32:23.783  5215  5215 D wpa_supplicant: IEs - hexdump(len=194): 00 0f 48 75 61 77 65 69 2d 45 6d 70 6c 6f 79 65 65 01 08 82 84 0b 16 0c 12 18 24 03 01 01 05 04 ...
12-17 19:32:23.783  5215  5215 D wpa_supplicant: Beacon IEs - hexdump(len=194): 00 0f 48 75 61 77 65 69 2d 45 6d 70 6c 6f 79 65 65 01 08 82 84 0b 16 0c 12 18 24 03 01 01 05 04 ...
12-17 19:32:23.783  5215  5215 D wpa_supplicant: 80:38:bc:0b:36:e1 freq=2452 qual=0 noise=-89~ level=-88 snr=1 flags=0xb age=20 est=6500
12-17 19:32:23.783  5215  5215 D wpa_supplicant: IEs - hexdump(len=194): 00 0f 48 75 61 77 65 69 2d 45 6d 70 6c 6f 79 65 65 01 08 82 84 0b 16 0c 12 18 24 03 01 09 05 04 ...
12-17 19:32:23.783  5215  5215 D wpa_supplicant: Beacon IEs - hexdump(len=194): 00 0f 48 75 61 77 65 69 2d 45 6d 70 6c 6f 79 65 65 01 08 82 84 0b 16 0c 12 18 24 03 01 09 05 04 ...
12-17 19:32:23.783  5215  5215 D wpa_supplicant: 80:38:bc:0b:04:41 freq=2472 qual=0 noise=-89~ level=-88 snr=1 flags=0xb age=20 est=6500
12-17 19:32:23.783  5215  5215 D wpa_supplicant: IEs - hexdump(len=194): 00 0f 48 75 61 77 65 69 2d 45 6d 70 6c 6f 79 65 65 01 08 82 84 0b 16 0c 12 18 24 03 01 0d 05 04 ...
12-17 19:32:23.783  5215  5215 D wpa_supplicant: Beacon IEs - hexdump(len=194): 00 0f 48 75 61 77 65 69 2d 45 6d 70 6c 6f 79 65 65 01 08 82 84 0b 16 0c 12 18 24 03 01 0d 05 04 ...
12-17 19:32:23.783  5215  5215 D wpa_supplicant: 80:38:bc:0a:f9:81 freq=2412 qual=0 noise=-89~ level=-88 snr=1 flags=0xb age=20 est=6500
12-17 19:32:23.783  5215  5215 D wpa_supplicant: IEs - hexdump(len=194): 00 0f 48 75 61 77 65 69 2d 45 6d 70 6c 6f 79 65 65 01 08 82 84 0b 16 0c 12 18 24 03 01 01 05 04 ...
12-17 19:32:23.783  5215  5215 D wpa_supplicant: Beacon IEs - hexdump(len=194): 00 0f 48 75 61 77 65 69 2d 45 6d 70 6c 6f 79 65 65 01 08 82 84 0b 16 0c 12 18 24 03 01 01 05 04 ...
12-17 19:32:23.783  3180  3578 I ThermalStateManager: handle action thermal policy:208
12-17 19:32:23.783  5215  5215 D wpa_supplicant: 80:38:bc:0b:1d:81 freq=2472 qual=0 noise=-89~ level=-88 snr=1 flags=0xb age=20 est=6500
12-17 19:32:23.783  5215  5215 D wpa_supplicant: IEs - hexdump(len=194): 00 0f 48 75 61 77 65 69 2d 45 6d 70 6c 6f 79 65 65 01 08 82 84 0b 16 0c 12 18 24 03 01 0d 05 04 ...
12-17 19:32:23.783  5215  5215 D wpa_supplicant: Beacon IEs - hexdump(len=194): 00 0f 48 75 61 77 65 69 2d 45 6d 70 6c 6f 79 65 65 01 08 82 84 0b 16 0c 12 18 24 03 01 0d 05 04 ...
12-17 19:32:23.783  5215  5215 D wpa_supplicant: ac:85:3d:be:20:21 freq=2412 qual=0 noise=-89~ level=-89 snr=0 flags=0xb age=20 est=6500
12-17 19:32:23.783  5215  5215 D wpa_supplicant: IEs - hexdump(len=194): 00 0f 48 75 61 77 65 69 2d 45 6d 70 6c 6f 79 65 65 01 08 82 84 0b 16 0c 12 18 24 03 01 01 05 04 ...
12-17 19:32:23.783  5215  5215 D wpa_supplicant: Beacon IEs - hexdump(len=194): 00 0f 48 75 61 77 65 69 2d 45 6d 70 6c 6f 79 65 65 01 08 82 84 0b 16 0c 12 18 24 03 01 01 05 04 ...
12-17 19:32:23.783  5215  5215 D wpa_supplicant: 80:38:bc:0b:22:20 freq=2432 qual=0 noise=-89~ level=-89 snr=0 flags=0xb age=20 est=6500
12-17 19:32:23.783  5215  5215 D wpa_supplicant: IEs - hexdump(len=193): 00 0e 77 6c 61 6e 61 63 63 65 73 73 76 32 2e 30 01 08 82 84 0b 16 0c 12 18 24 03 01 05 05 04 00 ...
12-17 19:32:23.783  5215  5215 D wpa_supplicant: Beacon IEs - hexdump(len=193): 00 0e 77 6c 61 6e 61 63 63 65 73 73 76 32 2e 30 01 08 82 84 0b 16 0c 12 18 24 03 01 05 05 04 00 ...
12-17 19:32:23.783  5215  5215 D wpa_supplicant: 80:38:bc:0a:f0:20 freq=2472 qual=0 noise=-89~ level=-90 snr=-1 flags=0xb age=20 est=6500
12-17 19:32:23.783  5215  5215 D wpa_supplicant: IEs - hexdump(len=193): 00 0e 77 6c 61 6e 61 63 63 65 73 73 76 32 2e 30 01 08 82 84 0b 16 0c 12 18 24 03 01 0d 05 04 00 ...
12-17 19:32:23.783  5215  5215 D wpa_supplicant: Beacon IEs - hexdump(len=193): 00 0e 77 6c 61 6e 61 63 63 65 73 73 76 32 2e 30 01 08 82 84 0b 16 0c 12 18 24 03 01 0d 05 04 00 ...
12-17 19:32:23.784  5215  5215 D wpa_supplicant: 80:38:bc:0b:25:e1 freq=2412 qual=0 noise=-89~ level=-90 snr=-1 flags=0xb age=20 est=6500
12-17 19:32:23.784  5215  5215 D wpa_supplicant: IEs - hexdump(len=194): 00 0f 48 75 61 77 65 69 2d 45 6d 70 6c 6f 79 65 65 01 08 82 84 0b 16 0c 12 18 24 03 01 01 05 04 ...
12-17 19:32:23.784  5215  5215 D wpa_supplicant: Beacon IEs - hexdump(len=194): 00 0f 48 75 61 77 65 69 2d 45 6d 70 6c 6f 79 65 65 01 08 82 84 0b 16 0c 12 18 24 03 01 01 05 04 ...
12-17 19:32:23.784  5215  5215 D wpa_supplicant: 80:38:bc:0b:36:80 freq=2472 qual=0 noise=-89~ level=-91 snr=-2 flags=0xb age=20 est=6500
12-17 19:32:23.784  1795  1813 E BatteryStatsService: no controller energy info supplied
12-17 19:32:23.784  1795  2736 E hwintelligencewifi: addCurrentApInfo info is already there
12-17 19:32:23.784  5215  5215 D wpa_supplicant: IEs - hexdump(len=193): 00 0e 77 6c 61 6e 61 63 63 65 73 73 76 32 2e 30 01 08 82 84 0b 16 0c 12 18 24 03 01 0d 05 04 00 ...
12-17 19:32:23.784  1795  2736 W hwintelligencewifi: updateBssidTimer time = 1481974343784
12-17 19:32:23.784  5215  5215 D wpa_supplicant: Beacon IEs - hexdump(len=193): 00 0e 77 6c 61 6e 61 63 63 65 73 73 76 32 2e 30 01 08 82 84 0b 16 0c 12 18 24 03 01 0d 05 04 00 ...
12-17 19:32:23.784  5215  5215 D wpa_supplicant: 80:38:bc:0b:14:80 freq=2452 qual=0 noise=-89~ level=-91 snr=-2 flags=0xb age=20 est=6500
