12-17 19:32:01.499  1795  2671 D WifiStateMachine:  DriverStartedState CMD_SET_SUSPEND_OPT_ENABLED  rt=123034671/442857862 1 0
12-17 19:32:01.499  1795  2671 D WifiHW  : wifi_send_command: cmd:'IFNAME=wlan0 DRIVER SETSUSPENDMODE 1'
12-17 19:32:01.499  5215  5215 D wpa_supplicant: wlan0: Control interface command 'DRIVER SETSUSPENDMODE 1'
12-17 19:32:01.502   606  2379 E libteec : QSEECom_send_cmd return!
12-17 19:32:01.502   606  2379 E libteec : qsc_send_cmd finish
12-17 19:32:01.502   606  2379 E libteec : send data return = 128
12-17 19:32:01.503   835  2385 E libteec : receive data len = 128
12-17 19:32:01.503   835  2385 E libteec : begin
12-17 19:32:01.503   835  2385 E libteec : qsc_decode end
12-17 19:32:01.503   835  2385 D fpc_fingerprint_hal: worker idle
12-17 19:32:01.503   835  2385 D fpc_fingerprint_hal: workerFunction STATE_AUTHENTICATE
12-17 19:32:01.503   835  2385 E libteec : begin
12-17 19:32:01.503   606  2379 E libteec : receive data len = 128
12-17 19:32:01.503  1795  2326 W FingerprintService: client com.android.systemui is authenticating...
12-17 19:32:01.503  3218  3439 D PhoneInterfaceManager: [PhoneIntfMgr] getDataEnabled: subId=0 phoneId=0
12-17 19:32:01.504  3218  3439 D PhoneInterfaceManager: [PhoneIntfMgr] getDataEnabled: subId=0 retVal=false
12-17 19:32:01.504  1795  1795 D HwConnectivityService: CtrlSocket getMobileDataEnabled = false
12-17 19:32:01.509   606  2379 E libteec : QSEECom_send_cmd return!
12-17 19:32:01.509   606  2379 E libteec : qsc_send_cmd finish
12-17 19:32:01.509   835  2385 E libteec : receive data len = 128
12-17 19:32:01.509   835  2385 E libteec : begin
12-17 19:32:01.509   835  2385 E libteec : qsc_decode end
12-17 19:32:01.509   835  2385 I fpc_tac : fpc_tac_send_get_indices_cmd indices:0x7f9860c000, index_count:1
12-17 19:32:01.509   835  2385 E libteec : begin
12-17 19:32:01.509   606  2379 E libteec : send data return = 128
12-17 19:32:01.509   606  2379 E libteec : receive data len = 1152
12-17 19:32:01.509  1795  1795 I NotificationManager: mIntentReceiver-ACTION_SCREEN_OFF
12-17 19:32:01.509  1795  1795 I NotificationManager: updateLightsLocked,mInCall =true,mScreenOn = false,ledNotification == null?true
12-17 19:32:01.509  1795  1795 I NotificationManager: updateLightsLocked,turn off notificationLight
12-17 19:32:01.509  1795  1795 I Sensor  : turn off notificationLight due to incall or screenon
12-17 19:32:01.509  1795  1795 I Sensor  : updateLight --> mIsNotificationExisting: false ledOnMS: 0 ledOffMS :0
12-17 19:32:01.509  1795  1795 I Sensor  : updateLightsLocked --> level:78, status:3
12-17 19:32:01.509  1795  1795 I Sensor  : updateLightsLocked --> mBatteryLight.turnOff
12-17 19:32:01.512  1046 26554 V ThreadsEx: HDebug print the key screen_state
12-17 19:32:01.512  1046 26554 D audio_hw_primary: adev_set_parameters: enter: screen_state=off
12-17 19:32:01.512  1046 26554 I Huawei_audio_cust: huawei_audio huawei_choose_HandsFree_device_incall_forHWtest: test Type =4
12-17 19:32:01.512  1046 26554 I Huawei_audio_cust: huawei_audio huawei_choose_Handset_device_incall_forHWtest: test Type =4
12-17 19:32:01.512  1046 26554 I Huawei_audio_cust: get_spk_pa_type: pa is max98925
12-17 19:32:01.512  1046 26554 I Huawei_audio_cust: huawei_common_set_parameters: exit with code(0)
12-17 19:32:01.512  1046 26554 V Huawei_audio_cust: huawei_cust_set_parameters: exit with code(0)
12-17 19:32:01.512   606  2379 E libteec : QSEECom_send_cmd return!
12-17 19:32:01.512   606  2379 E libteec : qsc_send_cmd finish
12-17 19:32:01.512  1046 26554 V msm8916_platform: platform_set_parameters: enter: - screen_state=off
12-17 19:32:01.513  1046 26554 V msm8916_platform: platform_set_parameters: exit with code(0)
12-17 19:32:01.513  1046 26554 D audio_hw_extn: audio_extn_set_anc_parameters: anc_enabled:0
12-17 19:32:01.513  1046 26554 D audio_hw_spkr_prot: audio_extn_fbsp_set_parameters: Speaker protection disabled
12-17 19:32:01.513   835  2385 E libteec : receive data len = 1152
12-17 19:32:01.513   835  2385 E libteec : begin
12-17 19:32:01.513   835  2385 E libteec : qsc_decode end
12-17 19:32:01.513  1046 26554 V audio_hw_primary: adev_set_parameters: exit with code(0)
12-17 19:32:01.513   835  2385 E libteec : begin
12-17 19:32:01.513   606  2379 E libteec : send data return = 1152
12-17 19:32:01.513   606  2379 E libteec : receive data len = 128
12-17 19:32:01.515  1795  1795 I AlarmManager: set(PendingIntent{2f9e644: PendingIntentRecord{527f32d android broadcastIntent}}) : type=2 triggerAtTime=447117879 win=300000 tElapsed=447117879 maxElapsed=447417879 interval=0 flags=0x8
12-17 19:32:01.516   606  2379 E libteec : QSEECom_send_cmd return!
12-17 19:32:01.516   606  2379 E libteec : qsc_send_cmd finish
12-17 19:32:01.516   835  2385 E libteec : receive data len = 128
12-17 19:32:01.516   835  2385 E libteec : begin
12-17 19:32:01.516   835  2385 E libteec : qsc_decode end
12-17 19:32:01.516   835  2385 I fpc_tac : fpc_tac_begin_identify---need_liveness_authentication: 0
12-17 19:32:01.516   835  2385 E libteec : begin
12-17 19:32:01.516   606  2379 E libteec : send data return = 128
12-17 19:32:01.516   606  2379 E libteec : receive data len = 192
12-17 19:32:01.521   606  2379 E libteec : QSEECom_send_cmd return!
12-17 19:32:01.521   606  2379 E libteec : qsc_send_cmd finish
12-17 19:32:01.521   606  2379 E libteec : send data return = 192
12-17 19:32:01.521   835  2385 E libteec : receive data len = 192
12-17 19:32:01.521   835  2385 E libteec : begin
12-17 19:32:01.521   835  2385 E libteec : qsc_decode end
12-17 19:32:01.521   835  2385 I fpc_tac : fpc_tac_send_set_arbitrary_data_cmd:ok, response:0
12-17 19:32:01.521   835  2385 D fingerprintd: onAcquired(2001)
12-17 19:32:01.521  1795  1795 D HwPFWLogger: PFW.HwPFWService:mBroadcastReceiver action = android.intent.action.SCREEN_OFF
12-17 19:32:01.521   835  2385 E libteec : begin
12-17 19:32:01.521   606  2379 E libteec : receive data len = 128
12-17 19:32:01.522  1795  2708 D HwPFWLogger: PFW.HwPFWService:handle PFW_MSG_SYSTEM
12-17 19:32:01.522  1795  2396 W FingerprintService: onAcquired 1
12-17 19:32:01.522  1795  2708 D HwPFWLogger: PFW.HwPFWAppRestartPolicy:receive action = android.intent.action.SCREEN_OFF
12-17 19:32:01.522  1795  2326 W FingerprintService: onAcquired 2
12-17 19:32:01.523  2852  2852 V KeyguardUpdateMonitor: KGSvcFp onAuthenticationAcquired.2001
12-17 19:32:01.524  1795  1795 D WifiService: onReceive, action:android.intent.action.SCREEN_OFF
12-17 19:32:01.524  1795  2670 D WifiController: DeviceActiveState{ when=0 what=155651 target=com.android.internal.util.StateMachine$SmHandler }
12-17 19:32:01.524  1795  2670 D WifiController: StaEnabledState what=155651
12-17 19:32:01.524  1795  2670 D WifiController: DefaultState what=155651
12-17 19:32:01.524  1795  2670 D WifiController: wifiSleepPolicy:1
12-17 19:32:01.525  1795  2670 D WifiController: set idle timer: 1800000 ms
12-17 19:32:01.525  1795  2670 I AlarmManager: set(PendingIntent{50e3a01: PendingIntentRecord{a8130a6 android broadcastIntent}}) : type=0 triggerAtTime=1481976121525 win=0 tElapsed=444657888 maxElapsed=444657888 interval=0 flags=0x9
12-17 19:32:01.529  5215  5215 D wpa_supplicant: wpa_driver_nl80211_driver_cmd SETSUSPENDMODE 1 len = 0, 4096
12-17 19:32:01.529  5215  5215 D wpa_supplicant: CTRL-DEBUG: global_ctrl_sock-sendto: sock=16 sndbuf=229376 outq=0 send_len=3
12-17 19:32:01.530  1795  2671 D PowerManagerService: release:lock=244575063, flg=0x0, tag="WifiSuspend", name=android", ws=null, uid=1000, pid=1795
12-17 19:32:01.530  1795  2671 D PowerManagerService: ready=true,policy=0,wakefulness=0,wksummary=0x10,uasummary=0x0,bootcompleted=true,boostinprogress=false,waitmodeenable=false,mode=true,manual=33,auto=-1,adj=0.0userId=0
12-17 19:32:01.530  1795  2671 D PowerManagerService: Releasing suspend blocker "PowerManagerService.WakeLocks".
12-17 19:32:01.532  1795  2736 E hwintelligencewifi:  DefaultState MSG_SCREEN_OFF mIsAutoOpenSearch = false
12-17 19:32:01.533  1795  2377 I IO.IOStatsService: onReceive:screen off
12-17 19:32:01.537  1795  2377 I IO.IOStatsService: saveIOStatsAndLatestUids,the time interval is too shorter than the last screen off
12-17 19:32:01.539  2883  2883 D HwKeyguardManagerImpl: isLockScreenDisabled HwKeyguardManagerImpl result = false
12-17 19:32:01.541  1795 16232 D PowerManagerService: acquire lock=184063844, flags=0x1, tag="NetworkStats", name=android, ws=null, uid=1000, pid=1795
12-17 19:32:01.541  1795 16232 D PowerManagerService: ready=true,policy=0,wakefulness=0,wksummary=0x11,uasummary=0x0,bootcompleted=true,boostinprogress=false,waitmodeenable=false,mode=true,manual=33,auto=-1,adj=0.0userId=0
12-17 19:32:01.541  1795 16232 D PowerManagerService: Acquiring suspend blocker "PowerManagerService.WakeLocks".
12-17 19:32:01.542   606  2379 E libteec : QSEECom_send_cmd return!
12-17 19:32:01.542   606  2379 E libteec : qsc_send_cmd finish
