12-17 19:36:03.815  1795 20786 D PFW.HwPFWAppRestartPolicy: proc: com.tencent.mm:push launch 1times, lastTimes = 1
12-17 19:36:03.815  1795 20786 D PFW.HwPFWAppRestartPolicy: proc: com.qiyi.video:downloader launch 1times, lastTimes = 1
12-17 19:36:03.815  1795 20786 D PFW.HwPFWAppRestartPolicy: failed to get application info
12-17 19:36:03.815  1795 20786 D PFW.HwPFWAppRestartPolicy: proc: .DaemonService launch 2times, lastTimes = 2
12-17 19:36:03.815  1795 20786 D PFW.HwPFWAppRestartPolicy: proc: com.qiyi.video:bdservice_v1 launch 1times, lastTimes = 1
12-17 19:36:03.816  1795 20786 D PFW.HwPFWAppRestartPolicy: proc: com.qiyi.video:upload_service launch 1times, lastTimes = 1
12-17 19:36:03.816  1795 20786 D PFW.HwPFWAppRestartPolicy: proc: com.tencent.mm:sandbox launch 1times, lastTimes = 1
12-17 19:36:03.816  1795 20786 D PFW.HwPFWAppRestartPolicy: failed to get application info
12-17 19:36:03.816  1795 20786 D PFW.HwPFWAppRestartPolicy: proc: .iqiyipushserviceGlobal launch 1times, lastTimes = 1
12-17 19:36:03.816  1795 20786 D PFW.HwPFWAppRestartPolicy: proc: huawei.w3 launch 2times, lastTimes = 2
12-17 19:36:03.816  1795 20786 D PFW.HwPFWAppRestartPolicy: proc: com.tencent.mm:tools launch 5times, lastTimes = 5
12-17 19:36:03.816  1795 20786 D PFW.HwPFWAppRestartPolicy: proc: com.qiyi.video:plugin launch 2times, lastTimes = 2
12-17 19:36:03.816  1795 20786 D PFW.HwPFWAppRestartPolicy: proc: huawei.w3:w3pushservice launch 4times, lastTimes = 3
12-17 19:36:03.816  1795 20786 D PFW.HwPFWAppRestartPolicy: proc: com.qiyi.video launch 1times, lastTimes = 1
12-17 19:36:03.817  1795 20787 E BatteryStatsService: no controller energy info supplied
12-17 19:36:03.818  1795 20787 E BatteryStatsService: no controller energy info supplied
12-17 19:36:03.819  1795  6985 D PowerManagerService: ready=true,policy=0,wakefulness=0,wksummary=0x1,uasummary=0x0,bootcompleted=true,boostinprogress=false,waitmodeenable=false,mode=true,manual=33,auto=-1,adj=0.0userId=0
12-17 19:36:03.819  1795  6985 D PowerManagerService: Acquiring suspend blocker "PowerManagerService.WakeLocks".
12-17 19:36:03.825  1795  2396 D PowerManagerService: ready=true,policy=0,wakefulness=0,wksummary=0x0,uasummary=0x0,bootcompleted=true,boostinprogress=false,waitmodeenable=false,mode=true,manual=33,auto=-1,adj=0.0userId=0
12-17 19:36:03.825  1795  2396 D PowerManagerService: Releasing suspend blocker "PowerManagerService.WakeLocks".
12-17 19:36:03.828  2883  2996 I HwSystemManager: ITrafficInfo:ITrafficInfo create 301updateBytes = 1769320345
12-17 19:36:03.856  1795 20787 D PFW.HwPFWAppWakeLockPolicy: getUidWakeLock uid: 10001 wakelock(minutes): 0
12-17 19:36:03.856  1795 20787 D PFW.HwPFWAppWakeLockPolicy: getUidWakeLock uid: 10003 wakelock(minutes): 0
12-17 19:36:03.856  1795 20787 D PFW.HwPFWAppWakeLockPolicy: getUidWakeLock uid: 10004 wakelock(minutes): 0
12-17 19:36:03.856  1795 20787 D PFW.HwPFWAppWakeLockPolicy: getUidWakeLock uid: 10007 wakelock(minutes): 0
12-17 19:36:03.856  1795 20787 D PFW.HwPFWAppWakeLockPolicy: getUidWakeLock uid: 10009 wakelock(minutes): 0
12-17 19:36:03.856  1795 20787 D PFW.HwPFWAppWakeLockPolicy: getUidWakeLock uid: 10014 wakelock(minutes): 0
12-17 19:36:03.856  1795 20787 D PFW.HwPFWAppWakeLockPolicy: getUidWakeLock uid: 10017 wakelock(minutes): 0
12-17 19:36:03.856  1795 20787 D PFW.HwPFWAppWakeLockPolicy: getUidWakeLock uid: 10018 wakelock(minutes): 0
12-17 19:36:03.856  1795 20787 D PFW.HwPFWAppWakeLockPolicy: getUidWakeLock uid: 10020 wakelock(minutes): 0
12-17 19:36:03.856  1795 20787 D PFW.HwPFWAppWakeLockPolicy: getUidWakeLock uid: 10023 wakelock(minutes): 0
12-17 19:36:03.856  1795 20787 D PFW.HwPFWAppWakeLockPolicy: getUidWakeLock uid: 10025 wakelock(minutes): 0
12-17 19:36:03.856  1795 20787 D PFW.HwPFWAppWakeLockPolicy: getUidWakeLock uid: 10028 wakelock(minutes): 0
12-17 19:36:03.856  1795 20787 D PFW.HwPFWAppWakeLockPolicy: getUidWakeLock uid: 10029 wakelock(minutes): 0
12-17 19:36:03.856  1795 20787 D PFW.HwPFWAppWakeLockPolicy: getUidWakeLock uid: 10033 wakelock(minutes): 0
12-17 19:36:03.856  1795 20787 D PFW.HwPFWAppWakeLockPolicy: getUidWakeLock uid: 10034 wakelock(minutes): 0
12-17 19:36:03.856  1795 20787 D PFW.HwPFWAppWakeLockPolicy: getUidWakeLock uid: 10038 wakelock(minutes): 0
12-17 19:36:03.856  1795 20787 D PFW.HwPFWAppWakeLockPolicy: getUidWakeLock uid: 10049 wakelock(minutes): 0
12-17 19:36:03.856  1795 20787 D PFW.HwPFWAppWakeLockPolicy: getUidWakeLock uid: 10053 wakelock(minutes): 0
12-17 19:36:03.856  1795 20787 D PFW.HwPFWAppWakeLockPolicy: getUidWakeLock uid: 10055 wakelock(minutes): 0
12-17 19:36:03.856  1795 20787 D PFW.HwPFWAppWakeLockPolicy: getUidWakeLock uid: 10061 wakelock(minutes): 0
12-17 19:36:03.856  1795 20787 D PFW.HwPFWAppWakeLockPolicy: getUidWakeLock uid: 10067 wakelock(minutes): 0
12-17 19:36:03.856  1795 20787 D PFW.HwPFWAppWakeLockPolicy: getUidWakeLock uid: 10074 wakelock(minutes): 0
12-17 19:36:03.856  1795 20787 D PFW.HwPFWAppWakeLockPolicy: getUidWakeLock uid: 10076 wakelock(minutes): 0
12-17 19:36:03.856  1795 20787 D PFW.HwPFWAppWakeLockPolicy: getUidWakeLock uid: 10078 wakelock(minutes): 0
12-17 19:36:03.856  1795 20787 D PFW.HwPFWAppWakeLockPolicy: getUidWakeLock uid: 10084 wakelock(minutes): 0
12-17 19:36:03.856  1795 20787 D PFW.HwPFWAppWakeLockPolicy: getUidWakeLock uid: 10093 wakelock(minutes): 0
12-17 19:36:03.856  1795 20787 D PFW.HwPFWAppWakeLockPolicy: getUidWakeLock uid: 10098 wakelock(minutes): 0
12-17 19:36:03.856  1795 20787 D PFW.HwPFWAppWakeLockPolicy: getUidWakeLock uid: 10099 wakelock(minutes): 0
12-17 19:36:03.856  1795 20787 D PFW.HwPFWAppWakeLockPolicy: getUidWakeLock uid: 10102 wakelock(minutes): 0
12-17 19:36:03.856  1795 20787 D PFW.HwPFWAppWakeLockPolicy: getUidWakeLock uid: 10103 wakelock(minutes): 0
12-17 19:36:03.856  1795 20787 D PFW.HwPFWAppWakeLockPolicy: getUidWakeLock uid: 10105 wakelock(minutes): 3
12-17 19:36:03.856  1795 20787 D PFW.HwPFWAppWakeLockPolicy: getUidWakeLock uid: 10117 wakelock(minutes): 0
12-17 19:36:03.856  1795 20787 D PFW.HwPFWAppWakeLockPolicy: getUidWakeLock uid: 10119 wakelock(minutes): 0
12-17 19:36:03.856  1795 20787 D PFW.HwPFWAppWakeLockPolicy: getUidWakeLock uid: 10126 wakelock(minutes): 0
12-17 19:36:03.856  1795 20787 D PFW.HwPFWAppWakeLockPolicy: getUidWakeLock uid: 10127 wakelock(minutes): 0
12-17 19:36:03.856  1795 20787 D PFW.HwPFWAppWakeLockPolicy: getUidWakeLock uid: 10129 wakelock(minutes): 0
12-17 19:36:03.856  1795 20787 D PFW.HwPFWAppWakeLockPolicy: getUidWakeLock uid: 10140 wakelock(minutes): 0
12-17 19:36:03.857  1795 20787 D PFW.HwPFWAppWakeLockPolicy: getUidWakeLock uid: 39999 wakelock(minutes): 0
12-17 19:36:03.859  1795 20787 E BatteryStatsService: no controller energy info supplied
12-17 19:36:03.859  1795 20787 E BatteryStatsService: no controller energy info supplied
12-17 19:36:03.860  1795 20747 D PowerManagerService: ready=true,policy=0,wakefulness=0,wksummary=0x1,uasummary=0x0,bootcompleted=true,boostinprogress=false,waitmodeenable=false,mode=true,manual=33,auto=-1,adj=0.0userId=0
12-17 19:36:03.861  1795 20747 D PowerManagerService: Acquiring suspend blocker "PowerManagerService.WakeLocks".
12-17 19:36:03.865  1795 11746 D PowerManagerService: ready=true,policy=0,wakefulness=0,wksummary=0x0,uasummary=0x0,bootcompleted=true,boostinprogress=false,waitmodeenable=false,mode=true,manual=33,auto=-1,adj=0.0userId=0
12-17 19:36:03.865  1795 11746 D PowerManagerService: Releasing suspend blocker "PowerManagerService.WakeLocks".
12-17 19:36:03.870  7741  7758 D TmoMonitor: Cache monitor msg as screen_off
12-17 19:36:03.878  1795  3238 E BatteryStatsService: no controller energy info supplied
12-17 19:36:03.878  1795  3238 E BatteryStatsService: no controller energy info supplied
12-17 19:36:03.880  1795  3237 D PowerManagerService: ready=true,policy=0,wakefulness=0,wksummary=0x1,uasummary=0x0,bootcompleted=true,boostinprogress=false,waitmodeenable=false,mode=true,manual=33,auto=-1,adj=0.0userId=0
12-17 19:36:03.880  1795  3237 D PowerManagerService: Acquiring suspend blocker "PowerManagerService.WakeLocks".
12-17 19:36:03.888  1795  2778 D PowerManagerService: ready=true,policy=0,wakefulness=0,wksummary=0x0,uasummary=0x0,bootcompleted=true,boostinprogress=false,waitmodeenable=false,mode=true,manual=33,auto=-1,adj=0.0userId=0
12-17 19:36:03.888  1795  2778 D PowerManagerService: Releasing suspend blocker "PowerManagerService.WakeLocks".
12-17 19:36:03.915  2883  3936 I HwSystemManager: BatteryStatisticsHelper:counts =41
12-17 19:36:03.915  2883  3936 I HwSystemManager: BatteryStatisticsHelper:uap.getUid() =10105 uap.getPower() =22.502610467772342
12-17 19:36:03.920  2883  3936 I HwSystemManager: BatteryStatisticsHelper:uap.getUid() =10103 uap.getPower() =3.155302281321817
12-17 19:36:03.920  2883  3936 I HwSystemManager: BatteryStatisticsHelper:uap.getUid() =10140 uap.getPower() =1.599561447673501
12-17 19:36:03.920  2883  3936 I HwSystemManager: BatteryStatisticsHelper:uap.getUid() =10018 uap.getPower() =0.5257186982316687
12-17 19:36:03.924  2883  3936 I HwSystemManager: BatteryStatisticsHelper:uap.getUid() =10126 uap.getPower() =0.15375638677315315
12-17 19:36:03.931  2883  3936 I HwSystemManager: BatteryStatisticsHelper:deleteBatteryInfo2DaysAgo  twoDaysMillseconds=172800000 whereTimes =1481801763930
12-17 19:36:03.964  1795  1804 I art     : Background partial concurrent mark sweep GC freed 59706(3MB) AllocSpace objects, 36(5MB) LOS objects, 13% free, 52MB/60MB, paused 2.928ms total 201.521ms
12-17 19:36:04.049  7741  7758 D TmoMonitor: Cache monitor msg as screen_off
12-17 19:36:04.552  1795  2671 D WifiHW  : wifi_send_command: cmd:'IFNAME=wlan0 SIGNAL_POLL'
12-17 19:36:04.553  5215  5215 D wpa_supplicant: wlan0: Control interface command 'SIGNAL_POLL'
12-17 19:36:04.572  5215  5215 E wpa_supplicant: RSSI=-45;LINKSPEED=72;NOISE=9999;FREQUENCY=2452;
12-17 19:36:04.572  5215  5215 D wpa_supplicant: CTRL-DEBUG: global_ctrl_sock-sendto: sock=16 sndbuf=229376 outq=0 send_len=48
12-17 19:36:04.573  1795  2671 V HwWifiServiceFactory: get AllImpl object = com.android.server.wifi.HwWifiServiceFactoryImpl@c332618
12-17 19:36:04.574  1795  2671 E WifiConfigManager: updateConfiguration freq=2452 BSSID=80:38:bc:08:42:c1 RSSI=-44 "Huawei-Employee"WPA_EAP
12-17 19:36:04.574  1795  2671 D WifiHW  : wifi_send_command: cmd:'IFNAME=wlan0 PKTCNT_POLL'
12-17 19:36:04.575  5215  5215 D wpa_supplicant: wlan0: Control interface command 'PKTCNT_POLL'
12-17 19:36:04.580  7741  7758 D TmoMonitor: Cache monitor msg as screen_off
12-17 19:36:04.590  5215  5215 D wpa_supplicant: CTRL-DEBUG: global_ctrl_sock-sendto: sock=16 sndbuf=229376 outq=0 send_len=34
12-17 19:36:04.594  1795  2739 D HuaweiWifiWatchdogStateMachine: LM mrssi=-45
12-17 19:36:04.594  1795  1795 D WiFi_PRO: MSG_RETURN_AP_CURRY_RSSI rssi = -45
12-17 19:36:04.594  1795  2739 D HuaweiWifiWatchdogStateMachine: 80:38:bc:08:42:c1 current loss[-45]=0%, volume=2
12-17 19:36:04.594  1795  1795 I QosMonitor: queryRtt: rtt_type = 3
12-17 19:36:04.594  1795  1795 I WifiProJNI: ######### GET RTT:3 ########
12-17 19:36:04.594  1795  1795 D WifiProJNI: send_cmd_kernel: cmd=7
12-17 19:36:04.594  1795  2739 D HuaweiWifiWatchdogStateMachine: 80:38:bc:08:42:c1 history loss[-45]=0.02%, volume=189538
12-17 19:36:04.595  1795  2737 D WifiProJNI: Received kernel message payload: event 4
12-17 19:36:04.595  1795  2737 I QosMonitor: postEventFromNative: msg=100,arg1=4,arg2=9
