[Thu Nov 17 10:28:22 2005] [error] mod_jk child workerEnv in error state 3
[Thu Nov 17 10:28:22 2005] [notice] workerEnv.init() ok /etc/httpd/conf/workers2.properties
[Thu Nov 17 10:28:22 2005] [error] mod_jk child workerEnv in error state 3
[Thu Nov 17 12:02:50 2005] [error] [client 66.215.153.180] Directory index forbidden by rule: /var/www/html/
[Thu Nov 17 12:20:16 2005] [error] [client 61.22.226.64] Directory index forbidden by rule: /var/www/html/
[Thu Nov 17 12:31:05 2005] [notice] jk2_init() Found child 6118 in scoreboard slot 6
[Thu Nov 17 12:31:05 2005] [notice] jk2_init() Found child 6119 in scoreboard slot 7
[Thu Nov 17 12:31:05 2005] [error] jk2_init() Can't find child 6120 in scoreboard
[Thu Nov 17 12:31:06 2005] [notice] workerEnv.init() ok /etc/httpd/conf/workers2.properties
[Thu Nov 17 12:31:06 2005] [notice] workerEnv.init() ok /etc/httpd/conf/workers2.properties
[Thu Nov 17 12:31:06 2005] [notice] workerEnv.init() ok /etc/httpd/conf/workers2.properties
[Thu Nov 17 12:31:06 2005] [error] mod_jk child workerEnv in error state 3
[Thu Nov 17 12:31:06 2005] [error] mod_jk child workerEnv in error state 3
[Thu Nov 17 12:31:06 2005] [error] mod_jk child init 1 -2
[Thu Nov 17 12:31:06 2005] [error] jk2_init() Can't find child 6122 in scoreboard
[Thu Nov 17 12:31:06 2005] [error] jk2_init() Can't find child 6123 in scoreboard
[Thu Nov 17 12:31:06 2005] [error] jk2_init() Can't find child 6121 in scoreboard
[Thu Nov 17 12:31:06 2005] [notice] workerEnv.init() ok /etc/httpd/conf/workers2.properties
[Thu Nov 17 12:31:06 2005] [error] mod_jk child init 1 -2
[Thu Nov 17 12:31:06 2005] [notice] workerEnv.init() ok /etc/httpd/conf/workers2.properties
[Thu Nov 17 12:31:06 2005] [error] mod_jk child init 1 -2
[Thu Nov 17 12:31:07 2005] [notice] jk2_init() Found child 6124 in scoreboard slot 12
[Thu Nov 17 12:31:07 2005] [notice] workerEnv.init() ok /etc/httpd/conf/workers2.properties
[Thu Nov 17 12:31:07 2005] [error] mod_jk child workerEnv in error state 3
[Thu Nov 17 12:31:07 2005] [notice] workerEnv.init() ok /etc/httpd/conf/workers2.properties
[Thu Nov 17 12:31:07 2005] [error] mod_jk child init 1 -2
[Thu Nov 17 12:31:08 2005] [error] jk2_init() Can't find child 6125 in scoreboard
[Thu Nov 17 12:31:08 2005] [notice] workerEnv.init() ok /etc/httpd/conf/workers2.properties
[Thu Nov 17 12:31:08 2005] [error] mod_jk child init 1 -2
[Thu Nov 17 12:31:08 2005] [error] jk2_init() Can't find child 6126 in scoreboard
[Thu Nov 17 12:31:08 2005] [notice] workerEnv.init() ok /etc/httpd/conf/workers2.properties
[Thu Nov 17 12:31:08 2005] [error] mod_jk child init 1 -2
[Thu Nov 17 12:31:08 2005] [error] jk2_init() Can't find child 6127 in scoreboard
[Thu Nov 17 12:31:08 2005] [notice] workerEnv.init() ok /etc/httpd/conf/workers2.properties
[Thu Nov 17 12:31:08 2005] [error] mod_jk child init 1 -2
[Thu Nov 17 12:31:08 2005] [error] jk2_init() Can't find child 6128 in scoreboard
[Thu Nov 17 12:31:08 2005] [notice] jk2_init() Found child 6129 in scoreboard slot 17
[Thu Nov 17 12:31:08 2005] [notice] workerEnv.init() ok /etc/httpd/conf/workers2.properties
[Thu Nov 17 12:31:08 2005] [error] mod_jk child workerEnv in error state 3
[Thu Nov 17 12:31:08 2005] [error] jk2_init() Can't find child 6131 in scoreboard
[Thu Nov 17 12:31:08 2005] [notice] workerEnv.init() ok /etc/httpd/conf/workers2.properties
[Thu Nov 17 12:31:08 2005] [error] mod_jk child init 1 -2
[Thu Nov 17 12:31:08 2005] [error] jk2_init() Can't find child 6132 in scoreboard
[Thu Nov 17 12:31:08 2005] [notice] jk2_init() Found child 6130 in scoreboard slot 18
[Thu Nov 17 12:31:08 2005] [notice] workerEnv.init() ok /etc/httpd/conf/workers2.properties
[Thu Nov 17 12:31:08 2005] [error] mod_jk child workerEnv in error state 3
[Thu Nov 17 12:31:09 2005] [notice] workerEnv.init() ok /etc/httpd/conf/workers2.properties
[Thu Nov 17 12:31:09 2005] [error] mod_jk child init 1 -2
[Thu Nov 17 12:31:09 2005] [notice] workerEnv.init() ok /etc/httpd/conf/workers2.properties
[Thu Nov 17 12:31:09 2005] [error] mod_jk child init 1 -2
[Thu Nov 17 12:31:09 2005] [error] jk2_init() Can't find child 6133 in scoreboard
[Thu Nov 17 12:31:09 2005] [notice] workerEnv.init() ok /etc/httpd/conf/workers2.properties
[Thu Nov 17 12:31:09 2005] [error] mod_jk child init 1 -2
[Thu Nov 17 12:31:09 2005] [error] jk2_init() Can't find child 6134 in scoreboard
[Thu Nov 17 12:31:09 2005] [notice] workerEnv.init() ok /etc/httpd/conf/workers2.properties
[Thu Nov 17 12:31:09 2005] [error] mod_jk child init 1 -2
[Thu Nov 17 12:31:09 2005] [notice] jk2_init() Found child 6136 in scoreboard slot 24
script not found or unable to stat
script not found or unable to stat
script not found or unable to stat
script not found or unable to stat
[Thu Nov 17 12:31:10 2005] [notice] workerEnv.init() ok /etc/httpd/conf/workers2.properties
[Thu Nov 17 12:31:10 2005] [error] mod_jk child workerEnv in error state 2
script not found or unable to stat
script not found or unable to stat
script not found or unable to stat
script not found or unable to stat
script not found or unable to stat
[Thu Nov 17 12:31:10 2005] [notice] jk2_init() Found child 6135 in scoreboard slot 23
[Thu Nov 17 12:31:10 2005] [notice] workerEnv.init() ok /etc/httpd/conf/workers2.properties
[Thu Nov 17 12:31:10 2005] [error] mod_jk child workerEnv in error state 3
script not found or unable to stat
[Thu Nov 17 12:31:11 2005] [error] jk2_init() Can't find child 6137 in scoreboard
[Thu Nov 17 12:31:11 2005] [notice] workerEnv.init() ok /etc/httpd/conf/workers2.properties
[Thu Nov 17 12:31:11 2005] [error] mod_jk child init 1 -2
[Thu Nov 17 12:31:11 2005] [notice] jk2_init() Found child 6138 in scoreboard slot 26
[Thu Nov 17 12:31:11 2005] [notice] workerEnv.init() ok /etc/httpd/conf/workers2.properties
[Thu Nov 17 12:31:11 2005] [error] mod_jk child workerEnv in error state 2
[Thu Nov 17 12:31:11 2005] [error] jk2_init() Can't find child 6139 in scoreboard
script not found or unable to stat
script not found or unable to stat
script not found or unable to stat
[Thu Nov 17 12:31:11 2005] [error] jk2_init() Can't find child 6140 in scoreboard
[Thu Nov 17 12:31:11 2005] [notice] jk2_init() Found child 6141 in scoreboard slot 29
[Thu Nov 17 12:31:11 2005] [notice] workerEnv.init() ok /etc/httpd/conf/workers2.properties
[Thu Nov 17 12:31:11 2005] [error] mod_jk child workerEnv in error state 1
[Thu Nov 17 12:31:11 2005] [notice] workerEnv.init() ok /etc/httpd/conf/workers2.properties
[Thu Nov 17 12:31:11 2005] [notice] workerEnv.init() ok /etc/httpd/conf/workers2.properties
[Thu Nov 17 12:31:11 2005] [error] mod_jk child init 1 -2
[Thu Nov 17 12:31:11 2005] [error] mod_jk child init 1 -2
[Thu Nov 17 12:31:11 2005] [notice] jk2_init() Found child 6143 in scoreboard slot 31
[Thu Nov 17 12:31:11 2005] [notice] workerEnv.init() ok /etc/httpd/conf/workers2.properties
[Thu Nov 17 12:31:11 2005] [error] mod_jk child workerEnv in error state 1
[Thu Nov 17 12:31:11 2005] [notice] jk2_init() Found child 6142 in scoreboard slot 30
[Thu Nov 17 12:31:11 2005] [error] jk2_init() Can't find child 6144 in scoreboard
[Thu Nov 17 12:31:11 2005] [notice] workerEnv.init() ok /etc/httpd/conf/workers2.properties
[Thu Nov 17 12:31:11 2005] [error] mod_jk child init 1 -2
[Thu Nov 17 12:31:11 2005] [notice] workerEnv.init() ok /etc/httpd/conf/workers2.properties
[Thu Nov 17 12:31:11 2005] [error] mod_jk child workerEnv in error state 1
[Thu Nov 17 12:31:11 2005] [error] jk2_init() Can't find child 6145 in scoreboard
