[Mon Nov 21 08:53:20 2005] [error] mod_jk child init 1 -2
[Mon Nov 21 08:53:20 2005] [notice] jk2_init() Found child 28296 in scoreboard slot 6
[Mon Nov 21 08:53:20 2005] [notice] workerEnv.init() ok /etc/httpd/conf/workers2.properties
[Mon Nov 21 08:53:20 2005] [error] mod_jk child workerEnv in error state 4
[Mon Nov 21 11:26:00 2005] [notice] jk2_init() Found child 28606 in scoreboard slot 0
[Mon Nov 21 11:26:00 2005] [notice] jk2_init() Found child 28607 in scoreboard slot 2
[Mon Nov 21 11:26:06 2005] [notice] workerEnv.init() ok /etc/httpd/conf/workers2.properties
[Mon Nov 21 11:26:06 2005] [error] mod_jk child workerEnv in error state 4
[Mon Nov 21 11:26:06 2005] [notice] workerEnv.init() ok /etc/httpd/conf/workers2.properties
[Mon Nov 21 11:26:06 2005] [error] mod_jk child init 1 0
[Mon Nov 21 11:26:06 2005] [error] mod_jk child workerEnv in error state 4
[Mon Nov 21 11:31:09 2005] [notice] jk2_init() Found child 28620 in scoreboard slot 4
[Mon Nov 21 11:31:09 2005] [notice] jk2_init() Found child 28619 in scoreboard slot 3
[Mon Nov 21 11:31:09 2005] [notice] jk2_init() Found child 28621 in scoreboard slot 0
[Mon Nov 21 11:31:14 2005] [notice] workerEnv.init() ok /etc/httpd/conf/workers2.properties
[Mon Nov 21 11:31:14 2005] [error] mod_jk child workerEnv in error state 4
[Mon Nov 21 11:31:14 2005] [notice] workerEnv.init() ok /etc/httpd/conf/workers2.properties
[Mon Nov 21 11:31:14 2005] [error] mod_jk child init 1 0
[Mon Nov 21 11:31:14 2005] [error] mod_jk child workerEnv in error state 4
[Mon Nov 21 11:31:14 2005] [notice] workerEnv.init() ok /etc/httpd/conf/workers2.properties
[Mon Nov 21 11:31:14 2005] [error] mod_jk child workerEnv in error state 4
[Mon Nov 21 11:35:39 2005] [notice] jk2_init() Found child 28634 in scoreboard slot 2
[Mon Nov 21 11:35:42 2005] [notice] workerEnv.init() ok /etc/httpd/conf/workers2.properties
[Mon Nov 21 11:35:42 2005] [error] mod_jk child workerEnv in error state 4
[Mon Nov 21 11:41:08 2005] [notice] jk2_init() Found child 28642 in scoreboard slot 3
[Mon Nov 21 11:41:18 2005] [notice] jk2_init() Found child 28643 in scoreboard slot 4
[Mon Nov 21 11:41:26 2005] [notice] jk2_init() Found child 28644 in scoreboard slot 0
[Mon Nov 21 11:41:28 2005] [notice] workerEnv.init() ok /etc/httpd/conf/workers2.properties
[Mon Nov 21 11:41:28 2005] [error] mod_jk child workerEnv in error state 4
[Mon Nov 21 11:41:28 2005] [notice] workerEnv.init() ok /etc/httpd/conf/workers2.properties
[Mon Nov 21 11:41:28 2005] [error] mod_jk child workerEnv in error state 4
[Mon Nov 21 11:41:28 2005] [notice] workerEnv.init() ok /etc/httpd/conf/workers2.properties
[Mon Nov 21 11:41:28 2005] [error] mod_jk child init 1 0
[Mon Nov 21 11:41:28 2005] [error] mod_jk child workerEnv in error state 4
[Mon Nov 21 11:41:28 2005] [notice] jk2_init() Found child 28645 in scoreboard slot 2
[Mon Nov 21 11:41:28 2005] [notice] workerEnv.init() ok /etc/httpd/conf/workers2.properties
[Mon Nov 21 11:41:28 2005] [error] mod_jk child workerEnv in error state 4
[Mon Nov 21 11:46:00 2005] [notice] jk2_init() Found child 28651 in scoreboard slot 4
[Mon Nov 21 11:47:29 2005] [notice] jk2_init() Found child 28662 in scoreboard slot 2
[Mon Nov 21 11:47:29 2005] [notice] jk2_init() Found child 28663 in scoreboard slot 4
[Mon Nov 21 11:47:29 2005] [notice] jk2_init() Found child 28661 in scoreboard slot 3
[Mon Nov 21 11:47:29 2005] [notice] jk2_init() Found child 28660 in scoreboard slot 0
[Mon Nov 21 11:47:30 2005] [notice] workerEnv.init() ok /etc/httpd/conf/workers2.properties
[Mon Nov 21 11:47:30 2005] [error] mod_jk child workerEnv in error state 5
[Mon Nov 21 11:47:30 2005] [notice] workerEnv.init() ok /etc/httpd/conf/workers2.properties
[Mon Nov 21 11:47:30 2005] [error] mod_jk child workerEnv in error state 4
[Mon Nov 21 11:47:30 2005] [notice] workerEnv.init() ok /etc/httpd/conf/workers2.properties
[Mon Nov 21 11:47:30 2005] [error] mod_jk child workerEnv in error state 4
[Mon Nov 21 11:47:30 2005] [notice] workerEnv.init() ok /etc/httpd/conf/workers2.properties
[Mon Nov 21 11:47:30 2005] [error] mod_jk child init 1 0
[Mon Nov 21 11:47:30 2005] [error] mod_jk child workerEnv in error state 4
[Mon Nov 21 11:51:26 2005] [notice] jk2_init() Found child 28677 in scoreboard slot 2
[Mon Nov 21 11:53:15 2005] [notice] jk2_init() Found child 28694 in scoreboard slot 2
[Mon Nov 21 11:53:15 2005] [notice] jk2_init() Found child 28691 in scoreboard slot 0
[Mon Nov 21 11:53:15 2005] [notice] jk2_init() Found child 28693 in scoreboard slot 5
[Mon Nov 21 11:53:15 2005] [notice] jk2_init() Found child 28692 in scoreboard slot 3
[Mon Nov 21 11:53:17 2005] [notice] workerEnv.init() ok /etc/httpd/conf/workers2.properties
[Mon Nov 21 11:53:17 2005] [notice] workerEnv.init() ok /etc/httpd/conf/workers2.properties
[Mon Nov 21 11:53:17 2005] [notice] workerEnv.init() ok /etc/httpd/conf/workers2.properties
[Mon Nov 21 11:53:17 2005] [notice] workerEnv.init() ok /etc/httpd/conf/workers2.properties
[Mon Nov 21 11:53:17 2005] [error] mod_jk child init 1 0
[Mon Nov 21 11:53:17 2005] [error] mod_jk child workerEnv in error state 4
[Mon Nov 21 11:53:17 2005] [error] mod_jk child workerEnv in error state 4
[Mon Nov 21 11:53:17 2005] [error] mod_jk child workerEnv in error state 5
[Mon Nov 21 11:53:17 2005] [error] mod_jk child workerEnv in error state 4
[Mon Nov 21 11:56:06 2005] [notice] jk2_init() Found child 28701 in scoreboard slot 4
[Mon Nov 21 11:56:17 2005] [notice] jk2_init() Found child 28702 in scoreboard slot 2
[Mon Nov 21 11:57:51 2005] [notice] jk2_init() Found child 28712 in scoreboard slot 3
[Mon Nov 21 11:57:51 2005] [notice] jk2_init() Found child 28714 in scoreboard slot 2
[Mon Nov 21 11:57:51 2005] [notice] jk2_init() Found child 28713 in scoreboard slot 4
[Mon Nov 21 11:57:51 2005] [notice] jk2_init() Found child 28715 in scoreboard slot 0
[Mon Nov 21 11:57:54 2005] [notice] workerEnv.init() ok /etc/httpd/conf/workers2.properties
[Mon Nov 21 11:57:54 2005] [error] mod_jk child init 1 0
[Mon Nov 21 11:57:54 2005] [error] mod_jk child workerEnv in error state 4
[Mon Nov 21 11:57:54 2005] [notice] workerEnv.init() ok /etc/httpd/conf/workers2.properties
[Mon Nov 21 11:57:54 2005] [error] mod_jk child workerEnv in error state 5
[Mon Nov 21 11:57:54 2005] [notice] workerEnv.init() ok /etc/httpd/conf/workers2.properties
[Mon Nov 21 11:57:54 2005] [error] mod_jk child workerEnv in error state 4
[Mon Nov 21 11:57:54 2005] [notice] workerEnv.init() ok /etc/httpd/conf/workers2.properties
[Mon Nov 21 11:57:54 2005] [error] mod_jk child workerEnv in error state 4
[Mon Nov 21 11:57:55 2005] [notice] jk2_init() Found child 28716 in scoreboard slot 5
[Mon Nov 21 11:57:55 2005] [notice] workerEnv.init() ok /etc/httpd/conf/workers2.properties
[Mon Nov 21 11:57:55 2005] [error] mod_jk child workerEnv in error state 4
[Mon Nov 21 11:57:55 2005] [error] [client 151.155.137.220] Directory index forbidden by rule: /var/www/html/
[Mon Nov 21 12:00:49 2005] [notice] jk2_init() Found child 28727 in scoreboard slot 3
[Mon Nov 21 12:00:49 2005] [notice] jk2_init() Found child 28726 in scoreboard slot 0
[Mon Nov 21 12:00:52 2005] [notice] workerEnv.init() ok /etc/httpd/conf/workers2.properties
[Mon Nov 21 12:00:52 2005] [notice] workerEnv.init() ok /etc/httpd/conf/workers2.properties
[Mon Nov 21 12:00:53 2005] [error] mod_jk child init 1 0
[Mon Nov 21 12:00:53 2005] [error] mod_jk child workerEnv in error state 4
[Mon Nov 21 12:00:53 2005] [error] mod_jk child workerEnv in error state 4
[Mon Nov 21 12:06:05 2005] [notice] jk2_init() Found child 28749 in scoreboard slot 3
[Mon Nov 21 12:06:05 2005] [notice] jk2_init() Found child 28750 in scoreboard slot 2
[Mon Nov 21 12:06:10 2005] [notice] jk2_init() Found child 28751 in scoreboard slot 4
[Mon Nov 21 12:06:10 2005] [notice] jk2_init() Found child 28752 in scoreboard slot 0
[Mon Nov 21 12:06:10 2005] [notice] workerEnv.init() ok /etc/httpd/conf/workers2.properties
[Mon Nov 21 12:06:10 2005] [notice] workerEnv.init() ok /etc/httpd/conf/workers2.properties
[Mon Nov 21 12:06:10 2005] [notice] workerEnv.init() ok /etc/httpd/conf/workers2.properties
[Mon Nov 21 12:06:10 2005] [notice] workerEnv.init() ok /etc/httpd/conf/workers2.properties
[Mon Nov 21 12:06:10 2005] [error] mod_jk child workerEnv in error state 4
