[Mon Nov 21 03:06:01 2005] [error] mod_jk child workerEnv in error state 5
[Mon Nov 21 03:06:27 2005] [notice] jk2_init() Found child 26308 in scoreboard slot 1
[Mon Nov 21 03:06:27 2005] [notice] jk2_init() Found child 26309 in scoreboard slot 3
[Mon Nov 21 03:06:39 2005] [notice] jk2_init() Found child 26311 in scoreboard slot 2
[Mon Nov 21 03:06:38 2005] [notice] jk2_init() Found child 26312 in scoreboard slot 4
[Mon Nov 21 03:06:38 2005] [notice] jk2_init() Found child 26310 in scoreboard slot 0
[Mon Nov 21 03:06:49 2005] [notice] workerEnv.init() ok /etc/httpd/conf/workers2.properties
[Mon Nov 21 03:06:49 2005] [notice] workerEnv.init() ok /etc/httpd/conf/workers2.properties
[Mon Nov 21 03:06:53 2005] [error] mod_jk child workerEnv in error state 4
[Mon Nov 21 03:06:53 2005] [error] mod_jk child workerEnv in error state 4
[Mon Nov 21 03:07:29 2005] [notice] jk2_init() Found child 26318 in scoreboard slot 6
[Mon Nov 21 03:08:18 2005] [notice] jk2_init() Found child 26324 in scoreboard slot 1
[Mon Nov 21 03:09:16 2005] [notice] jk2_init() Found child 26332 in scoreboard slot 3
[Mon Nov 21 03:09:49 2005] [notice] jk2_init() Found child 26339 in scoreboard slot 4
[Mon Nov 21 03:09:49 2005] [notice] jk2_init() Found child 26335 in scoreboard slot 0
[Mon Nov 21 03:09:49 2005] [notice] jk2_init() Found child 26337 in scoreboard slot 2
[Mon Nov 21 03:09:49 2005] [notice] jk2_init() Found child 26338 in scoreboard slot 3
[Mon Nov 21 03:09:49 2005] [notice] jk2_init() Found child 26340 in scoreboard slot 1
[Mon Nov 21 03:09:53 2005] [notice] workerEnv.init() ok /etc/httpd/conf/workers2.properties
[Mon Nov 21 03:09:53 2005] [error] mod_jk child init 1 0
[Mon Nov 21 03:09:53 2005] [error] mod_jk child workerEnv in error state 5
[Mon Nov 21 03:09:53 2005] [notice] workerEnv.init() ok /etc/httpd/conf/workers2.properties
[Mon Nov 21 03:09:53 2005] [error] mod_jk child workerEnv in error state 4
[Mon Nov 21 03:09:53 2005] [notice] workerEnv.init() ok /etc/httpd/conf/workers2.properties
[Mon Nov 21 03:09:53 2005] [error] mod_jk child workerEnv in error state 5
[Mon Nov 21 03:09:53 2005] [notice] workerEnv.init() ok /etc/httpd/conf/workers2.properties
[Mon Nov 21 03:09:53 2005] [error] mod_jk child workerEnv in error state 8
[Mon Nov 21 03:09:53 2005] [notice] workerEnv.init() ok /etc/httpd/conf/workers2.properties
[Mon Nov 21 03:09:53 2005] [error] mod_jk child workerEnv in error state 4
[Mon Nov 21 03:09:56 2005] [notice] jk2_init() Found child 26341 in scoreboard slot 5
[Mon Nov 21 03:09:56 2005] [notice] workerEnv.init() ok /etc/httpd/conf/workers2.properties
[Mon Nov 21 03:09:56 2005] [error] mod_jk child workerEnv in error state 4
[Mon Nov 21 03:10:15 2005] [error] [client 202.107.210.51] Directory index forbidden by rule: /var/www/html/
[Mon Nov 21 03:11:34 2005] [notice] jk2_init() Found child 26349 in scoreboard slot 0
[Mon Nov 21 03:12:51 2005] [notice] jk2_init() Found child 26355 in scoreboard slot 2
[Mon Nov 21 03:14:07 2005] [notice] jk2_init() Found child 26363 in scoreboard slot 0
[Mon Nov 21 03:14:07 2005] [notice] jk2_init() Found child 26362 in scoreboard slot 3
[Mon Nov 21 03:14:07 2005] [notice] jk2_init() Found child 26366 in scoreboard slot 2
[Mon Nov 21 03:14:07 2005] [notice] jk2_init() Found child 26365 in scoreboard slot 4
[Mon Nov 21 03:14:07 2005] [notice] jk2_init() Found child 26367 in scoreboard slot 5
[Mon Nov 21 03:14:07 2005] [notice] jk2_init() Found child 26364 in scoreboard slot 1
[Mon Nov 21 03:14:11 2005] [notice] workerEnv.init() ok /etc/httpd/conf/workers2.properties
[Mon Nov 21 03:14:11 2005] [error] mod_jk child workerEnv in error state 4
[Mon Nov 21 03:14:11 2005] [notice] workerEnv.init() ok /etc/httpd/conf/workers2.properties
[Mon Nov 21 03:14:11 2005] [error] mod_jk child workerEnv in error state 4
[Mon Nov 21 03:14:11 2005] [notice] workerEnv.init() ok /etc/httpd/conf/workers2.properties
[Mon Nov 21 03:14:11 2005] [error] mod_jk child workerEnv in error state 4
[Mon Nov 21 03:14:11 2005] [notice] workerEnv.init() ok /etc/httpd/conf/workers2.properties
[Mon Nov 21 03:14:11 2005] [error] mod_jk child workerEnv in error state 5
[Mon Nov 21 03:14:11 2005] [notice] workerEnv.init() ok /etc/httpd/conf/workers2.properties
[Mon Nov 21 03:14:11 2005] [error] mod_jk child workerEnv in error state 4
[Mon Nov 21 03:14:11 2005] [notice] workerEnv.init() ok /etc/httpd/conf/workers2.properties
[Mon Nov 21 03:14:11 2005] [error] mod_jk child init 1 0
[Mon Nov 21 03:14:11 2005] [error] mod_jk child workerEnv in error state 5
[Mon Nov 21 03:16:35 2005] [notice] jk2_init() Found child 26373 in scoreboard slot 0
[Mon Nov 21 03:16:35 2005] [notice] jk2_init() Found child 26374 in scoreboard slot 1
[Mon Nov 21 03:17:15 2005] [notice] jk2_init() Found child 26377 in scoreboard slot 4
[Mon Nov 21 03:17:15 2005] [notice] jk2_init() Found child 26376 in scoreboard slot 2
[Mon Nov 21 03:18:17 2005] [notice] jk2_init() Found child 26386 in scoreboard slot 2
[Mon Nov 21 03:18:17 2005] [notice] jk2_init() Found child 26383 in scoreboard slot 0
[Mon Nov 21 03:18:17 2005] [notice] jk2_init() Found child 26385 in scoreboard slot 3
[Mon Nov 21 03:18:17 2005] [notice] jk2_init() Found child 26384 in scoreboard slot 1
[Mon Nov 21 03:18:17 2005] [notice] jk2_init() Found child 26387 in scoreboard slot 4
[Mon Nov 21 03:18:27 2005] [notice] workerEnv.init() ok /etc/httpd/conf/workers2.properties
[Mon Nov 21 03:18:27 2005] [notice] workerEnv.init() ok /etc/httpd/conf/workers2.properties
[Mon Nov 21 03:18:27 2005] [notice] workerEnv.init() ok /etc/httpd/conf/workers2.properties
[Mon Nov 21 03:18:27 2005] [notice] workerEnv.init() ok /etc/httpd/conf/workers2.properties
[Mon Nov 21 03:18:27 2005] [notice] workerEnv.init() ok /etc/httpd/conf/workers2.properties
[Mon Nov 21 03:18:28 2005] [error] mod_jk child workerEnv in error state 4
[Mon Nov 21 03:18:28 2005] [error] mod_jk child workerEnv in error state 4
[Mon Nov 21 03:18:28 2005] [error] mod_jk child workerEnv in error state 5
[Mon Nov 21 03:18:28 2005] [error] mod_jk child workerEnv in error state 5
[Mon Nov 21 03:18:28 2005] [error] mod_jk child init 1 0
[Mon Nov 21 03:18:28 2005] [error] mod_jk child workerEnv in error state 5
[Mon Nov 21 03:19:15 2005] [notice] jk2_init() Found child 26391 in scoreboard slot 2
[Mon Nov 21 03:19:14 2005] [notice] jk2_init() Found child 26390 in scoreboard slot 3
[Mon Nov 21 03:19:14 2005] [notice] jk2_init() Found child 26388 in scoreboard slot 0
[Mon Nov 21 03:19:14 2005] [notice] jk2_init() Found child 26389 in scoreboard slot 1
[Mon Nov 21 03:19:20 2005] [notice] workerEnv.init() ok /etc/httpd/conf/workers2.properties
[Mon Nov 21 03:19:20 2005] [error] mod_jk child workerEnv in error state 4
[Mon Nov 21 03:19:20 2005] [notice] workerEnv.init() ok /etc/httpd/conf/workers2.properties
[Mon Nov 21 03:19:20 2005] [error] mod_jk child workerEnv in error state 4
[Mon Nov 21 03:19:20 2005] [notice] workerEnv.init() ok /etc/httpd/conf/workers2.properties
[Mon Nov 21 03:19:20 2005] [error] mod_jk child init 1 0
[Mon Nov 21 03:19:20 2005] [error] mod_jk child workerEnv in error state 5
[Mon Nov 21 03:19:20 2005] [notice] workerEnv.init() ok /etc/httpd/conf/workers2.properties
[Mon Nov 21 03:19:20 2005] [error] mod_jk child workerEnv in error state 4
[Mon Nov 21 03:21:24 2005] [notice] jk2_init() Found child 26410 in scoreboard slot 4
[Mon Nov 21 03:21:46 2005] [notice] jk2_init() Found child 26412 in scoreboard slot 1
[Mon Nov 21 03:21:46 2005] [notice] jk2_init() Found child 26413 in scoreboard slot 3
[Mon Nov 21 03:22:29 2005] [notice] jk2_init() Found child 26415 in scoreboard slot 4
[Mon Nov 21 03:22:29 2005] [notice] jk2_init() Found child 26416 in scoreboard slot 0
[Mon Nov 21 03:22:29 2005] [notice] jk2_init() Found child 26417 in scoreboard slot 1
[Mon Nov 21 03:22:29 2005] [notice] jk2_init() Found child 26419 in scoreboard slot 2
[Mon Nov 21 03:22:29 2005] [notice] jk2_init() Found child 26418 in scoreboard slot 3
[Mon Nov 21 03:22:34 2005] [notice] workerEnv.init() ok /etc/httpd/conf/workers2.properties
[Mon Nov 21 03:22:34 2005] [error] mod_jk child workerEnv in error state 4
[Mon Nov 21 03:22:34 2005] [notice] workerEnv.init() ok /etc/httpd/conf/workers2.properties
[Mon Nov 21 03:22:34 2005] [error] mod_jk child workerEnv in error state 5
[Mon Nov 21 03:22:34 2005] [notice] workerEnv.init() ok /etc/httpd/conf/workers2.properties
