[Fri Dec 02 23:17:13 2005] [notice] workerEnv.init() ok /etc/httpd/conf/workers2.properties
[Fri Dec 02 23:17:13 2005] [error] mod_jk child workerEnv in error state 6
[Fri Dec 02 23:17:13 2005] [notice] workerEnv.init() ok /etc/httpd/conf/workers2.properties
[Fri Dec 02 23:17:13 2005] [error] mod_jk child workerEnv in error state 6
[Fri Dec 02 23:17:19 2005] [notice] jk2_init() Found child 21818 in scoreboard slot 8
[Fri Dec 02 23:17:20 2005] [notice] workerEnv.init() ok /etc/httpd/conf/workers2.properties
[Fri Dec 02 23:17:20 2005] [error] mod_jk child workerEnv in error state 5
[Fri Dec 02 23:20:40 2005] [notice] jk2_init() Found child 21831 in scoreboard slot 9
[Fri Dec 02 23:20:45 2005] [notice] workerEnv.init() ok /etc/httpd/conf/workers2.properties
[Fri Dec 02 23:20:45 2005] [error] mod_jk child workerEnv in error state 5
[Fri Dec 02 23:25:45 2005] [notice] jk2_init() Found child 21843 in scoreboard slot 6
[Fri Dec 02 23:25:45 2005] [notice] jk2_init() Found child 21842 in scoreboard slot 7
[Fri Dec 02 23:25:50 2005] [notice] workerEnv.init() ok /etc/httpd/conf/workers2.properties
[Fri Dec 02 23:25:50 2005] [notice] workerEnv.init() ok /etc/httpd/conf/workers2.properties
[Fri Dec 02 23:25:51 2005] [error] mod_jk child workerEnv in error state 5
[Fri Dec 02 23:25:51 2005] [error] mod_jk child workerEnv in error state 5
[Fri Dec 02 23:32:19 2005] [notice] jk2_init() Found child 21867 in scoreboard slot 9
[Fri Dec 02 23:33:32 2005] [notice] jk2_init() Found child 21876 in scoreboard slot 7
[Fri Dec 02 23:33:32 2005] [notice] jk2_init() Found child 21875 in scoreboard slot 9
[Fri Dec 02 23:33:32 2005] [notice] jk2_init() Found child 21874 in scoreboard slot 8
[Fri Dec 02 23:33:32 2005] [notice] jk2_init() Found child 21878 in scoreboard slot 10
[Fri Dec 02 23:33:32 2005] [notice] jk2_init() Found child 21877 in scoreboard slot 6
[Fri Dec 02 23:33:36 2005] [notice] workerEnv.init() ok /etc/httpd/conf/workers2.properties
[Fri Dec 02 23:33:36 2005] [error] mod_jk child workerEnv in error state 5
[Fri Dec 02 23:33:36 2005] [notice] workerEnv.init() ok /etc/httpd/conf/workers2.properties
[Fri Dec 02 23:33:36 2005] [error] mod_jk child workerEnv in error state 6
[Fri Dec 02 23:33:36 2005] [notice] workerEnv.init() ok /etc/httpd/conf/workers2.properties
[Fri Dec 02 23:33:36 2005] [error] mod_jk child workerEnv in error state 5
[Fri Dec 02 23:33:36 2005] [notice] workerEnv.init() ok /etc/httpd/conf/workers2.properties
[Fri Dec 02 23:33:36 2005] [error] mod_jk child workerEnv in error state 5
[Fri Dec 02 23:33:36 2005] [notice] workerEnv.init() ok /etc/httpd/conf/workers2.properties
[Fri Dec 02 23:33:36 2005] [error] mod_jk child workerEnv in error state 5
[Fri Dec 02 23:36:16 2005] [notice] jk2_init() Found child 21892 in scoreboard slot 9
[Fri Dec 02 23:36:16 2005] [notice] jk2_init() Found child 21890 in scoreboard slot 7
[Fri Dec 02 23:36:16 2005] [notice] jk2_init() Found child 21889 in scoreboard slot 8
[Fri Dec 02 23:36:16 2005] [notice] jk2_init() Found child 21891 in scoreboard slot 6
[Fri Dec 02 23:36:20 2005] [notice] workerEnv.init() ok /etc/httpd/conf/workers2.properties
[Fri Dec 02 23:36:20 2005] [error] mod_jk child workerEnv in error state 5
[Fri Dec 02 23:36:20 2005] [notice] workerEnv.init() ok /etc/httpd/conf/workers2.properties
[Fri Dec 02 23:36:20 2005] [error] mod_jk child workerEnv in error state 5
[Fri Dec 02 23:36:20 2005] [notice] workerEnv.init() ok /etc/httpd/conf/workers2.properties
[Fri Dec 02 23:36:20 2005] [error] mod_jk child workerEnv in error state 5
[Fri Dec 02 23:36:20 2005] [notice] workerEnv.init() ok /etc/httpd/conf/workers2.properties
[Fri Dec 02 23:36:20 2005] [error] mod_jk child workerEnv in error state 5
[Fri Dec 02 23:40:58 2005] [notice] jk2_init() Found child 21909 in scoreboard slot 8
[Fri Dec 02 23:40:58 2005] [notice] jk2_init() Found child 21910 in scoreboard slot 7
[Fri Dec 02 23:40:58 2005] [notice] jk2_init() Found child 21911 in scoreboard slot 6
[Fri Dec 02 23:42:26 2005] [notice] jk2_init() Found child 21920 in scoreboard slot 9
[Fri Dec 02 23:42:26 2005] [notice] jk2_init() Found child 21918 in scoreboard slot 7
[Fri Dec 02 23:42:26 2005] [notice] jk2_init() Found child 21917 in scoreboard slot 8
[Fri Dec 02 23:42:26 2005] [notice] jk2_init() Found child 21919 in scoreboard slot 6
[Fri Dec 02 23:42:39 2005] [notice] workerEnv.init() ok /etc/httpd/conf/workers2.properties
[Fri Dec 02 23:42:39 2005] [notice] workerEnv.init() ok /etc/httpd/conf/workers2.properties
[Fri Dec 02 23:42:39 2005] [notice] workerEnv.init() ok /etc/httpd/conf/workers2.properties
[Fri Dec 02 23:42:39 2005] [error] mod_jk child workerEnv in error state 6
[Fri Dec 02 23:42:39 2005] [error] mod_jk child workerEnv in error state 5
[Fri Dec 02 23:42:39 2005] [error] mod_jk child workerEnv in error state 6
[Fri Dec 02 23:42:41 2005] [notice] jk2_init() Found child 21921 in scoreboard slot 8
[Fri Dec 02 23:42:41 2005] [notice] workerEnv.init() ok /etc/httpd/conf/workers2.properties
[Fri Dec 02 23:42:41 2005] [error] mod_jk child workerEnv in error state 7
[Fri Dec 02 23:45:37 2005] [notice] jk2_init() Found child 21931 in scoreboard slot 7
[Fri Dec 02 23:45:38 2005] [notice] workerEnv.init() ok /etc/httpd/conf/workers2.properties
[Fri Dec 02 23:45:38 2005] [error] mod_jk child workerEnv in error state 5
[Fri Dec 02 23:45:50 2005] [notice] jk2_init() Found child 21932 in scoreboard slot 10
[Fri Dec 02 23:45:50 2005] [notice] workerEnv.init() ok /etc/httpd/conf/workers2.properties
[Fri Dec 02 23:45:50 2005] [error] mod_jk child workerEnv in error state 5
[Fri Dec 02 23:45:51 2005] [error] [client 65.201.253.97] Directory index forbidden by rule: /var/www/html/
[Sat Dec 03 00:10:34 2005] [notice] jk2_init() Found child 21986 in scoreboard slot 6
[Sat Dec 03 00:10:38 2005] [notice] workerEnv.init() ok /etc/httpd/conf/workers2.properties
[Sat Dec 03 00:10:38 2005] [error] mod_jk child workerEnv in error state 5
[Sat Dec 03 00:16:18 2005] [notice] jk2_init() Found child 21996 in scoreboard slot 7
[Sat Dec 03 00:16:18 2005] [notice] jk2_init() Found child 21995 in scoreboard slot 8
[Sat Dec 03 00:16:59 2005] [notice] jk2_init() Found child 21997 in scoreboard slot 9
[Sat Dec 03 00:17:19 2005] [notice] workerEnv.init() ok /etc/httpd/conf/workers2.properties
[Sat Dec 03 00:17:19 2005] [error] mod_jk child workerEnv in error state 5
[Sat Dec 03 00:17:19 2005] [notice] jk2_init() Found child 22000 in scoreboard slot 7
[Sat Dec 03 00:17:19 2005] [notice] jk2_init() Found child 21999 in scoreboard slot 8
[Sat Dec 03 00:17:19 2005] [notice] jk2_init() Found child 21998 in scoreboard slot 6
[Sat Dec 03 00:17:20 2005] [notice] workerEnv.init() ok /etc/httpd/conf/workers2.properties
[Sat Dec 03 00:17:20 2005] [error] mod_jk child workerEnv in error state 6
[Sat Dec 03 00:17:20 2005] [notice] workerEnv.init() ok /etc/httpd/conf/workers2.properties
[Sat Dec 03 00:17:20 2005] [error] mod_jk child workerEnv in error state 6
[Sat Dec 03 00:17:20 2005] [notice] workerEnv.init() ok /etc/httpd/conf/workers2.properties
[Sat Dec 03 00:17:20 2005] [error] mod_jk child workerEnv in error state 5
[Sat Dec 03 01:03:52 2005] [notice] jk2_init() Found child 22078 in scoreboard slot 10
[Sat Dec 03 01:03:53 2005] [error] [client 69.152.48.26] Directory index forbidden by rule: /var/www/html/
[Sat Dec 03 01:03:54 2005] [notice] workerEnv.init() ok /etc/httpd/conf/workers2.properties
[Sat Dec 03 01:03:54 2005] [error] mod_jk child workerEnv in error state 5
[Sat Dec 03 01:06:47 2005] [error] [client 203.186.238.199] Directory index forbidden by rule: /var/www/html/
[Sat Dec 03 01:19:04 2005] [notice] jk2_init() Found child 22105 in scoreboard slot 9
[Sat Dec 03 01:19:06 2005] [error] [client 61.143.131.126] Directory index forbidden by rule: /var/www/html/
[Sat Dec 03 01:19:09 2005] [notice] workerEnv.init() ok /etc/httpd/conf/workers2.properties
[Sat Dec 03 01:19:10 2005] [error] mod_jk child workerEnv in error state 5
[Sat Dec 03 01:26:22 2005] [notice] jk2_init() Found child 22132 in scoreboard slot 6
[Sat Dec 03 01:26:22 2005] [notice] jk2_init() Found child 22134 in scoreboard slot 9
[Sat Dec 03 01:26:56 2005] [notice] jk2_init() Found child 22135 in scoreboard slot 7
[Sat Dec 03 01:26:56 2005] [notice] jk2_init() Found child 22137 in scoreboard slot 8
[Sat Dec 03 01:26:56 2005] [notice] jk2_init() Found child 22138 in scoreboard slot 9
[Sat Dec 03 01:26:56 2005] [notice] jk2_init() Found child 22136 in scoreboard slot 6
[Sat Dec 03 01:27:03 2005] [notice] workerEnv.init() ok /etc/httpd/conf/workers2.properties
