[Sat Nov 19 16:20:57 2005] [notice] jk2_init() Found child 14548 in scoreboard slot 2
[Sat Nov 19 16:21:00 2005] [notice] workerEnv.init() ok /etc/httpd/conf/workers2.properties
[Sat Nov 19 16:21:00 2005] [notice] workerEnv.init() ok /etc/httpd/conf/workers2.properties
[Sat Nov 19 16:21:00 2005] [error] mod_jk child workerEnv in error state 3
[Sat Nov 19 16:21:00 2005] [error] mod_jk child workerEnv in error state 3
[Sat Nov 19 16:26:39 2005] [notice] jk2_init() Found child 14570 in scoreboard slot 0
[Sat Nov 19 16:27:21 2005] [notice] jk2_init() Found child 14576 in scoreboard slot 3
[Sat Nov 19 16:27:40 2005] [notice] jk2_init() Found child 14581 in scoreboard slot 3
[Sat Nov 19 16:27:40 2005] [notice] jk2_init() Found child 14579 in scoreboard slot 0
[Sat Nov 19 16:27:40 2005] [notice] jk2_init() Found child 14580 in scoreboard slot 2
[Sat Nov 19 16:27:40 2005] [notice] jk2_init() Found child 14577 in scoreboard slot 4
[Sat Nov 19 16:27:40 2005] [notice] jk2_init() Found child 14578 in scoreboard slot 1
[Sat Nov 19 16:27:45 2005] [notice] workerEnv.init() ok /etc/httpd/conf/workers2.properties
[Sat Nov 19 16:27:46 2005] [error] mod_jk child workerEnv in error state 3
[Sat Nov 19 16:27:45 2005] [notice] workerEnv.init() ok /etc/httpd/conf/workers2.properties
[Sat Nov 19 16:27:46 2005] [error] mod_jk child init 1 0
[Sat Nov 19 16:27:46 2005] [error] mod_jk child workerEnv in error state 4
[Sat Nov 19 16:27:45 2005] [notice] workerEnv.init() ok /etc/httpd/conf/workers2.properties
[Sat Nov 19 16:27:46 2005] [error] mod_jk child workerEnv in error state 3
[Sat Nov 19 16:27:45 2005] [notice] workerEnv.init() ok /etc/httpd/conf/workers2.properties
[Sat Nov 19 16:27:46 2005] [error] mod_jk child workerEnv in error state 4
[Sat Nov 19 16:27:45 2005] [notice] workerEnv.init() ok /etc/httpd/conf/workers2.properties
[Sat Nov 19 16:27:46 2005] [error] mod_jk child workerEnv in error state 3
[Sat Nov 19 16:31:16 2005] [notice] jk2_init() Found child 14597 in scoreboard slot 0
[Sat Nov 19 16:31:41 2005] [notice] jk2_init() Found child 14602 in scoreboard slot 0
[Sat Nov 19 16:31:41 2005] [notice] jk2_init() Found child 14603 in scoreboard slot 2
[Sat Nov 19 16:31:41 2005] [notice] jk2_init() Found child 14599 in scoreboard slot 3
[Sat Nov 19 16:31:41 2005] [notice] jk2_init() Found child 14600 in scoreboard slot 4
[Sat Nov 19 16:31:41 2005] [notice] jk2_init() Found child 14601 in scoreboard slot 1
[Sat Nov 19 16:31:44 2005] [notice] workerEnv.init() ok /etc/httpd/conf/workers2.properties
[Sat Nov 19 16:31:44 2005] [error] mod_jk child workerEnv in error state 3
[Sat Nov 19 16:31:44 2005] [notice] workerEnv.init() ok /etc/httpd/conf/workers2.properties
[Sat Nov 19 16:31:44 2005] [error] mod_jk child init 1 0
[Sat Nov 19 16:31:44 2005] [error] mod_jk child workerEnv in error state 4
[Sat Nov 19 16:31:44 2005] [notice] workerEnv.init() ok /etc/httpd/conf/workers2.properties
[Sat Nov 19 16:31:44 2005] [error] mod_jk child workerEnv in error state 3
[Sat Nov 19 16:31:44 2005] [notice] workerEnv.init() ok /etc/httpd/conf/workers2.properties
[Sat Nov 19 16:31:44 2005] [error] mod_jk child workerEnv in error state 3
[Sat Nov 19 16:31:44 2005] [notice] workerEnv.init() ok /etc/httpd/conf/workers2.properties
[Sat Nov 19 16:31:44 2005] [error] mod_jk child workerEnv in error state 3
[Sat Nov 19 16:45:26 2005] [notice] jk2_init() Found child 14630 in scoreboard slot 3
[Sat Nov 19 16:45:27 2005] [notice] workerEnv.init() ok /etc/httpd/conf/workers2.properties
[Sat Nov 19 16:45:27 2005] [error] mod_jk child workerEnv in error state 3
[Sat Nov 19 16:50:30 2005] [notice] jk2_init() Found child 14638 in scoreboard slot 4
[Sat Nov 19 16:50:31 2005] [notice] workerEnv.init() ok /etc/httpd/conf/workers2.properties
[Sat Nov 19 16:50:31 2005] [error] mod_jk child workerEnv in error state 3
[Sat Nov 19 16:59:52 2005] [notice] jk2_init() Found child 14645 in scoreboard slot 5
[Sat Nov 19 16:59:52 2005] [error] [client 220.173.107.68] Directory index forbidden by rule: /var/www/html/
[Sat Nov 19 16:59:53 2005] [notice] workerEnv.init() ok /etc/httpd/conf/workers2.properties
[Sat Nov 19 16:59:53 2005] [error] mod_jk child workerEnv in error state 3
[Sat Nov 19 17:10:53 2005] [notice] jk2_init() Found child 14683 in scoreboard slot 2
[Sat Nov 19 17:10:53 2005] [notice] jk2_init() Found child 14681 in scoreboard slot 0
[Sat Nov 19 17:10:53 2005] [notice] jk2_init() Found child 14682 in scoreboard slot 1
[Sat Nov 19 17:10:56 2005] [notice] workerEnv.init() ok /etc/httpd/conf/workers2.properties
[Sat Nov 19 17:10:56 2005] [error] mod_jk child workerEnv in error state 3
[Sat Nov 19 17:10:56 2005] [notice] workerEnv.init() ok /etc/httpd/conf/workers2.properties
[Sat Nov 19 17:10:56 2005] [error] mod_jk child workerEnv in error state 3
[Sat Nov 19 17:10:56 2005] [notice] workerEnv.init() ok /etc/httpd/conf/workers2.properties
[Sat Nov 19 17:10:56 2005] [error] mod_jk child init 1 0
[Sat Nov 19 17:10:56 2005] [error] mod_jk child workerEnv in error state 3
[Sat Nov 19 17:16:08 2005] [notice] jk2_init() Found child 14695 in scoreboard slot 3
[Sat Nov 19 17:16:17 2005] [notice] jk2_init() Found child 14696 in scoreboard slot 4
[Sat Nov 19 17:16:43 2005] [notice] workerEnv.init() ok /etc/httpd/conf/workers2.properties
[Sat Nov 19 17:16:47 2005] [error] mod_jk child workerEnv in error state 3
[Sat Nov 19 17:16:55 2005] [notice] jk2_init() Found child 14697 in scoreboard slot 0
[Sat Nov 19 17:16:55 2005] [notice] jk2_init() Found child 14698 in scoreboard slot 1
[Sat Nov 19 17:17:06 2005] [notice] jk2_init() Found child 14700 in scoreboard slot 3
[Sat Nov 19 17:17:06 2005] [notice] jk2_init() Found child 14699 in scoreboard slot 2
[Sat Nov 19 17:17:08 2005] [notice] workerEnv.init() ok /etc/httpd/conf/workers2.properties
[Sat Nov 19 17:17:08 2005] [error] mod_jk child workerEnv in error state 3
[Sat Nov 19 17:17:08 2005] [notice] workerEnv.init() ok /etc/httpd/conf/workers2.properties
[Sat Nov 19 17:17:08 2005] [error] mod_jk child workerEnv in error state 4
[Sat Nov 19 17:17:08 2005] [notice] workerEnv.init() ok /etc/httpd/conf/workers2.properties
[Sat Nov 19 17:17:08 2005] [error] mod_jk child workerEnv in error state 3
[Sat Nov 19 17:17:08 2005] [notice] workerEnv.init() ok /etc/httpd/conf/workers2.properties
[Sat Nov 19 17:17:08 2005] [error] mod_jk child init 1 0
[Sat Nov 19 17:17:08 2005] [error] mod_jk child workerEnv in error state 3
[Sat Nov 19 17:20:56 2005] [notice] jk2_init() Found child 14712 in scoreboard slot 0
[Sat Nov 19 17:20:56 2005] [notice] jk2_init() Found child 14711 in scoreboard slot 4
[Sat Nov 19 17:20:56 2005] [notice] jk2_init() Found child 14713 in scoreboard slot 1
[Sat Nov 19 17:21:00 2005] [notice] workerEnv.init() ok /etc/httpd/conf/workers2.properties
[Sat Nov 19 17:21:00 2005] [notice] workerEnv.init() ok /etc/httpd/conf/workers2.properties
[Sat Nov 19 17:21:00 2005] [notice] workerEnv.init() ok /etc/httpd/conf/workers2.properties
[Sat Nov 19 17:21:00 2005] [error] mod_jk child workerEnv in error state 3
[Sat Nov 19 17:21:00 2005] [error] mod_jk child workerEnv in error state 3
[Sat Nov 19 17:21:00 2005] [error] mod_jk child init 1 0
[Sat Nov 19 17:21:00 2005] [error] mod_jk child workerEnv in error state 3
[Sat Nov 19 17:26:10 2005] [notice] jk2_init() Found child 14723 in scoreboard slot 3
[Sat Nov 19 17:26:10 2005] [notice] jk2_init() Found child 14722 in scoreboard slot 2
[Sat Nov 19 17:26:17 2005] [notice] jk2_init() Found child 14725 in scoreboard slot 0
[Sat Nov 19 17:26:17 2005] [notice] jk2_init() Found child 14724 in scoreboard slot 4
[Sat Nov 19 17:27:34 2005] [notice] jk2_init() Found child 14730 in scoreboard slot 0
[Sat Nov 19 17:27:51 2005] [notice] workerEnv.init() ok /etc/httpd/conf/workers2.properties
[Sat Nov 19 17:27:51 2005] [error] mod_jk child init 1 0
[Sat Nov 19 17:27:51 2005] [error] mod_jk child workerEnv in error state 4
[Sat Nov 19 17:27:55 2005] [notice] jk2_init() Found child 14734 in scoreboard slot 3
[Sat Nov 19 17:27:55 2005] [notice] jk2_init() Found child 14732 in scoreboard slot 2
[Sat Nov 19 17:27:55 2005] [notice] jk2_init() Found child 14736 in scoreboard slot 5
[Sat Nov 19 17:27:55 2005] [notice] jk2_init() Found child 14731 in scoreboard slot 1
[Sat Nov 19 17:27:55 2005] [notice] jk2_init() Found child 14735 in scoreboard slot 4
