[Sun Nov 20 14:32:31 2005] [notice] jk2_init() Found child 22576 in scoreboard slot 12
[Sun Nov 20 14:32:31 2005] [notice] jk2_init() Found child 22571 in scoreboard slot 7
[Sun Nov 20 14:32:31 2005] [notice] jk2_init() Found child 22574 in scoreboard slot 10
[Sun Nov 20 14:32:52 2005] [notice] workerEnv.init() ok /etc/httpd/conf/workers2.properties
[Sun Nov 20 14:32:52 2005] [notice] workerEnv.init() ok /etc/httpd/conf/workers2.properties
[Sun Nov 20 14:32:52 2005] [notice] workerEnv.init() ok /etc/httpd/conf/workers2.properties
[Sun Nov 20 14:32:52 2005] [notice] workerEnv.init() ok /etc/httpd/conf/workers2.properties
[Sun Nov 20 14:32:52 2005] [notice] workerEnv.init() ok /etc/httpd/conf/workers2.properties
[Sun Nov 20 14:32:52 2005] [notice] workerEnv.init() ok /etc/httpd/conf/workers2.properties
[Sun Nov 20 14:32:52 2005] [notice] workerEnv.init() ok /etc/httpd/conf/workers2.properties
[Sun Nov 20 14:32:55 2005] [error] mod_jk child workerEnv in error state 4
[Sun Nov 20 14:32:55 2005] [error] mod_jk child workerEnv in error state 4
[Sun Nov 20 14:32:55 2005] [error] mod_jk child workerEnv in error state 4
[Sun Nov 20 14:32:55 2005] [error] mod_jk child workerEnv in error state 4
[Sun Nov 20 14:32:55 2005] [error] mod_jk child workerEnv in error state 4
[Sun Nov 20 14:32:55 2005] [error] mod_jk child workerEnv in error state 4
[Sun Nov 20 14:32:55 2005] [error] mod_jk child workerEnv in error state 4
[Sun Nov 20 14:33:28 2005] [notice] jk2_init() Found child 22582 in scoreboard slot 5
[Sun Nov 20 14:33:28 2005] [notice] jk2_init() Found child 22577 in scoreboard slot 0
[Sun Nov 20 14:33:28 2005] [notice] jk2_init() Found child 22580 in scoreboard slot 3
[Sun Nov 20 14:33:29 2005] [notice] jk2_init() Found child 22583 in scoreboard slot 6
[Sun Nov 20 14:33:29 2005] [notice] jk2_init() Found child 22579 in scoreboard slot 2
[Sun Nov 20 14:33:30 2005] [notice] jk2_init() Found child 22581 in scoreboard slot 4
[Sun Nov 20 14:33:30 2005] [notice] jk2_init() Found child 22578 in scoreboard slot 1
[Sun Nov 20 14:33:45 2005] [notice] workerEnv.init() ok /etc/httpd/conf/workers2.properties
[Sun Nov 20 14:33:46 2005] [error] mod_jk child init 1 0
[Sun Nov 20 14:33:46 2005] [error] mod_jk child workerEnv in error state 4
[Sun Nov 20 14:33:45 2005] [notice] workerEnv.init() ok /etc/httpd/conf/workers2.properties
[Sun Nov 20 14:33:47 2005] [error] mod_jk child workerEnv in error state 4
[Sun Nov 20 14:33:45 2005] [notice] workerEnv.init() ok /etc/httpd/conf/workers2.properties
[Sun Nov 20 14:33:47 2005] [error] mod_jk child workerEnv in error state 4
[Sun Nov 20 14:33:45 2005] [notice] workerEnv.init() ok /etc/httpd/conf/workers2.properties
[Sun Nov 20 14:33:47 2005] [error] mod_jk child workerEnv in error state 4
[Sun Nov 20 14:33:45 2005] [notice] workerEnv.init() ok /etc/httpd/conf/workers2.properties
[Sun Nov 20 14:33:47 2005] [error] mod_jk child workerEnv in error state 4
[Sun Nov 20 14:33:45 2005] [notice] workerEnv.init() ok /etc/httpd/conf/workers2.properties
[Sun Nov 20 14:33:47 2005] [error] mod_jk child workerEnv in error state 4
[Sun Nov 20 14:33:45 2005] [notice] workerEnv.init() ok /etc/httpd/conf/workers2.properties
[Sun Nov 20 14:33:47 2005] [error] mod_jk child workerEnv in error state 4
[Sun Nov 20 14:34:38 2005] [notice] jk2_init() Found child 22589 in scoreboard slot 10
[Sun Nov 20 14:34:38 2005] [notice] jk2_init() Found child 22586 in scoreboard slot 7
[Sun Nov 20 14:34:38 2005] [notice] jk2_init() Found child 22588 in scoreboard slot 9
[Sun Nov 20 14:34:38 2005] [notice] jk2_init() Found child 22590 in scoreboard slot 11
[Sun Nov 20 14:34:38 2005] [notice] jk2_init() Found child 22584 in scoreboard slot 0
[Sun Nov 20 14:34:38 2005] [notice] jk2_init() Found child 22585 in scoreboard slot 1
[Sun Nov 20 14:34:38 2005] [notice] jk2_init() Found child 22587 in scoreboard slot 8
[Sun Nov 20 14:34:59 2005] [notice] workerEnv.init() ok /etc/httpd/conf/workers2.properties
[Sun Nov 20 14:34:59 2005] [notice] workerEnv.init() ok /etc/httpd/conf/workers2.properties
[Sun Nov 20 14:34:59 2005] [notice] workerEnv.init() ok /etc/httpd/conf/workers2.properties
[Sun Nov 20 14:34:59 2005] [notice] workerEnv.init() ok /etc/httpd/conf/workers2.properties
[Sun Nov 20 14:34:59 2005] [notice] workerEnv.init() ok /etc/httpd/conf/workers2.properties
[Sun Nov 20 14:34:59 2005] [notice] workerEnv.init() ok /etc/httpd/conf/workers2.properties
[Sun Nov 20 14:35:02 2005] [error] mod_jk child workerEnv in error state 4
[Sun Nov 20 14:35:02 2005] [error] mod_jk child workerEnv in error state 4
[Sun Nov 20 14:35:02 2005] [error] mod_jk child workerEnv in error state 4
[Sun Nov 20 14:35:02 2005] [error] mod_jk child workerEnv in error state 4
[Sun Nov 20 14:35:02 2005] [error] mod_jk child workerEnv in error state 4
[Sun Nov 20 14:35:02 2005] [error] mod_jk child workerEnv in error state 4
[Sun Nov 20 14:35:19 2005] [notice] jk2_init() Found child 22595 in scoreboard slot 0
[Sun Nov 20 14:35:19 2005] [notice] jk2_init() Found child 22597 in scoreboard slot 3
[Sun Nov 20 14:35:19 2005] [notice] jk2_init() Found child 22601 in scoreboard slot 12
[Sun Nov 20 14:35:19 2005] [notice] jk2_init() Found child 22600 in scoreboard slot 6
[Sun Nov 20 14:35:19 2005] [notice] jk2_init() Found child 22599 in scoreboard slot 5
[Sun Nov 20 14:35:19 2005] [notice] jk2_init() Found child 22596 in scoreboard slot 2
[Sun Nov 20 14:35:19 2005] [notice] jk2_init() Found child 22598 in scoreboard slot 4
[Sun Nov 20 14:35:27 2005] [notice] workerEnv.init() ok /etc/httpd/conf/workers2.properties
[Sun Nov 20 14:35:27 2005] [notice] workerEnv.init() ok /etc/httpd/conf/workers2.properties
[Sun Nov 20 14:35:27 2005] [notice] workerEnv.init() ok /etc/httpd/conf/workers2.properties
[Sun Nov 20 14:35:27 2005] [notice] workerEnv.init() ok /etc/httpd/conf/workers2.properties
[Sun Nov 20 14:35:27 2005] [notice] workerEnv.init() ok /etc/httpd/conf/workers2.properties
[Sun Nov 20 14:35:27 2005] [notice] workerEnv.init() ok /etc/httpd/conf/workers2.properties
[Sun Nov 20 14:35:27 2005] [notice] workerEnv.init() ok /etc/httpd/conf/workers2.properties
[Sun Nov 20 14:35:29 2005] [error] mod_jk child workerEnv in error state 4
[Sun Nov 20 14:35:29 2005] [error] mod_jk child workerEnv in error state 4
[Sun Nov 20 14:35:29 2005] [error] mod_jk child workerEnv in error state 4
[Sun Nov 20 14:35:29 2005] [error] mod_jk child workerEnv in error state 4
[Sun Nov 20 14:35:29 2005] [error] mod_jk child workerEnv in error state 4
[Sun Nov 20 14:35:29 2005] [error] mod_jk child init 1 0
[Sun Nov 20 14:35:29 2005] [error] mod_jk child workerEnv in error state 5
[Sun Nov 20 14:35:29 2005] [error] mod_jk child workerEnv in error state 4
script not found or unable to stat
[Sun Nov 20 14:35:44 2005] [error] [client 219.239.227.58] File does not exist: /var/www/html/awstats/awstats.pl
[Sun Nov 20 14:35:47 2005] [error] [client 219.239.227.58] File does not exist: /var/www/html/blog
[Sun Nov 20 14:35:52 2005] [notice] jk2_init() Found child 22608 in scoreboard slot 19
[Sun Nov 20 14:35:52 2005] [notice] jk2_init() Found child 22605 in scoreboard slot 16
[Sun Nov 20 14:35:52 2005] [notice] jk2_init() Found child 22606 in scoreboard slot 17
[Sun Nov 20 14:35:52 2005] [notice] jk2_init() Found child 22602 in scoreboard slot 13
[Sun Nov 20 14:35:52 2005] [notice] jk2_init() Found child 22604 in scoreboard slot 15
[Sun Nov 20 14:35:52 2005] [notice] jk2_init() Found child 22603 in scoreboard slot 14
[Sun Nov 20 14:35:52 2005] [notice] jk2_init() Found child 22607 in scoreboard slot 18
[Sun Nov 20 14:36:08 2005] [notice] workerEnv.init() ok /etc/httpd/conf/workers2.properties
[Sun Nov 20 14:36:08 2005] [notice] workerEnv.init() ok /etc/httpd/conf/workers2.properties
[Sun Nov 20 14:36:08 2005] [notice] workerEnv.init() ok /etc/httpd/conf/workers2.properties
[Sun Nov 20 14:36:07 2005] [notice] workerEnv.init() ok /etc/httpd/conf/workers2.properties
[Sun Nov 20 14:36:08 2005] [notice] workerEnv.init() ok /etc/httpd/conf/workers2.properties
[Sun Nov 20 14:36:08 2005] [notice] workerEnv.init() ok /etc/httpd/conf/workers2.properties
[Sun Nov 20 14:36:08 2005] [notice] workerEnv.init() ok /etc/httpd/conf/workers2.properties
[Sun Nov 20 14:36:11 2005] [error] mod_jk child workerEnv in error state 3
[Sun Nov 20 14:36:11 2005] [error] mod_jk child workerEnv in error state 3
[Sun Nov 20 14:36:11 2005] [error] mod_jk child workerEnv in error state 3
