[Sun Dec 04 03:34:14 2005] [notice] workerEnv.init() ok /etc/httpd/conf/workers2.properties
[Sun Dec 04 03:34:14 2005] [notice] workerEnv.init() ok /etc/httpd/conf/workers2.properties
[Sun Dec 04 03:34:14 2005] [error] mod_jk child workerEnv in error state 6
[Sun Dec 04 03:34:14 2005] [error] mod_jk child workerEnv in error state 5
[Sun Dec 04 03:34:14 2005] [error] mod_jk child workerEnv in error state 5
[Sun Dec 04 03:35:57 2005] [notice] jk2_init() Found child 27707 in scoreboard slot 9
[Sun Dec 04 03:36:32 2005] [notice] jk2_init() Found child 27709 in scoreboard slot 6
[Sun Dec 04 03:36:32 2005] [notice] jk2_init() Found child 27708 in scoreboard slot 7
[Sun Dec 04 03:36:38 2005] [notice] jk2_init() Found child 27710 in scoreboard slot 8
[Sun Dec 04 03:36:55 2005] [notice] workerEnv.init() ok /etc/httpd/conf/workers2.properties
[Sun Dec 04 03:36:55 2005] [notice] workerEnv.init() ok /etc/httpd/conf/workers2.properties
[Sun Dec 04 03:37:01 2005] [error] mod_jk child workerEnv in error state 5
[Sun Dec 04 03:37:17 2005] [notice] jk2_init() Found child 27711 in scoreboard slot 9
[Sun Dec 04 03:37:26 2005] [notice] jk2_init() Found child 27713 in scoreboard slot 6
[Sun Dec 04 03:37:26 2005] [notice] jk2_init() Found child 27712 in scoreboard slot 7
[Sun Dec 04 03:38:17 2005] [notice] jk2_init() Found child 27714 in scoreboard slot 8
[Sun Dec 04 03:38:40 2005] [notice] jk2_init() Found child 27716 in scoreboard slot 7
[Sun Dec 04 03:39:06 2005] [notice] jk2_init() Found child 27718 in scoreboard slot 8
[Sun Dec 04 03:39:40 2005] [notice] jk2_init() Found child 27723 in scoreboard slot 9
[Sun Dec 04 03:39:40 2005] [notice] jk2_init() Found child 27722 in scoreboard slot 8
[Sun Dec 04 03:39:40 2005] [notice] jk2_init() Found child 27720 in scoreboard slot 7
[Sun Dec 04 03:39:40 2005] [notice] jk2_init() Found child 27721 in scoreboard slot 6
[Sun Dec 04 03:39:56 2005] [notice] workerEnv.init() ok /etc/httpd/conf/workers2.properties
[Sun Dec 04 03:40:00 2005] [error] mod_jk child workerEnv in error state 7
[Sun Dec 04 03:40:42 2005] [notice] jk2_init() Found child 27735 in scoreboard slot 8
[Sun Dec 04 03:40:42 2005] [notice] jk2_init() Found child 27733 in scoreboard slot 9
[Sun Dec 04 03:40:57 2005] [notice] workerEnv.init() ok /etc/httpd/conf/workers2.properties
[Sun Dec 04 03:40:57 2005] [notice] workerEnv.init() ok /etc/httpd/conf/workers2.properties
[Sun Dec 04 03:40:59 2005] [error] mod_jk child workerEnv in error state 8
[Sun Dec 04 03:40:59 2005] [error] mod_jk child workerEnv in error state 5
[Sun Dec 04 03:41:25 2005] [notice] jk2_init() Found child 27736 in scoreboard slot 6
[Sun Dec 04 03:41:25 2005] [notice] jk2_init() Found child 27737 in scoreboard slot 7
[Sun Dec 04 03:41:25 2005] [notice] jk2_init() Found child 27738 in scoreboard slot 10
[Sun Dec 04 03:41:35 2005] [notice] workerEnv.init() ok /etc/httpd/conf/workers2.properties
[Sun Dec 04 03:41:35 2005] [notice] workerEnv.init() ok /etc/httpd/conf/workers2.properties
[Sun Dec 04 03:41:35 2005] [error] mod_jk child workerEnv in error state 9
[Sun Dec 04 03:41:35 2005] [error] mod_jk child workerEnv in error state 5
[Sun Dec 04 03:41:38 2005] [notice] jk2_init() Found child 27740 in scoreboard slot 6
[Sun Dec 04 03:41:38 2005] [notice] jk2_init() Found child 27739 in scoreboard slot 8
[Sun Dec 04 03:41:38 2005] [notice] workerEnv.init() ok /etc/httpd/conf/workers2.properties
[Sun Dec 04 03:41:38 2005] [error] mod_jk child workerEnv in error state 8
[Sun Dec 04 03:41:38 2005] [notice] workerEnv.init() ok /etc/httpd/conf/workers2.properties
[Sun Dec 04 03:41:38 2005] [error] mod_jk child workerEnv in error state 5
[Sun Dec 04 03:49:10 2005] [notice] jk2_init() Found child 27772 in scoreboard slot 6
[Sun Dec 04 03:49:10 2005] [notice] jk2_init() Found child 27777 in scoreboard slot 11
[Sun Dec 04 03:49:10 2005] [notice] jk2_init() Found child 27778 in scoreboard slot 12
[Sun Dec 04 03:49:10 2005] [notice] jk2_init() Found child 27774 in scoreboard slot 8
[Sun Dec 04 03:49:10 2005] [notice] jk2_init() Found child 27773 in scoreboard slot 7
[Sun Dec 04 03:49:10 2005] [notice] jk2_init() Found child 27775 in scoreboard slot 9
[Sun Dec 04 03:49:10 2005] [notice] jk2_init() Found child 27776 in scoreboard slot 10
[Sun Dec 04 03:49:15 2005] [notice] workerEnv.init() ok /etc/httpd/conf/workers2.properties
[Sun Dec 04 03:49:15 2005] [error] mod_jk child workerEnv in error state 5
[Sun Dec 04 03:49:15 2005] [notice] workerEnv.init() ok /etc/httpd/conf/workers2.properties
[Sun Dec 04 03:49:15 2005] [error] mod_jk child workerEnv in error state 5
[Sun Dec 04 03:49:15 2005] [notice] workerEnv.init() ok /etc/httpd/conf/workers2.properties
[Sun Dec 04 03:49:15 2005] [error] mod_jk child workerEnv in error state 5
[Sun Dec 04 03:49:15 2005] [notice] workerEnv.init() ok /etc/httpd/conf/workers2.properties
[Sun Dec 04 03:49:15 2005] [error] mod_jk child workerEnv in error state 5
[Sun Dec 04 03:49:15 2005] [notice] workerEnv.init() ok /etc/httpd/conf/workers2.properties
[Sun Dec 04 03:49:15 2005] [error] mod_jk child workerEnv in error state 5
[Sun Dec 04 03:49:15 2005] [notice] workerEnv.init() ok /etc/httpd/conf/workers2.properties
[Sun Dec 04 03:49:15 2005] [error] mod_jk child workerEnv in error state 5
[Sun Dec 04 03:49:15 2005] [notice] workerEnv.init() ok /etc/httpd/conf/workers2.properties
[Sun Dec 04 03:49:15 2005] [error] mod_jk child workerEnv in error state 5
[Sun Dec 04 03:49:53 2005] [error] [client 203.186.238.199] Directory index forbidden by rule: /var/www/html/
[Sun Dec 04 03:55:09 2005] [error] [client 220.106.80.89] Directory index forbidden by rule: /var/www/html/
[Sun Dec 04 04:07:12 2005] [notice] Graceful restart requested, doing restart
[Sun Dec 04 04:07:16 2005] [notice] mod_jk2 Shutting down
[Sun Dec 04 04:07:16 2005] [notice] mod_jk2 Shutting down
[Sun Dec 04 04:07:16 2005] [notice] mod_jk2 Shutting down
[Sun Dec 04 04:07:16 2005] [notice] mod_jk2 Shutting down
[Sun Dec 04 04:07:16 2005] [notice] mod_jk2 Shutting down
[Sun Dec 04 04:07:16 2005] [notice] mod_jk2 Shutting down
[Sun Dec 04 04:07:16 2005] [notice] mod_jk2 Shutting down
[Sun Dec 04 04:09:42 2005] [notice] Digest: generating secret for digest authentication ...
[Sun Dec 04 04:09:42 2005] [notice] Digest: done
[Sun Dec 04 04:09:42 2005] [notice] LDAP: Built with OpenLDAP LDAP SDK
[Sun Dec 04 04:09:42 2005] [notice] LDAP: SSL support unavailable
[Sun Dec 04 04:09:43 2005] [error] env.createBean2(): Factory error creating channel.jni:jni ( channel.jni, jni)
[Sun Dec 04 04:09:43 2005] [error] config.update(): Can't create channel.jni:jni
[Sun Dec 04 04:09:43 2005] [error] env.createBean2(): Factory error creating vm: ( vm, )
[Sun Dec 04 04:09:43 2005] [error] config.update(): Can't create vm:
[Sun Dec 04 04:09:43 2005] [error] env.createBean2(): Factory error creating worker.jni:onStartup ( worker.jni, onStartup)
[Sun Dec 04 04:09:43 2005] [error] config.update(): Can't create worker.jni:onStartup
[Sun Dec 04 04:09:43 2005] [error] env.createBean2(): Factory error creating worker.jni:onShutdown ( worker.jni, onShutdown)
[Sun Dec 04 04:09:43 2005] [error] config.update(): Can't create worker.jni:onShutdown
[Sun Dec 04 04:09:54 2005] [notice] mod_python: Creating 32 session mutexes based on 150 max processes and 0 max threads.
[Sun Dec 04 04:10:01 2005] [notice] mod_security/1.9dev2 configured
[Sun Dec 04 04:10:04 2005] [notice] Apache/2.0.49 (Fedora) configured -- resuming normal operations
[Sun Dec 04 04:10:12 2005] [notice] jk2_init() Found child 28452 in scoreboard slot 6
[Sun Dec 04 04:10:12 2005] [notice] workerEnv.init() ok /etc/httpd/conf/workers2.properties
[Sun Dec 04 04:10:12 2005] [error] mod_jk child workerEnv in error state 5
[Sun Dec 04 04:10:12 2005] [notice] jk2_init() Found child 28463 in scoreboard slot 13
[Sun Dec 04 04:10:12 2005] [notice] jk2_init() Found child 28458 in scoreboard slot 12
[Sun Dec 04 04:10:12 2005] [notice] jk2_init() Found child 28455 in scoreboard slot 9
[Sun Dec 04 04:10:12 2005] [notice] workerEnv.init() ok /etc/httpd/conf/workers2.properties
[Sun Dec 04 04:10:12 2005] [error] mod_jk child workerEnv in error state 5
[Sun Dec 04 04:10:12 2005] [notice] jk2_init() Found child 28453 in scoreboard slot 7
[Sun Dec 04 04:10:12 2005] [notice] jk2_init() Found child 28454 in scoreboard slot 8
[Sun Dec 04 04:10:12 2005] [notice] jk2_init() Found child 28457 in scoreboard slot 11
