[Sun Oct 30 04:04:50 2005] [error] jk2_init() Can't find child 17657 in scoreboard
[Sun Oct 30 04:04:50 2005] [notice] workerEnv.init() ok /etc/httpd/conf/workers2.properties
[Sun Oct 30 04:04:50 2005] [error] mod_jk child init 1 -2
[Sun Oct 30 04:04:50 2005] [notice] jk2_init() Found child 17654 in scoreboard slot 4
[Sun Oct 30 04:04:50 2005] [notice] workerEnv.init() ok /etc/httpd/conf/workers2.properties
[Thu Nov 03 10:10:40 2005] [error] [client 68.191.143.244] Directory index forbidden by rule: /var/www/html/
[Thu Nov 03 12:38:40 2005] [error] [client 217.41.59.76] Directory index forbidden by rule: /var/www/html/
[Thu Nov 03 14:39:23 2005] [error] [client 67.78.177.85] Directory index forbidden by rule: /var/www/html/
[Thu Nov 03 14:46:15 2005] [error] [client 211.22.143.2] Directory index forbidden by rule: /var/www/html/
[Thu Nov 03 15:19:57 2005] [error] [client 203.186.238.129] Directory index forbidden by rule: /var/www/html/
[Thu Nov 03 16:16:27 2005] [notice] jk2_init() Found child 5649 in scoreboard slot 8
[Thu Nov 03 16:16:27 2005] [notice] workerEnv.init() ok /etc/httpd/conf/workers2.properties
[Thu Nov 03 16:16:27 2005] [notice] jk2_init() Found child 5650 in scoreboard slot 9
[Thu Nov 03 16:16:28 2005] [notice] workerEnv.init() ok /etc/httpd/conf/workers2.properties
[Thu Nov 03 16:16:29 2005] [error] jk2_init() Can't find child 5651 in scoreboard
[Thu Nov 03 16:16:29 2005] [notice] workerEnv.init() ok /etc/httpd/conf/workers2.properties
[Thu Nov 03 16:16:29 2005] [error] mod_jk child init 1 -2
[Thu Nov 03 16:16:30 2005] [error] jk2_init() Can't find child 5652 in scoreboard
[Thu Nov 03 16:16:30 2005] [notice] workerEnv.init() ok /etc/httpd/conf/workers2.properties
[Thu Nov 03 16:16:30 2005] [error] mod_jk child init 1 -2
[Thu Nov 03 16:16:31 2005] [notice] jk2_init() Found child 5653 in scoreboard slot 12
[Thu Nov 03 16:16:31 2005] [notice] workerEnv.init() ok /etc/httpd/conf/workers2.properties
[Thu Nov 03 16:16:32 2005] [notice] jk2_init() Found child 5654 in scoreboard slot 13
[Thu Nov 03 16:16:32 2005] [notice] workerEnv.init() ok /etc/httpd/conf/workers2.properties
[Thu Nov 03 16:16:33 2005] [error] jk2_init() Can't find child 5655 in scoreboard
[Thu Nov 03 16:16:33 2005] [notice] workerEnv.init() ok /etc/httpd/conf/workers2.properties
[Thu Nov 03 16:16:33 2005] [error] mod_jk child init 1 -2
[Thu Nov 03 16:16:34 2005] [error] jk2_init() Can't find child 5656 in scoreboard
[Thu Nov 03 16:16:34 2005] [notice] workerEnv.init() ok /etc/httpd/conf/workers2.properties
[Thu Nov 03 16:16:34 2005] [error] mod_jk child init 1 -2
[Thu Nov 03 16:16:35 2005] [error] jk2_init() Can't find child 5657 in scoreboard
[Thu Nov 03 16:16:35 2005] [notice] workerEnv.init() ok /etc/httpd/conf/workers2.properties
[Thu Nov 03 16:16:35 2005] [error] mod_jk child init 1 -2
[Thu Nov 03 16:16:36 2005] [error] jk2_init() Can't find child 5658 in scoreboard
[Thu Nov 03 16:16:36 2005] [notice] workerEnv.init() ok /etc/httpd/conf/workers2.properties
[Thu Nov 03 16:16:36 2005] [error] mod_jk child init 1 -2
[Thu Nov 03 16:16:37 2005] [notice] jk2_init() Found child 5659 in scoreboard slot 18
[Thu Nov 03 16:16:37 2005] [notice] workerEnv.init() ok /etc/httpd/conf/workers2.properties
[Thu Nov 03 16:16:38 2005] [error] jk2_init() Can't find child 5661 in scoreboard
[Thu Nov 03 16:16:38 2005] [notice] workerEnv.init() ok /etc/httpd/conf/workers2.properties
[Thu Nov 03 16:16:38 2005] [error] mod_jk child init 1 -2
[Thu Nov 03 16:16:38 2005] [notice] jk2_init() Found child 5660 in scoreboard slot 19
[Thu Nov 03 16:16:38 2005] [notice] workerEnv.init() ok /etc/httpd/conf/workers2.properties
[Thu Nov 03 16:16:39 2005] [error] jk2_init() Can't find child 5663 in scoreboard
[Thu Nov 03 16:16:39 2005] [notice] workerEnv.init() ok /etc/httpd/conf/workers2.properties
[Thu Nov 03 16:16:39 2005] [error] mod_jk child init 1 -2
[Thu Nov 03 16:16:39 2005] [error] jk2_init() Can't find child 5664 in scoreboard
[Thu Nov 03 16:16:39 2005] [error] jk2_init() Can't find child 5662 in scoreboard
[Thu Nov 03 16:16:39 2005] [notice] workerEnv.init() ok /etc/httpd/conf/workers2.properties
[Thu Nov 03 16:16:39 2005] [error] mod_jk child init 1 -2
[Thu Nov 03 16:16:39 2005] [notice] workerEnv.init() ok /etc/httpd/conf/workers2.properties
[Thu Nov 03 16:16:39 2005] [error] mod_jk child init 1 -2
[Thu Nov 03 16:16:39 2005] [notice] jk2_init() Found child 5665 in scoreboard slot 24
[Thu Nov 03 16:16:39 2005] [notice] workerEnv.init() ok /etc/httpd/conf/workers2.properties
[Thu Nov 03 16:16:40 2005] [error] jk2_init() Can't find child 5666 in scoreboard
[Thu Nov 03 16:16:40 2005] [notice] workerEnv.init() ok /etc/httpd/conf/workers2.properties
[Thu Nov 03 16:16:40 2005] [error] mod_jk child init 1 -2
[Thu Nov 03 16:16:40 2005] [error] jk2_init() Can't find child 5667 in scoreboard
[Thu Nov 03 16:16:40 2005] [error] jk2_init() Can't find child 5668 in scoreboard
[Thu Nov 03 16:16:40 2005] [notice] workerEnv.init() ok /etc/httpd/conf/workers2.properties
[Thu Nov 03 16:16:40 2005] [error] mod_jk child init 1 -2
[Thu Nov 03 16:16:40 2005] [error] jk2_init() Can't find child 5669 in scoreboard
[Thu Nov 03 16:16:40 2005] [notice] workerEnv.init() ok /etc/httpd/conf/workers2.properties
[Thu Nov 03 16:16:40 2005] [error] mod_jk child init 1 -2
[Thu Nov 03 16:16:40 2005] [error] jk2_init() Can't find child 5671 in scoreboard
[Thu Nov 03 16:16:40 2005] [notice] workerEnv.init() ok /etc/httpd/conf/workers2.properties
[Thu Nov 03 16:16:40 2005] [error] mod_jk child init 1 -2
[Thu Nov 03 16:16:40 2005] [error] jk2_init() Can't find child 5672 in scoreboard
[Thu Nov 03 16:16:40 2005] [notice] workerEnv.init() ok /etc/httpd/conf/workers2.properties
[Thu Nov 03 16:16:40 2005] [error] mod_jk child init 1 -2
[Thu Nov 03 16:16:40 2005] [error] jk2_init() Can't find child 5673 in scoreboard
[Thu Nov 03 16:16:40 2005] [notice] workerEnv.init() ok /etc/httpd/conf/workers2.properties
[Thu Nov 03 16:16:40 2005] [error] mod_jk child init 1 -2
[Thu Nov 03 16:16:40 2005] [notice] jk2_init() Found child 5670 in scoreboard slot 29
[Thu Nov 03 16:16:40 2005] [notice] workerEnv.init() ok /etc/httpd/conf/workers2.properties
[Thu Nov 03 16:16:40 2005] [error] mod_jk child init 1 -2
[Thu Nov 03 16:16:40 2005] [notice] workerEnv.init() ok /etc/httpd/conf/workers2.properties
[Thu Nov 03 16:16:41 2005] [error] jk2_init() Can't find child 5674 in scoreboard
[Thu Nov 03 16:16:41 2005] [notice] workerEnv.init() ok /etc/httpd/conf/workers2.properties
[Thu Nov 03 16:16:41 2005] [error] mod_jk child init 1 -2
[Thu Nov 03 16:16:41 2005] [notice] jk2_init() Found child 5675 in scoreboard slot 34
[Thu Nov 03 16:16:41 2005] [notice] workerEnv.init() ok /etc/httpd/conf/workers2.properties
script not found or unable to stat
[Thu Nov 03 16:16:41 2005] [error] jk2_init() Can't find child 5677 in scoreboard
[Thu Nov 03 16:16:41 2005] [notice] jk2_init() Found child 5676 in scoreboard slot 35
[Thu Nov 03 16:16:41 2005] [notice] workerEnv.init() ok /etc/httpd/conf/workers2.properties
script not found or unable to stat
script not found or unable to stat
[Thu Nov 03 16:16:41 2005] [error] jk2_init() Can't find child 5678 in scoreboard
[Thu Nov 03 16:16:41 2005] [notice] workerEnv.init() ok /etc/httpd/conf/workers2.properties
[Thu Nov 03 16:16:41 2005] [error] mod_jk child init 1 -2
[Thu Nov 03 16:16:41 2005] [error] jk2_init() Can't find child 5679 in scoreboard
[Thu Nov 03 16:16:41 2005] [notice] workerEnv.init() ok /etc/httpd/conf/workers2.properties
[Thu Nov 03 16:16:41 2005] [error] mod_jk child init 1 -2
[Thu Nov 03 16:16:41 2005] [error] jk2_init() Can't find child 5680 in scoreboard
[Thu Nov 03 16:16:41 2005] [notice] workerEnv.init() ok /etc/httpd/conf/workers2.properties
[Thu Nov 03 16:16:41 2005] [error] mod_jk child init 1 -2
[Thu Nov 03 16:16:41 2005] [notice] workerEnv.init() ok /etc/httpd/conf/workers2.properties
[Thu Nov 03 16:16:41 2005] [error] mod_jk child init 1 -2
[Thu Nov 03 16:16:41 2005] [notice] jk2_init() Found child 5681 in scoreboard slot 40
