[Mon Dec 05 19:15:57 2005] [notice] workerEnv.init() ok /etc/httpd/conf/workers2.properties
[Mon Dec 05 19:15:57 2005] [error] mod_jk child workerEnv in error state 6
[Mon Dec 05 19:21:03 2005] [notice] jk2_init() Found child 6807 in scoreboard slot 7
[Mon Dec 05 19:21:03 2005] [notice] jk2_init() Found child 6808 in scoreboard slot 8
[Mon Dec 05 19:21:07 2005] [notice] workerEnv.init() ok /etc/httpd/conf/workers2.properties
[Mon Dec 05 19:21:07 2005] [error] mod_jk child workerEnv in error state 6
[Mon Dec 05 19:21:07 2005] [notice] workerEnv.init() ok /etc/httpd/conf/workers2.properties
[Mon Dec 05 19:21:07 2005] [error] mod_jk child workerEnv in error state 6
[Mon Dec 05 19:22:35 2005] [notice] jk2_init() Found child 6813 in scoreboard slot 10
[Mon Dec 05 19:22:38 2005] [notice] workerEnv.init() ok /etc/httpd/conf/workers2.properties
[Mon Dec 05 19:22:38 2005] [error] mod_jk child workerEnv in error state 6
[Mon Dec 05 19:22:40 2005] [error] [client 218.5.242.11] Directory index forbidden by rule: /var/www/html/
[Mon Dec 05 19:26:38 2005] [notice] jk2_init() Found child 6824 in scoreboard slot 7
[Mon Dec 05 19:26:54 2005] [notice] jk2_init() Found child 6825 in scoreboard slot 8
[Mon Dec 05 19:26:54 2005] [notice] jk2_init() Found child 6826 in scoreboard slot 7
[Mon Dec 05 19:26:56 2005] [notice] workerEnv.init() ok /etc/httpd/conf/workers2.properties
[Mon Dec 05 19:26:56 2005] [notice] workerEnv.init() ok /etc/httpd/conf/workers2.properties
[Mon Dec 05 19:26:56 2005] [error] mod_jk child workerEnv in error state 7
[Mon Dec 05 19:26:56 2005] [error] mod_jk child workerEnv in error state 6
[Mon Dec 05 19:31:17 2005] [notice] jk2_init() Found child 6842 in scoreboard slot 7
[Mon Dec 05 19:32:51 2005] [error] jk2_init() Can't find child 6849 in scoreboard
[Mon Dec 05 19:32:51 2005] [error] jk2_init() Can't find child 6848 in scoreboard
[Mon Dec 05 19:32:51 2005] [notice] jk2_init() Found child 6847 in scoreboard slot 7
[Mon Dec 05 19:32:52 2005] [notice] workerEnv.init() ok /etc/httpd/conf/workers2.properties
[Mon Dec 05 19:32:52 2005] [error] mod_jk child workerEnv in error state 7
[Mon Dec 05 19:32:52 2005] [notice] workerEnv.init() ok /etc/httpd/conf/workers2.properties
[Mon Dec 05 19:32:52 2005] [error] mod_jk child init 1 -2
[Mon Dec 05 19:32:52 2005] [notice] workerEnv.init() ok /etc/httpd/conf/workers2.properties
[Mon Dec 05 19:32:52 2005] [error] mod_jk child init 1 -2
[Mon Dec 05 21:13:39 2005] [notice] jk2_init() Found child 7008 in scoreboard slot 12
[Mon Dec 05 21:13:43 2005] [error] [client 63.13.248.212] Directory index forbidden by rule: /var/www/html/
[Mon Dec 05 21:13:43 2005] [notice] workerEnv.init() ok /etc/httpd/conf/workers2.properties
[Mon Dec 05 21:13:43 2005] [error] mod_jk child workerEnv in error state 6
[Mon Dec 05 21:25:36 2005] [notice] jk2_init() Found child 7039 in scoreboard slot 7
[Mon Dec 05 21:25:37 2005] [notice] workerEnv.init() ok /etc/httpd/conf/workers2.properties
[Mon Dec 05 21:25:37 2005] [error] mod_jk child workerEnv in error state 6
[Mon Dec 05 21:30:42 2005] [notice] jk2_init() Found child 7055 in scoreboard slot 8
[Mon Dec 05 21:30:44 2005] [notice] workerEnv.init() ok /etc/httpd/conf/workers2.properties
[Mon Dec 05 21:30:44 2005] [error] mod_jk child workerEnv in error state 6
[Mon Dec 05 21:36:15 2005] [notice] jk2_init() Found child 7068 in scoreboard slot 8
[Mon Dec 05 21:36:15 2005] [notice] jk2_init() Found child 7067 in scoreboard slot 7
[Mon Dec 05 21:36:19 2005] [notice] workerEnv.init() ok /etc/httpd/conf/workers2.properties
[Mon Dec 05 21:36:19 2005] [notice] workerEnv.init() ok /etc/httpd/conf/workers2.properties
[Mon Dec 05 21:36:19 2005] [error] mod_jk child workerEnv in error state 6
[Mon Dec 05 21:36:19 2005] [error] mod_jk child workerEnv in error state 6
[Mon Dec 05 21:41:45 2005] [notice] jk2_init() Found child 7079 in scoreboard slot 8
[Mon Dec 05 21:41:45 2005] [notice] jk2_init() Found child 7078 in scoreboard slot 7
[Mon Dec 05 21:41:48 2005] [notice] workerEnv.init() ok /etc/httpd/conf/workers2.properties
[Mon Dec 05 21:41:48 2005] [error] mod_jk child workerEnv in error state 6
[Mon Dec 05 21:41:48 2005] [notice] workerEnv.init() ok /etc/httpd/conf/workers2.properties
[Mon Dec 05 21:41:48 2005] [error] mod_jk child workerEnv in error state 6
[Mon Dec 05 21:45:34 2005] [notice] jk2_init() Found child 7084 in scoreboard slot 7
[Mon Dec 05 21:45:34 2005] [notice] jk2_init() Found child 7085 in scoreboard slot 8
[Mon Dec 05 21:45:35 2005] [notice] workerEnv.init() ok /etc/httpd/conf/workers2.properties
[Mon Dec 05 21:45:35 2005] [error] mod_jk child workerEnv in error state 6
[Mon Dec 05 21:45:35 2005] [notice] workerEnv.init() ok /etc/httpd/conf/workers2.properties
[Mon Dec 05 21:45:35 2005] [error] mod_jk child workerEnv in error state 6
[Mon Dec 05 21:50:39 2005] [notice] jk2_init() Found child 7094 in scoreboard slot 8
[Mon Dec 05 21:50:39 2005] [notice] jk2_init() Found child 7093 in scoreboard slot 7
[Mon Dec 05 21:50:40 2005] [notice] workerEnv.init() ok /etc/httpd/conf/workers2.properties
[Mon Dec 05 21:50:40 2005] [error] mod_jk child workerEnv in error state 6
[Mon Dec 05 21:50:40 2005] [notice] workerEnv.init() ok /etc/httpd/conf/workers2.properties
[Mon Dec 05 21:50:40 2005] [error] mod_jk child workerEnv in error state 6
[Mon Dec 05 21:55:54 2005] [notice] jk2_init() Found child 7102 in scoreboard slot 8
[Mon Dec 05 21:55:54 2005] [notice] jk2_init() Found child 7101 in scoreboard slot 7
[Mon Dec 05 21:55:54 2005] [notice] workerEnv.init() ok /etc/httpd/conf/workers2.properties
[Mon Dec 05 21:55:54 2005] [error] mod_jk child workerEnv in error state 6
[Mon Dec 05 21:55:54 2005] [notice] workerEnv.init() ok /etc/httpd/conf/workers2.properties
[Mon Dec 05 21:55:54 2005] [error] mod_jk child workerEnv in error state 6
[Mon Dec 05 22:00:55 2005] [notice] jk2_init() Found child 7114 in scoreboard slot 8
[Mon Dec 05 22:00:55 2005] [notice] jk2_init() Found child 7113 in scoreboard slot 7
[Mon Dec 05 22:00:56 2005] [notice] workerEnv.init() ok /etc/httpd/conf/workers2.properties
[Mon Dec 05 22:00:56 2005] [error] mod_jk child workerEnv in error state 6
[Mon Dec 05 22:00:56 2005] [notice] workerEnv.init() ok /etc/httpd/conf/workers2.properties
[Mon Dec 05 22:00:56 2005] [error] mod_jk child workerEnv in error state 6
[Mon Dec 05 22:05:40 2005] [notice] jk2_init() Found child 7134 in scoreboard slot 8
[Mon Dec 05 22:05:40 2005] [notice] jk2_init() Found child 7133 in scoreboard slot 7
[Mon Dec 05 22:05:41 2005] [notice] workerEnv.init() ok /etc/httpd/conf/workers2.properties
[Mon Dec 05 22:05:41 2005] [error] mod_jk child workerEnv in error state 6
[Mon Dec 05 22:05:41 2005] [notice] workerEnv.init() ok /etc/httpd/conf/workers2.properties
[Mon Dec 05 22:05:41 2005] [error] mod_jk child workerEnv in error state 6
[Mon Dec 05 22:10:53 2005] [notice] jk2_init() Found child 7146 in scoreboard slot 8
[Mon Dec 05 22:10:53 2005] [notice] jk2_init() Found child 7145 in scoreboard slot 7
[Mon Dec 05 22:10:55 2005] [notice] workerEnv.init() ok /etc/httpd/conf/workers2.properties
[Mon Dec 05 22:10:55 2005] [error] mod_jk child workerEnv in error state 6
[Mon Dec 05 22:10:55 2005] [notice] workerEnv.init() ok /etc/httpd/conf/workers2.properties
[Mon Dec 05 22:10:55 2005] [error] mod_jk child workerEnv in error state 6
[Mon Dec 05 22:16:07 2005] [notice] jk2_init() Found child 7157 in scoreboard slot 8
[Mon Dec 05 22:16:07 2005] [notice] jk2_init() Found child 7156 in scoreboard slot 7
[Mon Dec 05 22:16:09 2005] [notice] workerEnv.init() ok /etc/httpd/conf/workers2.properties
[Mon Dec 05 22:16:09 2005] [error] mod_jk child workerEnv in error state 6
[Mon Dec 05 22:16:09 2005] [notice] workerEnv.init() ok /etc/httpd/conf/workers2.properties
[Mon Dec 05 22:16:09 2005] [error] mod_jk child workerEnv in error state 6
[Mon Dec 05 22:20:58 2005] [notice] jk2_init() Found child 7175 in scoreboard slot 8
[Mon Dec 05 22:21:09 2005] [notice] workerEnv.init() ok /etc/httpd/conf/workers2.properties
[Mon Dec 05 22:21:09 2005] [error] mod_jk child workerEnv in error state 6
[Mon Dec 05 22:21:13 2005] [notice] jk2_init() Found child 7176 in scoreboard slot 7
[Mon Dec 05 22:21:13 2005] [notice] workerEnv.init() ok /etc/httpd/conf/workers2.properties
[Mon Dec 05 22:21:13 2005] [error] mod_jk child workerEnv in error state 6
[Mon Dec 05 22:26:10 2005] [notice] jk2_init() Found child 7190 in scoreboard slot 7
