[Sun Nov 20 18:37:36 2005] [notice] jk2_init() Found child 24139 in scoreboard slot 2
[Sun Nov 20 18:37:36 2005] [notice] jk2_init() Found child 24161 in scoreboard slot 1
[Sun Nov 20 18:38:39 2005] [notice] jk2_init() Found child 24211 in scoreboard slot 4
[Sun Nov 20 18:38:57 2005] [notice] workerEnv.init() ok /etc/httpd/conf/workers2.properties
[Sun Nov 20 18:38:58 2005] [error] mod_jk child workerEnv in error state 6
[Sun Nov 20 18:39:00 2005] [notice] jk2_init() Found child 24256 in scoreboard slot 3
[Sun Nov 20 18:39:00 2005] [notice] jk2_init() Found child 24255 in scoreboard slot 0
[Sun Nov 20 18:39:00 2005] [notice] jk2_init() Found child 24241 in scoreboard slot 1
[Sun Nov 20 18:39:00 2005] [notice] jk2_init() Found child 24229 in scoreboard slot 2
[Sun Nov 20 18:39:01 2005] [notice] workerEnv.init() ok /etc/httpd/conf/workers2.properties
[Sun Nov 20 18:39:01 2005] [error] mod_jk child workerEnv in error state 6
[Sun Nov 20 18:39:01 2005] [notice] workerEnv.init() ok /etc/httpd/conf/workers2.properties
[Sun Nov 20 18:39:01 2005] [error] mod_jk child workerEnv in error state 6
[Sun Nov 20 18:39:01 2005] [notice] workerEnv.init() ok /etc/httpd/conf/workers2.properties
[Sun Nov 20 18:39:01 2005] [error] mod_jk child workerEnv in error state 6
[Sun Nov 20 18:39:01 2005] [notice] workerEnv.init() ok /etc/httpd/conf/workers2.properties
[Sun Nov 20 18:39:01 2005] [error] mod_jk child init 1 0
[Sun Nov 20 18:39:01 2005] [error] mod_jk child workerEnv in error state 6
[Sun Nov 20 18:58:33 2005] [notice] jk2_init() Found child 24355 in scoreboard slot 5
[Sun Nov 20 18:58:34 2005] [notice] workerEnv.init() ok /etc/httpd/conf/workers2.properties
[Sun Nov 20 18:58:34 2005] [error] mod_jk child workerEnv in error state 4
[Sun Nov 20 18:58:34 2005] [error] [client 69.246.137.90] Directory index forbidden by rule: /var/www/html/
[Sun Nov 20 19:29:21 2005] [error] [client 66.243.153.70] Directory index forbidden by rule: /var/www/html/
[Sun Nov 20 19:40:47 2005] [notice] jk2_init() Found child 24456 in scoreboard slot 2
[Sun Nov 20 19:40:48 2005] [notice] workerEnv.init() ok /etc/httpd/conf/workers2.properties
[Sun Nov 20 19:40:48 2005] [error] mod_jk child workerEnv in error state 4
[Sun Nov 20 19:46:11 2005] [notice] jk2_init() Found child 24461 in scoreboard slot 1
[Sun Nov 20 19:46:17 2005] [notice] jk2_init() Found child 24462 in scoreboard slot 0
[Sun Nov 20 19:46:17 2005] [notice] jk2_init() Found child 24463 in scoreboard slot 3
[Sun Nov 20 19:46:28 2005] [notice] workerEnv.init() ok /etc/httpd/conf/workers2.properties
[Sun Nov 20 19:46:29 2005] [error] mod_jk child workerEnv in error state 4
[Sun Nov 20 19:46:28 2005] [notice] workerEnv.init() ok /etc/httpd/conf/workers2.properties
[Sun Nov 20 19:46:29 2005] [error] mod_jk child init 1 0
[Sun Nov 20 19:46:29 2005] [error] mod_jk child workerEnv in error state 4
[Sun Nov 20 19:46:28 2005] [notice] workerEnv.init() ok /etc/httpd/conf/workers2.properties
[Sun Nov 20 19:46:29 2005] [error] mod_jk child workerEnv in error state 4
[Sun Nov 20 19:46:30 2005] [notice] jk2_init() Found child 24465 in scoreboard slot 2
[Sun Nov 20 19:46:30 2005] [notice] jk2_init() Found child 24464 in scoreboard slot 4
[Sun Nov 20 19:46:31 2005] [notice] workerEnv.init() ok /etc/httpd/conf/workers2.properties
[Sun Nov 20 19:46:31 2005] [error] mod_jk child workerEnv in error state 4
[Sun Nov 20 19:46:31 2005] [notice] workerEnv.init() ok /etc/httpd/conf/workers2.properties
[Sun Nov 20 19:46:31 2005] [error] mod_jk child workerEnv in error state 4
[Sun Nov 20 19:49:51 2005] [notice] jk2_init() Found child 24466 in scoreboard slot 5
[Sun Nov 20 19:49:52 2005] [notice] workerEnv.init() ok /etc/httpd/conf/workers2.properties
[Sun Nov 20 19:49:52 2005] [error] mod_jk child workerEnv in error state 4
[Sun Nov 20 19:49:53 2005] [error] [client 12.124.47.242] Directory index forbidden by rule: /var/www/html/
[Sun Nov 20 19:55:31 2005] [notice] jk2_init() Found child 24478 in scoreboard slot 0
[Sun Nov 20 19:55:32 2005] [notice] workerEnv.init() ok /etc/httpd/conf/workers2.properties
[Sun Nov 20 19:55:32 2005] [error] mod_jk child init 1 0
[Sun Nov 20 19:55:32 2005] [error] mod_jk child workerEnv in error state 4
[Sun Nov 20 20:00:43 2005] [notice] jk2_init() Found child 24486 in scoreboard slot 1
[Sun Nov 20 20:00:43 2005] [notice] jk2_init() Found child 24487 in scoreboard slot 3
[Sun Nov 20 20:00:44 2005] [notice] workerEnv.init() ok /etc/httpd/conf/workers2.properties
[Sun Nov 20 20:00:44 2005] [error] mod_jk child workerEnv in error state 4
[Sun Nov 20 20:00:44 2005] [notice] workerEnv.init() ok /etc/httpd/conf/workers2.properties
[Sun Nov 20 20:00:44 2005] [error] mod_jk child workerEnv in error state 4
[Sun Nov 20 20:05:49 2005] [notice] jk2_init() Found child 24507 in scoreboard slot 4
[Sun Nov 20 20:05:49 2005] [notice] jk2_init() Found child 24506 in scoreboard slot 2
[Sun Nov 20 20:05:50 2005] [notice] workerEnv.init() ok /etc/httpd/conf/workers2.properties
[Sun Nov 20 20:05:50 2005] [error] mod_jk child workerEnv in error state 4
[Sun Nov 20 20:05:50 2005] [notice] workerEnv.init() ok /etc/httpd/conf/workers2.properties
[Sun Nov 20 20:05:50 2005] [error] mod_jk child workerEnv in error state 4
[Sun Nov 20 20:06:02 2005] [notice] jk2_init() Found child 24508 in scoreboard slot 5
[Sun Nov 20 20:06:02 2005] [notice] workerEnv.init() ok /etc/httpd/conf/workers2.properties
[Sun Nov 20 20:06:02 2005] [error] mod_jk child workerEnv in error state 4
[Sun Nov 20 20:06:03 2005] [error] [client 61.10.7.170] Directory index forbidden by rule: /var/www/html/
[Sun Nov 20 20:10:45 2005] [notice] jk2_init() Found child 24517 in scoreboard slot 0
[Sun Nov 20 20:10:49 2005] [notice] workerEnv.init() ok /etc/httpd/conf/workers2.properties
[Sun Nov 20 20:10:49 2005] [error] mod_jk child init 1 0
[Sun Nov 20 20:10:49 2005] [error] mod_jk child workerEnv in error state 4
[Sun Nov 20 20:12:42 2005] [notice] jk2_init() Found child 24521 in scoreboard slot 1
[Sun Nov 20 20:12:45 2005] [notice] workerEnv.init() ok /etc/httpd/conf/workers2.properties
[Sun Nov 20 20:12:45 2005] [error] mod_jk child workerEnv in error state 4
[Sun Nov 20 20:12:47 2005] [error] [client 69.132.75.136] Directory index forbidden by rule: /var/www/html/
[Sun Nov 20 20:16:00 2005] [notice] jk2_init() Found child 24530 in scoreboard slot 2
[Sun Nov 20 20:16:00 2005] [notice] jk2_init() Found child 24531 in scoreboard slot 3
[Sun Nov 20 20:16:00 2005] [notice] jk2_init() Found child 24532 in scoreboard slot 4
[Sun Nov 20 20:16:25 2005] [notice] workerEnv.init() ok /etc/httpd/conf/workers2.properties
[Sun Nov 20 20:16:25 2005] [notice] workerEnv.init() ok /etc/httpd/conf/workers2.properties
[Sun Nov 20 20:16:29 2005] [error] mod_jk child workerEnv in error state 4
[Sun Nov 20 20:16:29 2005] [error] mod_jk child workerEnv in error state 4
[Sun Nov 20 20:16:55 2005] [notice] jk2_init() Found child 24535 in scoreboard slot 2
[Sun Nov 20 20:16:55 2005] [notice] jk2_init() Found child 24534 in scoreboard slot 1
[Sun Nov 20 20:17:19 2005] [notice] jk2_init() Found child 24539 in scoreboard slot 1
[Sun Nov 20 20:17:19 2005] [notice] jk2_init() Found child 24536 in scoreboard slot 3
[Sun Nov 20 20:17:19 2005] [notice] jk2_init() Found child 24540 in scoreboard slot 2
[Sun Nov 20 20:17:19 2005] [notice] jk2_init() Found child 24538 in scoreboard slot 0
[Sun Nov 20 20:17:19 2005] [notice] jk2_init() Found child 24537 in scoreboard slot 4
[Sun Nov 20 20:17:28 2005] [notice] workerEnv.init() ok /etc/httpd/conf/workers2.properties
[Sun Nov 20 20:17:28 2005] [error] mod_jk child workerEnv in error state 5
[Sun Nov 20 20:17:28 2005] [notice] workerEnv.init() ok /etc/httpd/conf/workers2.properties
[Sun Nov 20 20:17:28 2005] [error] mod_jk child workerEnv in error state 6
[Sun Nov 20 20:17:28 2005] [notice] workerEnv.init() ok /etc/httpd/conf/workers2.properties
[Sun Nov 20 20:17:28 2005] [error] mod_jk child init 1 0
[Sun Nov 20 20:17:28 2005] [error] mod_jk child workerEnv in error state 4
[Sun Nov 20 20:17:28 2005] [notice] workerEnv.init() ok /etc/httpd/conf/workers2.properties
[Sun Nov 20 20:17:28 2005] [error] mod_jk child workerEnv in error state 4
[Sun Nov 20 20:17:28 2005] [notice] workerEnv.init() ok /etc/httpd/conf/workers2.properties
[Sun Nov 20 20:17:28 2005] [error] mod_jk child workerEnv in error state 4
[Sun Nov 20 21:03:56 2005] [notice] jk2_init() Found child 24624 in scoreboard slot 7
